[2024-10-20 11:41:35.083] [info] Kempe type: Toroidal
[2024-10-20 11:41:35.084] [info] Vertex size: 32, Edge size: 55, Ring size: 14
[2024-10-20 11:41:35.480] [info] Started D-reducibility check
[2024-10-20 11:41:35.480] [info] #1: Feasible / Total: 21647 / 199291
[2024-10-20 11:42:55.497] [info] #2: Feasible / Total: 31688 / 199291
[2024-10-20 11:43:38.109] [info] #3: Feasible / Total: 36432 / 199291
[2024-10-20 11:44:02.954] [info] #4: Feasible / Total: 40112 / 199291
[2024-10-20 11:44:30.261] [info] #5: Feasible / Total: 44565 / 199291
[2024-10-20 11:45:04.984] [info] #6: Feasible / Total: 51686 / 199291
[2024-10-20 11:46:03.417] [info] #7: Feasible / Total: 64490 / 199291
[2024-10-20 11:47:19.238] [info] #8: Feasible / Total: 86272 / 199291
[2024-10-20 11:48:47.316] [info] #9: Feasible / Total: 123723 / 199291
[2024-10-20 11:49:54.478] [info] #10: Feasible / Total: 182257 / 199291
[2024-10-20 11:49:58.855] [info] #11: Feasible / Total: 193567 / 199291
[2024-10-20 11:49:58.920] [info] #11: Feasible / Total: 193567 / 199291
[2024-10-20 11:49:58.920] [info] Graph is not D-reducible.
[2024-10-20 11:49:58.942] [info] Started C-reducibility check
[2024-10-20 11:49:58.961] [info] Trying 8968 possible contractions
[2024-10-20 11:49:58.961] [info] [0/8968] Starting contraction of size 1
[2024-10-20 11:49:59.247] [info] All colors passed! Contracted: 33
[2024-10-20 11:49:59.247] [info] Graph is C-reducible!
