[2023-11-18 20:24:56.900] [info] Kempe type: Toroidal
[2023-11-18 20:24:56.914] [info] Vertex size: 35, Edge size: 59, Ring size: 13
[2023-11-18 20:25:00.821] [info] Started D-reducibility check
[2023-11-18 20:25:00.821] [info] #1: Feasible / Total: 13401 / 66430
[2023-11-18 20:28:50.169] [info] #2: Feasible / Total: 23072 / 66430
[2023-11-18 20:29:55.110] [info] #3: Feasible / Total: 28067 / 66430
[2023-11-18 20:30:13.751] [info] #4: Feasible / Total: 29293 / 66430
[2023-11-18 20:30:24.692] [info] #5: Feasible / Total: 29883 / 66430
[2023-11-18 20:30:32.547] [info] #6: Feasible / Total: 30239 / 66430
[2023-11-18 20:30:40.599] [info] #7: Feasible / Total: 30572 / 66430
[2023-11-18 20:30:48.453] [info] #8: Feasible / Total: 30905 / 66430
[2023-11-18 20:30:54.981] [info] #9: Feasible / Total: 31127 / 66430
[2023-11-18 20:31:02.414] [info] #10: Feasible / Total: 31362 / 66430
[2023-11-18 20:31:09.810] [info] #11: Feasible / Total: 31653 / 66430
[2023-11-18 20:31:20.284] [info] #12: Feasible / Total: 32117 / 66430
[2023-11-18 20:31:40.539] [info] #13: Feasible / Total: 33250 / 66430
[2023-11-18 20:32:35.397] [info] #14: Feasible / Total: 37158 / 66430
[2023-11-18 20:33:36.484] [info] #15: Feasible / Total: 42349 / 66430
[2023-11-18 20:34:09.126] [info] #16: Feasible / Total: 44778 / 66430
[2023-11-18 20:34:38.919] [info] #17: Feasible / Total: 48036 / 66430
[2023-11-18 20:35:38.366] [info] #18: Feasible / Total: 61530 / 66430
[2023-11-18 20:35:45.633] [info] #19: Feasible / Total: 66430 / 66430
[2023-11-18 20:35:45.662] [info] Graph is D-reducible!
