[2024-03-17 22:58:29.477] [info] Kempe type: Toroidal
[2024-03-17 22:58:29.480] [info] Vertex size: 34, Edge size: 58, Ring size: 14
[2024-03-17 22:58:32.384] [info] Started D-reducibility check
[2024-03-17 22:58:32.384] [info] #1: Feasible / Total: 26449 / 199291
[2024-03-17 23:01:57.865] [info] #2: Feasible / Total: 32926 / 199291
[2024-03-17 23:02:45.316] [info] #3: Feasible / Total: 36494 / 199291
[2024-03-17 23:03:21.613] [info] #4: Feasible / Total: 39470 / 199291
[2024-03-17 23:03:54.433] [info] #5: Feasible / Total: 42199 / 199291
[2024-03-17 23:04:28.346] [info] #6: Feasible / Total: 45190 / 199291
[2024-03-17 23:05:10.225] [info] #7: Feasible / Total: 49048 / 199291
[2024-03-17 23:06:22.021] [info] #8: Feasible / Total: 55918 / 199291
[2024-03-17 23:07:54.683] [info] #9: Feasible / Total: 66776 / 199291
[2024-03-17 23:09:45.381] [info] #10: Feasible / Total: 82652 / 199291
[2024-03-17 23:12:00.599] [info] #11: Feasible / Total: 105104 / 199291
[2024-03-17 23:13:42.434] [info] #12: Feasible / Total: 133196 / 199291
[2024-03-17 23:14:35.151] [info] #13: Feasible / Total: 153133 / 199291
[2024-03-17 23:14:43.469] [info] #14: Feasible / Total: 154999 / 199291
[2024-03-17 23:14:44.452] [info] #15: Feasible / Total: 155000 / 199291
[2024-03-17 23:14:45.402] [info] #15: Feasible / Total: 155000 / 199291
[2024-03-17 23:14:45.415] [info] Graph is not D-reducible.
[2024-03-17 23:14:45.454] [info] Started C-reducibility check
[2024-03-17 23:15:45.623] [info] Trying 22312818 possible contractions
[2024-03-17 23:15:45.624] [info] [0/22312818] Starting contraction of size 1
[2024-03-17 23:16:19.947] [info] [44/22312818] Starting contraction of size 2
[2024-03-17 23:26:43.109] [info] [916/22312818] Starting contraction of size 3
[2024-03-17 23:37:16.385] [info] All colors passed! Contracted: 25, 27, 33
[2024-03-17 23:37:16.386] [info] Graph is C-reducible!
