[2023-11-16 13:46:30.408] [info] Kempe type: Toroidal
[2023-11-16 13:46:30.408] [info] Vertex size: 22, Edge size: 38, Ring size: 10
[2023-11-16 13:46:30.412] [info] Started D-reducibility check
[2023-11-16 13:46:30.418] [info] #1: Feasible / Total: 604 / 2461
[2023-11-16 13:46:31.155] [info] #2: Feasible / Total: 862 / 2461
[2023-11-16 13:46:31.398] [info] #3: Feasible / Total: 1018 / 2461
[2023-11-16 13:46:31.518] [info] #4: Feasible / Total: 1123 / 2461
[2023-11-16 13:46:31.647] [info] #5: Feasible / Total: 1206 / 2461
[2023-11-16 13:46:31.734] [info] #6: Feasible / Total: 1247 / 2461
[2023-11-16 13:46:31.822] [info] #7: Feasible / Total: 1332 / 2461
[2023-11-16 13:46:31.955] [info] #8: Feasible / Total: 1529 / 2461
[2023-11-16 13:46:32.045] [info] #9: Feasible / Total: 1785 / 2461
[2023-11-16 13:46:32.047] [info] #10: Feasible / Total: 1825 / 2461
[2023-11-16 13:46:32.076] [info] #10: Feasible / Total: 1825 / 2461
[2023-11-16 13:46:32.086] [info] Graph is not D-reducible.
[2023-11-16 13:46:32.087] [info] Started C-reducibility check
[2023-11-16 13:46:33.924] [info] Trying 185372 possible contractions
[2023-11-16 13:46:33.924] [info] [0/185372] Starting contraction of size 1
[2023-11-16 13:46:34.843] [info] [28/185372] Starting contraction of size 2
[2023-11-16 13:46:44.335] [info] [360/185372] Starting contraction of size 3
[2023-11-16 13:47:13.723] [info] All colors passed! Contracted: 15, 26, 34
[2023-11-16 13:47:13.723] [info] Graph is C-reducible!
