[2024-10-19 13:09:48.481] [info] Kempe type: Toroidal
[2024-10-19 13:09:48.481] [info] Vertex size: 39, Edge size: 66, Ring size: 15
[2024-10-19 13:10:40.077] [info] Started D-reducibility check
[2024-10-19 13:10:40.077] [info] #1: Feasible / Total: 67663 / 597871
[2024-10-19 14:20:57.485] [info] #2: Feasible / Total: 101126 / 597871
[2024-10-19 14:52:10.978] [info] #3: Feasible / Total: 133028 / 597871
[2024-10-19 16:08:23.991] [info] #4: Feasible / Total: 172096 / 597871
[2024-10-19 16:55:31.462] [info] #5: Feasible / Total: 213580 / 597871
[2024-10-19 17:32:39.661] [info] #6: Feasible / Total: 249641 / 597871
[2024-10-19 18:07:24.141] [info] #7: Feasible / Total: 285449 / 597871
[2024-10-19 18:34:34.794] [info] #8: Feasible / Total: 323928 / 597871
[2024-10-19 18:45:56.347] [info] #9: Feasible / Total: 352746 / 597871
[2024-10-19 18:49:39.565] [info] #10: Feasible / Total: 362598 / 597871
[2024-10-19 18:50:29.544] [info] #11: Feasible / Total: 363702 / 597871
[2024-10-19 18:50:47.001] [info] #12: Feasible / Total: 363759 / 597871
[2024-10-19 18:51:00.084] [info] #13: Feasible / Total: 363763 / 597871
[2024-10-19 18:51:13.825] [info] #13: Feasible / Total: 363763 / 597871
[2024-10-19 18:51:13.825] [info] Graph is not D-reducible.
[2024-10-19 18:51:14.134] [info] Started C-reducibility check
[2024-10-19 18:52:03.990] [info] Trying 7086912 possible contractions
[2024-10-19 18:52:03.996] [info] [0/7086912] Starting contraction of size 1
[2024-10-19 18:52:32.944] [info] All colors passed! Contracted: 53
[2024-10-19 18:52:32.945] [info] Graph is C-reducible!
