[2024-04-14 16:18:38.368] [info] Kempe type: Toroidal
[2024-04-14 16:18:38.368] [info] Vertex size: 39, Edge size: 66, Ring size: 15
[2024-04-14 16:18:40.870] [info] Started D-reducibility check
[2024-04-14 16:18:40.871] [info] #1: Feasible / Total: 64800 / 597871
[2024-04-14 16:23:39.391] [info] #2: Feasible / Total: 89689 / 597871
[2024-04-14 16:28:42.009] [info] #3: Feasible / Total: 119038 / 597871
[2024-04-14 16:34:51.527] [info] #4: Feasible / Total: 155286 / 597871
[2024-04-14 16:40:17.098] [info] #5: Feasible / Total: 195145 / 597871
[2024-04-14 16:46:00.161] [info] #6: Feasible / Total: 233860 / 597871
[2024-04-14 16:53:44.410] [info] #7: Feasible / Total: 282449 / 597871
[2024-04-14 17:02:40.024] [info] #8: Feasible / Total: 351375 / 597871
[2024-04-14 17:11:09.290] [info] #9: Feasible / Total: 443117 / 597871
[2024-04-14 17:16:20.927] [info] #10: Feasible / Total: 507425 / 597871
[2024-04-14 17:19:00.761] [info] #11: Feasible / Total: 566790 / 597871
[2024-04-14 17:19:13.124] [info] #12: Feasible / Total: 572167 / 597871
[2024-04-14 17:19:13.470] [info] #12: Feasible / Total: 572167 / 597871
[2024-04-14 17:19:13.470] [info] Graph is not D-reducible.
[2024-04-14 17:19:13.555] [info] Started C-reducibility check
[2024-04-14 17:21:34.225] [info] Trying 102268098 possible contractions
[2024-04-14 17:21:34.225] [info] [0/102268098] Starting contraction of size 1
[2024-04-14 17:21:38.221] [info] All colors passed! Contracted: 39
[2024-04-14 17:21:38.221] [info] Graph is C-reducible!
