[2024-04-17 11:32:48.285] [info] Kempe type: Toroidal
[2024-04-17 11:32:48.285] [info] Vertex size: 36, Edge size: 61, Ring size: 14
[2024-04-17 11:32:49.217] [info] Started D-reducibility check
[2024-04-17 11:32:49.218] [info] #1: Feasible / Total: 26613 / 199291
[2024-04-17 11:34:43.265] [info] #2: Feasible / Total: 41097 / 199291
[2024-04-17 11:35:10.753] [info] #3: Feasible / Total: 46992 / 199291
[2024-04-17 11:35:35.354] [info] #4: Feasible / Total: 51900 / 199291
[2024-04-17 11:36:04.320] [info] #5: Feasible / Total: 57845 / 199291
[2024-04-17 11:36:40.117] [info] #6: Feasible / Total: 66071 / 199291
[2024-04-17 11:37:21.797] [info] #7: Feasible / Total: 76376 / 199291
[2024-04-17 11:38:03.175] [info] #8: Feasible / Total: 87918 / 199291
[2024-04-17 11:38:31.736] [info] #9: Feasible / Total: 98057 / 199291
[2024-04-17 11:38:41.736] [info] #10: Feasible / Total: 102390 / 199291
[2024-04-17 11:38:45.971] [info] #11: Feasible / Total: 103830 / 199291
[2024-04-17 11:38:48.139] [info] #12: Feasible / Total: 104403 / 199291
[2024-04-17 11:38:49.359] [info] #13: Feasible / Total: 104690 / 199291
[2024-04-17 11:38:50.332] [info] #14: Feasible / Total: 104746 / 199291
[2024-04-17 11:38:51.239] [info] #15: Feasible / Total: 104754 / 199291
[2024-04-17 11:38:52.127] [info] #15: Feasible / Total: 104754 / 199291
[2024-04-17 11:38:52.127] [info] Graph is not D-reducible.
[2024-04-17 11:38:52.151] [info] Started C-reducibility check
[2024-04-17 11:40:00.242] [info] Trying 43708092 possible contractions
[2024-04-17 11:40:00.242] [info] [0/43708092] Starting contraction of size 1
[2024-04-17 11:40:35.962] [info] [47/43708092] Starting contraction of size 2
[2024-04-17 11:43:37.113] [info] All colors passed! Contracted: 45, 50
[2024-04-17 11:43:37.113] [info] Graph is C-reducible!
