[2024-04-07 18:26:34.362] [info] Kempe type: Toroidal
[2024-04-07 18:26:34.362] [info] Vertex size: 43, Edge size: 73, Ring size: 17
[2024-04-07 18:26:56.121] [info] Started D-reducibility check
[2024-04-07 18:26:56.122] [info] #1: Feasible / Total: 378283 / 5380840
[2024-04-08 01:17:37.314] [info] #2: Feasible / Total: 533708 / 5380840
[2024-04-08 04:29:27.694] [info] #3: Feasible / Total: 633100 / 5380840
[2024-04-08 06:47:36.640] [info] #4: Feasible / Total: 712964 / 5380840
[2024-04-08 08:26:10.628] [info] #5: Feasible / Total: 768967 / 5380840
[2024-04-08 09:49:51.382] [info] #6: Feasible / Total: 815570 / 5380840
[2024-04-08 11:06:06.720] [info] #7: Feasible / Total: 859410 / 5380840
[2024-04-08 12:25:32.757] [info] #8: Feasible / Total: 905341 / 5380840
[2024-04-08 13:44:05.882] [info] #9: Feasible / Total: 955967 / 5380840
[2024-04-08 15:07:59.998] [info] #10: Feasible / Total: 1011838 / 5380840
[2024-04-08 16:45:38.657] [info] #11: Feasible / Total: 1072274 / 5380840
[2024-04-08 18:34:37.772] [info] #12: Feasible / Total: 1143159 / 5380840
[2024-04-08 20:31:06.903] [info] #13: Feasible / Total: 1227798 / 5380840
[2024-04-08 22:07:28.247] [info] #14: Feasible / Total: 1307832 / 5380840
[2024-04-08 23:33:02.616] [info] #15: Feasible / Total: 1369094 / 5380840
[2024-04-09 00:58:57.921] [info] #16: Feasible / Total: 1424457 / 5380840
[2024-04-09 02:33:39.192] [info] #17: Feasible / Total: 1478897 / 5380840
[2024-04-09 04:15:08.900] [info] #18: Feasible / Total: 1540433 / 5380840
[2024-04-09 05:54:38.375] [info] #19: Feasible / Total: 1596181 / 5380840
[2024-04-09 07:27:30.379] [info] #20: Feasible / Total: 1644598 / 5380840
[2024-04-09 09:00:50.187] [info] #21: Feasible / Total: 1688992 / 5380840
[2024-04-09 10:38:28.418] [info] #22: Feasible / Total: 1735436 / 5380840
[2024-04-09 12:19:43.326] [info] #23: Feasible / Total: 1784679 / 5380840
[2024-04-09 14:06:20.229] [info] #24: Feasible / Total: 1840605 / 5380840
[2024-04-09 16:12:27.750] [info] #25: Feasible / Total: 1908461 / 5380840
[2024-04-09 18:45:50.004] [info] #26: Feasible / Total: 1991309 / 5380840
[2024-04-09 21:40:53.958] [info] #27: Feasible / Total: 2096864 / 5380840
[2024-04-10 01:00:22.335] [info] #28: Feasible / Total: 2233741 / 5380840
[2024-04-10 03:48:47.234] [info] #29: Feasible / Total: 2377612 / 5380840
[2024-04-10 05:29:52.416] [info] #30: Feasible / Total: 2492889 / 5380840
[2024-04-10 06:07:33.850] [info] #31: Feasible / Total: 2542957 / 5380840
[2024-04-10 06:16:40.661] [info] #32: Feasible / Total: 2553130 / 5380840
[2024-04-10 06:20:18.686] [info] #33: Feasible / Total: 2554997 / 5380840
[2024-04-10 06:22:40.050] [info] #34: Feasible / Total: 2555358 / 5380840
[2024-04-10 06:24:53.346] [info] #35: Feasible / Total: 2555484 / 5380840
[2024-04-10 06:27:04.594] [info] #36: Feasible / Total: 2555527 / 5380840
[2024-04-10 06:29:14.526] [info] #37: Feasible / Total: 2555529 / 5380840
[2024-04-10 06:31:24.366] [info] #37: Feasible / Total: 2555529 / 5380840
[2024-04-10 06:31:24.366] [info] Graph is not D-reducible.
[2024-04-10 06:31:25.971] [info] Started C-reducibility check
[2024-04-10 06:37:56.137] [info] Trying 271296210 possible contractions
[2024-04-10 06:37:56.137] [info] [0/271296210] Starting contraction of size 1
[2024-04-10 06:39:41.981] [info] All colors passed! Contracted: 57
[2024-04-10 06:39:41.981] [info] Graph is C-reducible!
