[2023-12-05 15:26:09.833] [info] Kempe type: Toroidal
[2023-12-05 15:26:09.833] [info] Vertex size: 40, Edge size: 67, Ring size: 14
[2023-12-05 15:26:40.138] [info] Started D-reducibility check
[2023-12-05 15:26:40.138] [info] #1: Feasible / Total: 36740 / 199291
[2023-12-05 16:17:29.786] [info] #2: Feasible / Total: 60697 / 199291
[2023-12-05 16:37:02.962] [info] #3: Feasible / Total: 80171 / 199291
[2023-12-05 16:46:37.995] [info] #4: Feasible / Total: 91080 / 199291
[2023-12-05 16:53:04.924] [info] #5: Feasible / Total: 98743 / 199291
[2023-12-05 17:01:10.613] [info] #6: Feasible / Total: 107880 / 199291
[2023-12-05 17:12:40.995] [info] #7: Feasible / Total: 119663 / 199291
[2023-12-05 17:19:14.866] [info] #8: Feasible / Total: 128227 / 199291
[2023-12-05 17:21:12.016] [info] #9: Feasible / Total: 130726 / 199291
[2023-12-05 17:21:48.876] [info] #10: Feasible / Total: 131298 / 199291
[2023-12-05 17:22:08.369] [info] #11: Feasible / Total: 131306 / 199291
[2023-12-05 17:22:27.409] [info] #11: Feasible / Total: 131306 / 199291
[2023-12-05 17:22:27.410] [info] Graph is not D-reducible.
[2023-12-05 17:22:27.853] [info] Started C-reducibility check
[2023-12-06 22:58:48.501] [info] Trying 211039 possible contractions
[2023-12-06 22:58:48.502] [info] [0/211039] Starting contraction of size 1
[2023-12-06 23:22:24.370] [info] [53/211039] Starting contraction of size 2
[2023-12-07 07:15:19.642] [info] [1339/211039] Starting contraction of size 3
[2023-12-08 22:14:53.739] [info] All colors passed! Contracted: 47, 48, 61
[2023-12-08 22:14:53.739] [info] Graph is C-reducible!
