[2024-03-21 23:27:49.161] [info] Kempe type: Toroidal
[2024-03-21 23:27:49.161] [info] Vertex size: 31, Edge size: 53, Ring size: 13
[2024-03-21 23:27:49.988] [info] Started D-reducibility check
[2024-03-21 23:27:49.988] [info] #1: Feasible / Total: 9238 / 66430
[2024-03-21 23:28:10.103] [info] #2: Feasible / Total: 10977 / 66430
[2024-03-21 23:28:16.656] [info] #3: Feasible / Total: 12090 / 66430
[2024-03-21 23:28:22.410] [info] #4: Feasible / Total: 13143 / 66430
[2024-03-21 23:28:27.076] [info] #5: Feasible / Total: 14247 / 66430
[2024-03-21 23:28:32.409] [info] #6: Feasible / Total: 15322 / 66430
[2024-03-21 23:28:38.034] [info] #7: Feasible / Total: 16503 / 66430
[2024-03-21 23:28:43.603] [info] #8: Feasible / Total: 17704 / 66430
[2024-03-21 23:28:48.995] [info] #9: Feasible / Total: 19178 / 66430
[2024-03-21 23:28:55.198] [info] #10: Feasible / Total: 20914 / 66430
[2024-03-21 23:29:02.717] [info] #11: Feasible / Total: 22656 / 66430
[2024-03-21 23:29:10.917] [info] #12: Feasible / Total: 24931 / 66430
[2024-03-21 23:29:23.360] [info] #13: Feasible / Total: 28868 / 66430
[2024-03-21 23:29:35.299] [info] #14: Feasible / Total: 34337 / 66430
[2024-03-21 23:29:46.474] [info] #15: Feasible / Total: 39959 / 66430
[2024-03-21 23:29:54.893] [info] #16: Feasible / Total: 43066 / 66430
[2024-03-21 23:29:57.129] [info] #17: Feasible / Total: 43855 / 66430
[2024-03-21 23:29:57.585] [info] #18: Feasible / Total: 43874 / 66430
[2024-03-21 23:29:57.947] [info] #18: Feasible / Total: 43874 / 66430
[2024-03-21 23:29:57.962] [info] Graph is not D-reducible.
[2024-03-21 23:29:57.970] [info] Started C-reducibility check
[2024-03-21 23:30:21.452] [info] Trying 8126320 possible contractions
[2024-03-21 23:30:21.452] [info] [0/8126320] Starting contraction of size 1
[2024-03-21 23:30:31.026] [info] All colors passed! Contracted: 20
[2024-03-21 23:30:31.047] [info] Graph is C-reducible!
