[2023-11-28 12:53:29.773] [info] Kempe type: Toroidal
[2023-11-28 12:53:29.778] [info] Vertex size: 36, Edge size: 61, Ring size: 14
[2023-11-28 12:53:33.305] [info] Started D-reducibility check
[2023-11-28 12:53:33.305] [info] #1: Feasible / Total: 27542 / 199291
[2023-11-28 12:59:46.593] [info] #2: Feasible / Total: 34977 / 199291
[2023-11-28 13:00:57.893] [info] #3: Feasible / Total: 38445 / 199291
[2023-11-28 13:02:03.052] [info] #4: Feasible / Total: 41115 / 199291
[2023-11-28 13:03:13.055] [info] #5: Feasible / Total: 43947 / 199291
[2023-11-28 13:04:40.687] [info] #6: Feasible / Total: 47720 / 199291
[2023-11-28 13:06:25.684] [info] #7: Feasible / Total: 53128 / 199291
[2023-11-28 13:08:11.221] [info] #8: Feasible / Total: 60577 / 199291
[2023-11-28 13:10:20.293] [info] #9: Feasible / Total: 70834 / 199291
[2023-11-28 13:12:31.793] [info] #10: Feasible / Total: 82699 / 199291
[2023-11-28 13:13:40.627] [info] #11: Feasible / Total: 89776 / 199291
[2023-11-28 13:13:58.872] [info] #12: Feasible / Total: 90916 / 199291
[2023-11-28 13:14:08.988] [info] #13: Feasible / Total: 91242 / 199291
[2023-11-28 13:14:15.919] [info] #14: Feasible / Total: 91386 / 199291
[2023-11-28 13:14:25.679] [info] #15: Feasible / Total: 91440 / 199291
[2023-11-28 13:14:30.639] [info] #16: Feasible / Total: 91455 / 199291
[2023-11-28 13:14:35.212] [info] #17: Feasible / Total: 91458 / 199291
[2023-11-28 13:14:39.887] [info] #18: Feasible / Total: 91485 / 199291
[2023-11-28 13:14:44.607] [info] #19: Feasible / Total: 91503 / 199291
[2023-11-28 13:14:49.123] [info] #19: Feasible / Total: 91503 / 199291
[2023-11-28 13:14:49.123] [info] Graph is not D-reducible.
[2023-11-28 13:14:49.248] [info] Started C-reducibility check
[2023-11-28 13:51:37.154] [info] Trying 43708207 possible contractions
[2023-11-28 13:51:37.155] [info] [0/43708207] Starting contraction of size 1
[2023-11-28 13:53:26.928] [info] [47/43708207] Starting contraction of size 2
[2023-11-28 14:09:58.667] [info] All colors passed! Contracted: 30, 50
[2023-11-28 14:09:58.668] [info] Graph is C-reducible!
