[2023-12-05 15:26:23.194] [info] Kempe type: Toroidal
[2023-12-05 15:26:23.194] [info] Vertex size: 35, Edge size: 60, Ring size: 15
[2023-12-05 15:26:41.359] [info] Started D-reducibility check
[2023-12-05 15:26:41.359] [info] #1: Feasible / Total: 55981 / 597871
[2023-12-05 18:18:31.824] [info] #2: Feasible / Total: 81764 / 597871
[2023-12-05 19:40:30.108] [info] #3: Feasible / Total: 93656 / 597871
[2023-12-05 20:28:47.895] [info] #4: Feasible / Total: 102370 / 597871
[2023-12-05 21:04:55.663] [info] #5: Feasible / Total: 109507 / 597871
[2023-12-05 21:38:51.885] [info] #6: Feasible / Total: 116372 / 597871
[2023-12-05 22:15:40.313] [info] #7: Feasible / Total: 123395 / 597871
[2023-12-05 22:51:30.324] [info] #8: Feasible / Total: 130824 / 597871
[2023-12-05 23:28:23.504] [info] #9: Feasible / Total: 138720 / 597871
[2023-12-06 00:07:43.608] [info] #10: Feasible / Total: 147479 / 597871
[2023-12-06 00:48:24.021] [info] #11: Feasible / Total: 156726 / 597871
[2023-12-06 01:32:31.645] [info] #12: Feasible / Total: 166827 / 597871
[2023-12-06 02:19:58.435] [info] #13: Feasible / Total: 178259 / 597871
[2023-12-06 03:08:14.298] [info] #14: Feasible / Total: 190585 / 597871
[2023-12-06 03:55:28.471] [info] #15: Feasible / Total: 203849 / 597871
[2023-12-06 04:49:02.779] [info] #16: Feasible / Total: 219077 / 597871
[2023-12-06 05:53:37.656] [info] #17: Feasible / Total: 237227 / 597871
[2023-12-06 06:57:36.045] [info] #18: Feasible / Total: 260068 / 597871
[2023-12-06 08:02:01.771] [info] #19: Feasible / Total: 284154 / 597871
[2023-12-06 09:09:00.903] [info] #20: Feasible / Total: 311035 / 597871
[2023-12-06 10:07:29.015] [info] #21: Feasible / Total: 340604 / 597871
[2023-12-06 10:54:42.127] [info] #22: Feasible / Total: 372190 / 597871
[2023-12-06 11:08:54.185] [info] #23: Feasible / Total: 386521 / 597871
[2023-12-06 11:11:29.454] [info] #24: Feasible / Total: 387668 / 597871
[2023-12-06 11:12:48.191] [info] #25: Feasible / Total: 387672 / 597871
[2023-12-06 11:14:06.437] [info] #25: Feasible / Total: 387672 / 597871
[2023-12-06 11:14:06.437] [info] Graph is not D-reducible.
[2023-12-06 11:14:08.059] [info] Started C-reducibility check
[2023-12-06 12:18:11.610] [info] Trying 103264 possible contractions
[2023-12-06 12:18:11.610] [info] [0/103264] Starting contraction of size 1
[2023-12-06 12:38:52.245] [info] [45/103264] Starting contraction of size 2
[2023-12-06 17:54:33.532] [info] [960/103264] Starting contraction of size 3
[2023-12-07 22:42:52.075] [info] All colors passed! Contracted: 42, 44, 57
[2023-12-07 22:42:52.075] [info] Graph is C-reducible!
