[2023-12-05 15:25:37.918] [info] Kempe type: Toroidal
[2023-12-05 15:25:37.918] [info] Vertex size: 40, Edge size: 68, Ring size: 16
[2023-12-05 15:29:00.332] [info] Started D-reducibility check
[2023-12-05 15:29:00.333] [info] #1: Feasible / Total: 165434 / 1793614
[2023-12-06 19:23:42.807] [info] #2: Feasible / Total: 259025 / 1793614
[2023-12-07 05:52:20.006] [info] #3: Feasible / Total: 331067 / 1793614
[2023-12-07 16:06:06.656] [info] #4: Feasible / Total: 408789 / 1793614
[2023-12-08 01:14:19.137] [info] #5: Feasible / Total: 500153 / 1793614
[2023-12-08 09:26:00.429] [info] #6: Feasible / Total: 604959 / 1793614
[2023-12-08 17:23:22.649] [info] #7: Feasible / Total: 716208 / 1793614
[2023-12-09 00:56:09.337] [info] #8: Feasible / Total: 842755 / 1793614
[2023-12-09 06:24:58.823] [info] #9: Feasible / Total: 988410 / 1793614
[2023-12-09 07:45:19.908] [info] #10: Feasible / Total: 1064092 / 1793614
[2023-12-09 07:51:54.794] [info] #11: Feasible / Total: 1070469 / 1793614
[2023-12-09 07:54:40.650] [info] #12: Feasible / Total: 1070689 / 1793614
[2023-12-09 07:57:23.542] [info] #13: Feasible / Total: 1070772 / 1793614
[2023-12-09 07:59:53.032] [info] #14: Feasible / Total: 1070806 / 1793614
[2023-12-09 08:02:19.895] [info] #15: Feasible / Total: 1070813 / 1793614
[2023-12-09 08:04:46.301] [info] #16: Feasible / Total: 1070815 / 1793614
[2023-12-09 08:07:14.023] [info] #16: Feasible / Total: 1070815 / 1793614
[2023-12-09 08:07:14.023] [info] Graph is not D-reducible.
[2023-12-09 08:07:17.129] [info] Started C-reducibility check
[2023-12-09 16:36:55.585] [info] Trying 195994 possible contractions
[2023-12-09 16:36:55.585] [info] [0/195994] Starting contraction of size 1
[2023-12-09 17:38:31.310] [info] [52/195994] Starting contraction of size 2
[2023-12-10 13:07:00.184] [info] [1290/195994] Starting contraction of size 3
[2023-12-10 20:25:33.776] [info] All colors passed! Contracted: 22, 23, 53
[2023-12-10 20:25:33.776] [info] Graph is C-reducible!
