[2023-11-16 13:19:33.204] [info] Kempe type: Toroidal
[2023-11-16 13:19:33.204] [info] Vertex size: 33, Edge size: 56, Ring size: 13
[2023-11-16 13:19:37.249] [info] Started D-reducibility check
[2023-11-16 13:19:37.249] [info] #1: Feasible / Total: 11660 / 66430
[2023-11-16 13:22:38.399] [info] #2: Feasible / Total: 20678 / 66430
[2023-11-16 13:24:18.065] [info] #3: Feasible / Total: 31236 / 66430
[2023-11-16 13:25:13.767] [info] #4: Feasible / Total: 42957 / 66430
[2023-11-16 13:25:27.739] [info] #5: Feasible / Total: 46335 / 66430
[2023-11-16 13:25:31.927] [info] #6: Feasible / Total: 46783 / 66430
[2023-11-16 13:25:34.363] [info] #7: Feasible / Total: 46963 / 66430
[2023-11-16 13:25:35.995] [info] #8: Feasible / Total: 47098 / 66430
[2023-11-16 13:25:37.344] [info] #9: Feasible / Total: 47226 / 66430
[2023-11-16 13:25:38.725] [info] #10: Feasible / Total: 47322 / 66430
[2023-11-16 13:25:39.838] [info] #11: Feasible / Total: 47341 / 66430
[2023-11-16 13:25:40.632] [info] #12: Feasible / Total: 47342 / 66430
[2023-11-16 13:25:41.358] [info] #12: Feasible / Total: 47342 / 66430
[2023-11-16 13:25:41.394] [info] Graph is not D-reducible.
[2023-11-16 13:25:41.434] [info] Started C-reducibility check
[2023-11-16 13:33:41.892] [info] Trying 17113444 possible contractions
[2023-11-16 13:33:41.902] [info] [0/17113444] Starting contraction of size 1
[2023-11-16 13:34:12.337] [info] All colors passed! Contracted: 24
[2023-11-16 13:34:12.337] [info] Graph is C-reducible!
