[2024-02-29 16:32:13.835] [info] Kempe type: Toroidal
[2024-02-29 16:32:13.835] [info] Vertex size: 37, Edge size: 63, Ring size: 15
[2024-02-29 16:32:15.910] [info] Started D-reducibility check
[2024-02-29 16:32:15.910] [info] #1: Feasible / Total: 66273 / 597871
[2024-02-29 16:42:37.565] [info] #2: Feasible / Total: 99981 / 597871
[2024-02-29 16:49:10.887] [info] #3: Feasible / Total: 129912 / 597871
[2024-02-29 16:56:06.354] [info] #4: Feasible / Total: 166504 / 597871
[2024-02-29 17:04:47.377] [info] #5: Feasible / Total: 220658 / 597871
[2024-02-29 17:15:14.688] [info] #6: Feasible / Total: 299818 / 597871
[2024-02-29 17:24:20.261] [info] #7: Feasible / Total: 395384 / 597871
[2024-02-29 17:28:56.071] [info] #8: Feasible / Total: 468156 / 597871
[2024-02-29 17:29:44.780] [info] #9: Feasible / Total: 482976 / 597871
[2024-02-29 17:29:47.544] [info] #10: Feasible / Total: 483337 / 597871
[2024-02-29 17:29:48.998] [info] #10: Feasible / Total: 483337 / 597871
[2024-02-29 17:29:48.998] [info] Graph is not D-reducible.
[2024-02-29 17:29:49.066] [info] Started C-reducibility check
[2024-02-29 17:31:18.137] [info] Trying 55657895 possible contractions
[2024-02-29 17:31:18.137] [info] [0/55657895] Starting contraction of size 1
[2024-02-29 17:32:17.772] [info] All colors passed! Contracted: 21
[2024-02-29 17:32:17.772] [info] Graph is C-reducible!
