[2025-02-22 10:33:33.476] [info] Kempe type: Toroidal
[2025-02-22 10:33:33.476] [info] Vertex size: 40, Edge size: 68, Ring size: 16
[2025-02-22 10:33:43.067] [info] Started D-reducibility check
[2025-02-22 10:33:43.067] [info] #1: Feasible / Total: 167187 / 1793614
[2025-02-22 12:12:46.649] [info] #2: Feasible / Total: 233968 / 1793614
[2025-02-22 12:54:31.120] [info] #3: Feasible / Total: 277813 / 1793614
[2025-02-22 13:25:09.530] [info] #4: Feasible / Total: 317243 / 1793614
[2025-02-22 13:57:30.187] [info] #5: Feasible / Total: 359794 / 1793614
[2025-02-22 14:32:27.129] [info] #6: Feasible / Total: 411675 / 1793614
[2025-02-22 15:12:33.443] [info] #7: Feasible / Total: 475730 / 1793614
[2025-02-22 15:59:06.140] [info] #8: Feasible / Total: 554427 / 1793614
[2025-02-22 17:00:09.330] [info] #9: Feasible / Total: 659258 / 1793614
[2025-02-22 18:01:55.930] [info] #10: Feasible / Total: 780930 / 1793614
[2025-02-22 18:59:58.372] [info] #11: Feasible / Total: 899786 / 1793614
[2025-02-22 19:37:32.627] [info] #12: Feasible / Total: 990466 / 1793614
[2025-02-22 19:55:17.902] [info] #13: Feasible / Total: 1029994 / 1793614
[2025-02-22 20:01:07.978] [info] #14: Feasible / Total: 1043710 / 1793614
[2025-02-22 20:02:00.346] [info] #15: Feasible / Total: 1044661 / 1793614
[2025-02-22 20:02:26.882] [info] #16: Feasible / Total: 1044679 / 1793614
[2025-02-22 20:02:52.751] [info] #17: Feasible / Total: 1044681 / 1793614
[2025-02-22 20:03:18.600] [info] #17: Feasible / Total: 1044681 / 1793614
[2025-02-22 20:03:18.600] [info] Graph is not D-reducible.
[2025-02-22 20:03:19.154] [info] Started C-reducibility check
[2025-02-22 20:03:21.477] [info] Trying 1459263 possible contractions
[2025-02-22 20:03:21.477] [info] [0/1459263] Starting contraction of size 1
[2025-02-22 20:09:39.402] [info] [52/1459263] Starting contraction of size 2
[2025-02-22 22:17:59.779] [info] [1290/1459263] Starting contraction of size 3
[2025-02-23 23:35:23.023] [info] All colors passed! Contracted: 52, 54, 67
[2025-02-23 23:35:23.023] [info] Graph is C-reducible!
