[2024-02-29 13:27:24.970] [info] Kempe type: Toroidal
[2024-02-29 13:27:24.970] [info] Vertex size: 31, Edge size: 53, Ring size: 13
[2024-02-29 13:27:25.229] [info] Started D-reducibility check
[2024-02-29 13:27:25.229] [info] #1: Feasible / Total: 10157 / 66430
[2024-02-29 13:27:38.199] [info] #2: Feasible / Total: 13790 / 66430
[2024-02-29 13:27:46.158] [info] #3: Feasible / Total: 17446 / 66430
[2024-02-29 13:27:53.808] [info] #4: Feasible / Total: 21272 / 66430
[2024-02-29 13:28:02.979] [info] #5: Feasible / Total: 26333 / 66430
[2024-02-29 13:28:12.333] [info] #6: Feasible / Total: 33072 / 66430
[2024-02-29 13:28:19.884] [info] #7: Feasible / Total: 40588 / 66430
[2024-02-29 13:28:23.461] [info] #8: Feasible / Total: 44495 / 66430
[2024-02-29 13:28:23.960] [info] #9: Feasible / Total: 44909 / 66430
[2024-02-29 13:28:24.113] [info] #10: Feasible / Total: 44916 / 66430
[2024-02-29 13:28:24.261] [info] #11: Feasible / Total: 44919 / 66430
[2024-02-29 13:28:24.407] [info] #11: Feasible / Total: 44919 / 66430
[2024-02-29 13:28:24.407] [info] Graph is not D-reducible.
[2024-02-29 13:28:24.414] [info] Started C-reducibility check
[2024-02-29 13:28:35.329] [info] Trying 8128499 possible contractions
[2024-02-29 13:28:35.329] [info] [0/8128499] Starting contraction of size 1
[2024-02-29 13:28:36.156] [info] All colors passed! Contracted: 31
[2024-02-29 13:28:36.156] [info] Graph is C-reducible!
