[2023-11-17 14:12:08.908] [info] Kempe type: Toroidal
[2023-11-17 14:12:08.944] [info] Vertex size: 34, Edge size: 57, Ring size: 12
[2023-11-17 14:12:11.042] [info] Started D-reducibility check
[2023-11-17 14:12:11.042] [info] #1: Feasible / Total: 5601 / 22144
[2023-11-17 14:13:03.615] [info] #2: Feasible / Total: 9139 / 22144
[2023-11-17 14:13:19.798] [info] #3: Feasible / Total: 10835 / 22144
[2023-11-17 14:13:30.130] [info] #4: Feasible / Total: 11641 / 22144
[2023-11-17 14:13:41.613] [info] #5: Feasible / Total: 13726 / 22144
[2023-11-17 14:13:49.799] [info] #6: Feasible / Total: 15623 / 22144
[2023-11-17 14:13:51.758] [info] #7: Feasible / Total: 15882 / 22144
[2023-11-17 14:13:57.792] [info] #8: Feasible / Total: 17055 / 22144
[2023-11-17 14:14:03.559] [info] #9: Feasible / Total: 18584 / 22144
[2023-11-17 14:14:04.400] [info] #10: Feasible / Total: 18727 / 22144
[2023-11-17 14:14:04.696] [info] #11: Feasible / Total: 18730 / 22144
[2023-11-17 14:14:05.000] [info] #11: Feasible / Total: 18730 / 22144
[2023-11-17 14:14:05.000] [info] Graph is not D-reducible.
[2023-11-17 14:14:05.059] [info] Started C-reducibility check
[2023-11-17 15:12:58.311] [info] Trying 26371380 possible contractions
[2023-11-17 15:12:58.314] [info] [0/26371380] Starting contraction of size 1
[2023-11-17 15:13:02.306] [info] All colors passed! Contracted: 41
[2023-11-17 15:13:02.363] [info] Graph is C-reducible!
