[2023-11-20 13:25:48.405] [info] Kempe type: Toroidal
[2023-11-20 13:25:49.226] [info] Vertex size: 39, Edge size: 66, Ring size: 15
[2023-11-20 13:26:45.392] [info] Started D-reducibility check
[2023-11-20 13:26:45.406] [info] #1: Feasible / Total: 71647 / 597871
[2023-11-20 15:08:11.926] [info] #2: Feasible / Total: 133114 / 597871
[2023-11-20 16:09:59.382] [info] #3: Feasible / Total: 191915 / 597871
[2023-11-20 18:10:22.340] [info] #4: Feasible / Total: 267051 / 597871
[2023-11-20 19:39:07.273] [info] #5: Feasible / Total: 363360 / 597871
[2023-11-20 19:54:03.258] [info] #6: Feasible / Total: 404291 / 597871
[2023-11-20 19:59:54.822] [info] #7: Feasible / Total: 410333 / 597871
[2023-11-20 20:04:19.482] [info] #8: Feasible / Total: 414702 / 597871
[2023-11-20 20:07:18.368] [info] #9: Feasible / Total: 418682 / 597871
[2023-11-20 20:10:14.090] [info] #10: Feasible / Total: 423364 / 597871
[2023-11-20 20:12:15.541] [info] #11: Feasible / Total: 426961 / 597871
[2023-11-20 20:13:51.038] [info] #12: Feasible / Total: 430481 / 597871
[2023-11-20 20:14:55.066] [info] #13: Feasible / Total: 432717 / 597871
[2023-11-20 20:15:25.548] [info] #14: Feasible / Total: 433358 / 597871
[2023-11-20 20:15:46.133] [info] #15: Feasible / Total: 433521 / 597871
[2023-11-20 20:15:58.751] [info] #16: Feasible / Total: 433530 / 597871
[2023-11-20 20:16:08.870] [info] #17: Feasible / Total: 433531 / 597871
[2023-11-20 20:16:18.948] [info] #17: Feasible / Total: 433531 / 597871
[2023-11-20 20:16:18.954] [info] Graph is not D-reducible.
[2023-11-20 20:16:19.336] [info] Started C-reducibility check
[2023-11-21 01:49:28.611] [info] Trying 102289457 possible contractions
[2023-11-21 01:49:28.618] [info] [0/102289457] Starting contraction of size 1
[2023-11-21 01:52:26.795] [info] All colors passed! Contracted: 27
[2023-11-21 01:52:26.795] [info] Graph is C-reducible!
