[2024-07-03 15:29:40.184] [info] Kempe type: Toroidal
[2024-07-03 15:29:40.184] [info] Vertex size: 40, Edge size: 68, Ring size: 16
[2024-07-03 15:29:51.921] [info] Started D-reducibility check
[2024-07-03 15:29:51.921] [info] #1: Feasible / Total: 166549 / 1793614
[2024-07-03 17:02:28.855] [info] #2: Feasible / Total: 249064 / 1793614
[2024-07-03 18:03:14.518] [info] #3: Feasible / Total: 314558 / 1793614
[2024-07-03 18:43:59.499] [info] #4: Feasible / Total: 365140 / 1793614
[2024-07-03 19:22:00.407] [info] #5: Feasible / Total: 410927 / 1793614
[2024-07-03 20:11:32.563] [info] #6: Feasible / Total: 469039 / 1793614
[2024-07-03 21:16:49.882] [info] #7: Feasible / Total: 557717 / 1793614
[2024-07-03 23:04:01.624] [info] #8: Feasible / Total: 716714 / 1793614
[2024-07-04 01:55:00.612] [info] #9: Feasible / Total: 1063827 / 1793614
[2024-07-04 03:37:01.811] [info] #10: Feasible / Total: 1478770 / 1793614
[2024-07-04 03:51:58.591] [info] #11: Feasible / Total: 1604314 / 1793614
[2024-07-04 03:52:26.352] [info] #12: Feasible / Total: 1608538 / 1793614
[2024-07-04 03:52:30.875] [info] #12: Feasible / Total: 1608538 / 1793614
[2024-07-04 03:52:30.875] [info] Graph is not D-reducible.
[2024-07-04 03:52:31.374] [info] Started C-reducibility check
[2024-07-04 03:55:17.186] [info] Trying 127035011 possible contractions
[2024-07-04 03:55:17.186] [info] [0/127035011] Starting contraction of size 1
[2024-07-04 03:58:04.094] [info] All colors passed! Contracted: 29
[2024-07-04 03:58:04.095] [info] Graph is C-reducible!
