[2023-11-17 14:12:08.474] [info] Kempe type: Toroidal
[2023-11-17 14:12:08.478] [info] Vertex size: 35, Edge size: 60, Ring size: 15
[2023-11-17 14:12:28.876] [info] Started D-reducibility check
[2023-11-17 14:12:28.882] [info] #1: Feasible / Total: 56557 / 597871
[2023-11-17 14:46:08.147] [info] #2: Feasible / Total: 77741 / 597871
[2023-11-17 14:57:45.069] [info] #3: Feasible / Total: 86123 / 597871
[2023-11-17 15:02:51.113] [info] #4: Feasible / Total: 90762 / 597871
[2023-11-17 15:06:23.152] [info] #5: Feasible / Total: 94264 / 597871
[2023-11-17 15:09:49.981] [info] #6: Feasible / Total: 97379 / 597871
[2023-11-17 15:13:14.583] [info] #7: Feasible / Total: 100300 / 597871
[2023-11-17 15:16:15.015] [info] #8: Feasible / Total: 103496 / 597871
[2023-11-17 15:19:03.855] [info] #9: Feasible / Total: 106904 / 597871
[2023-11-17 15:21:58.509] [info] #10: Feasible / Total: 110193 / 597871
[2023-11-17 15:25:36.857] [info] #11: Feasible / Total: 113585 / 597871
[2023-11-17 15:29:09.858] [info] #12: Feasible / Total: 117006 / 597871
[2023-11-17 15:33:27.147] [info] #13: Feasible / Total: 120982 / 597871
[2023-11-17 15:38:12.594] [info] #14: Feasible / Total: 125702 / 597871
[2023-11-17 15:42:23.275] [info] #15: Feasible / Total: 131323 / 597871
[2023-11-17 15:48:25.130] [info] #16: Feasible / Total: 138643 / 597871
[2023-11-17 15:55:13.175] [info] #17: Feasible / Total: 147465 / 597871
[2023-11-17 16:03:11.566] [info] #18: Feasible / Total: 158053 / 597871
[2023-11-17 16:10:58.969] [info] #19: Feasible / Total: 171492 / 597871
[2023-11-17 16:22:12.955] [info] #20: Feasible / Total: 187008 / 597871
[2023-11-17 16:35:19.837] [info] #21: Feasible / Total: 208350 / 597871
[2023-11-17 16:49:30.196] [info] #22: Feasible / Total: 237556 / 597871
[2023-11-17 17:08:16.205] [info] #23: Feasible / Total: 272045 / 597871
[2023-11-17 17:30:57.586] [info] #24: Feasible / Total: 310311 / 597871
[2023-11-17 17:49:00.991] [info] #25: Feasible / Total: 361160 / 597871
[2023-11-17 18:06:03.535] [info] #26: Feasible / Total: 412768 / 597871
[2023-11-17 18:10:49.116] [info] #27: Feasible / Total: 433294 / 597871
[2023-11-17 18:11:23.198] [info] #28: Feasible / Total: 434181 / 597871
[2023-11-17 18:11:30.993] [info] #29: Feasible / Total: 434183 / 597871
[2023-11-17 18:11:38.263] [info] #29: Feasible / Total: 434183 / 597871
[2023-11-17 18:11:38.282] [info] Graph is not D-reducible.
[2023-11-17 18:11:38.519] [info] Started C-reducibility check
[2023-11-17 18:24:30.262] [info] Trying 28847781 possible contractions
[2023-11-17 18:24:30.270] [info] [0/28847781] Starting contraction of size 1
[2023-11-17 18:27:53.827] [info] All colors passed! Contracted: 36
[2023-11-17 18:27:53.835] [info] Graph is C-reducible!
