[2023-12-05 15:26:37.985] [info] Kempe type: Toroidal
[2023-12-05 15:26:37.985] [info] Vertex size: 36, Edge size: 61, Ring size: 14
[2023-12-05 15:26:51.313] [info] Started D-reducibility check
[2023-12-05 15:26:51.313] [info] #1: Feasible / Total: 28857 / 199291
[2023-12-05 16:19:21.983] [info] #2: Feasible / Total: 50475 / 199291
[2023-12-05 16:55:56.430] [info] #3: Feasible / Total: 72576 / 199291
[2023-12-05 17:30:11.405] [info] #4: Feasible / Total: 99265 / 199291
[2023-12-05 17:45:53.360] [info] #5: Feasible / Total: 123996 / 199291
[2023-12-05 17:48:11.493] [info] #6: Feasible / Total: 127957 / 199291
[2023-12-05 17:48:47.534] [info] #7: Feasible / Total: 128161 / 199291
[2023-12-05 17:49:12.949] [info] #8: Feasible / Total: 128203 / 199291
[2023-12-05 17:49:36.812] [info] #9: Feasible / Total: 128225 / 199291
[2023-12-05 17:50:00.187] [info] #9: Feasible / Total: 128225 / 199291
[2023-12-05 17:50:00.251] [info] Graph is not D-reducible.
[2023-12-05 17:50:00.812] [info] Started C-reducibility check
[2023-12-05 20:36:25.829] [info] Trying 124343 possible contractions
[2023-12-05 20:36:25.829] [info] [0/124343] Starting contraction of size 1
[2023-12-05 20:51:24.271] [info] [47/124343] Starting contraction of size 2
[2023-12-06 00:57:17.224] [info] [1048/124343] Starting contraction of size 3
[2023-12-07 10:39:11.760] [info] [13866/124343] Starting contraction of size 4
[2023-12-10 22:45:42.450] [info] All colors passed! Contracted: 15, 21, 47, 49
[2023-12-10 22:45:42.450] [info] Graph is C-reducible!
