[2023-12-05 15:25:54.237] [info] Kempe type: Toroidal
[2023-12-05 15:25:54.237] [info] Vertex size: 39, Edge size: 66, Ring size: 15
[2023-12-05 15:26:52.028] [info] Started D-reducibility check
[2023-12-05 15:26:52.029] [info] #1: Feasible / Total: 78717 / 597871
[2023-12-05 18:12:38.552] [info] #2: Feasible / Total: 109778 / 597871
[2023-12-05 19:48:25.340] [info] #3: Feasible / Total: 134098 / 597871
[2023-12-05 21:07:40.960] [info] #4: Feasible / Total: 154863 / 597871
[2023-12-05 22:17:28.937] [info] #5: Feasible / Total: 176981 / 597871
[2023-12-05 23:35:52.609] [info] #6: Feasible / Total: 204358 / 597871
[2023-12-06 01:10:00.664] [info] #7: Feasible / Total: 244593 / 597871
[2023-12-06 02:51:13.476] [info] #8: Feasible / Total: 297991 / 597871
[2023-12-06 03:36:43.177] [info] #9: Feasible / Total: 345068 / 597871
[2023-12-06 03:42:05.445] [info] #10: Feasible / Total: 352316 / 597871
[2023-12-06 03:44:30.056] [info] #11: Feasible / Total: 353363 / 597871
[2023-12-06 03:46:30.018] [info] #12: Feasible / Total: 353691 / 597871
[2023-12-06 03:48:13.025] [info] #13: Feasible / Total: 353734 / 597871
[2023-12-06 03:49:48.835] [info] #14: Feasible / Total: 353741 / 597871
[2023-12-06 03:51:19.576] [info] #14: Feasible / Total: 353741 / 597871
[2023-12-06 03:51:19.576] [info] Graph is not D-reducible.
[2023-12-06 03:51:20.986] [info] Started C-reducibility check
[2023-12-06 17:09:45.037] [info] Trying 179150 possible contractions
[2023-12-06 17:09:45.037] [info] [0/179150] Starting contraction of size 1
[2023-12-06 17:40:07.702] [info] All colors passed! Contracted: 17
[2023-12-06 17:40:07.703] [info] Graph is C-reducible!
