[2023-11-16 13:18:54.317] [info] Kempe type: Toroidal
[2023-11-16 13:18:54.317] [info] Vertex size: 30, Edge size: 51, Ring size: 12
[2023-11-16 13:18:54.869] [info] Started D-reducibility check
[2023-11-16 13:18:54.869] [info] #1: Feasible / Total: 4509 / 22144
[2023-11-16 13:19:11.173] [info] #2: Feasible / Total: 6896 / 22144
[2023-11-16 13:19:16.417] [info] #3: Feasible / Total: 8355 / 22144
[2023-11-16 13:19:18.789] [info] #4: Feasible / Total: 9076 / 22144
[2023-11-16 13:19:19.769] [info] #5: Feasible / Total: 9439 / 22144
[2023-11-16 13:19:20.855] [info] #6: Feasible / Total: 9695 / 22144
[2023-11-16 13:19:21.396] [info] #7: Feasible / Total: 9805 / 22144
[2023-11-16 13:19:21.762] [info] #8: Feasible / Total: 9905 / 22144
[2023-11-16 13:19:22.212] [info] #9: Feasible / Total: 9990 / 22144
[2023-11-16 13:19:22.979] [info] #10: Feasible / Total: 10046 / 22144
[2023-11-16 13:19:23.832] [info] #11: Feasible / Total: 10165 / 22144
[2023-11-16 13:19:24.772] [info] #12: Feasible / Total: 10446 / 22144
[2023-11-16 13:19:27.313] [info] #13: Feasible / Total: 11183 / 22144
[2023-11-16 13:19:32.345] [info] #14: Feasible / Total: 13503 / 22144
[2023-11-16 13:19:47.016] [info] #15: Feasible / Total: 19122 / 22144
[2023-11-16 13:19:49.304] [info] #16: Feasible / Total: 22133 / 22144
[2023-11-16 13:19:49.304] [info] #17: Feasible / Total: 22144 / 22144
[2023-11-16 13:19:49.304] [info] Graph is D-reducible!
