[2023-11-16 22:28:31.404] [info] Kempe type: Toroidal
[2023-11-16 22:28:31.410] [info] Vertex size: 29, Edge size: 50, Ring size: 13
[2023-11-16 22:28:37.255] [info] Started D-reducibility check
[2023-11-16 22:28:37.255] [info] #1: Feasible / Total: 7926 / 66430
[2023-11-16 22:31:18.438] [info] #2: Feasible / Total: 11709 / 66430
[2023-11-16 22:32:18.786] [info] #3: Feasible / Total: 13145 / 66430
[2023-11-16 22:32:50.474] [info] #4: Feasible / Total: 14051 / 66430
[2023-11-16 22:33:20.102] [info] #5: Feasible / Total: 14830 / 66430
[2023-11-16 22:33:48.464] [info] #6: Feasible / Total: 15480 / 66430
[2023-11-16 22:34:17.018] [info] #7: Feasible / Total: 16129 / 66430
[2023-11-16 22:34:50.929] [info] #8: Feasible / Total: 17049 / 66430
[2023-11-16 22:35:32.170] [info] #9: Feasible / Total: 18262 / 66430
[2023-11-16 22:36:13.405] [info] #10: Feasible / Total: 19718 / 66430
[2023-11-16 22:37:09.310] [info] #11: Feasible / Total: 21243 / 66430
[2023-11-16 22:38:01.184] [info] #12: Feasible / Total: 22657 / 66430
[2023-11-16 22:38:55.434] [info] #13: Feasible / Total: 24199 / 66430
[2023-11-16 22:40:05.286] [info] #14: Feasible / Total: 26218 / 66430
[2023-11-16 22:41:26.246] [info] #15: Feasible / Total: 29095 / 66430
[2023-11-16 22:42:46.529] [info] #16: Feasible / Total: 33202 / 66430
[2023-11-16 22:43:41.606] [info] #17: Feasible / Total: 37135 / 66430
[2023-11-16 22:44:09.042] [info] #18: Feasible / Total: 39602 / 66430
[2023-11-16 22:44:15.627] [info] #19: Feasible / Total: 39876 / 66430
[2023-11-16 22:44:19.686] [info] #19: Feasible / Total: 39876 / 66430
[2023-11-16 22:44:19.754] [info] Graph is not D-reducible.
[2023-11-16 22:44:19.946] [info] Started C-reducibility check
[2023-11-16 22:46:28.215] [info] Trying 3624591 possible contractions
[2023-11-16 22:46:28.226] [info] [0/3624591] Starting contraction of size 1
[2023-11-16 22:47:10.390] [info] All colors passed! Contracted: 39
[2023-11-16 22:47:10.406] [info] Graph is C-reducible!
