[2024-07-13 22:47:10.816] [info] Kempe type: Toroidal
[2024-07-13 22:47:10.816] [info] Vertex size: 37, Edge size: 63, Ring size: 15
[2024-07-13 22:47:14.756] [info] Started D-reducibility check
[2024-07-13 22:47:14.756] [info] #1: Feasible / Total: 55188 / 597871
[2024-07-13 23:00:14.530] [info] #2: Feasible / Total: 95798 / 597871
[2024-07-13 23:08:53.494] [info] #3: Feasible / Total: 123270 / 597871
[2024-07-13 23:15:58.501] [info] #4: Feasible / Total: 148734 / 597871
[2024-07-13 23:22:31.050] [info] #5: Feasible / Total: 175003 / 597871
[2024-07-13 23:28:33.999] [info] #6: Feasible / Total: 205205 / 597871
[2024-07-13 23:34:59.814] [info] #7: Feasible / Total: 244184 / 597871
[2024-07-13 23:40:13.984] [info] #8: Feasible / Total: 284619 / 597871
[2024-07-13 23:42:25.460] [info] #9: Feasible / Total: 307458 / 597871
[2024-07-13 23:43:34.242] [info] #10: Feasible / Total: 316990 / 597871
[2024-07-13 23:44:05.219] [info] #11: Feasible / Total: 321653 / 597871
[2024-07-13 23:44:17.444] [info] #12: Feasible / Total: 322577 / 597871
[2024-07-13 23:44:27.722] [info] #13: Feasible / Total: 323331 / 597871
[2024-07-13 23:44:34.905] [info] #14: Feasible / Total: 323753 / 597871
[2024-07-13 23:44:40.595] [info] #15: Feasible / Total: 323885 / 597871
[2024-07-13 23:44:45.190] [info] #16: Feasible / Total: 323990 / 597871
[2024-07-13 23:44:49.900] [info] #17: Feasible / Total: 324055 / 597871
[2024-07-13 23:44:54.434] [info] #18: Feasible / Total: 324066 / 597871
[2024-07-13 23:44:58.484] [info] #19: Feasible / Total: 324067 / 597871
[2024-07-13 23:45:02.584] [info] #19: Feasible / Total: 324067 / 597871
[2024-07-13 23:45:02.584] [info] Graph is not D-reducible.
[2024-07-13 23:45:02.725] [info] Started C-reducibility check
[2024-07-13 23:46:52.773] [info] Trying 55647728 possible contractions
[2024-07-13 23:46:52.773] [info] [0/55647728] Starting contraction of size 1
[2024-07-13 23:47:59.770] [info] All colors passed! Contracted: 49
[2024-07-13 23:47:59.782] [info] Graph is C-reducible!
