[2023-12-05 15:25:36.461] [info] Kempe type: Toroidal
[2023-12-05 15:25:36.462] [info] Vertex size: 41, Edge size: 69, Ring size: 15
[2023-12-05 15:29:01.882] [info] Started D-reducibility check
[2023-12-05 15:29:01.883] [info] #1: Feasible / Total: 82708 / 597871
[2023-12-05 20:56:37.686] [info] #2: Feasible / Total: 161073 / 597871
[2023-12-05 23:11:31.147] [info] #3: Feasible / Total: 213860 / 597871
[2023-12-06 00:02:22.819] [info] #4: Feasible / Total: 234470 / 597871
[2023-12-06 00:24:04.373] [info] #5: Feasible / Total: 243065 / 597871
[2023-12-06 00:43:18.733] [info] #6: Feasible / Total: 249103 / 597871
[2023-12-06 01:05:30.634] [info] #7: Feasible / Total: 255291 / 597871
[2023-12-06 01:43:04.461] [info] #8: Feasible / Total: 267459 / 597871
[2023-12-06 03:01:10.695] [info] #9: Feasible / Total: 300419 / 597871
[2023-12-06 05:24:27.020] [info] #10: Feasible / Total: 383346 / 597871
[2023-12-06 07:14:22.700] [info] #11: Feasible / Total: 475316 / 597871
[2023-12-06 07:53:23.516] [info] #12: Feasible / Total: 536769 / 597871
[2023-12-06 07:54:18.119] [info] #13: Feasible / Total: 538831 / 597871
[2023-12-06 07:54:36.050] [info] #13: Feasible / Total: 538831 / 597871
[2023-12-06 07:54:36.050] [info] Graph is not D-reducible.
[2023-12-06 07:54:37.492] [info] Started C-reducibility check
[2023-12-07 20:55:12.501] [info] Trying 230115 possible contractions
[2023-12-07 20:55:12.501] [info] [0/230115] Starting contraction of size 1
[2023-12-07 20:59:25.726] [info] All colors passed! Contracted: 24
[2023-12-07 20:59:25.726] [info] Graph is C-reducible!
