[2024-03-13 13:12:50.393] [info] Kempe type: Toroidal
[2024-03-13 13:12:50.394] [info] Vertex size: 28, Edge size: 48, Ring size: 12
[2024-03-13 13:12:50.570] [info] Started D-reducibility check
[2024-03-13 13:12:50.570] [info] #1: Feasible / Total: 3566 / 22144
[2024-03-13 13:12:53.984] [info] #2: Feasible / Total: 4803 / 22144
[2024-03-13 13:12:54.943] [info] #3: Feasible / Total: 5517 / 22144
[2024-03-13 13:12:55.624] [info] #4: Feasible / Total: 5999 / 22144
[2024-03-13 13:12:56.279] [info] #5: Feasible / Total: 6545 / 22144
[2024-03-13 13:12:56.906] [info] #6: Feasible / Total: 7075 / 22144
[2024-03-13 13:12:57.692] [info] #7: Feasible / Total: 7729 / 22144
[2024-03-13 13:12:58.601] [info] #8: Feasible / Total: 8771 / 22144
[2024-03-13 13:12:59.918] [info] #9: Feasible / Total: 10594 / 22144
[2024-03-13 13:13:01.407] [info] #10: Feasible / Total: 13692 / 22144
[2024-03-13 13:13:02.058] [info] #11: Feasible / Total: 16224 / 22144
[2024-03-13 13:13:02.179] [info] #12: Feasible / Total: 16618 / 22144
[2024-03-13 13:13:02.217] [info] #13: Feasible / Total: 16631 / 22144
[2024-03-13 13:13:02.248] [info] #14: Feasible / Total: 16635 / 22144
[2024-03-13 13:13:02.276] [info] #15: Feasible / Total: 16638 / 22144
[2024-03-13 13:13:02.304] [info] #15: Feasible / Total: 16638 / 22144
[2024-03-13 13:13:02.304] [info] Graph is not D-reducible.
[2024-03-13 13:13:02.307] [info] Started C-reducibility check
[2024-03-13 13:13:06.309] [info] Trying 2629074 possible contractions
[2024-03-13 13:13:06.309] [info] [0/2629074] Starting contraction of size 1
[2024-03-13 13:13:09.400] [info] [36/2629074] Starting contraction of size 2
[2024-03-13 13:13:55.809] [info] [606/2629074] Starting contraction of size 3
[2024-03-13 13:18:44.776] [info] [5854/2629074] Starting contraction of size 4
[2024-03-13 13:43:10.973] [info] [37198/2629074] Starting contraction of size 5
[2024-03-13 13:52:09.210] [info] All colors passed! Contracted: 15, 28, 38, 40, 44
[2024-03-13 13:52:09.210] [info] Graph is C-reducible!
