[2023-12-05 15:26:03.193] [info] Kempe type: Toroidal
[2023-12-05 15:26:03.194] [info] Vertex size: 38, Edge size: 65, Ring size: 16
[2023-12-05 15:27:46.009] [info] Started D-reducibility check
[2023-12-05 15:27:46.009] [info] #1: Feasible / Total: 142858 / 1793614
[2023-12-06 16:00:11.339] [info] #2: Feasible / Total: 196082 / 1793614
[2023-12-06 21:59:34.620] [info] #3: Feasible / Total: 219908 / 1793614
[2023-12-07 00:52:11.189] [info] #4: Feasible / Total: 232230 / 1793614
[2023-12-07 03:37:36.828] [info] #5: Feasible / Total: 240807 / 1793614
[2023-12-07 05:53:36.861] [info] #6: Feasible / Total: 248662 / 1793614
[2023-12-07 07:35:36.661] [info] #7: Feasible / Total: 256404 / 1793614
[2023-12-07 09:16:00.777] [info] #8: Feasible / Total: 263734 / 1793614
[2023-12-07 10:47:43.074] [info] #9: Feasible / Total: 271034 / 1793614
[2023-12-07 12:37:58.711] [info] #10: Feasible / Total: 279436 / 1793614
[2023-12-07 14:19:36.259] [info] #11: Feasible / Total: 288031 / 1793614
[2023-12-07 16:18:36.535] [info] #12: Feasible / Total: 297327 / 1793614
[2023-12-07 18:25:45.015] [info] #13: Feasible / Total: 308630 / 1793614
[2023-12-07 20:49:43.186] [info] #14: Feasible / Total: 322673 / 1793614
[2023-12-07 23:26:33.219] [info] #15: Feasible / Total: 339553 / 1793614
[2023-12-08 02:15:22.107] [info] #16: Feasible / Total: 360387 / 1793614
[2023-12-08 05:26:30.527] [info] #17: Feasible / Total: 385464 / 1793614
[2023-12-08 08:59:57.738] [info] #18: Feasible / Total: 416564 / 1793614
[2023-12-08 12:42:49.850] [info] #19: Feasible / Total: 457175 / 1793614
[2023-12-08 17:27:13.948] [info] #20: Feasible / Total: 513425 / 1793614
[2023-12-08 23:14:39.494] [info] #21: Feasible / Total: 595144 / 1793614
[2023-12-09 06:50:31.696] [info] #22: Feasible / Total: 710262 / 1793614
[2023-12-09 15:31:31.491] [info] #23: Feasible / Total: 864793 / 1793614
[2023-12-10 00:31:12.706] [info] #24: Feasible / Total: 1079456 / 1793614
[2023-12-10 06:36:32.429] [info] #25: Feasible / Total: 1300140 / 1793614
[2023-12-10 08:41:47.316] [info] #26: Feasible / Total: 1392705 / 1793614
[2023-12-10 09:07:27.093] [info] #27: Feasible / Total: 1414252 / 1793614
[2023-12-10 09:09:07.110] [info] #28: Feasible / Total: 1414522 / 1793614
[2023-12-10 09:10:13.889] [info] #28: Feasible / Total: 1414522 / 1793614
[2023-12-10 09:10:13.889] [info] Graph is not D-reducible.
[2023-12-10 09:10:16.299] [info] Started C-reducibility check
[2023-12-10 11:14:09.807] [info] Trying 151084 possible contractions
[2023-12-10 11:14:09.807] [info] [0/151084] Starting contraction of size 1
[2023-12-10 11:16:17.203] [info] All colors passed! Contracted: 39
[2023-12-10 11:16:17.203] [info] Graph is C-reducible!
