[2023-11-21 17:22:19.611] [info] Kempe type: Toroidal
[2023-11-21 17:22:19.612] [info] Vertex size: 35, Edge size: 60, Ring size: 15
[2023-11-21 17:22:27.894] [info] Started D-reducibility check
[2023-11-21 17:22:27.906] [info] #1: Feasible / Total: 56735 / 597871
[2023-11-21 19:18:27.644] [info] #2: Feasible / Total: 77187 / 597871
[2023-11-21 20:07:10.956] [info] #3: Feasible / Total: 85029 / 597871
[2023-11-21 20:34:25.088] [info] #4: Feasible / Total: 90646 / 597871
[2023-11-21 20:55:23.816] [info] #5: Feasible / Total: 95129 / 597871
[2023-11-21 21:16:49.983] [info] #6: Feasible / Total: 99284 / 597871
[2023-11-21 21:39:49.790] [info] #7: Feasible / Total: 103875 / 597871
[2023-11-21 22:06:16.815] [info] #8: Feasible / Total: 109487 / 597871
[2023-11-21 22:38:31.662] [info] #9: Feasible / Total: 117117 / 597871
[2023-11-21 23:17:41.903] [info] #10: Feasible / Total: 126913 / 597871
[2023-11-22 00:00:01.455] [info] #11: Feasible / Total: 138756 / 597871
[2023-11-22 00:51:51.147] [info] #12: Feasible / Total: 155799 / 597871
[2023-11-22 01:55:03.582] [info] #13: Feasible / Total: 181241 / 597871
[2023-11-22 03:22:42.592] [info] #14: Feasible / Total: 224755 / 597871
[2023-11-22 05:18:12.334] [info] #15: Feasible / Total: 301695 / 597871
[2023-11-22 07:25:02.606] [info] #16: Feasible / Total: 415709 / 597871
[2023-11-22 08:19:43.088] [info] #17: Feasible / Total: 517602 / 597871
[2023-11-22 08:22:41.664] [info] #18: Feasible / Total: 536517 / 597871
[2023-11-22 08:22:54.906] [info] #18: Feasible / Total: 536517 / 597871
[2023-11-22 08:22:54.914] [info] Graph is not D-reducible.
[2023-11-22 08:22:56.022] [info] Started C-reducibility check
[2023-11-22 08:37:10.427] [info] Trying 29036564 possible contractions
[2023-11-22 08:37:10.428] [info] [0/29036564] Starting contraction of size 1
[2023-11-22 08:40:30.740] [info] [45/29036564] Starting contraction of size 2
[2023-11-22 09:36:48.566] [info] [960/29036564] Starting contraction of size 3
[2023-11-22 10:29:31.494] [info] All colors passed! Contracted: 26, 32, 58
[2023-11-22 10:29:31.502] [info] Graph is C-reducible!
