[2024-07-31 11:26:55.152] [info] Kempe type: Toroidal
[2024-07-31 11:26:55.152] [info] Vertex size: 43, Edge size: 73, Ring size: 17
[2024-07-31 11:27:47.381] [info] Started D-reducibility check
[2024-07-31 11:27:47.381] [info] #1: Feasible / Total: 438649 / 5380840
[2024-07-31 23:09:41.719] [info] #2: Feasible / Total: 600353 / 5380840
[2024-08-01 05:09:31.477] [info] #3: Feasible / Total: 703666 / 5380840
[2024-08-01 10:26:46.220] [info] #4: Feasible / Total: 806523 / 5380840
[2024-08-01 16:23:15.815] [info] #5: Feasible / Total: 935543 / 5380840
[2024-08-01 23:56:42.253] [info] #6: Feasible / Total: 1114630 / 5380840
[2024-08-02 09:17:39.421] [info] #7: Feasible / Total: 1367752 / 5380840
[2024-08-02 21:54:04.377] [info] #8: Feasible / Total: 1754171 / 5380840
[2024-08-03 14:41:31.301] [info] #9: Feasible / Total: 2442736 / 5380840
[2024-08-04 10:29:26.148] [info] #10: Feasible / Total: 3670638 / 5380840
[2024-08-04 21:06:57.736] [info] #11: Feasible / Total: 4746143 / 5380840
[2024-08-04 22:09:20.482] [info] #12: Feasible / Total: 4899035 / 5380840
[2024-08-04 22:10:15.942] [info] #13: Feasible / Total: 4899496 / 5380840
[2024-08-04 22:10:38.402] [info] #13: Feasible / Total: 4899496 / 5380840
[2024-08-04 22:10:38.402] [info] Graph is not D-reducible.
[2024-08-04 22:10:40.148] [info] Started C-reducibility check
[2024-08-04 22:18:10.836] [info] Trying 271336001 possible contractions
[2024-08-04 22:18:10.836] [info] [0/271336001] Starting contraction of size 1
[2024-08-04 22:26:33.325] [info] All colors passed! Contracted: 17
[2024-08-04 22:26:33.326] [info] Graph is C-reducible!
