[2024-06-07 14:30:01.821] [info] Kempe type: Toroidal
[2024-06-07 14:30:01.821] [info] Vertex size: 37, Edge size: 63, Ring size: 15
[2024-06-07 14:30:03.488] [info] Started D-reducibility check
[2024-06-07 14:30:03.488] [info] #1: Feasible / Total: 60902 / 597871
[2024-06-07 14:37:23.187] [info] #2: Feasible / Total: 88722 / 597871
[2024-06-07 14:41:22.415] [info] #3: Feasible / Total: 110088 / 597871
[2024-06-07 14:44:40.857] [info] #4: Feasible / Total: 126313 / 597871
[2024-06-07 14:47:43.206] [info] #5: Feasible / Total: 141041 / 597871
[2024-06-07 14:51:08.255] [info] #6: Feasible / Total: 157794 / 597871
[2024-06-07 14:55:25.816] [info] #7: Feasible / Total: 178946 / 597871
[2024-06-07 15:00:55.451] [info] #8: Feasible / Total: 209177 / 597871
[2024-06-07 15:09:17.335] [info] #9: Feasible / Total: 260678 / 597871
[2024-06-07 15:20:16.225] [info] #10: Feasible / Total: 352260 / 597871
[2024-06-07 15:26:54.240] [info] #11: Feasible / Total: 451558 / 597871
[2024-06-07 15:27:46.027] [info] #12: Feasible / Total: 471319 / 597871
[2024-06-07 15:27:54.388] [info] #13: Feasible / Total: 471813 / 597871
[2024-06-07 15:27:56.696] [info] #14: Feasible / Total: 471921 / 597871
[2024-06-07 15:27:58.327] [info] #14: Feasible / Total: 471921 / 597871
[2024-06-07 15:27:58.327] [info] Graph is not D-reducible.
[2024-06-07 15:27:58.406] [info] Started C-reducibility check
[2024-06-07 15:29:26.063] [info] Trying 55658862 possible contractions
[2024-06-07 15:29:26.063] [info] [0/55658862] Starting contraction of size 1
[2024-06-07 15:29:29.766] [info] All colors passed! Contracted: 34
[2024-06-07 15:29:29.766] [info] Graph is C-reducible!
