[2024-02-22 22:40:36.385] [info] Kempe type: Toroidal
[2024-02-22 22:40:36.385] [info] Vertex size: 32, Edge size: 55, Ring size: 14
[2024-02-22 22:40:36.821] [info] Started D-reducibility check
[2024-02-22 22:40:36.821] [info] #1: Feasible / Total: 21397 / 199291
[2024-02-22 22:42:00.812] [info] #2: Feasible / Total: 29276 / 199291
[2024-02-22 22:42:21.461] [info] #3: Feasible / Total: 32053 / 199291
[2024-02-22 22:42:30.396] [info] #4: Feasible / Total: 33222 / 199291
[2024-02-22 22:42:37.121] [info] #5: Feasible / Total: 34029 / 199291
[2024-02-22 22:42:43.938] [info] #6: Feasible / Total: 34838 / 199291
[2024-02-22 22:42:53.892] [info] #7: Feasible / Total: 35528 / 199291
[2024-02-22 22:43:01.947] [info] #8: Feasible / Total: 36144 / 199291
[2024-02-22 22:43:09.352] [info] #9: Feasible / Total: 36757 / 199291
[2024-02-22 22:43:14.316] [info] #10: Feasible / Total: 37284 / 199291
[2024-02-22 22:43:19.297] [info] #11: Feasible / Total: 37716 / 199291
[2024-02-22 22:43:23.814] [info] #12: Feasible / Total: 38130 / 199291
[2024-02-22 22:43:27.111] [info] #13: Feasible / Total: 38581 / 199291
[2024-02-22 22:43:31.590] [info] #14: Feasible / Total: 39067 / 199291
[2024-02-22 22:43:37.865] [info] #15: Feasible / Total: 39721 / 199291
[2024-02-22 22:43:44.796] [info] #16: Feasible / Total: 40593 / 199291
[2024-02-22 22:43:53.961] [info] #17: Feasible / Total: 41652 / 199291
[2024-02-22 22:44:01.385] [info] #18: Feasible / Total: 42922 / 199291
[2024-02-22 22:44:09.974] [info] #19: Feasible / Total: 44479 / 199291
[2024-02-22 22:44:19.768] [info] #20: Feasible / Total: 46681 / 199291
[2024-02-22 22:44:36.345] [info] #21: Feasible / Total: 49932 / 199291
[2024-02-22 22:44:57.633] [info] #22: Feasible / Total: 54764 / 199291
[2024-02-22 22:45:26.038] [info] #23: Feasible / Total: 60714 / 199291
[2024-02-22 22:46:04.503] [info] #24: Feasible / Total: 68023 / 199291
[2024-02-22 22:46:49.341] [info] #25: Feasible / Total: 79604 / 199291
[2024-02-22 22:47:50.091] [info] #26: Feasible / Total: 96574 / 199291
[2024-02-22 22:49:08.782] [info] #27: Feasible / Total: 120517 / 199291
[2024-02-22 22:50:09.019] [info] #28: Feasible / Total: 148310 / 199291
[2024-02-22 22:50:20.368] [info] #29: Feasible / Total: 157644 / 199291
[2024-02-22 22:50:20.935] [info] #30: Feasible / Total: 157677 / 199291
[2024-02-22 22:50:21.331] [info] #30: Feasible / Total: 157677 / 199291
[2024-02-22 22:50:21.331] [info] Graph is not D-reducible.
[2024-02-22 22:50:21.352] [info] Started C-reducibility check
[2024-02-22 22:50:36.384] [info] Trying 10865103 possible contractions
[2024-02-22 22:50:36.384] [info] [0/10865103] Starting contraction of size 1
[2024-02-22 22:50:37.023] [info] All colors passed! Contracted: 31
[2024-02-22 22:50:37.023] [info] Graph is C-reducible!
