[2023-11-28 12:53:23.680] [info] Kempe type: Toroidal
[2023-11-28 12:53:23.680] [info] Vertex size: 34, Edge size: 58, Ring size: 14
[2023-11-28 12:53:28.047] [info] Started D-reducibility check
[2023-11-28 12:53:28.047] [info] #1: Feasible / Total: 24450 / 199291
[2023-11-28 12:59:14.474] [info] #2: Feasible / Total: 32417 / 199291
[2023-11-28 13:01:17.135] [info] #3: Feasible / Total: 37348 / 199291
[2023-11-28 13:03:20.451] [info] #4: Feasible / Total: 42268 / 199291
[2023-11-28 13:05:08.691] [info] #5: Feasible / Total: 46960 / 199291
[2023-11-28 13:06:28.818] [info] #6: Feasible / Total: 50817 / 199291
[2023-11-28 13:07:37.893] [info] #7: Feasible / Total: 54225 / 199291
[2023-11-28 13:08:46.448] [info] #8: Feasible / Total: 57621 / 199291
[2023-11-28 13:09:55.864] [info] #9: Feasible / Total: 61767 / 199291
[2023-11-28 13:11:20.976] [info] #10: Feasible / Total: 67045 / 199291
[2023-11-28 13:12:58.080] [info] #11: Feasible / Total: 73056 / 199291
[2023-11-28 13:14:49.537] [info] #12: Feasible / Total: 80696 / 199291
[2023-11-28 13:16:24.229] [info] #13: Feasible / Total: 88458 / 199291
[2023-11-28 13:17:25.480] [info] #14: Feasible / Total: 94603 / 199291
[2023-11-28 13:17:54.275] [info] #15: Feasible / Total: 97820 / 199291
[2023-11-28 13:18:04.852] [info] #16: Feasible / Total: 98992 / 199291
[2023-11-28 13:18:13.545] [info] #17: Feasible / Total: 99360 / 199291
[2023-11-28 13:18:21.330] [info] #18: Feasible / Total: 99739 / 199291
[2023-11-28 13:18:27.263] [info] #19: Feasible / Total: 99953 / 199291
[2023-11-28 13:18:32.115] [info] #20: Feasible / Total: 99999 / 199291
[2023-11-28 13:18:36.354] [info] #21: Feasible / Total: 100008 / 199291
[2023-11-28 13:18:40.514] [info] #22: Feasible / Total: 100016 / 199291
[2023-11-28 13:18:44.641] [info] #23: Feasible / Total: 100017 / 199291
[2023-11-28 13:18:48.784] [info] #23: Feasible / Total: 100017 / 199291
[2023-11-28 13:18:48.806] [info] Graph is not D-reducible.
[2023-11-28 13:18:48.876] [info] Started C-reducibility check
[2023-11-28 13:29:02.011] [info] Trying 22240450 possible contractions
[2023-11-28 13:29:02.012] [info] [0/22240450] Starting contraction of size 1
[2023-11-28 13:31:23.814] [info] [44/22240450] Starting contraction of size 2
[2023-11-28 13:31:53.783] [info] All colors passed! Contracted: 28, 52
[2023-11-28 13:31:53.784] [info] Graph is C-reducible!
