[2024-10-19 12:23:12.085] [info] Kempe type: Toroidal
[2024-10-19 12:23:12.085] [info] Vertex size: 33, Edge size: 56, Ring size: 13
[2024-10-19 12:23:13.353] [info] Started D-reducibility check
[2024-10-19 12:23:13.353] [info] #1: Feasible / Total: 10884 / 66430
[2024-10-19 12:24:23.283] [info] #2: Feasible / Total: 15341 / 66430
[2024-10-19 12:24:53.841] [info] #3: Feasible / Total: 18516 / 66430
[2024-10-19 12:25:20.381] [info] #4: Feasible / Total: 21693 / 66430
[2024-10-19 12:25:52.305] [info] #5: Feasible / Total: 25026 / 66430
[2024-10-19 12:26:32.502] [info] #6: Feasible / Total: 29801 / 66430
[2024-10-19 12:27:09.146] [info] #7: Feasible / Total: 36142 / 66430
[2024-10-19 12:27:33.905] [info] #8: Feasible / Total: 42710 / 66430
[2024-10-19 12:27:45.305] [info] #9: Feasible / Total: 46379 / 66430
[2024-10-19 12:27:48.967] [info] #10: Feasible / Total: 47749 / 66430
[2024-10-19 12:27:51.248] [info] #11: Feasible / Total: 48372 / 66430
[2024-10-19 12:27:51.930] [info] #12: Feasible / Total: 48409 / 66430
[2024-10-19 12:27:52.461] [info] #13: Feasible / Total: 48410 / 66430
[2024-10-19 12:27:53.001] [info] #13: Feasible / Total: 48410 / 66430
[2024-10-19 12:27:53.002] [info] Graph is not D-reducible.
[2024-10-19 12:27:53.029] [info] Started C-reducibility check
[2024-10-19 12:28:05.874] [info] Trying 2026017 possible contractions
[2024-10-19 12:28:05.874] [info] [0/2026017] Starting contraction of size 1
[2024-10-19 12:28:07.705] [info] All colors passed! Contracted: 48
[2024-10-19 12:28:07.705] [info] Graph is C-reducible!
