[2023-11-29 11:31:23.932] [info] Kempe type: Toroidal
[2023-11-29 11:31:23.936] [info] Vertex size: 34, Edge size: 58, Ring size: 14
[2023-11-29 11:31:28.848] [info] Started D-reducibility check
[2023-11-29 11:31:28.870] [info] #1: Feasible / Total: 25215 / 199291
[2023-11-29 11:37:49.798] [info] #2: Feasible / Total: 33759 / 199291
[2023-11-29 11:40:04.817] [info] #3: Feasible / Total: 40435 / 199291
[2023-11-29 11:42:16.254] [info] #4: Feasible / Total: 46613 / 199291
[2023-11-29 11:44:58.843] [info] #5: Feasible / Total: 53946 / 199291
[2023-11-29 11:47:43.628] [info] #6: Feasible / Total: 62616 / 199291
[2023-11-29 11:51:06.238] [info] #7: Feasible / Total: 73809 / 199291
[2023-11-29 11:55:08.621] [info] #8: Feasible / Total: 89236 / 199291
[2023-11-29 11:59:55.771] [info] #9: Feasible / Total: 112904 / 199291
[2023-11-29 12:03:13.222] [info] #10: Feasible / Total: 136097 / 199291
[2023-11-29 12:03:38.161] [info] #11: Feasible / Total: 140708 / 199291
[2023-11-29 12:03:41.486] [info] #12: Feasible / Total: 140809 / 199291
[2023-11-29 12:03:43.656] [info] #13: Feasible / Total: 140811 / 199291
[2023-11-29 12:03:45.534] [info] #13: Feasible / Total: 140811 / 199291
[2023-11-29 12:03:45.546] [info] Graph is not D-reducible.
[2023-11-29 12:03:45.642] [info] Started C-reducibility check
[2023-11-29 12:14:15.968] [info] Trying 22307774 possible contractions
[2023-11-29 12:14:15.994] [info] [0/22307774] Starting contraction of size 1
[2023-11-29 12:17:09.763] [info] [44/22307774] Starting contraction of size 2
[2023-11-29 13:05:30.971] [info] [916/22307774] Starting contraction of size 3
[2023-11-29 21:03:46.180] [info] [11237/22307774] Starting contraction of size 4
[2023-11-29 21:42:07.221] [info] All colors passed! Contracted: 31, 33, 40, 54
[2023-11-29 21:42:07.222] [info] Graph is C-reducible!
