[2024-02-20 17:47:09.369] [info] Kempe type: Toroidal
[2024-02-20 17:47:09.369] [info] Vertex size: 36, Edge size: 61, Ring size: 14
[2024-02-20 17:47:10.888] [info] Started D-reducibility check
[2024-02-20 17:47:10.889] [info] #1: Feasible / Total: 31002 / 199291
[2024-02-20 17:49:21.305] [info] #2: Feasible / Total: 52738 / 199291
[2024-02-20 17:50:58.804] [info] #3: Feasible / Total: 77535 / 199291
[2024-02-20 17:53:02.844] [info] #4: Feasible / Total: 117226 / 199291
[2024-02-20 17:54:08.168] [info] #5: Feasible / Total: 157165 / 199291
[2024-02-20 17:54:13.577] [info] #6: Feasible / Total: 161099 / 199291
[2024-02-20 17:54:14.168] [info] #7: Feasible / Total: 161173 / 199291
[2024-02-20 17:54:14.534] [info] #8: Feasible / Total: 161177 / 199291
[2024-02-20 17:54:14.884] [info] #8: Feasible / Total: 161177 / 199291
[2024-02-20 17:54:14.884] [info] Graph is not D-reducible.
[2024-02-20 17:54:14.910] [info] Started C-reducibility check
[2024-02-20 17:55:25.064] [info] Trying 43719832 possible contractions
[2024-02-20 17:55:25.064] [info] [0/43719832] Starting contraction of size 1
[2024-02-20 17:56:22.331] [info] [47/43719832] Starting contraction of size 2
[2024-02-20 18:12:50.064] [info] [1048/43719832] Starting contraction of size 3
[2024-02-20 19:21:46.976] [info] All colors passed! Contracted: 18, 44, 47
[2024-02-20 19:21:46.976] [info] Graph is C-reducible!
