[2023-11-16 15:21:25.632] [info] Kempe type: Toroidal
[2023-11-16 15:21:25.632] [info] Vertex size: 31, Edge size: 53, Ring size: 13
[2023-11-16 15:21:30.984] [info] Started D-reducibility check
[2023-11-16 15:21:30.984] [info] #1: Feasible / Total: 9522 / 66430
[2023-11-16 15:24:22.026] [info] #2: Feasible / Total: 15807 / 66430
[2023-11-16 15:25:39.670] [info] #3: Feasible / Total: 20650 / 66430
[2023-11-16 15:26:44.767] [info] #4: Feasible / Total: 25219 / 66430
[2023-11-16 15:28:03.220] [info] #5: Feasible / Total: 31100 / 66430
[2023-11-16 15:29:24.578] [info] #6: Feasible / Total: 38928 / 66430
[2023-11-16 15:30:08.717] [info] #7: Feasible / Total: 46073 / 66430
[2023-11-16 15:30:43.457] [info] #8: Feasible / Total: 50235 / 66430
[2023-11-16 15:30:52.810] [info] #9: Feasible / Total: 52554 / 66430
[2023-11-16 15:30:53.806] [info] #10: Feasible / Total: 52557 / 66430
[2023-11-16 15:30:54.703] [info] #10: Feasible / Total: 52557 / 66430
[2023-11-16 15:30:54.703] [info] Graph is not D-reducible.
[2023-11-16 15:30:54.775] [info] Started C-reducibility check
[2023-11-16 15:34:37.641] [info] Trying 8099973 possible contractions
[2023-11-16 15:34:37.641] [info] [0/8099973] Starting contraction of size 1
[2023-11-16 15:36:03.530] [info] [40/8099973] Starting contraction of size 2
[2023-11-16 15:55:54.337] [info] [753/8099973] Starting contraction of size 3
[2023-11-16 17:07:22.604] [info] All colors passed! Contracted: 15, 37, 51
[2023-11-16 17:07:22.614] [info] Graph is C-reducible!
