[2024-06-05 20:08:30.404] [info] Kempe type: Toroidal
[2024-06-05 20:08:30.404] [info] Vertex size: 34, Edge size: 58, Ring size: 14
[2024-06-05 20:08:31.595] [info] Started D-reducibility check
[2024-06-05 20:08:31.595] [info] #1: Feasible / Total: 24306 / 199291
[2024-06-05 20:10:41.037] [info] #2: Feasible / Total: 37899 / 199291
[2024-06-05 20:11:50.279] [info] #3: Feasible / Total: 49661 / 199291
[2024-06-05 20:12:55.333] [info] #4: Feasible / Total: 63327 / 199291
[2024-06-05 20:14:15.817] [info] #5: Feasible / Total: 86248 / 199291
[2024-06-05 20:15:45.586] [info] #6: Feasible / Total: 125246 / 199291
[2024-06-05 20:16:30.426] [info] #7: Feasible / Total: 156131 / 199291
[2024-06-05 20:16:40.292] [info] #8: Feasible / Total: 166043 / 199291
[2024-06-05 20:16:40.888] [info] #9: Feasible / Total: 166175 / 199291
[2024-06-05 20:16:41.197] [info] #9: Feasible / Total: 166175 / 199291
[2024-06-05 20:16:41.197] [info] Graph is not D-reducible.
[2024-06-05 20:16:41.218] [info] Started C-reducibility check
[2024-06-05 20:17:13.866] [info] Trying 22387084 possible contractions
[2024-06-05 20:17:13.866] [info] [0/22387084] Starting contraction of size 1
[2024-06-05 20:17:54.333] [info] [44/22387084] Starting contraction of size 2
[2024-06-05 20:29:26.923] [info] [916/22387084] Starting contraction of size 3
[2024-06-05 22:26:42.705] [info] [11238/22387084] Starting contraction of size 4
[2024-06-06 01:13:50.927] [info] All colors passed! Contracted: 23, 44, 50, 57
[2024-06-06 01:13:50.927] [info] Graph is C-reducible!
