[2024-06-13 17:18:33.536] [info] Kempe type: Toroidal
[2024-06-13 17:18:33.536] [info] Vertex size: 34, Edge size: 58, Ring size: 14
[2024-06-13 17:18:35.094] [info] Started D-reducibility check
[2024-06-13 17:18:35.094] [info] #1: Feasible / Total: 22254 / 199291
[2024-06-13 17:21:26.718] [info] #2: Feasible / Total: 34639 / 199291
[2024-06-13 17:22:22.898] [info] #3: Feasible / Total: 42867 / 199291
[2024-06-13 17:23:06.710] [info] #4: Feasible / Total: 51030 / 199291
[2024-06-13 17:23:57.129] [info] #5: Feasible / Total: 58464 / 199291
[2024-06-13 17:24:31.024] [info] #6: Feasible / Total: 64841 / 199291
[2024-06-13 17:24:58.973] [info] #7: Feasible / Total: 69513 / 199291
[2024-06-13 17:25:21.592] [info] #8: Feasible / Total: 72633 / 199291
[2024-06-13 17:25:52.809] [info] #9: Feasible / Total: 75981 / 199291
[2024-06-13 17:26:27.520] [info] #10: Feasible / Total: 81363 / 199291
[2024-06-13 17:27:17.247] [info] #11: Feasible / Total: 90917 / 199291
[2024-06-13 17:28:14.946] [info] #12: Feasible / Total: 106515 / 199291
[2024-06-13 17:28:44.779] [info] #13: Feasible / Total: 121413 / 199291
[2024-06-13 17:28:48.753] [info] #14: Feasible / Total: 123930 / 199291
[2024-06-13 17:28:49.583] [info] #15: Feasible / Total: 123934 / 199291
[2024-06-13 17:28:50.533] [info] #15: Feasible / Total: 123934 / 199291
[2024-06-13 17:28:50.533] [info] Graph is not D-reducible.
[2024-06-13 17:28:50.556] [info] Started C-reducibility check
[2024-06-13 17:29:36.211] [info] Trying 22305592 possible contractions
[2024-06-13 17:29:36.211] [info] [0/22305592] Starting contraction of size 1
[2024-06-13 17:29:38.859] [info] All colors passed! Contracted: 50
[2024-06-13 17:29:38.859] [info] Graph is C-reducible!
