[2024-04-17 22:38:46.416] [info] Kempe type: Toroidal
[2024-04-17 22:38:46.416] [info] Vertex size: 28, Edge size: 48, Ring size: 12
[2024-04-17 22:38:46.479] [info] Started D-reducibility check
[2024-04-17 22:38:46.479] [info] #1: Feasible / Total: 4024 / 22144
[2024-04-17 22:38:49.297] [info] #2: Feasible / Total: 5796 / 22144
[2024-04-17 22:38:50.860] [info] #3: Feasible / Total: 6925 / 22144
[2024-04-17 22:38:52.011] [info] #4: Feasible / Total: 8231 / 22144
[2024-04-17 22:38:53.357] [info] #5: Feasible / Total: 10277 / 22144
[2024-04-17 22:38:54.546] [info] #6: Feasible / Total: 12935 / 22144
[2024-04-17 22:38:55.807] [info] #7: Feasible / Total: 17054 / 22144
[2024-04-17 22:38:56.122] [info] #8: Feasible / Total: 19112 / 22144
[2024-04-17 22:38:56.204] [info] #9: Feasible / Total: 19359 / 22144
[2024-04-17 22:38:56.218] [info] #10: Feasible / Total: 19360 / 22144
[2024-04-17 22:38:56.231] [info] #10: Feasible / Total: 19360 / 22144
[2024-04-17 22:38:56.231] [info] Graph is not D-reducible.
[2024-04-17 22:38:56.235] [info] Started C-reducibility check
[2024-04-17 22:38:59.450] [info] Trying 2628874 possible contractions
[2024-04-17 22:38:59.450] [info] [0/2628874] Starting contraction of size 1
[2024-04-17 22:39:01.142] [info] [36/2628874] Starting contraction of size 2
[2024-04-17 22:39:24.490] [info] [606/2628874] Starting contraction of size 3
[2024-04-17 22:40:04.708] [info] All colors passed! Contracted: 14, 25, 43
[2024-04-17 22:40:04.708] [info] Graph is C-reducible!
