[2023-11-19 12:28:27.346] [info] Kempe type: Toroidal
[2023-11-19 12:28:27.459] [info] Vertex size: 29, Edge size: 50, Ring size: 13
[2023-11-19 12:28:30.174] [info] Started D-reducibility check
[2023-11-19 12:28:30.174] [info] #1: Feasible / Total: 8749 / 66430
[2023-11-19 12:30:13.176] [info] #2: Feasible / Total: 10874 / 66430
[2023-11-19 12:30:45.976] [info] #3: Feasible / Total: 11527 / 66430
[2023-11-19 12:31:05.261] [info] #4: Feasible / Total: 12044 / 66430
[2023-11-19 12:31:20.819] [info] #5: Feasible / Total: 12449 / 66430
[2023-11-19 12:31:33.477] [info] #6: Feasible / Total: 12747 / 66430
[2023-11-19 12:31:43.538] [info] #7: Feasible / Total: 13006 / 66430
[2023-11-19 12:31:52.317] [info] #8: Feasible / Total: 13175 / 66430
[2023-11-19 12:32:00.473] [info] #9: Feasible / Total: 13299 / 66430
[2023-11-19 12:32:06.661] [info] #10: Feasible / Total: 13369 / 66430
[2023-11-19 12:32:12.539] [info] #11: Feasible / Total: 13425 / 66430
[2023-11-19 12:32:17.563] [info] #12: Feasible / Total: 13449 / 66430
[2023-11-19 12:32:22.552] [info] #13: Feasible / Total: 13490 / 66430
[2023-11-19 12:32:27.648] [info] #14: Feasible / Total: 13524 / 66430
[2023-11-19 12:32:32.800] [info] #15: Feasible / Total: 13559 / 66430
[2023-11-19 12:32:38.397] [info] #16: Feasible / Total: 13593 / 66430
[2023-11-19 12:32:43.559] [info] #17: Feasible / Total: 13628 / 66430
[2023-11-19 12:32:50.134] [info] #18: Feasible / Total: 13710 / 66430
[2023-11-19 12:32:56.462] [info] #19: Feasible / Total: 13827 / 66430
[2023-11-19 12:33:03.976] [info] #20: Feasible / Total: 13891 / 66430
[2023-11-19 12:33:09.647] [info] #21: Feasible / Total: 13928 / 66430
[2023-11-19 12:33:15.526] [info] #22: Feasible / Total: 13998 / 66430
[2023-11-19 12:33:22.640] [info] #23: Feasible / Total: 14084 / 66430
[2023-11-19 12:33:30.710] [info] #24: Feasible / Total: 14176 / 66430
[2023-11-19 12:33:37.754] [info] #25: Feasible / Total: 14288 / 66430
[2023-11-19 12:33:46.413] [info] #26: Feasible / Total: 14429 / 66430
[2023-11-19 12:33:56.266] [info] #27: Feasible / Total: 14591 / 66430
[2023-11-19 12:34:04.607] [info] #28: Feasible / Total: 14699 / 66430
[2023-11-19 12:34:11.202] [info] #29: Feasible / Total: 14780 / 66430
[2023-11-19 12:34:16.630] [info] #30: Feasible / Total: 14832 / 66430
[2023-11-19 12:34:23.509] [info] #31: Feasible / Total: 14904 / 66430
[2023-11-19 12:34:31.709] [info] #32: Feasible / Total: 14990 / 66430
[2023-11-19 12:34:39.576] [info] #33: Feasible / Total: 15077 / 66430
[2023-11-19 12:34:45.660] [info] #34: Feasible / Total: 15189 / 66430
[2023-11-19 12:34:53.386] [info] #35: Feasible / Total: 15349 / 66430
[2023-11-19 12:35:03.145] [info] #36: Feasible / Total: 15600 / 66430
[2023-11-19 12:35:13.561] [info] #37: Feasible / Total: 15897 / 66430
[2023-11-19 12:35:25.518] [info] #38: Feasible / Total: 16287 / 66430
[2023-11-19 12:35:44.958] [info] #39: Feasible / Total: 16887 / 66430
[2023-11-19 12:36:13.303] [info] #40: Feasible / Total: 17739 / 66430
[2023-11-19 12:36:42.042] [info] #41: Feasible / Total: 18752 / 66430
[2023-11-19 12:37:08.048] [info] #42: Feasible / Total: 19663 / 66430
[2023-11-19 12:37:31.331] [info] #43: Feasible / Total: 20671 / 66430
[2023-11-19 12:37:42.560] [info] #44: Feasible / Total: 21877 / 66430
[2023-11-19 12:38:03.725] [info] #45: Feasible / Total: 22932 / 66430
[2023-11-19 12:38:22.894] [info] #46: Feasible / Total: 24168 / 66430
[2023-11-19 12:38:42.040] [info] #47: Feasible / Total: 25844 / 66430
[2023-11-19 12:39:15.335] [info] #48: Feasible / Total: 28463 / 66430
[2023-11-19 12:40:08.850] [info] #49: Feasible / Total: 32748 / 66430
[2023-11-19 12:40:56.784] [info] #50: Feasible / Total: 38497 / 66430
[2023-11-19 12:41:21.131] [info] #51: Feasible / Total: 42194 / 66430
[2023-11-19 12:41:29.219] [info] #52: Feasible / Total: 43461 / 66430
[2023-11-19 12:41:30.826] [info] #53: Feasible / Total: 43578 / 66430
[2023-11-19 12:41:32.157] [info] #54: Feasible / Total: 43649 / 66430
[2023-11-19 12:41:33.283] [info] #54: Feasible / Total: 43649 / 66430
[2023-11-19 12:41:33.302] [info] Graph is not D-reducible.
[2023-11-19 12:41:33.338] [info] Started C-reducibility check
[2023-11-19 12:45:51.442] [info] Trying 12800796 possible contractions
[2023-11-19 12:45:51.450] [info] [0/12800796] Starting contraction of size 1
[2023-11-19 12:46:34.275] [info] [37/12800796] Starting contraction of size 2
[2023-11-19 12:54:55.517] [info] [642/12800796] Starting contraction of size 3
[2023-11-19 13:11:34.788] [info] All colors passed! Contracted: 30, 36, 42
[2023-11-19 13:11:34.806] [info] Graph is C-reducible!
