[2023-11-16 15:21:25.441] [info] Kempe type: Toroidal
[2023-11-16 15:21:25.441] [info] Vertex size: 26, Edge size: 45, Ring size: 12
[2023-11-16 15:21:26.887] [info] Started D-reducibility check
[2023-11-16 15:21:26.887] [info] #1: Feasible / Total: 3251 / 22144
[2023-11-16 15:21:47.014] [info] #2: Feasible / Total: 4035 / 22144
[2023-11-16 15:21:53.240] [info] #3: Feasible / Total: 4615 / 22144
[2023-11-16 15:21:57.593] [info] #4: Feasible / Total: 4925 / 22144
[2023-11-16 15:22:00.714] [info] #5: Feasible / Total: 5233 / 22144
[2023-11-16 15:22:03.634] [info] #6: Feasible / Total: 5528 / 22144
[2023-11-16 15:22:06.356] [info] #7: Feasible / Total: 5802 / 22144
[2023-11-16 15:22:08.629] [info] #8: Feasible / Total: 5950 / 22144
[2023-11-16 15:22:10.471] [info] #9: Feasible / Total: 6059 / 22144
[2023-11-16 15:22:12.234] [info] #10: Feasible / Total: 6179 / 22144
[2023-11-16 15:22:14.059] [info] #11: Feasible / Total: 6292 / 22144
[2023-11-16 15:22:16.255] [info] #12: Feasible / Total: 6404 / 22144
[2023-11-16 15:22:18.866] [info] #13: Feasible / Total: 6534 / 22144
[2023-11-16 15:22:22.343] [info] #14: Feasible / Total: 6775 / 22144
[2023-11-16 15:22:25.783] [info] #15: Feasible / Total: 7160 / 22144
[2023-11-16 15:22:29.904] [info] #16: Feasible / Total: 7736 / 22144
[2023-11-16 15:22:35.323] [info] #17: Feasible / Total: 8484 / 22144
[2023-11-16 15:22:41.295] [info] #18: Feasible / Total: 9735 / 22144
[2023-11-16 15:22:48.101] [info] #19: Feasible / Total: 11185 / 22144
[2023-11-16 15:22:51.316] [info] #20: Feasible / Total: 12071 / 22144
[2023-11-16 15:22:52.112] [info] #21: Feasible / Total: 12176 / 22144
[2023-11-16 15:22:52.615] [info] #21: Feasible / Total: 12176 / 22144
[2023-11-16 15:22:52.615] [info] Graph is not D-reducible.
[2023-11-16 15:22:52.618] [info] Started C-reducibility check
[2023-11-16 15:23:06.749] [info] Trying 1078096 possible contractions
[2023-11-16 15:23:06.749] [info] [0/1078096] Starting contraction of size 1
[2023-11-16 15:23:08.918] [info] All colors passed! Contracted: 15
[2023-11-16 15:23:08.918] [info] Graph is C-reducible!
