[2024-07-30 10:19:31.672] [info] Kempe type: Toroidal
[2024-07-30 10:19:31.672] [info] Vertex size: 37, Edge size: 63, Ring size: 15
[2024-07-30 10:19:37.638] [info] Started D-reducibility check
[2024-07-30 10:19:37.638] [info] #1: Feasible / Total: 67150 / 597871
[2024-07-30 10:34:52.550] [info] #2: Feasible / Total: 109870 / 597871
[2024-07-30 10:46:37.612] [info] #3: Feasible / Total: 146711 / 597871
[2024-07-30 11:02:02.764] [info] #4: Feasible / Total: 204146 / 597871
[2024-07-30 11:24:34.317] [info] #5: Feasible / Total: 314141 / 597871
[2024-07-30 11:39:17.621] [info] #6: Feasible / Total: 456706 / 597871
[2024-07-30 11:42:22.214] [info] #7: Feasible / Total: 511465 / 597871
[2024-07-30 11:42:37.191] [info] #8: Feasible / Total: 515530 / 597871
[2024-07-30 11:42:38.728] [info] #9: Feasible / Total: 515551 / 597871
[2024-07-30 11:42:40.479] [info] #9: Feasible / Total: 515551 / 597871
[2024-07-30 11:42:40.479] [info] Graph is not D-reducible.
[2024-07-30 11:42:40.566] [info] Started C-reducibility check
[2024-07-30 11:44:42.131] [info] Trying 55496904 possible contractions
[2024-07-30 11:44:42.131] [info] [0/55496904] Starting contraction of size 1
[2024-07-30 11:47:00.731] [info] [48/55496904] Starting contraction of size 2
[2024-07-30 12:27:15.146] [info] [1095/55496904] Starting contraction of size 3
[2024-07-30 14:48:54.723] [info] All colors passed! Contracted: 34, 44, 56
[2024-07-30 14:48:54.723] [info] Graph is C-reducible!
