[2024-02-29 13:51:04.793] [info] Kempe type: Toroidal
[2024-02-29 13:51:04.793] [info] Vertex size: 37, Edge size: 63, Ring size: 15
[2024-02-29 13:51:06.475] [info] Started D-reducibility check
[2024-02-29 13:51:06.476] [info] #1: Feasible / Total: 63845 / 597871
[2024-02-29 13:59:43.088] [info] #2: Feasible / Total: 95926 / 597871
[2024-02-29 14:05:02.698] [info] #3: Feasible / Total: 121295 / 597871
[2024-02-29 14:09:54.852] [info] #4: Feasible / Total: 146376 / 597871
[2024-02-29 14:15:18.411] [info] #5: Feasible / Total: 175070 / 597871
[2024-02-29 14:22:23.969] [info] #6: Feasible / Total: 212419 / 597871
[2024-02-29 14:32:10.811] [info] #7: Feasible / Total: 269999 / 597871
[2024-02-29 14:43:43.968] [info] #8: Feasible / Total: 363342 / 597871
[2024-02-29 14:53:13.071] [info] #9: Feasible / Total: 517810 / 597871
[2024-02-29 14:54:57.831] [info] #10: Feasible / Total: 592956 / 597871
[2024-02-29 14:54:58.613] [info] #11: Feasible / Total: 593902 / 597871
[2024-02-29 14:54:58.666] [info] #11: Feasible / Total: 593902 / 597871
[2024-02-29 14:54:58.666] [info] Graph is not D-reducible.
[2024-02-29 14:54:58.747] [info] Started C-reducibility check
[2024-02-29 14:56:26.377] [info] Trying 55825872 possible contractions
[2024-02-29 14:56:26.377] [info] [0/55825872] Starting contraction of size 1
[2024-02-29 14:56:27.646] [info] All colors passed! Contracted: 27
[2024-02-29 14:56:27.646] [info] Graph is C-reducible!
