[2023-11-21 15:24:39.147] [info] Kempe type: Toroidal
[2023-11-21 15:24:39.147] [info] Vertex size: 33, Edge size: 56, Ring size: 13
[2023-11-21 15:24:41.893] [info] Started D-reducibility check
[2023-11-21 15:24:41.894] [info] #1: Feasible / Total: 11229 / 66430
[2023-11-21 15:27:22.022] [info] #2: Feasible / Total: 13036 / 66430
[2023-11-21 15:28:45.262] [info] #3: Feasible / Total: 14292 / 66430
[2023-11-21 15:29:59.731] [info] #4: Feasible / Total: 15721 / 66430
[2023-11-21 15:31:25.286] [info] #5: Feasible / Total: 18020 / 66430
[2023-11-21 15:33:19.320] [info] #6: Feasible / Total: 21682 / 66430
[2023-11-21 15:36:29.590] [info] #7: Feasible / Total: 28615 / 66430
[2023-11-21 15:39:11.680] [info] #8: Feasible / Total: 37754 / 66430
[2023-11-21 15:40:54.007] [info] #9: Feasible / Total: 43549 / 66430
[2023-11-21 15:42:19.148] [info] #10: Feasible / Total: 48980 / 66430
[2023-11-21 15:42:54.621] [info] #11: Feasible / Total: 51693 / 66430
[2023-11-21 15:42:59.071] [info] #12: Feasible / Total: 51802 / 66430
[2023-11-21 15:43:05.666] [info] #12: Feasible / Total: 51802 / 66430
[2023-11-21 15:43:05.667] [info] Graph is not D-reducible.
[2023-11-21 15:43:06.034] [info] Started C-reducibility check
[2023-11-21 16:10:02.002] [info] Trying 17054600 possible contractions
[2023-11-21 16:10:02.010] [info] [0/17054600] Starting contraction of size 1
[2023-11-21 16:10:15.721] [info] All colors passed! Contracted: 20
[2023-11-21 16:10:15.742] [info] Graph is C-reducible!
