[2024-08-09 10:24:39.280] [info] Kempe type: Toroidal
[2024-08-09 10:24:39.280] [info] Vertex size: 40, Edge size: 68, Ring size: 16
[2024-08-09 10:24:47.265] [info] Started D-reducibility check
[2024-08-09 10:24:47.266] [info] #1: Feasible / Total: 167479 / 1793614
[2024-08-09 13:14:38.261] [info] #2: Feasible / Total: 259402 / 1793614
[2024-08-09 14:52:37.477] [info] #3: Feasible / Total: 341317 / 1793614
[2024-08-09 16:25:04.517] [info] #4: Feasible / Total: 443028 / 1793614
[2024-08-09 18:25:33.000] [info] #5: Feasible / Total: 608180 / 1793614
[2024-08-09 21:13:04.370] [info] #6: Feasible / Total: 903776 / 1793614
[2024-08-09 23:36:21.718] [info] #7: Feasible / Total: 1291063 / 1793614
[2024-08-10 00:10:30.799] [info] #8: Feasible / Total: 1459879 / 1793614
[2024-08-10 00:11:55.790] [info] #9: Feasible / Total: 1466353 / 1793614
[2024-08-10 00:12:10.179] [info] #10: Feasible / Total: 1466362 / 1793614
[2024-08-10 00:12:20.688] [info] #10: Feasible / Total: 1466362 / 1793614
[2024-08-10 00:12:20.688] [info] Graph is not D-reducible.
[2024-08-10 00:12:21.222] [info] Started C-reducibility check
[2024-08-10 00:15:35.891] [info] Trying 127019778 possible contractions
[2024-08-10 00:15:35.891] [info] [0/127019778] Starting contraction of size 1
[2024-08-10 00:16:01.635] [info] All colors passed! Contracted: 49
[2024-08-10 00:16:01.635] [info] Graph is C-reducible!
