[2024-07-10 14:40:11.527] [info] Kempe type: Toroidal
[2024-07-10 14:40:11.527] [info] Vertex size: 38, Edge size: 64, Ring size: 14
[2024-07-10 14:40:13.062] [info] Started D-reducibility check
[2024-07-10 14:40:13.062] [info] #1: Feasible / Total: 30055 / 199291
[2024-07-10 14:42:47.251] [info] #2: Feasible / Total: 50114 / 199291
[2024-07-10 14:44:19.077] [info] #3: Feasible / Total: 69686 / 199291
[2024-07-10 14:46:18.767] [info] #4: Feasible / Total: 98468 / 199291
[2024-07-10 14:48:15.849] [info] #5: Feasible / Total: 140506 / 199291
[2024-07-10 14:49:14.419] [info] #6: Feasible / Total: 175429 / 199291
[2024-07-10 14:49:26.852] [info] #7: Feasible / Total: 183637 / 199291
[2024-07-10 14:49:27.117] [info] #8: Feasible / Total: 183681 / 199291
[2024-07-10 14:49:27.278] [info] #8: Feasible / Total: 183681 / 199291
[2024-07-10 14:49:27.278] [info] Graph is not D-reducible.
[2024-07-10 14:49:27.306] [info] Started C-reducibility check
[2024-07-10 14:51:25.884] [info] Trying 81653758 possible contractions
[2024-07-10 14:51:25.884] [info] [0/81653758] Starting contraction of size 1
[2024-07-10 14:52:32.499] [info] [50/81653758] Starting contraction of size 2
[2024-07-10 15:12:02.961] [info] [1189/81653758] Starting contraction of size 3
[2024-07-10 16:24:03.596] [info] All colors passed! Contracted: 17, 48, 53
[2024-07-10 16:24:03.597] [info] Graph is C-reducible!
