[2024-03-26 17:55:52.388] [info] Kempe type: Toroidal
[2024-03-26 17:55:52.388] [info] Vertex size: 39, Edge size: 66, Ring size: 15
[2024-03-26 17:55:56.203] [info] Started D-reducibility check
[2024-03-26 17:55:56.204] [info] #1: Feasible / Total: 70629 / 597871
[2024-03-26 18:03:39.513] [info] #2: Feasible / Total: 99865 / 597871
[2024-03-26 18:07:41.621] [info] #3: Feasible / Total: 119316 / 597871
[2024-03-26 18:11:36.187] [info] #4: Feasible / Total: 135968 / 597871
[2024-03-26 18:16:13.038] [info] #5: Feasible / Total: 156561 / 597871
[2024-03-26 18:21:40.242] [info] #6: Feasible / Total: 184557 / 597871
[2024-03-26 18:28:30.129] [info] #7: Feasible / Total: 225074 / 597871
[2024-03-26 18:35:58.171] [info] #8: Feasible / Total: 284347 / 597871
[2024-03-26 18:40:13.233] [info] #9: Feasible / Total: 338186 / 597871
[2024-03-26 18:41:12.634] [info] #10: Feasible / Total: 352026 / 597871
[2024-03-26 18:42:16.507] [info] #11: Feasible / Total: 357249 / 597871
[2024-03-26 18:44:20.851] [info] #12: Feasible / Total: 370443 / 597871
[2024-03-26 18:48:13.177] [info] #13: Feasible / Total: 406461 / 597871
[2024-03-26 18:50:24.931] [info] #14: Feasible / Total: 447965 / 597871
[2024-03-26 18:51:38.710] [info] #15: Feasible / Total: 455454 / 597871
[2024-03-26 18:52:19.876] [info] #16: Feasible / Total: 461651 / 597871
[2024-03-26 18:52:23.149] [info] #17: Feasible / Total: 461889 / 597871
[2024-03-26 18:52:25.112] [info] #18: Feasible / Total: 461890 / 597871
[2024-03-26 18:52:27.061] [info] #18: Feasible / Total: 461890 / 597871
[2024-03-26 18:52:27.062] [info] Graph is not D-reducible.
[2024-03-26 18:52:27.151] [info] Started C-reducibility check
[2024-03-26 18:54:43.087] [info] Trying 102025481 possible contractions
[2024-03-26 18:54:43.088] [info] [0/102025481] Starting contraction of size 1
[2024-03-26 18:54:45.323] [info] All colors passed! Contracted: 40
[2024-03-26 18:54:45.324] [info] Graph is C-reducible!
