[2024-06-18 22:54:33.659] [info] Kempe type: Toroidal
[2024-06-18 22:54:33.659] [info] Vertex size: 34, Edge size: 58, Ring size: 14
[2024-06-18 22:54:35.230] [info] Started D-reducibility check
[2024-06-18 22:54:35.230] [info] #1: Feasible / Total: 24731 / 199291
[2024-06-18 22:57:37.035] [info] #2: Feasible / Total: 35057 / 199291
[2024-06-18 22:58:34.976] [info] #3: Feasible / Total: 41626 / 199291
[2024-06-18 22:59:19.661] [info] #4: Feasible / Total: 46531 / 199291
[2024-06-18 22:59:52.856] [info] #5: Feasible / Total: 50375 / 199291
[2024-06-18 23:00:12.810] [info] #6: Feasible / Total: 52936 / 199291
[2024-06-18 23:00:43.280] [info] #7: Feasible / Total: 54988 / 199291
[2024-06-18 23:01:06.578] [info] #8: Feasible / Total: 56984 / 199291
[2024-06-18 23:01:36.294] [info] #9: Feasible / Total: 59362 / 199291
[2024-06-18 23:02:05.646] [info] #10: Feasible / Total: 61986 / 199291
[2024-06-18 23:02:58.452] [info] #11: Feasible / Total: 65966 / 199291
[2024-06-18 23:03:59.597] [info] #12: Feasible / Total: 73696 / 199291
[2024-06-18 23:05:48.916] [info] #13: Feasible / Total: 89959 / 199291
[2024-06-18 23:08:06.728] [info] #14: Feasible / Total: 118411 / 199291
[2024-06-18 23:09:21.509] [info] #15: Feasible / Total: 137693 / 199291
[2024-06-18 23:09:37.254] [info] #16: Feasible / Total: 141289 / 199291
[2024-06-18 23:09:40.124] [info] #17: Feasible / Total: 141507 / 199291
[2024-06-18 23:09:41.448] [info] #18: Feasible / Total: 141511 / 199291
[2024-06-18 23:09:42.740] [info] #18: Feasible / Total: 141511 / 199291
[2024-06-18 23:09:42.740] [info] Graph is not D-reducible.
[2024-06-18 23:09:42.800] [info] Started C-reducibility check
[2024-06-18 23:10:42.747] [info] Trying 22308629 possible contractions
[2024-06-18 23:10:42.747] [info] [0/22308629] Starting contraction of size 1
[2024-06-18 23:11:39.887] [info] [44/22308629] Starting contraction of size 2
[2024-06-18 23:26:15.736] [info] [916/22308629] Starting contraction of size 3
[2024-06-19 01:48:02.238] [info] [11237/22308629] Starting contraction of size 4
[2024-06-19 17:00:23.662] [info] [92858/22308629] Starting contraction of size 5
[2024-06-21 15:00:28.758] [info] All colors passed! Contracted: 15, 21, 22, 46, 48
[2024-06-21 15:00:28.762] [info] Graph is C-reducible!
