[2024-02-24 13:27:03.007] [info] Kempe type: Toroidal
[2024-02-24 13:27:03.007] [info] Vertex size: 30, Edge size: 51, Ring size: 12
[2024-02-24 13:27:03.082] [info] Started D-reducibility check
[2024-02-24 13:27:03.082] [info] #1: Feasible / Total: 4265 / 22144
[2024-02-24 13:27:05.785] [info] #2: Feasible / Total: 5600 / 22144
[2024-02-24 13:27:06.605] [info] #3: Feasible / Total: 6558 / 22144
[2024-02-24 13:27:07.406] [info] #4: Feasible / Total: 7468 / 22144
[2024-02-24 13:27:08.151] [info] #5: Feasible / Total: 8776 / 22144
[2024-02-24 13:27:09.142] [info] #6: Feasible / Total: 10549 / 22144
[2024-02-24 13:27:10.370] [info] #7: Feasible / Total: 12650 / 22144
[2024-02-24 13:27:11.032] [info] #8: Feasible / Total: 14382 / 22144
[2024-02-24 13:27:11.323] [info] #9: Feasible / Total: 15085 / 22144
[2024-02-24 13:27:11.398] [info] #10: Feasible / Total: 15137 / 22144
[2024-02-24 13:27:11.434] [info] #10: Feasible / Total: 15137 / 22144
[2024-02-24 13:27:11.434] [info] Graph is not D-reducible.
[2024-02-24 13:27:11.437] [info] Started C-reducibility check
[2024-02-24 13:27:19.407] [info] Trying 5993825 possible contractions
[2024-02-24 13:27:19.407] [info] [0/5993825] Starting contraction of size 1
[2024-02-24 13:27:19.623] [info] All colors passed! Contracted: 26
[2024-02-24 13:27:19.623] [info] Graph is C-reducible!
