[2023-11-16 15:21:25.429] [info] Kempe type: Toroidal
[2023-11-16 15:21:25.429] [info] Vertex size: 29, Edge size: 50, Ring size: 13
[2023-11-16 15:21:27.954] [info] Started D-reducibility check
[2023-11-16 15:21:27.954] [info] #1: Feasible / Total: 8683 / 66430
[2023-11-16 15:23:10.383] [info] #2: Feasible / Total: 10496 / 66430
[2023-11-16 15:23:34.646] [info] #3: Feasible / Total: 11112 / 66430
[2023-11-16 15:23:47.206] [info] #4: Feasible / Total: 11522 / 66430
[2023-11-16 15:23:58.538] [info] #5: Feasible / Total: 11846 / 66430
[2023-11-16 15:24:07.861] [info] #6: Feasible / Total: 12086 / 66430
[2023-11-16 15:24:17.480] [info] #7: Feasible / Total: 12332 / 66430
[2023-11-16 15:24:29.086] [info] #8: Feasible / Total: 12692 / 66430
[2023-11-16 15:24:41.881] [info] #9: Feasible / Total: 13145 / 66430
[2023-11-16 15:24:57.527] [info] #10: Feasible / Total: 13689 / 66430
[2023-11-16 15:25:11.928] [info] #11: Feasible / Total: 14169 / 66430
[2023-11-16 15:25:24.212] [info] #12: Feasible / Total: 14604 / 66430
[2023-11-16 15:25:35.986] [info] #13: Feasible / Total: 14998 / 66430
[2023-11-16 15:25:48.536] [info] #14: Feasible / Total: 15392 / 66430
[2023-11-16 15:26:02.791] [info] #15: Feasible / Total: 15867 / 66430
[2023-11-16 15:26:14.150] [info] #16: Feasible / Total: 16369 / 66430
[2023-11-16 15:26:27.520] [info] #17: Feasible / Total: 16917 / 66430
[2023-11-16 15:26:44.329] [info] #18: Feasible / Total: 17548 / 66430
[2023-11-16 15:27:03.873] [info] #19: Feasible / Total: 18289 / 66430
[2023-11-16 15:27:22.450] [info] #20: Feasible / Total: 19180 / 66430
[2023-11-16 15:27:43.600] [info] #21: Feasible / Total: 20211 / 66430
[2023-11-16 15:28:02.006] [info] #22: Feasible / Total: 21168 / 66430
[2023-11-16 15:28:23.408] [info] #23: Feasible / Total: 22322 / 66430
[2023-11-16 15:28:43.578] [info] #24: Feasible / Total: 23624 / 66430
[2023-11-16 15:29:06.535] [info] #25: Feasible / Total: 25221 / 66430
[2023-11-16 15:29:35.524] [info] #26: Feasible / Total: 27199 / 66430
[2023-11-16 15:30:16.500] [info] #27: Feasible / Total: 30344 / 66430
[2023-11-16 15:31:04.536] [info] #28: Feasible / Total: 34382 / 66430
[2023-11-16 15:31:33.027] [info] #29: Feasible / Total: 37957 / 66430
[2023-11-16 15:31:45.693] [info] #30: Feasible / Total: 39246 / 66430
[2023-11-16 15:31:48.523] [info] #31: Feasible / Total: 39329 / 66430
[2023-11-16 15:31:50.380] [info] #31: Feasible / Total: 39329 / 66430
[2023-11-16 15:31:50.380] [info] Graph is not D-reducible.
[2023-11-16 15:31:50.452] [info] Started C-reducibility check
[2023-11-16 15:32:56.552] [info] Trying 3655943 possible contractions
[2023-11-16 15:32:56.553] [info] [0/3655943] Starting contraction of size 1
[2023-11-16 15:33:31.124] [info] [37/3655943] Starting contraction of size 2
[2023-11-16 15:40:59.891] [info] [642/3655943] Starting contraction of size 3
[2023-11-16 15:42:29.950] [info] All colors passed! Contracted: 26, 28, 49
[2023-11-16 15:42:29.950] [info] Graph is C-reducible!
