[2023-11-16 14:26:43.948] [info] Kempe type: Toroidal
[2023-11-16 14:26:43.948] [info] Vertex size: 32, Edge size: 55, Ring size: 14
[2023-11-16 14:26:54.698] [info] Started D-reducibility check
[2023-11-16 14:26:54.698] [info] #1: Feasible / Total: 21475 / 199291
[2023-11-16 14:40:02.139] [info] #2: Feasible / Total: 34219 / 199291
[2023-11-16 14:44:16.536] [info] #3: Feasible / Total: 39407 / 199291
[2023-11-16 14:47:09.728] [info] #4: Feasible / Total: 43443 / 199291
[2023-11-16 14:50:11.860] [info] #5: Feasible / Total: 48345 / 199291
[2023-11-16 14:53:23.877] [info] #6: Feasible / Total: 54396 / 199291
[2023-11-16 14:57:08.921] [info] #7: Feasible / Total: 63428 / 199291
[2023-11-16 15:02:16.418] [info] #8: Feasible / Total: 77906 / 199291
[2023-11-16 15:08:13.909] [info] #9: Feasible / Total: 100367 / 199291
[2023-11-16 15:15:17.512] [info] #10: Feasible / Total: 134031 / 199291
[2023-11-16 15:17:27.698] [info] #11: Feasible / Total: 156187 / 199291
[2023-11-16 15:17:33.009] [info] #12: Feasible / Total: 156869 / 199291
[2023-11-16 15:17:34.973] [info] #13: Feasible / Total: 156871 / 199291
[2023-11-16 15:17:36.981] [info] #13: Feasible / Total: 156871 / 199291
[2023-11-16 15:17:37.014] [info] Graph is not D-reducible.
[2023-11-16 15:17:37.118] [info] Started C-reducibility check
[2023-11-16 15:20:51.828] [info] Trying 10824945 possible contractions
[2023-11-16 15:20:51.854] [info] [0/10824945] Starting contraction of size 1
[2023-11-16 15:21:07.591] [info] All colors passed! Contracted: 38
[2023-11-16 15:21:07.602] [info] Graph is C-reducible!
