[2023-11-16 13:46:30.492] [info] Kempe type: Toroidal
[2023-11-16 13:46:30.492] [info] Vertex size: 25, Edge size: 43, Ring size: 11
[2023-11-16 13:46:30.879] [info] Started D-reducibility check
[2023-11-16 13:46:30.879] [info] #1: Feasible / Total: 1467 / 7381
[2023-11-16 13:46:34.478] [info] #2: Feasible / Total: 1961 / 7381
[2023-11-16 13:46:35.953] [info] #3: Feasible / Total: 2293 / 7381
[2023-11-16 13:46:37.198] [info] #4: Feasible / Total: 2534 / 7381
[2023-11-16 13:46:38.303] [info] #5: Feasible / Total: 2830 / 7381
[2023-11-16 13:46:39.697] [info] #6: Feasible / Total: 3217 / 7381
[2023-11-16 13:46:41.071] [info] #7: Feasible / Total: 3683 / 7381
[2023-11-16 13:46:42.240] [info] #8: Feasible / Total: 4216 / 7381
[2023-11-16 13:46:42.939] [info] #9: Feasible / Total: 4604 / 7381
[2023-11-16 13:46:43.462] [info] #10: Feasible / Total: 4911 / 7381
[2023-11-16 13:46:44.020] [info] #11: Feasible / Total: 5260 / 7381
[2023-11-16 13:46:44.373] [info] #12: Feasible / Total: 5712 / 7381
[2023-11-16 13:46:44.453] [info] #13: Feasible / Total: 5755 / 7381
[2023-11-16 13:46:44.531] [info] #13: Feasible / Total: 5755 / 7381
[2023-11-16 13:46:44.531] [info] Graph is not D-reducible.
[2023-11-16 13:46:44.532] [info] Started C-reducibility check
[2023-11-16 13:46:54.161] [info] Trying 749383 possible contractions
[2023-11-16 13:46:54.161] [info] [0/749383] Starting contraction of size 1
[2023-11-16 13:46:54.220] [info] All colors passed! Contracted: 13
[2023-11-16 13:46:54.221] [info] Graph is C-reducible!
