[2024-06-06 10:20:59.834] [info] Kempe type: Toroidal
[2024-06-06 10:20:59.834] [info] Vertex size: 40, Edge size: 68, Ring size: 16
[2024-06-06 10:21:06.790] [info] Started D-reducibility check
[2024-06-06 10:21:06.790] [info] #1: Feasible / Total: 158580 / 1793614
[2024-06-06 12:13:04.338] [info] #2: Feasible / Total: 258352 / 1793614
[2024-06-06 13:18:12.729] [info] #3: Feasible / Total: 340281 / 1793614
[2024-06-06 14:29:45.594] [info] #4: Feasible / Total: 429177 / 1793614
[2024-06-06 15:44:34.989] [info] #5: Feasible / Total: 542886 / 1793614
[2024-06-06 17:24:03.164] [info] #6: Feasible / Total: 713501 / 1793614
[2024-06-06 19:17:46.984] [info] #7: Feasible / Total: 963542 / 1793614
[2024-06-06 20:45:35.605] [info] #8: Feasible / Total: 1230025 / 1793614
[2024-06-06 21:56:35.961] [info] #9: Feasible / Total: 1428787 / 1793614
[2024-06-06 22:28:42.211] [info] #10: Feasible / Total: 1546096 / 1793614
[2024-06-06 22:31:19.199] [info] #11: Feasible / Total: 1552669 / 1793614
[2024-06-06 22:31:25.126] [info] #12: Feasible / Total: 1552670 / 1793614
[2024-06-06 22:31:30.408] [info] #12: Feasible / Total: 1552670 / 1793614
[2024-06-06 22:31:30.408] [info] Graph is not D-reducible.
[2024-06-06 22:31:30.888] [info] Started C-reducibility check
[2024-06-06 22:34:15.944] [info] Trying 127311318 possible contractions
[2024-06-06 22:34:15.944] [info] [0/127311318] Starting contraction of size 1
[2024-06-06 22:37:02.203] [info] All colors passed! Contracted: 49
[2024-06-06 22:37:02.203] [info] Graph is C-reducible!
