[2023-11-17 00:34:27.860] [info] Kempe type: Toroidal
[2023-11-17 00:34:27.866] [info] Vertex size: 31, Edge size: 53, Ring size: 13
[2023-11-17 00:34:36.762] [info] Started D-reducibility check
[2023-11-17 00:34:36.798] [info] #1: Feasible / Total: 9920 / 66430
[2023-11-17 00:42:31.498] [info] #2: Feasible / Total: 14293 / 66430
[2023-11-17 00:47:16.314] [info] #3: Feasible / Total: 18041 / 66430
[2023-11-17 00:51:39.371] [info] #4: Feasible / Total: 21922 / 66430
[2023-11-17 00:56:21.301] [info] #5: Feasible / Total: 27522 / 66430
[2023-11-17 01:00:37.806] [info] #6: Feasible / Total: 34003 / 66430
[2023-11-17 01:04:36.398] [info] #7: Feasible / Total: 41815 / 66430
[2023-11-17 01:07:08.526] [info] #8: Feasible / Total: 49422 / 66430
[2023-11-17 01:07:25.702] [info] #9: Feasible / Total: 50321 / 66430
[2023-11-17 01:07:30.856] [info] #10: Feasible / Total: 50322 / 66430
[2023-11-17 01:07:35.062] [info] #10: Feasible / Total: 50322 / 66430
[2023-11-17 01:07:35.082] [info] Graph is not D-reducible.
[2023-11-17 01:07:35.394] [info] Started C-reducibility check
[2023-11-17 01:22:38.857] [info] Trying 8127252 possible contractions
[2023-11-17 01:22:38.938] [info] [0/8127252] Starting contraction of size 1
[2023-11-17 01:26:31.141] [info] [40/8127252] Starting contraction of size 2
[2023-11-17 01:35:51.901] [info] All colors passed! Contracted: 23, 43
[2023-11-17 01:35:51.962] [info] Graph is C-reducible!
