[2024-02-23 12:28:54.304] [info] Kempe type: Toroidal
[2024-02-23 12:28:54.304] [info] Vertex size: 37, Edge size: 63, Ring size: 15
[2024-02-23 12:28:55.970] [info] Started D-reducibility check
[2024-02-23 12:28:55.970] [info] #1: Feasible / Total: 65796 / 597871
[2024-02-23 12:36:47.756] [info] #2: Feasible / Total: 90731 / 597871
[2024-02-23 12:41:59.098] [info] #3: Feasible / Total: 112663 / 597871
[2024-02-23 12:47:30.706] [info] #4: Feasible / Total: 137330 / 597871
[2024-02-23 12:54:25.002] [info] #5: Feasible / Total: 173330 / 597871
[2024-02-23 13:03:22.386] [info] #6: Feasible / Total: 233072 / 597871
[2024-02-23 13:14:41.415] [info] #7: Feasible / Total: 334253 / 597871
[2024-02-23 13:21:48.890] [info] #8: Feasible / Total: 441256 / 597871
[2024-02-23 13:22:49.969] [info] #9: Feasible / Total: 461017 / 597871
[2024-02-23 13:22:52.004] [info] #10: Feasible / Total: 461048 / 597871
[2024-02-23 13:22:53.741] [info] #10: Feasible / Total: 461048 / 597871
[2024-02-23 13:22:53.741] [info] Graph is not D-reducible.
[2024-02-23 13:22:53.821] [info] Started C-reducibility check
[2024-02-23 13:24:23.016] [info] Trying 55495304 possible contractions
[2024-02-23 13:24:23.016] [info] [0/55495304] Starting contraction of size 1
[2024-02-23 13:24:26.532] [info] All colors passed! Contracted: 38
[2024-02-23 13:24:26.532] [info] Graph is C-reducible!
