[2024-06-08 17:13:31.302] [info] Kempe type: Toroidal
[2024-06-08 17:13:31.302] [info] Vertex size: 31, Edge size: 53, Ring size: 13
[2024-06-08 17:13:31.604] [info] Started D-reducibility check
[2024-06-08 17:13:31.604] [info] #1: Feasible / Total: 9027 / 66430
[2024-06-08 17:13:42.241] [info] #2: Feasible / Total: 12790 / 66430
[2024-06-08 17:13:46.588] [info] #3: Feasible / Total: 14313 / 66430
[2024-06-08 17:13:49.516] [info] #4: Feasible / Total: 15509 / 66430
[2024-06-08 17:13:52.348] [info] #5: Feasible / Total: 16806 / 66430
[2024-06-08 17:13:54.995] [info] #6: Feasible / Total: 18161 / 66430
[2024-06-08 17:13:58.165] [info] #7: Feasible / Total: 19628 / 66430
[2024-06-08 17:14:02.016] [info] #8: Feasible / Total: 21475 / 66430
[2024-06-08 17:14:06.811] [info] #9: Feasible / Total: 24114 / 66430
[2024-06-08 17:14:11.569] [info] #10: Feasible / Total: 27424 / 66430
[2024-06-08 17:14:14.697] [info] #11: Feasible / Total: 30386 / 66430
[2024-06-08 17:14:16.123] [info] #12: Feasible / Total: 31963 / 66430
[2024-06-08 17:14:16.706] [info] #13: Feasible / Total: 32484 / 66430
[2024-06-08 17:14:16.959] [info] #14: Feasible / Total: 32515 / 66430
[2024-06-08 17:14:17.199] [info] #15: Feasible / Total: 32516 / 66430
[2024-06-08 17:14:17.438] [info] #15: Feasible / Total: 32516 / 66430
[2024-06-08 17:14:17.438] [info] Graph is not D-reducible.
[2024-06-08 17:14:17.444] [info] Started C-reducibility check
[2024-06-08 17:14:28.455] [info] Trying 8096412 possible contractions
[2024-06-08 17:14:28.455] [info] [0/8096412] Starting contraction of size 1
[2024-06-08 17:14:29.173] [info] All colors passed! Contracted: 45
[2024-06-08 17:14:29.173] [info] Graph is C-reducible!
