[2024-07-14 22:52:02.464] [info] Kempe type: Toroidal
[2024-07-14 22:52:02.464] [info] Vertex size: 39, Edge size: 66, Ring size: 15
[2024-07-14 22:52:07.032] [info] Started D-reducibility check
[2024-07-14 22:52:07.032] [info] #1: Feasible / Total: 69327 / 597871
[2024-07-14 23:00:29.244] [info] #2: Feasible / Total: 92988 / 597871
[2024-07-14 23:05:35.473] [info] #3: Feasible / Total: 111879 / 597871
[2024-07-14 23:11:52.255] [info] #4: Feasible / Total: 133928 / 597871
[2024-07-14 23:19:02.883] [info] #5: Feasible / Total: 162579 / 597871
[2024-07-14 23:28:08.029] [info] #6: Feasible / Total: 204229 / 597871
[2024-07-14 23:39:43.233] [info] #7: Feasible / Total: 265605 / 597871
[2024-07-14 23:52:48.943] [info] #8: Feasible / Total: 355086 / 597871
[2024-07-15 00:02:49.492] [info] #9: Feasible / Total: 444775 / 597871
[2024-07-15 00:06:43.363] [info] #10: Feasible / Total: 499882 / 597871
[2024-07-15 00:07:15.651] [info] #11: Feasible / Total: 506937 / 597871
[2024-07-15 00:07:17.191] [info] #12: Feasible / Total: 506995 / 597871
[2024-07-15 00:07:18.593] [info] #12: Feasible / Total: 506995 / 597871
[2024-07-15 00:07:18.594] [info] Graph is not D-reducible.
[2024-07-15 00:07:18.671] [info] Started C-reducibility check
[2024-07-15 00:09:56.901] [info] Trying 102531483 possible contractions
[2024-07-15 00:09:56.901] [info] [0/102531483] Starting contraction of size 1
[2024-07-15 00:10:14.901] [info] All colors passed! Contracted: 47
[2024-07-15 00:10:14.902] [info] Graph is C-reducible!
