[2024-06-16 15:18:24.156] [info] Kempe type: Toroidal
[2024-06-16 15:18:24.156] [info] Vertex size: 28, Edge size: 48, Ring size: 12
[2024-06-16 15:18:24.544] [info] Started D-reducibility check
[2024-06-16 15:18:24.544] [info] #1: Feasible / Total: 3874 / 22144
[2024-06-16 15:18:29.197] [info] #2: Feasible / Total: 5330 / 22144
[2024-06-16 15:18:30.651] [info] #3: Feasible / Total: 6537 / 22144
[2024-06-16 15:18:31.946] [info] #4: Feasible / Total: 8127 / 22144
[2024-06-16 15:18:34.070] [info] #5: Feasible / Total: 11262 / 22144
[2024-06-16 15:18:36.495] [info] #6: Feasible / Total: 16509 / 22144
[2024-06-16 15:18:37.330] [info] #7: Feasible / Total: 19792 / 22144
[2024-06-16 15:18:37.397] [info] #8: Feasible / Total: 19929 / 22144
[2024-06-16 15:18:37.408] [info] #8: Feasible / Total: 19929 / 22144
[2024-06-16 15:18:37.408] [info] Graph is not D-reducible.
[2024-06-16 15:18:37.411] [info] Started C-reducibility check
[2024-06-16 15:18:41.512] [info] Trying 2629277 possible contractions
[2024-06-16 15:18:41.513] [info] [0/2629277] Starting contraction of size 1
[2024-06-16 15:18:43.928] [info] [36/2629277] Starting contraction of size 2
[2024-06-16 15:19:19.678] [info] [606/2629277] Starting contraction of size 3
[2024-06-16 15:19:37.529] [info] All colors passed! Contracted: 13, 17, 24
[2024-06-16 15:19:37.530] [info] Graph is C-reducible!
