[2023-11-16 13:19:33.392] [info] Kempe type: Toroidal
[2023-11-16 13:19:33.392] [info] Vertex size: 33, Edge size: 56, Ring size: 13
[2023-11-16 13:19:38.738] [info] Started D-reducibility check
[2023-11-16 13:19:38.738] [info] #1: Feasible / Total: 12315 / 66430
[2023-11-16 13:22:12.367] [info] #2: Feasible / Total: 18841 / 66430
[2023-11-16 13:22:56.826] [info] #3: Feasible / Total: 22441 / 66430
[2023-11-16 13:23:10.669] [info] #4: Feasible / Total: 23993 / 66430
[2023-11-16 13:23:20.124] [info] #5: Feasible / Total: 24885 / 66430
[2023-11-16 13:23:32.878] [info] #6: Feasible / Total: 26224 / 66430
[2023-11-16 13:24:00.100] [info] #7: Feasible / Total: 29541 / 66430
[2023-11-16 13:24:35.584] [info] #8: Feasible / Total: 34941 / 66430
[2023-11-16 13:25:15.641] [info] #9: Feasible / Total: 42437 / 66430
[2023-11-16 13:25:26.618] [info] #10: Feasible / Total: 45137 / 66430
[2023-11-16 13:25:27.756] [info] #11: Feasible / Total: 45171 / 66430
[2023-11-16 13:25:28.666] [info] #11: Feasible / Total: 45171 / 66430
[2023-11-16 13:25:28.666] [info] Graph is not D-reducible.
[2023-11-16 13:25:28.739] [info] Started C-reducibility check
[2023-11-16 13:33:09.759] [info] Trying 17109669 possible contractions
[2023-11-16 13:33:09.759] [info] [0/17109669] Starting contraction of size 1
[2023-11-16 13:34:13.125] [info] [43/17109669] Starting contraction of size 2
[2023-11-16 13:36:42.498] [info] All colors passed! Contracted: 15, 44
[2023-11-16 13:36:42.498] [info] Graph is C-reducible!
