[2024-03-25 22:53:08.327] [info] Kempe type: Toroidal
[2024-03-25 22:53:08.327] [info] Vertex size: 37, Edge size: 63, Ring size: 15
[2024-03-25 22:53:11.449] [info] Started D-reducibility check
[2024-03-25 22:53:11.450] [info] #1: Feasible / Total: 63853 / 597871
[2024-03-25 23:06:02.686] [info] #2: Feasible / Total: 107637 / 597871
[2024-03-25 23:14:18.887] [info] #3: Feasible / Total: 144441 / 597871
[2024-03-25 23:23:26.063] [info] #4: Feasible / Total: 189873 / 597871
[2024-03-25 23:35:06.312] [info] #5: Feasible / Total: 251667 / 597871
[2024-03-25 23:47:04.879] [info] #6: Feasible / Total: 356439 / 597871
[2024-03-25 23:51:18.267] [info] #7: Feasible / Total: 444645 / 597871
[2024-03-25 23:51:55.289] [info] #8: Feasible / Total: 457160 / 597871
[2024-03-25 23:52:00.568] [info] #9: Feasible / Total: 457491 / 597871
[2024-03-25 23:52:03.061] [info] #10: Feasible / Total: 457632 / 597871
[2024-03-25 23:52:05.018] [info] #11: Feasible / Total: 457643 / 597871
[2024-03-25 23:52:06.905] [info] #11: Feasible / Total: 457643 / 597871
[2024-03-25 23:52:06.905] [info] Graph is not D-reducible.
[2024-03-25 23:52:06.989] [info] Started C-reducibility check
[2024-03-25 23:53:40.035] [info] Trying 55495992 possible contractions
[2024-03-25 23:53:40.035] [info] [0/55495992] Starting contraction of size 1
[2024-03-25 23:55:01.975] [info] [48/55495992] Starting contraction of size 2
[2024-03-26 00:08:07.871] [info] All colors passed! Contracted: 24, 52
[2024-03-26 00:08:07.872] [info] Graph is C-reducible!
