[2023-11-16 13:18:54.321] [info] Kempe type: Toroidal
[2023-11-16 13:18:54.321] [info] Vertex size: 26, Edge size: 45, Ring size: 12
[2023-11-16 13:18:54.483] [info] Started D-reducibility check
[2023-11-16 13:18:54.483] [info] #1: Feasible / Total: 3483 / 22144
[2023-11-16 13:19:06.874] [info] #2: Feasible / Total: 4277 / 22144
[2023-11-16 13:19:09.862] [info] #3: Feasible / Total: 4656 / 22144
[2023-11-16 13:19:11.310] [info] #4: Feasible / Total: 4883 / 22144
[2023-11-16 13:19:13.145] [info] #5: Feasible / Total: 5092 / 22144
[2023-11-16 13:19:14.103] [info] #6: Feasible / Total: 5310 / 22144
[2023-11-16 13:19:14.913] [info] #7: Feasible / Total: 5501 / 22144
[2023-11-16 13:19:16.177] [info] #8: Feasible / Total: 5721 / 22144
[2023-11-16 13:19:17.535] [info] #9: Feasible / Total: 5985 / 22144
[2023-11-16 13:19:18.915] [info] #10: Feasible / Total: 6285 / 22144
[2023-11-16 13:19:20.335] [info] #11: Feasible / Total: 6694 / 22144
[2023-11-16 13:19:21.740] [info] #12: Feasible / Total: 7178 / 22144
[2023-11-16 13:19:24.631] [info] #13: Feasible / Total: 7914 / 22144
[2023-11-16 13:19:27.200] [info] #14: Feasible / Total: 8958 / 22144
[2023-11-16 13:19:31.038] [info] #15: Feasible / Total: 10503 / 22144
[2023-11-16 13:19:42.259] [info] #16: Feasible / Total: 12897 / 22144
[2023-11-16 13:19:53.395] [info] #17: Feasible / Total: 15194 / 22144
[2023-11-16 13:19:54.845] [info] #18: Feasible / Total: 15485 / 22144
[2023-11-16 13:19:55.241] [info] #18: Feasible / Total: 15485 / 22144
[2023-11-16 13:19:55.242] [info] Graph is not D-reducible.
[2023-11-16 13:19:55.245] [info] Started C-reducibility check
[2023-11-16 13:20:11.570] [info] Trying 1078540 possible contractions
[2023-11-16 13:20:11.570] [info] [0/1078540] Starting contraction of size 1
[2023-11-16 13:20:22.293] [info] [33/1078540] Starting contraction of size 2
[2023-11-16 13:22:04.615] [info] [507/1078540] Starting contraction of size 3
[2023-11-16 13:22:13.636] [info] All colors passed! Contracted: 19, 36, 42
[2023-11-16 13:22:13.636] [info] Graph is C-reducible!
