[2024-06-05 20:08:30.403] [info] Kempe type: Toroidal
[2024-06-05 20:08:30.403] [info] Vertex size: 36, Edge size: 61, Ring size: 14
[2024-06-05 20:08:31.346] [info] Started D-reducibility check
[2024-06-05 20:08:31.346] [info] #1: Feasible / Total: 27094 / 199291
[2024-06-05 20:09:43.670] [info] #2: Feasible / Total: 39295 / 199291
[2024-06-05 20:10:22.632] [info] #3: Feasible / Total: 47011 / 199291
[2024-06-05 20:10:55.549] [info] #4: Feasible / Total: 52597 / 199291
[2024-06-05 20:11:22.559] [info] #5: Feasible / Total: 58735 / 199291
[2024-06-05 20:11:52.702] [info] #6: Feasible / Total: 66792 / 199291
[2024-06-05 20:12:32.809] [info] #7: Feasible / Total: 76877 / 199291
[2024-06-05 20:13:09.076] [info] #8: Feasible / Total: 86854 / 199291
[2024-06-05 20:13:27.757] [info] #9: Feasible / Total: 93378 / 199291
[2024-06-05 20:13:39.713] [info] #10: Feasible / Total: 97019 / 199291
[2024-06-05 20:13:47.398] [info] #11: Feasible / Total: 99587 / 199291
[2024-06-05 20:13:52.342] [info] #12: Feasible / Total: 101422 / 199291
[2024-06-05 20:13:54.899] [info] #13: Feasible / Total: 102185 / 199291
[2024-06-05 20:13:56.718] [info] #14: Feasible / Total: 102493 / 199291
[2024-06-05 20:13:57.904] [info] #15: Feasible / Total: 102623 / 199291
[2024-06-05 20:13:59.009] [info] #16: Feasible / Total: 102706 / 199291
[2024-06-05 20:14:00.055] [info] #17: Feasible / Total: 102797 / 199291
[2024-06-05 20:14:01.001] [info] #18: Feasible / Total: 102819 / 199291
[2024-06-05 20:14:01.927] [info] #19: Feasible / Total: 102824 / 199291
[2024-06-05 20:14:02.852] [info] #20: Feasible / Total: 102828 / 199291
[2024-06-05 20:14:03.774] [info] #21: Feasible / Total: 102830 / 199291
[2024-06-05 20:14:04.696] [info] #22: Feasible / Total: 102832 / 199291
[2024-06-05 20:14:05.617] [info] #22: Feasible / Total: 102832 / 199291
[2024-06-05 20:14:05.617] [info] Graph is not D-reducible.
[2024-06-05 20:14:05.638] [info] Started C-reducibility check
[2024-06-05 20:15:14.402] [info] Trying 43705074 possible contractions
[2024-06-05 20:15:14.402] [info] [0/43705074] Starting contraction of size 1
[2024-06-05 20:15:49.399] [info] [47/43705074] Starting contraction of size 2
[2024-06-05 20:26:12.003] [info] [1048/43705074] Starting contraction of size 3
[2024-06-05 22:16:49.934] [info] [13866/43705074] Starting contraction of size 4
[2024-06-06 07:26:08.157] [info] All colors passed! Contracted: 23, 25, 31, 54
[2024-06-06 07:26:08.157] [info] Graph is C-reducible!
