[2023-12-05 15:24:57.344] [info] Kempe type: Toroidal
[2023-12-05 15:24:57.344] [info] Vertex size: 37, Edge size: 63, Ring size: 15
[2023-12-05 15:25:02.392] [info] Started D-reducibility check
[2023-12-05 15:25:02.392] [info] #1: Feasible / Total: 62106 / 597871
[2023-12-05 17:53:21.781] [info] #2: Feasible / Total: 93799 / 597871
[2023-12-05 19:53:34.682] [info] #3: Feasible / Total: 121917 / 597871
[2023-12-05 21:54:08.333] [info] #4: Feasible / Total: 157671 / 597871
[2023-12-05 23:54:59.925] [info] #5: Feasible / Total: 204397 / 597871
[2023-12-06 02:07:46.206] [info] #6: Feasible / Total: 268067 / 597871
[2023-12-06 03:44:03.051] [info] #7: Feasible / Total: 345101 / 597871
[2023-12-06 04:01:44.555] [info] #8: Feasible / Total: 368073 / 597871
[2023-12-06 04:04:29.283] [info] #9: Feasible / Total: 369230 / 597871
[2023-12-06 04:06:02.692] [info] #10: Feasible / Total: 369357 / 597871
[2023-12-06 04:07:26.608] [info] #11: Feasible / Total: 369391 / 597871
[2023-12-06 04:08:45.449] [info] #12: Feasible / Total: 369407 / 597871
[2023-12-06 04:10:03.152] [info] #13: Feasible / Total: 369411 / 597871
[2023-12-06 04:11:21.106] [info] #13: Feasible / Total: 369411 / 597871
[2023-12-06 04:11:21.106] [info] Graph is not D-reducible.
[2023-12-06 04:11:22.619] [info] Started C-reducibility check
[2023-12-06 07:42:53.057] [info] Trying 137254 possible contractions
[2023-12-06 07:42:53.057] [info] [0/137254] Starting contraction of size 1
[2023-12-06 07:52:47.506] [info] All colors passed! Contracted: 41
[2023-12-06 07:52:47.506] [info] Graph is C-reducible!
