[2024-06-18 22:54:33.643] [info] Kempe type: Toroidal
[2024-06-18 22:54:33.643] [info] Vertex size: 31, Edge size: 53, Ring size: 13
[2024-06-18 22:54:34.663] [info] Started D-reducibility check
[2024-06-18 22:54:34.663] [info] #1: Feasible / Total: 10078 / 66430
[2024-06-18 22:55:05.750] [info] #2: Feasible / Total: 16410 / 66430
[2024-06-18 22:55:25.600] [info] #3: Feasible / Total: 22557 / 66430
[2024-06-18 22:55:45.873] [info] #4: Feasible / Total: 31061 / 66430
[2024-06-18 22:56:05.475] [info] #5: Feasible / Total: 43575 / 66430
[2024-06-18 22:56:14.200] [info] #6: Feasible / Total: 53392 / 66430
[2024-06-18 22:56:15.657] [info] #7: Feasible / Total: 54943 / 66430
[2024-06-18 22:56:15.841] [info] #8: Feasible / Total: 54944 / 66430
[2024-06-18 22:56:16.020] [info] #8: Feasible / Total: 54944 / 66430
[2024-06-18 22:56:16.020] [info] Graph is not D-reducible.
[2024-06-18 22:56:16.037] [info] Started C-reducibility check
[2024-06-18 22:56:38.735] [info] Trying 8128536 possible contractions
[2024-06-18 22:56:38.735] [info] [0/8128536] Starting contraction of size 1
[2024-06-18 22:56:47.684] [info] [40/8128536] Starting contraction of size 2
[2024-06-18 22:59:47.056] [info] [753/8128536] Starting contraction of size 3
[2024-06-18 23:17:34.188] [info] All colors passed! Contracted: 16, 44, 51
[2024-06-18 23:17:34.188] [info] Graph is C-reducible!
