[2023-11-22 11:38:03.834] [info] Kempe type: Toroidal
[2023-11-22 11:38:03.838] [info] Vertex size: 34, Edge size: 58, Ring size: 14
[2023-11-22 11:38:11.255] [info] Started D-reducibility check
[2023-11-22 11:38:11.266] [info] #1: Feasible / Total: 24756 / 199291
[2023-11-22 11:49:37.719] [info] #2: Feasible / Total: 35548 / 199291
[2023-11-22 11:53:25.070] [info] #3: Feasible / Total: 42225 / 199291
[2023-11-22 11:57:04.382] [info] #4: Feasible / Total: 48765 / 199291
[2023-11-22 12:02:12.353] [info] #5: Feasible / Total: 57800 / 199291
[2023-11-22 12:09:24.417] [info] #6: Feasible / Total: 70313 / 199291
[2023-11-22 12:16:56.654] [info] #7: Feasible / Total: 87090 / 199291
[2023-11-22 12:24:26.931] [info] #8: Feasible / Total: 107866 / 199291
[2023-11-22 12:26:39.757] [info] #9: Feasible / Total: 120602 / 199291
[2023-11-22 12:26:54.680] [info] #10: Feasible / Total: 121546 / 199291
[2023-11-22 12:26:59.718] [info] #11: Feasible / Total: 121617 / 199291
[2023-11-22 12:27:04.062] [info] #12: Feasible / Total: 121639 / 199291
[2023-11-22 12:27:08.087] [info] #13: Feasible / Total: 121642 / 199291
[2023-11-22 12:27:12.250] [info] #14: Feasible / Total: 121643 / 199291
[2023-11-22 12:27:16.475] [info] #14: Feasible / Total: 121643 / 199291
[2023-11-22 12:27:16.475] [info] Graph is not D-reducible.
[2023-11-22 12:27:16.566] [info] Started C-reducibility check
[2023-11-22 12:54:47.082] [info] Trying 22308741 possible contractions
[2023-11-22 12:54:47.090] [info] [0/22308741] Starting contraction of size 1
[2023-11-22 13:03:04.614] [info] [44/22308741] Starting contraction of size 2
[2023-11-22 15:18:09.034] [info] [916/22308741] Starting contraction of size 3
[2023-11-23 07:50:32.302] [info] [11237/22308741] Starting contraction of size 4
[2023-11-25 23:30:10.064] [info] [92858/22308741] Starting contraction of size 5
[2023-11-28 22:22:25.367] [info] All colors passed! Contracted: 18, 27, 37, 46, 53
[2023-11-28 22:22:25.368] [info] Graph is C-reducible!
