[2023-11-20 13:25:47.665] [info] Kempe type: Toroidal
[2023-11-20 13:25:47.665] [info] Vertex size: 34, Edge size: 58, Ring size: 14
[2023-11-20 13:26:02.412] [info] Started D-reducibility check
[2023-11-20 13:26:02.430] [info] #1: Feasible / Total: 24688 / 199291
[2023-11-20 13:43:24.401] [info] #2: Feasible / Total: 32222 / 199291
[2023-11-20 13:51:29.270] [info] #3: Feasible / Total: 36390 / 199291
[2023-11-20 13:59:45.916] [info] #4: Feasible / Total: 40362 / 199291
[2023-11-20 14:07:42.543] [info] #5: Feasible / Total: 44784 / 199291
[2023-11-20 14:16:07.960] [info] #6: Feasible / Total: 50922 / 199291
[2023-11-20 14:27:42.086] [info] #7: Feasible / Total: 62541 / 199291
[2023-11-20 14:46:05.611] [info] #8: Feasible / Total: 85554 / 199291
[2023-11-20 15:10:07.294] [info] #9: Feasible / Total: 132228 / 199291
[2023-11-20 15:21:59.074] [info] #10: Feasible / Total: 183493 / 199291
[2023-11-20 15:22:23.772] [info] #11: Feasible / Total: 186187 / 199291
[2023-11-20 15:22:25.314] [info] #11: Feasible / Total: 186187 / 199291
[2023-11-20 15:22:25.314] [info] Graph is not D-reducible.
[2023-11-20 15:22:25.649] [info] Started C-reducibility check
[2023-11-20 15:52:22.964] [info] Trying 22230267 possible contractions
[2023-11-20 15:52:22.982] [info] [0/22230267] Starting contraction of size 1
[2023-11-20 15:52:37.594] [info] All colors passed! Contracted: 16
[2023-11-20 15:52:37.603] [info] Graph is C-reducible!
