[2023-11-16 13:18:54.320] [info] Kempe type: Toroidal
[2023-11-16 13:18:54.320] [info] Vertex size: 25, Edge size: 43, Ring size: 11
[2023-11-16 13:18:54.396] [info] Started D-reducibility check
[2023-11-16 13:18:54.396] [info] #1: Feasible / Total: 1607 / 7381
[2023-11-16 13:18:56.955] [info] #2: Feasible / Total: 2086 / 7381
[2023-11-16 13:18:58.002] [info] #3: Feasible / Total: 2465 / 7381
[2023-11-16 13:18:59.399] [info] #4: Feasible / Total: 3029 / 7381
[2023-11-16 13:19:00.375] [info] #5: Feasible / Total: 3738 / 7381
[2023-11-16 13:19:00.821] [info] #6: Feasible / Total: 4079 / 7381
[2023-11-16 13:19:01.086] [info] #7: Feasible / Total: 4225 / 7381
[2023-11-16 13:19:01.312] [info] #8: Feasible / Total: 4471 / 7381
[2023-11-16 13:19:01.600] [info] #9: Feasible / Total: 4935 / 7381
[2023-11-16 13:19:01.698] [info] #10: Feasible / Total: 5023 / 7381
[2023-11-16 13:19:01.742] [info] #10: Feasible / Total: 5023 / 7381
[2023-11-16 13:19:01.742] [info] Graph is not D-reducible.
[2023-11-16 13:19:01.743] [info] Started C-reducibility check
[2023-11-16 13:19:06.295] [info] Trying 749333 possible contractions
[2023-11-16 13:19:06.295] [info] [0/749333] Starting contraction of size 1
[2023-11-16 13:19:07.783] [info] All colors passed! Contracted: 33
[2023-11-16 13:19:07.783] [info] Graph is C-reducible!
