[2023-12-05 15:28:41.153] [info] Kempe type: Toroidal
[2023-12-05 15:28:41.153] [info] Vertex size: 37, Edge size: 63, Ring size: 15
[2023-12-05 15:29:21.950] [info] Started D-reducibility check
[2023-12-05 15:29:21.950] [info] #1: Feasible / Total: 64602 / 597871
[2023-12-05 17:50:26.551] [info] #2: Feasible / Total: 90178 / 597871
[2023-12-05 18:57:43.081] [info] #3: Feasible / Total: 104403 / 597871
[2023-12-05 19:44:32.216] [info] #4: Feasible / Total: 116501 / 597871
[2023-12-05 20:27:10.068] [info] #5: Feasible / Total: 127982 / 597871
[2023-12-05 21:15:30.856] [info] #6: Feasible / Total: 140166 / 597871
[2023-12-05 22:14:27.752] [info] #7: Feasible / Total: 154528 / 597871
[2023-12-05 23:28:09.562] [info] #8: Feasible / Total: 171938 / 597871
[2023-12-06 00:50:55.915] [info] #9: Feasible / Total: 192257 / 597871
[2023-12-06 02:22:23.257] [info] #10: Feasible / Total: 217912 / 597871
[2023-12-06 04:06:16.426] [info] #11: Feasible / Total: 252753 / 597871
[2023-12-06 06:02:41.500] [info] #12: Feasible / Total: 302363 / 597871
[2023-12-06 07:40:06.567] [info] #13: Feasible / Total: 360154 / 597871
[2023-12-06 08:16:29.841] [info] #14: Feasible / Total: 389091 / 597871
[2023-12-06 08:22:53.619] [info] #15: Feasible / Total: 391759 / 597871
[2023-12-06 08:25:31.336] [info] #16: Feasible / Total: 392155 / 597871
[2023-12-06 08:27:21.207] [info] #17: Feasible / Total: 392325 / 597871
[2023-12-06 08:28:55.434] [info] #18: Feasible / Total: 392374 / 597871
[2023-12-06 08:30:23.122] [info] #19: Feasible / Total: 392380 / 597871
[2023-12-06 08:31:47.554] [info] #19: Feasible / Total: 392380 / 597871
[2023-12-06 08:31:47.554] [info] Graph is not D-reducible.
[2023-12-06 08:31:49.352] [info] Started C-reducibility check
[2023-12-06 12:37:08.720] [info] Trying 137253 possible contractions
[2023-12-06 12:37:08.720] [info] [0/137253] Starting contraction of size 1
[2023-12-06 12:59:11.875] [info] [48/137253] Starting contraction of size 2
[2023-12-06 13:51:02.655] [info] All colors passed! Contracted: 23, 52
[2023-12-06 13:51:02.655] [info] Graph is C-reducible!
