[2024-03-20 22:55:31.880] [info] Kempe type: Toroidal
[2024-03-20 22:55:31.880] [info] Vertex size: 31, Edge size: 53, Ring size: 13
[2024-03-20 22:55:32.746] [info] Started D-reducibility check
[2024-03-20 22:55:32.746] [info] #1: Feasible / Total: 9192 / 66430
[2024-03-20 22:56:05.042] [info] #2: Feasible / Total: 13743 / 66430
[2024-03-20 22:56:16.798] [info] #3: Feasible / Total: 15905 / 66430
[2024-03-20 22:56:21.994] [info] #4: Feasible / Total: 17759 / 66430
[2024-03-20 22:56:27.436] [info] #5: Feasible / Total: 19523 / 66430
[2024-03-20 22:56:32.563] [info] #6: Feasible / Total: 21341 / 66430
[2024-03-20 22:56:38.406] [info] #7: Feasible / Total: 23568 / 66430
[2024-03-20 22:56:48.634] [info] #8: Feasible / Total: 26540 / 66430
[2024-03-20 22:57:02.006] [info] #9: Feasible / Total: 30558 / 66430
[2024-03-20 22:57:12.736] [info] #10: Feasible / Total: 34580 / 66430
[2024-03-20 22:57:17.709] [info] #11: Feasible / Total: 36282 / 66430
[2024-03-20 22:57:18.905] [info] #12: Feasible / Total: 36573 / 66430
[2024-03-20 22:57:19.632] [info] #13: Feasible / Total: 36649 / 66430
[2024-03-20 22:57:20.156] [info] #14: Feasible / Total: 36656 / 66430
[2024-03-20 22:57:20.618] [info] #14: Feasible / Total: 36656 / 66430
[2024-03-20 22:57:20.622] [info] Graph is not D-reducible.
[2024-03-20 22:57:20.630] [info] Started C-reducibility check
[2024-03-20 22:57:44.861] [info] Trying 8127459 possible contractions
[2024-03-20 22:57:44.870] [info] [0/8127459] Starting contraction of size 1
[2024-03-20 22:57:57.377] [info] All colors passed! Contracted: 20
[2024-03-20 22:57:57.382] [info] Graph is C-reducible!
