[2023-11-21 15:24:12.994] [info] Kempe type: Toroidal
[2023-11-21 15:24:13.006] [info] Vertex size: 31, Edge size: 53, Ring size: 13
[2023-11-21 15:24:14.481] [info] Started D-reducibility check
[2023-11-21 15:24:14.481] [info] #1: Feasible / Total: 10467 / 66430
[2023-11-21 15:28:24.791] [info] #2: Feasible / Total: 14810 / 66430
[2023-11-21 15:30:31.287] [info] #3: Feasible / Total: 18353 / 66430
[2023-11-21 15:31:48.748] [info] #4: Feasible / Total: 23619 / 66430
[2023-11-21 15:32:47.337] [info] #5: Feasible / Total: 30845 / 66430
[2023-11-21 15:33:48.646] [info] #6: Feasible / Total: 37794 / 66430
[2023-11-21 15:34:13.534] [info] #7: Feasible / Total: 39883 / 66430
[2023-11-21 15:34:21.376] [info] #8: Feasible / Total: 40012 / 66430
[2023-11-21 15:34:25.754] [info] #9: Feasible / Total: 40035 / 66430
[2023-11-21 15:34:30.232] [info] #10: Feasible / Total: 40039 / 66430
[2023-11-21 15:34:34.018] [info] #11: Feasible / Total: 40041 / 66430
[2023-11-21 15:34:38.064] [info] #12: Feasible / Total: 40068 / 66430
[2023-11-21 15:34:42.414] [info] #13: Feasible / Total: 40103 / 66430
[2023-11-21 15:34:47.134] [info] #14: Feasible / Total: 40159 / 66430
[2023-11-21 15:34:51.976] [info] #15: Feasible / Total: 40230 / 66430
[2023-11-21 15:34:59.050] [info] #16: Feasible / Total: 40355 / 66430
[2023-11-21 15:35:08.302] [info] #17: Feasible / Total: 40535 / 66430
[2023-11-21 15:35:13.554] [info] #18: Feasible / Total: 40587 / 66430
[2023-11-21 15:35:17.559] [info] #19: Feasible / Total: 40596 / 66430
[2023-11-21 15:35:21.387] [info] #20: Feasible / Total: 40599 / 66430
[2023-11-21 15:35:25.037] [info] #21: Feasible / Total: 40602 / 66430
[2023-11-21 15:35:28.678] [info] #21: Feasible / Total: 40602 / 66430
[2023-11-21 15:35:28.678] [info] Graph is not D-reducible.
[2023-11-21 15:35:28.867] [info] Started C-reducibility check
[2023-11-21 15:43:46.131] [info] Trying 8128213 possible contractions
[2023-11-21 15:43:46.146] [info] [0/8128213] Starting contraction of size 1
[2023-11-21 15:44:33.669] [info] All colors passed! Contracted: 26
[2023-11-21 15:44:33.727] [info] Graph is C-reducible!
