[2024-10-19 14:57:05.825] [info] Kempe type: Toroidal
[2024-10-19 14:57:05.825] [info] Vertex size: 31, Edge size: 53, Ring size: 13
[2024-10-19 14:57:07.306] [info] Started D-reducibility check
[2024-10-19 14:57:07.306] [info] #1: Feasible / Total: 10241 / 66430
[2024-10-19 15:01:32.060] [info] #2: Feasible / Total: 15818 / 66430
[2024-10-19 15:04:22.246] [info] #3: Feasible / Total: 21222 / 66430
[2024-10-19 15:07:12.716] [info] #4: Feasible / Total: 28475 / 66430
[2024-10-19 15:09:45.166] [info] #5: Feasible / Total: 36604 / 66430
[2024-10-19 15:10:52.656] [info] #6: Feasible / Total: 41497 / 66430
[2024-10-19 15:11:12.272] [info] #7: Feasible / Total: 43018 / 66430
[2024-10-19 15:11:26.333] [info] #8: Feasible / Total: 43727 / 66430
[2024-10-19 15:11:35.938] [info] #9: Feasible / Total: 44398 / 66430
[2024-10-19 15:11:39.918] [info] #10: Feasible / Total: 44551 / 66430
[2024-10-19 15:11:42.323] [info] #11: Feasible / Total: 44563 / 66430
[2024-10-19 15:11:44.565] [info] #11: Feasible / Total: 44563 / 66430
[2024-10-19 15:11:44.565] [info] Graph is not D-reducible.
[2024-10-19 15:11:44.662] [info] Started C-reducibility check
[2024-10-19 15:12:07.737] [info] Trying 1197654 possible contractions
[2024-10-19 15:12:07.737] [info] [0/1197654] Starting contraction of size 1
[2024-10-19 15:12:42.900] [info] All colors passed! Contracted: 17
[2024-10-19 15:12:42.900] [info] Graph is C-reducible!
