[2024-07-10 16:32:58.535] [info] Kempe type: Toroidal
[2024-07-10 16:32:58.535] [info] Vertex size: 34, Edge size: 58, Ring size: 14
[2024-07-10 16:32:59.897] [info] Started D-reducibility check
[2024-07-10 16:32:59.898] [info] #1: Feasible / Total: 21621 / 199291
[2024-07-10 16:34:30.269] [info] #2: Feasible / Total: 30625 / 199291
[2024-07-10 16:35:17.729] [info] #3: Feasible / Total: 36940 / 199291
[2024-07-10 16:35:44.004] [info] #4: Feasible / Total: 41105 / 199291
[2024-07-10 16:35:59.104] [info] #5: Feasible / Total: 43393 / 199291
[2024-07-10 16:36:09.336] [info] #6: Feasible / Total: 45075 / 199291
[2024-07-10 16:36:23.091] [info] #7: Feasible / Total: 46517 / 199291
[2024-07-10 16:36:38.982] [info] #8: Feasible / Total: 48095 / 199291
[2024-07-10 16:36:54.514] [info] #9: Feasible / Total: 49913 / 199291
[2024-07-10 16:37:10.814] [info] #10: Feasible / Total: 52149 / 199291
[2024-07-10 16:37:32.779] [info] #11: Feasible / Total: 55057 / 199291
[2024-07-10 16:37:53.025] [info] #12: Feasible / Total: 58487 / 199291
[2024-07-10 16:38:14.589] [info] #13: Feasible / Total: 62651 / 199291
[2024-07-10 16:38:39.770] [info] #14: Feasible / Total: 67857 / 199291
[2024-07-10 16:39:08.950] [info] #15: Feasible / Total: 74451 / 199291
[2024-07-10 16:39:58.117] [info] #16: Feasible / Total: 83280 / 199291
[2024-07-10 16:41:00.631] [info] #17: Feasible / Total: 96028 / 199291
[2024-07-10 16:41:58.548] [info] #18: Feasible / Total: 113733 / 199291
[2024-07-10 16:42:45.922] [info] #19: Feasible / Total: 130285 / 199291
[2024-07-10 16:43:26.694] [info] #20: Feasible / Total: 142098 / 199291
[2024-07-10 16:43:38.195] [info] #21: Feasible / Total: 147180 / 199291
[2024-07-10 16:43:41.139] [info] #22: Feasible / Total: 147719 / 199291
[2024-07-10 16:43:41.907] [info] #23: Feasible / Total: 147748 / 199291
[2024-07-10 16:43:42.473] [info] #24: Feasible / Total: 147750 / 199291
[2024-07-10 16:43:43.272] [info] #24: Feasible / Total: 147750 / 199291
[2024-07-10 16:43:43.272] [info] Graph is not D-reducible.
[2024-07-10 16:43:43.294] [info] Started C-reducibility check
[2024-07-10 16:44:23.825] [info] Trying 22224465 possible contractions
[2024-07-10 16:44:23.825] [info] [0/22224465] Starting contraction of size 1
[2024-07-10 16:44:46.427] [info] [44/22224465] Starting contraction of size 2
[2024-07-10 16:51:10.369] [info] [916/22224465] Starting contraction of size 3
[2024-07-10 17:57:58.318] [info] [11236/22224465] Starting contraction of size 4
[2024-07-10 18:42:51.132] [info] All colors passed! Contracted: 24, 41, 43, 52
[2024-07-10 18:42:51.132] [info] Graph is C-reducible!
