[2024-03-17 22:58:29.424] [info] Kempe type: Toroidal
[2024-03-17 22:58:29.424] [info] Vertex size: 35, Edge size: 60, Ring size: 15
[2024-03-17 22:58:34.038] [info] Started D-reducibility check
[2024-03-17 22:58:34.054] [info] #1: Feasible / Total: 54726 / 597871
[2024-03-17 23:11:30.253] [info] #2: Feasible / Total: 79747 / 597871
[2024-03-17 23:15:58.804] [info] #3: Feasible / Total: 90106 / 597871
[2024-03-17 23:18:04.705] [info] #4: Feasible / Total: 95020 / 597871
[2024-03-17 23:19:23.142] [info] #5: Feasible / Total: 98701 / 597871
[2024-03-17 23:20:37.002] [info] #6: Feasible / Total: 101630 / 597871
[2024-03-17 23:21:45.355] [info] #7: Feasible / Total: 104069 / 597871
[2024-03-17 23:22:35.303] [info] #8: Feasible / Total: 105988 / 597871
[2024-03-17 23:23:25.622] [info] #9: Feasible / Total: 107665 / 597871
[2024-03-17 23:24:14.118] [info] #10: Feasible / Total: 109151 / 597871
[2024-03-17 23:24:53.898] [info] #11: Feasible / Total: 110573 / 597871
[2024-03-17 23:25:26.819] [info] #12: Feasible / Total: 111692 / 597871
[2024-03-17 23:26:07.228] [info] #13: Feasible / Total: 112676 / 597871
[2024-03-17 23:26:44.918] [info] #14: Feasible / Total: 113639 / 597871
[2024-03-17 23:27:12.904] [info] #15: Feasible / Total: 114396 / 597871
[2024-03-17 23:27:45.695] [info] #16: Feasible / Total: 115215 / 597871
[2024-03-17 23:28:23.846] [info] #17: Feasible / Total: 116069 / 597871
[2024-03-17 23:29:01.000] [info] #18: Feasible / Total: 117091 / 597871
[2024-03-17 23:29:34.081] [info] #19: Feasible / Total: 118271 / 597871
[2024-03-17 23:30:11.905] [info] #20: Feasible / Total: 119442 / 597871
[2024-03-17 23:30:41.910] [info] #21: Feasible / Total: 120586 / 597871
[2024-03-17 23:31:09.912] [info] #22: Feasible / Total: 121617 / 597871
[2024-03-17 23:31:43.711] [info] #23: Feasible / Total: 122797 / 597871
[2024-03-17 23:32:23.587] [info] #24: Feasible / Total: 124070 / 597871
[2024-03-17 23:33:08.455] [info] #25: Feasible / Total: 125440 / 597871
[2024-03-17 23:33:53.237] [info] #26: Feasible / Total: 127070 / 597871
[2024-03-17 23:34:44.172] [info] #27: Feasible / Total: 128702 / 597871
[2024-03-17 23:35:32.788] [info] #28: Feasible / Total: 130214 / 597871
[2024-03-17 23:36:22.710] [info] #29: Feasible / Total: 131821 / 597871
[2024-03-17 23:37:06.406] [info] #30: Feasible / Total: 133537 / 597871
[2024-03-17 23:38:04.648] [info] #31: Feasible / Total: 135495 / 597871
[2024-03-17 23:38:50.442] [info] #32: Feasible / Total: 137416 / 597871
[2024-03-17 23:39:36.445] [info] #33: Feasible / Total: 139118 / 597871
[2024-03-17 23:40:29.808] [info] #34: Feasible / Total: 140816 / 597871
[2024-03-17 23:41:18.177] [info] #35: Feasible / Total: 142821 / 597871
[2024-03-17 23:42:31.900] [info] #36: Feasible / Total: 144804 / 597871
[2024-03-17 23:43:31.383] [info] #37: Feasible / Total: 146852 / 597871
[2024-03-17 23:44:36.168] [info] #38: Feasible / Total: 149279 / 597871
[2024-03-17 23:45:57.982] [info] #39: Feasible / Total: 152167 / 597871
[2024-03-17 23:47:21.019] [info] #40: Feasible / Total: 155132 / 597871
[2024-03-17 23:48:43.098] [info] #41: Feasible / Total: 158252 / 597871
[2024-03-17 23:49:53.572] [info] #42: Feasible / Total: 161121 / 597871
[2024-03-17 23:50:47.231] [info] #43: Feasible / Total: 163837 / 597871
[2024-03-17 23:51:41.047] [info] #44: Feasible / Total: 166453 / 597871
[2024-03-17 23:52:33.327] [info] #45: Feasible / Total: 168882 / 597871
[2024-03-17 23:53:23.940] [info] #46: Feasible / Total: 171084 / 597871
[2024-03-17 23:54:07.198] [info] #47: Feasible / Total: 172930 / 597871
[2024-03-17 23:54:50.121] [info] #48: Feasible / Total: 174458 / 597871
[2024-03-17 23:55:21.981] [info] #49: Feasible / Total: 175738 / 597871
[2024-03-17 23:55:55.478] [info] #50: Feasible / Total: 176995 / 597871
[2024-03-17 23:56:18.435] [info] #51: Feasible / Total: 178122 / 597871
[2024-03-17 23:56:44.413] [info] #52: Feasible / Total: 179104 / 597871
[2024-03-17 23:57:11.969] [info] #53: Feasible / Total: 180312 / 597871
[2024-03-17 23:57:36.920] [info] #54: Feasible / Total: 181766 / 597871
[2024-03-17 23:57:56.475] [info] #55: Feasible / Total: 183025 / 597871
[2024-03-17 23:58:20.889] [info] #56: Feasible / Total: 184037 / 597871
[2024-03-17 23:58:53.122] [info] #57: Feasible / Total: 185014 / 597871
[2024-03-17 23:59:21.507] [info] #58: Feasible / Total: 186243 / 597871
[2024-03-17 23:59:56.380] [info] #59: Feasible / Total: 187718 / 597871
[2024-03-18 00:00:36.851] [info] #60: Feasible / Total: 189714 / 597871
[2024-03-18 00:01:27.753] [info] #61: Feasible / Total: 193019 / 597871
[2024-03-18 00:03:29.296] [info] #62: Feasible / Total: 201076 / 597871
[2024-03-18 00:06:59.052] [info] #63: Feasible / Total: 217758 / 597871
[2024-03-18 00:11:32.961] [info] #64: Feasible / Total: 242647 / 597871
[2024-03-18 00:16:27.785] [info] #65: Feasible / Total: 269157 / 597871
[2024-03-18 00:20:05.113] [info] #66: Feasible / Total: 290623 / 597871
[2024-03-18 00:21:53.391] [info] #67: Feasible / Total: 301160 / 597871
[2024-03-18 00:22:32.434] [info] #68: Feasible / Total: 304639 / 597871
[2024-03-18 00:23:04.233] [info] #69: Feasible / Total: 306648 / 597871
[2024-03-18 00:23:35.695] [info] #70: Feasible / Total: 308508 / 597871
[2024-03-18 00:24:01.002] [info] #71: Feasible / Total: 310247 / 597871
[2024-03-18 00:24:32.772] [info] #72: Feasible / Total: 312758 / 597871
[2024-03-18 00:26:04.989] [info] #73: Feasible / Total: 319413 / 597871
[2024-03-18 00:27:49.303] [info] #74: Feasible / Total: 327971 / 597871
[2024-03-18 00:30:42.546] [info] #75: Feasible / Total: 338718 / 597871
[2024-03-18 00:33:29.799] [info] #76: Feasible / Total: 354881 / 597871
[2024-03-18 00:34:26.277] [info] #77: Feasible / Total: 360890 / 597871
[2024-03-18 00:34:32.196] [info] #78: Feasible / Total: 361126 / 597871
[2024-03-18 00:34:36.232] [info] #78: Feasible / Total: 361126 / 597871
[2024-03-18 00:34:36.232] [info] Graph is not D-reducible.
[2024-03-18 00:34:36.373] [info] Started C-reducibility check
[2024-03-18 00:35:38.001] [info] Trying 28948799 possible contractions
[2024-03-18 00:35:38.001] [info] [0/28948799] Starting contraction of size 1
[2024-03-18 00:35:58.501] [info] All colors passed! Contracted: 50
[2024-03-18 00:35:58.502] [info] Graph is C-reducible!
