[2024-10-19 14:57:19.293] [info] Kempe type: Toroidal
[2024-10-19 14:57:19.293] [info] Vertex size: 36, Edge size: 61, Ring size: 14
[2024-10-19 14:57:32.740] [info] Started D-reducibility check
[2024-10-19 14:57:32.740] [info] #1: Feasible / Total: 28884 / 199291
[2024-10-19 15:19:11.571] [info] #2: Feasible / Total: 38723 / 199291
[2024-10-19 15:27:30.562] [info] #3: Feasible / Total: 47100 / 199291
[2024-10-19 15:35:30.899] [info] #4: Feasible / Total: 57585 / 199291
[2024-10-19 15:45:16.049] [info] #5: Feasible / Total: 71237 / 199291
[2024-10-19 15:59:38.199] [info] #6: Feasible / Total: 94051 / 199291
[2024-10-19 16:16:30.355] [info] #7: Feasible / Total: 132584 / 199291
[2024-10-19 16:25:52.646] [info] #8: Feasible / Total: 177630 / 199291
[2024-10-19 16:26:48.667] [info] #9: Feasible / Total: 186183 / 199291
[2024-10-19 16:26:49.933] [info] #10: Feasible / Total: 186187 / 199291
[2024-10-19 16:26:51.257] [info] #10: Feasible / Total: 186187 / 199291
[2024-10-19 16:26:51.258] [info] Graph is not D-reducible.
[2024-10-19 16:26:51.539] [info] Started C-reducibility check
[2024-10-19 16:27:43.121] [info] Trying 3911188 possible contractions
[2024-10-19 16:27:43.128] [info] [0/3911188] Starting contraction of size 1
[2024-10-19 16:28:09.230] [info] All colors passed! Contracted: 26
[2024-10-19 16:28:09.231] [info] Graph is C-reducible!
