[2023-12-05 15:27:54.321] [info] Kempe type: Toroidal
[2023-12-05 15:27:54.322] [info] Vertex size: 39, Edge size: 66, Ring size: 15
[2023-12-05 15:29:07.288] [info] Started D-reducibility check
[2023-12-05 15:29:07.289] [info] #1: Feasible / Total: 78645 / 597871
[2023-12-05 19:08:10.788] [info] #2: Feasible / Total: 123157 / 597871
[2023-12-05 20:43:54.397] [info] #3: Feasible / Total: 150064 / 597871
[2023-12-05 21:52:29.664] [info] #4: Feasible / Total: 168563 / 597871
[2023-12-05 22:41:26.695] [info] #5: Feasible / Total: 182102 / 597871
[2023-12-05 23:23:50.793] [info] #6: Feasible / Total: 195110 / 597871
[2023-12-06 00:11:14.040] [info] #7: Feasible / Total: 210557 / 597871
[2023-12-06 01:08:32.387] [info] #8: Feasible / Total: 230448 / 597871
[2023-12-06 02:21:41.728] [info] #9: Feasible / Total: 259080 / 597871
[2023-12-06 03:32:30.561] [info] #10: Feasible / Total: 291567 / 597871
[2023-12-06 04:10:34.942] [info] #11: Feasible / Total: 314369 / 597871
[2023-12-06 04:18:10.429] [info] #12: Feasible / Total: 317944 / 597871
[2023-12-06 04:20:30.891] [info] #13: Feasible / Total: 318119 / 597871
[2023-12-06 04:22:29.960] [info] #14: Feasible / Total: 318124 / 597871
[2023-12-06 04:24:26.152] [info] #14: Feasible / Total: 318124 / 597871
[2023-12-06 04:24:26.152] [info] Graph is not D-reducible.
[2023-12-06 04:24:27.775] [info] Started C-reducibility check
[2023-12-06 19:29:51.360] [info] Trying 179110 possible contractions
[2023-12-06 19:29:51.360] [info] [0/179110] Starting contraction of size 1
[2023-12-06 20:02:52.904] [info] [51/179110] Starting contraction of size 2
[2023-12-07 06:12:36.626] [info] [1239/179110] Starting contraction of size 3
[2023-12-10 02:36:13.972] [info] [18022/179110] Starting contraction of size 4
[2023-12-16 22:00:38.412] [info] All colors passed! Contracted: 19, 23, 25, 58
[2023-12-16 22:00:38.412] [info] Graph is C-reducible!
