[2023-11-16 13:46:30.420] [info] Kempe type: Toroidal
[2023-11-16 13:46:30.420] [info] Vertex size: 30, Edge size: 51, Ring size: 12
[2023-11-16 13:46:32.565] [info] Started D-reducibility check
[2023-11-16 13:46:32.565] [info] #1: Feasible / Total: 4476 / 22144
[2023-11-16 13:46:56.330] [info] #2: Feasible / Total: 5586 / 22144
[2023-11-16 13:47:03.299] [info] #3: Feasible / Total: 6572 / 22144
[2023-11-16 13:47:09.186] [info] #4: Feasible / Total: 7853 / 22144
[2023-11-16 13:47:16.484] [info] #5: Feasible / Total: 9823 / 22144
[2023-11-16 13:47:24.680] [info] #6: Feasible / Total: 11983 / 22144
[2023-11-16 13:47:27.703] [info] #7: Feasible / Total: 13197 / 22144
[2023-11-16 13:47:28.217] [info] #8: Feasible / Total: 13354 / 22144
[2023-11-16 13:47:28.568] [info] #8: Feasible / Total: 13354 / 22144
[2023-11-16 13:47:28.569] [info] Graph is not D-reducible.
[2023-11-16 13:47:28.572] [info] Started C-reducibility check
[2023-11-16 13:49:34.825] [info] Trying 6045337 possible contractions
[2023-11-16 13:49:34.825] [info] [0/6045337] Starting contraction of size 1
[2023-11-16 13:50:03.397] [info] [39/6045337] Starting contraction of size 2
[2023-11-16 13:56:35.268] [info] [714/6045337] Starting contraction of size 3
[2023-11-16 14:21:56.869] [info] All colors passed! Contracted: 18, 33, 36
[2023-11-16 14:21:56.869] [info] Graph is C-reducible!
