[2024-10-19 11:31:54.690] [info] Kempe type: Toroidal
[2024-10-19 11:31:54.690] [info] Vertex size: 39, Edge size: 66, Ring size: 15
[2024-10-19 11:32:49.654] [info] Started D-reducibility check
[2024-10-19 11:32:49.654] [info] #1: Feasible / Total: 71765 / 597871
[2024-10-19 12:27:04.006] [info] #2: Feasible / Total: 106477 / 597871
[2024-10-19 12:50:26.155] [info] #3: Feasible / Total: 130241 / 597871
[2024-10-19 13:21:04.407] [info] #4: Feasible / Total: 152538 / 597871
[2024-10-19 14:02:17.373] [info] #5: Feasible / Total: 181948 / 597871
[2024-10-19 14:34:46.913] [info] #6: Feasible / Total: 223460 / 597871
[2024-10-19 15:20:41.735] [info] #7: Feasible / Total: 277466 / 597871
[2024-10-19 16:13:10.769] [info] #8: Feasible / Total: 334804 / 597871
[2024-10-19 16:34:57.522] [info] #9: Feasible / Total: 373778 / 597871
[2024-10-19 16:44:24.788] [info] #10: Feasible / Total: 388152 / 597871
[2024-10-19 16:54:20.542] [info] #11: Feasible / Total: 403137 / 597871
[2024-10-19 17:07:06.879] [info] #12: Feasible / Total: 425191 / 597871
[2024-10-19 17:10:03.595] [info] #13: Feasible / Total: 431816 / 597871
[2024-10-19 17:10:21.546] [info] #14: Feasible / Total: 431967 / 597871
[2024-10-19 17:10:37.203] [info] #14: Feasible / Total: 431967 / 597871
[2024-10-19 17:10:37.236] [info] Graph is not D-reducible.
[2024-10-19 17:10:37.491] [info] Started C-reducibility check
[2024-10-19 17:11:42.705] [info] Trying 7086509 possible contractions
[2024-10-19 17:11:42.705] [info] [0/7086509] Starting contraction of size 1
[2024-10-19 17:14:18.587] [info] All colors passed! Contracted: 44
[2024-10-19 17:14:18.620] [info] Graph is C-reducible!
