[2023-12-05 15:26:26.973] [info] Kempe type: Toroidal
[2023-12-05 15:26:26.973] [info] Vertex size: 35, Edge size: 60, Ring size: 15
[2023-12-05 15:26:58.524] [info] Started D-reducibility check
[2023-12-05 15:26:58.524] [info] #1: Feasible / Total: 56369 / 597871
[2023-12-05 18:52:58.177] [info] #2: Feasible / Total: 87665 / 597871
[2023-12-05 20:22:36.130] [info] #3: Feasible / Total: 103347 / 597871
[2023-12-05 21:32:53.054] [info] #4: Feasible / Total: 117582 / 597871
[2023-12-05 22:34:44.051] [info] #5: Feasible / Total: 131967 / 597871
[2023-12-05 23:36:27.899] [info] #6: Feasible / Total: 148182 / 597871
[2023-12-06 00:50:28.592] [info] #7: Feasible / Total: 167383 / 597871
[2023-12-06 02:17:04.646] [info] #8: Feasible / Total: 192636 / 597871
[2023-12-06 04:03:24.767] [info] #9: Feasible / Total: 227579 / 597871
[2023-12-06 05:59:59.464] [info] #10: Feasible / Total: 271715 / 597871
[2023-12-06 07:53:58.504] [info] #11: Feasible / Total: 322075 / 597871
[2023-12-06 09:10:59.080] [info] #12: Feasible / Total: 367502 / 597871
[2023-12-06 09:50:31.050] [info] #13: Feasible / Total: 396475 / 597871
[2023-12-06 10:03:16.451] [info] #14: Feasible / Total: 404319 / 597871
[2023-12-06 10:08:29.071] [info] #15: Feasible / Total: 407029 / 597871
[2023-12-06 10:09:53.175] [info] #16: Feasible / Total: 407393 / 597871
[2023-12-06 10:10:57.014] [info] #16: Feasible / Total: 407393 / 597871
[2023-12-06 10:10:57.014] [info] Graph is not D-reducible.
[2023-12-06 10:10:58.455] [info] Started C-reducibility check
[2023-12-06 11:07:26.382] [info] Trying 103265 possible contractions
[2023-12-06 11:07:26.382] [info] [0/103265] Starting contraction of size 1
[2023-12-06 11:32:04.506] [info] [45/103265] Starting contraction of size 2
[2023-12-06 18:14:33.361] [info] [960/103265] Starting contraction of size 3
[2023-12-06 21:57:18.959] [info] All colors passed! Contracted: 23, 27, 53
[2023-12-06 21:57:18.959] [info] Graph is C-reducible!
