[2024-07-12 22:49:15.559] [info] Kempe type: Toroidal
[2024-07-12 22:49:15.559] [info] Vertex size: 37, Edge size: 63, Ring size: 15
[2024-07-12 22:49:20.948] [info] Started D-reducibility check
[2024-07-12 22:49:20.948] [info] #1: Feasible / Total: 61509 / 597871
[2024-07-12 22:59:03.528] [info] #2: Feasible / Total: 84883 / 597871
[2024-07-12 23:04:04.823] [info] #3: Feasible / Total: 101667 / 597871
[2024-07-12 23:08:39.137] [info] #4: Feasible / Total: 116712 / 597871
[2024-07-12 23:14:20.532] [info] #5: Feasible / Total: 136337 / 597871
[2024-07-12 23:20:55.114] [info] #6: Feasible / Total: 164584 / 597871
[2024-07-12 23:30:04.060] [info] #7: Feasible / Total: 208441 / 597871
[2024-07-12 23:41:38.854] [info] #8: Feasible / Total: 273208 / 597871
[2024-07-12 23:55:01.566] [info] #9: Feasible / Total: 360760 / 597871
[2024-07-13 00:04:30.755] [info] #10: Feasible / Total: 457851 / 597871
[2024-07-13 00:06:21.921] [info] #11: Feasible / Total: 493629 / 597871
[2024-07-13 00:06:26.560] [info] #12: Feasible / Total: 494753 / 597871
[2024-07-13 00:06:28.085] [info] #12: Feasible / Total: 494753 / 597871
[2024-07-13 00:06:28.085] [info] Graph is not D-reducible.
[2024-07-13 00:06:28.181] [info] Started C-reducibility check
[2024-07-13 00:08:15.603] [info] Trying 55345589 possible contractions
[2024-07-13 00:08:15.603] [info] [0/55345589] Starting contraction of size 1
[2024-07-13 00:10:14.740] [info] [48/55345589] Starting contraction of size 2
[2024-07-13 00:32:08.220] [info] All colors passed! Contracted: 40, 54
[2024-07-13 00:32:08.220] [info] Graph is C-reducible!
