[2023-11-16 18:02:41.084] [info] Kempe type: Toroidal
[2023-11-16 18:02:41.084] [info] Vertex size: 31, Edge size: 53, Ring size: 13
[2023-11-16 18:02:45.182] [info] Started D-reducibility check
[2023-11-16 18:02:45.182] [info] #1: Feasible / Total: 9894 / 66430
[2023-11-16 18:05:33.263] [info] #2: Feasible / Total: 14897 / 66430
[2023-11-16 18:07:05.414] [info] #3: Feasible / Total: 19960 / 66430
[2023-11-16 18:08:48.538] [info] #4: Feasible / Total: 27053 / 66430
[2023-11-16 18:10:40.116] [info] #5: Feasible / Total: 36920 / 66430
[2023-11-16 18:11:46.002] [info] #6: Feasible / Total: 46724 / 66430
[2023-11-16 18:11:52.616] [info] #7: Feasible / Total: 48239 / 66430
[2023-11-16 18:11:53.947] [info] #8: Feasible / Total: 48241 / 66430
[2023-11-16 18:11:55.282] [info] #8: Feasible / Total: 48241 / 66430
[2023-11-16 18:11:55.282] [info] Graph is not D-reducible.
[2023-11-16 18:11:55.354] [info] Started C-reducibility check
[2023-11-16 18:16:13.610] [info] Trying 8099566 possible contractions
[2023-11-16 18:16:13.611] [info] [0/8099566] Starting contraction of size 1
[2023-11-16 18:17:33.207] [info] [40/8099566] Starting contraction of size 2
[2023-11-16 18:37:48.409] [info] [753/8099566] Starting contraction of size 3
[2023-11-16 18:52:54.025] [info] All colors passed! Contracted: 16, 19, 23
[2023-11-16 18:52:54.046] [info] Graph is C-reducible!
