[2024-04-03 15:02:14.121] [info] Kempe type: Toroidal
[2024-04-03 15:02:14.121] [info] Vertex size: 40, Edge size: 68, Ring size: 16
[2024-04-03 15:02:18.856] [info] Started D-reducibility check
[2024-04-03 15:02:18.856] [info] #1: Feasible / Total: 152375 / 1793614
[2024-04-03 17:01:00.162] [info] #2: Feasible / Total: 239550 / 1793614
[2024-04-03 17:47:38.429] [info] #3: Feasible / Total: 296532 / 1793614
[2024-04-03 18:37:11.283] [info] #4: Feasible / Total: 362722 / 1793614
[2024-04-03 19:38:00.223] [info] #5: Feasible / Total: 450862 / 1793614
[2024-04-03 20:57:10.584] [info] #6: Feasible / Total: 579923 / 1793614
[2024-04-03 22:37:54.174] [info] #7: Feasible / Total: 776417 / 1793614
[2024-04-04 00:08:18.808] [info] #8: Feasible / Total: 1020678 / 1793614
[2024-04-04 00:51:48.903] [info] #9: Feasible / Total: 1183400 / 1793614
[2024-04-04 00:57:55.439] [info] #10: Feasible / Total: 1209613 / 1793614
[2024-04-04 00:58:16.053] [info] #11: Feasible / Total: 1209704 / 1793614
[2024-04-04 00:58:33.594] [info] #11: Feasible / Total: 1209704 / 1793614
[2024-04-04 00:58:33.594] [info] Graph is not D-reducible.
[2024-04-04 00:58:34.075] [info] Started C-reducibility check
[2024-04-04 01:01:28.186] [info] Trying 127588431 possible contractions
[2024-04-04 01:01:28.186] [info] [0/127588431] Starting contraction of size 1
[2024-04-04 01:01:52.107] [info] All colors passed! Contracted: 53
[2024-04-04 01:01:52.108] [info] Graph is C-reducible!
