[2024-10-19 14:57:08.701] [info] Kempe type: Toroidal
[2024-10-19 14:57:08.701] [info] Vertex size: 34, Edge size: 58, Ring size: 14
[2024-10-19 14:57:15.703] [info] Started D-reducibility check
[2024-10-19 14:57:15.703] [info] #1: Feasible / Total: 23130 / 199291
[2024-10-19 15:16:25.357] [info] #2: Feasible / Total: 34720 / 199291
[2024-10-19 15:22:34.366] [info] #3: Feasible / Total: 42482 / 199291
[2024-10-19 15:27:51.893] [info] #4: Feasible / Total: 49331 / 199291
[2024-10-19 15:31:13.161] [info] #5: Feasible / Total: 54421 / 199291
[2024-10-19 15:34:05.012] [info] #6: Feasible / Total: 57432 / 199291
[2024-10-19 15:37:27.905] [info] #7: Feasible / Total: 60291 / 199291
[2024-10-19 15:41:08.723] [info] #8: Feasible / Total: 64359 / 199291
[2024-10-19 15:46:27.696] [info] #9: Feasible / Total: 70732 / 199291
[2024-10-19 15:55:20.887] [info] #10: Feasible / Total: 83297 / 199291
[2024-10-19 16:07:56.583] [info] #11: Feasible / Total: 105585 / 199291
[2024-10-19 16:18:29.355] [info] #12: Feasible / Total: 133980 / 199291
[2024-10-19 16:20:53.369] [info] #13: Feasible / Total: 146291 / 199291
[2024-10-19 16:21:07.498] [info] #14: Feasible / Total: 147009 / 199291
[2024-10-19 16:21:13.671] [info] #14: Feasible / Total: 147009 / 199291
[2024-10-19 16:21:13.671] [info] Graph is not D-reducible.
[2024-10-19 16:21:13.948] [info] Started C-reducibility check
[2024-10-19 16:21:54.014] [info] Trying 2432221 possible contractions
[2024-10-19 16:21:54.015] [info] [0/2432221] Starting contraction of size 1
[2024-10-19 16:22:06.846] [info] All colors passed! Contracted: 50
[2024-10-19 16:22:06.846] [info] Graph is C-reducible!
