[2024-07-11 16:17:55.844] [info] Kempe type: Toroidal
[2024-07-11 16:17:55.844] [info] Vertex size: 34, Edge size: 58, Ring size: 14
[2024-07-11 16:17:57.834] [info] Started D-reducibility check
[2024-07-11 16:17:57.834] [info] #1: Feasible / Total: 23872 / 199291
[2024-07-11 16:19:08.342] [info] #2: Feasible / Total: 30422 / 199291
[2024-07-11 16:19:30.458] [info] #3: Feasible / Total: 33511 / 199291
[2024-07-11 16:19:42.975] [info] #4: Feasible / Total: 35311 / 199291
[2024-07-11 16:19:53.846] [info] #5: Feasible / Total: 36674 / 199291
[2024-07-11 16:20:03.339] [info] #6: Feasible / Total: 38135 / 199291
[2024-07-11 16:20:13.356] [info] #7: Feasible / Total: 39768 / 199291
[2024-07-11 16:20:24.885] [info] #8: Feasible / Total: 41551 / 199291
[2024-07-11 16:20:40.570] [info] #9: Feasible / Total: 44073 / 199291
[2024-07-11 16:20:56.858] [info] #10: Feasible / Total: 47506 / 199291
[2024-07-11 16:21:21.034] [info] #11: Feasible / Total: 52599 / 199291
[2024-07-11 16:21:54.753] [info] #12: Feasible / Total: 61216 / 199291
[2024-07-11 16:22:42.981] [info] #13: Feasible / Total: 75683 / 199291
[2024-07-11 16:23:40.246] [info] #14: Feasible / Total: 95999 / 199291
[2024-07-11 16:24:00.436] [info] #15: Feasible / Total: 107542 / 199291
[2024-07-11 16:24:02.563] [info] #16: Feasible / Total: 108321 / 199291
[2024-07-11 16:24:03.629] [info] #17: Feasible / Total: 108342 / 199291
[2024-07-11 16:24:04.626] [info] #18: Feasible / Total: 108346 / 199291
[2024-07-11 16:24:05.622] [info] #18: Feasible / Total: 108346 / 199291
[2024-07-11 16:24:05.622] [info] Graph is not D-reducible.
[2024-07-11 16:24:05.645] [info] Started C-reducibility check
[2024-07-11 16:24:42.611] [info] Trying 22231093 possible contractions
[2024-07-11 16:24:42.611] [info] [0/22231093] Starting contraction of size 1
[2024-07-11 16:25:06.012] [info] All colors passed! Contracted: 18
[2024-07-11 16:25:06.012] [info] Graph is C-reducible!
