[2024-06-18 22:54:33.532] [info] Kempe type: Toroidal
[2024-06-18 22:54:33.532] [info] Vertex size: 34, Edge size: 58, Ring size: 14
[2024-06-18 22:54:36.562] [info] Started D-reducibility check
[2024-06-18 22:54:36.562] [info] #1: Feasible / Total: 22563 / 199291
[2024-06-18 22:57:24.130] [info] #2: Feasible / Total: 35409 / 199291
[2024-06-18 22:58:33.639] [info] #3: Feasible / Total: 44174 / 199291
[2024-06-18 22:59:19.918] [info] #4: Feasible / Total: 51253 / 199291
[2024-06-18 22:59:54.424] [info] #5: Feasible / Total: 56275 / 199291
[2024-06-18 23:00:31.248] [info] #6: Feasible / Total: 59443 / 199291
[2024-06-18 23:01:02.310] [info] #7: Feasible / Total: 62119 / 199291
[2024-06-18 23:01:42.760] [info] #8: Feasible / Total: 65512 / 199291
[2024-06-18 23:02:36.693] [info] #9: Feasible / Total: 71446 / 199291
[2024-06-18 23:03:52.981] [info] #10: Feasible / Total: 82883 / 199291
[2024-06-18 23:05:49.104] [info] #11: Feasible / Total: 105589 / 199291
[2024-06-18 23:07:55.504] [info] #12: Feasible / Total: 138508 / 199291
[2024-06-18 23:08:49.011] [info] #13: Feasible / Total: 157383 / 199291
[2024-06-18 23:08:51.818] [info] #14: Feasible / Total: 159021 / 199291
[2024-06-18 23:08:52.765] [info] #15: Feasible / Total: 159041 / 199291
[2024-06-18 23:08:53.608] [info] #15: Feasible / Total: 159041 / 199291
[2024-06-18 23:08:53.608] [info] Graph is not D-reducible.
[2024-06-18 23:08:53.643] [info] Started C-reducibility check
[2024-06-18 23:09:53.047] [info] Trying 22226939 possible contractions
[2024-06-18 23:09:53.058] [info] [0/22226939] Starting contraction of size 1
[2024-06-18 23:10:31.947] [info] [44/22226939] Starting contraction of size 2
[2024-06-18 23:21:48.932] [info] [916/22226939] Starting contraction of size 3
[2024-06-18 23:55:22.646] [info] All colors passed! Contracted: 37, 39, 54
[2024-06-18 23:55:22.646] [info] Graph is C-reducible!
