[2023-11-17 00:32:48.924] [info] Kempe type: Toroidal
[2023-11-17 00:32:48.924] [info] Vertex size: 34, Edge size: 58, Ring size: 14
[2023-11-17 00:33:08.606] [info] Started D-reducibility check
[2023-11-17 00:33:08.630] [info] #1: Feasible / Total: 25848 / 199291
[2023-11-17 01:29:46.325] [info] #2: Feasible / Total: 40551 / 199291
[2023-11-17 01:47:52.398] [info] #3: Feasible / Total: 50649 / 199291
[2023-11-17 02:04:49.619] [info] #4: Feasible / Total: 59072 / 199291
[2023-11-17 02:23:19.247] [info] #5: Feasible / Total: 68027 / 199291
[2023-11-17 02:46:39.874] [info] #6: Feasible / Total: 80258 / 199291
[2023-11-17 03:14:31.074] [info] #7: Feasible / Total: 100028 / 199291
[2023-11-17 03:47:34.070] [info] #8: Feasible / Total: 130395 / 199291
[2023-11-17 04:09:06.750] [info] #9: Feasible / Total: 159518 / 199291
[2023-11-17 04:13:25.818] [info] #10: Feasible / Total: 169875 / 199291
[2023-11-17 04:13:47.263] [info] #11: Feasible / Total: 170643 / 199291
[2023-11-17 04:13:56.646] [info] #12: Feasible / Total: 170647 / 199291
[2023-11-17 04:14:05.955] [info] #12: Feasible / Total: 170647 / 199291
[2023-11-17 04:14:05.956] [info] Graph is not D-reducible.
[2023-11-17 04:14:06.703] [info] Started C-reducibility check
[2023-11-17 04:44:55.498] [info] Trying 22304344 possible contractions
[2023-11-17 04:44:55.499] [info] [0/22304344] Starting contraction of size 1
[2023-11-17 04:46:00.923] [info] [44/22304344] Starting contraction of size 2
[2023-11-17 04:56:49.438] [info] [916/22304344] Starting contraction of size 3
[2023-11-17 12:50:30.026] [info] All colors passed! Contracted: 31, 41, 52
[2023-11-17 12:50:30.031] [info] Graph is C-reducible!
