[2023-11-17 00:32:43.652] [info] Kempe type: Toroidal
[2023-11-17 00:32:43.670] [info] Vertex size: 35, Edge size: 60, Ring size: 15
[2023-11-17 00:33:24.624] [info] Started D-reducibility check
[2023-11-17 00:33:24.630] [info] #1: Feasible / Total: 55633 / 597871
[2023-11-17 03:13:23.249] [info] #2: Feasible / Total: 71839 / 597871
[2023-11-17 04:03:42.757] [info] #3: Feasible / Total: 78368 / 597871
[2023-11-17 04:26:07.233] [info] #4: Feasible / Total: 82643 / 597871
[2023-11-17 04:31:28.623] [info] #5: Feasible / Total: 85737 / 597871
[2023-11-17 04:34:21.406] [info] #6: Feasible / Total: 88113 / 597871
[2023-11-17 04:35:47.452] [info] #7: Feasible / Total: 90200 / 597871
[2023-11-17 04:39:14.979] [info] #8: Feasible / Total: 92247 / 597871
[2023-11-17 04:40:55.022] [info] #9: Feasible / Total: 93730 / 597871
[2023-11-17 04:42:47.255] [info] #10: Feasible / Total: 95072 / 597871
[2023-11-17 04:44:33.037] [info] #11: Feasible / Total: 96460 / 597871
[2023-11-17 04:46:12.850] [info] #12: Feasible / Total: 97748 / 597871
[2023-11-17 04:47:47.274] [info] #13: Feasible / Total: 98842 / 597871
[2023-11-17 04:49:26.881] [info] #14: Feasible / Total: 99664 / 597871
[2023-11-17 04:50:59.868] [info] #15: Feasible / Total: 100320 / 597871
[2023-11-17 04:51:49.751] [info] #16: Feasible / Total: 100932 / 597871
[2023-11-17 04:52:29.415] [info] #17: Feasible / Total: 101617 / 597871
[2023-11-17 04:53:30.677] [info] #18: Feasible / Total: 102323 / 597871
[2023-11-17 04:54:55.916] [info] #19: Feasible / Total: 103088 / 597871
[2023-11-17 04:56:13.646] [info] #20: Feasible / Total: 103890 / 597871
[2023-11-17 04:56:56.320] [info] #21: Feasible / Total: 104693 / 597871
[2023-11-17 04:57:44.053] [info] #22: Feasible / Total: 105570 / 597871
[2023-11-17 04:58:25.379] [info] #23: Feasible / Total: 106370 / 597871
[2023-11-17 04:59:08.300] [info] #24: Feasible / Total: 107157 / 597871
[2023-11-17 04:59:51.323] [info] #25: Feasible / Total: 107863 / 597871
[2023-11-17 05:01:13.722] [info] #26: Feasible / Total: 108506 / 597871
[2023-11-17 05:02:34.808] [info] #27: Feasible / Total: 109146 / 597871
[2023-11-17 05:03:45.895] [info] #28: Feasible / Total: 109643 / 597871
[2023-11-17 05:04:46.693] [info] #29: Feasible / Total: 110111 / 597871
[2023-11-17 05:05:48.052] [info] #30: Feasible / Total: 110654 / 597871
[2023-11-17 05:06:59.012] [info] #31: Feasible / Total: 111246 / 597871
[2023-11-17 05:08:13.492] [info] #32: Feasible / Total: 111807 / 597871
[2023-11-17 05:09:26.107] [info] #33: Feasible / Total: 112249 / 597871
[2023-11-17 05:10:40.200] [info] #34: Feasible / Total: 112708 / 597871
[2023-11-17 05:11:57.380] [info] #35: Feasible / Total: 113205 / 597871
[2023-11-17 05:13:17.600] [info] #36: Feasible / Total: 113683 / 597871
[2023-11-17 05:14:36.368] [info] #37: Feasible / Total: 114201 / 597871
[2023-11-17 05:15:32.666] [info] #38: Feasible / Total: 114678 / 597871
[2023-11-17 05:16:15.941] [info] #39: Feasible / Total: 115096 / 597871
[2023-11-17 05:17:13.879] [info] #40: Feasible / Total: 115491 / 597871
[2023-11-17 05:18:10.347] [info] #41: Feasible / Total: 115910 / 597871
[2023-11-17 05:19:03.654] [info] #42: Feasible / Total: 116346 / 597871
[2023-11-17 05:20:02.360] [info] #43: Feasible / Total: 116780 / 597871
[2023-11-17 05:21:02.490] [info] #44: Feasible / Total: 117206 / 597871
[2023-11-17 05:22:07.607] [info] #45: Feasible / Total: 117719 / 597871
[2023-11-17 05:23:10.078] [info] #46: Feasible / Total: 118250 / 597871
[2023-11-17 05:24:05.321] [info] #47: Feasible / Total: 118712 / 597871
[2023-11-17 05:25:13.075] [info] #48: Feasible / Total: 119189 / 597871
[2023-11-17 05:26:27.308] [info] #49: Feasible / Total: 119687 / 597871
[2023-11-17 05:27:34.924] [info] #50: Feasible / Total: 120313 / 597871
[2023-11-17 05:28:50.274] [info] #51: Feasible / Total: 121100 / 597871
[2023-11-17 05:29:37.922] [info] #52: Feasible / Total: 121856 / 597871
[2023-11-17 05:30:32.805] [info] #53: Feasible / Total: 122571 / 597871
[2023-11-17 05:31:31.283] [info] #54: Feasible / Total: 123205 / 597871
[2023-11-17 05:32:22.882] [info] #55: Feasible / Total: 123887 / 597871
[2023-11-17 05:33:15.394] [info] #56: Feasible / Total: 124512 / 597871
[2023-11-17 05:34:10.601] [info] #57: Feasible / Total: 125168 / 597871
[2023-11-17 05:35:16.583] [info] #58: Feasible / Total: 125843 / 597871
[2023-11-17 05:36:08.238] [info] #59: Feasible / Total: 126573 / 597871
[2023-11-17 05:37:02.118] [info] #60: Feasible / Total: 127411 / 597871
[2023-11-17 05:38:09.039] [info] #61: Feasible / Total: 128276 / 597871
[2023-11-17 05:39:02.145] [info] #62: Feasible / Total: 129173 / 597871
[2023-11-17 05:39:59.321] [info] #63: Feasible / Total: 130207 / 597871
[2023-11-17 05:40:59.646] [info] #64: Feasible / Total: 131346 / 597871
[2023-11-17 05:42:12.340] [info] #65: Feasible / Total: 132692 / 597871
[2023-11-17 05:43:36.766] [info] #66: Feasible / Total: 134305 / 597871
[2023-11-17 05:44:55.695] [info] #67: Feasible / Total: 136583 / 597871
[2023-11-17 05:46:49.824] [info] #68: Feasible / Total: 139960 / 597871
[2023-11-17 05:49:10.630] [info] #69: Feasible / Total: 144856 / 597871
[2023-11-17 05:51:49.155] [info] #70: Feasible / Total: 151953 / 597871
[2023-11-17 05:57:40.815] [info] #71: Feasible / Total: 162699 / 597871
[2023-11-17 06:03:57.762] [info] #72: Feasible / Total: 177626 / 597871
[2023-11-17 06:14:00.942] [info] #73: Feasible / Total: 198017 / 597871
[2023-11-17 06:25:48.644] [info] #74: Feasible / Total: 223130 / 597871
[2023-11-17 06:36:29.136] [info] #75: Feasible / Total: 245578 / 597871
[2023-11-17 06:48:32.335] [info] #76: Feasible / Total: 266896 / 597871
[2023-11-17 06:58:03.780] [info] #77: Feasible / Total: 288352 / 597871
[2023-11-17 07:07:13.887] [info] #78: Feasible / Total: 313587 / 597871
[2023-11-17 07:13:00.450] [info] #79: Feasible / Total: 341995 / 597871
[2023-11-17 07:24:56.614] [info] #80: Feasible / Total: 377684 / 597871
[2023-11-17 07:36:58.794] [info] #81: Feasible / Total: 419830 / 597871
[2023-11-17 07:38:41.332] [info] #82: Feasible / Total: 431365 / 597871
[2023-11-17 07:38:51.178] [info] #83: Feasible / Total: 431481 / 597871
[2023-11-17 07:39:00.761] [info] #83: Feasible / Total: 431481 / 597871
[2023-11-17 07:39:00.761] [info] Graph is not D-reducible.
[2023-11-17 07:39:01.118] [info] Started C-reducibility check
[2023-11-17 07:51:07.337] [info] Trying 29036238 possible contractions
[2023-11-17 07:51:07.346] [info] [0/29036238] Starting contraction of size 1
[2023-11-17 07:51:11.402] [info] All colors passed! Contracted: 46
[2023-11-17 07:51:11.402] [info] Graph is C-reducible!
