[2024-07-08 22:18:59.411] [info] Kempe type: Toroidal
[2024-07-08 22:18:59.411] [info] Vertex size: 34, Edge size: 58, Ring size: 14
[2024-07-08 22:18:59.860] [info] Started D-reducibility check
[2024-07-08 22:18:59.861] [info] #1: Feasible / Total: 23124 / 199291
[2024-07-08 22:20:38.471] [info] #2: Feasible / Total: 34027 / 199291
[2024-07-08 22:21:11.430] [info] #3: Feasible / Total: 39482 / 199291
[2024-07-08 22:21:51.682] [info] #4: Feasible / Total: 45552 / 199291
[2024-07-08 22:22:32.163] [info] #5: Feasible / Total: 51761 / 199291
[2024-07-08 22:23:13.579] [info] #6: Feasible / Total: 59546 / 199291
[2024-07-08 22:24:06.260] [info] #7: Feasible / Total: 70907 / 199291
[2024-07-08 22:25:20.111] [info] #8: Feasible / Total: 89637 / 199291
[2024-07-08 22:26:28.819] [info] #9: Feasible / Total: 112785 / 199291
[2024-07-08 22:27:41.499] [info] #10: Feasible / Total: 140538 / 199291
[2024-07-08 22:28:43.952] [info] #11: Feasible / Total: 178800 / 199291
[2024-07-08 22:28:54.922] [info] #12: Feasible / Total: 194247 / 199291
[2024-07-08 22:28:54.972] [info] #13: Feasible / Total: 194251 / 199291
[2024-07-08 22:28:55.018] [info] #13: Feasible / Total: 194251 / 199291
[2024-07-08 22:28:55.018] [info] Graph is not D-reducible.
[2024-07-08 22:28:55.044] [info] Started C-reducibility check
[2024-07-08 22:29:31.953] [info] Trying 22306040 possible contractions
[2024-07-08 22:29:31.953] [info] [0/22306040] Starting contraction of size 1
[2024-07-08 22:29:32.257] [info] All colors passed! Contracted: 20
[2024-07-08 22:29:32.257] [info] Graph is C-reducible!
