[2023-11-20 13:25:47.819] [info] Kempe type: Toroidal
[2023-11-20 13:25:48.141] [info] Vertex size: 31, Edge size: 53, Ring size: 13
[2023-11-20 13:25:59.657] [info] Started D-reducibility check
[2023-11-20 13:25:59.690] [info] #1: Feasible / Total: 8930 / 66430
[2023-11-20 13:27:33.672] [info] #2: Feasible / Total: 12237 / 66430
[2023-11-20 13:28:28.878] [info] #3: Feasible / Total: 14888 / 66430
[2023-11-20 13:29:12.390] [info] #4: Feasible / Total: 16696 / 66430
[2023-11-20 13:29:44.386] [info] #5: Feasible / Total: 18087 / 66430
[2023-11-20 13:30:21.754] [info] #6: Feasible / Total: 19742 / 66430
[2023-11-20 13:31:10.556] [info] #7: Feasible / Total: 22163 / 66430
[2023-11-20 13:32:33.163] [info] #8: Feasible / Total: 26371 / 66430
[2023-11-20 13:34:02.008] [info] #9: Feasible / Total: 32470 / 66430
[2023-11-20 13:35:01.406] [info] #10: Feasible / Total: 38247 / 66430
[2023-11-20 13:35:46.334] [info] #11: Feasible / Total: 41603 / 66430
[2023-11-20 13:36:53.442] [info] #12: Feasible / Total: 47959 / 66430
[2023-11-20 13:37:36.861] [info] #13: Feasible / Total: 55807 / 66430
[2023-11-20 13:37:51.950] [info] #14: Feasible / Total: 57904 / 66430
[2023-11-20 13:37:59.436] [info] #15: Feasible / Total: 58627 / 66430
[2023-11-20 13:38:01.168] [info] #16: Feasible / Total: 58868 / 66430
[2023-11-20 13:38:01.815] [info] #17: Feasible / Total: 58882 / 66430
[2023-11-20 13:38:02.321] [info] #17: Feasible / Total: 58882 / 66430
[2023-11-20 13:38:02.321] [info] Graph is not D-reducible.
[2023-11-20 13:38:02.393] [info] Started C-reducibility check
[2023-11-20 13:41:54.860] [info] Trying 8126041 possible contractions
[2023-11-20 13:41:54.886] [info] [0/8126041] Starting contraction of size 1
[2023-11-20 13:41:57.818] [info] All colors passed! Contracted: 35
[2023-11-20 13:41:57.819] [info] Graph is C-reducible!
