[2024-03-25 22:53:08.352] [info] Kempe type: Toroidal
[2024-03-25 22:53:08.352] [info] Vertex size: 39, Edge size: 66, Ring size: 15
[2024-03-25 22:53:11.583] [info] Started D-reducibility check
[2024-03-25 22:53:11.583] [info] #1: Feasible / Total: 72454 / 597871
[2024-03-25 23:04:06.931] [info] #2: Feasible / Total: 96211 / 597871
[2024-03-25 23:10:20.854] [info] #3: Feasible / Total: 119483 / 597871
[2024-03-25 23:16:52.678] [info] #4: Feasible / Total: 148232 / 597871
[2024-03-25 23:25:34.552] [info] #5: Feasible / Total: 189953 / 597871
[2024-03-25 23:36:36.213] [info] #6: Feasible / Total: 256610 / 597871
[2024-03-25 23:47:43.166] [info] #7: Feasible / Total: 353529 / 597871
[2024-03-25 23:54:26.302] [info] #8: Feasible / Total: 448784 / 597871
[2024-03-25 23:56:09.369] [info] #9: Feasible / Total: 479818 / 597871
[2024-03-25 23:56:17.491] [info] #10: Feasible / Total: 480687 / 597871
[2024-03-25 23:56:19.072] [info] #10: Feasible / Total: 480687 / 597871
[2024-03-25 23:56:19.073] [info] Graph is not D-reducible.
[2024-03-25 23:56:19.147] [info] Started C-reducibility check
[2024-03-25 23:58:34.091] [info] Trying 102548413 possible contractions
[2024-03-25 23:58:34.091] [info] [0/102548413] Starting contraction of size 1
[2024-03-25 23:58:53.751] [info] All colors passed! Contracted: 55
[2024-03-25 23:58:53.751] [info] Graph is C-reducible!
