[2023-11-16 13:46:30.608] [info] Kempe type: Toroidal
[2023-11-16 13:46:30.608] [info] Vertex size: 29, Edge size: 50, Ring size: 13
[2023-11-16 13:46:32.300] [info] Started D-reducibility check
[2023-11-16 13:46:32.300] [info] #1: Feasible / Total: 8961 / 66430
[2023-11-16 13:48:09.713] [info] #2: Feasible / Total: 11611 / 66430
[2023-11-16 13:48:36.668] [info] #3: Feasible / Total: 12667 / 66430
[2023-11-16 13:48:52.289] [info] #4: Feasible / Total: 13614 / 66430
[2023-11-16 13:49:07.569] [info] #5: Feasible / Total: 14544 / 66430
[2023-11-16 13:49:21.271] [info] #6: Feasible / Total: 15297 / 66430
[2023-11-16 13:49:33.551] [info] #7: Feasible / Total: 16042 / 66430
[2023-11-16 13:49:49.881] [info] #8: Feasible / Total: 16852 / 66430
[2023-11-16 13:50:08.027] [info] #9: Feasible / Total: 18001 / 66430
[2023-11-16 13:50:33.425] [info] #10: Feasible / Total: 19989 / 66430
[2023-11-16 13:51:14.450] [info] #11: Feasible / Total: 23452 / 66430
[2023-11-16 13:52:02.721] [info] #12: Feasible / Total: 29089 / 66430
[2023-11-16 13:53:06.694] [info] #13: Feasible / Total: 37657 / 66430
[2023-11-16 13:53:49.639] [info] #14: Feasible / Total: 46040 / 66430
[2023-11-16 13:54:04.725] [info] #15: Feasible / Total: 49462 / 66430
[2023-11-16 13:54:06.138] [info] #16: Feasible / Total: 49546 / 66430
[2023-11-16 13:54:06.880] [info] #16: Feasible / Total: 49546 / 66430
[2023-11-16 13:54:06.914] [info] Graph is not D-reducible.
[2023-11-16 13:54:06.962] [info] Started C-reducibility check
[2023-11-16 13:54:55.766] [info] Trying 3640070 possible contractions
[2023-11-16 13:54:55.778] [info] [0/3640070] Starting contraction of size 1
[2023-11-16 13:54:57.978] [info] All colors passed! Contracted: 43
[2023-11-16 13:54:57.994] [info] Graph is C-reducible!
