[2023-11-28 23:33:17.849] [info] Kempe type: Toroidal
[2023-11-28 23:33:17.854] [info] Vertex size: 34, Edge size: 58, Ring size: 14
[2023-11-28 23:33:21.034] [info] Started D-reducibility check
[2023-11-28 23:33:21.034] [info] #1: Feasible / Total: 25335 / 199291
[2023-11-28 23:41:04.446] [info] #2: Feasible / Total: 32503 / 199291
[2023-11-28 23:43:00.721] [info] #3: Feasible / Total: 36376 / 199291
[2023-11-28 23:44:52.395] [info] #4: Feasible / Total: 39756 / 199291
[2023-11-28 23:46:13.010] [info] #5: Feasible / Total: 43421 / 199291
[2023-11-28 23:48:10.127] [info] #6: Feasible / Total: 48190 / 199291
[2023-11-28 23:50:33.318] [info] #7: Feasible / Total: 54482 / 199291
[2023-11-28 23:53:30.262] [info] #8: Feasible / Total: 63776 / 199291
[2023-11-28 23:58:32.792] [info] #9: Feasible / Total: 81772 / 199291
[2023-11-29 00:06:53.450] [info] #10: Feasible / Total: 118933 / 199291
[2023-11-29 00:12:45.922] [info] #11: Feasible / Total: 171898 / 199291
[2023-11-29 00:13:21.834] [info] #12: Feasible / Total: 183355 / 199291
[2023-11-29 00:13:22.503] [info] #12: Feasible / Total: 183355 / 199291
[2023-11-29 00:13:22.526] [info] Graph is not D-reducible.
[2023-11-29 00:13:22.622] [info] Started C-reducibility check
[2023-11-29 00:24:01.829] [info] Trying 22385803 possible contractions
[2023-11-29 00:24:01.829] [info] [0/22385803] Starting contraction of size 1
[2023-11-29 00:25:38.708] [info] [44/22385803] Starting contraction of size 2
[2023-11-29 00:52:02.427] [info] [916/22385803] Starting contraction of size 3
[2023-11-29 00:53:02.675] [info] All colors passed! Contracted: 31, 37, 51
[2023-11-29 00:53:02.676] [info] Graph is C-reducible!
