[2024-04-14 16:49:35.890] [info] Kempe type: Toroidal
[2024-04-14 16:49:35.890] [info] Vertex size: 34, Edge size: 58, Ring size: 14
[2024-04-14 16:49:36.467] [info] Started D-reducibility check
[2024-04-14 16:49:36.467] [info] #1: Feasible / Total: 22655 / 199291
[2024-04-14 16:50:47.578] [info] #2: Feasible / Total: 31195 / 199291
[2024-04-14 16:51:14.515] [info] #3: Feasible / Total: 36293 / 199291
[2024-04-14 16:51:28.922] [info] #4: Feasible / Total: 38973 / 199291
[2024-04-14 16:51:38.277] [info] #5: Feasible / Total: 40141 / 199291
[2024-04-14 16:51:43.967] [info] #6: Feasible / Total: 40790 / 199291
[2024-04-14 16:51:47.622] [info] #7: Feasible / Total: 41184 / 199291
[2024-04-14 16:51:50.941] [info] #8: Feasible / Total: 41539 / 199291
[2024-04-14 16:51:54.773] [info] #9: Feasible / Total: 41867 / 199291
[2024-04-14 16:51:59.428] [info] #10: Feasible / Total: 42195 / 199291
[2024-04-14 16:52:04.327] [info] #11: Feasible / Total: 42673 / 199291
[2024-04-14 16:52:08.246] [info] #12: Feasible / Total: 43121 / 199291
[2024-04-14 16:52:11.899] [info] #13: Feasible / Total: 43553 / 199291
[2024-04-14 16:52:15.861] [info] #14: Feasible / Total: 44074 / 199291
[2024-04-14 16:52:20.453] [info] #15: Feasible / Total: 44762 / 199291
[2024-04-14 16:52:25.880] [info] #16: Feasible / Total: 45740 / 199291
[2024-04-14 16:52:33.255] [info] #17: Feasible / Total: 46990 / 199291
[2024-04-14 16:52:43.100] [info] #18: Feasible / Total: 48939 / 199291
[2024-04-14 16:52:56.946] [info] #19: Feasible / Total: 51791 / 199291
[2024-04-14 16:53:13.642] [info] #20: Feasible / Total: 56146 / 199291
[2024-04-14 16:53:38.723] [info] #21: Feasible / Total: 62474 / 199291
[2024-04-14 16:54:09.318] [info] #22: Feasible / Total: 71389 / 199291
[2024-04-14 16:54:31.286] [info] #23: Feasible / Total: 80134 / 199291
[2024-04-14 16:54:45.753] [info] #24: Feasible / Total: 85232 / 199291
[2024-04-14 16:54:59.977] [info] #25: Feasible / Total: 88596 / 199291
[2024-04-14 16:55:13.108] [info] #26: Feasible / Total: 92751 / 199291
[2024-04-14 16:55:21.768] [info] #27: Feasible / Total: 96144 / 199291
[2024-04-14 16:55:24.608] [info] #28: Feasible / Total: 97219 / 199291
[2024-04-14 16:55:25.844] [info] #29: Feasible / Total: 97284 / 199291
[2024-04-14 16:55:26.955] [info] #29: Feasible / Total: 97284 / 199291
[2024-04-14 16:55:26.955] [info] Graph is not D-reducible.
[2024-04-14 16:55:26.977] [info] Started C-reducibility check
[2024-04-14 16:56:03.141] [info] Trying 22303905 possible contractions
[2024-04-14 16:56:03.141] [info] [0/22303905] Starting contraction of size 1
[2024-04-14 16:56:03.564] [info] All colors passed! Contracted: 31
[2024-04-14 16:56:03.564] [info] Graph is C-reducible!
