[2024-10-19 14:57:25.873] [info] Kempe type: Toroidal
[2024-10-19 14:57:25.873] [info] Vertex size: 28, Edge size: 48, Ring size: 12
[2024-10-19 14:57:26.899] [info] Started D-reducibility check
[2024-10-19 14:57:26.899] [info] #1: Feasible / Total: 3934 / 22144
[2024-10-19 14:57:53.871] [info] #2: Feasible / Total: 5347 / 22144
[2024-10-19 14:58:02.294] [info] #3: Feasible / Total: 6694 / 22144
[2024-10-19 14:58:12.474] [info] #4: Feasible / Total: 8041 / 22144
[2024-10-19 14:58:26.781] [info] #5: Feasible / Total: 10058 / 22144
[2024-10-19 14:58:46.000] [info] #6: Feasible / Total: 13324 / 22144
[2024-10-19 14:58:55.969] [info] #7: Feasible / Total: 16167 / 22144
[2024-10-19 14:58:58.890] [info] #8: Feasible / Total: 16823 / 22144
[2024-10-19 14:59:02.169] [info] #9: Feasible / Total: 17901 / 22144
[2024-10-19 14:59:02.788] [info] #10: Feasible / Total: 18028 / 22144
[2024-10-19 14:59:03.051] [info] #10: Feasible / Total: 18028 / 22144
[2024-10-19 14:59:03.051] [info] Graph is not D-reducible.
[2024-10-19 14:59:03.054] [info] Started C-reducibility check
[2024-10-19 14:59:12.729] [info] Trying 540950 possible contractions
[2024-10-19 14:59:12.729] [info] [0/540950] Starting contraction of size 1
[2024-10-19 14:59:13.690] [info] All colors passed! Contracted: 23
[2024-10-19 14:59:13.690] [info] Graph is C-reducible!
