[2024-08-08 12:22:45.128] [info] Kempe type: Toroidal
[2024-08-08 12:22:45.128] [info] Vertex size: 35, Edge size: 60, Ring size: 15
[2024-08-08 12:22:48.595] [info] Started D-reducibility check
[2024-08-08 12:22:48.595] [info] #1: Feasible / Total: 58530 / 597871
[2024-08-08 12:32:32.195] [info] #2: Feasible / Total: 78606 / 597871
[2024-08-08 12:36:17.950] [info] #3: Feasible / Total: 89186 / 597871
[2024-08-08 12:39:10.004] [info] #4: Feasible / Total: 99487 / 597871
[2024-08-08 12:42:22.379] [info] #5: Feasible / Total: 111626 / 597871
[2024-08-08 12:46:37.919] [info] #6: Feasible / Total: 128140 / 597871
[2024-08-08 12:52:15.983] [info] #7: Feasible / Total: 152865 / 597871
[2024-08-08 13:01:05.262] [info] #8: Feasible / Total: 192597 / 597871
[2024-08-08 13:14:38.649] [info] #9: Feasible / Total: 264599 / 597871
[2024-08-08 13:32:14.720] [info] #10: Feasible / Total: 390321 / 597871
[2024-08-08 13:43:51.793] [info] #11: Feasible / Total: 537326 / 597871
[2024-08-08 13:45:13.801] [info] #12: Feasible / Total: 571514 / 597871
[2024-08-08 13:45:14.434] [info] #13: Feasible / Total: 571517 / 597871
[2024-08-08 13:45:14.826] [info] #13: Feasible / Total: 571517 / 597871
[2024-08-08 13:45:14.826] [info] Graph is not D-reducible.
[2024-08-08 13:45:14.916] [info] Started C-reducibility check
[2024-08-08 13:46:09.347] [info] Trying 28848660 possible contractions
[2024-08-08 13:46:09.347] [info] [0/28848660] Starting contraction of size 1
[2024-08-08 13:46:10.600] [info] All colors passed! Contracted: 33
[2024-08-08 13:46:10.601] [info] Graph is C-reducible!
