[2023-12-05 15:25:53.165] [info] Kempe type: Toroidal
[2023-12-05 15:25:53.165] [info] Vertex size: 39, Edge size: 66, Ring size: 15
[2023-12-05 15:27:15.537] [info] Started D-reducibility check
[2023-12-05 15:27:15.537] [info] #1: Feasible / Total: 70734 / 597871
[2023-12-05 19:11:40.982] [info] #2: Feasible / Total: 119886 / 597871
[2023-12-05 21:43:08.937] [info] #3: Feasible / Total: 164864 / 597871
[2023-12-05 23:48:31.289] [info] #4: Feasible / Total: 214455 / 597871
[2023-12-06 01:46:50.740] [info] #5: Feasible / Total: 268140 / 597871
[2023-12-06 02:53:58.396] [info] #6: Feasible / Total: 315105 / 597871
[2023-12-06 03:10:59.023] [info] #7: Feasible / Total: 326192 / 597871
[2023-12-06 03:14:26.442] [info] #8: Feasible / Total: 327612 / 597871
[2023-12-06 03:16:26.116] [info] #9: Feasible / Total: 327809 / 597871
[2023-12-06 03:18:16.214] [info] #10: Feasible / Total: 327932 / 597871
[2023-12-06 03:20:08.020] [info] #11: Feasible / Total: 328059 / 597871
[2023-12-06 03:21:56.296] [info] #12: Feasible / Total: 328151 / 597871
[2023-12-06 03:23:35.995] [info] #13: Feasible / Total: 328159 / 597871
[2023-12-06 03:25:14.487] [info] #13: Feasible / Total: 328159 / 597871
[2023-12-06 03:25:14.487] [info] Graph is not D-reducible.
[2023-12-06 03:25:15.895] [info] Started C-reducibility check
[2023-12-06 17:06:04.221] [info] Trying 179150 possible contractions
[2023-12-06 17:06:04.221] [info] [0/179150] Starting contraction of size 1
[2023-12-06 18:17:30.810] [info] [51/179150] Starting contraction of size 2
[2023-12-07 13:02:40.973] [info] [1239/179150] Starting contraction of size 3
[2023-12-12 03:33:14.798] [info] [18023/179150] Starting contraction of size 4
[2023-12-17 16:23:55.903] [info] All colors passed! Contracted: 29, 31, 48, 60
[2023-12-17 16:23:55.903] [info] Graph is C-reducible!
