[2024-10-19 12:34:43.401] [info] Kempe type: Toroidal
[2024-10-19 12:34:43.401] [info] Vertex size: 37, Edge size: 63, Ring size: 15
[2024-10-19 12:35:07.598] [info] Started D-reducibility check
[2024-10-19 12:35:07.598] [info] #1: Feasible / Total: 63059 / 597871
[2024-10-19 13:38:32.493] [info] #2: Feasible / Total: 93200 / 597871
[2024-10-19 14:20:03.316] [info] #3: Feasible / Total: 116957 / 597871
[2024-10-19 14:52:51.349] [info] #4: Feasible / Total: 145297 / 597871
[2024-10-19 16:04:08.314] [info] #5: Feasible / Total: 183644 / 597871
[2024-10-19 17:25:19.884] [info] #6: Feasible / Total: 238204 / 597871
[2024-10-19 18:38:15.768] [info] #7: Feasible / Total: 321674 / 597871
[2024-10-19 19:31:19.921] [info] #8: Feasible / Total: 462244 / 597871
[2024-10-19 19:44:05.205] [info] #9: Feasible / Total: 572279 / 597871
[2024-10-19 19:44:29.596] [info] #10: Feasible / Total: 577135 / 597871
[2024-10-19 19:44:30.343] [info] #10: Feasible / Total: 577135 / 597871
[2024-10-19 19:44:30.344] [info] Graph is not D-reducible.
[2024-10-19 19:44:30.621] [info] Started C-reducibility check
[2024-10-19 19:44:58.277] [info] Trying 4615248 possible contractions
[2024-10-19 19:44:58.277] [info] [0/4615248] Starting contraction of size 1
[2024-10-19 19:45:26.107] [info] All colors passed! Contracted: 51
[2024-10-19 19:45:26.108] [info] Graph is C-reducible!
