[2023-11-17 14:12:08.835] [info] Kempe type: Toroidal
[2023-11-17 14:12:08.843] [info] Vertex size: 29, Edge size: 50, Ring size: 13
[2023-11-17 14:12:10.805] [info] Started D-reducibility check
[2023-11-17 14:12:10.805] [info] #1: Feasible / Total: 8604 / 66430
[2023-11-17 14:14:14.226] [info] #2: Feasible / Total: 12062 / 66430
[2023-11-17 14:14:49.998] [info] #3: Feasible / Total: 13877 / 66430
[2023-11-17 14:15:28.890] [info] #4: Feasible / Total: 15556 / 66430
[2023-11-17 14:16:21.099] [info] #5: Feasible / Total: 17882 / 66430
[2023-11-17 14:17:14.168] [info] #6: Feasible / Total: 21389 / 66430
[2023-11-17 14:18:31.493] [info] #7: Feasible / Total: 28174 / 66430
[2023-11-17 14:20:12.710] [info] #8: Feasible / Total: 40850 / 66430
[2023-11-17 14:21:11.358] [info] #9: Feasible / Total: 53104 / 66430
[2023-11-17 14:21:15.788] [info] #10: Feasible / Total: 54861 / 66430
[2023-11-17 14:21:16.426] [info] #10: Feasible / Total: 54861 / 66430
[2023-11-17 14:21:16.427] [info] Graph is not D-reducible.
[2023-11-17 14:21:16.450] [info] Started C-reducibility check
[2023-11-17 14:22:29.813] [info] Trying 3655261 possible contractions
[2023-11-17 14:22:29.822] [info] [0/3655261] Starting contraction of size 1
[2023-11-17 14:22:30.371] [info] All colors passed! Contracted: 33
[2023-11-17 14:22:30.398] [info] Graph is C-reducible!
