[2023-11-16 14:26:43.782] [info] Kempe type: Toroidal
[2023-11-16 14:26:43.782] [info] Vertex size: 28, Edge size: 48, Ring size: 12
[2023-11-16 14:26:44.106] [info] Started D-reducibility check
[2023-11-16 14:26:44.106] [info] #1: Feasible / Total: 3719 / 22144
[2023-11-16 14:27:17.135] [info] #2: Feasible / Total: 5228 / 22144
[2023-11-16 14:27:25.215] [info] #3: Feasible / Total: 5973 / 22144
[2023-11-16 14:27:29.675] [info] #4: Feasible / Total: 6572 / 22144
[2023-11-16 14:27:36.810] [info] #5: Feasible / Total: 7435 / 22144
[2023-11-16 14:27:43.975] [info] #6: Feasible / Total: 8807 / 22144
[2023-11-16 14:27:54.588] [info] #7: Feasible / Total: 11317 / 22144
[2023-11-16 14:28:08.304] [info] #8: Feasible / Total: 15595 / 22144
[2023-11-16 14:28:12.625] [info] #9: Feasible / Total: 18646 / 22144
[2023-11-16 14:28:13.098] [info] #10: Feasible / Total: 18816 / 22144
[2023-11-16 14:28:13.211] [info] #10: Feasible / Total: 18816 / 22144
[2023-11-16 14:28:13.211] [info] Graph is not D-reducible.
[2023-11-16 14:28:13.233] [info] Started C-reducibility check
[2023-11-16 14:28:48.990] [info] Trying 2639908 possible contractions
[2023-11-16 14:28:48.990] [info] [0/2639908] Starting contraction of size 1
[2023-11-16 14:28:50.085] [info] All colors passed! Contracted: 26
[2023-11-16 14:28:50.085] [info] Graph is C-reducible!
