[2023-11-16 22:28:36.888] [info] Kempe type: Toroidal
[2023-11-16 22:28:38.648] [info] Vertex size: 29, Edge size: 50, Ring size: 13
[2023-11-16 22:28:46.712] [info] Started D-reducibility check
[2023-11-16 22:28:46.726] [info] #1: Feasible / Total: 8058 / 66430
[2023-11-16 22:31:43.930] [info] #2: Feasible / Total: 11049 / 66430
[2023-11-16 22:32:59.609] [info] #3: Feasible / Total: 12445 / 66430
[2023-11-16 22:33:44.890] [info] #4: Feasible / Total: 13509 / 66430
[2023-11-16 22:34:22.362] [info] #5: Feasible / Total: 14380 / 66430
[2023-11-16 22:34:56.971] [info] #6: Feasible / Total: 15172 / 66430
[2023-11-16 22:35:21.056] [info] #7: Feasible / Total: 15704 / 66430
[2023-11-16 22:35:44.466] [info] #8: Feasible / Total: 16175 / 66430
[2023-11-16 22:36:09.410] [info] #9: Feasible / Total: 16709 / 66430
[2023-11-16 22:36:38.996] [info] #10: Feasible / Total: 17278 / 66430
[2023-11-16 22:37:10.621] [info] #11: Feasible / Total: 17965 / 66430
[2023-11-16 22:37:49.651] [info] #12: Feasible / Total: 18864 / 66430
[2023-11-16 22:38:25.234] [info] #13: Feasible / Total: 19798 / 66430
[2023-11-16 22:39:02.128] [info] #14: Feasible / Total: 20828 / 66430
[2023-11-16 22:39:45.572] [info] #15: Feasible / Total: 22030 / 66430
[2023-11-16 22:40:39.337] [info] #16: Feasible / Total: 23838 / 66430
[2023-11-16 22:41:50.654] [info] #17: Feasible / Total: 26618 / 66430
[2023-11-16 22:43:12.415] [info] #18: Feasible / Total: 30852 / 66430
[2023-11-16 22:44:37.886] [info] #19: Feasible / Total: 37407 / 66430
[2023-11-16 22:45:50.395] [info] #20: Feasible / Total: 43827 / 66430
[2023-11-16 22:46:25.982] [info] #21: Feasible / Total: 46581 / 66430
[2023-11-16 22:46:32.278] [info] #22: Feasible / Total: 47035 / 66430
[2023-11-16 22:46:34.675] [info] #22: Feasible / Total: 47035 / 66430
[2023-11-16 22:46:34.675] [info] Graph is not D-reducible.
[2023-11-16 22:46:34.799] [info] Started C-reducibility check
[2023-11-16 22:48:59.618] [info] Trying 3654861 possible contractions
[2023-11-16 22:48:59.626] [info] [0/3654861] Starting contraction of size 1
[2023-11-16 22:50:03.353] [info] [37/3654861] Starting contraction of size 2
[2023-11-16 23:05:37.993] [info] [642/3654861] Starting contraction of size 3
[2023-11-16 23:56:43.502] [info] All colors passed! Contracted: 23, 42, 44
[2023-11-16 23:56:43.506] [info] Graph is C-reducible!
