[2023-11-16 13:46:30.695] [info] Kempe type: Toroidal
[2023-11-16 13:46:30.695] [info] Vertex size: 29, Edge size: 50, Ring size: 13
[2023-11-16 13:46:32.894] [info] Started D-reducibility check
[2023-11-16 13:46:32.894] [info] #1: Feasible / Total: 8501 / 66430
[2023-11-16 13:48:16.839] [info] #2: Feasible / Total: 11739 / 66430
[2023-11-16 13:48:56.973] [info] #3: Feasible / Total: 13171 / 66430
[2023-11-16 13:49:17.628] [info] #4: Feasible / Total: 14164 / 66430
[2023-11-16 13:49:37.526] [info] #5: Feasible / Total: 15032 / 66430
[2023-11-16 13:49:54.876] [info] #6: Feasible / Total: 15951 / 66430
[2023-11-16 13:50:16.938] [info] #7: Feasible / Total: 17068 / 66430
[2023-11-16 13:50:38.699] [info] #8: Feasible / Total: 18369 / 66430
[2023-11-16 13:51:03.146] [info] #9: Feasible / Total: 19899 / 66430
[2023-11-16 13:51:32.468] [info] #10: Feasible / Total: 22163 / 66430
[2023-11-16 13:52:09.148] [info] #11: Feasible / Total: 25145 / 66430
[2023-11-16 13:52:51.201] [info] #12: Feasible / Total: 29277 / 66430
[2023-11-16 13:53:37.842] [info] #13: Feasible / Total: 35376 / 66430
[2023-11-16 13:54:21.800] [info] #14: Feasible / Total: 42103 / 66430
[2023-11-16 13:54:43.159] [info] #15: Feasible / Total: 45701 / 66430
[2023-11-16 13:54:52.955] [info] #16: Feasible / Total: 48082 / 66430
[2023-11-16 13:54:54.304] [info] #17: Feasible / Total: 48236 / 66430
[2023-11-16 13:54:55.104] [info] #17: Feasible / Total: 48236 / 66430
[2023-11-16 13:54:55.122] [info] Graph is not D-reducible.
[2023-11-16 13:54:55.170] [info] Started C-reducibility check
[2023-11-16 13:55:43.653] [info] Trying 3640163 possible contractions
[2023-11-16 13:55:43.653] [info] [0/3640163] Starting contraction of size 1
[2023-11-16 13:56:13.545] [info] [37/3640163] Starting contraction of size 2
[2023-11-16 14:02:27.150] [info] [642/3640163] Starting contraction of size 3
[2023-11-16 14:14:50.035] [info] All colors passed! Contracted: 21, 31, 47
[2023-11-16 14:14:50.046] [info] Graph is C-reducible!
