[2023-11-16 13:46:30.445] [info] Kempe type: Toroidal
[2023-11-16 13:46:30.445] [info] Vertex size: 32, Edge size: 55, Ring size: 14
[2023-11-16 13:46:35.786] [info] Started D-reducibility check
[2023-11-16 13:46:35.786] [info] #1: Feasible / Total: 23018 / 199291
[2023-11-16 13:58:20.162] [info] #2: Feasible / Total: 33394 / 199291
[2023-11-16 14:01:53.900] [info] #3: Feasible / Total: 38974 / 199291
[2023-11-16 14:04:41.202] [info] #4: Feasible / Total: 44108 / 199291
[2023-11-16 14:07:22.211] [info] #5: Feasible / Total: 50217 / 199291
[2023-11-16 14:10:49.981] [info] #6: Feasible / Total: 58661 / 199291
[2023-11-16 14:16:04.593] [info] #7: Feasible / Total: 72674 / 199291
[2023-11-16 14:22:52.055] [info] #8: Feasible / Total: 98133 / 199291
[2023-11-16 14:34:47.510] [info] #9: Feasible / Total: 146716 / 199291
[2023-11-16 14:39:53.354] [info] #10: Feasible / Total: 185268 / 199291
[2023-11-16 14:40:01.714] [info] #11: Feasible / Total: 186925 / 199291
[2023-11-16 14:40:02.474] [info] #11: Feasible / Total: 186925 / 199291
[2023-11-16 14:40:02.474] [info] Graph is not D-reducible.
[2023-11-16 14:40:02.639] [info] Started C-reducibility check
[2023-11-16 14:44:28.364] [info] Trying 10825378 possible contractions
[2023-11-16 14:44:28.364] [info] [0/10825378] Starting contraction of size 1
[2023-11-16 14:44:30.129] [info] All colors passed! Contracted: 38
[2023-11-16 14:44:30.129] [info] Graph is C-reducible!
