[2023-12-05 15:26:07.217] [info] Kempe type: Toroidal
[2023-12-05 15:26:07.217] [info] Vertex size: 37, Edge size: 63, Ring size: 15
[2023-12-05 15:26:57.502] [info] Started D-reducibility check
[2023-12-05 15:26:57.502] [info] #1: Feasible / Total: 63288 / 597871
[2023-12-05 18:57:58.314] [info] #2: Feasible / Total: 103839 / 597871
[2023-12-05 21:08:55.501] [info] #3: Feasible / Total: 132409 / 597871
[2023-12-05 23:23:20.968] [info] #4: Feasible / Total: 164989 / 597871
[2023-12-06 02:36:04.774] [info] #5: Feasible / Total: 217786 / 597871
[2023-12-06 06:05:44.113] [info] #6: Feasible / Total: 294624 / 597871
[2023-12-06 08:52:12.017] [info] #7: Feasible / Total: 390421 / 597871
[2023-12-06 09:16:05.646] [info] #8: Feasible / Total: 419516 / 597871
[2023-12-06 09:18:28.249] [info] #9: Feasible / Total: 419933 / 597871
[2023-12-06 09:19:38.521] [info] #10: Feasible / Total: 419974 / 597871
[2023-12-06 09:20:41.349] [info] #10: Feasible / Total: 419974 / 597871
[2023-12-06 09:20:41.349] [info] Graph is not D-reducible.
[2023-12-06 09:20:42.983] [info] Started C-reducibility check
[2023-12-06 13:10:43.938] [info] Trying 137218 possible contractions
[2023-12-06 13:10:43.938] [info] [0/137218] Starting contraction of size 1
[2023-12-06 13:58:51.106] [info] [48/137218] Starting contraction of size 2
[2023-12-07 02:19:48.674] [info] [1095/137218] Starting contraction of size 3
[2023-12-09 04:02:30.603] [info] All colors passed! Contracted: 19, 49, 56
[2023-12-09 04:02:30.603] [info] Graph is C-reducible!
