[2024-02-26 16:58:13.242] [info] Kempe type: Toroidal
[2024-02-26 16:58:13.242] [info] Vertex size: 38, Edge size: 64, Ring size: 14
[2024-02-26 16:58:15.155] [info] Started D-reducibility check
[2024-02-26 16:58:15.155] [info] #1: Feasible / Total: 35054 / 199291
[2024-02-26 17:03:28.293] [info] #2: Feasible / Total: 56224 / 199291
[2024-02-26 17:06:25.032] [info] #3: Feasible / Total: 74350 / 199291
[2024-02-26 17:08:56.505] [info] #4: Feasible / Total: 96217 / 199291
[2024-02-26 17:10:10.806] [info] #5: Feasible / Total: 116786 / 199291
[2024-02-26 17:10:25.760] [info] #6: Feasible / Total: 121646 / 199291
[2024-02-26 17:10:28.178] [info] #7: Feasible / Total: 122014 / 199291
[2024-02-26 17:10:29.936] [info] #8: Feasible / Total: 122070 / 199291
[2024-02-26 17:10:31.608] [info] #9: Feasible / Total: 122074 / 199291
[2024-02-26 17:10:33.246] [info] #9: Feasible / Total: 122074 / 199291
[2024-02-26 17:10:33.258] [info] Graph is not D-reducible.
[2024-02-26 17:10:33.293] [info] Started C-reducibility check
[2024-02-26 17:13:32.975] [info] Trying 81886641 possible contractions
[2024-02-26 17:13:32.975] [info] [0/81886641] Starting contraction of size 1
[2024-02-26 17:15:38.702] [info] [50/81886641] Starting contraction of size 2
[2024-02-26 17:51:02.531] [info] [1189/81886641] Starting contraction of size 3
[2024-02-26 22:47:05.723] [info] [16882/81886641] Starting contraction of size 4
[2024-02-27 03:46:55.149] [info] All colors passed! Contracted: 21, 23, 35, 37
[2024-02-27 03:46:55.149] [info] Graph is C-reducible!
