[2023-11-19 22:11:34.353] [info] Kempe type: Toroidal
[2023-11-19 22:11:34.362] [info] Vertex size: 35, Edge size: 59, Ring size: 13
[2023-11-19 22:11:41.403] [info] Started D-reducibility check
[2023-11-19 22:11:41.403] [info] #1: Feasible / Total: 12123 / 66430
[2023-11-19 22:15:54.939] [info] #2: Feasible / Total: 20542 / 66430
[2023-11-19 22:19:16.596] [info] #3: Feasible / Total: 31162 / 66430
[2023-11-19 22:21:30.017] [info] #4: Feasible / Total: 43082 / 66430
[2023-11-19 22:21:55.181] [info] #5: Feasible / Total: 46304 / 66430
[2023-11-19 22:22:12.124] [info] #6: Feasible / Total: 46902 / 66430
[2023-11-19 22:22:24.857] [info] #7: Feasible / Total: 47432 / 66430
[2023-11-19 22:22:32.098] [info] #8: Feasible / Total: 47754 / 66430
[2023-11-19 22:22:36.083] [info] #9: Feasible / Total: 47849 / 66430
[2023-11-19 22:22:38.222] [info] #10: Feasible / Total: 47866 / 66430
[2023-11-19 22:22:40.015] [info] #10: Feasible / Total: 47866 / 66430
[2023-11-19 22:22:40.015] [info] Graph is not D-reducible.
[2023-11-19 22:22:40.112] [info] Started C-reducibility check
[2023-11-19 23:32:01.382] [info] Trying 34183119 possible contractions
[2023-11-19 23:32:01.406] [info] [0/34183119] Starting contraction of size 1
[2023-11-19 23:35:21.708] [info] All colors passed! Contracted: 13
[2023-11-19 23:35:21.709] [info] Graph is C-reducible!
