[2024-04-17 14:54:46.032] [info] Kempe type: Toroidal
[2024-04-17 14:54:46.032] [info] Vertex size: 36, Edge size: 61, Ring size: 14
[2024-04-17 14:54:46.916] [info] Started D-reducibility check
[2024-04-17 14:54:46.916] [info] #1: Feasible / Total: 24913 / 199291
[2024-04-17 14:55:49.987] [info] #2: Feasible / Total: 35306 / 199291
[2024-04-17 14:56:30.694] [info] #3: Feasible / Total: 43384 / 199291
[2024-04-17 14:57:03.100] [info] #4: Feasible / Total: 49793 / 199291
[2024-04-17 14:57:28.818] [info] #5: Feasible / Total: 54993 / 199291
[2024-04-17 14:57:56.906] [info] #6: Feasible / Total: 60563 / 199291
[2024-04-17 14:58:22.672] [info] #7: Feasible / Total: 66331 / 199291
[2024-04-17 14:58:43.097] [info] #8: Feasible / Total: 71161 / 199291
[2024-04-17 14:58:58.778] [info] #9: Feasible / Total: 75073 / 199291
[2024-04-17 14:59:14.659] [info] #10: Feasible / Total: 79425 / 199291
[2024-04-17 14:59:36.130] [info] #11: Feasible / Total: 84893 / 199291
[2024-04-17 15:00:01.275] [info] #12: Feasible / Total: 91994 / 199291
[2024-04-17 15:00:25.350] [info] #13: Feasible / Total: 101332 / 199291
[2024-04-17 15:00:49.169] [info] #14: Feasible / Total: 112699 / 199291
[2024-04-17 15:01:06.747] [info] #15: Feasible / Total: 119286 / 199291
[2024-04-17 15:01:24.303] [info] #16: Feasible / Total: 126685 / 199291
[2024-04-17 15:01:37.381] [info] #17: Feasible / Total: 132847 / 199291
[2024-04-17 15:01:43.560] [info] #18: Feasible / Total: 136588 / 199291
[2024-04-17 15:01:54.971] [info] #19: Feasible / Total: 144063 / 199291
[2024-04-17 15:02:05.244] [info] #20: Feasible / Total: 158173 / 199291
[2024-04-17 15:02:06.009] [info] #21: Feasible / Total: 158749 / 199291
[2024-04-17 15:02:06.400] [info] #21: Feasible / Total: 158749 / 199291
[2024-04-17 15:02:06.400] [info] Graph is not D-reducible.
[2024-04-17 15:02:06.421] [info] Started C-reducibility check
[2024-04-17 15:03:15.596] [info] Trying 43700299 possible contractions
[2024-04-17 15:03:15.596] [info] [0/43700299] Starting contraction of size 1
[2024-04-17 15:03:29.221] [info] All colors passed! Contracted: 22
[2024-04-17 15:03:29.221] [info] Graph is C-reducible!
