[2023-12-05 15:28:37.793] [info] Kempe type: Toroidal
[2023-12-05 15:28:37.793] [info] Vertex size: 38, Edge size: 64, Ring size: 14
[2023-12-05 15:29:19.107] [info] Started D-reducibility check
[2023-12-05 15:29:19.195] [info] #1: Feasible / Total: 30048 / 199291
[2023-12-05 16:23:40.142] [info] #2: Feasible / Total: 52711 / 199291
[2023-12-05 16:56:15.857] [info] #3: Feasible / Total: 75260 / 199291
[2023-12-05 17:31:34.603] [info] #4: Feasible / Total: 103759 / 199291
[2023-12-05 17:49:36.426] [info] #5: Feasible / Total: 132073 / 199291
[2023-12-05 17:52:45.473] [info] #6: Feasible / Total: 136593 / 199291
[2023-12-05 17:54:25.859] [info] #7: Feasible / Total: 137486 / 199291
[2023-12-05 17:55:55.281] [info] #8: Feasible / Total: 138149 / 199291
[2023-12-05 17:57:35.946] [info] #9: Feasible / Total: 139144 / 199291
[2023-12-05 17:59:14.866] [info] #10: Feasible / Total: 140154 / 199291
[2023-12-05 18:00:04.984] [info] #11: Feasible / Total: 140604 / 199291
[2023-12-05 18:00:40.771] [info] #12: Feasible / Total: 140786 / 199291
[2023-12-05 18:01:05.443] [info] #13: Feasible / Total: 140874 / 199291
[2023-12-05 18:01:27.173] [info] #14: Feasible / Total: 140885 / 199291
[2023-12-05 18:01:47.348] [info] #14: Feasible / Total: 140885 / 199291
[2023-12-05 18:01:47.348] [info] Graph is not D-reducible.
[2023-12-05 18:01:47.893] [info] Started C-reducibility check
[2023-12-06 03:52:55.399] [info] Trying 163397 possible contractions
[2023-12-06 03:52:55.399] [info] [0/163397] Starting contraction of size 1
[2023-12-06 03:59:26.641] [info] All colors passed! Contracted: 16
[2023-12-06 03:59:26.641] [info] Graph is C-reducible!
