[2024-03-22 13:02:28.255] [info] Kempe type: Toroidal
[2024-03-22 13:02:28.256] [info] Vertex size: 37, Edge size: 63, Ring size: 15
[2024-03-22 13:02:37.693] [info] Started D-reducibility check
[2024-03-22 13:02:37.693] [info] #1: Feasible / Total: 66171 / 597871
[2024-03-22 13:24:46.125] [info] #2: Feasible / Total: 87114 / 597871
[2024-03-22 13:33:46.389] [info] #3: Feasible / Total: 101346 / 597871
[2024-03-22 13:42:15.134] [info] #4: Feasible / Total: 116550 / 597871
[2024-03-22 13:53:17.670] [info] #5: Feasible / Total: 136575 / 597871
[2024-03-22 14:07:46.501] [info] #6: Feasible / Total: 165735 / 597871
[2024-03-22 14:27:43.795] [info] #7: Feasible / Total: 211226 / 597871
[2024-03-22 15:00:00.135] [info] #8: Feasible / Total: 297443 / 597871
[2024-03-22 15:35:18.864] [info] #9: Feasible / Total: 472003 / 597871
[2024-03-22 15:42:58.882] [info] #10: Feasible / Total: 556236 / 597871
[2024-03-22 15:43:06.935] [info] #11: Feasible / Total: 556802 / 597871
[2024-03-22 15:43:08.038] [info] #11: Feasible / Total: 556802 / 597871
[2024-03-22 15:43:08.038] [info] Graph is not D-reducible.
[2024-03-22 15:43:08.198] [info] Started C-reducibility check
[2024-03-22 15:46:34.750] [info] Trying 55348242 possible contractions
[2024-03-22 15:46:34.751] [info] [0/55348242] Starting contraction of size 1
[2024-03-22 15:47:07.982] [info] All colors passed! Contracted: 25
[2024-03-22 15:47:07.983] [info] Graph is C-reducible!
