[2023-12-05 15:26:17.491] [info] Kempe type: Toroidal
[2023-12-05 15:26:17.494] [info] Vertex size: 35, Edge size: 59, Ring size: 13
[2023-12-05 15:26:23.938] [info] Started D-reducibility check
[2023-12-05 15:26:23.938] [info] #1: Feasible / Total: 12600 / 66430
[2023-12-05 15:32:55.163] [info] #2: Feasible / Total: 21208 / 66430
[2023-12-05 15:36:09.662] [info] #3: Feasible / Total: 28001 / 66430
[2023-12-05 15:37:43.722] [info] #4: Feasible / Total: 31953 / 66430
[2023-12-05 15:39:03.575] [info] #5: Feasible / Total: 35329 / 66430
[2023-12-05 15:40:45.955] [info] #6: Feasible / Total: 40678 / 66430
[2023-12-05 15:42:08.730] [info] #7: Feasible / Total: 46506 / 66430
[2023-12-05 15:42:47.801] [info] #8: Feasible / Total: 50208 / 66430
[2023-12-05 15:42:53.177] [info] #9: Feasible / Total: 50468 / 66430
[2023-12-05 15:42:55.926] [info] #9: Feasible / Total: 50468 / 66430
[2023-12-05 15:42:55.926] [info] Graph is not D-reducible.
[2023-12-05 15:42:56.079] [info] Started C-reducibility check
[2023-12-05 17:10:28.384] [info] Trying 112382 possible contractions
[2023-12-05 17:10:28.384] [info] [0/112382] Starting contraction of size 1
[2023-12-05 17:16:28.114] [info] [46/112382] Starting contraction of size 2
[2023-12-05 17:53:31.358] [info] All colors passed! Contracted: 19, 26
[2023-12-05 17:53:31.359] [info] Graph is C-reducible!
