[2023-11-29 11:31:21.828] [info] Kempe type: Toroidal
[2023-11-29 11:31:21.829] [info] Vertex size: 33, Edge size: 56, Ring size: 13
[2023-11-29 11:31:22.958] [info] Started D-reducibility check
[2023-11-29 11:31:22.982] [info] #1: Feasible / Total: 11670 / 66430
[2023-11-29 11:32:30.628] [info] #2: Feasible / Total: 15450 / 66430
[2023-11-29 11:32:50.802] [info] #3: Feasible / Total: 17547 / 66430
[2023-11-29 11:33:02.779] [info] #4: Feasible / Total: 18816 / 66430
[2023-11-29 11:33:09.563] [info] #5: Feasible / Total: 19501 / 66430
[2023-11-29 11:33:15.059] [info] #6: Feasible / Total: 19869 / 66430
[2023-11-29 11:33:19.227] [info] #7: Feasible / Total: 20140 / 66430
[2023-11-29 11:33:22.548] [info] #8: Feasible / Total: 20311 / 66430
[2023-11-29 11:33:24.870] [info] #9: Feasible / Total: 20446 / 66430
[2023-11-29 11:33:28.163] [info] #10: Feasible / Total: 20631 / 66430
[2023-11-29 11:33:30.984] [info] #11: Feasible / Total: 20795 / 66430
[2023-11-29 11:33:34.171] [info] #12: Feasible / Total: 20910 / 66430
[2023-11-29 11:33:36.600] [info] #13: Feasible / Total: 21032 / 66430
[2023-11-29 11:33:39.608] [info] #14: Feasible / Total: 21314 / 66430
[2023-11-29 11:33:44.881] [info] #15: Feasible / Total: 21888 / 66430
[2023-11-29 11:33:51.574] [info] #16: Feasible / Total: 22798 / 66430
[2023-11-29 11:33:57.220] [info] #17: Feasible / Total: 23750 / 66430
[2023-11-29 11:34:03.446] [info] #18: Feasible / Total: 24750 / 66430
[2023-11-29 11:34:07.203] [info] #19: Feasible / Total: 25384 / 66430
[2023-11-29 11:34:09.263] [info] #20: Feasible / Total: 25464 / 66430
[2023-11-29 11:34:11.149] [info] #21: Feasible / Total: 25508 / 66430
[2023-11-29 11:34:12.764] [info] #22: Feasible / Total: 25526 / 66430
[2023-11-29 11:34:14.239] [info] #23: Feasible / Total: 25537 / 66430
[2023-11-29 11:34:15.478] [info] #24: Feasible / Total: 25556 / 66430
[2023-11-29 11:34:16.725] [info] #25: Feasible / Total: 25571 / 66430
[2023-11-29 11:34:17.970] [info] #26: Feasible / Total: 25576 / 66430
[2023-11-29 11:34:19.192] [info] #27: Feasible / Total: 25577 / 66430
[2023-11-29 11:34:20.413] [info] #27: Feasible / Total: 25577 / 66430
[2023-11-29 11:34:20.413] [info] Graph is not D-reducible.
[2023-11-29 11:34:20.438] [info] Started C-reducibility check
[2023-11-29 11:41:25.620] [info] Trying 17114485 possible contractions
[2023-11-29 11:41:25.642] [info] [0/17114485] Starting contraction of size 1
[2023-11-29 11:42:13.602] [info] [43/17114485] Starting contraction of size 2
[2023-11-29 11:55:34.666] [info] [873/17114485] Starting contraction of size 3
[2023-11-29 14:06:45.498] [info] [10406/17114485] Starting contraction of size 4
[2023-11-30 03:25:42.284] [info] [83274/17114485] Starting contraction of size 5
[2023-12-02 09:06:37.721] [info] [476494/17114485] Starting contraction of size 6
[2023-12-03 11:55:02.480] [info] All colors passed! Contracted: 13, 21, 24, 26, 27, 50
[2023-12-03 11:55:02.480] [info] Graph is C-reducible!
