[2023-12-05 15:25:12.349] [info] Kempe type: Toroidal
[2023-12-05 15:25:12.349] [info] Vertex size: 34, Edge size: 58, Ring size: 14
[2023-12-05 15:25:15.372] [info] Started D-reducibility check
[2023-12-05 15:25:15.372] [info] #1: Feasible / Total: 22242 / 199291
[2023-12-05 16:02:06.712] [info] #2: Feasible / Total: 38187 / 199291
[2023-12-05 16:14:31.710] [info] #3: Feasible / Total: 45436 / 199291
[2023-12-05 16:22:43.378] [info] #4: Feasible / Total: 52175 / 199291
[2023-12-05 16:27:48.840] [info] #5: Feasible / Total: 57637 / 199291
[2023-12-05 16:31:32.294] [info] #6: Feasible / Total: 60872 / 199291
[2023-12-05 16:34:30.712] [info] #7: Feasible / Total: 63100 / 199291
[2023-12-05 16:38:11.820] [info] #8: Feasible / Total: 65352 / 199291
[2023-12-05 16:43:35.144] [info] #9: Feasible / Total: 68249 / 199291
[2023-12-05 16:49:43.462] [info] #10: Feasible / Total: 72868 / 199291
[2023-12-05 16:56:20.244] [info] #11: Feasible / Total: 79229 / 199291
[2023-12-05 17:02:33.551] [info] #12: Feasible / Total: 84958 / 199291
[2023-12-05 17:11:09.894] [info] #13: Feasible / Total: 92085 / 199291
[2023-12-05 17:18:37.267] [info] #14: Feasible / Total: 100196 / 199291
[2023-12-05 17:23:09.756] [info] #15: Feasible / Total: 107106 / 199291
[2023-12-05 17:24:09.072] [info] #16: Feasible / Total: 108396 / 199291
[2023-12-05 17:24:38.486] [info] #17: Feasible / Total: 108428 / 199291
[2023-12-05 17:25:03.286] [info] #18: Feasible / Total: 108431 / 199291
[2023-12-05 17:25:28.291] [info] #18: Feasible / Total: 108431 / 199291
[2023-12-05 17:25:28.291] [info] Graph is not D-reducible.
[2023-12-05 17:25:28.706] [info] Started C-reducibility check
[2023-12-05 18:04:26.982] [info] Trying 92891 possible contractions
[2023-12-05 18:04:26.982] [info] [0/92891] Starting contraction of size 1
[2023-12-05 18:17:25.171] [info] [44/92891] Starting contraction of size 2
[2023-12-05 21:43:53.369] [info] [916/92891] Starting contraction of size 3
[2023-12-07 02:28:03.016] [info] All colors passed! Contracted: 44, 46, 54
[2023-12-07 02:28:03.016] [info] Graph is C-reducible!
