[2023-11-17 14:12:08.567] [info] Kempe type: Toroidal
[2023-11-17 14:12:08.722] [info] Vertex size: 32, Edge size: 55, Ring size: 14
[2023-11-17 14:12:14.720] [info] Started D-reducibility check
[2023-11-17 14:12:14.738] [info] #1: Feasible / Total: 22252 / 199291
[2023-11-17 14:37:16.793] [info] #2: Feasible / Total: 30777 / 199291
[2023-11-17 14:43:28.080] [info] #3: Feasible / Total: 33344 / 199291
[2023-11-17 14:46:43.146] [info] #4: Feasible / Total: 34973 / 199291
[2023-11-17 14:48:51.813] [info] #5: Feasible / Total: 36216 / 199291
[2023-11-17 14:50:10.909] [info] #6: Feasible / Total: 37204 / 199291
[2023-11-17 14:51:52.232] [info] #7: Feasible / Total: 37917 / 199291
[2023-11-17 14:53:15.392] [info] #8: Feasible / Total: 38484 / 199291
[2023-11-17 14:54:37.193] [info] #9: Feasible / Total: 38955 / 199291
[2023-11-17 14:55:44.352] [info] #10: Feasible / Total: 39329 / 199291
[2023-11-17 14:57:06.117] [info] #11: Feasible / Total: 39637 / 199291
[2023-11-17 14:58:15.770] [info] #12: Feasible / Total: 39878 / 199291
[2023-11-17 14:59:05.502] [info] #13: Feasible / Total: 40121 / 199291
[2023-11-17 14:59:58.186] [info] #14: Feasible / Total: 40411 / 199291
[2023-11-17 15:01:13.479] [info] #15: Feasible / Total: 40777 / 199291
[2023-11-17 15:02:36.165] [info] #16: Feasible / Total: 41179 / 199291
[2023-11-17 15:04:22.802] [info] #17: Feasible / Total: 41642 / 199291
[2023-11-17 15:06:10.436] [info] #18: Feasible / Total: 42107 / 199291
[2023-11-17 15:07:45.783] [info] #19: Feasible / Total: 42538 / 199291
[2023-11-17 15:08:50.171] [info] #20: Feasible / Total: 42965 / 199291
[2023-11-17 15:10:02.412] [info] #21: Feasible / Total: 43523 / 199291
[2023-11-17 15:11:25.503] [info] #22: Feasible / Total: 44360 / 199291
[2023-11-17 15:13:40.475] [info] #23: Feasible / Total: 45362 / 199291
[2023-11-17 15:15:40.113] [info] #24: Feasible / Total: 46476 / 199291
[2023-11-17 15:17:59.955] [info] #25: Feasible / Total: 47845 / 199291
[2023-11-17 15:20:51.258] [info] #26: Feasible / Total: 49643 / 199291
[2023-11-17 15:24:23.310] [info] #27: Feasible / Total: 52009 / 199291
[2023-11-17 15:29:49.739] [info] #28: Feasible / Total: 55459 / 199291
[2023-11-17 15:36:50.088] [info] #29: Feasible / Total: 61029 / 199291
[2023-11-17 15:46:22.450] [info] #30: Feasible / Total: 70473 / 199291
[2023-11-17 15:59:14.916] [info] #31: Feasible / Total: 85758 / 199291
[2023-11-17 16:13:58.557] [info] #32: Feasible / Total: 107805 / 199291
[2023-11-17 16:23:56.718] [info] #33: Feasible / Total: 129577 / 199291
[2023-11-17 16:26:33.031] [info] #34: Feasible / Total: 137591 / 199291
[2023-11-17 16:26:57.562] [info] #35: Feasible / Total: 137851 / 199291
[2023-11-17 16:27:10.073] [info] #36: Feasible / Total: 137875 / 199291
[2023-11-17 16:27:20.019] [info] #36: Feasible / Total: 137875 / 199291
[2023-11-17 16:27:20.019] [info] Graph is not D-reducible.
[2023-11-17 16:27:20.380] [info] Started C-reducibility check
[2023-11-17 16:38:44.678] [info] Trying 10867207 possible contractions
[2023-11-17 16:38:44.690] [info] [0/10867207] Starting contraction of size 1
[2023-11-17 16:39:04.824] [info] All colors passed! Contracted: 34
[2023-11-17 16:39:04.862] [info] Graph is C-reducible!
