[2023-11-16 18:02:40.988] [info] Kempe type: Toroidal
[2023-11-16 18:02:40.988] [info] Vertex size: 35, Edge size: 59, Ring size: 13
[2023-11-16 18:02:49.652] [info] Started D-reducibility check
[2023-11-16 18:02:49.652] [info] #1: Feasible / Total: 13070 / 66430
[2023-11-16 18:06:34.841] [info] #2: Feasible / Total: 19392 / 66430
[2023-11-16 18:07:30.073] [info] #3: Feasible / Total: 22721 / 66430
[2023-11-16 18:08:02.533] [info] #4: Feasible / Total: 24707 / 66430
[2023-11-16 18:08:24.351] [info] #5: Feasible / Total: 25990 / 66430
[2023-11-16 18:08:43.371] [info] #6: Feasible / Total: 27198 / 66430
[2023-11-16 18:09:07.608] [info] #7: Feasible / Total: 28747 / 66430
[2023-11-16 18:09:44.594] [info] #8: Feasible / Total: 31014 / 66430
[2023-11-16 18:10:23.417] [info] #9: Feasible / Total: 33703 / 66430
[2023-11-16 18:11:02.713] [info] #10: Feasible / Total: 37989 / 66430
[2023-11-16 18:11:23.872] [info] #11: Feasible / Total: 41645 / 66430
[2023-11-16 18:11:31.945] [info] #12: Feasible / Total: 42375 / 66430
[2023-11-16 18:11:34.461] [info] #13: Feasible / Total: 42440 / 66430
[2023-11-16 18:11:36.145] [info] #14: Feasible / Total: 42443 / 66430
[2023-11-16 18:11:37.733] [info] #15: Feasible / Total: 42444 / 66430
[2023-11-16 18:11:39.303] [info] #15: Feasible / Total: 42444 / 66430
[2023-11-16 18:11:39.303] [info] Graph is not D-reducible.
[2023-11-16 18:11:39.370] [info] Started C-reducibility check
[2023-11-16 19:05:55.438] [info] Trying 34193605 possible contractions
[2023-11-16 19:05:55.443] [info] [0/34193605] Starting contraction of size 1
[2023-11-16 19:06:06.482] [info] All colors passed! Contracted: 30
[2023-11-16 19:06:06.482] [info] Graph is C-reducible!
