[2023-11-16 13:46:30.463] [info] Kempe type: Toroidal
[2023-11-16 13:46:30.463] [info] Vertex size: 29, Edge size: 50, Ring size: 13
[2023-11-16 13:46:32.103] [info] Started D-reducibility check
[2023-11-16 13:46:32.103] [info] #1: Feasible / Total: 8490 / 66430
[2023-11-16 13:47:39.982] [info] #2: Feasible / Total: 11160 / 66430
[2023-11-16 13:48:01.577] [info] #3: Feasible / Total: 12339 / 66430
[2023-11-16 13:48:16.198] [info] #4: Feasible / Total: 13261 / 66430
[2023-11-16 13:48:26.162] [info] #5: Feasible / Total: 13957 / 66430
[2023-11-16 13:48:35.197] [info] #6: Feasible / Total: 14646 / 66430
[2023-11-16 13:48:44.686] [info] #7: Feasible / Total: 15430 / 66430
[2023-11-16 13:48:57.193] [info] #8: Feasible / Total: 16487 / 66430
[2023-11-16 13:49:13.919] [info] #9: Feasible / Total: 18016 / 66430
[2023-11-16 13:49:36.038] [info] #10: Feasible / Total: 20005 / 66430
[2023-11-16 13:50:01.236] [info] #11: Feasible / Total: 22631 / 66430
[2023-11-16 13:50:31.022] [info] #12: Feasible / Total: 26218 / 66430
[2023-11-16 13:51:17.011] [info] #13: Feasible / Total: 32307 / 66430
[2023-11-16 13:52:05.681] [info] #14: Feasible / Total: 40484 / 66430
[2023-11-16 13:52:28.122] [info] #15: Feasible / Total: 45644 / 66430
[2023-11-16 13:52:36.911] [info] #16: Feasible / Total: 47031 / 66430
[2023-11-16 13:52:40.827] [info] #17: Feasible / Total: 48006 / 66430
[2023-11-16 13:52:42.128] [info] #18: Feasible / Total: 48061 / 66430
[2023-11-16 13:52:42.852] [info] #18: Feasible / Total: 48061 / 66430
[2023-11-16 13:52:42.852] [info] Graph is not D-reducible.
[2023-11-16 13:52:42.918] [info] Started C-reducibility check
[2023-11-16 13:53:28.363] [info] Trying 3640816 possible contractions
[2023-11-16 13:53:28.363] [info] [0/3640816] Starting contraction of size 1
[2023-11-16 13:53:31.491] [info] All colors passed! Contracted: 23
[2023-11-16 13:53:31.492] [info] Graph is C-reducible!
