[2024-06-07 21:35:43.326] [info] Kempe type: Toroidal
[2024-06-07 21:35:43.326] [info] Vertex size: 34, Edge size: 58, Ring size: 14
[2024-06-07 21:35:44.265] [info] Started D-reducibility check
[2024-06-07 21:35:44.265] [info] #1: Feasible / Total: 25639 / 199291
[2024-06-07 21:38:06.629] [info] #2: Feasible / Total: 43686 / 199291
[2024-06-07 21:39:19.200] [info] #3: Feasible / Total: 57505 / 199291
[2024-06-07 21:40:16.298] [info] #4: Feasible / Total: 69900 / 199291
[2024-06-07 21:41:16.779] [info] #5: Feasible / Total: 85450 / 199291
[2024-06-07 21:42:26.235] [info] #6: Feasible / Total: 106799 / 199291
[2024-06-07 21:43:36.218] [info] #7: Feasible / Total: 133743 / 199291
[2024-06-07 21:44:10.125] [info] #8: Feasible / Total: 158108 / 199291
[2024-06-07 21:44:14.278] [info] #9: Feasible / Total: 161395 / 199291
[2024-06-07 21:44:14.787] [info] #10: Feasible / Total: 161463 / 199291
[2024-06-07 21:44:15.137] [info] #10: Feasible / Total: 161463 / 199291
[2024-06-07 21:44:15.137] [info] Graph is not D-reducible.
[2024-06-07 21:44:15.162] [info] Started C-reducibility check
[2024-06-07 21:44:48.448] [info] Trying 22384074 possible contractions
[2024-06-07 21:44:48.448] [info] [0/22384074] Starting contraction of size 1
[2024-06-07 21:45:18.862] [info] [44/22384074] Starting contraction of size 2
[2024-06-07 21:53:55.117] [info] [916/22384074] Starting contraction of size 3
[2024-06-07 22:29:00.881] [info] All colors passed! Contracted: 18, 49, 52
[2024-06-07 22:29:00.881] [info] Graph is C-reducible!
