[2024-07-15 11:54:41.931] [info] Kempe type: Toroidal
[2024-07-15 11:54:41.931] [info] Vertex size: 36, Edge size: 61, Ring size: 14
[2024-07-15 11:54:43.592] [info] Started D-reducibility check
[2024-07-15 11:54:43.593] [info] #1: Feasible / Total: 29624 / 199291
[2024-07-15 11:57:36.988] [info] #2: Feasible / Total: 41715 / 199291
[2024-07-15 11:58:42.114] [info] #3: Feasible / Total: 51893 / 199291
[2024-07-15 11:59:44.320] [info] #4: Feasible / Total: 62538 / 199291
[2024-07-15 12:00:58.024] [info] #5: Feasible / Total: 77163 / 199291
[2024-07-15 12:02:35.056] [info] #6: Feasible / Total: 100315 / 199291
[2024-07-15 12:03:55.969] [info] #7: Feasible / Total: 127650 / 199291
[2024-07-15 12:04:32.955] [info] #8: Feasible / Total: 149105 / 199291
[2024-07-15 12:04:38.233] [info] #9: Feasible / Total: 151930 / 199291
[2024-07-15 12:04:38.802] [info] #10: Feasible / Total: 151933 / 199291
[2024-07-15 12:04:39.466] [info] #10: Feasible / Total: 151933 / 199291
[2024-07-15 12:04:39.466] [info] Graph is not D-reducible.
[2024-07-15 12:04:39.489] [info] Started C-reducibility check
[2024-07-15 12:06:05.012] [info] Trying 43840057 possible contractions
[2024-07-15 12:06:05.012] [info] [0/43840057] Starting contraction of size 1
[2024-07-15 12:06:11.046] [info] All colors passed! Contracted: 52
[2024-07-15 12:06:11.046] [info] Graph is C-reducible!
