[2023-11-17 00:32:48.815] [info] Kempe type: Toroidal
[2023-11-17 00:32:48.837] [info] Vertex size: 34, Edge size: 58, Ring size: 14
[2023-11-17 00:33:09.186] [info] Started D-reducibility check
[2023-11-17 00:33:09.238] [info] #1: Feasible / Total: 24813 / 199291
[2023-11-17 01:16:09.586] [info] #2: Feasible / Total: 30991 / 199291
[2023-11-17 01:24:46.489] [info] #3: Feasible / Total: 33541 / 199291
[2023-11-17 01:30:24.756] [info] #4: Feasible / Total: 35140 / 199291
[2023-11-17 01:34:31.422] [info] #5: Feasible / Total: 36333 / 199291
[2023-11-17 01:39:11.430] [info] #6: Feasible / Total: 37567 / 199291
[2023-11-17 01:43:20.774] [info] #7: Feasible / Total: 39047 / 199291
[2023-11-17 01:47:05.169] [info] #8: Feasible / Total: 40517 / 199291
[2023-11-17 01:50:49.743] [info] #9: Feasible / Total: 41955 / 199291
[2023-11-17 01:55:41.478] [info] #10: Feasible / Total: 43447 / 199291
[2023-11-17 02:01:15.940] [info] #11: Feasible / Total: 45434 / 199291
[2023-11-17 02:06:37.378] [info] #12: Feasible / Total: 47735 / 199291
[2023-11-17 02:12:32.764] [info] #13: Feasible / Total: 50429 / 199291
[2023-11-17 02:19:24.367] [info] #14: Feasible / Total: 53940 / 199291
[2023-11-17 02:26:39.050] [info] #15: Feasible / Total: 57705 / 199291
[2023-11-17 02:35:28.768] [info] #16: Feasible / Total: 62596 / 199291
[2023-11-17 02:46:03.863] [info] #17: Feasible / Total: 68951 / 199291
[2023-11-17 02:58:09.532] [info] #18: Feasible / Total: 76780 / 199291
[2023-11-17 03:11:32.622] [info] #19: Feasible / Total: 86083 / 199291
[2023-11-17 03:26:00.401] [info] #20: Feasible / Total: 97682 / 199291
[2023-11-17 03:38:25.301] [info] #21: Feasible / Total: 110186 / 199291
[2023-11-17 03:44:35.665] [info] #22: Feasible / Total: 117683 / 199291
[2023-11-17 03:47:37.026] [info] #23: Feasible / Total: 120392 / 199291
[2023-11-17 03:48:36.322] [info] #24: Feasible / Total: 120707 / 199291
[2023-11-17 03:49:02.613] [info] #25: Feasible / Total: 120722 / 199291
[2023-11-17 03:49:27.061] [info] #25: Feasible / Total: 120722 / 199291
[2023-11-17 03:49:27.114] [info] Graph is not D-reducible.
[2023-11-17 03:49:27.629] [info] Started C-reducibility check
[2023-11-17 04:25:58.505] [info] Trying 22306832 possible contractions
[2023-11-17 04:25:58.514] [info] [0/22306832] Starting contraction of size 1
[2023-11-17 04:26:28.310] [info] All colors passed! Contracted: 41
[2023-11-17 04:26:28.310] [info] Graph is C-reducible!
