[2024-07-28 20:17:31.879] [info] Kempe type: Toroidal
[2024-07-28 20:17:31.879] [info] Vertex size: 43, Edge size: 73, Ring size: 17
[2024-07-28 20:18:18.079] [info] Started D-reducibility check
[2024-07-28 20:18:18.079] [info] #1: Feasible / Total: 426265 / 5380840
[2024-07-29 06:05:10.036] [info] #2: Feasible / Total: 614819 / 5380840
[2024-07-29 09:56:25.034] [info] #3: Feasible / Total: 725816 / 5380840
[2024-07-29 12:38:29.085] [info] #4: Feasible / Total: 798158 / 5380840
[2024-07-29 14:45:09.548] [info] #5: Feasible / Total: 854503 / 5380840
[2024-07-29 16:43:59.731] [info] #6: Feasible / Total: 908581 / 5380840
[2024-07-29 18:46:57.107] [info] #7: Feasible / Total: 966678 / 5380840
[2024-07-29 21:04:14.050] [info] #8: Feasible / Total: 1033727 / 5380840
[2024-07-29 23:32:33.498] [info] #9: Feasible / Total: 1108801 / 5380840
[2024-07-30 02:00:27.683] [info] #10: Feasible / Total: 1186196 / 5380840
[2024-07-30 04:24:00.597] [info] #11: Feasible / Total: 1264570 / 5380840
[2024-07-30 07:06:54.180] [info] #12: Feasible / Total: 1352096 / 5380840
[2024-07-30 10:27:31.368] [info] #13: Feasible / Total: 1462409 / 5380840
[2024-07-30 15:14:08.172] [info] #14: Feasible / Total: 1615892 / 5380840
[2024-07-30 21:22:29.909] [info] #15: Feasible / Total: 1825252 / 5380840
[2024-07-31 04:47:40.759] [info] #16: Feasible / Total: 2097603 / 5380840
[2024-07-31 13:58:38.737] [info] #17: Feasible / Total: 2452803 / 5380840
[2024-08-01 02:12:55.760] [info] #18: Feasible / Total: 2994367 / 5380840
[2024-08-01 12:35:47.605] [info] #19: Feasible / Total: 3661392 / 5380840
[2024-08-01 15:56:51.621] [info] #20: Feasible / Total: 3978217 / 5380840
[2024-08-01 16:02:33.576] [info] #21: Feasible / Total: 3984349 / 5380840
[2024-08-01 16:04:11.197] [info] #21: Feasible / Total: 3984349 / 5380840
[2024-08-01 16:04:11.197] [info] Graph is not D-reducible.
[2024-08-01 16:04:13.222] [info] Started C-reducibility check
[2024-08-01 16:11:53.790] [info] Trying 271253407 possible contractions
[2024-08-01 16:11:53.790] [info] [0/271253407] Starting contraction of size 1
[2024-08-01 16:12:32.211] [info] All colors passed! Contracted: 63
[2024-08-01 16:12:32.211] [info] Graph is C-reducible!
