[2024-04-17 11:32:48.285] [info] Kempe type: Toroidal
[2024-04-17 11:32:48.285] [info] Vertex size: 34, Edge size: 58, Ring size: 14
[2024-04-17 11:32:48.734] [info] Started D-reducibility check
[2024-04-17 11:32:48.734] [info] #1: Feasible / Total: 22595 / 199291
[2024-04-17 11:34:07.526] [info] #2: Feasible / Total: 32309 / 199291
[2024-04-17 11:34:44.239] [info] #3: Feasible / Total: 39832 / 199291
[2024-04-17 11:35:17.001] [info] #4: Feasible / Total: 45987 / 199291
[2024-04-17 11:35:44.997] [info] #5: Feasible / Total: 51309 / 199291
[2024-04-17 11:36:02.559] [info] #6: Feasible / Total: 56340 / 199291
[2024-04-17 11:36:20.168] [info] #7: Feasible / Total: 61116 / 199291
[2024-04-17 11:36:40.390] [info] #8: Feasible / Total: 65792 / 199291
[2024-04-17 11:37:06.525] [info] #9: Feasible / Total: 71283 / 199291
[2024-04-17 11:37:43.580] [info] #10: Feasible / Total: 79901 / 199291
[2024-04-17 11:38:36.299] [info] #11: Feasible / Total: 94130 / 199291
[2024-04-17 11:39:24.776] [info] #12: Feasible / Total: 113846 / 199291
[2024-04-17 11:39:43.887] [info] #13: Feasible / Total: 125920 / 199291
[2024-04-17 11:39:46.395] [info] #14: Feasible / Total: 127488 / 199291
[2024-04-17 11:39:47.101] [info] #15: Feasible / Total: 127497 / 199291
[2024-04-17 11:39:47.778] [info] #15: Feasible / Total: 127497 / 199291
[2024-04-17 11:39:47.778] [info] Graph is not D-reducible.
[2024-04-17 11:39:47.799] [info] Started C-reducibility check
[2024-04-17 11:40:20.975] [info] Trying 22303379 possible contractions
[2024-04-17 11:40:20.975] [info] [0/22303379] Starting contraction of size 1
[2024-04-17 11:40:21.300] [info] All colors passed! Contracted: 39
[2024-04-17 11:40:21.300] [info] Graph is C-reducible!
