[2023-11-28 12:53:25.031] [info] Kempe type: Toroidal
[2023-11-28 12:53:25.032] [info] Vertex size: 34, Edge size: 58, Ring size: 14
[2023-11-28 12:53:26.869] [info] Started D-reducibility check
[2023-11-28 12:53:26.870] [info] #1: Feasible / Total: 24120 / 199291
[2023-11-28 12:59:30.266] [info] #2: Feasible / Total: 30937 / 199291
[2023-11-28 13:01:08.464] [info] #3: Feasible / Total: 33815 / 199291
[2023-11-28 13:02:03.641] [info] #4: Feasible / Total: 35593 / 199291
[2023-11-28 13:02:44.983] [info] #5: Feasible / Total: 37025 / 199291
[2023-11-28 13:03:18.956] [info] #6: Feasible / Total: 38313 / 199291
[2023-11-28 13:03:50.558] [info] #7: Feasible / Total: 39501 / 199291
[2023-11-28 13:04:31.486] [info] #8: Feasible / Total: 40800 / 199291
[2023-11-28 13:05:12.175] [info] #9: Feasible / Total: 42219 / 199291
[2023-11-28 13:05:56.645] [info] #10: Feasible / Total: 43997 / 199291
[2023-11-28 13:06:36.671] [info] #11: Feasible / Total: 46241 / 199291
[2023-11-28 13:07:27.074] [info] #12: Feasible / Total: 49033 / 199291
[2023-11-28 13:08:44.604] [info] #13: Feasible / Total: 52793 / 199291
[2023-11-28 13:10:37.573] [info] #14: Feasible / Total: 58109 / 199291
[2023-11-28 13:13:19.614] [info] #15: Feasible / Total: 66710 / 199291
[2023-11-28 13:17:21.750] [info] #16: Feasible / Total: 80985 / 199291
[2023-11-28 13:22:40.474] [info] #17: Feasible / Total: 103513 / 199291
[2023-11-28 13:28:40.347] [info] #18: Feasible / Total: 137606 / 199291
[2023-11-28 13:31:22.270] [info] #19: Feasible / Total: 163673 / 199291
[2023-11-28 13:31:31.411] [info] #20: Feasible / Total: 165087 / 199291
[2023-11-28 13:31:33.093] [info] #20: Feasible / Total: 165087 / 199291
[2023-11-28 13:31:33.093] [info] Graph is not D-reducible.
[2023-11-28 13:31:33.217] [info] Started C-reducibility check
[2023-11-28 13:41:57.950] [info] Trying 22462998 possible contractions
[2023-11-28 13:41:57.950] [info] [0/22462998] Starting contraction of size 1
[2023-11-28 13:42:57.166] [info] [44/22462998] Starting contraction of size 2
[2023-11-28 13:59:43.353] [info] [916/22462998] Starting contraction of size 3
[2023-11-28 14:56:52.066] [info] All colors passed! Contracted: 17, 46, 56
[2023-11-28 14:56:52.066] [info] Graph is C-reducible!
