[2023-11-16 13:46:30.540] [info] Kempe type: Toroidal
[2023-11-16 13:46:30.540] [info] Vertex size: 26, Edge size: 45, Ring size: 12
[2023-11-16 13:46:31.227] [info] Started D-reducibility check
[2023-11-16 13:46:31.227] [info] #1: Feasible / Total: 3336 / 22144
[2023-11-16 13:47:00.690] [info] #2: Feasible / Total: 4251 / 22144
[2023-11-16 13:47:04.014] [info] #3: Feasible / Total: 4506 / 22144
[2023-11-16 13:47:06.047] [info] #4: Feasible / Total: 4691 / 22144
[2023-11-16 13:47:08.289] [info] #5: Feasible / Total: 4850 / 22144
[2023-11-16 13:47:10.233] [info] #6: Feasible / Total: 4989 / 22144
[2023-11-16 13:47:12.217] [info] #7: Feasible / Total: 5107 / 22144
[2023-11-16 13:47:15.033] [info] #8: Feasible / Total: 5209 / 22144
[2023-11-16 13:47:17.572] [info] #9: Feasible / Total: 5340 / 22144
[2023-11-16 13:47:19.457] [info] #10: Feasible / Total: 5451 / 22144
[2023-11-16 13:47:21.062] [info] #11: Feasible / Total: 5565 / 22144
[2023-11-16 13:47:22.144] [info] #12: Feasible / Total: 5653 / 22144
[2023-11-16 13:47:23.266] [info] #13: Feasible / Total: 5717 / 22144
[2023-11-16 13:47:24.668] [info] #14: Feasible / Total: 5773 / 22144
[2023-11-16 13:47:25.690] [info] #15: Feasible / Total: 5829 / 22144
[2023-11-16 13:47:27.281] [info] #16: Feasible / Total: 5916 / 22144
[2023-11-16 13:47:28.367] [info] #17: Feasible / Total: 5980 / 22144
[2023-11-16 13:47:29.968] [info] #18: Feasible / Total: 6117 / 22144
[2023-11-16 13:47:31.518] [info] #19: Feasible / Total: 6281 / 22144
[2023-11-16 13:47:33.282] [info] #20: Feasible / Total: 6457 / 22144
[2023-11-16 13:47:35.963] [info] #21: Feasible / Total: 6693 / 22144
[2023-11-16 13:47:38.782] [info] #22: Feasible / Total: 6982 / 22144
[2023-11-16 13:47:41.499] [info] #23: Feasible / Total: 7363 / 22144
[2023-11-16 13:47:45.737] [info] #24: Feasible / Total: 7948 / 22144
[2023-11-16 13:47:50.600] [info] #25: Feasible / Total: 8710 / 22144
[2023-11-16 13:47:58.124] [info] #26: Feasible / Total: 10118 / 22144
[2023-11-16 13:48:07.214] [info] #27: Feasible / Total: 12549 / 22144
[2023-11-16 13:48:16.259] [info] #28: Feasible / Total: 15694 / 22144
[2023-11-16 13:48:20.326] [info] #29: Feasible / Total: 18150 / 22144
[2023-11-16 13:48:20.999] [info] #30: Feasible / Total: 18491 / 22144
[2023-11-16 13:48:21.135] [info] #30: Feasible / Total: 18491 / 22144
[2023-11-16 13:48:21.136] [info] Graph is not D-reducible.
[2023-11-16 13:48:21.138] [info] Started C-reducibility check
[2023-11-16 13:48:31.788] [info] Trying 1078573 possible contractions
[2023-11-16 13:48:31.789] [info] [0/1078573] Starting contraction of size 1
[2023-11-16 13:48:37.606] [info] [33/1078573] Starting contraction of size 2
[2023-11-16 13:49:25.465] [info] All colors passed! Contracted: 13, 40
[2023-11-16 13:49:25.502] [info] Graph is C-reducible!
