[2024-03-01 14:12:46.505] [info] Kempe type: Toroidal
[2024-03-01 14:12:46.505] [info] Vertex size: 40, Edge size: 67, Ring size: 14
[2024-03-01 14:13:08.450] [info] Started D-reducibility check
[2024-03-01 14:13:08.450] [info] #1: Feasible / Total: 35560 / 199291
[2024-03-01 14:25:56.242] [info] #2: Feasible / Total: 57931 / 199291
[2024-03-01 14:34:37.368] [info] #3: Feasible / Total: 79735 / 199291
[2024-03-01 14:41:58.670] [info] #4: Feasible / Total: 107509 / 199291
[2024-03-01 14:44:54.904] [info] #5: Feasible / Total: 125216 / 199291
[2024-03-01 14:45:27.203] [info] #6: Feasible / Total: 126714 / 199291
[2024-03-01 14:45:44.181] [info] #7: Feasible / Total: 127479 / 199291
[2024-03-01 14:46:04.580] [info] #8: Feasible / Total: 128249 / 199291
[2024-03-01 14:46:17.961] [info] #9: Feasible / Total: 128912 / 199291
[2024-03-01 14:46:26.561] [info] #10: Feasible / Total: 129109 / 199291
[2024-03-01 14:46:32.829] [info] #11: Feasible / Total: 129358 / 199291
[2024-03-01 14:46:39.619] [info] #12: Feasible / Total: 129512 / 199291
[2024-03-01 14:46:45.161] [info] #13: Feasible / Total: 129572 / 199291
[2024-03-01 14:46:49.842] [info] #14: Feasible / Total: 129579 / 199291
[2024-03-01 14:46:54.278] [info] #14: Feasible / Total: 129579 / 199291
[2024-03-01 14:46:54.310] [info] Graph is not D-reducible.
[2024-03-01 14:46:54.455] [info] Started C-reducibility check
[2024-03-01 14:47:12.492] [info] Trying 1599211 possible contractions
[2024-03-01 14:47:12.502] [info] [0/1599211] Starting contraction of size 1
[2024-03-01 15:05:13.730] [info] [53/1599211] Starting contraction of size 2
[2024-03-01 19:58:17.866] [info] [1339/1599211] Starting contraction of size 3
[2024-03-03 02:24:28.935] [info] [20312/1599211] Starting contraction of size 4
[2024-03-06 09:36:59.546] [info] All colors passed! Contracted: 42, 44, 54, 56
[2024-03-06 09:36:59.546] [info] Graph is C-reducible!
