[2023-11-20 16:12:14.766] [info] Kempe type: Toroidal
[2023-11-20 16:12:14.774] [info] Vertex size: 34, Edge size: 58, Ring size: 14
[2023-11-20 16:12:19.780] [info] Started D-reducibility check
[2023-11-20 16:12:19.787] [info] #1: Feasible / Total: 25122 / 199291
[2023-11-20 16:41:21.843] [info] #2: Feasible / Total: 42164 / 199291
[2023-11-20 16:53:50.713] [info] #3: Feasible / Total: 52095 / 199291
[2023-11-20 17:02:57.070] [info] #4: Feasible / Total: 60987 / 199291
[2023-11-20 17:07:25.658] [info] #5: Feasible / Total: 71203 / 199291
[2023-11-20 17:13:01.177] [info] #6: Feasible / Total: 82756 / 199291
[2023-11-20 17:16:49.513] [info] #7: Feasible / Total: 96298 / 199291
[2023-11-20 17:19:03.920] [info] #8: Feasible / Total: 105529 / 199291
[2023-11-20 17:19:40.046] [info] #9: Feasible / Total: 107460 / 199291
[2023-11-20 17:19:48.957] [info] #10: Feasible / Total: 107573 / 199291
[2023-11-20 17:19:53.912] [info] #11: Feasible / Total: 107579 / 199291
[2023-11-20 17:19:58.723] [info] #11: Feasible / Total: 107579 / 199291
[2023-11-20 17:19:58.738] [info] Graph is not D-reducible.
[2023-11-20 17:19:58.828] [info] Started C-reducibility check
[2023-11-20 17:33:54.473] [info] Trying 22300923 possible contractions
[2023-11-20 17:33:54.478] [info] [0/22300923] Starting contraction of size 1
[2023-11-20 17:34:24.684] [info] All colors passed! Contracted: 22
[2023-11-20 17:34:24.714] [info] Graph is C-reducible!
