[2024-10-19 12:34:38.225] [info] Kempe type: Toroidal
[2024-10-19 12:34:38.225] [info] Vertex size: 35, Edge size: 60, Ring size: 15
[2024-10-19 12:34:58.454] [info] Started D-reducibility check
[2024-10-19 12:34:58.454] [info] #1: Feasible / Total: 57339 / 597871
[2024-10-19 13:17:07.085] [info] #2: Feasible / Total: 80982 / 597871
[2024-10-19 13:46:26.660] [info] #3: Feasible / Total: 95768 / 597871
[2024-10-19 14:11:24.122] [info] #4: Feasible / Total: 111884 / 597871
[2024-10-19 14:34:37.016] [info] #5: Feasible / Total: 132778 / 597871
[2024-10-19 15:12:16.850] [info] #6: Feasible / Total: 164699 / 597871
[2024-10-19 16:35:43.456] [info] #7: Feasible / Total: 218931 / 597871
[2024-10-19 17:51:25.224] [info] #8: Feasible / Total: 313465 / 597871
[2024-10-19 18:41:04.366] [info] #9: Feasible / Total: 444038 / 597871
[2024-10-19 18:49:16.632] [info] #10: Feasible / Total: 500417 / 597871
[2024-10-19 18:49:26.269] [info] #11: Feasible / Total: 500995 / 597871
[2024-10-19 18:49:31.910] [info] #11: Feasible / Total: 500995 / 597871
[2024-10-19 18:49:31.928] [info] Graph is not D-reducible.
[2024-10-19 18:49:32.249] [info] Started C-reducibility check
[2024-10-19 18:49:54.156] [info] Trying 2912732 possible contractions
[2024-10-19 18:49:54.168] [info] [0/2912732] Starting contraction of size 1
[2024-10-19 18:50:07.179] [info] All colors passed! Contracted: 22
[2024-10-19 18:50:07.188] [info] Graph is C-reducible!
