[2023-12-05 15:28:26.581] [info] Kempe type: Toroidal
[2023-12-05 15:28:26.581] [info] Vertex size: 37, Edge size: 63, Ring size: 15
[2023-12-05 15:29:06.119] [info] Started D-reducibility check
[2023-12-05 15:29:06.119] [info] #1: Feasible / Total: 64896 / 597871
[2023-12-05 17:54:03.836] [info] #2: Feasible / Total: 84055 / 597871
[2023-12-05 18:52:18.440] [info] #3: Feasible / Total: 95104 / 597871
[2023-12-05 19:33:36.491] [info] #4: Feasible / Total: 100917 / 597871
[2023-12-05 20:03:05.869] [info] #5: Feasible / Total: 105519 / 597871
[2023-12-05 20:31:05.293] [info] #6: Feasible / Total: 110148 / 597871
[2023-12-05 20:57:25.257] [info] #7: Feasible / Total: 115423 / 597871
[2023-12-05 21:23:17.930] [info] #8: Feasible / Total: 120892 / 597871
[2023-12-05 21:49:54.079] [info] #9: Feasible / Total: 126812 / 597871
[2023-12-05 22:14:19.188] [info] #10: Feasible / Total: 132441 / 597871
[2023-12-05 22:37:38.401] [info] #11: Feasible / Total: 137376 / 597871
[2023-12-05 22:58:33.134] [info] #12: Feasible / Total: 141469 / 597871
[2023-12-05 23:19:12.038] [info] #13: Feasible / Total: 145672 / 597871
[2023-12-05 23:41:29.184] [info] #14: Feasible / Total: 150550 / 597871
[2023-12-06 00:08:10.642] [info] #15: Feasible / Total: 156497 / 597871
[2023-12-06 00:37:17.944] [info] #16: Feasible / Total: 163791 / 597871
[2023-12-06 01:08:18.460] [info] #17: Feasible / Total: 172100 / 597871
[2023-12-06 01:42:26.858] [info] #18: Feasible / Total: 181609 / 597871
[2023-12-06 02:14:58.651] [info] #19: Feasible / Total: 191286 / 597871
[2023-12-06 02:39:48.741] [info] #20: Feasible / Total: 198842 / 597871
[2023-12-06 02:55:24.048] [info] #21: Feasible / Total: 203963 / 597871
[2023-12-06 03:04:20.396] [info] #22: Feasible / Total: 206749 / 597871
[2023-12-06 03:10:25.251] [info] #23: Feasible / Total: 208029 / 597871
[2023-12-06 03:15:48.135] [info] #24: Feasible / Total: 208771 / 597871
[2023-12-06 03:21:06.492] [info] #25: Feasible / Total: 209457 / 597871
[2023-12-06 03:26:21.555] [info] #26: Feasible / Total: 210137 / 597871
[2023-12-06 03:30:53.190] [info] #27: Feasible / Total: 210859 / 597871
[2023-12-06 03:37:31.918] [info] #28: Feasible / Total: 212024 / 597871
[2023-12-06 03:44:28.744] [info] #29: Feasible / Total: 213423 / 597871
[2023-12-06 03:51:36.437] [info] #30: Feasible / Total: 214748 / 597871
[2023-12-06 03:57:02.267] [info] #31: Feasible / Total: 215715 / 597871
[2023-12-06 04:02:09.198] [info] #32: Feasible / Total: 216595 / 597871
[2023-12-06 04:07:30.678] [info] #33: Feasible / Total: 217425 / 597871
[2023-12-06 04:12:59.390] [info] #34: Feasible / Total: 218117 / 597871
[2023-12-06 04:18:16.801] [info] #35: Feasible / Total: 218799 / 597871
[2023-12-06 04:22:43.940] [info] #36: Feasible / Total: 219542 / 597871
[2023-12-06 04:29:26.126] [info] #37: Feasible / Total: 221040 / 597871
[2023-12-06 04:39:39.332] [info] #38: Feasible / Total: 223572 / 597871
[2023-12-06 04:51:11.454] [info] #39: Feasible / Total: 226577 / 597871
[2023-12-06 05:03:51.288] [info] #40: Feasible / Total: 229928 / 597871
[2023-12-06 05:16:23.601] [info] #41: Feasible / Total: 233110 / 597871
[2023-12-06 05:30:48.072] [info] #42: Feasible / Total: 236544 / 597871
[2023-12-06 05:48:50.304] [info] #43: Feasible / Total: 240804 / 597871
[2023-12-06 06:11:45.785] [info] #44: Feasible / Total: 247518 / 597871
[2023-12-06 06:39:50.240] [info] #45: Feasible / Total: 257061 / 597871
[2023-12-06 07:09:59.356] [info] #46: Feasible / Total: 268120 / 597871
[2023-12-06 07:45:38.470] [info] #47: Feasible / Total: 284022 / 597871
[2023-12-06 08:37:40.375] [info] #48: Feasible / Total: 309401 / 597871
[2023-12-06 09:20:16.198] [info] #49: Feasible / Total: 334515 / 597871
[2023-12-06 09:52:54.526] [info] #50: Feasible / Total: 351041 / 597871
[2023-12-06 10:04:06.045] [info] #51: Feasible / Total: 358374 / 597871
[2023-12-06 10:06:43.016] [info] #52: Feasible / Total: 359170 / 597871
[2023-12-06 10:08:19.717] [info] #53: Feasible / Total: 359308 / 597871
[2023-12-06 10:09:52.140] [info] #54: Feasible / Total: 359336 / 597871
[2023-12-06 10:11:21.241] [info] #54: Feasible / Total: 359336 / 597871
[2023-12-06 10:11:21.241] [info] Graph is not D-reducible.
[2023-12-06 10:11:22.863] [info] Started C-reducibility check
[2023-12-06 14:09:14.092] [info] Trying 137216 possible contractions
[2023-12-06 14:09:14.092] [info] [0/137216] Starting contraction of size 1
[2023-12-06 14:20:45.382] [info] All colors passed! Contracted: 27
[2023-12-06 14:20:45.382] [info] Graph is C-reducible!
