[2023-11-22 11:38:04.683] [info] Kempe type: Toroidal
[2023-11-22 11:38:04.690] [info] Vertex size: 37, Edge size: 63, Ring size: 15
[2023-11-22 11:38:24.406] [info] Started D-reducibility check
[2023-11-22 11:38:24.406] [info] #1: Feasible / Total: 64378 / 597871
[2023-11-22 12:59:16.355] [info] #2: Feasible / Total: 100496 / 597871
[2023-11-22 14:09:30.974] [info] #3: Feasible / Total: 129873 / 597871
[2023-11-22 15:04:49.860] [info] #4: Feasible / Total: 158202 / 597871
[2023-11-22 16:01:17.492] [info] #5: Feasible / Total: 190007 / 597871
[2023-11-22 16:59:12.339] [info] #6: Feasible / Total: 227109 / 597871
[2023-11-22 18:04:02.682] [info] #7: Feasible / Total: 276162 / 597871
[2023-11-22 19:25:27.205] [info] #8: Feasible / Total: 358601 / 597871
[2023-11-22 20:00:26.614] [info] #9: Feasible / Total: 432869 / 597871
[2023-11-22 20:02:04.830] [info] #10: Feasible / Total: 437256 / 597871
[2023-11-22 20:02:30.691] [info] #11: Feasible / Total: 437263 / 597871
[2023-11-22 20:02:56.455] [info] #11: Feasible / Total: 437263 / 597871
[2023-11-22 20:02:56.455] [info] Graph is not D-reducible.
[2023-11-22 20:02:57.219] [info] Started C-reducibility check
[2023-11-22 21:58:23.418] [info] Trying 55653318 possible contractions
[2023-11-22 21:58:23.422] [info] [0/55653318] Starting contraction of size 1
[2023-11-22 22:07:28.522] [info] [48/55653318] Starting contraction of size 2
[2023-11-23 01:58:32.010] [info] [1095/55653318] Starting contraction of size 3
[2023-11-24 15:18:03.905] [info] [14869/55653318] Starting contraction of size 4
[2023-11-24 23:06:53.282] [info] All colors passed! Contracted: 22, 23, 52, 55
[2023-11-24 23:06:53.283] [info] Graph is C-reducible!
