[2023-11-17 14:12:08.847] [info] Kempe type: Toroidal
[2023-11-17 14:12:08.902] [info] Vertex size: 37, Edge size: 63, Ring size: 15
[2023-11-17 14:12:30.370] [info] Started D-reducibility check
[2023-11-17 14:12:30.402] [info] #1: Feasible / Total: 60616 / 597871
[2023-11-17 15:00:44.468] [info] #2: Feasible / Total: 93112 / 597871
[2023-11-17 15:18:02.238] [info] #3: Feasible / Total: 116764 / 597871
[2023-11-17 15:31:49.301] [info] #4: Feasible / Total: 134145 / 597871
[2023-11-17 16:22:26.270] [info] #5: Feasible / Total: 150636 / 597871
[2023-11-17 17:25:14.941] [info] #6: Feasible / Total: 169705 / 597871
[2023-11-17 18:41:02.253] [info] #7: Feasible / Total: 196496 / 597871
[2023-11-17 20:29:51.947] [info] #8: Feasible / Total: 242302 / 597871
[2023-11-17 22:46:19.650] [info] #9: Feasible / Total: 320776 / 597871
[2023-11-18 01:07:25.618] [info] #10: Feasible / Total: 455509 / 597871
[2023-11-18 01:40:02.096] [info] #11: Feasible / Total: 546274 / 597871
[2023-11-18 01:40:36.674] [info] #12: Feasible / Total: 546927 / 597871
[2023-11-18 01:40:46.227] [info] #12: Feasible / Total: 546927 / 597871
[2023-11-18 01:40:46.227] [info] Graph is not D-reducible.
[2023-11-18 01:40:47.220] [info] Started C-reducibility check
[2023-11-18 03:38:21.949] [info] Trying 55333844 possible contractions
[2023-11-18 03:38:21.982] [info] [0/55333844] Starting contraction of size 1
[2023-11-18 03:38:25.798] [info] All colors passed! Contracted: 49
[2023-11-18 03:38:25.799] [info] Graph is C-reducible!
