[2024-03-03 16:40:31.589] [info] Kempe type: Toroidal
[2024-03-03 16:40:31.589] [info] Vertex size: 28, Edge size: 48, Ring size: 12
[2024-03-03 16:40:31.663] [info] Started D-reducibility check
[2024-03-03 16:40:31.663] [info] #1: Feasible / Total: 3896 / 22144
[2024-03-03 16:40:34.053] [info] #2: Feasible / Total: 5103 / 22144
[2024-03-03 16:40:34.728] [info] #3: Feasible / Total: 5733 / 22144
[2024-03-03 16:40:35.434] [info] #4: Feasible / Total: 6480 / 22144
[2024-03-03 16:40:36.306] [info] #5: Feasible / Total: 7639 / 22144
[2024-03-03 16:40:37.091] [info] #6: Feasible / Total: 8672 / 22144
[2024-03-03 16:40:37.418] [info] #7: Feasible / Total: 9257 / 22144
[2024-03-03 16:40:37.555] [info] #8: Feasible / Total: 9420 / 22144
[2024-03-03 16:40:37.635] [info] #9: Feasible / Total: 9436 / 22144
[2024-03-03 16:40:37.707] [info] #10: Feasible / Total: 9437 / 22144
[2024-03-03 16:40:37.780] [info] #10: Feasible / Total: 9437 / 22144
[2024-03-03 16:40:37.780] [info] Graph is not D-reducible.
[2024-03-03 16:40:37.783] [info] Started C-reducibility check
[2024-03-03 16:40:41.163] [info] Trying 2629112 possible contractions
[2024-03-03 16:40:41.163] [info] [0/2629112] Starting contraction of size 1
[2024-03-03 16:40:42.303] [info] All colors passed! Contracted: 41
[2024-03-03 16:40:42.303] [info] Graph is C-reducible!
