[2023-11-16 18:02:41.024] [info] Kempe type: Toroidal
[2023-11-16 18:02:41.024] [info] Vertex size: 33, Edge size: 56, Ring size: 13
[2023-11-16 18:02:45.182] [info] Started D-reducibility check
[2023-11-16 18:02:45.183] [info] #1: Feasible / Total: 12144 / 66430
[2023-11-16 18:06:50.518] [info] #2: Feasible / Total: 21182 / 66430
[2023-11-16 18:08:11.809] [info] #3: Feasible / Total: 26596 / 66430
[2023-11-16 18:08:37.803] [info] #4: Feasible / Total: 28791 / 66430
[2023-11-16 18:08:48.678] [info] #5: Feasible / Total: 29495 / 66430
[2023-11-16 18:08:53.439] [info] #6: Feasible / Total: 29642 / 66430
[2023-11-16 18:08:56.765] [info] #7: Feasible / Total: 29721 / 66430
[2023-11-16 18:09:03.201] [info] #8: Feasible / Total: 29881 / 66430
[2023-11-16 18:09:14.569] [info] #9: Feasible / Total: 30255 / 66430
[2023-11-16 18:09:28.312] [info] #10: Feasible / Total: 31075 / 66430
[2023-11-16 18:09:54.670] [info] #11: Feasible / Total: 32931 / 66430
[2023-11-16 18:10:21.132] [info] #12: Feasible / Total: 35162 / 66430
[2023-11-16 18:10:55.803] [info] #13: Feasible / Total: 38928 / 66430
[2023-11-16 18:11:45.334] [info] #14: Feasible / Total: 43179 / 66430
[2023-11-16 18:11:55.196] [info] #15: Feasible / Total: 44209 / 66430
[2023-11-16 18:11:56.884] [info] #16: Feasible / Total: 44213 / 66430
[2023-11-16 18:11:58.471] [info] #16: Feasible / Total: 44213 / 66430
[2023-11-16 18:11:58.471] [info] Graph is not D-reducible.
[2023-11-16 18:11:58.543] [info] Started C-reducibility check
[2023-11-16 18:27:41.279] [info] Trying 17111664 possible contractions
[2023-11-16 18:27:41.290] [info] [0/17111664] Starting contraction of size 1
[2023-11-16 18:29:16.668] [info] [43/17111664] Starting contraction of size 2
[2023-11-16 18:44:17.218] [info] All colors passed! Contracted: 28, 36
[2023-11-16 18:44:17.250] [info] Graph is C-reducible!
