[2023-11-16 13:46:30.516] [info] Kempe type: Toroidal
[2023-11-16 13:46:30.516] [info] Vertex size: 25, Edge size: 43, Ring size: 11
[2023-11-16 13:46:30.618] [info] Started D-reducibility check
[2023-11-16 13:46:30.618] [info] #1: Feasible / Total: 1447 / 7381
[2023-11-16 13:46:34.436] [info] #2: Feasible / Total: 1871 / 7381
[2023-11-16 13:46:35.492] [info] #3: Feasible / Total: 2028 / 7381
[2023-11-16 13:46:36.212] [info] #4: Feasible / Total: 2174 / 7381
[2023-11-16 13:46:37.007] [info] #5: Feasible / Total: 2418 / 7381
[2023-11-16 13:46:38.415] [info] #6: Feasible / Total: 2941 / 7381
[2023-11-16 13:46:39.840] [info] #7: Feasible / Total: 3537 / 7381
[2023-11-16 13:46:41.167] [info] #8: Feasible / Total: 4107 / 7381
[2023-11-16 13:46:41.589] [info] #9: Feasible / Total: 4281 / 7381
[2023-11-16 13:46:41.721] [info] #10: Feasible / Total: 4282 / 7381
[2023-11-16 13:46:41.853] [info] #10: Feasible / Total: 4282 / 7381
[2023-11-16 13:46:41.853] [info] Graph is not D-reducible.
[2023-11-16 13:46:41.854] [info] Started C-reducibility check
[2023-11-16 13:46:52.426] [info] Trying 752320 possible contractions
[2023-11-16 13:46:52.426] [info] [0/752320] Starting contraction of size 1
[2023-11-16 13:46:53.060] [info] All colors passed! Contracted: 18
[2023-11-16 13:46:53.060] [info] Graph is C-reducible!
