[2024-03-02 22:55:36.891] [info] Kempe type: Toroidal
[2024-03-02 22:55:36.891] [info] Vertex size: 34, Edge size: 58, Ring size: 14
[2024-03-02 22:55:38.178] [info] Started D-reducibility check
[2024-03-02 22:55:38.178] [info] #1: Feasible / Total: 25606 / 199291
[2024-03-02 22:58:03.196] [info] #2: Feasible / Total: 35376 / 199291
[2024-03-02 22:58:42.813] [info] #3: Feasible / Total: 39941 / 199291
[2024-03-02 22:59:15.777] [info] #4: Feasible / Total: 44258 / 199291
[2024-03-02 22:59:47.383] [info] #5: Feasible / Total: 49380 / 199291
[2024-03-02 23:00:24.775] [info] #6: Feasible / Total: 56018 / 199291
[2024-03-02 23:01:14.824] [info] #7: Feasible / Total: 66249 / 199291
[2024-03-02 23:02:24.185] [info] #8: Feasible / Total: 82036 / 199291
[2024-03-02 23:03:59.558] [info] #9: Feasible / Total: 108717 / 199291
[2024-03-02 23:05:14.897] [info] #10: Feasible / Total: 142397 / 199291
[2024-03-02 23:05:40.450] [info] #11: Feasible / Total: 162424 / 199291
[2024-03-02 23:05:41.567] [info] #12: Feasible / Total: 163207 / 199291
[2024-03-02 23:05:41.924] [info] #12: Feasible / Total: 163207 / 199291
[2024-03-02 23:05:41.924] [info] Graph is not D-reducible.
[2024-03-02 23:05:41.951] [info] Started C-reducibility check
[2024-03-02 23:06:18.980] [info] Trying 22458622 possible contractions
[2024-03-02 23:06:18.980] [info] [0/22458622] Starting contraction of size 1
[2024-03-02 23:06:19.487] [info] All colors passed! Contracted: 38
[2024-03-02 23:06:19.488] [info] Graph is C-reducible!
