[2023-11-17 14:12:08.557] [info] Kempe type: Toroidal
[2023-11-17 14:12:08.734] [info] Vertex size: 34, Edge size: 58, Ring size: 14
[2023-11-17 14:12:16.936] [info] Started D-reducibility check
[2023-11-17 14:12:16.946] [info] #1: Feasible / Total: 26394 / 199291
[2023-11-17 14:38:35.524] [info] #2: Feasible / Total: 37095 / 199291
[2023-11-17 14:50:44.526] [info] #3: Feasible / Total: 45272 / 199291
[2023-11-17 15:05:23.387] [info] #4: Feasible / Total: 54554 / 199291
[2023-11-17 15:20:47.232] [info] #5: Feasible / Total: 67545 / 199291
[2023-11-17 15:37:59.868] [info] #6: Feasible / Total: 85497 / 199291
[2023-11-17 16:01:29.909] [info] #7: Feasible / Total: 115011 / 199291
[2023-11-17 16:21:25.229] [info] #8: Feasible / Total: 160472 / 199291
[2023-11-17 16:25:32.927] [info] #9: Feasible / Total: 179514 / 199291
[2023-11-17 16:25:37.736] [info] #10: Feasible / Total: 179599 / 199291
[2023-11-17 16:25:40.976] [info] #10: Feasible / Total: 179599 / 199291
[2023-11-17 16:25:40.976] [info] Graph is not D-reducible.
[2023-11-17 16:25:41.439] [info] Started C-reducibility check
[2023-11-17 17:03:25.314] [info] Trying 22389883 possible contractions
[2023-11-17 17:03:25.326] [info] [0/22389883] Starting contraction of size 1
[2023-11-17 17:03:33.275] [info] All colors passed! Contracted: 17
[2023-11-17 17:03:33.275] [info] Graph is C-reducible!
