[2023-11-20 13:25:48.404] [info] Kempe type: Toroidal
[2023-11-20 13:25:54.582] [info] Vertex size: 34, Edge size: 58, Ring size: 14
[2023-11-20 13:26:01.004] [info] Started D-reducibility check
[2023-11-20 13:26:01.014] [info] #1: Feasible / Total: 23577 / 199291
[2023-11-20 13:38:51.489] [info] #2: Feasible / Total: 30023 / 199291
[2023-11-20 13:42:56.335] [info] #3: Feasible / Total: 34605 / 199291
[2023-11-20 13:45:09.824] [info] #4: Feasible / Total: 38084 / 199291
[2023-11-20 13:46:49.526] [info] #5: Feasible / Total: 40690 / 199291
[2023-11-20 13:48:21.027] [info] #6: Feasible / Total: 43212 / 199291
[2023-11-20 13:49:27.251] [info] #7: Feasible / Total: 45576 / 199291
[2023-11-20 13:50:33.265] [info] #8: Feasible / Total: 47975 / 199291
[2023-11-20 13:51:35.845] [info] #9: Feasible / Total: 50480 / 199291
[2023-11-20 13:52:42.250] [info] #10: Feasible / Total: 51934 / 199291
[2023-11-20 13:53:54.529] [info] #11: Feasible / Total: 52438 / 199291
[2023-11-20 13:54:50.235] [info] #12: Feasible / Total: 52872 / 199291
[2023-11-20 13:55:40.788] [info] #13: Feasible / Total: 53387 / 199291
[2023-11-20 13:56:53.477] [info] #14: Feasible / Total: 54063 / 199291
[2023-11-20 13:57:55.933] [info] #15: Feasible / Total: 54849 / 199291
[2023-11-20 13:59:09.536] [info] #16: Feasible / Total: 56117 / 199291
[2023-11-20 14:00:59.239] [info] #17: Feasible / Total: 57879 / 199291
[2023-11-20 14:03:11.113] [info] #18: Feasible / Total: 59869 / 199291
[2023-11-20 14:05:38.416] [info] #19: Feasible / Total: 62162 / 199291
[2023-11-20 14:07:49.506] [info] #20: Feasible / Total: 64251 / 199291
[2023-11-20 14:10:01.897] [info] #21: Feasible / Total: 66404 / 199291
[2023-11-20 14:12:30.682] [info] #22: Feasible / Total: 69277 / 199291
[2023-11-20 14:16:00.292] [info] #23: Feasible / Total: 73067 / 199291
[2023-11-20 14:20:44.031] [info] #24: Feasible / Total: 78106 / 199291
[2023-11-20 14:26:18.894] [info] #25: Feasible / Total: 85104 / 199291
[2023-11-20 14:33:35.257] [info] #26: Feasible / Total: 94436 / 199291
[2023-11-20 14:42:24.824] [info] #27: Feasible / Total: 106776 / 199291
[2023-11-20 14:48:47.778] [info] #28: Feasible / Total: 119153 / 199291
[2023-11-20 14:50:55.580] [info] #29: Feasible / Total: 124109 / 199291
[2023-11-20 14:51:16.001] [info] #30: Feasible / Total: 124516 / 199291
[2023-11-20 14:51:26.301] [info] #31: Feasible / Total: 124517 / 199291
[2023-11-20 14:51:36.512] [info] #31: Feasible / Total: 124517 / 199291
[2023-11-20 14:51:36.512] [info] Graph is not D-reducible.
[2023-11-20 14:51:36.780] [info] Started C-reducibility check
[2023-11-20 15:22:56.374] [info] Trying 22304154 possible contractions
[2023-11-20 15:22:56.410] [info] [0/22304154] Starting contraction of size 1
[2023-11-20 15:23:01.254] [info] All colors passed! Contracted: 38
[2023-11-20 15:23:01.259] [info] Graph is C-reducible!
