[2023-12-05 15:26:09.289] [info] Kempe type: Toroidal
[2023-12-05 15:26:09.289] [info] Vertex size: 45, Edge size: 76, Ring size: 17
[2023-12-05 15:56:50.947] [info] Started D-reducibility check
[2023-12-05 15:56:51.011] [info] #1: Feasible / Total: 470862 / 5380840
[2023-12-10 09:07:03.594] [info] #2: Feasible / Total: 761133 / 5380840
[2023-12-12 08:55:37.496] [info] #3: Feasible / Total: 1111583 / 5380840
[2023-12-13 21:59:41.097] [info] #4: Feasible / Total: 1599210 / 5380840
[2023-12-15 02:50:46.151] [info] #5: Feasible / Total: 2270530 / 5380840
[2023-12-16 05:15:59.633] [info] #6: Feasible / Total: 3236680 / 5380840
[2023-12-16 14:15:38.148] [info] #7: Feasible / Total: 4060374 / 5380840
[2023-12-16 14:47:58.447] [info] #8: Feasible / Total: 4162793 / 5380840
[2023-12-16 14:49:25.394] [info] #9: Feasible / Total: 4163223 / 5380840
[2023-12-16 14:50:43.514] [info] #9: Feasible / Total: 4163223 / 5380840
[2023-12-16 14:50:43.514] [info] Graph is not D-reducible.
[2023-12-16 14:50:45.714] [info] Started C-reducibility check
[2023-12-18 05:50:33.554] [info] Trying 341158 possible contractions
[2023-12-18 05:50:33.554] [info] [0/341158] Starting contraction of size 1
[2023-12-18 07:14:24.024] [info] [59/341158] Starting contraction of size 2
[2023-12-18 17:51:38.566] [info] All colors passed! Contracted: 18, 21
[2023-12-18 17:51:38.566] [info] Graph is C-reducible!
