[2023-12-05 15:26:55.965] [info] Kempe type: Toroidal
[2023-12-05 15:26:55.965] [info] Vertex size: 37, Edge size: 63, Ring size: 15
[2023-12-05 15:27:32.104] [info] Started D-reducibility check
[2023-12-05 15:27:32.104] [info] #1: Feasible / Total: 57854 / 597871
[2023-12-05 17:20:59.039] [info] #2: Feasible / Total: 82250 / 597871
[2023-12-05 18:25:40.404] [info] #3: Feasible / Total: 99352 / 597871
[2023-12-05 19:17:38.363] [info] #4: Feasible / Total: 110151 / 597871
[2023-12-05 20:03:09.119] [info] #5: Feasible / Total: 118215 / 597871
[2023-12-05 20:37:38.816] [info] #6: Feasible / Total: 125415 / 597871
[2023-12-05 21:09:54.902] [info] #7: Feasible / Total: 132633 / 597871
[2023-12-05 21:43:34.088] [info] #8: Feasible / Total: 140686 / 597871
[2023-12-05 22:26:45.599] [info] #9: Feasible / Total: 151009 / 597871
[2023-12-05 23:32:09.197] [info] #10: Feasible / Total: 166586 / 597871
[2023-12-06 00:51:55.589] [info] #11: Feasible / Total: 188345 / 597871
[2023-12-06 02:14:41.203] [info] #12: Feasible / Total: 214917 / 597871
[2023-12-06 03:44:32.521] [info] #13: Feasible / Total: 252132 / 597871
[2023-12-06 05:13:15.233] [info] #14: Feasible / Total: 293967 / 597871
[2023-12-06 06:40:31.355] [info] #15: Feasible / Total: 336248 / 597871
[2023-12-06 07:49:38.297] [info] #16: Feasible / Total: 373660 / 597871
[2023-12-06 08:48:25.322] [info] #17: Feasible / Total: 420723 / 597871
[2023-12-06 08:57:27.541] [info] #18: Feasible / Total: 440266 / 597871
[2023-12-06 08:58:30.307] [info] #19: Feasible / Total: 440271 / 597871
[2023-12-06 08:59:31.864] [info] #19: Feasible / Total: 440271 / 597871
[2023-12-06 08:59:31.864] [info] Graph is not D-reducible.
[2023-12-06 08:59:33.486] [info] Started C-reducibility check
[2023-12-06 12:41:24.935] [info] Trying 137217 possible contractions
[2023-12-06 12:41:24.935] [info] [0/137217] Starting contraction of size 1
[2023-12-06 13:01:42.812] [info] [48/137217] Starting contraction of size 2
[2023-12-06 18:59:23.378] [info] [1095/137217] Starting contraction of size 3
[2023-12-08 14:42:54.059] [info] [14868/137217] Starting contraction of size 4
[2023-12-12 15:03:34.136] [info] All colors passed! Contracted: 18, 21, 37, 54
[2023-12-12 15:03:34.136] [info] Graph is C-reducible!
