[2023-11-28 12:53:30.052] [info] Kempe type: Toroidal
[2023-11-28 12:53:30.062] [info] Vertex size: 31, Edge size: 53, Ring size: 13
[2023-11-28 12:53:31.179] [info] Started D-reducibility check
[2023-11-28 12:53:31.179] [info] #1: Feasible / Total: 9889 / 66430
[2023-11-28 12:54:26.593] [info] #2: Feasible / Total: 11835 / 66430
[2023-11-28 12:54:44.678] [info] #3: Feasible / Total: 12944 / 66430
[2023-11-28 12:54:57.731] [info] #4: Feasible / Total: 13939 / 66430
[2023-11-28 12:55:09.121] [info] #5: Feasible / Total: 14974 / 66430
[2023-11-28 12:55:23.897] [info] #6: Feasible / Total: 16296 / 66430
[2023-11-28 12:55:41.743] [info] #7: Feasible / Total: 18262 / 66430
[2023-11-28 12:56:06.410] [info] #8: Feasible / Total: 21716 / 66430
[2023-11-28 12:56:43.255] [info] #9: Feasible / Total: 27914 / 66430
[2023-11-28 12:57:16.503] [info] #10: Feasible / Total: 34452 / 66430
[2023-11-28 12:58:00.165] [info] #11: Feasible / Total: 43229 / 66430
[2023-11-28 12:58:36.602] [info] #12: Feasible / Total: 56406 / 66430
[2023-11-28 12:58:39.568] [info] #13: Feasible / Total: 57870 / 66430
[2023-11-28 12:58:39.870] [info] #13: Feasible / Total: 57870 / 66430
[2023-11-28 12:58:39.870] [info] Graph is not D-reducible.
[2023-11-28 12:58:39.911] [info] Started C-reducibility check
[2023-11-28 13:00:34.409] [info] Trying 8127841 possible contractions
[2023-11-28 13:00:34.409] [info] [0/8127841] Starting contraction of size 1
[2023-11-28 13:00:57.163] [info] [40/8127841] Starting contraction of size 2
[2023-11-28 13:03:46.979] [info] All colors passed! Contracted: 18, 46
[2023-11-28 13:03:46.979] [info] Graph is C-reducible!
