[2024-09-07 11:35:20.987] [info] Kempe type: Toroidal
[2024-09-07 11:35:20.987] [info] Vertex size: 31, Edge size: 53, Ring size: 13
[2024-09-07 11:35:21.237] [info] Started D-reducibility check
[2024-09-07 11:35:21.237] [info] #1: Feasible / Total: 10280 / 66430
[2024-09-07 11:35:33.187] [info] #2: Feasible / Total: 14206 / 66430
[2024-09-07 11:35:39.702] [info] #3: Feasible / Total: 16866 / 66430
[2024-09-07 11:35:46.391] [info] #4: Feasible / Total: 20987 / 66430
[2024-09-07 11:35:54.436] [info] #5: Feasible / Total: 27918 / 66430
[2024-09-07 11:36:01.076] [info] #6: Feasible / Total: 34736 / 66430
[2024-09-07 11:36:04.092] [info] #7: Feasible / Total: 37078 / 66430
[2024-09-07 11:36:05.494] [info] #8: Feasible / Total: 38179 / 66430
[2024-09-07 11:36:05.966] [info] #9: Feasible / Total: 38552 / 66430
[2024-09-07 11:36:06.157] [info] #10: Feasible / Total: 38561 / 66430
[2024-09-07 11:36:06.334] [info] #10: Feasible / Total: 38561 / 66430
[2024-09-07 11:36:06.334] [info] Graph is not D-reducible.
[2024-09-07 11:36:06.341] [info] Started C-reducibility check
[2024-09-07 11:36:16.334] [info] Trying 8130414 possible contractions
[2024-09-07 11:36:16.334] [info] [0/8130414] Starting contraction of size 1
[2024-09-07 11:36:17.702] [info] All colors passed! Contracted: 19
[2024-09-07 11:36:17.702] [info] Graph is C-reducible!
