[2024-02-26 16:58:16.167] [info] Kempe type: Toroidal
[2024-02-26 16:58:16.168] [info] Vertex size: 37, Edge size: 62, Ring size: 13
[2024-02-26 16:58:20.195] [info] Started D-reducibility check
[2024-02-26 16:58:20.195] [info] #1: Feasible / Total: 14036 / 66430
[2024-02-26 16:59:04.397] [info] #2: Feasible / Total: 21253 / 66430
[2024-02-26 16:59:24.463] [info] #3: Feasible / Total: 26805 / 66430
[2024-02-26 16:59:45.439] [info] #4: Feasible / Total: 32698 / 66430
[2024-02-26 16:59:59.277] [info] #5: Feasible / Total: 39676 / 66430
[2024-02-26 17:00:01.268] [info] #6: Feasible / Total: 41150 / 66430
[2024-02-26 17:00:01.667] [info] #7: Feasible / Total: 41152 / 66430
[2024-02-26 17:00:02.065] [info] #7: Feasible / Total: 41152 / 66430
[2024-02-26 17:00:02.065] [info] Graph is not D-reducible.
[2024-02-26 17:00:02.100] [info] Started C-reducibility check
[2024-02-26 17:03:47.933] [info] Trying 64946630 possible contractions
[2024-02-26 17:03:47.933] [info] [0/64946630] Starting contraction of size 1
[2024-02-26 17:05:06.417] [info] [49/64946630] Starting contraction of size 2
[2024-02-26 17:24:35.839] [info] [1140/64946630] Starting contraction of size 3
[2024-02-26 20:17:22.744] [info] [15789/64946630] Starting contraction of size 4
[2024-02-27 01:19:05.306] [info] All colors passed! Contracted: 19, 36, 38, 45
[2024-02-27 01:19:05.307] [info] Graph is C-reducible!
