[2023-12-05 15:26:59.954] [info] Kempe type: Toroidal
[2023-12-05 15:26:59.954] [info] Vertex size: 37, Edge size: 63, Ring size: 15
[2023-12-05 15:27:41.525] [info] Started D-reducibility check
[2023-12-05 15:27:41.525] [info] #1: Feasible / Total: 60322 / 597871
[2023-12-05 17:23:25.401] [info] #2: Feasible / Total: 75212 / 597871
[2023-12-05 18:04:17.005] [info] #3: Feasible / Total: 83232 / 597871
[2023-12-05 18:30:26.072] [info] #4: Feasible / Total: 87384 / 597871
[2023-12-05 18:49:57.850] [info] #5: Feasible / Total: 90476 / 597871
[2023-12-05 19:05:18.380] [info] #6: Feasible / Total: 93140 / 597871
[2023-12-05 19:22:23.756] [info] #7: Feasible / Total: 96026 / 597871
[2023-12-05 19:41:13.610] [info] #8: Feasible / Total: 99480 / 597871
[2023-12-05 20:00:28.031] [info] #9: Feasible / Total: 103744 / 597871
[2023-12-05 20:22:24.794] [info] #10: Feasible / Total: 109124 / 597871
[2023-12-05 20:48:50.589] [info] #11: Feasible / Total: 115734 / 597871
[2023-12-05 21:15:45.790] [info] #12: Feasible / Total: 123642 / 597871
[2023-12-05 21:48:04.119] [info] #13: Feasible / Total: 133856 / 597871
[2023-12-05 22:24:39.884] [info] #14: Feasible / Total: 145835 / 597871
[2023-12-05 23:03:04.588] [info] #15: Feasible / Total: 159166 / 597871
[2023-12-05 23:49:22.434] [info] #16: Feasible / Total: 173909 / 597871
[2023-12-06 00:37:21.476] [info] #17: Feasible / Total: 189470 / 597871
[2023-12-06 01:32:45.048] [info] #18: Feasible / Total: 207752 / 597871
[2023-12-06 02:35:14.827] [info] #19: Feasible / Total: 232293 / 597871
[2023-12-06 03:46:48.739] [info] #20: Feasible / Total: 262675 / 597871
[2023-12-06 04:49:04.245] [info] #21: Feasible / Total: 292636 / 597871
[2023-12-06 05:29:37.064] [info] #22: Feasible / Total: 312603 / 597871
[2023-12-06 05:51:55.192] [info] #23: Feasible / Total: 322755 / 597871
[2023-12-06 06:04:11.147] [info] #24: Feasible / Total: 327614 / 597871
[2023-12-06 06:08:25.754] [info] #25: Feasible / Total: 328877 / 597871
[2023-12-06 06:10:19.901] [info] #26: Feasible / Total: 329071 / 597871
[2023-12-06 06:11:55.170] [info] #27: Feasible / Total: 329075 / 597871
[2023-12-06 06:13:27.724] [info] #27: Feasible / Total: 329075 / 597871
[2023-12-06 06:13:27.724] [info] Graph is not D-reducible.
[2023-12-06 06:13:29.247] [info] Started C-reducibility check
[2023-12-06 09:47:51.760] [info] Trying 137253 possible contractions
[2023-12-06 09:47:51.760] [info] [0/137253] Starting contraction of size 1
[2023-12-06 09:48:23.936] [info] All colors passed! Contracted: 32
[2023-12-06 09:48:23.936] [info] Graph is C-reducible!
