[2024-07-30 10:19:31.672] [info] Kempe type: Toroidal
[2024-07-30 10:19:31.672] [info] Vertex size: 37, Edge size: 63, Ring size: 15
[2024-07-30 10:19:35.200] [info] Started D-reducibility check
[2024-07-30 10:19:35.200] [info] #1: Feasible / Total: 62708 / 597871
[2024-07-30 10:31:39.938] [info] #2: Feasible / Total: 96446 / 597871
[2024-07-30 10:37:13.100] [info] #3: Feasible / Total: 116856 / 597871
[2024-07-30 10:41:15.960] [info] #4: Feasible / Total: 132676 / 597871
[2024-07-30 10:45:09.678] [info] #5: Feasible / Total: 146905 / 597871
[2024-07-30 10:49:37.524] [info] #6: Feasible / Total: 162017 / 597871
[2024-07-30 10:54:17.449] [info] #7: Feasible / Total: 179087 / 597871
[2024-07-30 10:58:45.841] [info] #8: Feasible / Total: 198703 / 597871
[2024-07-30 11:01:51.505] [info] #9: Feasible / Total: 215612 / 597871
[2024-07-30 11:03:37.719] [info] #10: Feasible / Total: 226905 / 597871
[2024-07-30 11:04:38.235] [info] #11: Feasible / Total: 234277 / 597871
[2024-07-30 11:05:36.913] [info] #12: Feasible / Total: 239465 / 597871
[2024-07-30 11:06:38.814] [info] #13: Feasible / Total: 243070 / 597871
[2024-07-30 11:07:29.096] [info] #14: Feasible / Total: 245803 / 597871
[2024-07-30 11:08:17.664] [info] #15: Feasible / Total: 249001 / 597871
[2024-07-30 11:09:07.025] [info] #16: Feasible / Total: 252343 / 597871
[2024-07-30 11:10:17.638] [info] #17: Feasible / Total: 256955 / 597871
[2024-07-30 11:11:52.519] [info] #18: Feasible / Total: 262713 / 597871
[2024-07-30 11:13:42.582] [info] #19: Feasible / Total: 270846 / 597871
[2024-07-30 11:15:31.752] [info] #20: Feasible / Total: 279456 / 597871
[2024-07-30 11:16:42.514] [info] #21: Feasible / Total: 285614 / 597871
[2024-07-30 11:17:21.091] [info] #22: Feasible / Total: 290015 / 597871
[2024-07-30 11:17:37.226] [info] #23: Feasible / Total: 291897 / 597871
[2024-07-30 11:17:46.114] [info] #24: Feasible / Total: 292563 / 597871
[2024-07-30 11:17:52.544] [info] #25: Feasible / Total: 292889 / 597871
[2024-07-30 11:17:57.886] [info] #26: Feasible / Total: 292997 / 597871
[2024-07-30 11:18:02.750] [info] #27: Feasible / Total: 293063 / 597871
[2024-07-30 11:18:07.747] [info] #28: Feasible / Total: 293166 / 597871
[2024-07-30 11:18:12.842] [info] #29: Feasible / Total: 293171 / 597871
[2024-07-30 11:18:17.909] [info] #29: Feasible / Total: 293171 / 597871
[2024-07-30 11:18:17.909] [info] Graph is not D-reducible.
[2024-07-30 11:18:17.986] [info] Started C-reducibility check
[2024-07-30 11:20:10.648] [info] Trying 55506222 possible contractions
[2024-07-30 11:20:10.648] [info] [0/55506222] Starting contraction of size 1
[2024-07-30 11:21:31.701] [info] All colors passed! Contracted: 26
[2024-07-30 11:21:31.701] [info] Graph is C-reducible!
