[2023-11-17 00:34:17.066] [info] Kempe type: Toroidal
[2023-11-17 00:34:17.087] [info] Vertex size: 35, Edge size: 60, Ring size: 15
[2023-11-17 00:35:06.681] [info] Started D-reducibility check
[2023-11-17 00:35:06.722] [info] #1: Feasible / Total: 55346 / 597871
[2023-11-17 03:53:13.735] [info] #2: Feasible / Total: 80753 / 597871
[2023-11-17 05:01:57.916] [info] #3: Feasible / Total: 93850 / 597871
[2023-11-17 05:41:59.870] [info] #4: Feasible / Total: 101996 / 597871
[2023-11-17 06:18:44.838] [info] #5: Feasible / Total: 109701 / 597871
[2023-11-17 06:55:49.310] [info] #6: Feasible / Total: 117939 / 597871
[2023-11-17 07:38:22.367] [info] #7: Feasible / Total: 127750 / 597871
[2023-11-17 08:26:38.954] [info] #8: Feasible / Total: 140155 / 597871
[2023-11-17 09:19:27.878] [info] #9: Feasible / Total: 156439 / 597871
[2023-11-17 10:22:46.784] [info] #10: Feasible / Total: 178806 / 597871
[2023-11-17 11:38:46.952] [info] #11: Feasible / Total: 210563 / 597871
[2023-11-17 13:11:39.103] [info] #12: Feasible / Total: 254818 / 597871
[2023-11-17 15:09:42.030] [info] #13: Feasible / Total: 314716 / 597871
[2023-11-17 16:59:59.024] [info] #14: Feasible / Total: 382588 / 597871
[2023-11-17 17:59:52.925] [info] #15: Feasible / Total: 438145 / 597871
[2023-11-17 18:16:02.601] [info] #16: Feasible / Total: 458448 / 597871
[2023-11-17 18:17:41.619] [info] #17: Feasible / Total: 459097 / 597871
[2023-11-17 18:18:15.208] [info] #18: Feasible / Total: 459109 / 597871
[2023-11-17 18:18:48.158] [info] #18: Feasible / Total: 459109 / 597871
[2023-11-17 18:18:48.166] [info] Graph is not D-reducible.
[2023-11-17 18:18:55.023] [info] Started C-reducibility check
[2023-11-17 19:11:53.056] [info] Trying 28949251 possible contractions
[2023-11-17 19:11:53.094] [info] [0/28949251] Starting contraction of size 1
[2023-11-17 19:29:44.159] [info] [45/28949251] Starting contraction of size 2
[2023-11-18 00:21:44.081] [info] [960/28949251] Starting contraction of size 3
[2023-11-19 18:18:25.095] [info] [12111/28949251] Starting contraction of size 4
[2023-11-20 09:50:35.329] [info] All colors passed! Contracted: 16, 25, 26, 52
[2023-11-20 09:50:35.359] [info] Graph is C-reducible!
