[2024-04-14 16:26:52.487] [info] Kempe type: Toroidal
[2024-04-14 16:26:52.488] [info] Vertex size: 34, Edge size: 58, Ring size: 14
[2024-04-14 16:26:52.993] [info] Started D-reducibility check
[2024-04-14 16:26:52.993] [info] #1: Feasible / Total: 25370 / 199291
[2024-04-14 16:29:00.594] [info] #2: Feasible / Total: 36457 / 199291
[2024-04-14 16:29:39.948] [info] #3: Feasible / Total: 43744 / 199291
[2024-04-14 16:30:08.262] [info] #4: Feasible / Total: 49400 / 199291
[2024-04-14 16:30:43.898] [info] #5: Feasible / Total: 56533 / 199291
[2024-04-14 16:31:36.108] [info] #6: Feasible / Total: 68863 / 199291
[2024-04-14 16:32:36.328] [info] #7: Feasible / Total: 87499 / 199291
[2024-04-14 16:33:31.913] [info] #8: Feasible / Total: 107545 / 199291
[2024-04-14 16:34:23.234] [info] #9: Feasible / Total: 126934 / 199291
[2024-04-14 16:34:49.452] [info] #10: Feasible / Total: 144402 / 199291
[2024-04-14 16:34:53.832] [info] #11: Feasible / Total: 148367 / 199291
[2024-04-14 16:34:54.453] [info] #12: Feasible / Total: 148446 / 199291
[2024-04-14 16:34:54.965] [info] #13: Feasible / Total: 148447 / 199291
[2024-04-14 16:34:55.474] [info] #13: Feasible / Total: 148447 / 199291
[2024-04-14 16:34:55.474] [info] Graph is not D-reducible.
[2024-04-14 16:34:55.497] [info] Started C-reducibility check
[2024-04-14 16:35:32.040] [info] Trying 22306078 possible contractions
[2024-04-14 16:35:32.040] [info] [0/22306078] Starting contraction of size 1
[2024-04-14 16:35:33.178] [info] All colors passed! Contracted: 39
[2024-04-14 16:35:33.178] [info] Graph is C-reducible!
