[2024-10-19 12:34:45.893] [info] Kempe type: Toroidal
[2024-10-19 12:34:45.893] [info] Vertex size: 36, Edge size: 61, Ring size: 14
[2024-10-19 12:34:55.503] [info] Started D-reducibility check
[2024-10-19 12:34:55.503] [info] #1: Feasible / Total: 27133 / 199291
[2024-10-19 12:44:49.875] [info] #2: Feasible / Total: 40826 / 199291
[2024-10-19 12:48:53.523] [info] #3: Feasible / Total: 50564 / 199291
[2024-10-19 12:54:12.420] [info] #4: Feasible / Total: 63999 / 199291
[2024-10-19 13:00:23.316] [info] #5: Feasible / Total: 85493 / 199291
[2024-10-19 13:06:11.167] [info] #6: Feasible / Total: 115531 / 199291
[2024-10-19 13:08:34.521] [info] #7: Feasible / Total: 134109 / 199291
[2024-10-19 13:09:02.486] [info] #8: Feasible / Total: 137817 / 199291
[2024-10-19 13:09:14.243] [info] #9: Feasible / Total: 139692 / 199291
[2024-10-19 13:09:17.820] [info] #10: Feasible / Total: 139771 / 199291
[2024-10-19 13:09:20.463] [info] #10: Feasible / Total: 139771 / 199291
[2024-10-19 13:09:20.463] [info] Graph is not D-reducible.
[2024-10-19 13:09:20.535] [info] Started C-reducibility check
[2024-10-19 13:09:55.071] [info] Trying 3905500 possible contractions
[2024-10-19 13:09:55.071] [info] [0/3905500] Starting contraction of size 1
[2024-10-19 13:10:42.979] [info] All colors passed! Contracted: 49
[2024-10-19 13:10:42.980] [info] Graph is C-reducible!
