[2023-11-16 14:26:43.888] [info] Kempe type: Toroidal
[2023-11-16 14:26:43.888] [info] Vertex size: 34, Edge size: 57, Ring size: 12
[2023-11-16 14:26:46.487] [info] Started D-reducibility check
[2023-11-16 14:26:46.506] [info] #1: Feasible / Total: 5540 / 22144
[2023-11-16 14:27:19.315] [info] #2: Feasible / Total: 8046 / 22144
[2023-11-16 14:27:28.157] [info] #3: Feasible / Total: 9699 / 22144
[2023-11-16 14:27:31.071] [info] #4: Feasible / Total: 10248 / 22144
[2023-11-16 14:27:33.072] [info] #5: Feasible / Total: 10447 / 22144
[2023-11-16 14:27:34.433] [info] #6: Feasible / Total: 10585 / 22144
[2023-11-16 14:27:37.112] [info] #7: Feasible / Total: 10777 / 22144
[2023-11-16 14:27:39.272] [info] #8: Feasible / Total: 11028 / 22144
[2023-11-16 14:27:41.432] [info] #9: Feasible / Total: 11231 / 22144
[2023-11-16 14:27:42.913] [info] #10: Feasible / Total: 11484 / 22144
[2023-11-16 14:27:45.399] [info] #11: Feasible / Total: 11827 / 22144
[2023-11-16 14:27:49.906] [info] #12: Feasible / Total: 12515 / 22144
[2023-11-16 14:27:53.251] [info] #13: Feasible / Total: 13495 / 22144
[2023-11-16 14:27:55.697] [info] #14: Feasible / Total: 14654 / 22144
[2023-11-16 14:27:56.377] [info] #15: Feasible / Total: 14890 / 22144
[2023-11-16 14:27:56.739] [info] #15: Feasible / Total: 14890 / 22144
[2023-11-16 14:27:56.739] [info] Graph is not D-reducible.
[2023-11-16 14:27:56.742] [info] Started C-reducibility check
[2023-11-16 14:49:08.780] [info] Trying 26355297 possible contractions
[2023-11-16 14:49:08.780] [info] [0/26355297] Starting contraction of size 1
[2023-11-16 14:49:10.501] [info] All colors passed! Contracted: 33
[2023-11-16 14:49:10.501] [info] Graph is C-reducible!
