[2023-12-05 15:26:51.249] [info] Kempe type: Toroidal
[2023-12-05 15:26:51.249] [info] Vertex size: 36, Edge size: 61, Ring size: 14
[2023-12-05 15:27:11.187] [info] Started D-reducibility check
[2023-12-05 15:27:11.187] [info] #1: Feasible / Total: 29902 / 199291
[2023-12-05 16:06:03.477] [info] #2: Feasible / Total: 43957 / 199291
[2023-12-05 16:28:06.404] [info] #3: Feasible / Total: 56541 / 199291
[2023-12-05 16:50:57.782] [info] #4: Feasible / Total: 71724 / 199291
[2023-12-05 17:18:56.877] [info] #5: Feasible / Total: 94784 / 199291
[2023-12-05 17:41:54.099] [info] #6: Feasible / Total: 121948 / 199291
[2023-12-05 17:47:29.875] [info] #7: Feasible / Total: 131248 / 199291
[2023-12-05 17:52:18.048] [info] #8: Feasible / Total: 135643 / 199291
[2023-12-05 18:00:43.246] [info] #9: Feasible / Total: 146622 / 199291
[2023-12-05 18:12:26.718] [info] #10: Feasible / Total: 168210 / 199291
[2023-12-05 18:14:57.224] [info] #11: Feasible / Total: 176154 / 199291
[2023-12-05 18:15:06.620] [info] #12: Feasible / Total: 176161 / 199291
[2023-12-05 18:15:14.494] [info] #12: Feasible / Total: 176161 / 199291
[2023-12-05 18:15:14.494] [info] Graph is not D-reducible.
[2023-12-05 18:15:15.065] [info] Started C-reducibility check
[2023-12-05 21:03:34.233] [info] Trying 124379 possible contractions
[2023-12-05 21:03:34.233] [info] [0/124379] Starting contraction of size 1
[2023-12-05 21:05:52.603] [info] All colors passed! Contracted: 29
[2023-12-05 21:05:52.604] [info] Graph is C-reducible!
