[2024-10-19 11:31:24.962] [info] Kempe type: Toroidal
[2024-10-19 11:31:24.962] [info] Vertex size: 37, Edge size: 63, Ring size: 15
[2024-10-19 11:31:35.304] [info] Started D-reducibility check
[2024-10-19 11:31:35.304] [info] #1: Feasible / Total: 66410 / 597871
[2024-10-19 12:20:38.987] [info] #2: Feasible / Total: 92432 / 597871
[2024-10-19 12:36:13.094] [info] #3: Feasible / Total: 108276 / 597871
[2024-10-19 12:57:18.198] [info] #4: Feasible / Total: 123356 / 597871
[2024-10-19 13:25:29.806] [info] #5: Feasible / Total: 143238 / 597871
[2024-10-19 14:08:23.432] [info] #6: Feasible / Total: 172190 / 597871
[2024-10-19 14:51:18.002] [info] #7: Feasible / Total: 218252 / 597871
[2024-10-19 16:43:03.964] [info] #8: Feasible / Total: 306736 / 597871
[2024-10-19 18:14:48.487] [info] #9: Feasible / Total: 447035 / 597871
[2024-10-19 18:48:59.812] [info] #10: Feasible / Total: 561943 / 597871
[2024-10-19 18:51:27.951] [info] #11: Feasible / Total: 576873 / 597871
[2024-10-19 18:51:29.721] [info] #12: Feasible / Total: 576879 / 597871
[2024-10-19 18:51:31.187] [info] #12: Feasible / Total: 576879 / 597871
[2024-10-19 18:51:31.187] [info] Graph is not D-reducible.
[2024-10-19 18:51:31.647] [info] Started C-reducibility check
[2024-10-19 18:52:16.212] [info] Trying 4609744 possible contractions
[2024-10-19 18:52:16.212] [info] [0/4609744] Starting contraction of size 1
[2024-10-19 18:53:00.427] [info] All colors passed! Contracted: 28
[2024-10-19 18:53:00.428] [info] Graph is C-reducible!
