[2024-03-26 14:05:16.908] [info] Kempe type: Toroidal
[2024-03-26 14:05:16.908] [info] Vertex size: 35, Edge size: 60, Ring size: 15
[2024-03-26 14:05:19.898] [info] Started D-reducibility check
[2024-03-26 14:05:19.899] [info] #1: Feasible / Total: 56191 / 597871
[2024-03-26 14:11:07.212] [info] #2: Feasible / Total: 70187 / 597871
[2024-03-26 14:13:34.310] [info] #3: Feasible / Total: 75312 / 597871
[2024-03-26 14:14:41.239] [info] #4: Feasible / Total: 77955 / 597871
[2024-03-26 14:15:24.603] [info] #5: Feasible / Total: 79840 / 597871
[2024-03-26 14:16:00.454] [info] #6: Feasible / Total: 81343 / 597871
[2024-03-26 14:16:27.328] [info] #7: Feasible / Total: 82484 / 597871
[2024-03-26 14:16:53.371] [info] #8: Feasible / Total: 83553 / 597871
[2024-03-26 14:17:20.772] [info] #9: Feasible / Total: 84670 / 597871
[2024-03-26 14:17:47.197] [info] #10: Feasible / Total: 85747 / 597871
[2024-03-26 14:18:11.123] [info] #11: Feasible / Total: 86807 / 597871
[2024-03-26 14:18:39.865] [info] #12: Feasible / Total: 87821 / 597871
[2024-03-26 14:19:05.900] [info] #13: Feasible / Total: 88823 / 597871
[2024-03-26 14:19:36.306] [info] #14: Feasible / Total: 90171 / 597871
[2024-03-26 14:20:09.406] [info] #15: Feasible / Total: 91589 / 597871
[2024-03-26 14:20:45.152] [info] #16: Feasible / Total: 93333 / 597871
[2024-03-26 14:21:23.600] [info] #17: Feasible / Total: 95279 / 597871
[2024-03-26 14:22:05.005] [info] #18: Feasible / Total: 97369 / 597871
[2024-03-26 14:22:52.687] [info] #19: Feasible / Total: 99807 / 597871
[2024-03-26 14:23:48.558] [info] #20: Feasible / Total: 103043 / 597871
[2024-03-26 14:25:00.423] [info] #21: Feasible / Total: 107803 / 597871
[2024-03-26 14:26:42.343] [info] #22: Feasible / Total: 115731 / 597871
[2024-03-26 14:29:23.303] [info] #23: Feasible / Total: 128453 / 597871
[2024-03-26 14:33:07.463] [info] #24: Feasible / Total: 149044 / 597871
[2024-03-26 14:38:29.208] [info] #25: Feasible / Total: 182236 / 597871
[2024-03-26 14:46:53.898] [info] #26: Feasible / Total: 238149 / 597871
[2024-03-26 15:01:05.079] [info] #27: Feasible / Total: 344087 / 597871
[2024-03-26 15:12:36.623] [info] #28: Feasible / Total: 522398 / 597871
[2024-03-26 15:14:09.010] [info] #29: Feasible / Total: 573712 / 597871
[2024-03-26 15:14:09.462] [info] #30: Feasible / Total: 573727 / 597871
[2024-03-26 15:14:09.788] [info] #30: Feasible / Total: 573727 / 597871
[2024-03-26 15:14:09.788] [info] Graph is not D-reducible.
[2024-03-26 15:14:09.870] [info] Started C-reducibility check
[2024-03-26 15:14:54.298] [info] Trying 28945097 possible contractions
[2024-03-26 15:14:54.298] [info] [0/28945097] Starting contraction of size 1
[2024-03-26 15:14:55.817] [info] All colors passed! Contracted: 49
[2024-03-26 15:14:55.817] [info] Graph is C-reducible!
