[2024-07-13 15:46:19.661] [info] Kempe type: Toroidal
[2024-07-13 15:46:19.661] [info] Vertex size: 34, Edge size: 58, Ring size: 14
[2024-07-13 15:46:21.270] [info] Started D-reducibility check
[2024-07-13 15:46:21.270] [info] #1: Feasible / Total: 25820 / 199291
[2024-07-13 15:49:03.225] [info] #2: Feasible / Total: 38587 / 199291
[2024-07-13 15:50:04.274] [info] #3: Feasible / Total: 46392 / 199291
[2024-07-13 15:50:56.193] [info] #4: Feasible / Total: 54459 / 199291
[2024-07-13 15:51:51.829] [info] #5: Feasible / Total: 66496 / 199291
[2024-07-13 15:53:00.611] [info] #6: Feasible / Total: 85027 / 199291
[2024-07-13 15:54:18.924] [info] #7: Feasible / Total: 108568 / 199291
[2024-07-13 15:54:53.757] [info] #8: Feasible / Total: 123267 / 199291
[2024-07-13 15:55:00.474] [info] #9: Feasible / Total: 124882 / 199291
[2024-07-13 15:55:02.532] [info] #10: Feasible / Total: 125042 / 199291
[2024-07-13 15:55:03.683] [info] #11: Feasible / Total: 125241 / 199291
[2024-07-13 15:55:04.680] [info] #12: Feasible / Total: 125463 / 199291
[2024-07-13 15:55:05.491] [info] #13: Feasible / Total: 125504 / 199291
[2024-07-13 15:55:06.277] [info] #13: Feasible / Total: 125504 / 199291
[2024-07-13 15:55:06.277] [info] Graph is not D-reducible.
[2024-07-13 15:55:06.299] [info] Started C-reducibility check
[2024-07-13 15:55:51.371] [info] Trying 22383241 possible contractions
[2024-07-13 15:55:51.371] [info] [0/22383241] Starting contraction of size 1
[2024-07-13 15:56:01.239] [info] All colors passed! Contracted: 50
[2024-07-13 15:56:01.239] [info] Graph is C-reducible!
