[2023-11-16 14:26:43.960] [info] Kempe type: Toroidal
[2023-11-16 14:26:43.960] [info] Vertex size: 28, Edge size: 48, Ring size: 12
[2023-11-16 14:26:44.869] [info] Started D-reducibility check
[2023-11-16 14:26:44.869] [info] #1: Feasible / Total: 3991 / 22144
[2023-11-16 14:27:13.851] [info] #2: Feasible / Total: 4988 / 22144
[2023-11-16 14:27:18.411] [info] #3: Feasible / Total: 5374 / 22144
[2023-11-16 14:27:22.009] [info] #4: Feasible / Total: 5825 / 22144
[2023-11-16 14:27:27.852] [info] #5: Feasible / Total: 6508 / 22144
[2023-11-16 14:27:34.734] [info] #6: Feasible / Total: 7514 / 22144
[2023-11-16 14:27:41.414] [info] #7: Feasible / Total: 8670 / 22144
[2023-11-16 14:27:45.452] [info] #8: Feasible / Total: 9381 / 22144
[2023-11-16 14:27:49.793] [info] #9: Feasible / Total: 9943 / 22144
[2023-11-16 14:27:54.185] [info] #10: Feasible / Total: 10596 / 22144
[2023-11-16 14:27:58.785] [info] #11: Feasible / Total: 11342 / 22144
[2023-11-16 14:28:01.553] [info] #12: Feasible / Total: 11779 / 22144
[2023-11-16 14:28:02.487] [info] #13: Feasible / Total: 11830 / 22144
[2023-11-16 14:28:02.988] [info] #14: Feasible / Total: 11839 / 22144
[2023-11-16 14:28:03.487] [info] #15: Feasible / Total: 11840 / 22144
[2023-11-16 14:28:03.957] [info] #15: Feasible / Total: 11840 / 22144
[2023-11-16 14:28:03.958] [info] Graph is not D-reducible.
[2023-11-16 14:28:03.992] [info] Started C-reducibility check
[2023-11-16 14:28:47.723] [info] Trying 2640827 possible contractions
[2023-11-16 14:28:47.723] [info] [0/2640827] Starting contraction of size 1
[2023-11-16 14:28:48.685] [info] All colors passed! Contracted: 36
[2023-11-16 14:28:48.685] [info] Graph is C-reducible!
