[2024-06-21 15:10:07.784] [info] Kempe type: Toroidal
[2024-06-21 15:10:07.785] [info] Vertex size: 40, Edge size: 68, Ring size: 16
[2024-06-21 15:10:18.505] [info] Started D-reducibility check
[2024-06-21 15:10:18.505] [info] #1: Feasible / Total: 159507 / 1793614
[2024-06-21 18:44:57.376] [info] #2: Feasible / Total: 269609 / 1793614
[2024-06-21 20:19:02.654] [info] #3: Feasible / Total: 340578 / 1793614
[2024-06-21 21:42:33.146] [info] #4: Feasible / Total: 411757 / 1793614
[2024-06-21 23:19:51.651] [info] #5: Feasible / Total: 496940 / 1793614
[2024-06-22 01:04:32.512] [info] #6: Feasible / Total: 597745 / 1793614
[2024-06-22 02:55:56.733] [info] #7: Feasible / Total: 722549 / 1793614
[2024-06-22 04:46:19.970] [info] #8: Feasible / Total: 864309 / 1793614
[2024-06-22 06:19:18.904] [info] #9: Feasible / Total: 992818 / 1793614
[2024-06-22 07:26:06.202] [info] #10: Feasible / Total: 1101401 / 1793614
[2024-06-22 07:48:01.415] [info] #11: Feasible / Total: 1143986 / 1793614
[2024-06-22 07:53:28.775] [info] #12: Feasible / Total: 1152534 / 1793614
[2024-06-22 07:54:18.353] [info] #13: Feasible / Total: 1153411 / 1793614
[2024-06-22 07:54:45.650] [info] #14: Feasible / Total: 1153480 / 1793614
[2024-06-22 07:55:15.810] [info] #15: Feasible / Total: 1153500 / 1793614
[2024-06-22 07:55:43.631] [info] #16: Feasible / Total: 1153504 / 1793614
[2024-06-22 07:56:08.077] [info] #16: Feasible / Total: 1153504 / 1793614
[2024-06-22 07:56:08.077] [info] Graph is not D-reducible.
[2024-06-22 07:56:09.110] [info] Started C-reducibility check
[2024-06-22 08:00:29.831] [info] Trying 127010451 possible contractions
[2024-06-22 08:00:29.831] [info] [0/127010451] Starting contraction of size 1
[2024-06-22 08:03:52.203] [info] All colors passed! Contracted: 54
[2024-06-22 08:03:52.203] [info] Graph is C-reducible!
