[2023-11-19 12:28:27.489] [info] Kempe type: Toroidal
[2023-11-19 12:28:27.514] [info] Vertex size: 28, Edge size: 48, Ring size: 12
[2023-11-19 12:28:27.980] [info] Started D-reducibility check
[2023-11-19 12:28:27.980] [info] #1: Feasible / Total: 3954 / 22144
[2023-11-19 12:28:57.376] [info] #2: Feasible / Total: 5191 / 22144
[2023-11-19 12:29:05.097] [info] #3: Feasible / Total: 5677 / 22144
[2023-11-19 12:29:10.281] [info] #4: Feasible / Total: 6157 / 22144
[2023-11-19 12:29:15.531] [info] #5: Feasible / Total: 6761 / 22144
[2023-11-19 12:29:21.576] [info] #6: Feasible / Total: 7617 / 22144
[2023-11-19 12:29:28.195] [info] #7: Feasible / Total: 8709 / 22144
[2023-11-19 12:29:36.136] [info] #8: Feasible / Total: 10330 / 22144
[2023-11-19 12:29:46.266] [info] #9: Feasible / Total: 12561 / 22144
[2023-11-19 12:29:52.812] [info] #10: Feasible / Total: 14643 / 22144
[2023-11-19 12:30:00.253] [info] #11: Feasible / Total: 17898 / 22144
[2023-11-19 12:30:01.453] [info] #12: Feasible / Total: 18616 / 22144
[2023-11-19 12:30:01.648] [info] #12: Feasible / Total: 18616 / 22144
[2023-11-19 12:30:01.648] [info] Graph is not D-reducible.
[2023-11-19 12:30:01.652] [info] Started C-reducibility check
[2023-11-19 12:31:16.068] [info] Trying 8156184 possible contractions
[2023-11-19 12:31:16.068] [info] [0/8156184] Starting contraction of size 1
[2023-11-19 12:31:19.889] [info] All colors passed! Contracted: 39
[2023-11-19 12:31:19.890] [info] Graph is C-reducible!
