[2023-11-17 00:32:43.712] [info] Kempe type: Toroidal
[2023-11-17 00:32:43.846] [info] Vertex size: 29, Edge size: 50, Ring size: 13
[2023-11-17 00:32:49.880] [info] Started D-reducibility check
[2023-11-17 00:32:49.886] [info] #1: Feasible / Total: 8116 / 66430
[2023-11-17 00:39:17.359] [info] #2: Feasible / Total: 11052 / 66430
[2023-11-17 00:41:36.449] [info] #3: Feasible / Total: 11854 / 66430
[2023-11-17 00:42:27.909] [info] #4: Feasible / Total: 12309 / 66430
[2023-11-17 00:43:29.590] [info] #5: Feasible / Total: 12551 / 66430
[2023-11-17 00:44:17.843] [info] #6: Feasible / Total: 12747 / 66430
[2023-11-17 00:44:57.015] [info] #7: Feasible / Total: 12950 / 66430
[2023-11-17 00:45:39.777] [info] #8: Feasible / Total: 13195 / 66430
[2023-11-17 00:46:24.642] [info] #9: Feasible / Total: 13428 / 66430
[2023-11-17 00:47:00.793] [info] #10: Feasible / Total: 13669 / 66430
[2023-11-17 00:47:37.599] [info] #11: Feasible / Total: 13872 / 66430
[2023-11-17 00:48:10.936] [info] #12: Feasible / Total: 14112 / 66430
[2023-11-17 00:48:14.055] [info] #13: Feasible / Total: 14481 / 66430
[2023-11-17 00:48:22.481] [info] #14: Feasible / Total: 15030 / 66430
[2023-11-17 00:49:26.958] [info] #15: Feasible / Total: 15804 / 66430
[2023-11-17 00:50:49.154] [info] #16: Feasible / Total: 16856 / 66430
[2023-11-17 00:52:19.380] [info] #17: Feasible / Total: 18271 / 66430
[2023-11-17 00:54:16.526] [info] #18: Feasible / Total: 20119 / 66430
[2023-11-17 00:56:45.653] [info] #19: Feasible / Total: 22555 / 66430
[2023-11-17 00:59:44.142] [info] #20: Feasible / Total: 26063 / 66430
[2023-11-17 01:03:36.544] [info] #21: Feasible / Total: 31001 / 66430
[2023-11-17 01:06:41.749] [info] #22: Feasible / Total: 36815 / 66430
[2023-11-17 01:09:02.180] [info] #23: Feasible / Total: 42136 / 66430
[2023-11-17 01:10:11.400] [info] #24: Feasible / Total: 45299 / 66430
[2023-11-17 01:11:03.702] [info] #25: Feasible / Total: 47060 / 66430
[2023-11-17 01:11:24.500] [info] #26: Feasible / Total: 47637 / 66430
[2023-11-17 01:11:29.528] [info] #27: Feasible / Total: 47645 / 66430
[2023-11-17 01:11:34.423] [info] #27: Feasible / Total: 47645 / 66430
[2023-11-17 01:11:34.426] [info] Graph is not D-reducible.
[2023-11-17 01:11:34.635] [info] Started C-reducibility check
[2023-11-17 01:15:31.198] [info] Trying 3656514 possible contractions
[2023-11-17 01:15:31.214] [info] [0/3656514] Starting contraction of size 1
[2023-11-17 01:16:08.010] [info] All colors passed! Contracted: 16
[2023-11-17 01:16:08.022] [info] Graph is C-reducible!
