[2023-12-05 15:25:32.570] [info] Kempe type: Toroidal
[2023-12-05 15:25:32.570] [info] Vertex size: 38, Edge size: 65, Ring size: 16
[2023-12-05 15:26:17.908] [info] Started D-reducibility check
[2023-12-05 15:26:17.908] [info] #1: Feasible / Total: 141397 / 1793614
[2023-12-06 14:23:29.635] [info] #2: Feasible / Total: 194136 / 1793614
[2023-12-06 20:25:53.650] [info] #3: Feasible / Total: 223550 / 1793614
[2023-12-06 23:43:14.921] [info] #4: Feasible / Total: 242731 / 1793614
[2023-12-07 01:43:34.727] [info] #5: Feasible / Total: 255685 / 1793614
[2023-12-07 03:34:32.573] [info] #6: Feasible / Total: 264417 / 1793614
[2023-12-07 04:59:39.120] [info] #7: Feasible / Total: 271654 / 1793614
[2023-12-07 06:18:08.731] [info] #8: Feasible / Total: 278173 / 1793614
[2023-12-07 07:37:58.882] [info] #9: Feasible / Total: 283881 / 1793614
[2023-12-07 08:48:46.031] [info] #10: Feasible / Total: 288649 / 1793614
[2023-12-07 09:59:21.438] [info] #11: Feasible / Total: 293174 / 1793614
[2023-12-07 11:04:02.800] [info] #12: Feasible / Total: 297504 / 1793614
[2023-12-07 12:08:47.243] [info] #13: Feasible / Total: 302174 / 1793614
[2023-12-07 13:30:51.630] [info] #14: Feasible / Total: 307549 / 1793614
[2023-12-07 14:49:52.630] [info] #15: Feasible / Total: 313840 / 1793614
[2023-12-07 15:58:23.178] [info] #16: Feasible / Total: 320622 / 1793614
[2023-12-07 17:11:01.916] [info] #17: Feasible / Total: 328327 / 1793614
[2023-12-07 18:35:37.903] [info] #18: Feasible / Total: 337179 / 1793614
[2023-12-07 20:05:34.996] [info] #19: Feasible / Total: 346758 / 1793614
[2023-12-07 21:33:42.497] [info] #20: Feasible / Total: 357101 / 1793614
[2023-12-07 23:19:34.434] [info] #21: Feasible / Total: 368727 / 1793614
[2023-12-08 01:33:06.106] [info] #22: Feasible / Total: 382548 / 1793614
[2023-12-08 03:58:50.323] [info] #23: Feasible / Total: 399465 / 1793614
[2023-12-08 06:35:04.047] [info] #24: Feasible / Total: 419406 / 1793614
[2023-12-08 09:08:19.173] [info] #25: Feasible / Total: 441639 / 1793614
[2023-12-08 11:50:48.633] [info] #26: Feasible / Total: 467449 / 1793614
[2023-12-08 15:01:30.808] [info] #27: Feasible / Total: 501094 / 1793614
[2023-12-08 19:07:06.764] [info] #28: Feasible / Total: 546126 / 1793614
[2023-12-08 23:48:41.290] [info] #29: Feasible / Total: 608088 / 1793614
[2023-12-09 05:02:14.019] [info] #30: Feasible / Total: 691636 / 1793614
[2023-12-09 11:08:36.446] [info] #31: Feasible / Total: 806991 / 1793614
[2023-12-09 18:03:21.329] [info] #32: Feasible / Total: 977848 / 1793614
[2023-12-09 23:29:11.222] [info] #33: Feasible / Total: 1190760 / 1793614
[2023-12-10 01:03:10.652] [info] #34: Feasible / Total: 1285918 / 1793614
[2023-12-10 01:06:14.189] [info] #35: Feasible / Total: 1287751 / 1793614
[2023-12-10 01:07:41.873] [info] #35: Feasible / Total: 1287751 / 1793614
[2023-12-10 01:07:41.873] [info] Graph is not D-reducible.
[2023-12-10 01:07:44.544] [info] Started C-reducibility check
[2023-12-10 03:18:18.872] [info] Trying 151083 possible contractions
[2023-12-10 03:18:18.872] [info] [0/151083] Starting contraction of size 1
[2023-12-10 03:19:10.479] [info] All colors passed! Contracted: 39
[2023-12-10 03:19:10.511] [info] Graph is C-reducible!
