[2024-06-10 21:15:13.643] [info] Kempe type: Toroidal
[2024-06-10 21:15:13.643] [info] Vertex size: 31, Edge size: 53, Ring size: 13
[2024-06-10 21:15:13.792] [info] Started D-reducibility check
[2024-06-10 21:15:13.792] [info] #1: Feasible / Total: 8992 / 66430
[2024-06-10 21:15:28.703] [info] #2: Feasible / Total: 13654 / 66430
[2024-06-10 21:15:37.064] [info] #3: Feasible / Total: 16185 / 66430
[2024-06-10 21:15:42.549] [info] #4: Feasible / Total: 18348 / 66430
[2024-06-10 21:15:46.943] [info] #5: Feasible / Total: 20327 / 66430
[2024-06-10 21:15:52.000] [info] #6: Feasible / Total: 22872 / 66430
[2024-06-10 21:15:58.579] [info] #7: Feasible / Total: 26991 / 66430
[2024-06-10 21:16:08.058] [info] #8: Feasible / Total: 32702 / 66430
[2024-06-10 21:16:18.737] [info] #9: Feasible / Total: 41578 / 66430
[2024-06-10 21:16:25.271] [info] #10: Feasible / Total: 48890 / 66430
[2024-06-10 21:16:26.663] [info] #11: Feasible / Total: 50610 / 66430
[2024-06-10 21:16:26.813] [info] #12: Feasible / Total: 50638 / 66430
[2024-06-10 21:16:26.985] [info] #12: Feasible / Total: 50638 / 66430
[2024-06-10 21:16:26.985] [info] Graph is not D-reducible.
[2024-06-10 21:16:26.993] [info] Started C-reducibility check
[2024-06-10 21:16:39.566] [info] Trying 8128642 possible contractions
[2024-06-10 21:16:39.566] [info] [0/8128642] Starting contraction of size 1
[2024-06-10 21:16:43.157] [info] [40/8128642] Starting contraction of size 2
[2024-06-10 21:17:42.479] [info] [753/8128642] Starting contraction of size 3
[2024-06-10 21:22:17.019] [info] All colors passed! Contracted: 16, 42, 52
[2024-06-10 21:22:17.019] [info] Graph is C-reducible!
