[2024-10-19 14:57:56.417] [info] Kempe type: Toroidal
[2024-10-19 14:57:56.417] [info] Vertex size: 33, Edge size: 56, Ring size: 13
[2024-10-19 14:58:03.767] [info] Started D-reducibility check
[2024-10-19 14:58:03.767] [info] #1: Feasible / Total: 11321 / 66430
[2024-10-19 15:01:22.749] [info] #2: Feasible / Total: 15213 / 66430
[2024-10-19 15:02:39.194] [info] #3: Feasible / Total: 17758 / 66430
[2024-10-19 15:04:04.664] [info] #4: Feasible / Total: 20994 / 66430
[2024-10-19 15:06:17.927] [info] #5: Feasible / Total: 27137 / 66430
[2024-10-19 15:08:45.493] [info] #6: Feasible / Total: 36803 / 66430
[2024-10-19 15:10:33.948] [info] #7: Feasible / Total: 47177 / 66430
[2024-10-19 15:11:08.887] [info] #8: Feasible / Total: 51888 / 66430
[2024-10-19 15:11:19.473] [info] #9: Feasible / Total: 52472 / 66430
[2024-10-19 15:11:21.188] [info] #10: Feasible / Total: 52474 / 66430
[2024-10-19 15:11:22.341] [info] #10: Feasible / Total: 52474 / 66430
[2024-10-19 15:11:22.341] [info] Graph is not D-reducible.
[2024-10-19 15:11:22.423] [info] Started C-reducibility check
[2024-10-19 15:12:00.364] [info] Trying 2026025 possible contractions
[2024-10-19 15:12:00.364] [info] [0/2026025] Starting contraction of size 1
[2024-10-19 15:13:27.763] [info] All colors passed! Contracted: 24
[2024-10-19 15:13:27.763] [info] Graph is C-reducible!
