[2023-11-16 13:19:33.464] [info] Kempe type: Toroidal
[2023-11-16 13:19:33.464] [info] Vertex size: 34, Edge size: 58, Ring size: 14
[2023-11-16 13:19:48.216] [info] Started D-reducibility check
[2023-11-16 13:19:48.216] [info] #1: Feasible / Total: 25921 / 199291
[2023-11-16 13:29:45.854] [info] #2: Feasible / Total: 46681 / 199291
[2023-11-16 13:33:51.889] [info] #3: Feasible / Total: 59946 / 199291
[2023-11-16 13:36:46.387] [info] #4: Feasible / Total: 69775 / 199291
[2023-11-16 13:40:02.876] [info] #5: Feasible / Total: 81246 / 199291
[2023-11-16 13:44:25.671] [info] #6: Feasible / Total: 100043 / 199291
[2023-11-16 13:50:38.999] [info] #7: Feasible / Total: 131754 / 199291
[2023-11-16 13:55:02.199] [info] #8: Feasible / Total: 162809 / 199291
[2023-11-16 13:55:45.335] [info] #9: Feasible / Total: 170213 / 199291
[2023-11-16 13:55:51.450] [info] #10: Feasible / Total: 170613 / 199291
[2023-11-16 13:55:53.208] [info] #11: Feasible / Total: 170620 / 199291
[2023-11-16 13:55:54.906] [info] #11: Feasible / Total: 170620 / 199291
[2023-11-16 13:55:54.906] [info] Graph is not D-reducible.
[2023-11-16 13:55:55.078] [info] Started C-reducibility check
[2023-11-16 14:08:37.347] [info] Trying 22386973 possible contractions
[2023-11-16 14:08:37.348] [info] [0/22386973] Starting contraction of size 1
[2023-11-16 14:09:14.950] [info] All colors passed! Contracted: 39
[2023-11-16 14:09:14.950] [info] Graph is C-reducible!
