[2023-11-16 13:18:54.384] [info] Kempe type: Toroidal
[2023-11-16 13:18:54.384] [info] Vertex size: 32, Edge size: 55, Ring size: 14
[2023-11-16 13:18:59.508] [info] Started D-reducibility check
[2023-11-16 13:18:59.508] [info] #1: Feasible / Total: 22651 / 199291
[2023-11-16 13:30:08.487] [info] #2: Feasible / Total: 34974 / 199291
[2023-11-16 13:33:36.883] [info] #3: Feasible / Total: 43291 / 199291
[2023-11-16 13:36:12.568] [info] #4: Feasible / Total: 52888 / 199291
[2023-11-16 13:39:27.773] [info] #5: Feasible / Total: 65645 / 199291
[2023-11-16 13:44:30.055] [info] #6: Feasible / Total: 88005 / 199291
[2023-11-16 13:53:55.815] [info] #7: Feasible / Total: 127856 / 199291
[2023-11-16 14:01:09.805] [info] #8: Feasible / Total: 180705 / 199291
[2023-11-16 14:01:35.091] [info] #9: Feasible / Total: 190317 / 199291
[2023-11-16 14:01:35.534] [info] #10: Feasible / Total: 190318 / 199291
[2023-11-16 14:01:36.009] [info] #10: Feasible / Total: 190318 / 199291
[2023-11-16 14:01:36.009] [info] Graph is not D-reducible.
[2023-11-16 14:01:36.171] [info] Started C-reducibility check
[2023-11-16 14:05:12.648] [info] Trying 10829389 possible contractions
[2023-11-16 14:05:12.648] [info] [0/10829389] Starting contraction of size 1
[2023-11-16 14:05:31.298] [info] All colors passed! Contracted: 35
[2023-11-16 14:05:31.298] [info] Graph is C-reducible!
