[2024-07-07 18:39:44.152] [info] Kempe type: Toroidal
[2024-07-07 18:39:44.152] [info] Vertex size: 31, Edge size: 53, Ring size: 13
[2024-07-07 18:39:44.375] [info] Started D-reducibility check
[2024-07-07 18:39:44.375] [info] #1: Feasible / Total: 8838 / 66430
[2024-07-07 18:39:53.739] [info] #2: Feasible / Total: 11701 / 66430
[2024-07-07 18:39:58.962] [info] #3: Feasible / Total: 13953 / 66430
[2024-07-07 18:40:03.892] [info] #4: Feasible / Total: 15838 / 66430
[2024-07-07 18:40:06.949] [info] #5: Feasible / Total: 16841 / 66430
[2024-07-07 18:40:09.010] [info] #6: Feasible / Total: 17586 / 66430
[2024-07-07 18:40:11.001] [info] #7: Feasible / Total: 18309 / 66430
[2024-07-07 18:40:13.005] [info] #8: Feasible / Total: 18978 / 66430
[2024-07-07 18:40:14.795] [info] #9: Feasible / Total: 19659 / 66430
[2024-07-07 18:40:16.925] [info] #10: Feasible / Total: 20479 / 66430
[2024-07-07 18:40:18.928] [info] #11: Feasible / Total: 21369 / 66430
[2024-07-07 18:40:21.820] [info] #12: Feasible / Total: 22545 / 66430
[2024-07-07 18:40:24.874] [info] #13: Feasible / Total: 23929 / 66430
[2024-07-07 18:40:27.574] [info] #14: Feasible / Total: 25474 / 66430
[2024-07-07 18:40:30.586] [info] #15: Feasible / Total: 26838 / 66430
[2024-07-07 18:40:33.330] [info] #16: Feasible / Total: 28132 / 66430
[2024-07-07 18:40:36.258] [info] #17: Feasible / Total: 29804 / 66430
[2024-07-07 18:40:38.472] [info] #18: Feasible / Total: 31265 / 66430
[2024-07-07 18:40:39.651] [info] #19: Feasible / Total: 32252 / 66430
[2024-07-07 18:40:40.199] [info] #20: Feasible / Total: 32445 / 66430
[2024-07-07 18:40:40.580] [info] #21: Feasible / Total: 32532 / 66430
[2024-07-07 18:40:40.871] [info] #22: Feasible / Total: 32581 / 66430
[2024-07-07 18:40:41.149] [info] #23: Feasible / Total: 32602 / 66430
[2024-07-07 18:40:41.416] [info] #24: Feasible / Total: 32604 / 66430
[2024-07-07 18:40:41.678] [info] #24: Feasible / Total: 32604 / 66430
[2024-07-07 18:40:41.678] [info] Graph is not D-reducible.
[2024-07-07 18:40:41.687] [info] Started C-reducibility check
[2024-07-07 18:40:53.912] [info] Trying 8093965 possible contractions
[2024-07-07 18:40:53.912] [info] [0/8093965] Starting contraction of size 1
[2024-07-07 18:40:59.978] [info] [40/8093965] Starting contraction of size 2
[2024-07-07 18:42:30.610] [info] [753/8093965] Starting contraction of size 3
[2024-07-07 18:55:48.355] [info] [8253/8093965] Starting contraction of size 4
[2024-07-07 20:12:43.475] [info] [60270/8093965] Starting contraction of size 5
[2024-07-08 01:31:16.148] [info] [312383/8093965] Starting contraction of size 6
[2024-07-08 05:32:30.490] [info] All colors passed! Contracted: 16, 29, 32, 41, 43, 44
[2024-07-08 05:32:30.490] [info] Graph is C-reducible!
