[2023-11-16 13:18:54.372] [info] Kempe type: Toroidal
[2023-11-16 13:18:54.372] [info] Vertex size: 29, Edge size: 50, Ring size: 13
[2023-11-16 13:18:55.150] [info] Started D-reducibility check
[2023-11-16 13:18:55.150] [info] #1: Feasible / Total: 8822 / 66430
[2023-11-16 13:20:15.140] [info] #2: Feasible / Total: 12243 / 66430
[2023-11-16 13:21:04.763] [info] #3: Feasible / Total: 14057 / 66430
[2023-11-16 13:21:35.195] [info] #4: Feasible / Total: 15720 / 66430
[2023-11-16 13:22:02.068] [info] #5: Feasible / Total: 17440 / 66430
[2023-11-16 13:22:29.298] [info] #6: Feasible / Total: 19566 / 66430
[2023-11-16 13:22:57.607] [info] #7: Feasible / Total: 22147 / 66430
[2023-11-16 13:23:28.688] [info] #8: Feasible / Total: 25450 / 66430
[2023-11-16 13:24:00.692] [info] #9: Feasible / Total: 29994 / 66430
[2023-11-16 13:24:33.846] [info] #10: Feasible / Total: 35537 / 66430
[2023-11-16 13:25:04.597] [info] #11: Feasible / Total: 42397 / 66430
[2023-11-16 13:25:21.594] [info] #12: Feasible / Total: 46033 / 66430
[2023-11-16 13:25:25.810] [info] #13: Feasible / Total: 46773 / 66430
[2023-11-16 13:25:26.828] [info] #14: Feasible / Total: 46816 / 66430
[2023-11-16 13:25:27.567] [info] #15: Feasible / Total: 46820 / 66430
[2023-11-16 13:25:28.250] [info] #15: Feasible / Total: 46820 / 66430
[2023-11-16 13:25:28.250] [info] Graph is not D-reducible.
[2023-11-16 13:25:28.307] [info] Started C-reducibility check
[2023-11-16 13:26:05.292] [info] Trying 3656626 possible contractions
[2023-11-16 13:26:05.292] [info] [0/3656626] Starting contraction of size 1
[2023-11-16 13:26:27.245] [info] [37/3656626] Starting contraction of size 2
[2023-11-16 13:31:43.155] [info] [642/3656626] Starting contraction of size 3
[2023-11-16 14:15:52.218] [info] [6427/3656626] Starting contraction of size 4
[2023-11-16 14:31:46.279] [info] All colors passed! Contracted: 13, 38, 42, 48
[2023-11-16 14:31:46.279] [info] Graph is C-reducible!
