[2023-11-20 16:12:14.980] [info] Kempe type: Toroidal
[2023-11-20 16:12:15.002] [info] Vertex size: 33, Edge size: 56, Ring size: 13
[2023-11-20 16:12:21.125] [info] Started D-reducibility check
[2023-11-20 16:12:21.162] [info] #1: Feasible / Total: 9880 / 66430
[2023-11-20 16:14:48.328] [info] #2: Feasible / Total: 13787 / 66430
[2023-11-20 16:16:17.322] [info] #3: Feasible / Total: 16771 / 66430
[2023-11-20 16:17:33.970] [info] #4: Feasible / Total: 19162 / 66430
[2023-11-20 16:18:06.728] [info] #5: Feasible / Total: 20895 / 66430
[2023-11-20 16:18:39.264] [info] #6: Feasible / Total: 22475 / 66430
[2023-11-20 16:19:10.821] [info] #7: Feasible / Total: 24222 / 66430
[2023-11-20 16:19:53.764] [info] #8: Feasible / Total: 26405 / 66430
[2023-11-20 16:20:44.675] [info] #9: Feasible / Total: 29494 / 66430
[2023-11-20 16:21:37.281] [info] #10: Feasible / Total: 32910 / 66430
[2023-11-20 16:22:14.616] [info] #11: Feasible / Total: 35460 / 66430
[2023-11-20 16:22:45.231] [info] #12: Feasible / Total: 37625 / 66430
[2023-11-20 16:23:15.031] [info] #13: Feasible / Total: 39446 / 66430
[2023-11-20 16:23:52.637] [info] #14: Feasible / Total: 42914 / 66430
[2023-11-20 16:24:20.238] [info] #15: Feasible / Total: 46450 / 66430
[2023-11-20 16:24:32.715] [info] #16: Feasible / Total: 46956 / 66430
[2023-11-20 16:24:41.076] [info] #17: Feasible / Total: 47442 / 66430
[2023-11-20 16:24:51.951] [info] #18: Feasible / Total: 47877 / 66430
[2023-11-20 16:24:57.930] [info] #19: Feasible / Total: 48063 / 66430
[2023-11-20 16:24:59.952] [info] #20: Feasible / Total: 48085 / 66430
[2023-11-20 16:25:02.375] [info] #21: Feasible / Total: 48103 / 66430
[2023-11-20 16:25:04.089] [info] #21: Feasible / Total: 48103 / 66430
[2023-11-20 16:25:04.089] [info] Graph is not D-reducible.
[2023-11-20 16:25:04.189] [info] Started C-reducibility check
[2023-11-20 16:45:14.650] [info] Trying 17111550 possible contractions
[2023-11-20 16:45:14.654] [info] [0/17111550] Starting contraction of size 1
[2023-11-20 16:45:20.114] [info] All colors passed! Contracted: 19
[2023-11-20 16:45:20.114] [info] Graph is C-reducible!
