[2024-06-12 12:31:00.718] [info] Kempe type: Toroidal
[2024-06-12 12:31:00.718] [info] Vertex size: 37, Edge size: 63, Ring size: 15
[2024-06-12 12:31:07.710] [info] Started D-reducibility check
[2024-06-12 12:31:07.710] [info] #1: Feasible / Total: 65261 / 597871
[2024-06-12 12:45:51.770] [info] #2: Feasible / Total: 106097 / 597871
[2024-06-12 12:52:42.214] [info] #3: Feasible / Total: 136315 / 597871
[2024-06-12 13:00:07.414] [info] #4: Feasible / Total: 172010 / 597871
[2024-06-12 13:09:42.720] [info] #5: Feasible / Total: 223700 / 597871
[2024-06-12 13:22:33.833] [info] #6: Feasible / Total: 296781 / 597871
[2024-06-12 13:35:14.000] [info] #7: Feasible / Total: 390999 / 597871
[2024-06-12 13:44:04.730] [info] #8: Feasible / Total: 506998 / 597871
[2024-06-12 13:45:42.706] [info] #9: Feasible / Total: 548778 / 597871
[2024-06-12 13:45:43.551] [info] #10: Feasible / Total: 548911 / 597871
[2024-06-12 13:45:44.186] [info] #10: Feasible / Total: 548911 / 597871
[2024-06-12 13:45:44.186] [info] Graph is not D-reducible.
[2024-06-12 13:45:44.266] [info] Started C-reducibility check
[2024-06-12 13:47:26.469] [info] Trying 55511947 possible contractions
[2024-06-12 13:47:26.470] [info] [0/55511947] Starting contraction of size 1
[2024-06-12 13:47:33.855] [info] All colors passed! Contracted: 41
[2024-06-12 13:47:33.855] [info] Graph is C-reducible!
