[2023-11-28 23:33:14.152] [info] Kempe type: Toroidal
[2023-11-28 23:33:14.166] [info] Vertex size: 37, Edge size: 63, Ring size: 15
[2023-11-28 23:33:26.475] [info] Started D-reducibility check
[2023-11-28 23:33:26.482] [info] #1: Feasible / Total: 64234 / 597871
[2023-11-29 00:03:17.927] [info] #2: Feasible / Total: 80532 / 597871
[2023-11-29 00:13:28.960] [info] #3: Feasible / Total: 88140 / 597871
[2023-11-29 00:20:25.067] [info] #4: Feasible / Total: 94029 / 597871
[2023-11-29 00:26:49.581] [info] #5: Feasible / Total: 99786 / 597871
[2023-11-29 00:33:55.608] [info] #6: Feasible / Total: 106977 / 597871
[2023-11-29 00:44:13.545] [info] #7: Feasible / Total: 116674 / 597871
[2023-11-29 00:57:07.712] [info] #8: Feasible / Total: 129900 / 597871
[2023-11-29 01:13:08.070] [info] #9: Feasible / Total: 148284 / 597871
[2023-11-29 01:34:34.952] [info] #10: Feasible / Total: 174877 / 597871
[2023-11-29 02:02:24.442] [info] #11: Feasible / Total: 216040 / 597871
[2023-11-29 02:39:33.270] [info] #12: Feasible / Total: 282831 / 597871
[2023-11-29 03:16:23.490] [info] #13: Feasible / Total: 372974 / 597871
[2023-11-29 03:35:16.483] [info] #14: Feasible / Total: 448526 / 597871
[2023-11-29 03:39:33.095] [info] #15: Feasible / Total: 472753 / 597871
[2023-11-29 03:39:57.768] [info] #16: Feasible / Total: 474497 / 597871
[2023-11-29 03:40:04.518] [info] #17: Feasible / Total: 474499 / 597871
[2023-11-29 03:40:11.590] [info] #17: Feasible / Total: 474499 / 597871
[2023-11-29 03:40:11.590] [info] Graph is not D-reducible.
[2023-11-29 03:40:11.913] [info] Started C-reducibility check
[2023-11-29 04:40:30.746] [info] Trying 55492289 possible contractions
[2023-11-29 04:40:30.770] [info] [0/55492289] Starting contraction of size 1
[2023-11-29 04:47:00.083] [info] [48/55492289] Starting contraction of size 2
[2023-11-29 04:53:37.733] [info] All colors passed! Contracted: 29, 59
[2023-11-29 04:53:37.733] [info] Graph is C-reducible!
