[2023-11-17 00:34:26.468] [info] Kempe type: Toroidal
[2023-11-17 00:34:26.770] [info] Vertex size: 32, Edge size: 55, Ring size: 14
[2023-11-17 00:34:38.918] [info] Started D-reducibility check
[2023-11-17 00:34:38.934] [info] #1: Feasible / Total: 21423 / 199291
[2023-11-17 01:47:07.855] [info] #2: Feasible / Total: 37612 / 199291
[2023-11-17 02:12:35.222] [info] #3: Feasible / Total: 46620 / 199291
[2023-11-17 02:30:00.045] [info] #4: Feasible / Total: 55102 / 199291
[2023-11-17 02:46:53.226] [info] #5: Feasible / Total: 65522 / 199291
[2023-11-17 03:09:12.604] [info] #6: Feasible / Total: 79794 / 199291
[2023-11-17 03:38:16.134] [info] #7: Feasible / Total: 102796 / 199291
[2023-11-17 03:59:02.875] [info] #8: Feasible / Total: 131735 / 199291
[2023-11-17 04:03:42.302] [info] #9: Feasible / Total: 147516 / 199291
[2023-11-17 04:04:00.611] [info] #10: Feasible / Total: 147925 / 199291
[2023-11-17 04:04:13.177] [info] #10: Feasible / Total: 147925 / 199291
[2023-11-17 04:04:13.218] [info] Graph is not D-reducible.
[2023-11-17 04:04:13.688] [info] Started C-reducibility check
[2023-11-17 04:17:18.368] [info] Trying 10868221 possible contractions
[2023-11-17 04:17:18.368] [info] [0/10868221] Starting contraction of size 1
[2023-11-17 04:17:43.229] [info] All colors passed! Contracted: 36
[2023-11-17 04:17:43.229] [info] Graph is C-reducible!
