[2023-11-17 14:12:08.753] [info] Kempe type: Toroidal
[2023-11-17 14:12:08.774] [info] Vertex size: 34, Edge size: 58, Ring size: 14
[2023-11-17 14:12:14.181] [info] Started D-reducibility check
[2023-11-17 14:12:14.182] [info] #1: Feasible / Total: 25902 / 199291
[2023-11-17 14:38:42.677] [info] #2: Feasible / Total: 34049 / 199291
[2023-11-17 14:50:53.275] [info] #3: Feasible / Total: 40751 / 199291
[2023-11-17 15:02:48.780] [info] #4: Feasible / Total: 48861 / 199291
[2023-11-17 15:18:32.776] [info] #5: Feasible / Total: 59862 / 199291
[2023-11-17 15:39:47.817] [info] #6: Feasible / Total: 78184 / 199291
[2023-11-17 16:07:39.287] [info] #7: Feasible / Total: 113185 / 199291
[2023-11-17 16:29:47.498] [info] #8: Feasible / Total: 166871 / 199291
[2023-11-17 16:33:09.982] [info] #9: Feasible / Total: 182884 / 199291
[2023-11-17 16:33:13.967] [info] #10: Feasible / Total: 182887 / 199291
[2023-11-17 16:33:17.056] [info] #10: Feasible / Total: 182887 / 199291
[2023-11-17 16:33:17.056] [info] Graph is not D-reducible.
[2023-11-17 16:33:17.515] [info] Started C-reducibility check
[2023-11-17 17:10:48.116] [info] Trying 22305434 possible contractions
[2023-11-17 17:10:48.126] [info] [0/22305434] Starting contraction of size 1
[2023-11-17 17:10:56.545] [info] All colors passed! Contracted: 49
[2023-11-17 17:10:56.546] [info] Graph is C-reducible!
