[2023-12-05 15:27:11.687] [info] Kempe type: Toroidal
[2023-12-05 15:27:11.687] [info] Vertex size: 36, Edge size: 61, Ring size: 14
[2023-12-05 15:27:31.305] [info] Started D-reducibility check
[2023-12-05 15:27:31.305] [info] #1: Feasible / Total: 27336 / 199291
[2023-12-05 16:06:08.312] [info] #2: Feasible / Total: 45970 / 199291
[2023-12-05 16:29:35.365] [info] #3: Feasible / Total: 61132 / 199291
[2023-12-05 16:59:26.855] [info] #4: Feasible / Total: 78279 / 199291
[2023-12-05 17:30:52.023] [info] #5: Feasible / Total: 103185 / 199291
[2023-12-05 18:00:31.444] [info] #6: Feasible / Total: 139799 / 199291
[2023-12-05 18:07:02.439] [info] #7: Feasible / Total: 154076 / 199291
[2023-12-05 18:07:34.048] [info] #8: Feasible / Total: 154909 / 199291
[2023-12-05 18:07:47.687] [info] #8: Feasible / Total: 154909 / 199291
[2023-12-05 18:07:47.748] [info] Graph is not D-reducible.
[2023-12-05 18:07:48.262] [info] Started C-reducibility check
[2023-12-05 20:58:24.584] [info] Trying 124344 possible contractions
[2023-12-05 20:58:24.584] [info] [0/124344] Starting contraction of size 1
[2023-12-05 21:10:30.282] [info] [47/124344] Starting contraction of size 2
[2023-12-06 00:46:14.676] [info] [1048/124344] Starting contraction of size 3
[2023-12-06 16:25:09.243] [info] All colors passed! Contracted: 23, 25, 26
[2023-12-06 16:25:09.243] [info] Graph is C-reducible!
