[2023-11-28 23:33:14.484] [info] Kempe type: Toroidal
[2023-11-28 23:33:14.484] [info] Vertex size: 36, Edge size: 61, Ring size: 14
[2023-11-28 23:33:26.526] [info] Started D-reducibility check
[2023-11-28 23:33:26.558] [info] #1: Feasible / Total: 29683 / 199291
[2023-11-28 23:41:50.774] [info] #2: Feasible / Total: 43175 / 199291
[2023-11-28 23:46:22.661] [info] #3: Feasible / Total: 54198 / 199291
[2023-11-28 23:50:16.879] [info] #4: Feasible / Total: 63941 / 199291
[2023-11-28 23:53:27.217] [info] #5: Feasible / Total: 74208 / 199291
[2023-11-28 23:57:08.429] [info] #6: Feasible / Total: 87000 / 199291
[2023-11-29 00:00:24.435] [info] #7: Feasible / Total: 102823 / 199291
[2023-11-29 00:01:18.329] [info] #8: Feasible / Total: 111444 / 199291
[2023-11-29 00:01:25.115] [info] #9: Feasible / Total: 112389 / 199291
[2023-11-29 00:01:28.866] [info] #10: Feasible / Total: 112391 / 199291
[2023-11-29 00:01:32.456] [info] #10: Feasible / Total: 112391 / 199291
[2023-11-29 00:01:32.462] [info] Graph is not D-reducible.
[2023-11-29 00:01:32.522] [info] Started C-reducibility check
[2023-11-29 00:39:51.944] [info] Trying 43706147 possible contractions
[2023-11-29 00:39:51.970] [info] [0/43706147] Starting contraction of size 1
[2023-11-29 00:46:37.018] [info] [47/43706147] Starting contraction of size 2
[2023-11-29 02:33:17.179] [info] [1048/43706147] Starting contraction of size 3
[2023-11-29 21:01:10.772] [info] [13866/43706147] Starting contraction of size 4
[2023-12-04 14:55:31.884] [info] [124343/43706147] Starting contraction of size 5
[2023-12-11 20:30:41.182] [info] All colors passed! Contracted: 22, 24, 33, 39, 47
[2023-12-11 20:30:41.182] [info] Graph is C-reducible!
