[2024-06-12 14:20:27.341] [info] Kempe type: Toroidal
[2024-06-12 14:20:27.341] [info] Vertex size: 34, Edge size: 58, Ring size: 14
[2024-06-12 14:20:29.088] [info] Started D-reducibility check
[2024-06-12 14:20:29.088] [info] #1: Feasible / Total: 23170 / 199291
[2024-06-12 14:21:43.941] [info] #2: Feasible / Total: 32435 / 199291
[2024-06-12 14:22:22.279] [info] #3: Feasible / Total: 40704 / 199291
[2024-06-12 14:22:49.191] [info] #4: Feasible / Total: 46164 / 199291
[2024-06-12 14:23:07.695] [info] #5: Feasible / Total: 49266 / 199291
[2024-06-12 14:23:28.045] [info] #6: Feasible / Total: 52128 / 199291
[2024-06-12 14:23:50.013] [info] #7: Feasible / Total: 55455 / 199291
[2024-06-12 14:24:12.666] [info] #8: Feasible / Total: 59366 / 199291
[2024-06-12 14:24:39.957] [info] #9: Feasible / Total: 64432 / 199291
[2024-06-12 14:25:21.619] [info] #10: Feasible / Total: 73201 / 199291
[2024-06-12 14:26:16.672] [info] #11: Feasible / Total: 87675 / 199291
[2024-06-12 14:26:54.010] [info] #12: Feasible / Total: 102695 / 199291
[2024-06-12 14:27:03.493] [info] #13: Feasible / Total: 107191 / 199291
[2024-06-12 14:27:07.891] [info] #14: Feasible / Total: 107899 / 199291
[2024-06-12 14:27:11.919] [info] #15: Feasible / Total: 108541 / 199291
[2024-06-12 14:27:16.618] [info] #16: Feasible / Total: 109369 / 199291
[2024-06-12 14:27:21.031] [info] #17: Feasible / Total: 109999 / 199291
[2024-06-12 14:27:23.570] [info] #18: Feasible / Total: 110326 / 199291
[2024-06-12 14:27:25.356] [info] #19: Feasible / Total: 110567 / 199291
[2024-06-12 14:27:27.093] [info] #20: Feasible / Total: 110784 / 199291
[2024-06-12 14:27:30.057] [info] #21: Feasible / Total: 111209 / 199291
[2024-06-12 14:27:34.998] [info] #22: Feasible / Total: 111819 / 199291
[2024-06-12 14:27:40.506] [info] #23: Feasible / Total: 112543 / 199291
[2024-06-12 14:27:47.095] [info] #24: Feasible / Total: 113443 / 199291
[2024-06-12 14:27:54.168] [info] #25: Feasible / Total: 114580 / 199291
[2024-06-12 14:28:04.191] [info] #26: Feasible / Total: 116120 / 199291
[2024-06-12 14:28:18.864] [info] #27: Feasible / Total: 119234 / 199291
[2024-06-12 14:28:43.721] [info] #28: Feasible / Total: 125934 / 199291
[2024-06-12 14:29:16.754] [info] #29: Feasible / Total: 136710 / 199291
[2024-06-12 14:29:51.741] [info] #30: Feasible / Total: 148145 / 199291
[2024-06-12 14:30:44.783] [info] #31: Feasible / Total: 180627 / 199291
[2024-06-12 14:30:52.289] [info] #32: Feasible / Total: 193114 / 199291
[2024-06-12 14:30:52.366] [info] #33: Feasible / Total: 193117 / 199291
[2024-06-12 14:30:52.431] [info] #33: Feasible / Total: 193117 / 199291
[2024-06-12 14:30:52.431] [info] Graph is not D-reducible.
[2024-06-12 14:30:52.455] [info] Started C-reducibility check
[2024-06-12 14:31:31.436] [info] Trying 22306001 possible contractions
[2024-06-12 14:31:31.436] [info] [0/22306001] Starting contraction of size 1
[2024-06-12 14:31:32.497] [info] All colors passed! Contracted: 19
[2024-06-12 14:31:32.497] [info] Graph is C-reducible!
