[2023-11-17 14:12:08.819] [info] Kempe type: Toroidal
[2023-11-17 14:12:09.086] [info] Vertex size: 32, Edge size: 55, Ring size: 14
[2023-11-17 14:12:26.561] [info] Started D-reducibility check
[2023-11-17 14:12:26.562] [info] #1: Feasible / Total: 20708 / 199291
[2023-11-17 14:31:52.948] [info] #2: Feasible / Total: 30815 / 199291
[2023-11-17 14:39:57.138] [info] #3: Feasible / Total: 34798 / 199291
[2023-11-17 14:43:55.423] [info] #4: Feasible / Total: 37770 / 199291
[2023-11-17 14:46:25.014] [info] #5: Feasible / Total: 40933 / 199291
[2023-11-17 14:49:34.114] [info] #6: Feasible / Total: 45040 / 199291
[2023-11-17 14:54:24.228] [info] #7: Feasible / Total: 50925 / 199291
[2023-11-17 14:55:52.864] [info] #8: Feasible / Total: 57174 / 199291
[2023-11-17 14:58:08.552] [info] #9: Feasible / Total: 63867 / 199291
[2023-11-17 15:02:15.310] [info] #10: Feasible / Total: 72992 / 199291
[2023-11-17 15:07:05.998] [info] #11: Feasible / Total: 88383 / 199291
[2023-11-17 15:10:23.541] [info] #12: Feasible / Total: 110667 / 199291
[2023-11-17 15:13:28.726] [info] #13: Feasible / Total: 138034 / 199291
[2023-11-17 15:14:32.560] [info] #14: Feasible / Total: 149507 / 199291
[2023-11-17 15:14:36.669] [info] #15: Feasible / Total: 149689 / 199291
[2023-11-17 15:14:38.720] [info] #15: Feasible / Total: 149689 / 199291
[2023-11-17 15:14:38.720] [info] Graph is not D-reducible.
[2023-11-17 15:14:38.816] [info] Started C-reducibility check
[2023-11-17 15:17:31.712] [info] Trying 10784348 possible contractions
[2023-11-17 15:17:31.738] [info] [0/10784348] Starting contraction of size 1
[2023-11-17 15:17:36.256] [info] All colors passed! Contracted: 47
[2023-11-17 15:17:36.262] [info] Graph is C-reducible!
