[2024-10-19 13:09:39.806] [info] Kempe type: Toroidal
[2024-10-19 13:09:39.806] [info] Vertex size: 33, Edge size: 56, Ring size: 13
[2024-10-19 13:09:42.984] [info] Started D-reducibility check
[2024-10-19 13:09:42.984] [info] #1: Feasible / Total: 10761 / 66430
[2024-10-19 13:12:20.057] [info] #2: Feasible / Total: 15643 / 66430
[2024-10-19 13:13:12.576] [info] #3: Feasible / Total: 18207 / 66430
[2024-10-19 13:13:57.948] [info] #4: Feasible / Total: 20425 / 66430
[2024-10-19 13:14:50.031] [info] #5: Feasible / Total: 23226 / 66430
[2024-10-19 13:15:40.257] [info] #6: Feasible / Total: 26568 / 66430
[2024-10-19 13:16:29.185] [info] #7: Feasible / Total: 29810 / 66430
[2024-10-19 13:17:14.495] [info] #8: Feasible / Total: 33217 / 66430
[2024-10-19 13:17:39.675] [info] #9: Feasible / Total: 35448 / 66430
[2024-10-19 13:17:47.088] [info] #10: Feasible / Total: 36074 / 66430
[2024-10-19 13:17:50.964] [info] #11: Feasible / Total: 36342 / 66430
[2024-10-19 13:17:53.443] [info] #12: Feasible / Total: 36377 / 66430
[2024-10-19 13:17:55.708] [info] #13: Feasible / Total: 36379 / 66430
[2024-10-19 13:17:57.903] [info] #13: Feasible / Total: 36379 / 66430
[2024-10-19 13:17:57.904] [info] Graph is not D-reducible.
[2024-10-19 13:17:58.009] [info] Started C-reducibility check
[2024-10-19 13:18:29.682] [info] Trying 2026016 possible contractions
[2024-10-19 13:18:29.682] [info] [0/2026016] Starting contraction of size 1
[2024-10-19 13:20:10.841] [info] [43/2026016] Starting contraction of size 2
[2024-10-19 13:26:42.219] [info] All colors passed! Contracted: 41, 46
[2024-10-19 13:26:42.219] [info] Graph is C-reducible!
