[2023-12-05 15:25:59.597] [info] Kempe type: Toroidal
[2023-12-05 15:25:59.598] [info] Vertex size: 37, Edge size: 63, Ring size: 15
[2023-12-05 15:26:28.397] [info] Started D-reducibility check
[2023-12-05 15:26:28.397] [info] #1: Feasible / Total: 68744 / 597871
[2023-12-05 18:54:15.111] [info] #2: Feasible / Total: 86766 / 597871
[2023-12-05 20:06:43.857] [info] #3: Feasible / Total: 97792 / 597871
[2023-12-05 21:03:32.101] [info] #4: Feasible / Total: 109253 / 597871
[2023-12-05 22:03:29.623] [info] #5: Feasible / Total: 123245 / 597871
[2023-12-05 23:21:34.158] [info] #6: Feasible / Total: 142681 / 597871
[2023-12-06 01:15:22.911] [info] #7: Feasible / Total: 171621 / 597871
[2023-12-06 03:55:24.503] [info] #8: Feasible / Total: 221381 / 597871
[2023-12-06 06:50:45.254] [info] #9: Feasible / Total: 313452 / 597871
[2023-12-06 09:43:49.207] [info] #10: Feasible / Total: 467618 / 597871
[2023-12-06 10:38:06.164] [info] #11: Feasible / Total: 585747 / 597871
[2023-12-06 10:38:38.439] [info] #12: Feasible / Total: 588088 / 597871
[2023-12-06 10:38:40.598] [info] #12: Feasible / Total: 588088 / 597871
[2023-12-06 10:38:40.598] [info] Graph is not D-reducible.
[2023-12-06 10:38:42.039] [info] Started C-reducibility check
[2023-12-06 13:57:15.297] [info] Trying 137254 possible contractions
[2023-12-06 13:57:15.297] [info] [0/137254] Starting contraction of size 1
[2023-12-06 14:24:27.470] [info] [48/137254] Starting contraction of size 2
[2023-12-06 15:00:15.247] [info] All colors passed! Contracted: 36, 48
[2023-12-06 15:00:15.247] [info] Graph is C-reducible!
