[2023-11-16 22:28:36.887] [info] Kempe type: Toroidal
[2023-11-16 22:28:38.495] [info] Vertex size: 34, Edge size: 58, Ring size: 14
[2023-11-16 22:28:51.965] [info] Started D-reducibility check
[2023-11-16 22:28:51.996] [info] #1: Feasible / Total: 24954 / 199291
[2023-11-16 23:07:35.838] [info] #2: Feasible / Total: 38608 / 199291
[2023-11-16 23:17:26.742] [info] #3: Feasible / Total: 46172 / 199291
[2023-11-16 23:26:36.906] [info] #4: Feasible / Total: 53694 / 199291
[2023-11-16 23:38:53.165] [info] #5: Feasible / Total: 64323 / 199291
[2023-11-16 23:56:56.689] [info] #6: Feasible / Total: 85084 / 199291
[2023-11-17 00:21:40.922] [info] #7: Feasible / Total: 127106 / 199291
[2023-11-17 00:34:36.714] [info] #8: Feasible / Total: 169866 / 199291
[2023-11-17 00:37:16.810] [info] #9: Feasible / Total: 176226 / 199291
[2023-11-17 00:37:29.332] [info] #10: Feasible / Total: 176233 / 199291
[2023-11-17 00:37:47.546] [info] #10: Feasible / Total: 176233 / 199291
[2023-11-17 00:37:47.666] [info] Graph is not D-reducible.
[2023-11-17 00:37:48.719] [info] Started C-reducibility check
[2023-11-17 01:02:30.978] [info] Trying 22312903 possible contractions
[2023-11-17 01:02:30.979] [info] [0/22312903] Starting contraction of size 1
[2023-11-17 01:02:34.182] [info] All colors passed! Contracted: 33
[2023-11-17 01:02:34.223] [info] Graph is C-reducible!
