[2023-12-05 15:26:29.277] [info] Kempe type: Toroidal
[2023-12-05 15:26:29.278] [info] Vertex size: 34, Edge size: 58, Ring size: 14
[2023-12-05 15:26:33.932] [info] Started D-reducibility check
[2023-12-05 15:26:33.932] [info] #1: Feasible / Total: 24738 / 199291
[2023-12-05 15:59:21.538] [info] #2: Feasible / Total: 38701 / 199291
[2023-12-05 16:15:51.689] [info] #3: Feasible / Total: 49731 / 199291
[2023-12-05 16:33:11.024] [info] #4: Feasible / Total: 64039 / 199291
[2023-12-05 16:54:11.753] [info] #5: Feasible / Total: 83870 / 199291
[2023-12-05 17:14:07.940] [info] #6: Feasible / Total: 106146 / 199291
[2023-12-05 17:26:07.798] [info] #7: Feasible / Total: 122050 / 199291
[2023-12-05 17:32:46.423] [info] #8: Feasible / Total: 132922 / 199291
[2023-12-05 17:34:24.040] [info] #9: Feasible / Total: 135644 / 199291
[2023-12-05 17:34:43.848] [info] #10: Feasible / Total: 135676 / 199291
[2023-12-05 17:35:01.254] [info] #10: Feasible / Total: 135676 / 199291
[2023-12-05 17:35:01.255] [info] Graph is not D-reducible.
[2023-12-05 17:35:01.703] [info] Started C-reducibility check
[2023-12-05 18:14:06.986] [info] Trying 92858 possible contractions
[2023-12-05 18:14:06.987] [info] [0/92858] Starting contraction of size 1
[2023-12-05 18:14:13.747] [info] All colors passed! Contracted: 45
[2023-12-05 18:14:13.748] [info] Graph is C-reducible!
