[2024-03-13 21:21:21.457] [info] Kempe type: Toroidal
[2024-03-13 21:21:21.457] [info] Vertex size: 28, Edge size: 48, Ring size: 12
[2024-03-13 21:21:21.533] [info] Started D-reducibility check
[2024-03-13 21:21:21.534] [info] #1: Feasible / Total: 3568 / 22144
[2024-03-13 21:21:24.212] [info] #2: Feasible / Total: 4651 / 22144
[2024-03-13 21:21:24.901] [info] #3: Feasible / Total: 5238 / 22144
[2024-03-13 21:21:25.423] [info] #4: Feasible / Total: 5604 / 22144
[2024-03-13 21:21:25.902] [info] #5: Feasible / Total: 5965 / 22144
[2024-03-13 21:21:26.311] [info] #6: Feasible / Total: 6258 / 22144
[2024-03-13 21:21:26.664] [info] #7: Feasible / Total: 6536 / 22144
[2024-03-13 21:21:27.051] [info] #8: Feasible / Total: 6798 / 22144
[2024-03-13 21:21:27.533] [info] #9: Feasible / Total: 7136 / 22144
[2024-03-13 21:21:28.195] [info] #10: Feasible / Total: 7622 / 22144
[2024-03-13 21:21:28.666] [info] #11: Feasible / Total: 8342 / 22144
[2024-03-13 21:21:29.522] [info] #12: Feasible / Total: 9524 / 22144
[2024-03-13 21:21:30.660] [info] #13: Feasible / Total: 11249 / 22144
[2024-03-13 21:21:31.529] [info] #14: Feasible / Total: 13499 / 22144
[2024-03-13 21:21:31.897] [info] #15: Feasible / Total: 14693 / 22144
[2024-03-13 21:21:32.015] [info] #16: Feasible / Total: 14956 / 22144
[2024-03-13 21:21:32.177] [info] #17: Feasible / Total: 15354 / 22144
[2024-03-13 21:21:32.380] [info] #18: Feasible / Total: 16191 / 22144
[2024-03-13 21:21:32.432] [info] #19: Feasible / Total: 16309 / 22144
[2024-03-13 21:21:32.465] [info] #19: Feasible / Total: 16309 / 22144
[2024-03-13 21:21:32.465] [info] Graph is not D-reducible.
[2024-03-13 21:21:32.468] [info] Started C-reducibility check
[2024-03-13 21:21:37.330] [info] Trying 2629145 possible contractions
[2024-03-13 21:21:37.330] [info] [0/2629145] Starting contraction of size 1
[2024-03-13 21:21:37.475] [info] All colors passed! Contracted: 18
[2024-03-13 21:21:37.475] [info] Graph is C-reducible!
