[2023-11-20 16:12:14.938] [info] Kempe type: Toroidal
[2023-11-20 16:12:14.962] [info] Vertex size: 34, Edge size: 58, Ring size: 14
[2023-11-20 16:12:25.657] [info] Started D-reducibility check
[2023-11-20 16:12:25.674] [info] #1: Feasible / Total: 24353 / 199291
[2023-11-20 16:35:27.857] [info] #2: Feasible / Total: 38297 / 199291
[2023-11-20 16:47:55.196] [info] #3: Feasible / Total: 49820 / 199291
[2023-11-20 16:56:58.368] [info] #4: Feasible / Total: 59787 / 199291
[2023-11-20 17:05:19.812] [info] #5: Feasible / Total: 69406 / 199291
[2023-11-20 17:16:32.757] [info] #6: Feasible / Total: 82453 / 199291
[2023-11-20 17:33:02.411] [info] #7: Feasible / Total: 106127 / 199291
[2023-11-20 17:48:11.303] [info] #8: Feasible / Total: 144209 / 199291
[2023-11-20 17:52:52.026] [info] #9: Feasible / Total: 167030 / 199291
[2023-11-20 17:53:04.294] [info] #10: Feasible / Total: 168007 / 199291
[2023-11-20 17:53:07.918] [info] #10: Feasible / Total: 168007 / 199291
[2023-11-20 17:53:07.918] [info] Graph is not D-reducible.
[2023-11-20 17:53:08.228] [info] Started C-reducibility check
[2023-11-20 18:20:23.075] [info] Trying 22301226 possible contractions
[2023-11-20 18:20:23.078] [info] [0/22301226] Starting contraction of size 1
[2023-11-20 18:21:26.297] [info] All colors passed! Contracted: 24
[2023-11-20 18:21:26.297] [info] Graph is C-reducible!
