[2024-08-08 12:22:45.072] [info] Kempe type: Toroidal
[2024-08-08 12:22:45.072] [info] Vertex size: 37, Edge size: 63, Ring size: 15
[2024-08-08 12:22:49.340] [info] Started D-reducibility check
[2024-08-08 12:22:49.340] [info] #1: Feasible / Total: 58915 / 597871
[2024-08-08 12:38:16.059] [info] #2: Feasible / Total: 107181 / 597871
[2024-08-08 12:50:10.106] [info] #3: Feasible / Total: 143294 / 597871
[2024-08-08 13:00:33.280] [info] #4: Feasible / Total: 181365 / 597871
[2024-08-08 13:11:50.966] [info] #5: Feasible / Total: 230057 / 597871
[2024-08-08 13:25:35.497] [info] #6: Feasible / Total: 306507 / 597871
[2024-08-08 13:36:41.764] [info] #7: Feasible / Total: 408079 / 597871
[2024-08-08 13:40:32.754] [info] #8: Feasible / Total: 474427 / 597871
[2024-08-08 13:40:42.389] [info] #9: Feasible / Total: 478086 / 597871
[2024-08-08 13:40:44.336] [info] #9: Feasible / Total: 478086 / 597871
[2024-08-08 13:40:44.336] [info] Graph is not D-reducible.
[2024-08-08 13:40:44.521] [info] Started C-reducibility check
[2024-08-08 13:42:47.328] [info] Trying 55652247 possible contractions
[2024-08-08 13:42:47.328] [info] [0/55652247] Starting contraction of size 1
[2024-08-08 13:44:10.934] [info] [48/55652247] Starting contraction of size 2
[2024-08-08 14:09:22.614] [info] [1095/55652247] Starting contraction of size 3
[2024-08-08 14:52:35.973] [info] All colors passed! Contracted: 15, 19, 60
[2024-08-08 14:52:35.973] [info] Graph is C-reducible!
