[2023-11-28 12:53:28.973] [info] Kempe type: Toroidal
[2023-11-28 12:53:28.979] [info] Vertex size: 31, Edge size: 53, Ring size: 13
[2023-11-28 12:53:30.083] [info] Started D-reducibility check
[2023-11-28 12:53:30.083] [info] #1: Feasible / Total: 9709 / 66430
[2023-11-28 12:54:25.254] [info] #2: Feasible / Total: 12231 / 66430
[2023-11-28 12:54:38.051] [info] #3: Feasible / Total: 13368 / 66430
[2023-11-28 12:54:49.032] [info] #4: Feasible / Total: 14424 / 66430
[2023-11-28 12:55:01.465] [info] #5: Feasible / Total: 15522 / 66430
[2023-11-28 12:55:14.138] [info] #6: Feasible / Total: 16723 / 66430
[2023-11-28 12:55:31.111] [info] #7: Feasible / Total: 18513 / 66430
[2023-11-28 12:55:53.269] [info] #8: Feasible / Total: 21072 / 66430
[2023-11-28 12:56:20.484] [info] #9: Feasible / Total: 24503 / 66430
[2023-11-28 12:56:57.479] [info] #10: Feasible / Total: 29755 / 66430
[2023-11-28 12:57:33.298] [info] #11: Feasible / Total: 37663 / 66430
[2023-11-28 12:57:49.605] [info] #12: Feasible / Total: 43711 / 66430
[2023-11-28 12:57:53.875] [info] #13: Feasible / Total: 44699 / 66430
[2023-11-28 12:57:56.659] [info] #14: Feasible / Total: 44875 / 66430
[2023-11-28 12:57:57.544] [info] #15: Feasible / Total: 44911 / 66430
[2023-11-28 12:57:58.211] [info] #16: Feasible / Total: 44913 / 66430
[2023-11-28 12:57:58.809] [info] #16: Feasible / Total: 44913 / 66430
[2023-11-28 12:57:58.809] [info] Graph is not D-reducible.
[2023-11-28 12:57:58.871] [info] Started C-reducibility check
[2023-11-28 12:59:47.662] [info] Trying 8093095 possible contractions
[2023-11-28 12:59:47.662] [info] [0/8093095] Starting contraction of size 1
[2023-11-28 13:00:12.525] [info] [40/8093095] Starting contraction of size 2
[2023-11-28 13:04:24.669] [info] All colors passed! Contracted: 14, 44
[2023-11-28 13:04:24.669] [info] Graph is C-reducible!
