[2023-11-16 22:28:38.119] [info] Kempe type: Toroidal
[2023-11-16 22:28:38.119] [info] Vertex size: 26, Edge size: 45, Ring size: 12
[2023-11-16 22:28:38.438] [info] Started D-reducibility check
[2023-11-16 22:28:38.442] [info] #1: Feasible / Total: 3144 / 22144
[2023-11-16 22:29:10.523] [info] #2: Feasible / Total: 4610 / 22144
[2023-11-16 22:29:22.200] [info] #3: Feasible / Total: 5298 / 22144
[2023-11-16 22:29:29.558] [info] #4: Feasible / Total: 5738 / 22144
[2023-11-16 22:29:37.432] [info] #5: Feasible / Total: 6210 / 22144
[2023-11-16 22:29:44.297] [info] #6: Feasible / Total: 6666 / 22144
[2023-11-16 22:29:53.221] [info] #7: Feasible / Total: 7196 / 22144
[2023-11-16 22:30:05.266] [info] #8: Feasible / Total: 7859 / 22144
[2023-11-16 22:30:16.157] [info] #9: Feasible / Total: 8758 / 22144
[2023-11-16 22:30:34.703] [info] #10: Feasible / Total: 10450 / 22144
[2023-11-16 22:30:52.561] [info] #11: Feasible / Total: 12518 / 22144
[2023-11-16 22:31:07.123] [info] #12: Feasible / Total: 14364 / 22144
[2023-11-16 22:31:12.941] [info] #13: Feasible / Total: 15607 / 22144
[2023-11-16 22:31:14.079] [info] #14: Feasible / Total: 15766 / 22144
[2023-11-16 22:31:14.691] [info] #15: Feasible / Total: 15767 / 22144
[2023-11-16 22:31:15.303] [info] #15: Feasible / Total: 15767 / 22144
[2023-11-16 22:31:15.303] [info] Graph is not D-reducible.
[2023-11-16 22:31:15.371] [info] Started C-reducibility check
[2023-11-16 22:31:42.967] [info] Trying 1078512 possible contractions
[2023-11-16 22:31:42.974] [info] [0/1078512] Starting contraction of size 1
[2023-11-16 22:31:44.894] [info] All colors passed! Contracted: 37
[2023-11-16 22:31:44.894] [info] Graph is C-reducible!
