[2023-11-16 14:26:43.856] [info] Kempe type: Toroidal
[2023-11-16 14:26:43.856] [info] Vertex size: 32, Edge size: 55, Ring size: 14
[2023-11-16 14:26:51.656] [info] Started D-reducibility check
[2023-11-16 14:26:51.656] [info] #1: Feasible / Total: 22459 / 199291
[2023-11-16 14:42:56.950] [info] #2: Feasible / Total: 36702 / 199291
[2023-11-16 14:47:40.344] [info] #3: Feasible / Total: 43987 / 199291
[2023-11-16 14:51:51.018] [info] #4: Feasible / Total: 52010 / 199291
[2023-11-16 14:56:20.277] [info] #5: Feasible / Total: 62678 / 199291
[2023-11-16 15:01:07.188] [info] #6: Feasible / Total: 76835 / 199291
[2023-11-16 15:06:44.351] [info] #7: Feasible / Total: 93883 / 199291
[2023-11-16 15:13:01.394] [info] #8: Feasible / Total: 121105 / 199291
[2023-11-16 15:17:58.616] [info] #9: Feasible / Total: 152319 / 199291
[2023-11-16 15:19:34.200] [info] #10: Feasible / Total: 162354 / 199291
[2023-11-16 15:19:45.558] [info] #11: Feasible / Total: 163413 / 199291
[2023-11-16 15:19:47.503] [info] #11: Feasible / Total: 163413 / 199291
[2023-11-16 15:19:47.503] [info] Graph is not D-reducible.
[2023-11-16 15:19:47.622] [info] Started C-reducibility check
[2023-11-16 15:25:09.694] [info] Trying 10870267 possible contractions
[2023-11-16 15:25:09.694] [info] [0/10870267] Starting contraction of size 1
[2023-11-16 15:26:56.429] [info] All colors passed! Contracted: 36
[2023-11-16 15:26:56.429] [info] Graph is C-reducible!
