[2024-10-19 14:57:26.993] [info] Kempe type: Toroidal
[2024-10-19 14:57:26.993] [info] Vertex size: 34, Edge size: 58, Ring size: 14
[2024-10-19 14:57:38.213] [info] Started D-reducibility check
[2024-10-19 14:57:38.213] [info] #1: Feasible / Total: 25844 / 199291
[2024-10-19 15:17:41.097] [info] #2: Feasible / Total: 33297 / 199291
[2024-10-19 15:23:27.981] [info] #3: Feasible / Total: 37937 / 199291
[2024-10-19 15:27:58.684] [info] #4: Feasible / Total: 43229 / 199291
[2024-10-19 15:35:13.227] [info] #5: Feasible / Total: 51448 / 199291
[2024-10-19 15:44:31.346] [info] #6: Feasible / Total: 66726 / 199291
[2024-10-19 16:00:59.816] [info] #7: Feasible / Total: 95691 / 199291
[2024-10-19 16:20:57.374] [info] #8: Feasible / Total: 149755 / 199291
[2024-10-19 16:26:20.665] [info] #9: Feasible / Total: 192364 / 199291
[2024-10-19 16:26:23.271] [info] #10: Feasible / Total: 192955 / 199291
[2024-10-19 16:26:23.691] [info] #10: Feasible / Total: 192955 / 199291
[2024-10-19 16:26:23.691] [info] Graph is not D-reducible.
[2024-10-19 16:26:23.888] [info] Started C-reducibility check
[2024-10-19 16:26:56.625] [info] Trying 2432458 possible contractions
[2024-10-19 16:26:56.625] [info] [0/2432458] Starting contraction of size 1
[2024-10-19 16:27:05.931] [info] All colors passed! Contracted: 20
[2024-10-19 16:27:05.931] [info] Graph is C-reducible!
