[2024-03-13 21:21:21.543] [info] Kempe type: Toroidal
[2024-03-13 21:21:21.543] [info] Vertex size: 35, Edge size: 59, Ring size: 13
[2024-03-13 21:21:22.941] [info] Started D-reducibility check
[2024-03-13 21:21:22.941] [info] #1: Feasible / Total: 12913 / 66430
[2024-03-13 21:21:44.275] [info] #2: Feasible / Total: 19214 / 66430
[2024-03-13 21:21:53.880] [info] #3: Feasible / Total: 23950 / 66430
[2024-03-13 21:22:01.698] [info] #4: Feasible / Total: 27549 / 66430
[2024-03-13 21:22:08.573] [info] #5: Feasible / Total: 31408 / 66430
[2024-03-13 21:22:14.360] [info] #6: Feasible / Total: 36149 / 66430
[2024-03-13 21:22:16.717] [info] #7: Feasible / Total: 39441 / 66430
[2024-03-13 21:22:17.016] [info] #8: Feasible / Total: 39783 / 66430
[2024-03-13 21:22:17.294] [info] #8: Feasible / Total: 39783 / 66430
[2024-03-13 21:22:17.302] [info] Graph is not D-reducible.
[2024-03-13 21:22:17.309] [info] Started C-reducibility check
[2024-03-13 21:23:22.214] [info] Trying 34073270 possible contractions
[2024-03-13 21:23:22.214] [info] [0/34073270] Starting contraction of size 1
[2024-03-13 21:23:41.865] [info] [46/34073270] Starting contraction of size 2
[2024-03-13 21:29:28.478] [info] [1002/34073270] Starting contraction of size 3
[2024-03-13 22:24:57.912] [info] [12908/34073270] Starting contraction of size 4
[2024-03-14 01:14:01.671] [info] All colors passed! Contracted: 17, 21, 23, 39
[2024-03-14 01:14:01.671] [info] Graph is C-reducible!
