[2023-11-17 00:32:43.828] [info] Kempe type: Toroidal
[2023-11-17 00:32:43.838] [info] Vertex size: 31, Edge size: 53, Ring size: 13
[2023-11-17 00:32:50.079] [info] Started D-reducibility check
[2023-11-17 00:32:50.082] [info] #1: Feasible / Total: 9116 / 66430
[2023-11-17 00:40:30.739] [info] #2: Feasible / Total: 14769 / 66430
[2023-11-17 00:45:19.255] [info] #3: Feasible / Total: 18833 / 66430
[2023-11-17 00:51:11.640] [info] #4: Feasible / Total: 24232 / 66430
[2023-11-17 00:57:02.501] [info] #5: Feasible / Total: 31055 / 66430
[2023-11-17 01:01:39.667] [info] #6: Feasible / Total: 38134 / 66430
[2023-11-17 01:02:55.700] [info] #7: Feasible / Total: 40331 / 66430
[2023-11-17 01:03:18.980] [info] #8: Feasible / Total: 40873 / 66430
[2023-11-17 01:03:29.622] [info] #9: Feasible / Total: 40994 / 66430
[2023-11-17 01:03:35.859] [info] #10: Feasible / Total: 40995 / 66430
[2023-11-17 01:03:42.568] [info] #10: Feasible / Total: 40995 / 66430
[2023-11-17 01:03:42.568] [info] Graph is not D-reducible.
[2023-11-17 01:03:42.786] [info] Started C-reducibility check
[2023-11-17 01:19:25.892] [info] Trying 8095107 possible contractions
[2023-11-17 01:19:25.954] [info] [0/8095107] Starting contraction of size 1
[2023-11-17 01:21:40.750] [info] All colors passed! Contracted: 34
[2023-11-17 01:21:40.762] [info] Graph is C-reducible!
