[2024-06-13 17:18:33.532] [info] Kempe type: Toroidal
[2024-06-13 17:18:33.532] [info] Vertex size: 29, Edge size: 50, Ring size: 13
[2024-06-13 17:18:34.223] [info] Started D-reducibility check
[2024-06-13 17:18:34.230] [info] #1: Feasible / Total: 8169 / 66430
[2024-06-13 17:18:53.324] [info] #2: Feasible / Total: 11222 / 66430
[2024-06-13 17:19:00.721] [info] #3: Feasible / Total: 12712 / 66430
[2024-06-13 17:19:06.331] [info] #4: Feasible / Total: 13898 / 66430
[2024-06-13 17:19:11.030] [info] #5: Feasible / Total: 15060 / 66430
[2024-06-13 17:19:17.607] [info] #6: Feasible / Total: 16466 / 66430
[2024-06-13 17:19:23.596] [info] #7: Feasible / Total: 18161 / 66430
[2024-06-13 17:19:30.436] [info] #8: Feasible / Total: 20296 / 66430
[2024-06-13 17:19:39.514] [info] #9: Feasible / Total: 23136 / 66430
[2024-06-13 17:19:47.326] [info] #10: Feasible / Total: 26700 / 66430
[2024-06-13 17:19:54.888] [info] #11: Feasible / Total: 30717 / 66430
[2024-06-13 17:19:59.466] [info] #12: Feasible / Total: 32959 / 66430
[2024-06-13 17:20:00.755] [info] #13: Feasible / Total: 33397 / 66430
[2024-06-13 17:20:01.124] [info] #14: Feasible / Total: 33435 / 66430
[2024-06-13 17:20:01.428] [info] #14: Feasible / Total: 33435 / 66430
[2024-06-13 17:20:01.428] [info] Graph is not D-reducible.
[2024-06-13 17:20:01.435] [info] Started C-reducibility check
[2024-06-13 17:20:11.258] [info] Trying 3640700 possible contractions
[2024-06-13 17:20:11.258] [info] [0/3640700] Starting contraction of size 1
[2024-06-13 17:20:11.875] [info] All colors passed! Contracted: 42
[2024-06-13 17:20:11.875] [info] Graph is C-reducible!
