[2024-10-19 14:57:07.370] [info] Kempe type: Toroidal
[2024-10-19 14:57:07.370] [info] Vertex size: 35, Edge size: 60, Ring size: 15
[2024-10-19 14:57:28.890] [info] Started D-reducibility check
[2024-10-19 14:57:28.890] [info] #1: Feasible / Total: 58239 / 597871
[2024-10-19 16:41:26.400] [info] #2: Feasible / Total: 93130 / 597871
[2024-10-19 17:18:10.022] [info] #3: Feasible / Total: 115647 / 597871
[2024-10-19 17:44:37.870] [info] #4: Feasible / Total: 138087 / 597871
[2024-10-19 18:11:19.077] [info] #5: Feasible / Total: 165500 / 597871
[2024-10-19 18:41:15.196] [info] #6: Feasible / Total: 201765 / 597871
[2024-10-19 19:14:35.809] [info] #7: Feasible / Total: 257705 / 597871
[2024-10-19 19:45:10.812] [info] #8: Feasible / Total: 348106 / 597871
[2024-10-19 19:59:40.871] [info] #9: Feasible / Total: 435173 / 597871
[2024-10-19 20:01:10.041] [info] #10: Feasible / Total: 451893 / 597871
[2024-10-19 20:01:17.839] [info] #11: Feasible / Total: 451999 / 597871
[2024-10-19 20:01:21.889] [info] #11: Feasible / Total: 451999 / 597871
[2024-10-19 20:01:21.890] [info] Graph is not D-reducible.
[2024-10-19 20:01:22.158] [info] Started C-reducibility check
[2024-10-19 20:01:36.522] [info] Trying 2912782 possible contractions
[2024-10-19 20:01:36.522] [info] [0/2912782] Starting contraction of size 1
[2024-10-19 20:04:44.987] [info] [45/2912782] Starting contraction of size 2
[2024-10-19 20:38:12.240] [info] [960/2912782] Starting contraction of size 3
[2024-10-19 22:34:17.159] [info] All colors passed! Contracted: 15, 45, 56
[2024-10-19 22:34:17.159] [info] Graph is C-reducible!
