[2023-11-17 00:34:26.535] [info] Kempe type: Toroidal
[2023-11-17 00:34:26.774] [info] Vertex size: 33, Edge size: 56, Ring size: 13
[2023-11-17 00:34:38.198] [info] Started D-reducibility check
[2023-11-17 00:34:38.294] [info] #1: Feasible / Total: 11001 / 66430
[2023-11-17 00:43:50.192] [info] #2: Feasible / Total: 15757 / 66430
[2023-11-17 00:47:22.623] [info] #3: Feasible / Total: 18892 / 66430
[2023-11-17 00:50:00.308] [info] #4: Feasible / Total: 21223 / 66430
[2023-11-17 00:51:37.944] [info] #5: Feasible / Total: 22619 / 66430
[2023-11-17 00:52:43.263] [info] #6: Feasible / Total: 23649 / 66430
[2023-11-17 00:53:48.441] [info] #7: Feasible / Total: 24593 / 66430
[2023-11-17 00:55:17.266] [info] #8: Feasible / Total: 26025 / 66430
[2023-11-17 00:57:32.256] [info] #9: Feasible / Total: 28558 / 66430
[2023-11-17 01:00:58.277] [info] #10: Feasible / Total: 32722 / 66430
[2023-11-17 01:04:03.242] [info] #11: Feasible / Total: 37322 / 66430
[2023-11-17 01:06:43.185] [info] #12: Feasible / Total: 42236 / 66430
[2023-11-17 01:08:02.557] [info] #13: Feasible / Total: 45945 / 66430
[2023-11-17 01:08:14.816] [info] #14: Feasible / Total: 46183 / 66430
[2023-11-17 01:08:18.305] [info] #15: Feasible / Total: 46184 / 66430
[2023-11-17 01:08:21.938] [info] #15: Feasible / Total: 46184 / 66430
[2023-11-17 01:08:21.942] [info] Graph is not D-reducible.
[2023-11-17 01:08:22.227] [info] Started C-reducibility check
[2023-11-17 01:51:50.399] [info] Trying 17111150 possible contractions
[2023-11-17 01:51:50.402] [info] [0/17111150] Starting contraction of size 1
[2023-11-17 01:59:07.569] [info] [43/17111150] Starting contraction of size 2
[2023-11-17 03:50:47.350] [info] [873/17111150] Starting contraction of size 3
[2023-11-17 06:54:53.669] [info] All colors passed! Contracted: 35, 42, 49
[2023-11-17 06:54:53.702] [info] Graph is C-reducible!
