[2023-11-16 14:26:43.761] [info] Kempe type: Toroidal
[2023-11-16 14:26:43.761] [info] Vertex size: 29, Edge size: 50, Ring size: 13
[2023-11-16 14:26:45.069] [info] Started D-reducibility check
[2023-11-16 14:26:45.069] [info] #1: Feasible / Total: 8406 / 66430
[2023-11-16 14:28:06.118] [info] #2: Feasible / Total: 10294 / 66430
[2023-11-16 14:28:33.156] [info] #3: Feasible / Total: 11215 / 66430
[2023-11-16 14:28:46.246] [info] #4: Feasible / Total: 11584 / 66430
[2023-11-16 14:28:56.840] [info] #5: Feasible / Total: 11842 / 66430
[2023-11-16 14:29:04.543] [info] #6: Feasible / Total: 12130 / 66430
[2023-11-16 14:29:14.589] [info] #7: Feasible / Total: 12532 / 66430
[2023-11-16 14:29:26.929] [info] #8: Feasible / Total: 13020 / 66430
[2023-11-16 14:29:43.118] [info] #9: Feasible / Total: 13653 / 66430
[2023-11-16 14:29:59.503] [info] #10: Feasible / Total: 14375 / 66430
[2023-11-16 14:30:16.393] [info] #11: Feasible / Total: 15085 / 66430
[2023-11-16 14:30:33.483] [info] #12: Feasible / Total: 15787 / 66430
[2023-11-16 14:30:51.575] [info] #13: Feasible / Total: 16469 / 66430
[2023-11-16 14:31:08.715] [info] #14: Feasible / Total: 17282 / 66430
[2023-11-16 14:31:29.175] [info] #15: Feasible / Total: 18136 / 66430
[2023-11-16 14:31:51.861] [info] #16: Feasible / Total: 19100 / 66430
[2023-11-16 14:32:19.957] [info] #17: Feasible / Total: 20501 / 66430
[2023-11-16 14:32:51.271] [info] #18: Feasible / Total: 22282 / 66430
[2023-11-16 14:33:31.979] [info] #19: Feasible / Total: 24586 / 66430
[2023-11-16 14:34:27.730] [info] #20: Feasible / Total: 28062 / 66430
[2023-11-16 14:35:34.441] [info] #21: Feasible / Total: 34494 / 66430
[2023-11-16 14:36:53.528] [info] #22: Feasible / Total: 46962 / 66430
[2023-11-16 14:37:20.157] [info] #23: Feasible / Total: 55774 / 66430
[2023-11-16 14:37:21.528] [info] #24: Feasible / Total: 55971 / 66430
[2023-11-16 14:37:22.058] [info] #24: Feasible / Total: 55971 / 66430
[2023-11-16 14:37:22.058] [info] Graph is not D-reducible.
[2023-11-16 14:37:22.115] [info] Started C-reducibility check
[2023-11-16 14:38:18.938] [info] Trying 3655143 possible contractions
[2023-11-16 14:38:18.954] [info] [0/3655143] Starting contraction of size 1
[2023-11-16 14:38:41.646] [info] [37/3655143] Starting contraction of size 2
[2023-11-16 14:44:11.236] [info] [642/3655143] Starting contraction of size 3
[2023-11-16 15:23:35.943] [info] [6427/3655143] Starting contraction of size 4
[2023-11-16 16:02:37.555] [info] All colors passed! Contracted: 14, 23, 24, 32
[2023-11-16 16:02:37.555] [info] Graph is C-reducible!
