[2024-04-19 22:24:04.590] [info] Kempe type: Toroidal
[2024-04-19 22:24:04.590] [info] Vertex size: 34, Edge size: 58, Ring size: 14
[2024-04-19 22:24:05.371] [info] Started D-reducibility check
[2024-04-19 22:24:05.371] [info] #1: Feasible / Total: 24972 / 199291
[2024-04-19 22:25:15.997] [info] #2: Feasible / Total: 33213 / 199291
[2024-04-19 22:25:53.575] [info] #3: Feasible / Total: 40386 / 199291
[2024-04-19 22:26:15.337] [info] #4: Feasible / Total: 44836 / 199291
[2024-04-19 22:26:31.899] [info] #5: Feasible / Total: 48530 / 199291
[2024-04-19 22:26:44.945] [info] #6: Feasible / Total: 51827 / 199291
[2024-04-19 22:26:58.866] [info] #7: Feasible / Total: 54693 / 199291
[2024-04-19 22:27:11.127] [info] #8: Feasible / Total: 57423 / 199291
[2024-04-19 22:27:24.276] [info] #9: Feasible / Total: 60161 / 199291
[2024-04-19 22:27:46.682] [info] #10: Feasible / Total: 63822 / 199291
[2024-04-19 22:28:12.790] [info] #11: Feasible / Total: 68547 / 199291
[2024-04-19 22:28:37.655] [info] #12: Feasible / Total: 74123 / 199291
[2024-04-19 22:29:03.147] [info] #13: Feasible / Total: 80035 / 199291
[2024-04-19 22:29:28.375] [info] #14: Feasible / Total: 87942 / 199291
[2024-04-19 22:29:42.517] [info] #15: Feasible / Total: 94905 / 199291
[2024-04-19 22:29:46.042] [info] #16: Feasible / Total: 96427 / 199291
[2024-04-19 22:29:47.144] [info] #17: Feasible / Total: 96460 / 199291
[2024-04-19 22:29:48.120] [info] #17: Feasible / Total: 96460 / 199291
[2024-04-19 22:29:48.120] [info] Graph is not D-reducible.
[2024-04-19 22:29:48.173] [info] Started C-reducibility check
[2024-04-19 22:30:20.870] [info] Trying 22304470 possible contractions
[2024-04-19 22:30:20.870] [info] [0/22304470] Starting contraction of size 1
[2024-04-19 22:30:26.046] [info] All colors passed! Contracted: 19
[2024-04-19 22:30:26.046] [info] Graph is C-reducible!
