[2024-06-21 14:34:23.947] [info] Kempe type: Toroidal
[2024-06-21 14:34:23.947] [info] Vertex size: 37, Edge size: 63, Ring size: 15
[2024-06-21 14:34:29.311] [info] Started D-reducibility check
[2024-06-21 14:34:29.311] [info] #1: Feasible / Total: 67474 / 597871
[2024-06-21 14:48:22.194] [info] #2: Feasible / Total: 102445 / 597871
[2024-06-21 14:58:18.607] [info] #3: Feasible / Total: 129761 / 597871
[2024-06-21 15:08:23.038] [info] #4: Feasible / Total: 164560 / 597871
[2024-06-21 15:22:39.443] [info] #5: Feasible / Total: 220135 / 597871
[2024-06-21 15:41:25.239] [info] #6: Feasible / Total: 309116 / 597871
[2024-06-21 15:56:39.878] [info] #7: Feasible / Total: 408345 / 597871
[2024-06-21 15:59:42.947] [info] #8: Feasible / Total: 442065 / 597871
[2024-06-21 15:59:55.554] [info] #9: Feasible / Total: 443113 / 597871
[2024-06-21 15:59:59.576] [info] #9: Feasible / Total: 443113 / 597871
[2024-06-21 15:59:59.576] [info] Graph is not D-reducible.
[2024-06-21 15:59:59.734] [info] Started C-reducibility check
[2024-06-21 16:02:36.520] [info] Trying 55338482 possible contractions
[2024-06-21 16:02:36.520] [info] [0/55338482] Starting contraction of size 1
[2024-06-21 16:05:18.350] [info] [48/55338482] Starting contraction of size 2
[2024-06-21 16:46:39.025] [info] [1095/55338482] Starting contraction of size 3
[2024-06-21 20:02:59.635] [info] All colors passed! Contracted: 25, 27, 52
[2024-06-21 20:02:59.636] [info] Graph is C-reducible!
