[2024-04-19 21:33:05.671] [info] Kempe type: Toroidal
[2024-04-19 21:33:05.671] [info] Vertex size: 34, Edge size: 58, Ring size: 14
[2024-04-19 21:33:06.693] [info] Started D-reducibility check
[2024-04-19 21:33:06.693] [info] #1: Feasible / Total: 22603 / 199291
[2024-04-19 21:34:27.037] [info] #2: Feasible / Total: 30483 / 199291
[2024-04-19 21:34:51.809] [info] #3: Feasible / Total: 35504 / 199291
[2024-04-19 21:35:16.549] [info] #4: Feasible / Total: 39928 / 199291
[2024-04-19 21:35:40.428] [info] #5: Feasible / Total: 44670 / 199291
[2024-04-19 21:36:08.422] [info] #6: Feasible / Total: 50533 / 199291
[2024-04-19 21:36:42.067] [info] #7: Feasible / Total: 58860 / 199291
[2024-04-19 21:37:21.927] [info] #8: Feasible / Total: 70499 / 199291
[2024-04-19 21:38:13.406] [info] #9: Feasible / Total: 88159 / 199291
[2024-04-19 21:39:17.291] [info] #10: Feasible / Total: 114791 / 199291
[2024-04-19 21:39:51.773] [info] #11: Feasible / Total: 139255 / 199291
[2024-04-19 21:39:55.704] [info] #12: Feasible / Total: 144508 / 199291
[2024-04-19 21:39:56.248] [info] #13: Feasible / Total: 144513 / 199291
[2024-04-19 21:39:56.778] [info] #13: Feasible / Total: 144513 / 199291
[2024-04-19 21:39:56.778] [info] Graph is not D-reducible.
[2024-04-19 21:39:56.800] [info] Started C-reducibility check
[2024-04-19 21:40:29.140] [info] Trying 22374781 possible contractions
[2024-04-19 21:40:29.140] [info] [0/22374781] Starting contraction of size 1
[2024-04-19 21:40:29.871] [info] All colors passed! Contracted: 17
[2024-04-19 21:40:29.871] [info] Graph is C-reducible!
