[2024-02-29 15:56:43.256] [info] Kempe type: Toroidal
[2024-02-29 15:56:43.256] [info] Vertex size: 40, Edge size: 68, Ring size: 16
[2024-02-29 15:56:50.879] [info] Started D-reducibility check
[2024-02-29 15:56:50.879] [info] #1: Feasible / Total: 152858 / 1793614
[2024-02-29 16:57:33.036] [info] #2: Feasible / Total: 212298 / 1793614
[2024-02-29 17:27:25.657] [info] #3: Feasible / Total: 242017 / 1793614
[2024-02-29 17:45:33.045] [info] #4: Feasible / Total: 260147 / 1793614
[2024-02-29 17:59:42.443] [info] #5: Feasible / Total: 275624 / 1793614
[2024-02-29 18:15:09.761] [info] #6: Feasible / Total: 292459 / 1793614
[2024-02-29 18:31:06.802] [info] #7: Feasible / Total: 311200 / 1793614
[2024-02-29 18:47:48.530] [info] #8: Feasible / Total: 332847 / 1793614
[2024-02-29 19:06:42.359] [info] #9: Feasible / Total: 360891 / 1793614
[2024-02-29 19:31:23.749] [info] #10: Feasible / Total: 398827 / 1793614
[2024-02-29 19:59:31.869] [info] #11: Feasible / Total: 448106 / 1793614
[2024-02-29 20:34:39.793] [info] #12: Feasible / Total: 509044 / 1793614
[2024-02-29 21:16:04.375] [info] #13: Feasible / Total: 587590 / 1793614
[2024-02-29 22:10:23.804] [info] #14: Feasible / Total: 690825 / 1793614
[2024-02-29 23:14:26.948] [info] #15: Feasible / Total: 826848 / 1793614
[2024-03-01 00:14:28.019] [info] #16: Feasible / Total: 983112 / 1793614
[2024-03-01 00:54:47.246] [info] #17: Feasible / Total: 1094539 / 1793614
[2024-03-01 01:03:57.619] [info] #18: Feasible / Total: 1123503 / 1793614
[2024-03-01 01:04:32.545] [info] #19: Feasible / Total: 1124070 / 1793614
[2024-03-01 01:04:51.317] [info] #19: Feasible / Total: 1124070 / 1793614
[2024-03-01 01:04:51.317] [info] Graph is not D-reducible.
[2024-03-01 01:04:51.768] [info] Started C-reducibility check
[2024-03-01 01:07:33.543] [info] Trying 127326607 possible contractions
[2024-03-01 01:07:33.543] [info] [0/127326607] Starting contraction of size 1
[2024-03-01 01:08:28.309] [info] All colors passed! Contracted: 57
[2024-03-01 01:08:28.310] [info] Graph is C-reducible!
