[2023-12-05 15:26:42.051] [info] Kempe type: Toroidal
[2023-12-05 15:26:42.051] [info] Vertex size: 37, Edge size: 63, Ring size: 15
[2023-12-05 15:27:05.086] [info] Started D-reducibility check
[2023-12-05 15:27:05.086] [info] #1: Feasible / Total: 63629 / 597871
[2023-12-05 19:21:30.608] [info] #2: Feasible / Total: 102239 / 597871
[2023-12-05 21:27:12.724] [info] #3: Feasible / Total: 127712 / 597871
[2023-12-05 23:26:14.749] [info] #4: Feasible / Total: 155047 / 597871
[2023-12-06 01:51:10.878] [info] #5: Feasible / Total: 194918 / 597871
[2023-12-06 04:42:30.338] [info] #6: Feasible / Total: 256186 / 597871
[2023-12-06 07:40:44.679] [info] #7: Feasible / Total: 347233 / 597871
[2023-12-06 10:07:08.189] [info] #8: Feasible / Total: 468218 / 597871
[2023-12-06 10:24:58.204] [info] #9: Feasible / Total: 512635 / 597871
[2023-12-06 10:25:32.499] [info] #10: Feasible / Total: 512695 / 597871
[2023-12-06 10:26:04.344] [info] #10: Feasible / Total: 512695 / 597871
[2023-12-06 10:26:04.344] [info] Graph is not D-reducible.
[2023-12-06 10:26:06.062] [info] Started C-reducibility check
[2023-12-06 14:16:43.903] [info] Trying 137253 possible contractions
[2023-12-06 14:16:43.903] [info] [0/137253] Starting contraction of size 1
[2023-12-06 14:21:00.468] [info] All colors passed! Contracted: 35
[2023-12-06 14:21:00.468] [info] Graph is C-reducible!
