[2024-10-19 13:09:47.957] [info] Kempe type: Toroidal
[2024-10-19 13:09:47.957] [info] Vertex size: 39, Edge size: 66, Ring size: 15
[2024-10-19 13:10:35.141] [info] Started D-reducibility check
[2024-10-19 13:10:35.141] [info] #1: Feasible / Total: 70344 / 597871
[2024-10-19 14:16:08.044] [info] #2: Feasible / Total: 106873 / 597871
[2024-10-19 14:40:31.954] [info] #3: Feasible / Total: 134199 / 597871
[2024-10-19 15:19:22.657] [info] #4: Feasible / Total: 164882 / 597871
[2024-10-19 16:19:30.084] [info] #5: Feasible / Total: 199041 / 597871
[2024-10-19 16:58:39.855] [info] #6: Feasible / Total: 241042 / 597871
[2024-10-19 17:38:20.531] [info] #7: Feasible / Total: 298065 / 597871
[2024-10-19 18:21:14.962] [info] #8: Feasible / Total: 385147 / 597871
[2024-10-19 18:50:54.461] [info] #9: Feasible / Total: 485830 / 597871
[2024-10-19 18:54:09.862] [info] #10: Feasible / Total: 503309 / 597871
[2024-10-19 18:54:15.723] [info] #11: Feasible / Total: 503311 / 597871
[2024-10-19 18:54:20.775] [info] #11: Feasible / Total: 503311 / 597871
[2024-10-19 18:54:20.788] [info] Graph is not D-reducible.
[2024-10-19 18:54:21.084] [info] Started C-reducibility check
[2024-10-19 18:55:08.695] [info] Trying 7086976 possible contractions
[2024-10-19 18:55:08.716] [info] [0/7086976] Starting contraction of size 1
[2024-10-19 18:55:45.262] [info] All colors passed! Contracted: 55
[2024-10-19 18:55:45.262] [info] Graph is C-reducible!
