[2023-11-16 13:19:33.508] [info] Kempe type: Toroidal
[2023-11-16 13:19:33.508] [info] Vertex size: 31, Edge size: 53, Ring size: 13
[2023-11-16 13:19:38.762] [info] Started D-reducibility check
[2023-11-16 13:19:38.762] [info] #1: Feasible / Total: 10410 / 66430
[2023-11-16 13:21:42.860] [info] #2: Feasible / Total: 14779 / 66430
[2023-11-16 13:22:35.378] [info] #3: Feasible / Total: 18912 / 66430
[2023-11-16 13:23:42.613] [info] #4: Feasible / Total: 25808 / 66430
[2023-11-16 13:24:55.441] [info] #5: Feasible / Total: 37788 / 66430
[2023-11-16 13:25:28.007] [info] #6: Feasible / Total: 46503 / 66430
[2023-11-16 13:25:31.773] [info] #7: Feasible / Total: 47846 / 66430
[2023-11-16 13:25:32.468] [info] #8: Feasible / Total: 47848 / 66430
[2023-11-16 13:25:33.172] [info] #8: Feasible / Total: 47848 / 66430
[2023-11-16 13:25:33.172] [info] Graph is not D-reducible.
[2023-11-16 13:25:33.192] [info] Started C-reducibility check
[2023-11-16 13:27:54.788] [info] Trying 8128842 possible contractions
[2023-11-16 13:27:54.818] [info] [0/8128842] Starting contraction of size 1
[2023-11-16 13:28:36.858] [info] [40/8128842] Starting contraction of size 2
[2023-11-16 13:38:30.800] [info] [753/8128842] Starting contraction of size 3
[2023-11-16 13:54:32.773] [info] All colors passed! Contracted: 16, 43, 45
[2023-11-16 13:54:32.782] [info] Graph is C-reducible!
