[2023-11-16 13:18:54.433] [info] Kempe type: Toroidal
[2023-11-16 13:18:54.433] [info] Vertex size: 33, Edge size: 56, Ring size: 13
[2023-11-16 13:18:57.627] [info] Started D-reducibility check
[2023-11-16 13:18:57.627] [info] #1: Feasible / Total: 12358 / 66430
[2023-11-16 13:19:48.981] [info] #2: Feasible / Total: 17763 / 66430
[2023-11-16 13:20:16.607] [info] #3: Feasible / Total: 20694 / 66430
[2023-11-16 13:20:24.351] [info] #4: Feasible / Total: 22369 / 66430
[2023-11-16 13:20:29.291] [info] #5: Feasible / Total: 23498 / 66430
[2023-11-16 13:20:33.816] [info] #6: Feasible / Total: 24137 / 66430
[2023-11-16 13:20:37.872] [info] #7: Feasible / Total: 24693 / 66430
[2023-11-16 13:20:40.472] [info] #8: Feasible / Total: 25117 / 66430
[2023-11-16 13:20:42.789] [info] #9: Feasible / Total: 25354 / 66430
[2023-11-16 13:20:45.072] [info] #10: Feasible / Total: 25546 / 66430
[2023-11-16 13:20:48.386] [info] #11: Feasible / Total: 25819 / 66430
[2023-11-16 13:20:51.476] [info] #12: Feasible / Total: 26166 / 66430
[2023-11-16 13:20:54.975] [info] #13: Feasible / Total: 26470 / 66430
[2023-11-16 13:20:58.336] [info] #14: Feasible / Total: 26765 / 66430
[2023-11-16 13:21:01.713] [info] #15: Feasible / Total: 27190 / 66430
[2023-11-16 13:21:06.435] [info] #16: Feasible / Total: 27999 / 66430
[2023-11-16 13:21:10.480] [info] #17: Feasible / Total: 28659 / 66430
[2023-11-16 13:21:12.662] [info] #18: Feasible / Total: 28853 / 66430
[2023-11-16 13:21:16.081] [info] #19: Feasible / Total: 29136 / 66430
[2023-11-16 13:21:21.555] [info] #20: Feasible / Total: 29592 / 66430
[2023-11-16 13:21:32.654] [info] #21: Feasible / Total: 30653 / 66430
[2023-11-16 13:22:00.820] [info] #22: Feasible / Total: 33837 / 66430
[2023-11-16 13:22:37.101] [info] #23: Feasible / Total: 40481 / 66430
[2023-11-16 13:22:48.419] [info] #24: Feasible / Total: 43468 / 66430
[2023-11-16 13:22:50.185] [info] #25: Feasible / Total: 43610 / 66430
[2023-11-16 13:22:51.140] [info] #26: Feasible / Total: 43635 / 66430
[2023-11-16 13:22:52.021] [info] #27: Feasible / Total: 43680 / 66430
[2023-11-16 13:22:54.144] [info] #28: Feasible / Total: 43928 / 66430
[2023-11-16 13:22:58.740] [info] #29: Feasible / Total: 44353 / 66430
[2023-11-16 13:23:01.978] [info] #30: Feasible / Total: 44621 / 66430
[2023-11-16 13:23:03.060] [info] #31: Feasible / Total: 44637 / 66430
[2023-11-16 13:23:03.842] [info] #31: Feasible / Total: 44637 / 66430
[2023-11-16 13:23:03.842] [info] Graph is not D-reducible.
[2023-11-16 13:23:03.896] [info] Started C-reducibility check
[2023-11-16 13:30:21.876] [info] Trying 17116006 possible contractions
[2023-11-16 13:30:21.876] [info] [0/17116006] Starting contraction of size 1
[2023-11-16 13:30:31.448] [info] All colors passed! Contracted: 37
[2023-11-16 13:30:31.448] [info] Graph is C-reducible!
