[2024-10-19 13:09:47.273] [info] Kempe type: Toroidal
[2024-10-19 13:09:47.273] [info] Vertex size: 36, Edge size: 61, Ring size: 14
[2024-10-19 13:10:02.965] [info] Started D-reducibility check
[2024-10-19 13:10:02.965] [info] #1: Feasible / Total: 27740 / 199291
[2024-10-19 13:31:57.390] [info] #2: Feasible / Total: 40599 / 199291
[2024-10-19 13:40:52.604] [info] #3: Feasible / Total: 54034 / 199291
[2024-10-19 13:50:46.479] [info] #4: Feasible / Total: 75660 / 199291
[2024-10-19 14:01:32.825] [info] #5: Feasible / Total: 109595 / 199291
[2024-10-19 14:08:32.225] [info] #6: Feasible / Total: 145180 / 199291
[2024-10-19 14:10:09.911] [info] #7: Feasible / Total: 155554 / 199291
[2024-10-19 14:10:20.466] [info] #8: Feasible / Total: 156043 / 199291
[2024-10-19 14:10:23.364] [info] #9: Feasible / Total: 156060 / 199291
[2024-10-19 14:10:25.663] [info] #10: Feasible / Total: 156061 / 199291
[2024-10-19 14:10:27.928] [info] #10: Feasible / Total: 156061 / 199291
[2024-10-19 14:10:27.944] [info] Graph is not D-reducible.
[2024-10-19 14:10:28.015] [info] Started C-reducibility check
[2024-10-19 14:11:03.899] [info] Trying 3911522 possible contractions
[2024-10-19 14:11:03.899] [info] [0/3911522] Starting contraction of size 1
[2024-10-19 14:14:26.212] [info] [47/3911522] Starting contraction of size 2
[2024-10-19 15:40:38.998] [info] [1048/3911522] Starting contraction of size 3
[2024-10-19 19:17:51.071] [info] All colors passed! Contracted: 39, 41, 60
[2024-10-19 19:17:51.071] [info] Graph is C-reducible!
