[2023-11-16 22:28:31.432] [info] Kempe type: Toroidal
[2023-11-16 22:28:31.570] [info] Vertex size: 43, Edge size: 73, Ring size: 17
[2023-11-16 22:46:40.533] [info] Started D-reducibility check
[2023-11-16 22:46:40.566] [info] #1: Feasible / Total: 436766 / 5380840
[2023-11-22 12:28:19.866] [info] #2: Feasible / Total: 709025 / 5380840
[2023-11-24 12:22:49.176] [info] #3: Feasible / Total: 952283 / 5380840
[2023-11-26 01:32:51.806] [info] #4: Feasible / Total: 1261007 / 5380840
[2023-11-27 13:10:48.087] [info] #5: Feasible / Total: 1696162 / 5380840
[2023-11-29 06:21:53.181] [info] #6: Feasible / Total: 2342012 / 5380840
[2023-12-01 01:09:08.230] [info] #7: Feasible / Total: 3178870 / 5380840
[2023-12-01 19:55:12.685] [info] #8: Feasible / Total: 3832658 / 5380840
[2023-12-01 21:37:50.015] [info] #9: Feasible / Total: 3932609 / 5380840
[2023-12-01 21:47:50.139] [info] #10: Feasible / Total: 3934071 / 5380840
[2023-12-01 21:58:33.751] [info] #11: Feasible / Total: 3935002 / 5380840
[2023-12-01 22:06:07.014] [info] #12: Feasible / Total: 3935812 / 5380840
[2023-12-01 22:16:03.301] [info] #13: Feasible / Total: 3936682 / 5380840
[2023-12-01 22:24:46.581] [info] #14: Feasible / Total: 3937580 / 5380840
[2023-12-01 22:30:18.756] [info] #15: Feasible / Total: 3937833 / 5380840
[2023-12-01 22:34:48.515] [info] #16: Feasible / Total: 3937921 / 5380840
[2023-12-01 22:38:50.831] [info] #17: Feasible / Total: 3937943 / 5380840
[2023-12-01 22:43:09.282] [info] #18: Feasible / Total: 3937974 / 5380840
[2023-12-01 22:47:03.465] [info] #19: Feasible / Total: 3937978 / 5380840
[2023-12-01 22:51:01.014] [info] #19: Feasible / Total: 3937978 / 5380840
[2023-12-01 22:51:01.014] [info] Graph is not D-reducible.
[2023-12-01 22:51:06.695] [info] Started C-reducibility check
[2023-12-03 07:52:49.131] [info] Trying 271841901 possible contractions
[2023-12-03 07:52:49.131] [info] [0/271841901] Starting contraction of size 1
[2023-12-03 08:01:59.917] [info] All colors passed! Contracted: 19
[2023-12-03 08:01:59.917] [info] Graph is C-reducible!
