[2024-07-10 14:47:27.519] [info] Kempe type: Toroidal
[2024-07-10 14:47:27.519] [info] Vertex size: 40, Edge size: 68, Ring size: 16
[2024-07-10 14:47:35.255] [info] Started D-reducibility check
[2024-07-10 14:47:35.255] [info] #1: Feasible / Total: 151475 / 1793614
[2024-07-10 16:19:36.983] [info] #2: Feasible / Total: 194396 / 1793614
[2024-07-10 16:48:31.444] [info] #3: Feasible / Total: 214658 / 1793614
[2024-07-10 17:02:13.345] [info] #4: Feasible / Total: 225531 / 1793614
[2024-07-10 17:11:38.417] [info] #5: Feasible / Total: 233246 / 1793614
[2024-07-10 17:19:26.935] [info] #6: Feasible / Total: 239501 / 1793614
[2024-07-10 17:27:22.101] [info] #7: Feasible / Total: 245248 / 1793614
[2024-07-10 17:34:52.981] [info] #8: Feasible / Total: 251143 / 1793614
[2024-07-10 17:41:33.545] [info] #9: Feasible / Total: 257415 / 1793614
[2024-07-10 17:49:04.611] [info] #10: Feasible / Total: 264246 / 1793614
[2024-07-10 17:57:35.289] [info] #11: Feasible / Total: 272021 / 1793614
[2024-07-10 18:06:47.617] [info] #12: Feasible / Total: 280455 / 1793614
[2024-07-10 18:17:13.974] [info] #13: Feasible / Total: 289861 / 1793614
[2024-07-10 18:29:10.195] [info] #14: Feasible / Total: 300495 / 1793614
[2024-07-10 18:42:48.961] [info] #15: Feasible / Total: 313423 / 1793614
[2024-07-10 18:57:26.162] [info] #16: Feasible / Total: 329426 / 1793614
[2024-07-10 19:16:08.780] [info] #17: Feasible / Total: 350754 / 1793614
[2024-07-10 19:42:06.201] [info] #18: Feasible / Total: 380766 / 1793614
[2024-07-10 20:24:49.193] [info] #19: Feasible / Total: 425775 / 1793614
[2024-07-10 21:26:03.872] [info] #20: Feasible / Total: 498013 / 1793614
[2024-07-10 22:50:26.193] [info] #21: Feasible / Total: 617857 / 1793614
[2024-07-11 00:40:43.920] [info] #22: Feasible / Total: 802494 / 1793614
[2024-07-11 02:47:58.953] [info] #23: Feasible / Total: 1087036 / 1793614
[2024-07-11 04:16:28.692] [info] #24: Feasible / Total: 1423731 / 1793614
[2024-07-11 04:26:13.279] [info] #25: Feasible / Total: 1490731 / 1793614
[2024-07-11 04:26:22.836] [info] #26: Feasible / Total: 1490766 / 1793614
[2024-07-11 04:26:31.572] [info] #26: Feasible / Total: 1490766 / 1793614
[2024-07-11 04:26:31.572] [info] Graph is not D-reducible.
[2024-07-11 04:26:32.088] [info] Started C-reducibility check
[2024-07-11 04:29:36.638] [info] Trying 127605981 possible contractions
[2024-07-11 04:29:36.638] [info] [0/127605981] Starting contraction of size 1
[2024-07-11 04:29:52.476] [info] All colors passed! Contracted: 53
[2024-07-11 04:29:52.476] [info] Graph is C-reducible!
