[2024-07-13 22:47:10.813] [info] Kempe type: Toroidal
[2024-07-13 22:47:10.813] [info] Vertex size: 34, Edge size: 58, Ring size: 14
[2024-07-13 22:47:11.624] [info] Started D-reducibility check
[2024-07-13 22:47:11.625] [info] #1: Feasible / Total: 22101 / 199291
[2024-07-13 22:48:53.708] [info] #2: Feasible / Total: 32333 / 199291
[2024-07-13 22:49:50.957] [info] #3: Feasible / Total: 39139 / 199291
[2024-07-13 22:50:48.849] [info] #4: Feasible / Total: 45614 / 199291
[2024-07-13 22:51:33.354] [info] #5: Feasible / Total: 51098 / 199291
[2024-07-13 22:52:12.839] [info] #6: Feasible / Total: 57113 / 199291
[2024-07-13 22:53:04.158] [info] #7: Feasible / Total: 65469 / 199291
[2024-07-13 22:54:09.420] [info] #8: Feasible / Total: 77296 / 199291
[2024-07-13 22:55:04.205] [info] #9: Feasible / Total: 92253 / 199291
[2024-07-13 22:55:33.155] [info] #10: Feasible / Total: 104093 / 199291
[2024-07-13 22:55:43.638] [info] #11: Feasible / Total: 108738 / 199291
[2024-07-13 22:55:49.278] [info] #12: Feasible / Total: 109920 / 199291
[2024-07-13 22:55:53.622] [info] #13: Feasible / Total: 110779 / 199291
[2024-07-13 22:55:55.682] [info] #14: Feasible / Total: 111167 / 199291
[2024-07-13 22:55:56.856] [info] #15: Feasible / Total: 111223 / 199291
[2024-07-13 22:55:58.506] [info] #16: Feasible / Total: 111265 / 199291
[2024-07-13 22:56:00.490] [info] #17: Feasible / Total: 111315 / 199291
[2024-07-13 22:56:01.688] [info] #18: Feasible / Total: 111342 / 199291
[2024-07-13 22:56:02.772] [info] #19: Feasible / Total: 111360 / 199291
[2024-07-13 22:56:04.940] [info] #20: Feasible / Total: 111382 / 199291
[2024-07-13 22:56:07.009] [info] #21: Feasible / Total: 111409 / 199291
[2024-07-13 22:56:08.299] [info] #22: Feasible / Total: 111450 / 199291
[2024-07-13 22:56:09.737] [info] #23: Feasible / Total: 111474 / 199291
[2024-07-13 22:56:11.676] [info] #24: Feasible / Total: 111486 / 199291
[2024-07-13 22:56:13.184] [info] #25: Feasible / Total: 111490 / 199291
[2024-07-13 22:56:14.138] [info] #25: Feasible / Total: 111490 / 199291
[2024-07-13 22:56:14.139] [info] Graph is not D-reducible.
[2024-07-13 22:56:14.161] [info] Started C-reducibility check
[2024-07-13 22:56:58.048] [info] Trying 22304591 possible contractions
[2024-07-13 22:56:58.048] [info] [0/22304591] Starting contraction of size 1
[2024-07-13 22:57:05.184] [info] All colors passed! Contracted: 43
[2024-07-13 22:57:05.185] [info] Graph is C-reducible!
