[2023-11-28 23:33:13.777] [info] Kempe type: Toroidal
[2023-11-28 23:33:13.778] [info] Vertex size: 40, Edge size: 68, Ring size: 16
[2023-11-28 23:33:44.231] [info] Started D-reducibility check
[2023-11-28 23:33:44.232] [info] #1: Feasible / Total: 167103 / 1793614
[2023-11-29 08:45:19.007] [info] #2: Feasible / Total: 260841 / 1793614
[2023-11-29 13:56:55.379] [info] #3: Feasible / Total: 350901 / 1793614
[2023-11-29 20:14:42.032] [info] #4: Feasible / Total: 470233 / 1793614
[2023-11-30 03:31:26.611] [info] #5: Feasible / Total: 653384 / 1793614
[2023-11-30 12:10:01.206] [info] #6: Feasible / Total: 918010 / 1793614
[2023-11-30 19:46:55.199] [info] #7: Feasible / Total: 1246658 / 1793614
[2023-11-30 22:32:50.232] [info] #8: Feasible / Total: 1387518 / 1793614
[2023-11-30 22:49:10.450] [info] #9: Feasible / Total: 1396687 / 1793614
[2023-11-30 22:50:12.793] [info] #10: Feasible / Total: 1396775 / 1793614
[2023-11-30 22:50:55.570] [info] #10: Feasible / Total: 1396775 / 1793614
[2023-11-30 22:50:55.570] [info] Graph is not D-reducible.
[2023-11-30 22:50:56.628] [info] Started C-reducibility check
[2023-12-01 04:24:04.043] [info] Trying 127629003 possible contractions
[2023-12-01 04:24:04.054] [info] [0/127629003] Starting contraction of size 1
[2023-12-01 04:25:01.315] [info] All colors passed! Contracted: 57
[2023-12-01 04:25:01.315] [info] Graph is C-reducible!
