[2023-11-16 14:26:44.100] [info] Kempe type: Toroidal
[2023-11-16 14:26:44.100] [info] Vertex size: 29, Edge size: 50, Ring size: 13
[2023-11-16 14:26:46.007] [info] Started D-reducibility check
[2023-11-16 14:26:46.007] [info] #1: Feasible / Total: 8680 / 66430
[2023-11-16 14:27:56.368] [info] #2: Feasible / Total: 10676 / 66430
[2023-11-16 14:28:23.675] [info] #3: Feasible / Total: 11739 / 66430
[2023-11-16 14:28:37.110] [info] #4: Feasible / Total: 12345 / 66430
[2023-11-16 14:28:50.406] [info] #5: Feasible / Total: 13083 / 66430
[2023-11-16 14:29:07.688] [info] #6: Feasible / Total: 13969 / 66430
[2023-11-16 14:29:26.995] [info] #7: Feasible / Total: 14976 / 66430
[2023-11-16 14:29:48.378] [info] #8: Feasible / Total: 16179 / 66430
[2023-11-16 14:30:14.185] [info] #9: Feasible / Total: 17922 / 66430
[2023-11-16 14:30:50.459] [info] #10: Feasible / Total: 20787 / 66430
[2023-11-16 14:31:47.821] [info] #11: Feasible / Total: 25186 / 66430
[2023-11-16 14:33:02.934] [info] #12: Feasible / Total: 31826 / 66430
[2023-11-16 14:34:21.848] [info] #13: Feasible / Total: 41622 / 66430
[2023-11-16 14:34:50.354] [info] #14: Feasible / Total: 48054 / 66430
[2023-11-16 14:34:52.726] [info] #15: Feasible / Total: 48470 / 66430
[2023-11-16 14:34:53.625] [info] #15: Feasible / Total: 48470 / 66430
[2023-11-16 14:34:53.625] [info] Graph is not D-reducible.
[2023-11-16 14:34:53.706] [info] Started C-reducibility check
[2023-11-16 14:35:49.034] [info] Trying 3639519 possible contractions
[2023-11-16 14:35:49.058] [info] [0/3639519] Starting contraction of size 1
[2023-11-16 14:35:51.325] [info] All colors passed! Contracted: 16
[2023-11-16 14:35:51.325] [info] Graph is C-reducible!
