[2023-11-16 15:21:25.327] [info] Kempe type: Toroidal
[2023-11-16 15:21:25.327] [info] Vertex size: 31, Edge size: 53, Ring size: 13
[2023-11-16 15:21:28.196] [info] Started D-reducibility check
[2023-11-16 15:21:28.196] [info] #1: Feasible / Total: 10036 / 66430
[2023-11-16 15:24:03.321] [info] #2: Feasible / Total: 15478 / 66430
[2023-11-16 15:25:00.179] [info] #3: Feasible / Total: 18499 / 66430
[2023-11-16 15:25:51.840] [info] #4: Feasible / Total: 21576 / 66430
[2023-11-16 15:26:49.244] [info] #5: Feasible / Total: 25080 / 66430
[2023-11-16 15:28:19.759] [info] #6: Feasible / Total: 30695 / 66430
[2023-11-16 15:30:24.079] [info] #7: Feasible / Total: 43527 / 66430
[2023-11-16 15:31:32.075] [info] #8: Feasible / Total: 58486 / 66430
[2023-11-16 15:31:43.190] [info] #9: Feasible / Total: 62298 / 66430
[2023-11-16 15:31:43.482] [info] #10: Feasible / Total: 62326 / 66430
[2023-11-16 15:31:43.706] [info] #10: Feasible / Total: 62326 / 66430
[2023-11-16 15:31:43.734] [info] Graph is not D-reducible.
[2023-11-16 15:31:43.803] [info] Started C-reducibility check
[2023-11-16 15:35:27.162] [info] Trying 8095714 possible contractions
[2023-11-16 15:35:27.162] [info] [0/8095714] Starting contraction of size 1
[2023-11-16 15:35:46.990] [info] All colors passed! Contracted: 21
[2023-11-16 15:35:46.990] [info] Graph is C-reducible!
