[2023-11-16 15:21:25.576] [info] Kempe type: Toroidal
[2023-11-16 15:21:25.576] [info] Vertex size: 34, Edge size: 57, Ring size: 12
[2023-11-16 15:21:30.115] [info] Started D-reducibility check
[2023-11-16 15:21:30.115] [info] #1: Feasible / Total: 5526 / 22144
[2023-11-16 15:22:05.767] [info] #2: Feasible / Total: 8254 / 22144
[2023-11-16 15:22:15.468] [info] #3: Feasible / Total: 9927 / 22144
[2023-11-16 15:22:21.293] [info] #4: Feasible / Total: 10680 / 22144
[2023-11-16 15:22:25.851] [info] #5: Feasible / Total: 11324 / 22144
[2023-11-16 15:22:33.606] [info] #6: Feasible / Total: 12426 / 22144
[2023-11-16 15:22:43.208] [info] #7: Feasible / Total: 14630 / 22144
[2023-11-16 15:22:48.358] [info] #8: Feasible / Total: 15808 / 22144
[2023-11-16 15:22:48.858] [info] #9: Feasible / Total: 15848 / 22144
[2023-11-16 15:22:49.149] [info] #10: Feasible / Total: 15849 / 22144
[2023-11-16 15:22:49.475] [info] #10: Feasible / Total: 15849 / 22144
[2023-11-16 15:22:49.475] [info] Graph is not D-reducible.
[2023-11-16 15:22:49.478] [info] Started C-reducibility check
[2023-11-16 15:51:15.490] [info] Trying 26367955 possible contractions
[2023-11-16 15:51:15.514] [info] [0/26367955] Starting contraction of size 1
[2023-11-16 15:51:21.200] [info] All colors passed! Contracted: 41
[2023-11-16 15:51:21.200] [info] Graph is C-reducible!
