[2024-07-03 15:17:40.641] [info] Kempe type: Toroidal
[2024-07-03 15:17:40.642] [info] Vertex size: 40, Edge size: 68, Ring size: 16
[2024-07-03 15:17:47.231] [info] Started D-reducibility check
[2024-07-03 15:17:47.231] [info] #1: Feasible / Total: 140288 / 1793614
[2024-07-03 16:37:17.937] [info] #2: Feasible / Total: 212886 / 1793614
[2024-07-03 17:12:47.108] [info] #3: Feasible / Total: 267347 / 1793614
[2024-07-03 17:37:41.570] [info] #4: Feasible / Total: 307071 / 1793614
[2024-07-03 17:54:06.387] [info] #5: Feasible / Total: 329068 / 1793614
[2024-07-03 18:06:28.652] [info] #6: Feasible / Total: 345337 / 1793614
[2024-07-03 18:22:21.208] [info] #7: Feasible / Total: 362500 / 1793614
[2024-07-03 18:39:57.920] [info] #8: Feasible / Total: 385366 / 1793614
[2024-07-03 19:03:57.810] [info] #9: Feasible / Total: 420364 / 1793614
[2024-07-03 19:39:24.854] [info] #10: Feasible / Total: 477873 / 1793614
[2024-07-03 20:33:08.511] [info] #11: Feasible / Total: 572429 / 1793614
[2024-07-03 21:35:18.010] [info] #12: Feasible / Total: 708741 / 1793614
[2024-07-03 22:07:09.667] [info] #13: Feasible / Total: 828761 / 1793614
[2024-07-03 22:13:29.765] [info] #14: Feasible / Total: 872317 / 1793614
[2024-07-03 22:14:08.328] [info] #15: Feasible / Total: 874236 / 1793614
[2024-07-03 22:14:38.007] [info] #15: Feasible / Total: 874236 / 1793614
[2024-07-03 22:14:38.007] [info] Graph is not D-reducible.
[2024-07-03 22:14:38.499] [info] Started C-reducibility check
[2024-07-03 22:17:30.508] [info] Trying 127304353 possible contractions
[2024-07-03 22:17:30.508] [info] [0/127304353] Starting contraction of size 1
[2024-07-03 22:17:49.754] [info] All colors passed! Contracted: 34
[2024-07-03 22:17:49.755] [info] Graph is C-reducible!
