[2024-08-04 17:21:32.532] [info] Kempe type: Toroidal
[2024-08-04 17:21:32.532] [info] Vertex size: 34, Edge size: 58, Ring size: 14
[2024-08-04 17:21:34.867] [info] Started D-reducibility check
[2024-08-04 17:21:34.867] [info] #1: Feasible / Total: 26769 / 199291
[2024-08-04 17:24:08.180] [info] #2: Feasible / Total: 34381 / 199291
[2024-08-04 17:24:54.361] [info] #3: Feasible / Total: 39356 / 199291
[2024-08-04 17:25:46.773] [info] #4: Feasible / Total: 45541 / 199291
[2024-08-04 17:26:51.550] [info] #5: Feasible / Total: 55883 / 199291
[2024-08-04 17:28:30.761] [info] #6: Feasible / Total: 75230 / 199291
[2024-08-04 17:31:24.117] [info] #7: Feasible / Total: 121006 / 199291
[2024-08-04 17:33:14.299] [info] #8: Feasible / Total: 178139 / 199291
[2024-08-04 17:33:24.760] [info] #9: Feasible / Total: 188356 / 199291
[2024-08-04 17:33:25.054] [info] #10: Feasible / Total: 188360 / 199291
[2024-08-04 17:33:25.162] [info] #10: Feasible / Total: 188360 / 199291
[2024-08-04 17:33:25.162] [info] Graph is not D-reducible.
[2024-08-04 17:33:25.185] [info] Started C-reducibility check
[2024-08-04 17:34:06.040] [info] Trying 22307632 possible contractions
[2024-08-04 17:34:06.040] [info] [0/22307632] Starting contraction of size 1
[2024-08-04 17:34:13.584] [info] All colors passed! Contracted: 48
[2024-08-04 17:34:13.585] [info] Graph is C-reducible!
