[2023-12-05 15:25:20.033] [info] Kempe type: Toroidal
[2023-12-05 15:25:20.043] [info] Vertex size: 36, Edge size: 61, Ring size: 14
[2023-12-05 15:25:24.332] [info] Started D-reducibility check
[2023-12-05 15:25:24.343] [info] #1: Feasible / Total: 27562 / 199291
[2023-12-05 16:11:05.043] [info] #2: Feasible / Total: 50465 / 199291
[2023-12-05 16:42:30.259] [info] #3: Feasible / Total: 70278 / 199291
[2023-12-05 17:14:08.210] [info] #4: Feasible / Total: 88404 / 199291
[2023-12-05 17:52:58.900] [info] #5: Feasible / Total: 117782 / 199291
[2023-12-05 18:19:45.835] [info] #6: Feasible / Total: 155439 / 199291
[2023-12-05 18:22:45.244] [info] #7: Feasible / Total: 161792 / 199291
[2023-12-05 18:23:06.392] [info] #8: Feasible / Total: 161874 / 199291
[2023-12-05 18:23:18.403] [info] #8: Feasible / Total: 161874 / 199291
[2023-12-05 18:23:18.404] [info] Graph is not D-reducible.
[2023-12-05 18:23:18.875] [info] Started C-reducibility check
[2023-12-05 20:56:11.991] [info] Trying 124343 possible contractions
[2023-12-05 20:56:11.991] [info] [0/124343] Starting contraction of size 1
[2023-12-05 21:08:35.807] [info] [47/124343] Starting contraction of size 2
[2023-12-06 00:47:26.488] [info] [1048/124343] Starting contraction of size 3
[2023-12-06 10:25:11.354] [info] All colors passed! Contracted: 32, 34, 59
[2023-12-06 10:25:11.354] [info] Graph is C-reducible!
