[2023-11-16 22:28:31.328] [info] Kempe type: Toroidal
[2023-11-16 22:28:31.330] [info] Vertex size: 32, Edge size: 55, Ring size: 14
[2023-11-16 22:28:38.043] [info] Started D-reducibility check
[2023-11-16 22:28:38.098] [info] #1: Feasible / Total: 22040 / 199291
[2023-11-16 22:42:10.677] [info] #2: Feasible / Total: 30013 / 199291
[2023-11-16 22:42:48.751] [info] #3: Feasible / Total: 33250 / 199291
[2023-11-16 22:43:08.082] [info] #4: Feasible / Total: 35129 / 199291
[2023-11-16 22:43:24.480] [info] #5: Feasible / Total: 36617 / 199291
[2023-11-16 22:43:51.819] [info] #6: Feasible / Total: 38066 / 199291
[2023-11-16 22:44:12.978] [info] #7: Feasible / Total: 39368 / 199291
[2023-11-16 22:44:34.823] [info] #8: Feasible / Total: 40523 / 199291
[2023-11-16 22:45:51.169] [info] #9: Feasible / Total: 41531 / 199291
[2023-11-16 22:47:53.403] [info] #10: Feasible / Total: 42534 / 199291
[2023-11-16 22:48:12.530] [info] #11: Feasible / Total: 43431 / 199291
[2023-11-16 22:49:23.560] [info] #12: Feasible / Total: 44204 / 199291
[2023-11-16 22:50:43.724] [info] #13: Feasible / Total: 44815 / 199291
[2023-11-16 22:51:51.796] [info] #14: Feasible / Total: 45328 / 199291
[2023-11-16 22:53:06.379] [info] #15: Feasible / Total: 45785 / 199291
[2023-11-16 22:54:11.275] [info] #16: Feasible / Total: 46213 / 199291
[2023-11-16 22:55:35.930] [info] #17: Feasible / Total: 46703 / 199291
[2023-11-16 22:57:27.177] [info] #18: Feasible / Total: 47482 / 199291
[2023-11-16 22:59:38.338] [info] #19: Feasible / Total: 48482 / 199291
[2023-11-16 23:01:13.519] [info] #20: Feasible / Total: 49625 / 199291
[2023-11-16 23:01:21.255] [info] #21: Feasible / Total: 50963 / 199291
[2023-11-16 23:03:27.090] [info] #22: Feasible / Total: 52608 / 199291
[2023-11-16 23:06:14.837] [info] #23: Feasible / Total: 54745 / 199291
[2023-11-16 23:09:52.158] [info] #24: Feasible / Total: 57805 / 199291
[2023-11-16 23:14:52.457] [info] #25: Feasible / Total: 62295 / 199291
[2023-11-16 23:21:29.834] [info] #26: Feasible / Total: 68918 / 199291
[2023-11-16 23:29:41.021] [info] #27: Feasible / Total: 78405 / 199291
[2023-11-16 23:39:24.734] [info] #28: Feasible / Total: 91403 / 199291
[2023-11-16 23:47:47.439] [info] #29: Feasible / Total: 103767 / 199291
[2023-11-16 23:53:48.710] [info] #30: Feasible / Total: 112478 / 199291
[2023-11-16 23:56:59.078] [info] #31: Feasible / Total: 116720 / 199291
[2023-11-16 23:58:13.141] [info] #32: Feasible / Total: 118447 / 199291
[2023-11-16 23:58:49.002] [info] #33: Feasible / Total: 119141 / 199291
[2023-11-16 23:59:05.137] [info] #34: Feasible / Total: 119199 / 199291
[2023-11-16 23:59:16.383] [info] #34: Feasible / Total: 119199 / 199291
[2023-11-16 23:59:16.383] [info] Graph is not D-reducible.
[2023-11-16 23:59:16.720] [info] Started C-reducibility check
[2023-11-17 00:07:14.291] [info] Trying 10827752 possible contractions
[2023-11-17 00:07:14.302] [info] [0/10827752] Starting contraction of size 1
[2023-11-17 00:10:01.018] [info] [41/10827752] Starting contraction of size 2
[2023-11-17 01:15:33.262] [info] [793/10827752] Starting contraction of size 3
[2023-11-17 02:22:09.934] [info] All colors passed! Contracted: 25, 37, 50
[2023-11-17 02:22:10.006] [info] Graph is C-reducible!
