[2024-10-19 13:09:48.566] [info] Kempe type: Toroidal
[2024-10-19 13:09:48.566] [info] Vertex size: 36, Edge size: 61, Ring size: 14
[2024-10-19 13:10:01.773] [info] Started D-reducibility check
[2024-10-19 13:10:01.773] [info] #1: Feasible / Total: 28377 / 199291
[2024-10-19 13:29:21.034] [info] #2: Feasible / Total: 42784 / 199291
[2024-10-19 13:36:16.243] [info] #3: Feasible / Total: 55436 / 199291
[2024-10-19 13:44:31.933] [info] #4: Feasible / Total: 72585 / 199291
[2024-10-19 13:54:42.416] [info] #5: Feasible / Total: 96123 / 199291
[2024-10-19 14:05:23.663] [info] #6: Feasible / Total: 130967 / 199291
[2024-10-19 14:08:48.470] [info] #7: Feasible / Total: 159317 / 199291
[2024-10-19 14:09:08.399] [info] #8: Feasible / Total: 162092 / 199291
[2024-10-19 14:09:12.690] [info] #9: Feasible / Total: 162438 / 199291
[2024-10-19 14:09:14.645] [info] #10: Feasible / Total: 162443 / 199291
[2024-10-19 14:09:16.496] [info] #10: Feasible / Total: 162443 / 199291
[2024-10-19 14:09:16.528] [info] Graph is not D-reducible.
[2024-10-19 14:09:16.615] [info] Started C-reducibility check
[2024-10-19 14:09:56.128] [info] Trying 3910827 possible contractions
[2024-10-19 14:09:56.128] [info] [0/3910827] Starting contraction of size 1
[2024-10-19 14:10:22.045] [info] All colors passed! Contracted: 32
[2024-10-19 14:10:22.045] [info] Graph is C-reducible!
