[2023-11-19 22:11:34.200] [info] Kempe type: Toroidal
[2023-11-19 22:11:34.210] [info] Vertex size: 29, Edge size: 50, Ring size: 13
[2023-11-19 22:11:37.083] [info] Started D-reducibility check
[2023-11-19 22:11:37.083] [info] #1: Feasible / Total: 7951 / 66430
[2023-11-19 22:13:13.335] [info] #2: Feasible / Total: 11027 / 66430
[2023-11-19 22:13:37.769] [info] #3: Feasible / Total: 12638 / 66430
[2023-11-19 22:13:57.538] [info] #4: Feasible / Total: 13601 / 66430
[2023-11-19 22:14:14.814] [info] #5: Feasible / Total: 14615 / 66430
[2023-11-19 22:14:30.348] [info] #6: Feasible / Total: 15483 / 66430
[2023-11-19 22:14:40.865] [info] #7: Feasible / Total: 16071 / 66430
[2023-11-19 22:14:50.929] [info] #8: Feasible / Total: 16422 / 66430
[2023-11-19 22:15:00.385] [info] #9: Feasible / Total: 16772 / 66430
[2023-11-19 22:15:08.334] [info] #10: Feasible / Total: 17089 / 66430
[2023-11-19 22:15:15.078] [info] #11: Feasible / Total: 17338 / 66430
[2023-11-19 22:15:21.157] [info] #12: Feasible / Total: 17571 / 66430
[2023-11-19 22:15:26.303] [info] #13: Feasible / Total: 17796 / 66430
[2023-11-19 22:15:31.171] [info] #14: Feasible / Total: 18033 / 66430
[2023-11-19 22:15:35.447] [info] #15: Feasible / Total: 18223 / 66430
[2023-11-19 22:15:39.735] [info] #16: Feasible / Total: 18445 / 66430
[2023-11-19 22:15:45.660] [info] #17: Feasible / Total: 18857 / 66430
[2023-11-19 22:15:53.249] [info] #18: Feasible / Total: 19367 / 66430
[2023-11-19 22:16:01.657] [info] #19: Feasible / Total: 19838 / 66430
[2023-11-19 22:16:10.633] [info] #20: Feasible / Total: 20299 / 66430
[2023-11-19 22:16:19.637] [info] #21: Feasible / Total: 20861 / 66430
[2023-11-19 22:16:30.993] [info] #22: Feasible / Total: 21666 / 66430
[2023-11-19 22:16:48.657] [info] #23: Feasible / Total: 22792 / 66430
[2023-11-19 22:17:10.209] [info] #24: Feasible / Total: 24423 / 66430
[2023-11-19 22:17:49.936] [info] #25: Feasible / Total: 27052 / 66430
[2023-11-19 22:18:52.918] [info] #26: Feasible / Total: 31650 / 66430
[2023-11-19 22:21:07.712] [info] #27: Feasible / Total: 41263 / 66430
[2023-11-19 22:22:02.841] [info] #28: Feasible / Total: 47987 / 66430
[2023-11-19 22:22:08.936] [info] #29: Feasible / Total: 48447 / 66430
[2023-11-19 22:22:10.808] [info] #30: Feasible / Total: 48455 / 66430
[2023-11-19 22:22:12.489] [info] #30: Feasible / Total: 48455 / 66430
[2023-11-19 22:22:12.489] [info] Graph is not D-reducible.
[2023-11-19 22:22:12.631] [info] Started C-reducibility check
[2023-11-19 22:23:56.281] [info] Trying 3624281 possible contractions
[2023-11-19 22:23:56.310] [info] [0/3624281] Starting contraction of size 1
[2023-11-19 22:25:13.325] [info] [37/3624281] Starting contraction of size 2
[2023-11-19 22:42:51.511] [info] [642/3624281] Starting contraction of size 3
[2023-11-20 00:42:04.006] [info] All colors passed! Contracted: 36, 38, 45
[2023-11-20 00:42:04.042] [info] Graph is C-reducible!
