[2023-12-05 15:25:36.397] [info] Kempe type: Toroidal
[2023-12-05 15:25:36.398] [info] Vertex size: 38, Edge size: 64, Ring size: 14
[2023-12-05 15:25:53.600] [info] Started D-reducibility check
[2023-12-05 15:25:53.600] [info] #1: Feasible / Total: 32676 / 199291
[2023-12-05 16:21:03.333] [info] #2: Feasible / Total: 56376 / 199291
[2023-12-05 16:41:19.245] [info] #3: Feasible / Total: 72165 / 199291
[2023-12-05 16:50:27.428] [info] #4: Feasible / Total: 79394 / 199291
[2023-12-05 16:56:16.391] [info] #5: Feasible / Total: 83231 / 199291
[2023-12-05 17:00:14.271] [info] #6: Feasible / Total: 86172 / 199291
[2023-12-05 17:02:56.138] [info] #7: Feasible / Total: 88095 / 199291
[2023-12-05 17:05:04.687] [info] #8: Feasible / Total: 89487 / 199291
[2023-12-05 17:07:26.750] [info] #9: Feasible / Total: 90838 / 199291
[2023-12-05 17:10:44.010] [info] #10: Feasible / Total: 93141 / 199291
[2023-12-05 17:19:16.620] [info] #11: Feasible / Total: 100112 / 199291
[2023-12-05 17:42:28.175] [info] #12: Feasible / Total: 120673 / 199291
[2023-12-05 18:07:36.692] [info] #13: Feasible / Total: 163016 / 199291
[2023-12-05 18:11:27.357] [info] #14: Feasible / Total: 179551 / 199291
[2023-12-05 18:11:33.162] [info] #15: Feasible / Total: 179599 / 199291
[2023-12-05 18:11:38.663] [info] #15: Feasible / Total: 179599 / 199291
[2023-12-05 18:11:38.663] [info] Graph is not D-reducible.
[2023-12-05 18:11:39.183] [info] Started C-reducibility check
[2023-12-06 02:47:37.962] [info] Trying 163359 possible contractions
[2023-12-06 02:47:37.962] [info] [0/163359] Starting contraction of size 1
[2023-12-06 02:48:04.512] [info] All colors passed! Contracted: 35
[2023-12-06 02:48:04.512] [info] Graph is C-reducible!
