[2023-11-17 00:34:22.190] [info] Kempe type: Toroidal
[2023-11-17 00:34:22.226] [info] Vertex size: 35, Edge size: 60, Ring size: 15
[2023-11-17 00:35:17.832] [info] Started D-reducibility check
[2023-11-17 00:35:17.854] [info] #1: Feasible / Total: 54724 / 597871
[2023-11-17 03:01:25.868] [info] #2: Feasible / Total: 72545 / 597871
[2023-11-17 04:02:59.922] [info] #3: Feasible / Total: 83498 / 597871
[2023-11-17 04:39:50.328] [info] #4: Feasible / Total: 91120 / 597871
[2023-11-17 05:11:03.089] [info] #5: Feasible / Total: 98315 / 597871
[2023-11-17 05:36:01.259] [info] #6: Feasible / Total: 105491 / 597871
[2023-11-17 05:57:41.380] [info] #7: Feasible / Total: 112246 / 597871
[2023-11-17 06:15:44.766] [info] #8: Feasible / Total: 117719 / 597871
[2023-11-17 06:29:14.794] [info] #9: Feasible / Total: 121215 / 597871
[2023-11-17 06:40:27.690] [info] #10: Feasible / Total: 123827 / 597871
[2023-11-17 06:49:46.233] [info] #11: Feasible / Total: 125645 / 597871
[2023-11-17 06:57:26.518] [info] #12: Feasible / Total: 126765 / 597871
[2023-11-17 07:06:02.793] [info] #13: Feasible / Total: 127794 / 597871
[2023-11-17 07:14:00.015] [info] #14: Feasible / Total: 128886 / 597871
[2023-11-17 07:22:20.524] [info] #15: Feasible / Total: 130146 / 597871
[2023-11-17 07:30:35.058] [info] #16: Feasible / Total: 131549 / 597871
[2023-11-17 07:39:03.132] [info] #17: Feasible / Total: 133212 / 597871
[2023-11-17 07:50:53.148] [info] #18: Feasible / Total: 135338 / 597871
[2023-11-17 08:05:58.240] [info] #19: Feasible / Total: 138329 / 597871
[2023-11-17 08:25:36.114] [info] #20: Feasible / Total: 142627 / 597871
[2023-11-17 08:52:50.867] [info] #21: Feasible / Total: 149029 / 597871
[2023-11-17 09:32:22.693] [info] #22: Feasible / Total: 159328 / 597871
[2023-11-17 10:19:57.641] [info] #23: Feasible / Total: 175252 / 597871
[2023-11-17 11:21:45.733] [info] #24: Feasible / Total: 197300 / 597871
[2023-11-17 12:40:11.202] [info] #25: Feasible / Total: 228560 / 597871
[2023-11-17 14:09:14.616] [info] #26: Feasible / Total: 269853 / 597871
[2023-11-17 15:57:41.001] [info] #27: Feasible / Total: 319673 / 597871
[2023-11-17 17:00:17.069] [info] #28: Feasible / Total: 357117 / 597871
[2023-11-17 17:13:31.475] [info] #29: Feasible / Total: 365971 / 597871
[2023-11-17 17:21:02.968] [info] #30: Feasible / Total: 370132 / 597871
[2023-11-17 17:27:28.698] [info] #31: Feasible / Total: 373705 / 597871
[2023-11-17 17:32:02.448] [info] #32: Feasible / Total: 376602 / 597871
[2023-11-17 17:38:53.848] [info] #33: Feasible / Total: 381374 / 597871
[2023-11-17 17:48:24.374] [info] #34: Feasible / Total: 387908 / 597871
[2023-11-17 17:54:32.733] [info] #35: Feasible / Total: 393489 / 597871
[2023-11-17 17:56:35.697] [info] #36: Feasible / Total: 394696 / 597871
[2023-11-17 17:57:36.378] [info] #37: Feasible / Total: 394777 / 597871
[2023-11-17 17:58:31.566] [info] #38: Feasible / Total: 394816 / 597871
[2023-11-17 17:59:24.548] [info] #39: Feasible / Total: 394848 / 597871
[2023-11-17 18:00:18.220] [info] #40: Feasible / Total: 394900 / 597871
[2023-11-17 18:01:11.228] [info] #41: Feasible / Total: 394946 / 597871
[2023-11-17 18:02:08.404] [info] #42: Feasible / Total: 395014 / 597871
[2023-11-17 18:03:01.941] [info] #43: Feasible / Total: 395087 / 597871
[2023-11-17 18:04:04.617] [info] #44: Feasible / Total: 395265 / 597871
[2023-11-17 18:05:10.157] [info] #45: Feasible / Total: 395420 / 597871
[2023-11-17 18:06:04.642] [info] #46: Feasible / Total: 395489 / 597871
[2023-11-17 18:06:57.824] [info] #47: Feasible / Total: 395502 / 597871
[2023-11-17 18:07:49.800] [info] #48: Feasible / Total: 395511 / 597871
[2023-11-17 18:08:39.651] [info] #49: Feasible / Total: 395520 / 597871
[2023-11-17 18:09:29.885] [info] #50: Feasible / Total: 395523 / 597871
[2023-11-17 18:10:22.569] [info] #50: Feasible / Total: 395523 / 597871
[2023-11-17 18:10:22.569] [info] Graph is not D-reducible.
[2023-11-17 18:10:23.863] [info] Started C-reducibility check
[2023-11-17 19:04:24.182] [info] Trying 28855252 possible contractions
[2023-11-17 19:04:24.226] [info] [0/28855252] Starting contraction of size 1
[2023-11-17 19:21:03.916] [info] [45/28855252] Starting contraction of size 2
[2023-11-17 23:42:43.467] [info] [960/28855252] Starting contraction of size 3
[2023-11-19 12:14:55.733] [info] [12110/28855252] Starting contraction of size 4
[2023-11-18 15:39:22.436] [info] All colors passed! Contracted: 18, 33, 43, 58
[2023-11-18 15:39:22.446] [info] Graph is C-reducible!
