[2024-08-09 14:01:13.568] [info] Kempe type: Toroidal
[2024-08-09 14:01:13.568] [info] Vertex size: 32, Edge size: 55, Ring size: 14
[2024-08-09 14:01:15.665] [info] Started D-reducibility check
[2024-08-09 14:01:15.670] [info] #1: Feasible / Total: 21878 / 199291
[2024-08-09 14:03:24.525] [info] #2: Feasible / Total: 31054 / 199291
[2024-08-09 14:04:21.663] [info] #3: Feasible / Total: 35605 / 199291
[2024-08-09 14:04:54.855] [info] #4: Feasible / Total: 38862 / 199291
[2024-08-09 14:05:38.043] [info] #5: Feasible / Total: 42754 / 199291
[2024-08-09 14:06:20.914] [info] #6: Feasible / Total: 47965 / 199291
[2024-08-09 14:07:16.989] [info] #7: Feasible / Total: 56314 / 199291
[2024-08-09 14:08:38.084] [info] #8: Feasible / Total: 70033 / 199291
[2024-08-09 14:10:29.541] [info] #9: Feasible / Total: 92746 / 199291
[2024-08-09 14:12:25.231] [info] #10: Feasible / Total: 127253 / 199291
[2024-08-09 14:13:17.307] [info] #11: Feasible / Total: 152975 / 199291
[2024-08-09 14:13:21.316] [info] #12: Feasible / Total: 154636 / 199291
[2024-08-09 14:13:21.966] [info] #13: Feasible / Total: 154637 / 199291
[2024-08-09 14:13:22.600] [info] #13: Feasible / Total: 154637 / 199291
[2024-08-09 14:13:22.600] [info] Graph is not D-reducible.
[2024-08-09 14:13:22.629] [info] Started C-reducibility check
[2024-08-09 14:13:41.735] [info] Trying 10824286 possible contractions
[2024-08-09 14:13:41.735] [info] [0/10824286] Starting contraction of size 1
[2024-08-09 14:14:08.055] [info] [41/10824286] Starting contraction of size 2
[2024-08-09 14:20:26.062] [info] [793/10824286] Starting contraction of size 3
[2024-08-09 14:22:04.501] [info] All colors passed! Contracted: 26, 28, 49
[2024-08-09 14:22:04.501] [info] Graph is C-reducible!
