[2023-11-17 14:12:08.864] [info] Kempe type: Toroidal
[2023-11-17 14:12:08.874] [info] Vertex size: 35, Edge size: 60, Ring size: 15
[2023-11-17 14:12:27.503] [info] Started D-reducibility check
[2023-11-17 14:12:27.506] [info] #1: Feasible / Total: 54503 / 597871
[2023-11-17 16:13:55.119] [info] #2: Feasible / Total: 78474 / 597871
[2023-11-17 17:09:47.987] [info] #3: Feasible / Total: 91037 / 597871
[2023-11-17 17:47:58.180] [info] #4: Feasible / Total: 99762 / 597871
[2023-11-17 18:17:04.223] [info] #5: Feasible / Total: 107507 / 597871
[2023-11-17 18:48:22.245] [info] #6: Feasible / Total: 116192 / 597871
[2023-11-17 19:21:27.661] [info] #7: Feasible / Total: 126375 / 597871
[2023-11-17 19:57:29.020] [info] #8: Feasible / Total: 138435 / 597871
[2023-11-17 20:38:53.878] [info] #9: Feasible / Total: 154521 / 597871
[2023-11-17 21:24:33.718] [info] #10: Feasible / Total: 175506 / 597871
[2023-11-17 22:21:17.637] [info] #11: Feasible / Total: 202628 / 597871
[2023-11-17 22:58:46.174] [info] #12: Feasible / Total: 235844 / 597871
[2023-11-17 23:18:13.723] [info] #13: Feasible / Total: 275451 / 597871
[2023-11-17 23:34:08.616] [info] #14: Feasible / Total: 323986 / 597871
[2023-11-17 23:42:10.999] [info] #15: Feasible / Total: 359585 / 597871
[2023-11-17 23:43:55.332] [info] #16: Feasible / Total: 366136 / 597871
[2023-11-17 23:44:24.373] [info] #17: Feasible / Total: 366791 / 597871
[2023-11-17 23:44:50.484] [info] #18: Feasible / Total: 367466 / 597871
[2023-11-17 23:45:09.982] [info] #19: Feasible / Total: 367967 / 597871
[2023-11-17 23:45:21.515] [info] #20: Feasible / Total: 368123 / 597871
[2023-11-17 23:45:31.618] [info] #21: Feasible / Total: 368139 / 597871
[2023-11-17 23:45:41.513] [info] #21: Feasible / Total: 368139 / 597871
[2023-11-17 23:45:41.513] [info] Graph is not D-reducible.
[2023-11-17 23:45:41.781] [info] Started C-reducibility check
[2023-11-17 23:57:52.203] [info] Trying 28941464 possible contractions
[2023-11-17 23:57:52.203] [info] [0/28941464] Starting contraction of size 1
[2023-11-17 23:58:04.008] [info] All colors passed! Contracted: 32
[2023-11-17 23:58:04.008] [info] Graph is C-reducible!
