[2023-11-21 15:24:41.940] [info] Kempe type: Toroidal
[2023-11-21 15:24:41.954] [info] Vertex size: 34, Edge size: 58, Ring size: 14
[2023-11-21 15:24:58.856] [info] Started D-reducibility check
[2023-11-21 15:24:58.870] [info] #1: Feasible / Total: 23031 / 199291
[2023-11-21 15:52:43.963] [info] #2: Feasible / Total: 36537 / 199291
[2023-11-21 16:06:38.621] [info] #3: Feasible / Total: 46216 / 199291
[2023-11-21 16:19:30.488] [info] #4: Feasible / Total: 56733 / 199291
[2023-11-21 16:27:17.949] [info] #5: Feasible / Total: 69540 / 199291
[2023-11-21 16:35:00.948] [info] #6: Feasible / Total: 88640 / 199291
[2023-11-21 16:42:17.525] [info] #7: Feasible / Total: 117967 / 199291
[2023-11-21 16:48:53.404] [info] #8: Feasible / Total: 154248 / 199291
[2023-11-21 16:50:27.879] [info] #9: Feasible / Total: 170716 / 199291
[2023-11-21 16:50:29.930] [info] #10: Feasible / Total: 170743 / 199291
[2023-11-21 16:50:31.730] [info] #10: Feasible / Total: 170743 / 199291
[2023-11-21 16:50:31.754] [info] Graph is not D-reducible.
[2023-11-21 16:50:31.904] [info] Started C-reducibility check
[2023-11-21 17:06:25.955] [info] Trying 22384015 possible contractions
[2023-11-21 17:06:25.967] [info] [0/22384015] Starting contraction of size 1
[2023-11-21 17:06:37.136] [info] All colors passed! Contracted: 20
[2023-11-21 17:06:37.136] [info] Graph is C-reducible!
