[2024-07-09 21:23:28.665] [info] Kempe type: Toroidal
[2024-07-09 21:23:28.665] [info] Vertex size: 34, Edge size: 58, Ring size: 14
[2024-07-09 21:23:29.937] [info] Started D-reducibility check
[2024-07-09 21:23:29.937] [info] #1: Feasible / Total: 23607 / 199291
[2024-07-09 21:24:41.224] [info] #2: Feasible / Total: 34123 / 199291
[2024-07-09 21:25:16.703] [info] #3: Feasible / Total: 42172 / 199291
[2024-07-09 21:25:45.405] [info] #4: Feasible / Total: 48770 / 199291
[2024-07-09 21:26:23.931] [info] #5: Feasible / Total: 56270 / 199291
[2024-07-09 21:27:25.916] [info] #6: Feasible / Total: 70707 / 199291
[2024-07-09 21:28:42.962] [info] #7: Feasible / Total: 92923 / 199291
[2024-07-09 21:29:06.999] [info] #8: Feasible / Total: 104747 / 199291
[2024-07-09 21:29:10.552] [info] #9: Feasible / Total: 105771 / 199291
[2024-07-09 21:29:11.620] [info] #10: Feasible / Total: 105787 / 199291
[2024-07-09 21:29:12.612] [info] #10: Feasible / Total: 105787 / 199291
[2024-07-09 21:29:12.612] [info] Graph is not D-reducible.
[2024-07-09 21:29:12.638] [info] Started C-reducibility check
[2024-07-09 21:29:48.161] [info] Trying 22153175 possible contractions
[2024-07-09 21:29:48.161] [info] [0/22153175] Starting contraction of size 1
[2024-07-09 21:29:49.252] [info] All colors passed! Contracted: 39
[2024-07-09 21:29:49.252] [info] Graph is C-reducible!
