[2023-11-17 14:12:08.471] [info] Kempe type: Toroidal
[2023-11-17 14:12:08.734] [info] Vertex size: 38, Edge size: 65, Ring size: 16
[2023-11-17 14:13:45.482] [info] Started D-reducibility check
[2023-11-17 14:13:45.538] [info] #1: Feasible / Total: 135798 / 1793614
[2023-11-18 15:56:46.021] [info] #2: Feasible / Total: 269141 / 1793614
[2023-11-18 22:53:01.517] [info] #3: Feasible / Total: 337732 / 1793614
[2023-11-19 05:05:43.549] [info] #4: Feasible / Total: 397653 / 1793614
[2023-11-19 10:32:44.557] [info] #5: Feasible / Total: 456623 / 1793614
[2023-11-19 17:22:51.052] [info] #6: Feasible / Total: 524813 / 1793614
[2023-11-20 02:14:45.063] [info] #7: Feasible / Total: 610272 / 1793614
[2023-11-20 15:30:47.035] [info] #8: Feasible / Total: 726122 / 1793614
[2023-11-21 11:00:23.519] [info] #9: Feasible / Total: 913520 / 1793614
[2023-11-22 12:50:56.614] [info] #10: Feasible / Total: 1205287 / 1793614
[2023-11-23 01:39:41.945] [info] #11: Feasible / Total: 1547990 / 1793614
[2023-11-23 03:35:53.277] [info] #12: Feasible / Total: 1669680 / 1793614
[2023-11-23 03:36:38.812] [info] #13: Feasible / Total: 1669774 / 1793614
[2023-11-23 03:37:02.396] [info] #13: Feasible / Total: 1669774 / 1793614
[2023-11-23 03:37:02.396] [info] Graph is not D-reducible.
[2023-11-23 03:37:06.150] [info] Started C-reducibility check
[2023-11-23 06:09:07.719] [info] Trying 70183927 possible contractions
[2023-11-23 06:09:07.719] [info] [0/70183927] Starting contraction of size 1
[2023-11-23 06:15:34.345] [info] All colors passed! Contracted: 46
[2023-11-23 06:15:34.363] [info] Graph is C-reducible!
