[2023-11-17 00:34:26.485] [info] Kempe type: Toroidal
[2023-11-17 00:34:26.769] [info] Vertex size: 27, Edge size: 46, Ring size: 11
[2023-11-17 00:34:26.848] [info] Started D-reducibility check
[2023-11-17 00:34:26.848] [info] #1: Feasible / Total: 1575 / 7381
[2023-11-17 00:34:30.759] [info] #2: Feasible / Total: 1909 / 7381
[2023-11-17 00:34:32.574] [info] #3: Feasible / Total: 2091 / 7381
[2023-11-17 00:34:37.370] [info] #4: Feasible / Total: 2225 / 7381
[2023-11-17 00:34:38.571] [info] #5: Feasible / Total: 2428 / 7381
[2023-11-17 00:34:40.954] [info] #6: Feasible / Total: 2798 / 7381
[2023-11-17 00:34:45.572] [info] #7: Feasible / Total: 3373 / 7381
[2023-11-17 00:34:47.758] [info] #8: Feasible / Total: 4046 / 7381
[2023-11-17 00:34:51.159] [info] #9: Feasible / Total: 4574 / 7381
[2023-11-17 00:34:53.372] [info] #10: Feasible / Total: 4702 / 7381
[2023-11-17 00:34:53.755] [info] #11: Feasible / Total: 4766 / 7381
[2023-11-17 00:34:54.144] [info] #12: Feasible / Total: 4783 / 7381
[2023-11-17 00:34:54.222] [info] #12: Feasible / Total: 4783 / 7381
[2023-11-17 00:34:54.318] [info] Graph is not D-reducible.
[2023-11-17 00:34:54.350] [info] Started C-reducibility check
[2023-11-17 00:35:48.348] [info] Trying 1894813 possible contractions
[2023-11-17 00:35:48.348] [info] [0/1894813] Starting contraction of size 1
[2023-11-17 00:36:08.659] [info] [35/1894813] Starting contraction of size 2
[2023-11-17 00:39:09.284] [info] All colors passed! Contracted: 30, 40
[2023-11-17 00:39:09.338] [info] Graph is C-reducible!
