[2024-02-21 13:28:59.766] [info] Kempe type: Toroidal
[2024-02-21 13:28:59.766] [info] Vertex size: 33, Edge size: 56, Ring size: 13
[2024-02-21 13:29:00.346] [info] Started D-reducibility check
[2024-02-21 13:29:00.346] [info] #1: Feasible / Total: 11684 / 66430
[2024-02-21 13:29:13.805] [info] #2: Feasible / Total: 16267 / 66430
[2024-02-21 13:29:19.581] [info] #3: Feasible / Total: 19106 / 66430
[2024-02-21 13:29:24.437] [info] #4: Feasible / Total: 21408 / 66430
[2024-02-21 13:29:28.408] [info] #5: Feasible / Total: 23414 / 66430
[2024-02-21 13:29:32.048] [info] #6: Feasible / Total: 25398 / 66430
[2024-02-21 13:29:36.102] [info] #7: Feasible / Total: 28539 / 66430
[2024-02-21 13:29:40.452] [info] #8: Feasible / Total: 33145 / 66430
[2024-02-21 13:29:43.222] [info] #9: Feasible / Total: 37275 / 66430
[2024-02-21 13:29:43.767] [info] #10: Feasible / Total: 38195 / 66430
[2024-02-21 13:29:43.969] [info] #11: Feasible / Total: 38201 / 66430
[2024-02-21 13:29:44.161] [info] #11: Feasible / Total: 38201 / 66430
[2024-02-21 13:29:44.161] [info] Graph is not D-reducible.
[2024-02-21 13:29:44.169] [info] Started C-reducibility check
[2024-02-21 13:30:08.491] [info] Trying 17054958 possible contractions
[2024-02-21 13:30:08.491] [info] [0/17054958] Starting contraction of size 1
[2024-02-21 13:30:28.707] [info] [43/17054958] Starting contraction of size 2
[2024-02-21 13:35:48.788] [info] [873/17054958] Starting contraction of size 3
[2024-02-21 14:27:10.060] [info] [10405/17054958] Starting contraction of size 4
[2024-02-21 18:07:08.018] [info] All colors passed! Contracted: 21, 23, 29, 39
[2024-02-21 18:07:08.018] [info] Graph is C-reducible!
