[2023-12-05 15:25:57.553] [info] Kempe type: Toroidal
[2023-12-05 15:25:57.562] [info] Vertex size: 42, Edge size: 71, Ring size: 16
[2023-12-05 15:32:50.480] [info] Started D-reducibility check
[2023-12-05 15:32:50.481] [info] #1: Feasible / Total: 189290 / 1793614
[2023-12-06 23:59:03.844] [info] #2: Feasible / Total: 296663 / 1793614
[2023-12-07 16:35:22.911] [info] #3: Feasible / Total: 431833 / 1793614
[2023-12-08 07:26:39.672] [info] #4: Feasible / Total: 621230 / 1793614
[2023-12-08 18:54:00.847] [info] #5: Feasible / Total: 859344 / 1793614
[2023-12-08 23:41:46.315] [info] #6: Feasible / Total: 1041766 / 1793614
[2023-12-09 00:21:35.800] [info] #7: Feasible / Total: 1061754 / 1793614
[2023-12-09 00:41:31.180] [info] #8: Feasible / Total: 1065439 / 1793614
[2023-12-09 00:54:57.804] [info] #9: Feasible / Total: 1068209 / 1793614
[2023-12-09 01:08:05.493] [info] #10: Feasible / Total: 1070613 / 1793614
[2023-12-09 01:16:12.952] [info] #11: Feasible / Total: 1072437 / 1793614
[2023-12-09 01:22:18.982] [info] #12: Feasible / Total: 1073448 / 1793614
[2023-12-09 01:26:15.098] [info] #13: Feasible / Total: 1073809 / 1793614
[2023-12-09 01:31:32.978] [info] #14: Feasible / Total: 1074068 / 1793614
[2023-12-09 01:35:33.823] [info] #15: Feasible / Total: 1074228 / 1793614
[2023-12-09 01:38:35.926] [info] #16: Feasible / Total: 1074315 / 1793614
[2023-12-09 01:41:47.866] [info] #17: Feasible / Total: 1074493 / 1793614
[2023-12-09 01:45:40.735] [info] #18: Feasible / Total: 1074761 / 1793614
[2023-12-09 01:49:00.303] [info] #19: Feasible / Total: 1074911 / 1793614
[2023-12-09 01:51:52.370] [info] #20: Feasible / Total: 1074960 / 1793614
[2023-12-09 01:54:31.459] [info] #21: Feasible / Total: 1074981 / 1793614
[2023-12-09 01:57:07.890] [info] #22: Feasible / Total: 1074982 / 1793614
[2023-12-09 01:59:45.056] [info] #22: Feasible / Total: 1074982 / 1793614
[2023-12-09 01:59:45.056] [info] Graph is not D-reducible.
[2023-12-09 01:59:48.498] [info] Started C-reducibility check
[2023-12-10 08:50:50.997] [info] Trying 250386 possible contractions
[2023-12-10 08:50:50.997] [info] [0/250386] Starting contraction of size 1
[2023-12-10 08:56:02.944] [info] All colors passed! Contracted: 29
[2023-12-10 08:56:02.944] [info] Graph is C-reducible!
