[2023-11-17 00:34:26.655] [info] Kempe type: Toroidal
[2023-11-17 00:34:26.774] [info] Vertex size: 30, Edge size: 51, Ring size: 12
[2023-11-17 00:34:27.592] [info] Started D-reducibility check
[2023-11-17 00:34:27.603] [info] #1: Feasible / Total: 4313 / 22144
[2023-11-17 00:35:14.150] [info] #2: Feasible / Total: 6305 / 22144
[2023-11-17 00:36:04.618] [info] #3: Feasible / Total: 8239 / 22144
[2023-11-17 00:36:48.610] [info] #4: Feasible / Total: 10073 / 22144
[2023-11-17 00:37:34.619] [info] #5: Feasible / Total: 12461 / 22144
[2023-11-17 00:37:40.640] [info] #6: Feasible / Total: 13382 / 22144
[2023-11-17 00:37:42.354] [info] #7: Feasible / Total: 13408 / 22144
[2023-11-17 00:37:43.751] [info] #8: Feasible / Total: 13412 / 22144
[2023-11-17 00:37:45.054] [info] #9: Feasible / Total: 13414 / 22144
[2023-11-17 00:37:46.477] [info] #9: Feasible / Total: 13414 / 22144
[2023-11-17 00:37:46.477] [info] Graph is not D-reducible.
[2023-11-17 00:37:46.584] [info] Started C-reducibility check
[2023-11-17 00:49:39.714] [info] Trying 6020580 possible contractions
[2023-11-17 00:49:39.742] [info] [0/6020580] Starting contraction of size 1
[2023-11-17 00:50:14.110] [info] [39/6020580] Starting contraction of size 2
[2023-11-17 01:05:42.118] [info] [714/6020580] Starting contraction of size 3
[2023-11-17 03:03:42.927] [info] [7577/6020580] Starting contraction of size 4
[2023-11-17 04:08:55.610] [info] All colors passed! Contracted: 13, 15, 22, 44
[2023-11-17 04:08:55.622] [info] Graph is C-reducible!
