[2024-03-20 17:41:29.163] [info] Kempe type: Toroidal
[2024-03-20 17:41:29.163] [info] Vertex size: 31, Edge size: 53, Ring size: 13
[2024-03-20 17:41:30.230] [info] Started D-reducibility check
[2024-03-20 17:41:30.230] [info] #1: Feasible / Total: 9836 / 66430
[2024-03-20 17:41:51.230] [info] #2: Feasible / Total: 12868 / 66430
[2024-03-20 17:42:02.338] [info] #3: Feasible / Total: 15208 / 66430
[2024-03-20 17:42:11.692] [info] #4: Feasible / Total: 17912 / 66430
[2024-03-20 17:42:24.229] [info] #5: Feasible / Total: 21317 / 66430
[2024-03-20 17:42:39.361] [info] #6: Feasible / Total: 26797 / 66430
[2024-03-20 17:42:53.261] [info] #7: Feasible / Total: 35229 / 66430
[2024-03-20 17:43:08.477] [info] #8: Feasible / Total: 43982 / 66430
[2024-03-20 17:43:14.570] [info] #9: Feasible / Total: 48816 / 66430
[2024-03-20 17:43:15.192] [info] #10: Feasible / Total: 49289 / 66430
[2024-03-20 17:43:15.328] [info] #10: Feasible / Total: 49289 / 66430
[2024-03-20 17:43:15.328] [info] Graph is not D-reducible.
[2024-03-20 17:43:15.336] [info] Started C-reducibility check
[2024-03-20 17:43:34.001] [info] Trying 8096843 possible contractions
[2024-03-20 17:43:34.001] [info] [0/8096843] Starting contraction of size 1
[2024-03-20 17:43:40.438] [info] [40/8096843] Starting contraction of size 2
[2024-03-20 17:44:03.330] [info] All colors passed! Contracted: 33, 46
[2024-03-20 17:44:03.331] [info] Graph is C-reducible!
