[2023-11-16 13:46:30.428] [info] Kempe type: Toroidal
[2023-11-16 13:46:30.428] [info] Vertex size: 28, Edge size: 48, Ring size: 12
[2023-11-16 13:46:31.277] [info] Started D-reducibility check
[2023-11-16 13:46:31.277] [info] #1: Feasible / Total: 3540 / 22144
[2023-11-16 13:46:57.584] [info] #2: Feasible / Total: 5263 / 22144
[2023-11-16 13:47:03.524] [info] #3: Feasible / Total: 6111 / 22144
[2023-11-16 13:47:08.652] [info] #4: Feasible / Total: 6824 / 22144
[2023-11-16 13:47:12.763] [info] #5: Feasible / Total: 7260 / 22144
[2023-11-16 13:47:18.887] [info] #6: Feasible / Total: 7867 / 22144
[2023-11-16 13:47:25.016] [info] #7: Feasible / Total: 8755 / 22144
[2023-11-16 13:47:32.654] [info] #8: Feasible / Total: 10369 / 22144
[2023-11-16 13:47:38.220] [info] #9: Feasible / Total: 12102 / 22144
[2023-11-16 13:47:41.457] [info] #10: Feasible / Total: 13365 / 22144
[2023-11-16 13:47:42.883] [info] #11: Feasible / Total: 13960 / 22144
[2023-11-16 13:47:43.400] [info] #12: Feasible / Total: 14077 / 22144
[2023-11-16 13:47:43.664] [info] #13: Feasible / Total: 14080 / 22144
[2023-11-16 13:47:43.929] [info] #14: Feasible / Total: 14082 / 22144
[2023-11-16 13:47:44.188] [info] #14: Feasible / Total: 14082 / 22144
[2023-11-16 13:47:44.188] [info] Graph is not D-reducible.
[2023-11-16 13:47:44.191] [info] Started C-reducibility check
[2023-11-16 13:48:15.898] [info] Trying 2629342 possible contractions
[2023-11-16 13:48:15.898] [info] [0/2629342] Starting contraction of size 1
[2023-11-16 13:48:27.603] [info] [36/2629342] Starting contraction of size 2
[2023-11-16 13:51:00.383] [info] [606/2629342] Starting contraction of size 3
[2023-11-16 14:03:48.794] [info] All colors passed! Contracted: 32, 36, 44
[2023-11-16 14:03:48.794] [info] Graph is C-reducible!
