[2023-11-17 14:12:08.761] [info] Kempe type: Toroidal
[2023-11-17 14:12:08.778] [info] Vertex size: 32, Edge size: 55, Ring size: 14
[2023-11-17 14:12:15.872] [info] Started D-reducibility check
[2023-11-17 14:12:15.898] [info] #1: Feasible / Total: 21529 / 199291
[2023-11-17 14:21:37.864] [info] #2: Feasible / Total: 28218 / 199291
[2023-11-17 14:23:34.801] [info] #3: Feasible / Total: 31147 / 199291
[2023-11-17 14:24:44.536] [info] #4: Feasible / Total: 33282 / 199291
[2023-11-17 14:25:47.134] [info] #5: Feasible / Total: 35014 / 199291
[2023-11-17 14:26:44.402] [info] #6: Feasible / Total: 36544 / 199291
[2023-11-17 14:27:35.506] [info] #7: Feasible / Total: 37873 / 199291
[2023-11-17 14:28:23.055] [info] #8: Feasible / Total: 39275 / 199291
[2023-11-17 14:29:18.698] [info] #9: Feasible / Total: 40614 / 199291
[2023-11-17 14:30:00.743] [info] #10: Feasible / Total: 42053 / 199291
[2023-11-17 14:30:48.332] [info] #11: Feasible / Total: 43488 / 199291
[2023-11-17 14:31:31.624] [info] #12: Feasible / Total: 44779 / 199291
[2023-11-17 14:32:12.204] [info] #13: Feasible / Total: 46041 / 199291
[2023-11-17 14:32:59.470] [info] #14: Feasible / Total: 47406 / 199291
[2023-11-17 14:33:51.166] [info] #15: Feasible / Total: 48719 / 199291
[2023-11-17 14:34:51.503] [info] #16: Feasible / Total: 50207 / 199291
[2023-11-17 14:35:46.911] [info] #17: Feasible / Total: 51967 / 199291
[2023-11-17 14:36:38.791] [info] #18: Feasible / Total: 54125 / 199291
[2023-11-17 14:38:05.183] [info] #19: Feasible / Total: 56796 / 199291
[2023-11-17 14:40:01.959] [info] #20: Feasible / Total: 61028 / 199291
[2023-11-17 14:42:33.961] [info] #21: Feasible / Total: 67631 / 199291
[2023-11-17 14:46:40.109] [info] #22: Feasible / Total: 76647 / 199291
[2023-11-17 14:51:11.334] [info] #23: Feasible / Total: 88313 / 199291
[2023-11-17 14:54:46.423] [info] #24: Feasible / Total: 103733 / 199291
[2023-11-17 14:58:25.030] [info] #25: Feasible / Total: 128212 / 199291
[2023-11-17 15:00:02.175] [info] #26: Feasible / Total: 144395 / 199291
[2023-11-17 15:00:36.989] [info] #27: Feasible / Total: 148221 / 199291
[2023-11-17 15:00:43.346] [info] #28: Feasible / Total: 149120 / 199291
[2023-11-17 15:00:45.482] [info] #29: Feasible / Total: 149125 / 199291
[2023-11-17 15:00:47.587] [info] #29: Feasible / Total: 149125 / 199291
[2023-11-17 15:00:47.592] [info] Graph is not D-reducible.
[2023-11-17 15:00:47.682] [info] Started C-reducibility check
[2023-11-17 15:03:53.786] [info] Trying 10827665 possible contractions
[2023-11-17 15:03:53.806] [info] [0/10827665] Starting contraction of size 1
[2023-11-17 15:04:20.505] [info] All colors passed! Contracted: 22
[2023-11-17 15:04:20.510] [info] Graph is C-reducible!
