[2024-07-23 13:19:21.504] [info] Kempe type: Toroidal
[2024-07-23 13:19:21.504] [info] Vertex size: 31, Edge size: 53, Ring size: 13
[2024-07-23 13:19:22.350] [info] Started D-reducibility check
[2024-07-23 13:19:22.350] [info] #1: Feasible / Total: 10143 / 66430
[2024-07-23 13:19:42.089] [info] #2: Feasible / Total: 13227 / 66430
[2024-07-23 13:19:47.990] [info] #3: Feasible / Total: 15425 / 66430
[2024-07-23 13:19:53.269] [info] #4: Feasible / Total: 17647 / 66430
[2024-07-23 13:20:00.205] [info] #5: Feasible / Total: 20620 / 66430
[2024-07-23 13:20:09.071] [info] #6: Feasible / Total: 25251 / 66430
[2024-07-23 13:20:16.999] [info] #7: Feasible / Total: 30326 / 66430
[2024-07-23 13:20:23.099] [info] #8: Feasible / Total: 33925 / 66430
[2024-07-23 13:20:25.564] [info] #9: Feasible / Total: 35528 / 66430
[2024-07-23 13:20:26.203] [info] #10: Feasible / Total: 35724 / 66430
[2024-07-23 13:20:27.145] [info] #11: Feasible / Total: 36000 / 66430
[2024-07-23 13:20:28.107] [info] #12: Feasible / Total: 36433 / 66430
[2024-07-23 13:20:29.629] [info] #13: Feasible / Total: 37203 / 66430
[2024-07-23 13:20:33.050] [info] #14: Feasible / Total: 39206 / 66430
[2024-07-23 13:20:36.533] [info] #15: Feasible / Total: 41959 / 66430
[2024-07-23 13:20:39.597] [info] #16: Feasible / Total: 43598 / 66430
[2024-07-23 13:20:39.927] [info] #17: Feasible / Total: 43687 / 66430
[2024-07-23 13:20:40.111] [info] #17: Feasible / Total: 43687 / 66430
[2024-07-23 13:20:40.111] [info] Graph is not D-reducible.
[2024-07-23 13:20:40.120] [info] Started C-reducibility check
[2024-07-23 13:20:53.782] [info] Trying 8096308 possible contractions
[2024-07-23 13:20:53.794] [info] [0/8096308] Starting contraction of size 1
[2024-07-23 13:21:02.258] [info] [40/8096308] Starting contraction of size 2
[2024-07-23 13:23:14.225] [info] [753/8096308] Starting contraction of size 3
[2024-07-23 13:37:52.685] [info] All colors passed! Contracted: 29, 31, 51
[2024-07-23 13:37:52.685] [info] Graph is C-reducible!
