[2024-08-07 21:57:39.651] [info] Kempe type: Toroidal
[2024-08-07 21:57:39.651] [info] Vertex size: 31, Edge size: 53, Ring size: 13
[2024-08-07 21:57:40.404] [info] Started D-reducibility check
[2024-08-07 21:57:40.404] [info] #1: Feasible / Total: 9231 / 66430
[2024-08-07 21:58:06.839] [info] #2: Feasible / Total: 13987 / 66430
[2024-08-07 21:58:15.430] [info] #3: Feasible / Total: 16345 / 66430
[2024-08-07 21:58:23.041] [info] #4: Feasible / Total: 18713 / 66430
[2024-08-07 21:58:32.165] [info] #5: Feasible / Total: 21668 / 66430
[2024-08-07 21:58:42.101] [info] #6: Feasible / Total: 25784 / 66430
[2024-08-07 21:58:56.685] [info] #7: Feasible / Total: 31283 / 66430
[2024-08-07 21:59:06.082] [info] #8: Feasible / Total: 35879 / 66430
[2024-08-07 21:59:08.484] [info] #9: Feasible / Total: 37021 / 66430
[2024-08-07 21:59:09.102] [info] #10: Feasible / Total: 37044 / 66430
[2024-08-07 21:59:09.564] [info] #10: Feasible / Total: 37044 / 66430
[2024-08-07 21:59:09.564] [info] Graph is not D-reducible.
[2024-08-07 21:59:09.571] [info] Started C-reducibility check
[2024-08-07 21:59:28.674] [info] Trying 8161775 possible contractions
[2024-08-07 21:59:28.675] [info] [0/8161775] Starting contraction of size 1
[2024-08-07 21:59:31.313] [info] All colors passed! Contracted: 43
[2024-08-07 21:59:31.313] [info] Graph is C-reducible!
