[2024-04-17 12:19:02.575] [info] Kempe type: Toroidal
[2024-04-17 12:19:02.576] [info] Vertex size: 41, Edge size: 70, Ring size: 17
[2024-04-17 12:19:21.855] [info] Started D-reducibility check
[2024-04-17 12:19:21.855] [info] #1: Feasible / Total: 352596 / 5380840
[2024-04-17 20:40:14.426] [info] #2: Feasible / Total: 614566 / 5380840
[2024-04-18 00:56:56.599] [info] #3: Feasible / Total: 747850 / 5380840
[2024-04-18 03:56:47.169] [info] #4: Feasible / Total: 859841 / 5380840
[2024-04-18 06:29:34.351] [info] #5: Feasible / Total: 960322 / 5380840
[2024-04-18 08:54:37.720] [info] #6: Feasible / Total: 1058050 / 5380840
[2024-04-18 11:31:28.326] [info] #7: Feasible / Total: 1165346 / 5380840
[2024-04-18 14:17:33.320] [info] #8: Feasible / Total: 1286183 / 5380840
[2024-04-18 17:16:11.758] [info] #9: Feasible / Total: 1408621 / 5380840
[2024-04-18 20:36:09.476] [info] #10: Feasible / Total: 1532710 / 5380840
[2024-04-19 00:33:54.174] [info] #11: Feasible / Total: 1676675 / 5380840
[2024-04-19 05:49:05.094] [info] #12: Feasible / Total: 1870928 / 5380840
[2024-04-19 13:01:09.516] [info] #13: Feasible / Total: 2146135 / 5380840
[2024-04-19 22:29:28.968] [info] #14: Feasible / Total: 2581321 / 5380840
[2024-04-20 11:19:58.710] [info] #15: Feasible / Total: 3344207 / 5380840
[2024-04-20 21:21:31.516] [info] #16: Feasible / Total: 4444051 / 5380840
[2024-04-20 22:18:22.071] [info] #17: Feasible / Total: 4760819 / 5380840
[2024-04-20 22:18:45.560] [info] #18: Feasible / Total: 4760836 / 5380840
[2024-04-20 22:19:09.180] [info] #18: Feasible / Total: 4760836 / 5380840
[2024-04-20 22:19:09.180] [info] Graph is not D-reducible.
[2024-04-20 22:19:10.716] [info] Started C-reducibility check
[2024-04-20 22:22:49.372] [info] Trying 157182115 possible contractions
[2024-04-20 22:22:49.372] [info] [0/157182115] Starting contraction of size 1
[2024-04-20 22:23:02.315] [info] All colors passed! Contracted: 26
[2024-04-20 22:23:02.316] [info] Graph is C-reducible!
