[2024-10-19 11:31:23.874] [info] Kempe type: Toroidal
[2024-10-19 11:31:23.874] [info] Vertex size: 40, Edge size: 68, Ring size: 16
[2024-10-19 11:32:02.322] [info] Started D-reducibility check
[2024-10-19 11:32:02.322] [info] #1: Feasible / Total: 175567 / 1793614
[2024-10-19 20:10:49.351] [info] #2: Feasible / Total: 237768 / 1793614
[2024-10-19 21:16:35.758] [info] #3: Feasible / Total: 286722 / 1793614
[2024-10-19 22:13:01.769] [info] #4: Feasible / Total: 347307 / 1793614
[2024-10-19 23:25:24.030] [info] #5: Feasible / Total: 437761 / 1793614
[2024-10-20 01:14:11.957] [info] #6: Feasible / Total: 595830 / 1793614
[2024-10-20 03:47:11.174] [info] #7: Feasible / Total: 895248 / 1793614
[2024-10-20 06:18:15.271] [info] #8: Feasible / Total: 1410192 / 1793614
[2024-10-20 06:59:27.346] [info] #9: Feasible / Total: 1723381 / 1793614
[2024-10-20 06:59:58.661] [info] #10: Feasible / Total: 1727437 / 1793614
[2024-10-20 07:00:00.057] [info] #10: Feasible / Total: 1727437 / 1793614
[2024-10-20 07:00:00.057] [info] Graph is not D-reducible.
[2024-10-20 07:00:00.522] [info] Started C-reducibility check
[2024-10-20 07:00:13.025] [info] Trying 8234761 possible contractions
[2024-10-20 07:00:13.025] [info] [0/8234761] Starting contraction of size 1
[2024-10-20 07:00:28.412] [info] All colors passed! Contracted: 33
[2024-10-20 07:00:28.412] [info] Graph is C-reducible!
