[2023-12-05 15:25:27.226] [info] Kempe type: Toroidal
[2023-12-05 15:25:27.226] [info] Vertex size: 37, Edge size: 63, Ring size: 15
[2023-12-05 15:26:02.329] [info] Started D-reducibility check
[2023-12-05 15:26:02.329] [info] #1: Feasible / Total: 63783 / 597871
[2023-12-05 19:57:07.693] [info] #2: Feasible / Total: 121345 / 597871
[2023-12-05 22:15:41.125] [info] #3: Feasible / Total: 158188 / 597871
[2023-12-05 23:53:19.218] [info] #4: Feasible / Total: 186885 / 597871
[2023-12-06 01:30:47.964] [info] #5: Feasible / Total: 221079 / 597871
[2023-12-06 03:20:21.075] [info] #6: Feasible / Total: 264439 / 597871
[2023-12-06 05:24:42.514] [info] #7: Feasible / Total: 320392 / 597871
[2023-12-06 07:29:23.794] [info] #8: Feasible / Total: 395827 / 597871
[2023-12-06 08:19:16.630] [info] #9: Feasible / Total: 451434 / 597871
[2023-12-06 08:21:30.879] [info] #10: Feasible / Total: 453854 / 597871
[2023-12-06 08:22:23.517] [info] #10: Feasible / Total: 453854 / 597871
[2023-12-06 08:22:23.517] [info] Graph is not D-reducible.
[2023-12-06 08:22:25.145] [info] Started C-reducibility check
[2023-12-06 12:15:12.562] [info] Trying 137254 possible contractions
[2023-12-06 12:15:12.562] [info] [0/137254] Starting contraction of size 1
[2023-12-06 13:20:30.032] [info] [48/137254] Starting contraction of size 2
[2023-12-06 16:37:56.147] [info] All colors passed! Contracted: 18, 43
[2023-12-06 16:37:56.147] [info] Graph is C-reducible!
