[2023-11-20 13:25:47.233] [info] Kempe type: Toroidal
[2023-11-20 13:25:47.234] [info] Vertex size: 32, Edge size: 55, Ring size: 14
[2023-11-20 13:25:56.087] [info] Started D-reducibility check
[2023-11-20 13:25:56.087] [info] #1: Feasible / Total: 21790 / 199291
[2023-11-20 13:42:48.605] [info] #2: Feasible / Total: 33993 / 199291
[2023-11-20 13:50:14.847] [info] #3: Feasible / Total: 40588 / 199291
[2023-11-20 13:53:42.855] [info] #4: Feasible / Total: 47010 / 199291
[2023-11-20 13:58:02.625] [info] #5: Feasible / Total: 56068 / 199291
[2023-11-20 14:04:18.042] [info] #6: Feasible / Total: 72145 / 199291
[2023-11-20 14:13:40.036] [info] #7: Feasible / Total: 102333 / 199291
[2023-11-20 14:23:26.196] [info] #8: Feasible / Total: 145931 / 199291
[2023-11-20 14:25:18.167] [info] #9: Feasible / Total: 163887 / 199291
[2023-11-20 14:25:21.219] [info] #10: Feasible / Total: 163975 / 199291
[2023-11-20 14:25:23.435] [info] #10: Feasible / Total: 163975 / 199291
[2023-11-20 14:25:23.450] [info] Graph is not D-reducible.
[2023-11-20 14:25:23.598] [info] Started C-reducibility check
[2023-11-20 14:29:48.394] [info] Trying 10867658 possible contractions
[2023-11-20 14:29:48.406] [info] [0/10867658] Starting contraction of size 1
[2023-11-20 14:30:55.103] [info] All colors passed! Contracted: 53
[2023-11-20 14:30:55.110] [info] Graph is C-reducible!
