[2023-12-05 15:25:41.257] [info] Kempe type: Toroidal
[2023-12-05 15:25:41.257] [info] Vertex size: 37, Edge size: 63, Ring size: 15
[2023-12-05 15:25:57.722] [info] Started D-reducibility check
[2023-12-05 15:25:57.722] [info] #1: Feasible / Total: 62988 / 597871
[2023-12-05 18:19:44.155] [info] #2: Feasible / Total: 90608 / 597871
[2023-12-05 19:38:32.902] [info] #3: Feasible / Total: 106799 / 597871
[2023-12-05 20:42:00.684] [info] #4: Feasible / Total: 122432 / 597871
[2023-12-05 21:50:31.728] [info] #5: Feasible / Total: 140576 / 597871
[2023-12-05 23:20:40.347] [info] #6: Feasible / Total: 167096 / 597871
[2023-12-06 01:25:34.432] [info] #7: Feasible / Total: 210582 / 597871
[2023-12-06 04:07:49.660] [info] #8: Feasible / Total: 280169 / 597871
[2023-12-06 06:15:43.887] [info] #9: Feasible / Total: 377957 / 597871
[2023-12-06 06:32:19.921] [info] #10: Feasible / Total: 407193 / 597871
[2023-12-06 06:33:31.869] [info] #11: Feasible / Total: 407416 / 597871
[2023-12-06 06:34:37.534] [info] #11: Feasible / Total: 407416 / 597871
[2023-12-06 06:34:37.534] [info] Graph is not D-reducible.
[2023-12-06 06:34:39.079] [info] Started C-reducibility check
[2023-12-06 10:08:31.588] [info] Trying 137253 possible contractions
[2023-12-06 10:08:31.588] [info] [0/137253] Starting contraction of size 1
[2023-12-06 10:29:54.679] [info] [48/137253] Starting contraction of size 2
[2023-12-06 16:30:48.834] [info] [1095/137253] Starting contraction of size 3
[2023-12-06 18:12:21.707] [info] All colors passed! Contracted: 31, 51, 59
[2023-12-06 18:12:21.708] [info] Graph is C-reducible!
