[2023-11-18 20:24:56.835] [info] Kempe type: Toroidal
[2023-11-18 20:24:56.854] [info] Vertex size: 28, Edge size: 48, Ring size: 12
[2023-11-18 20:24:57.286] [info] Started D-reducibility check
[2023-11-18 20:24:57.286] [info] #1: Feasible / Total: 3641 / 22144
[2023-11-18 20:25:25.594] [info] #2: Feasible / Total: 5258 / 22144
[2023-11-18 20:25:33.555] [info] #3: Feasible / Total: 6248 / 22144
[2023-11-18 20:25:39.835] [info] #4: Feasible / Total: 7030 / 22144
[2023-11-18 20:25:45.221] [info] #5: Feasible / Total: 7720 / 22144
[2023-11-18 20:25:50.583] [info] #6: Feasible / Total: 8544 / 22144
[2023-11-18 20:25:56.918] [info] #7: Feasible / Total: 9694 / 22144
[2023-11-18 20:26:01.002] [info] #8: Feasible / Total: 10893 / 22144
[2023-11-18 20:26:02.914] [info] #9: Feasible / Total: 11254 / 22144
[2023-11-18 20:26:04.213] [info] #10: Feasible / Total: 11377 / 22144
[2023-11-18 20:26:05.361] [info] #11: Feasible / Total: 11487 / 22144
[2023-11-18 20:26:06.077] [info] #12: Feasible / Total: 11509 / 22144
[2023-11-18 20:26:06.677] [info] #13: Feasible / Total: 11555 / 22144
[2023-11-18 20:26:07.609] [info] #14: Feasible / Total: 11652 / 22144
[2023-11-18 20:26:08.537] [info] #15: Feasible / Total: 11749 / 22144
[2023-11-18 20:26:09.475] [info] #16: Feasible / Total: 11817 / 22144
[2023-11-18 20:26:10.140] [info] #17: Feasible / Total: 11848 / 22144
[2023-11-18 20:26:10.620] [info] #17: Feasible / Total: 11848 / 22144
[2023-11-18 20:26:10.620] [info] Graph is not D-reducible.
[2023-11-18 20:26:10.651] [info] Started C-reducibility check
[2023-11-18 20:27:22.626] [info] Trying 8155284 possible contractions
[2023-11-18 20:27:22.626] [info] [0/8155284] Starting contraction of size 1
[2023-11-18 20:27:25.217] [info] All colors passed! Contracted: 32
[2023-11-18 20:27:25.217] [info] Graph is C-reducible!
