[2023-12-05 15:26:04.345] [info] Kempe type: Toroidal
[2023-12-05 15:26:04.345] [info] Vertex size: 35, Edge size: 60, Ring size: 15
[2023-12-05 15:26:19.529] [info] Started D-reducibility check
[2023-12-05 15:26:19.529] [info] #1: Feasible / Total: 54747 / 597871
[2023-12-05 17:40:42.237] [info] #2: Feasible / Total: 73500 / 597871
[2023-12-05 18:33:30.026] [info] #3: Feasible / Total: 80042 / 597871
[2023-12-05 19:00:14.266] [info] #4: Feasible / Total: 83235 / 597871
[2023-12-05 19:17:10.781] [info] #5: Feasible / Total: 85224 / 597871
[2023-12-05 19:30:22.269] [info] #6: Feasible / Total: 86603 / 597871
[2023-12-05 19:40:46.610] [info] #7: Feasible / Total: 87678 / 597871
[2023-12-05 19:50:25.670] [info] #8: Feasible / Total: 88594 / 597871
[2023-12-05 20:01:03.059] [info] #9: Feasible / Total: 89490 / 597871
[2023-12-05 20:10:15.158] [info] #10: Feasible / Total: 90228 / 597871
[2023-12-05 20:18:55.362] [info] #11: Feasible / Total: 91024 / 597871
[2023-12-05 20:26:49.295] [info] #12: Feasible / Total: 91629 / 597871
[2023-12-05 20:33:57.402] [info] #13: Feasible / Total: 92150 / 597871
[2023-12-05 20:41:10.408] [info] #14: Feasible / Total: 92631 / 597871
[2023-12-05 20:49:12.984] [info] #15: Feasible / Total: 93148 / 597871
[2023-12-05 20:57:57.320] [info] #16: Feasible / Total: 93744 / 597871
[2023-12-05 21:05:10.821] [info] #17: Feasible / Total: 94203 / 597871
[2023-12-05 21:12:28.266] [info] #18: Feasible / Total: 94762 / 597871
[2023-12-05 21:19:53.173] [info] #19: Feasible / Total: 95315 / 597871
[2023-12-05 21:26:27.941] [info] #20: Feasible / Total: 95835 / 597871
[2023-12-05 21:33:07.699] [info] #21: Feasible / Total: 96360 / 597871
[2023-12-05 21:40:56.028] [info] #22: Feasible / Total: 96976 / 597871
[2023-12-05 21:49:01.164] [info] #23: Feasible / Total: 97704 / 597871
[2023-12-05 21:58:35.653] [info] #24: Feasible / Total: 98744 / 597871
[2023-12-05 22:11:29.327] [info] #25: Feasible / Total: 100073 / 597871
[2023-12-05 22:23:20.649] [info] #26: Feasible / Total: 101565 / 597871
[2023-12-05 22:36:53.338] [info] #27: Feasible / Total: 103489 / 597871
[2023-12-05 22:52:53.006] [info] #28: Feasible / Total: 105909 / 597871
[2023-12-05 23:12:13.899] [info] #29: Feasible / Total: 109298 / 597871
[2023-12-05 23:34:49.665] [info] #30: Feasible / Total: 113776 / 597871
[2023-12-06 00:00:27.117] [info] #31: Feasible / Total: 119389 / 597871
[2023-12-06 00:31:28.626] [info] #32: Feasible / Total: 126398 / 597871
[2023-12-06 01:10:49.860] [info] #33: Feasible / Total: 135930 / 597871
[2023-12-06 01:58:33.746] [info] #34: Feasible / Total: 148264 / 597871
[2023-12-06 02:54:44.200] [info] #35: Feasible / Total: 162843 / 597871
[2023-12-06 04:14:39.528] [info] #36: Feasible / Total: 182563 / 597871
[2023-12-06 06:02:30.053] [info] #37: Feasible / Total: 215785 / 597871
[2023-12-06 08:28:59.311] [info] #38: Feasible / Total: 270047 / 597871
[2023-12-06 11:40:36.698] [info] #39: Feasible / Total: 358490 / 597871
[2023-12-06 13:31:22.789] [info] #40: Feasible / Total: 450990 / 597871
[2023-12-06 14:00:29.935] [info] #41: Feasible / Total: 480896 / 597871
[2023-12-06 14:13:06.845] [info] #42: Feasible / Total: 496808 / 597871
[2023-12-06 14:14:40.393] [info] #43: Feasible / Total: 498123 / 597871
[2023-12-06 14:15:15.744] [info] #44: Feasible / Total: 498133 / 597871
[2023-12-06 14:15:51.083] [info] #44: Feasible / Total: 498133 / 597871
[2023-12-06 14:15:51.084] [info] Graph is not D-reducible.
[2023-12-06 14:15:52.598] [info] Started C-reducibility check
[2023-12-06 15:26:52.086] [info] Trying 103265 possible contractions
[2023-12-06 15:26:52.086] [info] [0/103265] Starting contraction of size 1
[2023-12-06 15:38:42.945] [info] [45/103265] Starting contraction of size 2
[2023-12-06 19:02:01.305] [info] [960/103265] Starting contraction of size 3
[2023-12-08 00:38:45.943] [info] [12111/103265] Starting contraction of size 4
[2023-12-10 16:34:27.556] [info] All colors passed! Contracted: 16, 37, 54, 58
[2023-12-10 16:34:27.556] [info] Graph is C-reducible!
