[2024-07-04 17:50:30.934] [info] Kempe type: Toroidal
[2024-07-04 17:50:30.934] [info] Vertex size: 40, Edge size: 68, Ring size: 16
[2024-07-04 17:50:36.418] [info] Started D-reducibility check
[2024-07-04 17:50:36.418] [info] #1: Feasible / Total: 145153 / 1793614
[2024-07-04 19:12:11.734] [info] #2: Feasible / Total: 217950 / 1793614
[2024-07-04 19:40:41.518] [info] #3: Feasible / Total: 254690 / 1793614
[2024-07-04 19:58:15.159] [info] #4: Feasible / Total: 280572 / 1793614
[2024-07-04 20:10:36.609] [info] #5: Feasible / Total: 296740 / 1793614
[2024-07-04 20:20:21.347] [info] #6: Feasible / Total: 308279 / 1793614
[2024-07-04 20:30:00.944] [info] #7: Feasible / Total: 317338 / 1793614
[2024-07-04 20:37:52.077] [info] #8: Feasible / Total: 325494 / 1793614
[2024-07-04 20:44:55.941] [info] #9: Feasible / Total: 333147 / 1793614
[2024-07-04 20:50:55.546] [info] #10: Feasible / Total: 339998 / 1793614
[2024-07-04 20:56:52.660] [info] #11: Feasible / Total: 346055 / 1793614
[2024-07-04 21:02:50.153] [info] #12: Feasible / Total: 351667 / 1793614
[2024-07-04 21:08:04.141] [info] #13: Feasible / Total: 356925 / 1793614
[2024-07-04 21:13:08.164] [info] #14: Feasible / Total: 362131 / 1793614
[2024-07-04 21:18:48.251] [info] #15: Feasible / Total: 367852 / 1793614
[2024-07-04 21:25:25.131] [info] #16: Feasible / Total: 373881 / 1793614
[2024-07-04 21:31:10.246] [info] #17: Feasible / Total: 380261 / 1793614
[2024-07-04 21:38:05.780] [info] #18: Feasible / Total: 388016 / 1793614
[2024-07-04 21:47:03.896] [info] #19: Feasible / Total: 396846 / 1793614
[2024-07-04 21:56:40.474] [info] #20: Feasible / Total: 407610 / 1793614
[2024-07-04 22:07:23.264] [info] #21: Feasible / Total: 420799 / 1793614
[2024-07-04 22:20:09.365] [info] #22: Feasible / Total: 437149 / 1793614
[2024-07-04 22:36:01.505] [info] #23: Feasible / Total: 456628 / 1793614
[2024-07-04 22:50:54.974] [info] #24: Feasible / Total: 478133 / 1793614
[2024-07-04 23:08:13.641] [info] #25: Feasible / Total: 500765 / 1793614
[2024-07-04 23:26:26.666] [info] #26: Feasible / Total: 524417 / 1793614
[2024-07-04 23:44:38.458] [info] #27: Feasible / Total: 549991 / 1793614
[2024-07-04 23:59:18.606] [info] #28: Feasible / Total: 574964 / 1793614
[2024-07-05 00:14:19.715] [info] #29: Feasible / Total: 598248 / 1793614
[2024-07-05 00:28:07.688] [info] #30: Feasible / Total: 619152 / 1793614
[2024-07-05 00:40:27.387] [info] #31: Feasible / Total: 639518 / 1793614
[2024-07-05 00:52:12.020] [info] #32: Feasible / Total: 660789 / 1793614
[2024-07-05 01:03:31.063] [info] #33: Feasible / Total: 682783 / 1793614
[2024-07-05 01:13:34.357] [info] #34: Feasible / Total: 702838 / 1793614
[2024-07-05 01:19:51.647] [info] #35: Feasible / Total: 716848 / 1793614
[2024-07-05 01:25:28.310] [info] #36: Feasible / Total: 728377 / 1793614
[2024-07-05 01:30:39.626] [info] #37: Feasible / Total: 739239 / 1793614
[2024-07-05 01:35:45.137] [info] #38: Feasible / Total: 750433 / 1793614
[2024-07-05 01:39:45.359] [info] #39: Feasible / Total: 760776 / 1793614
[2024-07-05 01:42:43.089] [info] #40: Feasible / Total: 767450 / 1793614
[2024-07-05 01:45:37.069] [info] #41: Feasible / Total: 771816 / 1793614
[2024-07-05 01:48:34.311] [info] #42: Feasible / Total: 775215 / 1793614
[2024-07-05 01:50:40.149] [info] #43: Feasible / Total: 778126 / 1793614
[2024-07-05 01:52:17.028] [info] #44: Feasible / Total: 780149 / 1793614
[2024-07-05 01:53:31.244] [info] #45: Feasible / Total: 781297 / 1793614
[2024-07-05 01:54:19.457] [info] #46: Feasible / Total: 781913 / 1793614
[2024-07-05 01:54:58.124] [info] #47: Feasible / Total: 782228 / 1793614
[2024-07-05 01:55:35.838] [info] #48: Feasible / Total: 782405 / 1793614
[2024-07-05 01:56:09.205] [info] #49: Feasible / Total: 782501 / 1793614
[2024-07-05 01:56:41.169] [info] #50: Feasible / Total: 782566 / 1793614
[2024-07-05 01:57:13.340] [info] #51: Feasible / Total: 782612 / 1793614
[2024-07-05 01:57:46.306] [info] #52: Feasible / Total: 782671 / 1793614
[2024-07-05 01:58:18.823] [info] #53: Feasible / Total: 782703 / 1793614
[2024-07-05 01:58:50.103] [info] #54: Feasible / Total: 782704 / 1793614
[2024-07-05 01:59:21.285] [info] #54: Feasible / Total: 782704 / 1793614
[2024-07-05 01:59:21.285] [info] Graph is not D-reducible.
[2024-07-05 01:59:21.785] [info] Started C-reducibility check
[2024-07-05 02:02:10.952] [info] Trying 127326203 possible contractions
[2024-07-05 02:02:10.952] [info] [0/127326203] Starting contraction of size 1
[2024-07-05 02:05:29.250] [info] [52/127326203] Starting contraction of size 2
[2024-07-05 03:12:47.940] [info] [1290/127326203] Starting contraction of size 3
[2024-07-05 17:06:10.619] [info] [19212/127326203] Starting contraction of size 4
[2024-07-07 11:36:33.042] [info] All colors passed! Contracted: 49, 54, 56, 62
[2024-07-07 11:36:33.042] [info] Graph is C-reducible!
