[2024-03-28 11:32:40.462] [info] Kempe type: Toroidal
[2024-03-28 11:32:40.462] [info] Vertex size: 43, Edge size: 72, Ring size: 15
[2024-03-28 11:32:49.689] [info] Started D-reducibility check
[2024-03-28 11:32:49.689] [info] #1: Feasible / Total: 91122 / 597871
[2024-03-28 11:47:39.965] [info] #2: Feasible / Total: 150190 / 597871
[2024-03-28 11:57:28.806] [info] #3: Feasible / Total: 208841 / 597871
[2024-03-28 12:07:08.871] [info] #4: Feasible / Total: 266057 / 597871
[2024-03-28 12:15:20.040] [info] #5: Feasible / Total: 334817 / 597871
[2024-03-28 12:17:43.604] [info] #6: Feasible / Total: 369321 / 597871
[2024-03-28 12:17:59.862] [info] #7: Feasible / Total: 372158 / 597871
[2024-03-28 12:18:04.597] [info] #8: Feasible / Total: 372410 / 597871
[2024-03-28 12:18:08.105] [info] #9: Feasible / Total: 372465 / 597871
[2024-03-28 12:18:11.295] [info] #10: Feasible / Total: 372469 / 597871
[2024-03-28 12:18:14.461] [info] #10: Feasible / Total: 372469 / 597871
[2024-03-28 12:18:14.461] [info] Graph is not D-reducible.
[2024-03-28 12:18:14.540] [info] Started C-reducibility check
[2024-03-28 12:25:54.243] [info] Trying 310942115 possible contractions
[2024-03-28 12:25:54.243] [info] [0/310942115] Starting contraction of size 1
[2024-03-28 12:33:01.991] [info] [57/310942115] Starting contraction of size 2
[2024-03-28 15:16:19.209] [info] [1554/310942115] Starting contraction of size 3
[2024-03-30 02:51:42.292] [info] [25626/310942115] Starting contraction of size 4
[2024-04-02 13:25:45.164] [info] All colors passed! Contracted: 38, 45, 47, 61
[2024-04-02 13:25:45.164] [info] Graph is C-reducible!
