[2023-11-28 12:53:22.629] [info] Kempe type: Toroidal
[2023-11-28 12:53:22.629] [info] Vertex size: 35, Edge size: 60, Ring size: 15
[2023-11-28 12:53:26.825] [info] Started D-reducibility check
[2023-11-28 12:53:26.825] [info] #1: Feasible / Total: 56094 / 597871
[2023-11-28 13:22:15.067] [info] #2: Feasible / Total: 73828 / 597871
[2023-11-28 13:35:49.177] [info] #3: Feasible / Total: 82885 / 597871
[2023-11-28 13:43:22.539] [info] #4: Feasible / Total: 87773 / 597871
[2023-11-28 13:49:58.366] [info] #5: Feasible / Total: 92512 / 597871
[2023-11-28 13:57:11.184] [info] #6: Feasible / Total: 98428 / 597871
[2023-11-28 14:05:39.220] [info] #7: Feasible / Total: 106303 / 597871
[2023-11-28 14:17:17.249] [info] #8: Feasible / Total: 118784 / 597871
[2023-11-28 14:32:51.799] [info] #9: Feasible / Total: 137840 / 597871
[2023-11-28 14:55:23.539] [info] #10: Feasible / Total: 167621 / 597871
[2023-11-28 15:28:24.986] [info] #11: Feasible / Total: 217961 / 597871
[2023-11-28 16:17:08.583] [info] #12: Feasible / Total: 314559 / 597871
[2023-11-28 17:04:24.019] [info] #13: Feasible / Total: 482143 / 597871
[2023-11-28 17:15:10.351] [info] #14: Feasible / Total: 564812 / 597871
[2023-11-28 17:15:18.218] [info] #15: Feasible / Total: 565801 / 597871
[2023-11-28 17:15:19.650] [info] #15: Feasible / Total: 565801 / 597871
[2023-11-28 17:15:19.650] [info] Graph is not D-reducible.
[2023-11-28 17:15:19.895] [info] Started C-reducibility check
[2023-11-28 17:28:45.033] [info] Trying 28940635 possible contractions
[2023-11-28 17:28:45.033] [info] [0/28940635] Starting contraction of size 1
[2023-11-28 17:30:55.614] [info] All colors passed! Contracted: 52
[2023-11-28 17:30:55.614] [info] Graph is C-reducible!
