[2023-12-05 15:25:57.134] [info] Kempe type: Toroidal
[2023-12-05 15:25:57.134] [info] Vertex size: 36, Edge size: 61, Ring size: 14
[2023-12-05 15:26:09.623] [info] Started D-reducibility check
[2023-12-05 15:26:09.624] [info] #1: Feasible / Total: 29223 / 199291
[2023-12-05 16:13:45.447] [info] #2: Feasible / Total: 49940 / 199291
[2023-12-05 16:37:30.352] [info] #3: Feasible / Total: 65517 / 199291
[2023-12-05 16:58:53.276] [info] #4: Feasible / Total: 80354 / 199291
[2023-12-05 17:18:07.997] [info] #5: Feasible / Total: 96221 / 199291
[2023-12-05 17:30:32.689] [info] #6: Feasible / Total: 112465 / 199291
[2023-12-05 17:33:34.826] [info] #7: Feasible / Total: 120441 / 199291
[2023-12-05 17:34:18.851] [info] #8: Feasible / Total: 120726 / 199291
[2023-12-05 17:34:48.263] [info] #9: Feasible / Total: 120762 / 199291
[2023-12-05 17:35:10.012] [info] #10: Feasible / Total: 120765 / 199291
[2023-12-05 17:35:31.851] [info] #10: Feasible / Total: 120765 / 199291
[2023-12-05 17:35:31.851] [info] Graph is not D-reducible.
[2023-12-05 17:35:32.306] [info] Started C-reducibility check
[2023-12-05 20:00:27.783] [info] Trying 124343 possible contractions
[2023-12-05 20:00:27.783] [info] [0/124343] Starting contraction of size 1
[2023-12-05 20:04:15.142] [info] All colors passed! Contracted: 25
[2023-12-05 20:04:15.142] [info] Graph is C-reducible!
