[2023-11-19 22:11:34.245] [info] Kempe type: Toroidal
[2023-11-19 22:11:34.262] [info] Vertex size: 30, Edge size: 51, Ring size: 12
[2023-11-19 22:11:35.057] [info] Started D-reducibility check
[2023-11-19 22:11:35.057] [info] #1: Feasible / Total: 4457 / 22144
[2023-11-19 22:12:01.709] [info] #2: Feasible / Total: 5323 / 22144
[2023-11-19 22:12:05.525] [info] #3: Feasible / Total: 5754 / 22144
[2023-11-19 22:12:08.712] [info] #4: Feasible / Total: 6070 / 22144
[2023-11-19 22:12:12.195] [info] #5: Feasible / Total: 6415 / 22144
[2023-11-19 22:12:17.520] [info] #6: Feasible / Total: 7157 / 22144
[2023-11-19 22:12:32.842] [info] #7: Feasible / Total: 8932 / 22144
[2023-11-19 22:12:51.181] [info] #8: Feasible / Total: 14490 / 22144
[2023-11-19 22:12:57.407] [info] #9: Feasible / Total: 19005 / 22144
[2023-11-19 22:12:57.550] [info] #10: Feasible / Total: 19084 / 22144
[2023-11-19 22:12:57.661] [info] #10: Feasible / Total: 19084 / 22144
[2023-11-19 22:12:57.661] [info] Graph is not D-reducible.
[2023-11-19 22:12:57.689] [info] Started C-reducibility check
[2023-11-19 22:15:12.993] [info] Trying 6020821 possible contractions
[2023-11-19 22:15:12.993] [info] [0/6020821] Starting contraction of size 1
[2023-11-19 22:15:26.067] [info] [39/6020821] Starting contraction of size 2
[2023-11-19 22:15:27.187] [info] All colors passed! Contracted: 12, 44
[2023-11-19 22:15:27.187] [info] Graph is C-reducible!
