[2024-06-10 21:15:13.656] [info] Kempe type: Toroidal
[2024-06-10 21:15:13.656] [info] Vertex size: 37, Edge size: 63, Ring size: 15
[2024-06-10 21:15:18.320] [info] Started D-reducibility check
[2024-06-10 21:15:18.320] [info] #1: Feasible / Total: 62359 / 597871
[2024-06-10 21:28:23.442] [info] #2: Feasible / Total: 98334 / 597871
[2024-06-10 21:36:19.163] [info] #3: Feasible / Total: 128079 / 597871
[2024-06-10 21:44:13.813] [info] #4: Feasible / Total: 161629 / 597871
[2024-06-10 21:53:03.900] [info] #5: Feasible / Total: 204332 / 597871
[2024-06-10 22:02:43.945] [info] #6: Feasible / Total: 263841 / 597871
[2024-06-10 22:13:05.897] [info] #7: Feasible / Total: 349489 / 597871
[2024-06-10 22:20:25.211] [info] #8: Feasible / Total: 436296 / 597871
[2024-06-10 22:21:17.453] [info] #9: Feasible / Total: 455083 / 597871
[2024-06-10 22:21:20.084] [info] #10: Feasible / Total: 455183 / 597871
[2024-06-10 22:21:22.055] [info] #10: Feasible / Total: 455183 / 597871
[2024-06-10 22:21:22.055] [info] Graph is not D-reducible.
[2024-06-10 22:21:22.130] [info] Started C-reducibility check
[2024-06-10 22:22:59.198] [info] Trying 55655571 possible contractions
[2024-06-10 22:22:59.198] [info] [0/55655571] Starting contraction of size 1
[2024-06-10 22:25:07.983] [info] [48/55655571] Starting contraction of size 2
[2024-06-10 23:05:14.089] [info] [1095/55655571] Starting contraction of size 3
[2024-06-11 06:35:06.741] [info] [14869/55655571] Starting contraction of size 4
[2024-06-11 14:28:12.232] [info] All colors passed! Contracted: 29, 31, 37, 43
[2024-06-11 14:28:12.233] [info] Graph is C-reducible!
