[2024-06-12 10:48:00.273] [info] Kempe type: Toroidal
[2024-06-12 10:48:00.273] [info] Vertex size: 45, Edge size: 75, Ring size: 15
[2024-06-12 10:48:22.047] [info] Started D-reducibility check
[2024-06-12 10:48:22.047] [info] #1: Feasible / Total: 95496 / 597871
[2024-06-12 11:11:57.064] [info] #2: Feasible / Total: 188546 / 597871
[2024-06-12 11:37:32.296] [info] #3: Feasible / Total: 352478 / 597871
[2024-06-12 11:47:14.969] [info] #4: Feasible / Total: 505754 / 597871
[2024-06-12 11:47:53.400] [info] #5: Feasible / Total: 518119 / 597871
[2024-06-12 11:48:25.024] [info] #6: Feasible / Total: 526121 / 597871
[2024-06-12 11:48:48.000] [info] #7: Feasible / Total: 531285 / 597871
[2024-06-12 11:48:50.623] [info] #8: Feasible / Total: 531439 / 597871
[2024-06-12 11:48:51.518] [info] #9: Feasible / Total: 531440 / 597871
[2024-06-12 11:48:52.399] [info] #9: Feasible / Total: 531440 / 597871
[2024-06-12 11:48:52.399] [info] Graph is not D-reducible.
[2024-06-12 11:48:52.487] [info] Started C-reducibility check
[2024-06-12 12:02:29.894] [info] Trying 515878445 possible contractions
[2024-06-12 12:02:29.894] [info] [0/515878445] Starting contraction of size 1
[2024-06-12 12:20:36.274] [info] [60/515878445] Starting contraction of size 2
[2024-06-12 20:02:46.409] [info] [1725/515878445] Starting contraction of size 3
[2024-06-13 06:19:12.743] [info] All colors passed! Contracted: 20, 55, 67
[2024-06-13 06:19:12.743] [info] Graph is C-reducible!
