[2023-11-16 15:21:25.384] [info] Kempe type: Toroidal
[2023-11-16 15:21:25.384] [info] Vertex size: 34, Edge size: 58, Ring size: 14
[2023-11-16 15:21:33.330] [info] Started D-reducibility check
[2023-11-16 15:21:33.330] [info] #1: Feasible / Total: 26708 / 199291
[2023-11-16 15:36:21.325] [info] #2: Feasible / Total: 36650 / 199291
[2023-11-16 15:41:47.172] [info] #3: Feasible / Total: 44408 / 199291
[2023-11-16 15:47:05.257] [info] #4: Feasible / Total: 53637 / 199291
[2023-11-16 15:53:14.169] [info] #5: Feasible / Total: 67305 / 199291
[2023-11-16 16:02:33.371] [info] #6: Feasible / Total: 89169 / 199291
[2023-11-16 16:14:15.696] [info] #7: Feasible / Total: 124896 / 199291
[2023-11-16 16:20:53.778] [info] #8: Feasible / Total: 154326 / 199291
[2023-11-16 16:21:33.647] [info] #9: Feasible / Total: 157261 / 199291
[2023-11-16 16:21:37.345] [info] #10: Feasible / Total: 157263 / 199291
[2023-11-16 16:21:40.427] [info] #10: Feasible / Total: 157263 / 199291
[2023-11-16 16:21:40.427] [info] Graph is not D-reducible.
[2023-11-16 16:21:40.622] [info] Started C-reducibility check
[2023-11-16 16:39:57.291] [info] Trying 22304594 possible contractions
[2023-11-16 16:39:57.291] [info] [0/22304594] Starting contraction of size 1
[2023-11-16 16:40:39.053] [info] All colors passed! Contracted: 49
[2023-11-16 16:40:39.053] [info] Graph is C-reducible!
