[2023-11-17 14:12:09.021] [info] Kempe type: Toroidal
[2023-11-17 14:12:09.054] [info] Vertex size: 35, Edge size: 60, Ring size: 15
[2023-11-17 14:12:28.670] [info] Started D-reducibility check
[2023-11-17 14:12:28.710] [info] #1: Feasible / Total: 57040 / 597871
[2023-11-17 16:35:39.441] [info] #2: Feasible / Total: 91289 / 597871
[2023-11-17 18:02:33.647] [info] #3: Feasible / Total: 114321 / 597871
[2023-11-17 19:12:37.542] [info] #4: Feasible / Total: 139097 / 597871
[2023-11-17 20:23:55.795] [info] #5: Feasible / Total: 170346 / 597871
[2023-11-17 21:40:58.839] [info] #6: Feasible / Total: 212569 / 597871
[2023-11-17 22:54:31.445] [info] #7: Feasible / Total: 283430 / 597871
[2023-11-18 01:10:59.156] [info] #8: Feasible / Total: 405618 / 597871
[2023-11-18 02:04:01.416] [info] #9: Feasible / Total: 518197 / 597871
[2023-11-18 02:06:24.012] [info] #10: Feasible / Total: 528991 / 597871
[2023-11-18 02:06:35.659] [info] #10: Feasible / Total: 528991 / 597871
[2023-11-18 02:06:35.659] [info] Graph is not D-reducible.
[2023-11-18 02:06:36.597] [info] Started C-reducibility check
[2023-11-18 02:48:09.268] [info] Trying 28942818 possible contractions
[2023-11-18 02:48:09.268] [info] [0/28942818] Starting contraction of size 1
[2023-11-18 02:48:31.787] [info] All colors passed! Contracted: 37
[2023-11-18 02:48:31.788] [info] Graph is C-reducible!
