[2024-07-08 22:28:38.128] [info] Kempe type: Toroidal
[2024-07-08 22:28:38.128] [info] Vertex size: 31, Edge size: 53, Ring size: 13
[2024-07-08 22:28:38.251] [info] Started D-reducibility check
[2024-07-08 22:28:38.251] [info] #1: Feasible / Total: 10224 / 66430
[2024-07-08 22:28:55.774] [info] #2: Feasible / Total: 15515 / 66430
[2024-07-08 22:29:05.353] [info] #3: Feasible / Total: 19347 / 66430
[2024-07-08 22:29:13.699] [info] #4: Feasible / Total: 23605 / 66430
[2024-07-08 22:29:22.083] [info] #5: Feasible / Total: 28814 / 66430
[2024-07-08 22:29:30.091] [info] #6: Feasible / Total: 35328 / 66430
[2024-07-08 22:29:35.971] [info] #7: Feasible / Total: 42113 / 66430
[2024-07-08 22:29:38.209] [info] #8: Feasible / Total: 44669 / 66430
[2024-07-08 22:29:39.691] [info] #9: Feasible / Total: 46199 / 66430
[2024-07-08 22:29:40.005] [info] #10: Feasible / Total: 46423 / 66430
[2024-07-08 22:29:40.152] [info] #10: Feasible / Total: 46423 / 66430
[2024-07-08 22:29:40.152] [info] Graph is not D-reducible.
[2024-07-08 22:29:40.159] [info] Started C-reducibility check
[2024-07-08 22:29:52.352] [info] Trying 8124962 possible contractions
[2024-07-08 22:29:52.352] [info] [0/8124962] Starting contraction of size 1
[2024-07-08 22:29:52.603] [info] All colors passed! Contracted: 37
[2024-07-08 22:29:52.603] [info] Graph is C-reducible!
