[2024-07-31 18:38:11.975] [info] Kempe type: Toroidal
[2024-07-31 18:38:11.975] [info] Vertex size: 31, Edge size: 53, Ring size: 13
[2024-07-31 18:38:12.313] [info] Started D-reducibility check
[2024-07-31 18:38:12.313] [info] #1: Feasible / Total: 10381 / 66430
[2024-07-31 18:38:33.447] [info] #2: Feasible / Total: 14121 / 66430
[2024-07-31 18:38:44.151] [info] #3: Feasible / Total: 17750 / 66430
[2024-07-31 18:38:58.228] [info] #4: Feasible / Total: 22838 / 66430
[2024-07-31 18:39:13.760] [info] #5: Feasible / Total: 32365 / 66430
[2024-07-31 18:39:29.638] [info] #6: Feasible / Total: 46031 / 66430
[2024-07-31 18:39:34.342] [info] #7: Feasible / Total: 52403 / 66430
[2024-07-31 18:39:34.765] [info] #8: Feasible / Total: 52498 / 66430
[2024-07-31 18:39:34.995] [info] #9: Feasible / Total: 52499 / 66430
[2024-07-31 18:39:35.152] [info] #9: Feasible / Total: 52499 / 66430
[2024-07-31 18:39:35.152] [info] Graph is not D-reducible.
[2024-07-31 18:39:35.160] [info] Started C-reducibility check
[2024-07-31 18:39:48.849] [info] Trying 8160902 possible contractions
[2024-07-31 18:39:48.850] [info] [0/8160902] Starting contraction of size 1
[2024-07-31 18:39:56.989] [info] [40/8160902] Starting contraction of size 2
[2024-07-31 18:42:00.357] [info] [753/8160902] Starting contraction of size 3
[2024-07-31 18:45:25.002] [info] All colors passed! Contracted: 14, 16, 27
[2024-07-31 18:45:25.003] [info] Graph is C-reducible!
