[2024-06-09 12:36:21.499] [info] Kempe type: Toroidal
[2024-06-09 12:36:21.499] [info] Vertex size: 35, Edge size: 60, Ring size: 15
[2024-06-09 12:36:23.825] [info] Started D-reducibility check
[2024-06-09 12:36:23.825] [info] #1: Feasible / Total: 54553 / 597871
[2024-06-09 12:41:07.194] [info] #2: Feasible / Total: 65884 / 597871
[2024-06-09 12:42:48.286] [info] #3: Feasible / Total: 70157 / 597871
[2024-06-09 12:43:46.673] [info] #4: Feasible / Total: 72760 / 597871
[2024-06-09 12:44:35.379] [info] #5: Feasible / Total: 75028 / 597871
[2024-06-09 12:45:18.181] [info] #6: Feasible / Total: 77097 / 597871
[2024-06-09 12:45:57.280] [info] #7: Feasible / Total: 79496 / 597871
[2024-06-09 12:46:39.477] [info] #8: Feasible / Total: 82030 / 597871
[2024-06-09 12:47:21.843] [info] #9: Feasible / Total: 84514 / 597871
[2024-06-09 12:48:04.045] [info] #10: Feasible / Total: 87272 / 597871
[2024-06-09 12:48:46.278] [info] #11: Feasible / Total: 90244 / 597871
[2024-06-09 12:49:29.768] [info] #12: Feasible / Total: 93464 / 597871
[2024-06-09 12:50:17.081] [info] #13: Feasible / Total: 96664 / 597871
[2024-06-09 12:50:58.747] [info] #14: Feasible / Total: 99566 / 597871
[2024-06-09 12:51:38.163] [info] #15: Feasible / Total: 102570 / 597871
[2024-06-09 12:52:21.223] [info] #16: Feasible / Total: 105848 / 597871
[2024-06-09 12:53:10.109] [info] #17: Feasible / Total: 109566 / 597871
[2024-06-09 12:54:04.309] [info] #18: Feasible / Total: 113898 / 597871
[2024-06-09 12:55:07.226] [info] #19: Feasible / Total: 118960 / 597871
[2024-06-09 12:56:22.732] [info] #20: Feasible / Total: 125149 / 597871
[2024-06-09 12:57:44.755] [info] #21: Feasible / Total: 132859 / 597871
[2024-06-09 12:59:23.399] [info] #22: Feasible / Total: 142141 / 597871
[2024-06-09 13:01:04.993] [info] #23: Feasible / Total: 151229 / 597871
[2024-06-09 13:02:44.024] [info] #24: Feasible / Total: 159592 / 597871
[2024-06-09 13:04:11.269] [info] #25: Feasible / Total: 167483 / 597871
[2024-06-09 13:05:36.898] [info] #26: Feasible / Total: 174439 / 597871
[2024-06-09 13:07:16.039] [info] #27: Feasible / Total: 181890 / 597871
[2024-06-09 13:09:08.663] [info] #28: Feasible / Total: 190621 / 597871
[2024-06-09 13:11:38.816] [info] #29: Feasible / Total: 201555 / 597871
[2024-06-09 13:14:35.255] [info] #30: Feasible / Total: 215953 / 597871
[2024-06-09 13:18:13.819] [info] #31: Feasible / Total: 235964 / 597871
[2024-06-09 13:22:07.922] [info] #32: Feasible / Total: 262435 / 597871
[2024-06-09 13:25:36.432] [info] #33: Feasible / Total: 293253 / 597871
[2024-06-09 13:27:11.260] [info] #34: Feasible / Total: 314503 / 597871
[2024-06-09 13:27:45.805] [info] #35: Feasible / Total: 322620 / 597871
[2024-06-09 13:27:59.005] [info] #36: Feasible / Total: 323879 / 597871
[2024-06-09 13:28:04.210] [info] #37: Feasible / Total: 323961 / 597871
[2024-06-09 13:28:08.040] [info] #38: Feasible / Total: 323998 / 597871
[2024-06-09 13:28:11.732] [info] #39: Feasible / Total: 324005 / 597871
[2024-06-09 13:28:15.361] [info] #39: Feasible / Total: 324005 / 597871
[2024-06-09 13:28:15.361] [info] Graph is not D-reducible.
[2024-06-09 13:28:15.437] [info] Started C-reducibility check
[2024-06-09 13:29:00.132] [info] Trying 28945392 possible contractions
[2024-06-09 13:29:00.132] [info] [0/28945392] Starting contraction of size 1
[2024-06-09 13:29:14.429] [info] All colors passed! Contracted: 19
[2024-06-09 13:29:14.429] [info] Graph is C-reducible!
