[2023-11-17 14:12:08.559] [info] Kempe type: Toroidal
[2023-11-17 14:12:08.578] [info] Vertex size: 39, Edge size: 66, Ring size: 15
[2023-11-17 14:12:48.822] [info] Started D-reducibility check
[2023-11-17 14:12:48.866] [info] #1: Feasible / Total: 79857 / 597871
[2023-11-17 19:43:40.215] [info] #2: Feasible / Total: 158524 / 597871
[2023-11-17 21:07:00.680] [info] #3: Feasible / Total: 231311 / 597871
[2023-11-17 21:48:31.510] [info] #4: Feasible / Total: 313588 / 597871
[2023-11-17 22:26:55.340] [info] #5: Feasible / Total: 396993 / 597871
[2023-11-17 22:30:27.883] [info] #6: Feasible / Total: 420565 / 597871
[2023-11-17 22:31:40.184] [info] #7: Feasible / Total: 423163 / 597871
[2023-11-17 22:32:11.824] [info] #8: Feasible / Total: 424732 / 597871
[2023-11-17 22:32:28.522] [info] #9: Feasible / Total: 425403 / 597871
[2023-11-17 22:32:36.326] [info] #10: Feasible / Total: 425423 / 597871
[2023-11-17 22:32:43.480] [info] #10: Feasible / Total: 425423 / 597871
[2023-11-17 22:32:43.480] [info] Graph is not D-reducible.
[2023-11-17 22:32:43.719] [info] Started C-reducibility check
[2023-11-18 01:46:33.507] [info] Trying 102801452 possible contractions
[2023-11-18 01:46:33.510] [info] [0/102801452] Starting contraction of size 1
[2023-11-18 01:54:56.385] [info] All colors passed! Contracted: 15
[2023-11-18 01:54:56.386] [info] Graph is C-reducible!
