[2023-11-21 15:24:10.690] [info] Kempe type: Toroidal
[2023-11-21 15:24:10.698] [info] Vertex size: 35, Edge size: 60, Ring size: 15
[2023-11-21 15:24:26.377] [info] Started D-reducibility check
[2023-11-21 15:24:26.390] [info] #1: Feasible / Total: 54757 / 597871
[2023-11-21 17:02:25.833] [info] #2: Feasible / Total: 75799 / 597871
[2023-11-21 17:36:03.826] [info] #3: Feasible / Total: 83623 / 597871
[2023-11-21 17:50:31.405] [info] #4: Feasible / Total: 86829 / 597871
[2023-11-21 18:00:02.248] [info] #5: Feasible / Total: 88171 / 597871
[2023-11-21 18:06:00.457] [info] #6: Feasible / Total: 88826 / 597871
[2023-11-21 18:11:03.094] [info] #7: Feasible / Total: 89411 / 597871
[2023-11-21 18:16:37.242] [info] #8: Feasible / Total: 89925 / 597871
[2023-11-21 18:22:11.929] [info] #9: Feasible / Total: 90377 / 597871
[2023-11-21 18:27:42.985] [info] #10: Feasible / Total: 90881 / 597871
[2023-11-21 18:33:06.781] [info] #11: Feasible / Total: 91393 / 597871
[2023-11-21 18:38:06.998] [info] #12: Feasible / Total: 91822 / 597871
[2023-11-21 18:42:47.930] [info] #13: Feasible / Total: 92156 / 597871
[2023-11-21 18:46:55.955] [info] #14: Feasible / Total: 92448 / 597871
[2023-11-21 18:51:08.482] [info] #15: Feasible / Total: 92684 / 597871
[2023-11-21 18:55:18.106] [info] #16: Feasible / Total: 92881 / 597871
[2023-11-21 18:59:32.135] [info] #17: Feasible / Total: 93121 / 597871
[2023-11-21 19:03:34.754] [info] #18: Feasible / Total: 93409 / 597871
[2023-11-21 19:07:45.269] [info] #19: Feasible / Total: 93696 / 597871
[2023-11-21 19:11:50.423] [info] #20: Feasible / Total: 94006 / 597871
[2023-11-21 19:15:43.232] [info] #21: Feasible / Total: 94248 / 597871
[2023-11-21 19:19:43.885] [info] #22: Feasible / Total: 94572 / 597871
[2023-11-21 19:23:55.990] [info] #23: Feasible / Total: 94977 / 597871
[2023-11-21 19:27:41.598] [info] #24: Feasible / Total: 95660 / 597871
[2023-11-21 19:33:30.472] [info] #25: Feasible / Total: 96503 / 597871
[2023-11-21 19:40:00.314] [info] #26: Feasible / Total: 97475 / 597871
[2023-11-21 19:48:16.163] [info] #27: Feasible / Total: 98742 / 597871
[2023-11-21 19:57:09.825] [info] #28: Feasible / Total: 100138 / 597871
[2023-11-21 20:06:39.903] [info] #29: Feasible / Total: 101620 / 597871
[2023-11-21 20:15:14.698] [info] #30: Feasible / Total: 103185 / 597871
[2023-11-21 20:25:00.986] [info] #31: Feasible / Total: 104899 / 597871
[2023-11-21 20:35:20.491] [info] #32: Feasible / Total: 106845 / 597871
[2023-11-21 20:47:45.896] [info] #33: Feasible / Total: 109234 / 597871
[2023-11-21 21:03:05.385] [info] #34: Feasible / Total: 112468 / 597871
[2023-11-21 21:19:30.888] [info] #35: Feasible / Total: 116266 / 597871
[2023-11-21 21:40:26.442] [info] #36: Feasible / Total: 121242 / 597871
[2023-11-21 22:05:39.885] [info] #37: Feasible / Total: 127264 / 597871
[2023-11-21 22:31:26.781] [info] #38: Feasible / Total: 134415 / 597871
[2023-11-21 23:01:12.108] [info] #39: Feasible / Total: 143704 / 597871
[2023-11-21 23:38:07.313] [info] #40: Feasible / Total: 156196 / 597871
[2023-11-22 00:32:20.218] [info] #41: Feasible / Total: 173551 / 597871
[2023-11-22 01:45:01.158] [info] #42: Feasible / Total: 200299 / 597871
[2023-11-22 03:18:27.169] [info] #43: Feasible / Total: 243804 / 597871
[2023-11-22 05:05:28.538] [info] #44: Feasible / Total: 312844 / 597871
[2023-11-22 06:13:22.861] [info] #45: Feasible / Total: 415495 / 597871
[2023-11-22 06:35:53.021] [info] #46: Feasible / Total: 489315 / 597871
[2023-11-22 06:36:57.345] [info] #47: Feasible / Total: 491175 / 597871
[2023-11-22 06:37:38.330] [info] #47: Feasible / Total: 491175 / 597871
[2023-11-22 06:37:38.342] [info] Graph is not D-reducible.
[2023-11-22 06:37:39.988] [info] Started C-reducibility check
[2023-11-22 06:53:54.280] [info] Trying 28940302 possible contractions
[2023-11-22 06:53:54.281] [info] [0/28940302] Starting contraction of size 1
[2023-11-22 06:54:25.375] [info] All colors passed! Contracted: 52
[2023-11-22 06:54:25.375] [info] Graph is C-reducible!
