[2023-11-22 11:38:20.992] [info] Kempe type: Toroidal
[2023-11-22 11:38:21.007] [info] Vertex size: 35, Edge size: 60, Ring size: 15
[2023-11-22 11:38:34.337] [info] Started D-reducibility check
[2023-11-22 11:38:34.338] [info] #1: Feasible / Total: 54804 / 597871
[2023-11-22 12:24:00.969] [info] #2: Feasible / Total: 78216 / 597871
[2023-11-22 12:54:33.046] [info] #3: Feasible / Total: 88597 / 597871
[2023-11-22 13:14:39.460] [info] #4: Feasible / Total: 94740 / 597871
[2023-11-22 13:32:41.488] [info] #5: Feasible / Total: 100209 / 597871
[2023-11-22 13:50:15.458] [info] #6: Feasible / Total: 106006 / 597871
[2023-11-22 14:04:20.265] [info] #7: Feasible / Total: 112801 / 597871
[2023-11-22 14:25:01.052] [info] #8: Feasible / Total: 121648 / 597871
[2023-11-22 14:52:38.393] [info] #9: Feasible / Total: 134058 / 597871
[2023-11-22 15:28:59.693] [info] #10: Feasible / Total: 152273 / 597871
[2023-11-22 16:17:56.950] [info] #11: Feasible / Total: 179156 / 597871
[2023-11-22 17:28:54.989] [info] #12: Feasible / Total: 221520 / 597871
[2023-11-22 19:09:36.174] [info] #13: Feasible / Total: 297295 / 597871
[2023-11-22 21:05:13.279] [info] #14: Feasible / Total: 430641 / 597871
[2023-11-22 21:54:48.260] [info] #15: Feasible / Total: 544948 / 597871
[2023-11-22 21:58:38.752] [info] #16: Feasible / Total: 558126 / 597871
[2023-11-22 21:58:43.378] [info] #17: Feasible / Total: 558129 / 597871
[2023-11-22 21:58:47.438] [info] #17: Feasible / Total: 558129 / 597871
[2023-11-22 21:58:47.438] [info] Graph is not D-reducible.
[2023-11-22 21:58:48.321] [info] Started C-reducibility check
[2023-11-22 22:29:04.517] [info] Trying 28947658 possible contractions
[2023-11-22 22:29:04.530] [info] [0/28947658] Starting contraction of size 1
[2023-11-22 22:36:51.549] [info] [45/28947658] Starting contraction of size 2
[2023-11-23 00:47:34.649] [info] [960/28947658] Starting contraction of size 3
[2023-11-23 04:53:44.093] [info] All colors passed! Contracted: 18, 47, 58
[2023-11-23 04:53:44.115] [info] Graph is C-reducible!
