[2023-11-19 22:11:34.375] [info] Kempe type: Toroidal
[2023-11-19 22:11:34.458] [info] Vertex size: 34, Edge size: 58, Ring size: 14
[2023-11-19 22:11:43.949] [info] Started D-reducibility check
[2023-11-19 22:11:43.949] [info] #1: Feasible / Total: 25938 / 199291
[2023-11-19 22:32:17.896] [info] #2: Feasible / Total: 33873 / 199291
[2023-11-19 22:38:47.956] [info] #3: Feasible / Total: 38895 / 199291
[2023-11-19 22:45:12.358] [info] #4: Feasible / Total: 43733 / 199291
[2023-11-19 22:54:03.371] [info] #5: Feasible / Total: 51920 / 199291
[2023-11-19 23:09:55.038] [info] #6: Feasible / Total: 68657 / 199291
[2023-11-19 23:34:10.155] [info] #7: Feasible / Total: 103942 / 199291
[2023-11-19 23:54:38.421] [info] #8: Feasible / Total: 159928 / 199291
[2023-11-19 23:56:24.865] [info] #9: Feasible / Total: 179550 / 199291
[2023-11-19 23:56:27.502] [info] #10: Feasible / Total: 179599 / 199291
[2023-11-19 23:56:29.835] [info] #10: Feasible / Total: 179599 / 199291
[2023-11-19 23:56:29.835] [info] Graph is not D-reducible.
[2023-11-19 23:56:30.143] [info] Started C-reducibility check
[2023-11-20 00:22:30.803] [info] Trying 22231981 possible contractions
[2023-11-20 00:22:30.826] [info] [0/22231981] Starting contraction of size 1
[2023-11-20 00:22:33.741] [info] All colors passed! Contracted: 33
[2023-11-20 00:22:33.759] [info] Graph is C-reducible!
