[2023-11-16 15:21:25.691] [info] Kempe type: Toroidal
[2023-11-16 15:21:25.691] [info] Vertex size: 36, Edge size: 61, Ring size: 14
[2023-11-16 15:21:50.543] [info] Started D-reducibility check
[2023-11-16 15:21:50.543] [info] #1: Feasible / Total: 29102 / 199291
[2023-11-16 15:46:19.672] [info] #2: Feasible / Total: 59974 / 199291
[2023-11-16 15:58:52.367] [info] #3: Feasible / Total: 84204 / 199291
[2023-11-16 16:09:38.920] [info] #4: Feasible / Total: 113317 / 199291
[2023-11-16 16:13:19.740] [info] #5: Feasible / Total: 137298 / 199291
[2023-11-16 16:14:18.848] [info] #6: Feasible / Total: 141037 / 199291
[2023-11-16 16:14:55.299] [info] #7: Feasible / Total: 142381 / 199291
[2023-11-16 16:15:13.064] [info] #8: Feasible / Total: 142919 / 199291
[2023-11-16 16:15:24.217] [info] #9: Feasible / Total: 143178 / 199291
[2023-11-16 16:15:29.825] [info] #10: Feasible / Total: 143254 / 199291
[2023-11-16 16:15:33.980] [info] #11: Feasible / Total: 143264 / 199291
[2023-11-16 16:15:38.062] [info] #12: Feasible / Total: 143269 / 199291
[2023-11-16 16:15:41.615] [info] #12: Feasible / Total: 143269 / 199291
[2023-11-16 16:15:41.615] [info] Graph is not D-reducible.
[2023-11-16 16:15:41.714] [info] Started C-reducibility check
[2023-11-16 17:08:15.628] [info] Trying 43712575 possible contractions
[2023-11-16 17:08:15.646] [info] [0/43712575] Starting contraction of size 1
[2023-11-16 17:10:39.915] [info] All colors passed! Contracted: 16
[2023-11-16 17:10:39.916] [info] Graph is C-reducible!
