[2023-11-19 22:11:34.372] [info] Kempe type: Toroidal
[2023-11-19 22:11:34.466] [info] Vertex size: 35, Edge size: 59, Ring size: 13
[2023-11-19 22:11:41.234] [info] Started D-reducibility check
[2023-11-19 22:11:41.234] [info] #1: Feasible / Total: 12123 / 66430
[2023-11-19 22:14:38.682] [info] #2: Feasible / Total: 20520 / 66430
[2023-11-19 22:16:42.426] [info] #3: Feasible / Total: 31137 / 66430
[2023-11-19 22:17:53.417] [info] #4: Feasible / Total: 43035 / 66430
[2023-11-19 22:18:05.197] [info] #5: Feasible / Total: 46314 / 66430
[2023-11-19 22:18:11.029] [info] #6: Feasible / Total: 46686 / 66430
[2023-11-19 22:18:16.770] [info] #7: Feasible / Total: 47155 / 66430
[2023-11-19 22:18:22.201] [info] #8: Feasible / Total: 47628 / 66430
[2023-11-19 22:18:24.687] [info] #9: Feasible / Total: 47793 / 66430
[2023-11-19 22:18:26.112] [info] #10: Feasible / Total: 47852 / 66430
[2023-11-19 22:18:27.092] [info] #11: Feasible / Total: 47866 / 66430
[2023-11-19 22:18:27.993] [info] #11: Feasible / Total: 47866 / 66430
[2023-11-19 22:18:27.993] [info] Graph is not D-reducible.
[2023-11-19 22:18:28.057] [info] Started C-reducibility check
[2023-11-19 23:24:35.730] [info] Trying 34182923 possible contractions
[2023-11-19 23:24:35.734] [info] [0/34182923] Starting contraction of size 1
[2023-11-19 23:25:38.761] [info] All colors passed! Contracted: 13
[2023-11-19 23:25:38.761] [info] Graph is C-reducible!
