[2023-12-05 15:28:02.761] [info] Kempe type: Toroidal
[2023-12-05 15:28:02.761] [info] Vertex size: 36, Edge size: 61, Ring size: 14
[2023-12-05 15:28:33.092] [info] Started D-reducibility check
[2023-12-05 15:28:33.092] [info] #1: Feasible / Total: 27146 / 199291
[2023-12-05 16:16:22.684] [info] #2: Feasible / Total: 47937 / 199291
[2023-12-05 16:49:59.359] [info] #3: Feasible / Total: 66692 / 199291
[2023-12-05 17:30:28.760] [info] #4: Feasible / Total: 93816 / 199291
[2023-12-05 18:03:09.991] [info] #5: Feasible / Total: 133955 / 199291
[2023-12-05 18:17:03.152] [info] #6: Feasible / Total: 173430 / 199291
[2023-12-05 18:17:49.128] [info] #7: Feasible / Total: 177720 / 199291
[2023-12-05 18:17:54.861] [info] #8: Feasible / Total: 177729 / 199291
[2023-12-05 18:18:00.220] [info] #8: Feasible / Total: 177729 / 199291
[2023-12-05 18:18:00.220] [info] Graph is not D-reducible.
[2023-12-05 18:18:00.662] [info] Started C-reducibility check
[2023-12-05 20:43:53.377] [info] Trying 124344 possible contractions
[2023-12-05 20:43:53.377] [info] [0/124344] Starting contraction of size 1
[2023-12-05 21:00:31.646] [info] [47/124344] Starting contraction of size 2
[2023-12-06 01:59:12.943] [info] [1048/124344] Starting contraction of size 3
[2023-12-06 14:06:12.595] [info] All colors passed! Contracted: 15, 19, 57
[2023-12-06 14:06:12.595] [info] Graph is C-reducible!
