[2024-06-14 12:22:48.619] [info] Kempe type: Toroidal
[2024-06-14 12:22:48.619] [info] Vertex size: 39, Edge size: 66, Ring size: 15
[2024-06-14 12:22:53.367] [info] Started D-reducibility check
[2024-06-14 12:22:53.367] [info] #1: Feasible / Total: 63042 / 597871
[2024-06-14 12:31:22.927] [info] #2: Feasible / Total: 88998 / 597871
[2024-06-14 12:34:27.506] [info] #3: Feasible / Total: 105890 / 597871
[2024-06-14 12:37:18.344] [info] #4: Feasible / Total: 117435 / 597871
[2024-06-14 12:39:12.834] [info] #5: Feasible / Total: 126228 / 597871
[2024-06-14 12:40:51.937] [info] #6: Feasible / Total: 132629 / 597871
[2024-06-14 12:42:11.408] [info] #7: Feasible / Total: 137158 / 597871
[2024-06-14 12:43:14.497] [info] #8: Feasible / Total: 140804 / 597871
[2024-06-14 12:44:14.290] [info] #9: Feasible / Total: 144081 / 597871
[2024-06-14 12:45:12.646] [info] #10: Feasible / Total: 147567 / 597871
[2024-06-14 12:46:18.142] [info] #11: Feasible / Total: 151465 / 597871
[2024-06-14 12:47:39.934] [info] #12: Feasible / Total: 156223 / 597871
[2024-06-14 12:49:30.959] [info] #13: Feasible / Total: 162878 / 597871
[2024-06-14 12:51:55.192] [info] #14: Feasible / Total: 171756 / 597871
[2024-06-14 12:54:56.834] [info] #15: Feasible / Total: 183438 / 597871
[2024-06-14 12:59:11.864] [info] #16: Feasible / Total: 198050 / 597871
[2024-06-14 13:03:58.872] [info] #17: Feasible / Total: 216605 / 597871
[2024-06-14 13:08:53.949] [info] #18: Feasible / Total: 242224 / 597871
[2024-06-14 13:14:05.018] [info] #19: Feasible / Total: 272545 / 597871
[2024-06-14 13:17:18.222] [info] #20: Feasible / Total: 297292 / 597871
[2024-06-14 13:18:54.447] [info] #21: Feasible / Total: 309510 / 597871
[2024-06-14 13:19:24.770] [info] #22: Feasible / Total: 312148 / 597871
[2024-06-14 13:19:40.912] [info] #23: Feasible / Total: 313395 / 597871
[2024-06-14 13:19:53.753] [info] #24: Feasible / Total: 313929 / 597871
[2024-06-14 13:20:03.063] [info] #25: Feasible / Total: 314215 / 597871
[2024-06-14 13:20:09.579] [info] #26: Feasible / Total: 314463 / 597871
[2024-06-14 13:20:15.217] [info] #27: Feasible / Total: 314642 / 597871
[2024-06-14 13:20:20.046] [info] #28: Feasible / Total: 314740 / 597871
[2024-06-14 13:20:26.304] [info] #29: Feasible / Total: 314918 / 597871
[2024-06-14 13:20:33.550] [info] #30: Feasible / Total: 315146 / 597871
[2024-06-14 13:20:40.303] [info] #31: Feasible / Total: 315339 / 597871
[2024-06-14 13:20:45.991] [info] #32: Feasible / Total: 315489 / 597871
[2024-06-14 13:20:50.702] [info] #33: Feasible / Total: 315551 / 597871
[2024-06-14 13:20:55.603] [info] #34: Feasible / Total: 315609 / 597871
[2024-06-14 13:21:01.410] [info] #35: Feasible / Total: 315715 / 597871
[2024-06-14 13:21:08.338] [info] #36: Feasible / Total: 315799 / 597871
[2024-06-14 13:21:14.343] [info] #37: Feasible / Total: 315860 / 597871
[2024-06-14 13:21:19.866] [info] #38: Feasible / Total: 315929 / 597871
[2024-06-14 13:21:26.923] [info] #39: Feasible / Total: 316029 / 597871
[2024-06-14 13:21:35.419] [info] #40: Feasible / Total: 316420 / 597871
[2024-06-14 13:21:52.168] [info] #41: Feasible / Total: 317853 / 597871
[2024-06-14 13:22:16.867] [info] #42: Feasible / Total: 321053 / 597871
[2024-06-14 13:22:49.424] [info] #43: Feasible / Total: 325101 / 597871
[2024-06-14 13:23:33.298] [info] #44: Feasible / Total: 329669 / 597871
[2024-06-14 13:24:22.680] [info] #45: Feasible / Total: 334566 / 597871
[2024-06-14 13:24:54.301] [info] #46: Feasible / Total: 337871 / 597871
[2024-06-14 13:25:17.648] [info] #47: Feasible / Total: 341399 / 597871
[2024-06-14 13:25:25.152] [info] #48: Feasible / Total: 341989 / 597871
[2024-06-14 13:25:29.304] [info] #49: Feasible / Total: 341997 / 597871
[2024-06-14 13:25:33.744] [info] #50: Feasible / Total: 342002 / 597871
[2024-06-14 13:25:38.018] [info] #51: Feasible / Total: 342003 / 597871
[2024-06-14 13:25:42.001] [info] #51: Feasible / Total: 342003 / 597871
[2024-06-14 13:25:42.001] [info] Graph is not D-reducible.
[2024-06-14 13:25:42.147] [info] Started C-reducibility check
[2024-06-14 13:28:14.462] [info] Trying 102001928 possible contractions
[2024-06-14 13:28:14.463] [info] [0/102001928] Starting contraction of size 1
[2024-06-14 13:30:22.612] [info] [51/102001928] Starting contraction of size 2
[2024-06-14 14:13:27.537] [info] [1239/102001928] Starting contraction of size 3
[2024-06-14 20:15:03.241] [info] All colors passed! Contracted: 30, 40, 64
[2024-06-14 20:15:03.241] [info] Graph is C-reducible!
