[2024-04-14 15:20:04.363] [info] Kempe type: Toroidal
[2024-04-14 15:20:04.363] [info] Vertex size: 30, Edge size: 51, Ring size: 12
[2024-04-14 15:20:04.444] [info] Started D-reducibility check
[2024-04-14 15:20:04.444] [info] #1: Feasible / Total: 3851 / 22144
[2024-04-14 15:20:07.461] [info] #2: Feasible / Total: 5088 / 22144
[2024-04-14 15:20:07.965] [info] #3: Feasible / Total: 5687 / 22144
[2024-04-14 15:20:08.437] [info] #4: Feasible / Total: 6133 / 22144
[2024-04-14 15:20:08.810] [info] #5: Feasible / Total: 6498 / 22144
[2024-04-14 15:20:09.157] [info] #6: Feasible / Total: 6817 / 22144
[2024-04-14 15:20:09.558] [info] #7: Feasible / Total: 7284 / 22144
[2024-04-14 15:20:09.978] [info] #8: Feasible / Total: 7887 / 22144
[2024-04-14 15:20:10.575] [info] #9: Feasible / Total: 8598 / 22144
[2024-04-14 15:20:11.234] [info] #10: Feasible / Total: 9644 / 22144
[2024-04-14 15:20:11.891] [info] #11: Feasible / Total: 10843 / 22144
[2024-04-14 15:20:12.328] [info] #12: Feasible / Total: 11511 / 22144
[2024-04-14 15:20:12.598] [info] #13: Feasible / Total: 11994 / 22144
[2024-04-14 15:20:12.894] [info] #14: Feasible / Total: 12644 / 22144
[2024-04-14 15:20:13.118] [info] #15: Feasible / Total: 13099 / 22144
[2024-04-14 15:20:13.198] [info] #16: Feasible / Total: 13171 / 22144
[2024-04-14 15:20:13.246] [info] #17: Feasible / Total: 13175 / 22144
[2024-04-14 15:20:13.293] [info] #18: Feasible / Total: 13178 / 22144
[2024-04-14 15:20:13.340] [info] #19: Feasible / Total: 13189 / 22144
[2024-04-14 15:20:13.389] [info] #20: Feasible / Total: 13196 / 22144
[2024-04-14 15:20:13.436] [info] #21: Feasible / Total: 13197 / 22144
[2024-04-14 15:20:13.482] [info] #21: Feasible / Total: 13197 / 22144
[2024-04-14 15:20:13.482] [info] Graph is not D-reducible.
[2024-04-14 15:20:13.485] [info] Started C-reducibility check
[2024-04-14 15:20:21.730] [info] Trying 6043139 possible contractions
[2024-04-14 15:20:21.731] [info] [0/6043139] Starting contraction of size 1
[2024-04-14 15:20:24.102] [info] [39/6043139] Starting contraction of size 2
[2024-04-14 15:20:58.498] [info] [714/6043139] Starting contraction of size 3
[2024-04-14 15:25:55.852] [info] [7578/6043139] Starting contraction of size 4
[2024-04-14 15:31:33.122] [info] All colors passed! Contracted: 15, 38, 45, 49
[2024-04-14 15:31:33.122] [info] Graph is C-reducible!
