[2024-03-26 11:02:11.709] [info] Kempe type: Toroidal
[2024-03-26 11:02:11.709] [info] Vertex size: 34, Edge size: 58, Ring size: 14
[2024-03-26 11:02:12.686] [info] Started D-reducibility check
[2024-03-26 11:02:12.686] [info] #1: Feasible / Total: 26233 / 199291
[2024-03-26 11:03:34.410] [info] #2: Feasible / Total: 31003 / 199291
[2024-03-26 11:03:49.493] [info] #3: Feasible / Total: 32940 / 199291
[2024-03-26 11:03:58.633] [info] #4: Feasible / Total: 34171 / 199291
[2024-03-26 11:04:08.120] [info] #5: Feasible / Total: 35178 / 199291
[2024-03-26 11:04:15.256] [info] #6: Feasible / Total: 36100 / 199291
[2024-03-26 11:04:24.425] [info] #7: Feasible / Total: 37121 / 199291
[2024-03-26 11:04:33.504] [info] #8: Feasible / Total: 38292 / 199291
[2024-03-26 11:04:43.076] [info] #9: Feasible / Total: 39597 / 199291
[2024-03-26 11:04:53.625] [info] #10: Feasible / Total: 41266 / 199291
[2024-03-26 11:05:04.575] [info] #11: Feasible / Total: 43302 / 199291
[2024-03-26 11:05:17.890] [info] #12: Feasible / Total: 45784 / 199291
[2024-03-26 11:05:38.132] [info] #13: Feasible / Total: 48933 / 199291
[2024-03-26 11:05:59.728] [info] #14: Feasible / Total: 53258 / 199291
[2024-03-26 11:06:24.253] [info] #15: Feasible / Total: 59026 / 199291
[2024-03-26 11:06:53.886] [info] #16: Feasible / Total: 66901 / 199291
[2024-03-26 11:07:33.712] [info] #17: Feasible / Total: 78882 / 199291
[2024-03-26 11:08:21.964] [info] #18: Feasible / Total: 93978 / 199291
[2024-03-26 11:08:58.992] [info] #19: Feasible / Total: 106660 / 199291
[2024-03-26 11:09:26.062] [info] #20: Feasible / Total: 115815 / 199291
[2024-03-26 11:09:46.036] [info] #21: Feasible / Total: 122484 / 199291
[2024-03-26 11:10:00.983] [info] #22: Feasible / Total: 127944 / 199291
[2024-03-26 11:10:08.747] [info] #23: Feasible / Total: 130668 / 199291
[2024-03-26 11:10:10.942] [info] #24: Feasible / Total: 131220 / 199291
[2024-03-26 11:10:11.767] [info] #25: Feasible / Total: 131297 / 199291
[2024-03-26 11:10:12.434] [info] #26: Feasible / Total: 131298 / 199291
[2024-03-26 11:10:13.096] [info] #26: Feasible / Total: 131298 / 199291
[2024-03-26 11:10:13.096] [info] Graph is not D-reducible.
[2024-03-26 11:10:13.125] [info] Started C-reducibility check
[2024-03-26 11:10:46.712] [info] Trying 22388068 possible contractions
[2024-03-26 11:10:46.712] [info] [0/22388068] Starting contraction of size 1
[2024-03-26 11:11:18.481] [info] [44/22388068] Starting contraction of size 2
[2024-03-26 11:20:03.421] [info] [916/22388068] Starting contraction of size 3
[2024-03-26 12:47:46.352] [info] [11238/22388068] Starting contraction of size 4
[2024-03-26 23:21:08.673] [info] [92891/22388068] Starting contraction of size 5
[2024-03-27 00:27:38.528] [info] All colors passed! Contracted: 20, 24, 32, 44, 57
[2024-03-27 00:27:38.528] [info] Graph is C-reducible!
