[2023-11-20 13:25:47.599] [info] Kempe type: Toroidal
[2023-11-20 13:25:47.599] [info] Vertex size: 34, Edge size: 58, Ring size: 14
[2023-11-20 13:26:02.357] [info] Started D-reducibility check
[2023-11-20 13:26:02.390] [info] #1: Feasible / Total: 22116 / 199291
[2023-11-20 13:38:55.536] [info] #2: Feasible / Total: 31177 / 199291
[2023-11-20 13:46:23.106] [info] #3: Feasible / Total: 38019 / 199291
[2023-11-20 13:50:18.171] [info] #4: Feasible / Total: 41407 / 199291
[2023-11-20 13:51:17.406] [info] #5: Feasible / Total: 42854 / 199291
[2023-11-20 13:51:53.762] [info] #6: Feasible / Total: 43657 / 199291
[2023-11-20 13:52:34.096] [info] #7: Feasible / Total: 44475 / 199291
[2023-11-20 13:53:16.830] [info] #8: Feasible / Total: 45440 / 199291
[2023-11-20 13:54:06.052] [info] #9: Feasible / Total: 46503 / 199291
[2023-11-20 13:55:02.636] [info] #10: Feasible / Total: 47761 / 199291
[2023-11-20 13:56:02.433] [info] #11: Feasible / Total: 49532 / 199291
[2023-11-20 13:57:31.784] [info] #12: Feasible / Total: 52534 / 199291
[2023-11-20 13:59:34.428] [info] #13: Feasible / Total: 56919 / 199291
[2023-11-20 14:02:34.056] [info] #14: Feasible / Total: 63647 / 199291
[2023-11-20 14:06:28.618] [info] #15: Feasible / Total: 74615 / 199291
[2023-11-20 14:09:16.270] [info] #16: Feasible / Total: 85712 / 199291
[2023-11-20 14:10:44.516] [info] #17: Feasible / Total: 92244 / 199291
[2023-11-20 14:11:36.920] [info] #18: Feasible / Total: 96217 / 199291
[2023-11-20 14:11:51.924] [info] #19: Feasible / Total: 97268 / 199291
[2023-11-20 14:11:58.655] [info] #20: Feasible / Total: 97284 / 199291
[2023-11-20 14:12:04.922] [info] #20: Feasible / Total: 97284 / 199291
[2023-11-20 14:12:04.930] [info] Graph is not D-reducible.
[2023-11-20 14:12:05.090] [info] Started C-reducibility check
[2023-11-20 14:27:37.285] [info] Trying 22303396 possible contractions
[2023-11-20 14:27:37.294] [info] [0/22303396] Starting contraction of size 1
[2023-11-20 14:27:42.310] [info] All colors passed! Contracted: 50
[2023-11-20 14:27:42.310] [info] Graph is C-reducible!
