[2023-11-19 22:11:34.206] [info] Kempe type: Toroidal
[2023-11-19 22:11:34.210] [info] Vertex size: 31, Edge size: 53, Ring size: 13
[2023-11-19 22:11:37.461] [info] Started D-reducibility check
[2023-11-19 22:11:37.461] [info] #1: Feasible / Total: 9031 / 66430
[2023-11-19 22:13:20.937] [info] #2: Feasible / Total: 11464 / 66430
[2023-11-19 22:13:43.792] [info] #3: Feasible / Total: 12531 / 66430
[2023-11-19 22:13:58.382] [info] #4: Feasible / Total: 13114 / 66430
[2023-11-19 22:14:11.712] [info] #5: Feasible / Total: 13605 / 66430
[2023-11-19 22:14:24.087] [info] #6: Feasible / Total: 14103 / 66430
[2023-11-19 22:14:39.408] [info] #7: Feasible / Total: 14778 / 66430
[2023-11-19 22:14:56.772] [info] #8: Feasible / Total: 15751 / 66430
[2023-11-19 22:15:15.363] [info] #9: Feasible / Total: 17143 / 66430
[2023-11-19 22:15:42.396] [info] #10: Feasible / Total: 19079 / 66430
[2023-11-19 22:16:18.466] [info] #11: Feasible / Total: 21751 / 66430
[2023-11-19 22:17:07.107] [info] #12: Feasible / Total: 25795 / 66430
[2023-11-19 22:18:11.100] [info] #13: Feasible / Total: 32244 / 66430
[2023-11-19 22:19:08.516] [info] #14: Feasible / Total: 40347 / 66430
[2023-11-19 22:19:30.187] [info] #15: Feasible / Total: 44332 / 66430
[2023-11-19 22:19:32.943] [info] #16: Feasible / Total: 44615 / 66430
[2023-11-19 22:19:34.139] [info] #16: Feasible / Total: 44615 / 66430
[2023-11-19 22:19:34.140] [info] Graph is not D-reducible.
[2023-11-19 22:19:34.196] [info] Started C-reducibility check
[2023-11-19 22:22:16.672] [info] Trying 8126439 possible contractions
[2023-11-19 22:22:16.678] [info] [0/8126439] Starting contraction of size 1
[2023-11-19 22:23:06.749] [info] [40/8126439] Starting contraction of size 2
[2023-11-19 22:34:40.024] [info] [753/8126439] Starting contraction of size 3
[2023-11-20 00:06:37.489] [info] [8254/8126439] Starting contraction of size 4
[2023-11-20 00:22:36.298] [info] All colors passed! Contracted: 19, 40, 43, 47
[2023-11-20 00:22:36.314] [info] Graph is C-reducible!
