[2023-11-28 12:53:29.285] [info] Kempe type: Toroidal
[2023-11-28 12:53:29.294] [info] Vertex size: 31, Edge size: 53, Ring size: 13
[2023-11-28 12:53:30.534] [info] Started D-reducibility check
[2023-11-28 12:53:30.534] [info] #1: Feasible / Total: 9936 / 66430
[2023-11-28 12:54:25.638] [info] #2: Feasible / Total: 12187 / 66430
[2023-11-28 12:54:43.579] [info] #3: Feasible / Total: 13687 / 66430
[2023-11-28 12:55:00.935] [info] #4: Feasible / Total: 15207 / 66430
[2023-11-28 12:55:18.965] [info] #5: Feasible / Total: 17207 / 66430
[2023-11-28 12:55:44.885] [info] #6: Feasible / Total: 20153 / 66430
[2023-11-28 12:56:26.867] [info] #7: Feasible / Total: 25431 / 66430
[2023-11-28 12:57:29.035] [info] #8: Feasible / Total: 35984 / 66430
[2023-11-28 12:58:34.588] [info] #9: Feasible / Total: 53746 / 66430
[2023-11-28 12:58:49.946] [info] #10: Feasible / Total: 63172 / 66430
[2023-11-28 12:58:50.183] [info] #11: Feasible / Total: 63190 / 66430
[2023-11-28 12:58:50.289] [info] #11: Feasible / Total: 63190 / 66430
[2023-11-28 12:58:50.314] [info] Graph is not D-reducible.
[2023-11-28 12:58:50.322] [info] Started C-reducibility check
[2023-11-28 13:00:50.637] [info] Trying 8095393 possible contractions
[2023-11-28 13:00:50.637] [info] [0/8095393] Starting contraction of size 1
[2023-11-28 13:00:51.696] [info] All colors passed! Contracted: 38
[2023-11-28 13:00:51.696] [info] Graph is C-reducible!
