[2024-04-14 13:15:43.072] [info] Kempe type: Toroidal
[2024-04-14 13:15:43.072] [info] Vertex size: 32, Edge size: 55, Ring size: 14
[2024-04-14 13:15:43.936] [info] Started D-reducibility check
[2024-04-14 13:15:43.936] [info] #1: Feasible / Total: 21334 / 199291
[2024-04-14 13:16:54.384] [info] #2: Feasible / Total: 28716 / 199291
[2024-04-14 13:17:14.294] [info] #3: Feasible / Total: 31439 / 199291
[2024-04-14 13:17:25.409] [info] #4: Feasible / Total: 32784 / 199291
[2024-04-14 13:17:31.991] [info] #5: Feasible / Total: 33557 / 199291
[2024-04-14 13:17:39.159] [info] #6: Feasible / Total: 34243 / 199291
[2024-04-14 13:17:44.608] [info] #7: Feasible / Total: 34908 / 199291
[2024-04-14 13:17:50.483] [info] #8: Feasible / Total: 35676 / 199291
[2024-04-14 13:17:54.277] [info] #9: Feasible / Total: 36275 / 199291
[2024-04-14 13:17:58.479] [info] #10: Feasible / Total: 36815 / 199291
[2024-04-14 13:18:02.461] [info] #11: Feasible / Total: 37456 / 199291
[2024-04-14 13:18:07.759] [info] #12: Feasible / Total: 38260 / 199291
[2024-04-14 13:18:13.692] [info] #13: Feasible / Total: 39137 / 199291
[2024-04-14 13:18:19.522] [info] #14: Feasible / Total: 40124 / 199291
[2024-04-14 13:18:26.683] [info] #15: Feasible / Total: 41269 / 199291
[2024-04-14 13:18:34.792] [info] #16: Feasible / Total: 42463 / 199291
[2024-04-14 13:18:41.607] [info] #17: Feasible / Total: 43659 / 199291
[2024-04-14 13:18:49.191] [info] #18: Feasible / Total: 45086 / 199291
[2024-04-14 13:18:57.907] [info] #19: Feasible / Total: 46701 / 199291
[2024-04-14 13:19:07.837] [info] #20: Feasible / Total: 48821 / 199291
[2024-04-14 13:19:20.938] [info] #21: Feasible / Total: 51792 / 199291
[2024-04-14 13:19:35.149] [info] #22: Feasible / Total: 55463 / 199291
[2024-04-14 13:19:51.714] [info] #23: Feasible / Total: 60516 / 199291
[2024-04-14 13:20:12.572] [info] #24: Feasible / Total: 66802 / 199291
[2024-04-14 13:20:44.980] [info] #25: Feasible / Total: 74837 / 199291
[2024-04-14 13:21:27.267] [info] #26: Feasible / Total: 85157 / 199291
[2024-04-14 13:22:20.933] [info] #27: Feasible / Total: 100156 / 199291
[2024-04-14 13:23:06.889] [info] #28: Feasible / Total: 116039 / 199291
[2024-04-14 13:23:29.899] [info] #29: Feasible / Total: 124077 / 199291
[2024-04-14 13:23:43.437] [info] #30: Feasible / Total: 127922 / 199291
[2024-04-14 13:23:47.243] [info] #31: Feasible / Total: 128873 / 199291
[2024-04-14 13:23:48.083] [info] #32: Feasible / Total: 128881 / 199291
[2024-04-14 13:23:48.803] [info] #32: Feasible / Total: 128881 / 199291
[2024-04-14 13:23:48.803] [info] Graph is not D-reducible.
[2024-04-14 13:23:48.824] [info] Started C-reducibility check
[2024-04-14 13:24:04.345] [info] Trying 10785147 possible contractions
[2024-04-14 13:24:04.345] [info] [0/10785147] Starting contraction of size 1
[2024-04-14 13:24:31.548] [info] [41/10785147] Starting contraction of size 2
[2024-04-14 13:31:44.379] [info] [793/10785147] Starting contraction of size 3
[2024-04-14 14:37:57.618] [info] [8967/10785147] Starting contraction of size 4
[2024-04-14 19:40:18.453] [info] All colors passed! Contracted: 18, 21, 24, 47
[2024-04-14 19:40:18.453] [info] Graph is C-reducible!
