[2024-03-20 22:55:31.847] [info] Kempe type: Toroidal
[2024-03-20 22:55:31.847] [info] Vertex size: 31, Edge size: 53, Ring size: 13
[2024-03-20 22:55:32.704] [info] Started D-reducibility check
[2024-03-20 22:55:32.704] [info] #1: Feasible / Total: 9599 / 66430
[2024-03-20 22:55:54.047] [info] #2: Feasible / Total: 11670 / 66430
[2024-03-20 22:56:00.294] [info] #3: Feasible / Total: 12645 / 66430
[2024-03-20 22:56:04.198] [info] #4: Feasible / Total: 13258 / 66430
[2024-03-20 22:56:06.291] [info] #5: Feasible / Total: 13614 / 66430
[2024-03-20 22:56:07.391] [info] #6: Feasible / Total: 13866 / 66430
[2024-03-20 22:56:08.250] [info] #7: Feasible / Total: 14006 / 66430
[2024-03-20 22:56:09.325] [info] #8: Feasible / Total: 14153 / 66430
[2024-03-20 22:56:10.673] [info] #9: Feasible / Total: 14284 / 66430
[2024-03-20 22:56:11.945] [info] #10: Feasible / Total: 14441 / 66430
[2024-03-20 22:56:12.997] [info] #11: Feasible / Total: 14623 / 66430
[2024-03-20 22:56:14.673] [info] #12: Feasible / Total: 14901 / 66430
[2024-03-20 22:56:17.025] [info] #13: Feasible / Total: 15275 / 66430
[2024-03-20 22:56:20.018] [info] #14: Feasible / Total: 15797 / 66430
[2024-03-20 22:56:23.563] [info] #15: Feasible / Total: 16448 / 66430
[2024-03-20 22:56:27.484] [info] #16: Feasible / Total: 17233 / 66430
[2024-03-20 22:56:31.797] [info] #17: Feasible / Total: 18140 / 66430
[2024-03-20 22:56:37.360] [info] #18: Feasible / Total: 19407 / 66430
[2024-03-20 22:56:44.863] [info] #19: Feasible / Total: 21269 / 66430
[2024-03-20 22:56:52.130] [info] #20: Feasible / Total: 23698 / 66430
[2024-03-20 22:57:01.461] [info] #21: Feasible / Total: 26877 / 66430
[2024-03-20 22:57:12.072] [info] #22: Feasible / Total: 30940 / 66430
[2024-03-20 22:57:24.368] [info] #23: Feasible / Total: 36245 / 66430
[2024-03-20 22:57:37.235] [info] #24: Feasible / Total: 42835 / 66430
[2024-03-20 22:57:46.631] [info] #25: Feasible / Total: 49375 / 66430
[2024-03-20 22:57:59.340] [info] #26: Feasible / Total: 55599 / 66430
[2024-03-20 22:57:59.816] [info] #27: Feasible / Total: 55918 / 66430
[2024-03-20 22:57:59.976] [info] #27: Feasible / Total: 55918 / 66430
[2024-03-20 22:57:59.976] [info] Graph is not D-reducible.
[2024-03-20 22:57:59.984] [info] Started C-reducibility check
[2024-03-20 22:58:25.430] [info] Trying 8094268 possible contractions
[2024-03-20 22:58:25.430] [info] [0/8094268] Starting contraction of size 1
[2024-03-20 22:58:25.972] [info] All colors passed! Contracted: 46
[2024-03-20 22:58:25.972] [info] Graph is C-reducible!
