[2023-11-16 13:19:33.284] [info] Kempe type: Toroidal
[2023-11-16 13:19:33.284] [info] Vertex size: 34, Edge size: 58, Ring size: 14
[2023-11-16 13:19:51.039] [info] Started D-reducibility check
[2023-11-16 13:19:51.039] [info] #1: Feasible / Total: 24544 / 199291
[2023-11-16 13:33:31.858] [info] #2: Feasible / Total: 42285 / 199291
[2023-11-16 13:36:08.236] [info] #3: Feasible / Total: 51088 / 199291
[2023-11-16 13:38:01.798] [info] #4: Feasible / Total: 59489 / 199291
[2023-11-16 13:39:26.812] [info] #5: Feasible / Total: 67044 / 199291
[2023-11-16 13:40:31.597] [info] #6: Feasible / Total: 72734 / 199291
[2023-11-16 13:41:28.666] [info] #7: Feasible / Total: 77180 / 199291
[2023-11-16 13:42:19.204] [info] #8: Feasible / Total: 81483 / 199291
[2023-11-16 13:43:15.319] [info] #9: Feasible / Total: 85899 / 199291
[2023-11-16 13:44:37.137] [info] #10: Feasible / Total: 93243 / 199291
[2023-11-16 13:46:12.338] [info] #11: Feasible / Total: 106079 / 199291
[2023-11-16 13:49:49.194] [info] #12: Feasible / Total: 122886 / 199291
[2023-11-16 13:51:08.261] [info] #13: Feasible / Total: 134149 / 199291
[2023-11-16 13:51:14.169] [info] #14: Feasible / Total: 134234 / 199291
[2023-11-16 13:51:18.922] [info] #14: Feasible / Total: 134234 / 199291
[2023-11-16 13:51:18.922] [info] Graph is not D-reducible.
[2023-11-16 13:51:19.115] [info] Started C-reducibility check
[2023-11-16 14:05:22.029] [info] Trying 22389252 possible contractions
[2023-11-16 14:05:22.054] [info] [0/22389252] Starting contraction of size 1
[2023-11-16 14:10:19.367] [info] [44/22389252] Starting contraction of size 2
[2023-11-16 14:14:16.520] [info] All colors passed! Contracted: 18, 50
[2023-11-16 14:14:16.530] [info] Graph is C-reducible!
