[2024-03-26 11:02:11.711] [info] Kempe type: Toroidal
[2024-03-26 11:02:11.711] [info] Vertex size: 28, Edge size: 48, Ring size: 12
[2024-03-26 11:02:11.775] [info] Started D-reducibility check
[2024-03-26 11:02:11.775] [info] #1: Feasible / Total: 3740 / 22144
[2024-03-26 11:02:14.247] [info] #2: Feasible / Total: 5028 / 22144
[2024-03-26 11:02:14.991] [info] #3: Feasible / Total: 5582 / 22144
[2024-03-26 11:02:15.699] [info] #4: Feasible / Total: 6345 / 22144
[2024-03-26 11:02:16.551] [info] #5: Feasible / Total: 7554 / 22144
[2024-03-26 11:02:17.538] [info] #6: Feasible / Total: 9075 / 22144
[2024-03-26 11:02:18.679] [info] #7: Feasible / Total: 11125 / 22144
[2024-03-26 11:02:19.909] [info] #8: Feasible / Total: 14781 / 22144
[2024-03-26 11:02:20.625] [info] #9: Feasible / Total: 18558 / 22144
[2024-03-26 11:02:20.693] [info] #10: Feasible / Total: 18868 / 22144
[2024-03-26 11:02:20.710] [info] #10: Feasible / Total: 18868 / 22144
[2024-03-26 11:02:20.710] [info] Graph is not D-reducible.
[2024-03-26 11:02:20.714] [info] Started C-reducibility check
[2024-03-26 11:02:24.073] [info] Trying 2651224 possible contractions
[2024-03-26 11:02:24.074] [info] [0/2651224] Starting contraction of size 1
[2024-03-26 11:02:24.116] [info] All colors passed! Contracted: 26
[2024-03-26 11:02:24.116] [info] Graph is C-reducible!
