[2023-11-16 13:46:30.529] [info] Kempe type: Toroidal
[2023-11-16 13:46:30.529] [info] Vertex size: 26, Edge size: 45, Ring size: 12
[2023-11-16 13:46:30.908] [info] Started D-reducibility check
[2023-11-16 13:46:30.908] [info] #1: Feasible / Total: 3431 / 22144
[2023-11-16 13:46:59.232] [info] #2: Feasible / Total: 4609 / 22144
[2023-11-16 13:47:04.288] [info] #3: Feasible / Total: 5041 / 22144
[2023-11-16 13:47:07.393] [info] #4: Feasible / Total: 5291 / 22144
[2023-11-16 13:47:10.129] [info] #5: Feasible / Total: 5454 / 22144
[2023-11-16 13:47:12.094] [info] #6: Feasible / Total: 5593 / 22144
[2023-11-16 13:47:13.479] [info] #7: Feasible / Total: 5700 / 22144
[2023-11-16 13:47:15.304] [info] #8: Feasible / Total: 5790 / 22144
[2023-11-16 13:47:17.063] [info] #9: Feasible / Total: 5912 / 22144
[2023-11-16 13:47:19.063] [info] #10: Feasible / Total: 6043 / 22144
[2023-11-16 13:47:21.297] [info] #11: Feasible / Total: 6154 / 22144
[2023-11-16 13:47:23.046] [info] #12: Feasible / Total: 6319 / 22144
[2023-11-16 13:47:25.613] [info] #13: Feasible / Total: 6535 / 22144
[2023-11-16 13:47:28.255] [info] #14: Feasible / Total: 6812 / 22144
[2023-11-16 13:47:31.181] [info] #15: Feasible / Total: 7234 / 22144
[2023-11-16 13:47:37.117] [info] #16: Feasible / Total: 8229 / 22144
[2023-11-16 13:47:44.777] [info] #17: Feasible / Total: 9985 / 22144
[2023-11-16 13:47:56.535] [info] #18: Feasible / Total: 13223 / 22144
[2023-11-16 13:48:08.043] [info] #19: Feasible / Total: 19343 / 22144
[2023-11-16 13:48:09.753] [info] #20: Feasible / Total: 22140 / 22144
[2023-11-16 13:48:09.754] [info] #21: Feasible / Total: 22144 / 22144
[2023-11-16 13:48:09.754] [info] Graph is D-reducible!
