[2024-02-22 22:04:26.645] [info] Kempe type: Toroidal
[2024-02-22 22:04:26.645] [info] Vertex size: 37, Edge size: 63, Ring size: 15
[2024-02-22 22:04:29.108] [info] Started D-reducibility check
[2024-02-22 22:04:29.108] [info] #1: Feasible / Total: 67884 / 597871
[2024-02-22 22:13:44.039] [info] #2: Feasible / Total: 92739 / 597871
[2024-02-22 22:18:34.991] [info] #3: Feasible / Total: 112974 / 597871
[2024-02-22 22:23:02.142] [info] #4: Feasible / Total: 135755 / 597871
[2024-02-22 22:28:48.181] [info] #5: Feasible / Total: 168847 / 597871
[2024-02-22 22:36:27.227] [info] #6: Feasible / Total: 220824 / 597871
[2024-02-22 22:46:01.715] [info] #7: Feasible / Total: 296581 / 597871
[2024-02-22 22:57:35.817] [info] #8: Feasible / Total: 405522 / 597871
[2024-02-22 23:03:52.801] [info] #9: Feasible / Total: 525471 / 597871
[2024-02-22 23:04:38.417] [info] #10: Feasible / Total: 548881 / 597871
[2024-02-22 23:04:39.119] [info] #11: Feasible / Total: 548911 / 597871
[2024-02-22 23:04:39.749] [info] #11: Feasible / Total: 548911 / 597871
[2024-02-22 23:04:39.749] [info] Graph is not D-reducible.
[2024-02-22 23:04:39.825] [info] Started C-reducibility check
[2024-02-22 23:06:09.555] [info] Trying 55661015 possible contractions
[2024-02-22 23:06:09.555] [info] [0/55661015] Starting contraction of size 1
[2024-02-22 23:06:11.564] [info] All colors passed! Contracted: 38
[2024-02-22 23:06:11.564] [info] Graph is C-reducible!
