[2023-11-16 15:21:25.660] [info] Kempe type: Toroidal
[2023-11-16 15:21:25.660] [info] Vertex size: 29, Edge size: 50, Ring size: 13
[2023-11-16 15:21:28.130] [info] Started D-reducibility check
[2023-11-16 15:21:28.130] [info] #1: Feasible / Total: 8521 / 66430
[2023-11-16 15:23:21.409] [info] #2: Feasible / Total: 11456 / 66430
[2023-11-16 15:23:56.190] [info] #3: Feasible / Total: 13030 / 66430
[2023-11-16 15:24:22.872] [info] #4: Feasible / Total: 14320 / 66430
[2023-11-16 15:24:44.638] [info] #5: Feasible / Total: 15281 / 66430
[2023-11-16 15:25:00.584] [info] #6: Feasible / Total: 16112 / 66430
[2023-11-16 15:25:17.367] [info] #7: Feasible / Total: 16843 / 66430
[2023-11-16 15:25:32.358] [info] #8: Feasible / Total: 17422 / 66430
[2023-11-16 15:25:45.633] [info] #9: Feasible / Total: 17897 / 66430
[2023-11-16 15:25:57.425] [info] #10: Feasible / Total: 18352 / 66430
[2023-11-16 15:26:13.631] [info] #11: Feasible / Total: 19028 / 66430
[2023-11-16 15:26:32.175] [info] #12: Feasible / Total: 19823 / 66430
[2023-11-16 15:26:53.033] [info] #13: Feasible / Total: 20752 / 66430
[2023-11-16 15:27:16.482] [info] #14: Feasible / Total: 21779 / 66430
[2023-11-16 15:27:47.785] [info] #15: Feasible / Total: 23405 / 66430
[2023-11-16 15:28:39.083] [info] #16: Feasible / Total: 26024 / 66430
[2023-11-16 15:29:29.441] [info] #17: Feasible / Total: 29665 / 66430
[2023-11-16 15:30:05.934] [info] #18: Feasible / Total: 33410 / 66430
[2023-11-16 15:30:26.617] [info] #19: Feasible / Total: 35927 / 66430
[2023-11-16 15:30:32.563] [info] #20: Feasible / Total: 36419 / 66430
[2023-11-16 15:30:35.184] [info] #21: Feasible / Total: 36490 / 66430
[2023-11-16 15:30:38.028] [info] #22: Feasible / Total: 36574 / 66430
[2023-11-16 15:30:40.940] [info] #23: Feasible / Total: 36696 / 66430
[2023-11-16 15:30:43.677] [info] #24: Feasible / Total: 36865 / 66430
[2023-11-16 15:30:46.702] [info] #25: Feasible / Total: 37148 / 66430
[2023-11-16 15:30:49.979] [info] #26: Feasible / Total: 37422 / 66430
[2023-11-16 15:30:52.417] [info] #27: Feasible / Total: 37496 / 66430
[2023-11-16 15:30:54.185] [info] #28: Feasible / Total: 37504 / 66430
[2023-11-16 15:30:56.024] [info] #28: Feasible / Total: 37504 / 66430
[2023-11-16 15:30:56.024] [info] Graph is not D-reducible.
[2023-11-16 15:30:56.096] [info] Started C-reducibility check
[2023-11-16 15:32:02.173] [info] Trying 3640526 possible contractions
[2023-11-16 15:32:02.173] [info] [0/3640526] Starting contraction of size 1
[2023-11-16 15:32:39.170] [info] [37/3640526] Starting contraction of size 2
[2023-11-16 15:41:00.490] [info] [642/3640526] Starting contraction of size 3
[2023-11-16 16:17:24.382] [info] All colors passed! Contracted: 18, 36, 48
[2023-11-16 16:17:24.422] [info] Graph is C-reducible!
