[2024-07-08 21:05:34.531] [info] Kempe type: Toroidal
[2024-07-08 21:05:34.531] [info] Vertex size: 34, Edge size: 58, Ring size: 14
[2024-07-08 21:05:35.143] [info] Started D-reducibility check
[2024-07-08 21:05:35.143] [info] #1: Feasible / Total: 24096 / 199291
[2024-07-08 21:06:41.629] [info] #2: Feasible / Total: 29356 / 199291
[2024-07-08 21:06:55.114] [info] #3: Feasible / Total: 32011 / 199291
[2024-07-08 21:07:05.493] [info] #4: Feasible / Total: 33552 / 199291
[2024-07-08 21:07:12.940] [info] #5: Feasible / Total: 34651 / 199291
[2024-07-08 21:07:19.114] [info] #6: Feasible / Total: 35560 / 199291
[2024-07-08 21:07:24.374] [info] #7: Feasible / Total: 36429 / 199291
[2024-07-08 21:07:28.855] [info] #8: Feasible / Total: 37227 / 199291
[2024-07-08 21:07:32.974] [info] #9: Feasible / Total: 38036 / 199291
[2024-07-08 21:07:37.802] [info] #10: Feasible / Total: 38826 / 199291
[2024-07-08 21:07:43.294] [info] #11: Feasible / Total: 39542 / 199291
[2024-07-08 21:07:47.620] [info] #12: Feasible / Total: 40182 / 199291
[2024-07-08 21:07:51.406] [info] #13: Feasible / Total: 40855 / 199291
[2024-07-08 21:07:57.017] [info] #14: Feasible / Total: 41519 / 199291
[2024-07-08 21:08:02.154] [info] #15: Feasible / Total: 42166 / 199291
[2024-07-08 21:08:06.991] [info] #16: Feasible / Total: 42748 / 199291
[2024-07-08 21:08:10.748] [info] #17: Feasible / Total: 43300 / 199291
[2024-07-08 21:08:14.352] [info] #18: Feasible / Total: 43865 / 199291
[2024-07-08 21:08:18.477] [info] #19: Feasible / Total: 44455 / 199291
[2024-07-08 21:08:22.594] [info] #20: Feasible / Total: 44996 / 199291
[2024-07-08 21:08:26.454] [info] #21: Feasible / Total: 45445 / 199291
[2024-07-08 21:08:29.553] [info] #22: Feasible / Total: 45811 / 199291
[2024-07-08 21:08:32.419] [info] #23: Feasible / Total: 46151 / 199291
[2024-07-08 21:08:35.686] [info] #24: Feasible / Total: 46440 / 199291
[2024-07-08 21:08:38.359] [info] #25: Feasible / Total: 46758 / 199291
[2024-07-08 21:08:41.178] [info] #26: Feasible / Total: 47145 / 199291
[2024-07-08 21:08:43.944] [info] #27: Feasible / Total: 47521 / 199291
[2024-07-08 21:08:46.959] [info] #28: Feasible / Total: 47927 / 199291
[2024-07-08 21:08:50.900] [info] #29: Feasible / Total: 48278 / 199291
[2024-07-08 21:08:54.111] [info] #30: Feasible / Total: 48670 / 199291
[2024-07-08 21:08:57.064] [info] #31: Feasible / Total: 49120 / 199291
[2024-07-08 21:09:00.960] [info] #32: Feasible / Total: 49715 / 199291
[2024-07-08 21:09:06.019] [info] #33: Feasible / Total: 50508 / 199291
[2024-07-08 21:09:11.759] [info] #34: Feasible / Total: 51491 / 199291
[2024-07-08 21:09:17.858] [info] #35: Feasible / Total: 52511 / 199291
[2024-07-08 21:09:24.282] [info] #36: Feasible / Total: 53538 / 199291
[2024-07-08 21:09:32.195] [info] #37: Feasible / Total: 54916 / 199291
[2024-07-08 21:09:41.632] [info] #38: Feasible / Total: 56708 / 199291
[2024-07-08 21:09:51.806] [info] #39: Feasible / Total: 58560 / 199291
[2024-07-08 21:10:02.698] [info] #40: Feasible / Total: 60621 / 199291
[2024-07-08 21:10:17.771] [info] #41: Feasible / Total: 62993 / 199291
[2024-07-08 21:10:31.848] [info] #42: Feasible / Total: 65439 / 199291
[2024-07-08 21:10:45.182] [info] #43: Feasible / Total: 68129 / 199291
[2024-07-08 21:10:57.821] [info] #44: Feasible / Total: 71204 / 199291
[2024-07-08 21:11:10.689] [info] #45: Feasible / Total: 74902 / 199291
[2024-07-08 21:11:24.702] [info] #46: Feasible / Total: 78640 / 199291
[2024-07-08 21:11:39.826] [info] #47: Feasible / Total: 82799 / 199291
[2024-07-08 21:11:54.297] [info] #48: Feasible / Total: 86520 / 199291
[2024-07-08 21:12:10.090] [info] #49: Feasible / Total: 89699 / 199291
[2024-07-08 21:12:28.469] [info] #50: Feasible / Total: 93291 / 199291
[2024-07-08 21:12:47.728] [info] #51: Feasible / Total: 97891 / 199291
[2024-07-08 21:13:02.105] [info] #52: Feasible / Total: 101521 / 199291
[2024-07-08 21:13:06.799] [info] #53: Feasible / Total: 102719 / 199291
[2024-07-08 21:13:10.133] [info] #54: Feasible / Total: 103410 / 199291
[2024-07-08 21:13:15.042] [info] #55: Feasible / Total: 104178 / 199291
[2024-07-08 21:13:19.684] [info] #56: Feasible / Total: 104748 / 199291
[2024-07-08 21:13:23.253] [info] #57: Feasible / Total: 105166 / 199291
[2024-07-08 21:13:30.189] [info] #58: Feasible / Total: 105923 / 199291
[2024-07-08 21:13:37.972] [info] #59: Feasible / Total: 107534 / 199291
[2024-07-08 21:13:47.064] [info] #60: Feasible / Total: 110434 / 199291
[2024-07-08 21:14:00.567] [info] #61: Feasible / Total: 115089 / 199291
[2024-07-08 21:14:22.695] [info] #62: Feasible / Total: 123983 / 199291
[2024-07-08 21:14:43.975] [info] #63: Feasible / Total: 134744 / 199291
[2024-07-08 21:14:48.025] [info] #64: Feasible / Total: 136219 / 199291
[2024-07-08 21:14:49.003] [info] #65: Feasible / Total: 136295 / 199291
[2024-07-08 21:14:49.714] [info] #66: Feasible / Total: 136298 / 199291
[2024-07-08 21:14:50.357] [info] #66: Feasible / Total: 136298 / 199291
[2024-07-08 21:14:50.357] [info] Graph is not D-reducible.
[2024-07-08 21:14:50.383] [info] Started C-reducibility check
[2024-07-08 21:15:24.873] [info] Trying 22299813 possible contractions
[2024-07-08 21:15:24.873] [info] [0/22299813] Starting contraction of size 1
[2024-07-08 21:15:43.081] [info] [44/22299813] Starting contraction of size 2
[2024-07-08 21:15:51.964] [info] All colors passed! Contracted: 26, 55
[2024-07-08 21:15:51.964] [info] Graph is C-reducible!
