[2023-11-20 13:25:47.511] [info] Kempe type: Toroidal
[2023-11-20 13:25:47.511] [info] Vertex size: 31, Edge size: 53, Ring size: 13
[2023-11-20 13:25:55.272] [info] Started D-reducibility check
[2023-11-20 13:25:55.290] [info] #1: Feasible / Total: 9116 / 66430
[2023-11-20 13:27:43.487] [info] #2: Feasible / Total: 11801 / 66430
[2023-11-20 13:28:27.250] [info] #3: Feasible / Total: 13758 / 66430
[2023-11-20 13:29:08.864] [info] #4: Feasible / Total: 15249 / 66430
[2023-11-20 13:29:40.634] [info] #5: Feasible / Total: 16110 / 66430
[2023-11-20 13:30:00.989] [info] #6: Feasible / Total: 16739 / 66430
[2023-11-20 13:30:19.435] [info] #7: Feasible / Total: 17357 / 66430
[2023-11-20 13:30:39.873] [info] #8: Feasible / Total: 18279 / 66430
[2023-11-20 13:31:11.442] [info] #9: Feasible / Total: 19742 / 66430
[2023-11-20 13:32:09.598] [info] #10: Feasible / Total: 22456 / 66430
[2023-11-20 13:33:44.889] [info] #11: Feasible / Total: 27945 / 66430
[2023-11-20 13:35:30.070] [info] #12: Feasible / Total: 37894 / 66430
[2023-11-20 13:36:36.819] [info] #13: Feasible / Total: 48064 / 66430
[2023-11-20 13:36:49.198] [info] #14: Feasible / Total: 50059 / 66430
[2023-11-20 13:36:51.033] [info] #15: Feasible / Total: 50095 / 66430
[2023-11-20 13:36:52.354] [info] #15: Feasible / Total: 50095 / 66430
[2023-11-20 13:36:52.390] [info] Graph is not D-reducible.
[2023-11-20 13:36:52.470] [info] Started C-reducibility check
[2023-11-20 13:40:57.990] [info] Trying 8093274 possible contractions
[2023-11-20 13:40:57.994] [info] [0/8093274] Starting contraction of size 1
[2023-11-20 13:41:05.731] [info] All colors passed! Contracted: 22
[2023-11-20 13:41:05.738] [info] Graph is C-reducible!
