[2024-04-17 12:19:02.575] [info] Kempe type: Toroidal
[2024-04-17 12:19:02.575] [info] Vertex size: 38, Edge size: 64, Ring size: 14
[2024-04-17 12:19:03.551] [info] Started D-reducibility check
[2024-04-17 12:19:03.551] [info] #1: Feasible / Total: 29591 / 199291
[2024-04-17 12:20:29.365] [info] #2: Feasible / Total: 40509 / 199291
[2024-04-17 12:21:13.663] [info] #3: Feasible / Total: 50350 / 199291
[2024-04-17 12:22:02.045] [info] #4: Feasible / Total: 62942 / 199291
[2024-04-17 12:22:50.442] [info] #5: Feasible / Total: 81003 / 199291
[2024-04-17 12:23:37.178] [info] #6: Feasible / Total: 101525 / 199291
[2024-04-17 12:23:59.010] [info] #7: Feasible / Total: 113101 / 199291
[2024-04-17 12:24:04.315] [info] #8: Feasible / Total: 115444 / 199291
[2024-04-17 12:24:05.451] [info] #9: Feasible / Total: 115532 / 199291
[2024-04-17 12:24:06.291] [info] #10: Feasible / Total: 115533 / 199291
[2024-04-17 12:24:07.086] [info] #10: Feasible / Total: 115533 / 199291
[2024-04-17 12:24:07.086] [info] Graph is not D-reducible.
[2024-04-17 12:24:07.108] [info] Started C-reducibility check
[2024-04-17 12:25:42.017] [info] Trying 81649990 possible contractions
[2024-04-17 12:25:42.017] [info] [0/81649990] Starting contraction of size 1
[2024-04-17 12:26:21.375] [info] [50/81649990] Starting contraction of size 2
[2024-04-17 12:34:07.502] [info] All colors passed! Contracted: 23, 55
[2024-04-17 12:34:07.502] [info] Graph is C-reducible!
