[2024-10-19 13:09:55.641] [info] Kempe type: Toroidal
[2024-10-19 13:09:55.641] [info] Vertex size: 33, Edge size: 56, Ring size: 13
[2024-10-19 13:09:59.811] [info] Started D-reducibility check
[2024-10-19 13:09:59.811] [info] #1: Feasible / Total: 10195 / 66430
[2024-10-19 13:12:05.284] [info] #2: Feasible / Total: 14474 / 66430
[2024-10-19 13:13:01.594] [info] #3: Feasible / Total: 17578 / 66430
[2024-10-19 13:13:49.895] [info] #4: Feasible / Total: 19773 / 66430
[2024-10-19 13:14:35.594] [info] #5: Feasible / Total: 21729 / 66430
[2024-10-19 13:15:33.032] [info] #6: Feasible / Total: 24707 / 66430
[2024-10-19 13:17:12.808] [info] #7: Feasible / Total: 30356 / 66430
[2024-10-19 13:18:47.703] [info] #8: Feasible / Total: 40322 / 66430
[2024-10-19 13:19:25.213] [info] #9: Feasible / Total: 47633 / 66430
[2024-10-19 13:19:33.045] [info] #10: Feasible / Total: 49215 / 66430
[2024-10-19 13:19:34.423] [info] #11: Feasible / Total: 49228 / 66430
[2024-10-19 13:19:35.511] [info] #11: Feasible / Total: 49228 / 66430
[2024-10-19 13:19:35.511] [info] Graph is not D-reducible.
[2024-10-19 13:19:35.605] [info] Started C-reducibility check
[2024-10-19 13:20:03.382] [info] Trying 2025995 possible contractions
[2024-10-19 13:20:03.382] [info] [0/2025995] Starting contraction of size 1
[2024-10-19 13:21:20.595] [info] [43/2025995] Starting contraction of size 2
[2024-10-19 13:37:12.244] [info] All colors passed! Contracted: 23, 46
[2024-10-19 13:37:12.244] [info] Graph is C-reducible!
