[2024-10-19 11:31:23.749] [info] Kempe type: Toroidal
[2024-10-19 11:31:23.750] [info] Vertex size: 28, Edge size: 48, Ring size: 12
[2024-10-19 11:31:23.792] [info] Started D-reducibility check
[2024-10-19 11:31:23.792] [info] #1: Feasible / Total: 4021 / 22144
[2024-10-19 11:31:26.983] [info] #2: Feasible / Total: 5548 / 22144
[2024-10-19 11:31:28.283] [info] #3: Feasible / Total: 6532 / 22144
[2024-10-19 11:31:33.844] [info] #4: Feasible / Total: 7802 / 22144
[2024-10-19 11:31:49.092] [info] #5: Feasible / Total: 9877 / 22144
[2024-10-19 11:32:14.005] [info] #6: Feasible / Total: 13422 / 22144
[2024-10-19 11:32:29.629] [info] #7: Feasible / Total: 16450 / 22144
[2024-10-19 11:32:32.539] [info] #8: Feasible / Total: 16907 / 22144
[2024-10-19 11:32:33.009] [info] #9: Feasible / Total: 16912 / 22144
[2024-10-19 11:32:33.375] [info] #9: Feasible / Total: 16912 / 22144
[2024-10-19 11:32:33.375] [info] Graph is not D-reducible.
[2024-10-19 11:32:33.378] [info] Started C-reducibility check
[2024-10-19 11:32:43.706] [info] Trying 542465 possible contractions
[2024-10-19 11:32:43.706] [info] [0/542465] Starting contraction of size 1
[2024-10-19 11:32:57.973] [info] [36/542465] Starting contraction of size 2
[2024-10-19 11:35:16.834] [info] [606/542465] Starting contraction of size 3
[2024-10-19 11:39:48.488] [info] All colors passed! Contracted: 15, 38, 46
[2024-10-19 11:39:48.488] [info] Graph is C-reducible!
