[2023-11-16 15:21:25.582] [info] Kempe type: Toroidal
[2023-11-16 15:21:25.582] [info] Vertex size: 34, Edge size: 58, Ring size: 14
[2023-11-16 15:21:35.445] [info] Started D-reducibility check
[2023-11-16 15:21:35.445] [info] #1: Feasible / Total: 26939 / 199291
[2023-11-16 15:34:30.617] [info] #2: Feasible / Total: 36056 / 199291
[2023-11-16 15:39:40.631] [info] #3: Feasible / Total: 42648 / 199291
[2023-11-16 15:44:53.030] [info] #4: Feasible / Total: 50558 / 199291
[2023-11-16 15:52:00.775] [info] #5: Feasible / Total: 62952 / 199291
[2023-11-16 16:02:30.781] [info] #6: Feasible / Total: 86030 / 199291
[2023-11-16 16:13:26.053] [info] #7: Feasible / Total: 123814 / 199291
[2023-11-16 16:22:50.496] [info] #8: Feasible / Total: 164886 / 199291
[2023-11-16 16:24:45.448] [info] #9: Feasible / Total: 175325 / 199291
[2023-11-16 16:24:49.902] [info] #10: Feasible / Total: 175489 / 199291
[2023-11-16 16:24:51.554] [info] #10: Feasible / Total: 175489 / 199291
[2023-11-16 16:24:51.554] [info] Graph is not D-reducible.
[2023-11-16 16:24:51.775] [info] Started C-reducibility check
[2023-11-16 16:43:04.656] [info] Trying 22458614 possible contractions
[2023-11-16 16:43:04.656] [info] [0/22458614] Starting contraction of size 1
[2023-11-16 16:43:38.958] [info] All colors passed! Contracted: 20
[2023-11-16 16:43:39.003] [info] Graph is C-reducible!
