[2024-06-20 18:38:22.672] [info] Kempe type: Toroidal
[2024-06-20 18:38:22.672] [info] Vertex size: 34, Edge size: 58, Ring size: 14
[2024-06-20 18:38:24.416] [info] Started D-reducibility check
[2024-06-20 18:38:24.416] [info] #1: Feasible / Total: 25465 / 199291
[2024-06-20 18:40:54.142] [info] #2: Feasible / Total: 37161 / 199291
[2024-06-20 18:42:00.988] [info] #3: Feasible / Total: 44142 / 199291
[2024-06-20 18:42:44.512] [info] #4: Feasible / Total: 49579 / 199291
[2024-06-20 18:43:40.882] [info] #5: Feasible / Total: 56164 / 199291
[2024-06-20 18:44:48.019] [info] #6: Feasible / Total: 65878 / 199291
[2024-06-20 18:46:53.187] [info] #7: Feasible / Total: 83487 / 199291
[2024-06-20 18:49:06.229] [info] #8: Feasible / Total: 111856 / 199291
[2024-06-20 18:50:46.470] [info] #9: Feasible / Total: 145537 / 199291
[2024-06-20 18:51:31.156] [info] #10: Feasible / Total: 161610 / 199291
[2024-06-20 18:51:33.671] [info] #11: Feasible / Total: 162912 / 199291
[2024-06-20 18:51:34.083] [info] #11: Feasible / Total: 162912 / 199291
[2024-06-20 18:51:34.084] [info] Graph is not D-reducible.
[2024-06-20 18:51:34.107] [info] Started C-reducibility check
[2024-06-20 18:52:28.794] [info] Trying 22310643 possible contractions
[2024-06-20 18:52:28.794] [info] [0/22310643] Starting contraction of size 1
[2024-06-20 18:52:34.929] [info] All colors passed! Contracted: 26
[2024-06-20 18:52:34.929] [info] Graph is C-reducible!
