[2024-10-19 14:57:42.198] [info] Kempe type: Toroidal
[2024-10-19 14:57:42.198] [info] Vertex size: 39, Edge size: 66, Ring size: 15
[2024-10-19 14:58:44.299] [info] Started D-reducibility check
[2024-10-19 14:58:44.299] [info] #1: Feasible / Total: 70716 / 597871
[2024-10-19 16:29:26.728] [info] #2: Feasible / Total: 100032 / 597871
[2024-10-19 17:12:32.743] [info] #3: Feasible / Total: 126755 / 597871
[2024-10-19 17:51:07.939] [info] #4: Feasible / Total: 152002 / 597871
[2024-10-19 18:22:51.240] [info] #5: Feasible / Total: 180835 / 597871
[2024-10-19 19:03:15.083] [info] #6: Feasible / Total: 223304 / 597871
[2024-10-19 19:45:30.442] [info] #7: Feasible / Total: 304695 / 597871
[2024-10-19 20:12:46.426] [info] #8: Feasible / Total: 451152 / 597871
[2024-10-19 20:16:16.742] [info] #9: Feasible / Total: 508844 / 597871
[2024-10-19 20:17:21.977] [info] #10: Feasible / Total: 512799 / 597871
[2024-10-19 20:17:56.960] [info] #11: Feasible / Total: 515655 / 597871
[2024-10-19 20:17:59.152] [info] #12: Feasible / Total: 515719 / 597871
[2024-10-19 20:18:01.507] [info] #12: Feasible / Total: 515719 / 597871
[2024-10-19 20:18:01.507] [info] Graph is not D-reducible.
[2024-10-19 20:18:01.661] [info] Started C-reducibility check
[2024-10-19 20:18:17.940] [info] Trying 7079348 possible contractions
[2024-10-19 20:18:17.940] [info] [0/7079348] Starting contraction of size 1
[2024-10-19 20:20:26.609] [info] All colors passed! Contracted: 27
[2024-10-19 20:20:26.609] [info] Graph is C-reducible!
