[2024-03-14 13:26:43.220] [info] Kempe type: Toroidal
[2024-03-14 13:26:43.220] [info] Vertex size: 34, Edge size: 58, Ring size: 14
[2024-03-14 13:26:44.993] [info] Started D-reducibility check
[2024-03-14 13:26:44.993] [info] #1: Feasible / Total: 24063 / 199291
[2024-03-14 13:28:33.293] [info] #2: Feasible / Total: 34256 / 199291
[2024-03-14 13:29:14.333] [info] #3: Feasible / Total: 39995 / 199291
[2024-03-14 13:29:56.501] [info] #4: Feasible / Total: 45088 / 199291
[2024-03-14 13:30:26.325] [info] #5: Feasible / Total: 50040 / 199291
[2024-03-14 13:30:54.451] [info] #6: Feasible / Total: 55946 / 199291
[2024-03-14 13:31:35.959] [info] #7: Feasible / Total: 63557 / 199291
[2024-03-14 13:32:25.886] [info] #8: Feasible / Total: 72880 / 199291
[2024-03-14 13:33:23.243] [info] #9: Feasible / Total: 86022 / 199291
[2024-03-14 13:34:31.959] [info] #10: Feasible / Total: 107840 / 199291
[2024-03-14 13:35:49.287] [info] #11: Feasible / Total: 135122 / 199291
[2024-03-14 13:37:02.978] [info] #12: Feasible / Total: 172322 / 199291
[2024-03-14 13:37:22.748] [info] #13: Feasible / Total: 192939 / 199291
[2024-03-14 13:37:23.075] [info] #14: Feasible / Total: 193063 / 199291
[2024-03-14 13:37:23.141] [info] #14: Feasible / Total: 193063 / 199291
[2024-03-14 13:37:23.141] [info] Graph is not D-reducible.
[2024-03-14 13:37:23.167] [info] Started C-reducibility check
[2024-03-14 13:38:00.412] [info] Trying 22300919 possible contractions
[2024-03-14 13:38:00.412] [info] [0/22300919] Starting contraction of size 1
[2024-03-14 13:38:03.103] [info] All colors passed! Contracted: 30
[2024-03-14 13:38:03.104] [info] Graph is C-reducible!
