[2023-11-28 12:53:27.348] [info] Kempe type: Toroidal
[2023-11-28 12:53:27.350] [info] Vertex size: 34, Edge size: 58, Ring size: 14
[2023-11-28 12:53:30.859] [info] Started D-reducibility check
[2023-11-28 12:53:30.859] [info] #1: Feasible / Total: 25811 / 199291
[2023-11-28 13:03:10.508] [info] #2: Feasible / Total: 36383 / 199291
[2023-11-28 13:07:00.764] [info] #3: Feasible / Total: 45124 / 199291
[2023-11-28 13:11:00.910] [info] #4: Feasible / Total: 58052 / 199291
[2023-11-28 13:16:57.313] [info] #5: Feasible / Total: 80965 / 199291
[2023-11-28 13:24:51.460] [info] #6: Feasible / Total: 119776 / 199291
[2023-11-28 13:29:11.152] [info] #7: Feasible / Total: 151218 / 199291
[2023-11-28 13:29:47.411] [info] #8: Feasible / Total: 155406 / 199291
[2023-11-28 13:29:49.245] [info] #9: Feasible / Total: 155415 / 199291
[2023-11-28 13:29:51.061] [info] #9: Feasible / Total: 155415 / 199291
[2023-11-28 13:29:51.061] [info] Graph is not D-reducible.
[2023-11-28 13:29:51.177] [info] Started C-reducibility check
[2023-11-28 13:39:50.424] [info] Trying 22312194 possible contractions
[2023-11-28 13:39:50.434] [info] [0/22312194] Starting contraction of size 1
[2023-11-28 13:41:22.608] [info] [44/22312194] Starting contraction of size 2
[2023-11-28 14:07:39.643] [info] [916/22312194] Starting contraction of size 3
[2023-11-28 14:46:43.248] [info] All colors passed! Contracted: 28, 39, 54
[2023-11-28 14:46:43.249] [info] Graph is C-reducible!
