[2023-11-16 15:21:25.452] [info] Kempe type: Toroidal
[2023-11-16 15:21:25.452] [info] Vertex size: 33, Edge size: 56, Ring size: 13
[2023-11-16 15:21:32.969] [info] Started D-reducibility check
[2023-11-16 15:21:32.969] [info] #1: Feasible / Total: 10736 / 66430
[2023-11-16 15:24:02.954] [info] #2: Feasible / Total: 16708 / 66430
[2023-11-16 15:25:24.987] [info] #3: Feasible / Total: 20946 / 66430
[2023-11-16 15:26:53.556] [info] #4: Feasible / Total: 26873 / 66430
[2023-11-16 15:28:19.283] [info] #5: Feasible / Total: 34767 / 66430
[2023-11-16 15:28:49.021] [info] #6: Feasible / Total: 38588 / 66430
[2023-11-16 15:29:10.787] [info] #7: Feasible / Total: 40866 / 66430
[2023-11-16 15:29:31.801] [info] #8: Feasible / Total: 43035 / 66430
[2023-11-16 15:29:52.179] [info] #9: Feasible / Total: 45649 / 66430
[2023-11-16 15:30:20.554] [info] #10: Feasible / Total: 53030 / 66430
[2023-11-16 15:30:23.214] [info] #11: Feasible / Total: 54418 / 66430
[2023-11-16 15:30:23.921] [info] #11: Feasible / Total: 54418 / 66430
[2023-11-16 15:30:23.921] [info] Graph is not D-reducible.
[2023-11-16 15:30:24.014] [info] Started C-reducibility check
[2023-11-16 15:42:32.454] [info] Trying 17056434 possible contractions
[2023-11-16 15:42:32.454] [info] [0/17056434] Starting contraction of size 1
[2023-11-16 15:43:03.244] [info] All colors passed! Contracted: 36
[2023-11-16 15:43:03.244] [info] Graph is C-reducible!
