[2023-12-05 15:28:40.758] [info] Kempe type: Toroidal
[2023-12-05 15:28:40.758] [info] Vertex size: 35, Edge size: 60, Ring size: 15
[2023-12-05 15:29:12.992] [info] Started D-reducibility check
[2023-12-05 15:29:12.992] [info] #1: Feasible / Total: 52884 / 597871
[2023-12-05 17:32:05.111] [info] #2: Feasible / Total: 72481 / 597871
[2023-12-05 18:28:34.481] [info] #3: Feasible / Total: 81045 / 597871
[2023-12-05 18:56:56.836] [info] #4: Feasible / Total: 85362 / 597871
[2023-12-05 19:13:11.542] [info] #5: Feasible / Total: 87745 / 597871
[2023-12-05 19:24:30.149] [info] #6: Feasible / Total: 89192 / 597871
[2023-12-05 19:34:03.310] [info] #7: Feasible / Total: 90226 / 597871
[2023-12-05 19:42:24.426] [info] #8: Feasible / Total: 91063 / 597871
[2023-12-05 19:50:12.279] [info] #9: Feasible / Total: 91827 / 597871
[2023-12-05 19:58:40.186] [info] #10: Feasible / Total: 92626 / 597871
[2023-12-05 20:06:25.748] [info] #11: Feasible / Total: 93459 / 597871
[2023-12-05 20:13:40.964] [info] #12: Feasible / Total: 94245 / 597871
[2023-12-05 20:20:42.312] [info] #13: Feasible / Total: 94967 / 597871
[2023-12-05 20:27:48.779] [info] #14: Feasible / Total: 95576 / 597871
[2023-12-05 20:34:38.737] [info] #15: Feasible / Total: 96115 / 597871
[2023-12-05 20:40:42.997] [info] #16: Feasible / Total: 96647 / 597871
[2023-12-05 20:45:39.257] [info] #17: Feasible / Total: 97065 / 597871
[2023-12-05 20:51:10.543] [info] #18: Feasible / Total: 97421 / 597871
[2023-12-05 20:56:24.954] [info] #19: Feasible / Total: 97817 / 597871
[2023-12-05 21:01:51.813] [info] #20: Feasible / Total: 98165 / 597871
[2023-12-05 21:07:08.378] [info] #21: Feasible / Total: 98490 / 597871
[2023-12-05 21:12:31.852] [info] #22: Feasible / Total: 98778 / 597871
[2023-12-05 21:16:57.319] [info] #23: Feasible / Total: 99031 / 597871
[2023-12-05 21:21:14.365] [info] #24: Feasible / Total: 99240 / 597871
[2023-12-05 21:25:16.191] [info] #25: Feasible / Total: 99355 / 597871
[2023-12-05 21:29:39.198] [info] #26: Feasible / Total: 99486 / 597871
[2023-12-05 21:34:12.677] [info] #27: Feasible / Total: 99593 / 597871
[2023-12-05 21:38:44.103] [info] #28: Feasible / Total: 99721 / 597871
[2023-12-05 21:43:17.219] [info] #29: Feasible / Total: 99854 / 597871
[2023-12-05 21:48:06.123] [info] #30: Feasible / Total: 100009 / 597871
[2023-12-05 21:52:36.093] [info] #31: Feasible / Total: 100125 / 597871
[2023-12-05 21:56:43.451] [info] #32: Feasible / Total: 100204 / 597871
[2023-12-05 22:01:00.182] [info] #33: Feasible / Total: 100313 / 597871
[2023-12-05 22:05:11.930] [info] #34: Feasible / Total: 100448 / 597871
[2023-12-05 22:09:51.097] [info] #35: Feasible / Total: 100579 / 597871
[2023-12-05 22:14:11.904] [info] #36: Feasible / Total: 100728 / 597871
[2023-12-05 22:18:20.585] [info] #37: Feasible / Total: 100875 / 597871
[2023-12-05 22:22:36.013] [info] #38: Feasible / Total: 101066 / 597871
[2023-12-05 22:27:05.792] [info] #39: Feasible / Total: 101282 / 597871
[2023-12-05 22:31:58.078] [info] #40: Feasible / Total: 101550 / 597871
[2023-12-05 22:36:55.032] [info] #41: Feasible / Total: 101785 / 597871
[2023-12-05 22:41:27.696] [info] #42: Feasible / Total: 102007 / 597871
[2023-12-05 22:46:32.970] [info] #43: Feasible / Total: 102266 / 597871
[2023-12-05 22:51:20.341] [info] #44: Feasible / Total: 102469 / 597871
[2023-12-05 22:55:52.908] [info] #45: Feasible / Total: 102686 / 597871
[2023-12-05 23:00:32.715] [info] #46: Feasible / Total: 102881 / 597871
[2023-12-05 23:05:12.643] [info] #47: Feasible / Total: 103016 / 597871
[2023-12-05 23:09:20.072] [info] #48: Feasible / Total: 103171 / 597871
[2023-12-05 23:13:19.515] [info] #49: Feasible / Total: 103312 / 597871
[2023-12-05 23:17:18.204] [info] #50: Feasible / Total: 103459 / 597871
[2023-12-05 23:21:20.980] [info] #51: Feasible / Total: 103616 / 597871
[2023-12-05 23:25:42.854] [info] #52: Feasible / Total: 103789 / 597871
[2023-12-05 23:29:50.660] [info] #53: Feasible / Total: 103951 / 597871
[2023-12-05 23:34:00.119] [info] #54: Feasible / Total: 104128 / 597871
[2023-12-05 23:38:07.469] [info] #55: Feasible / Total: 104322 / 597871
[2023-12-05 23:42:56.921] [info] #56: Feasible / Total: 104544 / 597871
[2023-12-05 23:47:27.552] [info] #57: Feasible / Total: 104768 / 597871
[2023-12-05 23:51:41.364] [info] #58: Feasible / Total: 104905 / 597871
[2023-12-05 23:55:41.930] [info] #59: Feasible / Total: 105024 / 597871
[2023-12-05 23:59:39.711] [info] #60: Feasible / Total: 105136 / 597871
[2023-12-06 00:04:03.142] [info] #61: Feasible / Total: 105346 / 597871
[2023-12-06 00:09:02.707] [info] #62: Feasible / Total: 105664 / 597871
[2023-12-06 00:15:34.560] [info] #63: Feasible / Total: 106210 / 597871
[2023-12-06 00:22:55.279] [info] #64: Feasible / Total: 106940 / 597871
[2023-12-06 00:29:22.028] [info] #65: Feasible / Total: 107643 / 597871
[2023-12-06 00:35:53.779] [info] #66: Feasible / Total: 108443 / 597871
[2023-12-06 00:41:58.751] [info] #67: Feasible / Total: 109291 / 597871
[2023-12-06 00:49:53.566] [info] #68: Feasible / Total: 110262 / 597871
[2023-12-06 00:59:02.071] [info] #69: Feasible / Total: 111309 / 597871
[2023-12-06 01:07:37.905] [info] #70: Feasible / Total: 112460 / 597871
[2023-12-06 01:16:12.071] [info] #71: Feasible / Total: 113652 / 597871
[2023-12-06 01:24:42.554] [info] #72: Feasible / Total: 114761 / 597871
[2023-12-06 01:32:56.667] [info] #73: Feasible / Total: 115998 / 597871
[2023-12-06 01:42:55.339] [info] #74: Feasible / Total: 117390 / 597871
[2023-12-06 01:53:42.978] [info] #75: Feasible / Total: 119003 / 597871
[2023-12-06 02:05:32.220] [info] #76: Feasible / Total: 120651 / 597871
[2023-12-06 02:20:10.286] [info] #77: Feasible / Total: 122767 / 597871
[2023-12-06 02:37:19.046] [info] #78: Feasible / Total: 125810 / 597871
[2023-12-06 02:58:55.169] [info] #79: Feasible / Total: 129903 / 597871
[2023-12-06 03:19:07.254] [info] #80: Feasible / Total: 134585 / 597871
[2023-12-06 03:43:36.022] [info] #81: Feasible / Total: 140506 / 597871
[2023-12-06 04:10:01.680] [info] #82: Feasible / Total: 147469 / 597871
[2023-12-06 04:38:06.388] [info] #83: Feasible / Total: 155805 / 597871
[2023-12-06 05:19:43.364] [info] #84: Feasible / Total: 166869 / 597871
[2023-12-06 06:17:50.177] [info] #85: Feasible / Total: 183022 / 597871
[2023-12-06 07:32:27.439] [info] #86: Feasible / Total: 205484 / 597871
[2023-12-06 09:08:49.945] [info] #87: Feasible / Total: 237995 / 597871
[2023-12-06 10:50:06.277] [info] #88: Feasible / Total: 279760 / 597871
[2023-12-06 12:13:58.690] [info] #89: Feasible / Total: 317801 / 597871
[2023-12-06 12:42:58.050] [info] #90: Feasible / Total: 332114 / 597871
[2023-12-06 12:50:31.757] [info] #91: Feasible / Total: 335206 / 597871
[2023-12-06 12:56:41.800] [info] #92: Feasible / Total: 337888 / 597871
[2023-12-06 13:03:27.771] [info] #93: Feasible / Total: 340842 / 597871
[2023-12-06 13:10:21.528] [info] #94: Feasible / Total: 344512 / 597871
[2023-12-06 13:19:22.326] [info] #95: Feasible / Total: 349611 / 597871
[2023-12-06 13:28:41.949] [info] #96: Feasible / Total: 356073 / 597871
[2023-12-06 13:37:57.788] [info] #97: Feasible / Total: 363802 / 597871
[2023-12-06 13:43:50.170] [info] #98: Feasible / Total: 368947 / 597871
[2023-12-06 13:45:56.664] [info] #99: Feasible / Total: 369873 / 597871
[2023-12-06 13:47:09.695] [info] #100: Feasible / Total: 369890 / 597871
[2023-12-06 13:48:25.902] [info] #100: Feasible / Total: 369890 / 597871
[2023-12-06 13:48:25.902] [info] Graph is not D-reducible.
[2023-12-06 13:48:27.362] [info] Started C-reducibility check
[2023-12-06 14:47:43.319] [info] Trying 103231 possible contractions
[2023-12-06 14:47:43.319] [info] [0/103231] Starting contraction of size 1
[2023-12-06 15:02:09.991] [info] [45/103231] Starting contraction of size 2
[2023-12-06 18:56:27.128] [info] [960/103231] Starting contraction of size 3
[2023-12-07 04:53:12.763] [info] All colors passed! Contracted: 16, 20, 58
[2023-12-07 04:53:12.764] [info] Graph is C-reducible!
