[2024-02-20 23:10:19.557] [info] Kempe type: Toroidal
[2024-02-20 23:10:19.557] [info] Vertex size: 29, Edge size: 50, Ring size: 13
[2024-02-20 23:10:19.703] [info] Started D-reducibility check
[2024-02-20 23:10:19.703] [info] #1: Feasible / Total: 8624 / 66430
[2024-02-20 23:10:30.546] [info] #2: Feasible / Total: 11944 / 66430
[2024-02-20 23:10:34.090] [info] #3: Feasible / Total: 13234 / 66430
[2024-02-20 23:10:36.166] [info] #4: Feasible / Total: 13979 / 66430
[2024-02-20 23:10:37.523] [info] #5: Feasible / Total: 14465 / 66430
[2024-02-20 23:10:38.822] [info] #6: Feasible / Total: 14942 / 66430
[2024-02-20 23:10:40.185] [info] #7: Feasible / Total: 15519 / 66430
[2024-02-20 23:10:41.687] [info] #8: Feasible / Total: 16095 / 66430
[2024-02-20 23:10:43.411] [info] #9: Feasible / Total: 16811 / 66430
[2024-02-20 23:10:45.226] [info] #10: Feasible / Total: 17738 / 66430
[2024-02-20 23:10:47.275] [info] #11: Feasible / Total: 18871 / 66430
[2024-02-20 23:10:50.448] [info] #12: Feasible / Total: 20368 / 66430
[2024-02-20 23:10:54.670] [info] #13: Feasible / Total: 23166 / 66430
[2024-02-20 23:11:02.528] [info] #14: Feasible / Total: 28667 / 66430
[2024-02-20 23:11:15.108] [info] #15: Feasible / Total: 38795 / 66430
[2024-02-20 23:11:26.947] [info] #16: Feasible / Total: 54416 / 66430
[2024-02-20 23:11:30.023] [info] #17: Feasible / Total: 62775 / 66430
[2024-02-20 23:11:30.111] [info] #18: Feasible / Total: 63010 / 66430
[2024-02-20 23:11:30.133] [info] #18: Feasible / Total: 63010 / 66430
[2024-02-20 23:11:30.133] [info] Graph is not D-reducible.
[2024-02-20 23:11:30.139] [info] Started C-reducibility check
[2024-02-20 23:11:34.792] [info] Trying 3640194 possible contractions
[2024-02-20 23:11:34.792] [info] [0/3640194] Starting contraction of size 1
[2024-02-20 23:11:38.675] [info] [37/3640194] Starting contraction of size 2
[2024-02-20 23:12:32.710] [info] [642/3640194] Starting contraction of size 3
[2024-02-20 23:12:45.909] [info] All colors passed! Contracted: 24, 29, 31
[2024-02-20 23:12:45.909] [info] Graph is C-reducible!
