[2023-11-17 00:34:26.631] [info] Kempe type: Toroidal
[2023-11-17 00:34:26.769] [info] Vertex size: 31, Edge size: 53, Ring size: 13
[2023-11-17 00:34:38.619] [info] Started D-reducibility check
[2023-11-17 00:34:38.630] [info] #1: Feasible / Total: 9362 / 66430
[2023-11-17 00:39:56.214] [info] #2: Feasible / Total: 11606 / 66430
[2023-11-17 00:41:45.208] [info] #3: Feasible / Total: 12744 / 66430
[2023-11-17 00:43:02.745] [info] #4: Feasible / Total: 13299 / 66430
[2023-11-17 00:43:56.698] [info] #5: Feasible / Total: 13647 / 66430
[2023-11-17 00:44:35.594] [info] #6: Feasible / Total: 13858 / 66430
[2023-11-17 00:45:06.582] [info] #7: Feasible / Total: 14073 / 66430
[2023-11-17 00:45:34.013] [info] #8: Feasible / Total: 14256 / 66430
[2023-11-17 00:46:02.667] [info] #9: Feasible / Total: 14430 / 66430
[2023-11-17 00:46:32.369] [info] #10: Feasible / Total: 14575 / 66430
[2023-11-17 00:47:05.160] [info] #11: Feasible / Total: 14772 / 66430
[2023-11-17 00:47:46.099] [info] #12: Feasible / Total: 15002 / 66430
[2023-11-17 00:48:15.326] [info] #13: Feasible / Total: 15215 / 66430
[2023-11-17 00:48:46.968] [info] #14: Feasible / Total: 15414 / 66430
[2023-11-17 00:49:24.165] [info] #15: Feasible / Total: 15597 / 66430
[2023-11-17 00:49:58.064] [info] #16: Feasible / Total: 15767 / 66430
[2023-11-17 00:50:20.040] [info] #17: Feasible / Total: 15940 / 66430
[2023-11-17 00:50:45.586] [info] #18: Feasible / Total: 16126 / 66430
[2023-11-17 00:51:19.346] [info] #19: Feasible / Total: 16286 / 66430
[2023-11-17 00:51:50.673] [info] #20: Feasible / Total: 16453 / 66430
[2023-11-17 00:52:20.312] [info] #21: Feasible / Total: 16646 / 66430
[2023-11-17 00:52:51.263] [info] #22: Feasible / Total: 16860 / 66430
[2023-11-17 00:53:28.360] [info] #23: Feasible / Total: 17040 / 66430
[2023-11-17 00:53:59.294] [info] #24: Feasible / Total: 17255 / 66430
[2023-11-17 00:54:36.652] [info] #25: Feasible / Total: 17487 / 66430
[2023-11-17 00:55:11.948] [info] #26: Feasible / Total: 17732 / 66430
[2023-11-17 00:55:49.156] [info] #27: Feasible / Total: 18042 / 66430
[2023-11-17 00:56:35.488] [info] #28: Feasible / Total: 18537 / 66430
[2023-11-17 00:57:31.631] [info] #29: Feasible / Total: 19090 / 66430
[2023-11-17 00:58:48.383] [info] #30: Feasible / Total: 19896 / 66430
[2023-11-17 01:00:20.938] [info] #31: Feasible / Total: 21112 / 66430
[2023-11-17 01:02:00.531] [info] #32: Feasible / Total: 22688 / 66430
[2023-11-17 01:04:02.839] [info] #33: Feasible / Total: 24916 / 66430
[2023-11-17 01:06:02.086] [info] #34: Feasible / Total: 27132 / 66430
[2023-11-17 01:07:06.847] [info] #35: Feasible / Total: 28401 / 66430
[2023-11-17 01:07:47.830] [info] #36: Feasible / Total: 29166 / 66430
[2023-11-17 01:08:27.990] [info] #37: Feasible / Total: 29813 / 66430
[2023-11-17 01:09:08.919] [info] #38: Feasible / Total: 30532 / 66430
[2023-11-17 01:09:48.886] [info] #39: Feasible / Total: 31477 / 66430
[2023-11-17 01:10:50.865] [info] #40: Feasible / Total: 32725 / 66430
[2023-11-17 01:12:23.491] [info] #41: Feasible / Total: 35153 / 66430
[2023-11-17 01:14:24.096] [info] #42: Feasible / Total: 38471 / 66430
[2023-11-17 01:15:52.334] [info] #43: Feasible / Total: 41456 / 66430
[2023-11-17 01:16:24.227] [info] #44: Feasible / Total: 43023 / 66430
[2023-11-17 01:16:38.090] [info] #45: Feasible / Total: 43263 / 66430
[2023-11-17 01:16:45.718] [info] #46: Feasible / Total: 43267 / 66430
[2023-11-17 01:16:53.498] [info] #46: Feasible / Total: 43267 / 66430
[2023-11-17 01:16:53.506] [info] Graph is not D-reducible.
[2023-11-17 01:16:53.826] [info] Started C-reducibility check
[2023-11-17 01:29:53.307] [info] Trying 8126797 possible contractions
[2023-11-17 01:29:53.307] [info] [0/8126797] Starting contraction of size 1
[2023-11-17 01:30:16.827] [info] All colors passed! Contracted: 33
[2023-11-17 01:30:16.827] [info] Graph is C-reducible!
