[2024-03-20 22:55:31.848] [info] Kempe type: Toroidal
[2024-03-20 22:55:31.848] [info] Vertex size: 31, Edge size: 53, Ring size: 13
[2024-03-20 22:55:32.543] [info] Started D-reducibility check
[2024-03-20 22:55:32.550] [info] #1: Feasible / Total: 9918 / 66430
[2024-03-20 22:56:01.671] [info] #2: Feasible / Total: 13493 / 66430
[2024-03-20 22:56:13.373] [info] #3: Feasible / Total: 16345 / 66430
[2024-03-20 22:56:23.229] [info] #4: Feasible / Total: 19521 / 66430
[2024-03-20 22:56:36.918] [info] #5: Feasible / Total: 23436 / 66430
[2024-03-20 22:56:52.450] [info] #6: Feasible / Total: 27620 / 66430
[2024-03-20 22:57:11.301] [info] #7: Feasible / Total: 33118 / 66430
[2024-03-20 22:57:28.851] [info] #8: Feasible / Total: 42586 / 66430
[2024-03-20 22:57:35.047] [info] #9: Feasible / Total: 49933 / 66430
[2024-03-20 22:57:35.628] [info] #10: Feasible / Total: 50218 / 66430
[2024-03-20 22:57:35.885] [info] #10: Feasible / Total: 50218 / 66430
[2024-03-20 22:57:35.890] [info] Graph is not D-reducible.
[2024-03-20 22:57:35.907] [info] Started C-reducibility check
[2024-03-20 22:58:09.859] [info] Trying 8125985 possible contractions
[2024-03-20 22:58:09.866] [info] [0/8125985] Starting contraction of size 1
[2024-03-20 22:58:10.273] [info] All colors passed! Contracted: 43
[2024-03-20 22:58:10.273] [info] Graph is C-reducible!
