[2023-11-20 13:25:47.755] [info] Kempe type: Toroidal
[2023-11-20 13:25:47.762] [info] Vertex size: 31, Edge size: 53, Ring size: 13
[2023-11-20 13:25:56.646] [info] Started D-reducibility check
[2023-11-20 13:25:56.742] [info] #1: Feasible / Total: 9223 / 66430
[2023-11-20 13:28:00.454] [info] #2: Feasible / Total: 11110 / 66430
[2023-11-20 13:28:43.887] [info] #3: Feasible / Total: 12287 / 66430
[2023-11-20 13:29:25.614] [info] #4: Feasible / Total: 13500 / 66430
[2023-11-20 13:30:04.330] [info] #5: Feasible / Total: 14957 / 66430
[2023-11-20 13:30:43.899] [info] #6: Feasible / Total: 16821 / 66430
[2023-11-20 13:31:33.997] [info] #7: Feasible / Total: 19073 / 66430
[2023-11-20 13:32:36.181] [info] #8: Feasible / Total: 22258 / 66430
[2023-11-20 13:33:52.152] [info] #9: Feasible / Total: 27494 / 66430
[2023-11-20 13:35:16.297] [info] #10: Feasible / Total: 34807 / 66430
[2023-11-20 13:36:36.049] [info] #11: Feasible / Total: 42706 / 66430
[2023-11-20 13:37:11.037] [info] #12: Feasible / Total: 48141 / 66430
[2023-11-20 13:37:14.340] [info] #13: Feasible / Total: 48470 / 66430
[2023-11-20 13:37:15.636] [info] #13: Feasible / Total: 48470 / 66430
[2023-11-20 13:37:15.636] [info] Graph is not D-reducible.
[2023-11-20 13:37:15.709] [info] Started C-reducibility check
[2023-11-20 13:41:16.947] [info] Trying 8127753 possible contractions
[2023-11-20 13:41:16.950] [info] [0/8127753] Starting contraction of size 1
[2023-11-20 13:41:18.414] [info] All colors passed! Contracted: 14
[2023-11-20 13:41:18.414] [info] Graph is C-reducible!
