[2023-11-17 00:32:59.416] [info] Kempe type: Toroidal
[2023-11-17 00:32:59.416] [info] Vertex size: 31, Edge size: 53, Ring size: 13
[2023-11-17 00:33:08.695] [info] Started D-reducibility check
[2023-11-17 00:33:08.810] [info] #1: Feasible / Total: 9768 / 66430
[2023-11-17 00:39:31.794] [info] #2: Feasible / Total: 14691 / 66430
[2023-11-17 00:40:54.374] [info] #3: Feasible / Total: 17095 / 66430
[2023-11-17 00:44:03.317] [info] #4: Feasible / Total: 19573 / 66430
[2023-11-17 00:47:00.722] [info] #5: Feasible / Total: 22054 / 66430
[2023-11-17 00:49:38.215] [info] #6: Feasible / Total: 24411 / 66430
[2023-11-17 00:51:07.227] [info] #7: Feasible / Total: 27278 / 66430
[2023-11-17 00:55:16.882] [info] #8: Feasible / Total: 32752 / 66430
[2023-11-17 01:01:45.198] [info] #9: Feasible / Total: 45825 / 66430
[2023-11-17 01:04:18.038] [info] #10: Feasible / Total: 56326 / 66430
[2023-11-17 01:04:31.163] [info] #11: Feasible / Total: 57310 / 66430
[2023-11-17 01:04:34.518] [info] #11: Feasible / Total: 57310 / 66430
[2023-11-17 01:04:36.874] [info] Graph is not D-reducible.
[2023-11-17 01:04:37.094] [info] Started C-reducibility check
[2023-11-17 01:17:11.986] [info] Trying 8095874 possible contractions
[2023-11-17 01:17:11.994] [info] [0/8095874] Starting contraction of size 1
[2023-11-17 01:17:20.983] [info] All colors passed! Contracted: 40
[2023-11-17 01:17:20.984] [info] Graph is C-reducible!
