[2024-04-14 18:58:46.990] [info] Kempe type: Toroidal
[2024-04-14 18:58:46.990] [info] Vertex size: 37, Edge size: 63, Ring size: 15
[2024-04-14 18:58:48.061] [info] Started D-reducibility check
[2024-04-14 18:58:48.061] [info] #1: Feasible / Total: 58465 / 597871
[2024-04-14 19:07:04.456] [info] #2: Feasible / Total: 84363 / 597871
[2024-04-14 19:13:54.641] [info] #3: Feasible / Total: 108310 / 597871
[2024-04-14 19:21:03.777] [info] #4: Feasible / Total: 138232 / 597871
[2024-04-14 19:28:51.892] [info] #5: Feasible / Total: 177051 / 597871
[2024-04-14 19:37:25.474] [info] #6: Feasible / Total: 229719 / 597871
[2024-04-14 19:45:56.163] [info] #7: Feasible / Total: 302466 / 597871
[2024-04-14 19:53:32.415] [info] #8: Feasible / Total: 388093 / 597871
[2024-04-14 19:55:48.617] [info] #9: Feasible / Total: 433211 / 597871
[2024-04-14 19:55:52.616] [info] #10: Feasible / Total: 434435 / 597871
[2024-04-14 19:55:54.984] [info] #10: Feasible / Total: 434435 / 597871
[2024-04-14 19:55:54.984] [info] Graph is not D-reducible.
[2024-04-14 19:55:55.062] [info] Started C-reducibility check
[2024-04-14 19:57:32.644] [info] Trying 55807259 possible contractions
[2024-04-14 19:57:32.644] [info] [0/55807259] Starting contraction of size 1
[2024-04-14 19:57:34.651] [info] All colors passed! Contracted: 37
[2024-04-14 19:57:34.651] [info] Graph is C-reducible!
