[2023-11-17 00:32:43.756] [info] Kempe type: Toroidal
[2023-11-17 00:32:43.758] [info] Vertex size: 32, Edge size: 55, Ring size: 14
[2023-11-17 00:32:58.965] [info] Started D-reducibility check
[2023-11-17 00:32:59.022] [info] #1: Feasible / Total: 22221 / 199291
[2023-11-17 01:22:41.142] [info] #2: Feasible / Total: 36952 / 199291
[2023-11-17 01:42:34.870] [info] #3: Feasible / Total: 44547 / 199291
[2023-11-17 01:55:55.601] [info] #4: Feasible / Total: 50447 / 199291
[2023-11-17 02:08:45.958] [info] #5: Feasible / Total: 56183 / 199291
[2023-11-17 02:21:15.424] [info] #6: Feasible / Total: 62567 / 199291
[2023-11-17 02:36:30.010] [info] #7: Feasible / Total: 71337 / 199291
[2023-11-17 02:56:50.192] [info] #8: Feasible / Total: 84749 / 199291
[2023-11-17 03:20:44.346] [info] #9: Feasible / Total: 102440 / 199291
[2023-11-17 03:38:58.858] [info] #10: Feasible / Total: 126405 / 199291
[2023-11-17 03:54:11.172] [info] #11: Feasible / Total: 160250 / 199291
[2023-11-17 03:55:21.882] [info] #12: Feasible / Total: 190978 / 199291
[2023-11-17 03:55:22.117] [info] #13: Feasible / Total: 191605 / 199291
[2023-11-17 03:55:22.193] [info] #13: Feasible / Total: 191605 / 199291
[2023-11-17 03:55:22.193] [info] Graph is not D-reducible.
[2023-11-17 03:55:22.222] [info] Started C-reducibility check
[2023-11-17 03:56:41.585] [info] Trying 10826445 possible contractions
[2023-11-17 03:56:41.585] [info] [0/10826445] Starting contraction of size 1
[2023-11-17 03:56:42.734] [info] All colors passed! Contracted: 26
[2023-11-17 03:56:42.734] [info] Graph is C-reducible!
