[2023-11-16 13:19:33.237] [info] Kempe type: Toroidal
[2023-11-16 13:19:33.237] [info] Vertex size: 30, Edge size: 51, Ring size: 12
[2023-11-16 13:19:35.635] [info] Started D-reducibility check
[2023-11-16 13:19:35.635] [info] #1: Feasible / Total: 4838 / 22144
[2023-11-16 13:20:16.654] [info] #2: Feasible / Total: 7803 / 22144
[2023-11-16 13:20:23.551] [info] #3: Feasible / Total: 9032 / 22144
[2023-11-16 13:20:25.984] [info] #4: Feasible / Total: 9376 / 22144
[2023-11-16 13:20:27.487] [info] #5: Feasible / Total: 9588 / 22144
[2023-11-16 13:20:30.761] [info] #6: Feasible / Total: 9975 / 22144
[2023-11-16 13:20:34.788] [info] #7: Feasible / Total: 10622 / 22144
[2023-11-16 13:20:39.131] [info] #8: Feasible / Total: 11492 / 22144
[2023-11-16 13:20:43.353] [info] #9: Feasible / Total: 12696 / 22144
[2023-11-16 13:20:45.832] [info] #10: Feasible / Total: 13428 / 22144
[2023-11-16 13:20:47.341] [info] #11: Feasible / Total: 13642 / 22144
[2023-11-16 13:20:47.761] [info] #12: Feasible / Total: 13666 / 22144
[2023-11-16 13:20:48.066] [info] #12: Feasible / Total: 13666 / 22144
[2023-11-16 13:20:48.066] [info] Graph is not D-reducible.
[2023-11-16 13:20:48.092] [info] Started C-reducibility check
[2023-11-16 13:22:39.134] [info] Trying 6045963 possible contractions
[2023-11-16 13:22:39.153] [info] [0/6045963] Starting contraction of size 1
[2023-11-16 13:23:05.412] [info] [39/6045963] Starting contraction of size 2
[2023-11-16 13:29:07.889] [info] [714/6045963] Starting contraction of size 3
[2023-11-16 14:13:53.346] [info] [7578/6045963] Starting contraction of size 4
[2023-11-16 20:19:56.062] [info] [53388/6045963] Starting contraction of size 5
[2023-11-18 12:45:11.156] [info] [266028/6045963] Starting contraction of size 6
[2023-11-22 07:19:21.937] [info] [977556/6045963] Starting contraction of size 7
[2023-11-22 11:19:31.854] [info] All colors passed! Contracted: 13, 19, 21, 26, 28, 33, 47
[2023-11-22 11:19:31.858] [info] Graph is C-reducible!
