[2024-07-10 14:40:11.539] [info] Kempe type: Toroidal
[2024-07-10 14:40:11.539] [info] Vertex size: 36, Edge size: 61, Ring size: 14
[2024-07-10 14:40:12.598] [info] Started D-reducibility check
[2024-07-10 14:40:12.598] [info] #1: Feasible / Total: 27151 / 199291
[2024-07-10 14:41:19.181] [info] #2: Feasible / Total: 31258 / 199291
[2024-07-10 14:41:37.224] [info] #3: Feasible / Total: 33444 / 199291
[2024-07-10 14:41:49.892] [info] #4: Feasible / Total: 35167 / 199291
[2024-07-10 14:42:03.004] [info] #5: Feasible / Total: 37048 / 199291
[2024-07-10 14:42:12.700] [info] #6: Feasible / Total: 38874 / 199291
[2024-07-10 14:42:22.579] [info] #7: Feasible / Total: 40789 / 199291
[2024-07-10 14:42:33.625] [info] #8: Feasible / Total: 42688 / 199291
[2024-07-10 14:42:42.526] [info] #9: Feasible / Total: 44500 / 199291
[2024-07-10 14:42:50.261] [info] #10: Feasible / Total: 45950 / 199291
[2024-07-10 14:42:56.032] [info] #11: Feasible / Total: 46922 / 199291
[2024-07-10 14:43:00.752] [info] #12: Feasible / Total: 47522 / 199291
[2024-07-10 14:43:04.251] [info] #13: Feasible / Total: 47830 / 199291
[2024-07-10 14:43:07.087] [info] #14: Feasible / Total: 48073 / 199291
[2024-07-10 14:43:09.818] [info] #15: Feasible / Total: 48276 / 199291
[2024-07-10 14:43:12.254] [info] #16: Feasible / Total: 48446 / 199291
[2024-07-10 14:43:15.442] [info] #17: Feasible / Total: 48763 / 199291
[2024-07-10 14:43:19.215] [info] #18: Feasible / Total: 49136 / 199291
[2024-07-10 14:43:22.785] [info] #19: Feasible / Total: 49386 / 199291
[2024-07-10 14:43:26.324] [info] #20: Feasible / Total: 49544 / 199291
[2024-07-10 14:43:28.800] [info] #21: Feasible / Total: 49697 / 199291
[2024-07-10 14:43:31.250] [info] #22: Feasible / Total: 49924 / 199291
[2024-07-10 14:43:35.207] [info] #23: Feasible / Total: 50204 / 199291
[2024-07-10 14:43:38.226] [info] #24: Feasible / Total: 50496 / 199291
[2024-07-10 14:43:40.632] [info] #25: Feasible / Total: 50735 / 199291
[2024-07-10 14:43:43.261] [info] #26: Feasible / Total: 51057 / 199291
[2024-07-10 14:43:46.183] [info] #27: Feasible / Total: 51381 / 199291
[2024-07-10 14:43:49.167] [info] #28: Feasible / Total: 51745 / 199291
[2024-07-10 14:43:52.441] [info] #29: Feasible / Total: 52190 / 199291
[2024-07-10 14:43:55.473] [info] #30: Feasible / Total: 52651 / 199291
[2024-07-10 14:43:59.195] [info] #31: Feasible / Total: 53160 / 199291
[2024-07-10 14:44:02.612] [info] #32: Feasible / Total: 53755 / 199291
[2024-07-10 14:44:07.613] [info] #33: Feasible / Total: 54483 / 199291
[2024-07-10 14:44:14.419] [info] #34: Feasible / Total: 55417 / 199291
[2024-07-10 14:44:23.717] [info] #35: Feasible / Total: 56765 / 199291
[2024-07-10 14:44:33.005] [info] #36: Feasible / Total: 58723 / 199291
[2024-07-10 14:44:44.160] [info] #37: Feasible / Total: 60955 / 199291
[2024-07-10 14:44:59.905] [info] #38: Feasible / Total: 63631 / 199291
[2024-07-10 14:45:15.386] [info] #39: Feasible / Total: 66256 / 199291
[2024-07-10 14:45:30.660] [info] #40: Feasible / Total: 69078 / 199291
[2024-07-10 14:45:52.645] [info] #41: Feasible / Total: 72980 / 199291
[2024-07-10 14:46:30.258] [info] #42: Feasible / Total: 79591 / 199291
[2024-07-10 14:47:22.691] [info] #43: Feasible / Total: 92073 / 199291
[2024-07-10 14:48:45.346] [info] #44: Feasible / Total: 114127 / 199291
[2024-07-10 14:49:52.297] [info] #45: Feasible / Total: 144503 / 199291
[2024-07-10 14:50:07.525] [info] #46: Feasible / Total: 156574 / 199291
[2024-07-10 14:50:08.143] [info] #47: Feasible / Total: 156717 / 199291
[2024-07-10 14:50:08.600] [info] #47: Feasible / Total: 156717 / 199291
[2024-07-10 14:50:08.600] [info] Graph is not D-reducible.
[2024-07-10 14:50:08.622] [info] Started C-reducibility check
[2024-07-10 14:51:30.636] [info] Trying 43570282 possible contractions
[2024-07-10 14:51:30.636] [info] [0/43570282] Starting contraction of size 1
[2024-07-10 14:51:33.076] [info] All colors passed! Contracted: 21
[2024-07-10 14:51:33.076] [info] Graph is C-reducible!
