[2024-06-10 21:15:13.639] [info] Kempe type: Toroidal
[2024-06-10 21:15:13.639] [info] Vertex size: 35, Edge size: 60, Ring size: 15
[2024-06-10 21:15:16.792] [info] Started D-reducibility check
[2024-06-10 21:15:16.793] [info] #1: Feasible / Total: 53888 / 597871
[2024-06-10 21:24:48.749] [info] #2: Feasible / Total: 84777 / 597871
[2024-06-10 21:29:25.962] [info] #3: Feasible / Total: 98345 / 597871
[2024-06-10 21:32:26.575] [info] #4: Feasible / Total: 108934 / 597871
[2024-06-10 21:34:58.076] [info] #5: Feasible / Total: 118752 / 597871
[2024-06-10 21:38:07.410] [info] #6: Feasible / Total: 131154 / 597871
[2024-06-10 21:42:49.144] [info] #7: Feasible / Total: 148897 / 597871
[2024-06-10 21:49:47.903] [info] #8: Feasible / Total: 177826 / 597871
[2024-06-10 21:59:43.174] [info] #9: Feasible / Total: 225249 / 597871
[2024-06-10 22:10:45.802] [info] #10: Feasible / Total: 298275 / 597871
[2024-06-10 22:20:17.135] [info] #11: Feasible / Total: 395295 / 597871
[2024-06-10 22:23:21.675] [info] #12: Feasible / Total: 461536 / 597871
[2024-06-10 22:23:43.485] [info] #13: Feasible / Total: 468151 / 597871
[2024-06-10 22:23:46.435] [info] #14: Feasible / Total: 468404 / 597871
[2024-06-10 22:23:48.381] [info] #15: Feasible / Total: 468406 / 597871
[2024-06-10 22:23:50.265] [info] #15: Feasible / Total: 468406 / 597871
[2024-06-10 22:23:50.265] [info] Graph is not D-reducible.
[2024-06-10 22:23:50.340] [info] Started C-reducibility check
[2024-06-10 22:24:37.949] [info] Trying 28845884 possible contractions
[2024-06-10 22:24:37.949] [info] [0/28845884] Starting contraction of size 1
[2024-06-10 22:25:26.464] [info] All colors passed! Contracted: 51
[2024-06-10 22:25:26.464] [info] Graph is C-reducible!
