[2024-07-27 14:28:19.162] [info] Kempe type: Toroidal
[2024-07-27 14:28:19.163] [info] Vertex size: 40, Edge size: 68, Ring size: 16
[2024-07-27 14:28:27.297] [info] Started D-reducibility check
[2024-07-27 14:28:27.297] [info] #1: Feasible / Total: 164814 / 1793614
[2024-07-27 16:22:32.232] [info] #2: Feasible / Total: 223238 / 1793614
[2024-07-27 17:07:34.896] [info] #3: Feasible / Total: 261084 / 1793614
[2024-07-27 17:43:31.997] [info] #4: Feasible / Total: 294093 / 1793614
[2024-07-27 18:18:50.262] [info] #5: Feasible / Total: 331959 / 1793614
[2024-07-27 19:02:07.111] [info] #6: Feasible / Total: 379146 / 1793614
[2024-07-27 19:57:16.936] [info] #7: Feasible / Total: 439815 / 1793614
[2024-07-27 21:04:12.990] [info] #8: Feasible / Total: 518860 / 1793614
[2024-07-27 22:31:31.595] [info] #9: Feasible / Total: 626087 / 1793614
[2024-07-28 00:16:20.026] [info] #10: Feasible / Total: 765493 / 1793614
[2024-07-28 02:16:13.002] [info] #11: Feasible / Total: 970842 / 1793614
[2024-07-28 03:57:51.474] [info] #12: Feasible / Total: 1231216 / 1793614
[2024-07-28 04:31:00.691] [info] #13: Feasible / Total: 1354211 / 1793614
[2024-07-28 04:32:52.593] [info] #14: Feasible / Total: 1360957 / 1793614
[2024-07-28 04:33:06.803] [info] #14: Feasible / Total: 1360957 / 1793614
[2024-07-28 04:33:06.803] [info] Graph is not D-reducible.
[2024-07-28 04:33:07.323] [info] Started C-reducibility check
[2024-07-28 04:36:23.268] [info] Trying 127317571 possible contractions
[2024-07-28 04:36:23.268] [info] [0/127317571] Starting contraction of size 1
[2024-07-28 04:36:32.632] [info] All colors passed! Contracted: 46
[2024-07-28 04:36:32.632] [info] Graph is C-reducible!
