[2023-11-29 11:31:26.276] [info] Kempe type: Toroidal
[2023-11-29 11:31:26.277] [info] Vertex size: 38, Edge size: 65, Ring size: 16
[2023-11-29 11:32:01.799] [info] Started D-reducibility check
[2023-11-29 11:32:01.800] [info] #1: Feasible / Total: 137505 / 1793614
[2023-11-29 14:55:30.586] [info] #2: Feasible / Total: 183006 / 1793614
[2023-11-29 15:55:53.653] [info] #3: Feasible / Total: 208329 / 1793614
[2023-11-29 16:31:04.622] [info] #4: Feasible / Total: 218441 / 1793614
[2023-11-29 16:52:26.460] [info] #5: Feasible / Total: 224915 / 1793614
[2023-11-29 17:07:04.964] [info] #6: Feasible / Total: 229922 / 1793614
[2023-11-29 17:16:12.388] [info] #7: Feasible / Total: 234527 / 1793614
[2023-11-29 17:26:42.956] [info] #8: Feasible / Total: 239012 / 1793614
[2023-11-29 17:39:12.941] [info] #9: Feasible / Total: 243282 / 1793614
[2023-11-29 17:52:45.734] [info] #10: Feasible / Total: 247708 / 1793614
[2023-11-29 18:05:29.634] [info] #11: Feasible / Total: 251938 / 1793614
[2023-11-29 18:18:25.019] [info] #12: Feasible / Total: 255875 / 1793614
[2023-11-29 18:29:25.878] [info] #13: Feasible / Total: 259710 / 1793614
[2023-11-29 18:42:55.045] [info] #14: Feasible / Total: 263786 / 1793614
[2023-11-29 18:56:22.248] [info] #15: Feasible / Total: 268025 / 1793614
[2023-11-29 19:10:13.826] [info] #16: Feasible / Total: 272270 / 1793614
[2023-11-29 19:23:43.264] [info] #17: Feasible / Total: 276613 / 1793614
[2023-11-29 19:39:24.812] [info] #18: Feasible / Total: 281595 / 1793614
[2023-11-29 19:54:24.497] [info] #19: Feasible / Total: 286755 / 1793614
[2023-11-29 20:11:13.827] [info] #20: Feasible / Total: 292800 / 1793614
[2023-11-29 20:34:22.281] [info] #21: Feasible / Total: 299815 / 1793614
[2023-11-29 20:59:50.168] [info] #22: Feasible / Total: 308213 / 1793614
[2023-11-29 21:29:41.236] [info] #23: Feasible / Total: 318369 / 1793614
[2023-11-29 22:05:56.675] [info] #24: Feasible / Total: 331143 / 1793614
[2023-11-29 22:46:45.973] [info] #25: Feasible / Total: 347439 / 1793614
[2023-11-29 23:39:33.813] [info] #26: Feasible / Total: 368052 / 1793614
[2023-11-30 00:38:11.269] [info] #27: Feasible / Total: 392744 / 1793614
[2023-11-30 01:46:12.019] [info] #28: Feasible / Total: 420612 / 1793614
[2023-11-30 03:04:27.486] [info] #29: Feasible / Total: 452243 / 1793614
[2023-11-30 04:13:36.838] [info] #30: Feasible / Total: 490639 / 1793614
[2023-11-30 05:41:22.304] [info] #31: Feasible / Total: 536049 / 1793614
[2023-11-30 07:15:51.933] [info] #32: Feasible / Total: 587740 / 1793614
[2023-11-30 08:42:50.593] [info] #33: Feasible / Total: 637913 / 1793614
[2023-11-30 09:55:24.725] [info] #34: Feasible / Total: 685578 / 1793614
[2023-11-30 11:02:53.445] [info] #35: Feasible / Total: 721039 / 1793614
[2023-11-30 12:34:50.619] [info] #36: Feasible / Total: 764129 / 1793614
[2023-11-30 14:42:07.440] [info] #37: Feasible / Total: 833817 / 1793614
[2023-11-30 17:52:24.755] [info] #38: Feasible / Total: 960009 / 1793614
[2023-11-30 21:09:04.330] [info] #39: Feasible / Total: 1146639 / 1793614
[2023-11-30 21:56:34.911] [info] #40: Feasible / Total: 1223875 / 1793614
[2023-11-30 21:58:14.350] [info] #41: Feasible / Total: 1224996 / 1793614
[2023-11-30 21:59:09.907] [info] #41: Feasible / Total: 1224996 / 1793614
[2023-11-30 21:59:09.907] [info] Graph is not D-reducible.
[2023-11-30 21:59:11.331] [info] Started C-reducibility check
[2023-11-30 23:23:49.366] [info] Trying 70385106 possible contractions
[2023-11-30 23:23:49.374] [info] [0/70385106] Starting contraction of size 1
[2023-11-30 23:25:10.707] [info] All colors passed! Contracted: 31
[2023-11-30 23:25:10.708] [info] Graph is C-reducible!
