[2024-06-07 21:35:43.327] [info] Kempe type: Toroidal
[2024-06-07 21:35:43.328] [info] Vertex size: 40, Edge size: 68, Ring size: 16
[2024-06-07 21:35:53.120] [info] Started D-reducibility check
[2024-06-07 21:35:53.120] [info] #1: Feasible / Total: 165763 / 1793614
[2024-06-07 23:40:10.759] [info] #2: Feasible / Total: 280395 / 1793614
[2024-06-08 00:54:45.307] [info] #3: Feasible / Total: 369363 / 1793614
[2024-06-08 01:59:12.245] [info] #4: Feasible / Total: 467835 / 1793614
[2024-06-08 03:13:07.943] [info] #5: Feasible / Total: 589203 / 1793614
[2024-06-08 05:01:02.361] [info] #6: Feasible / Total: 763654 / 1793614
[2024-06-08 07:21:24.034] [info] #7: Feasible / Total: 1047678 / 1793614
[2024-06-08 09:12:08.559] [info] #8: Feasible / Total: 1442765 / 1793614
[2024-06-08 09:37:38.469] [info] #9: Feasible / Total: 1599145 / 1793614
[2024-06-08 09:39:13.016] [info] #10: Feasible / Total: 1609025 / 1793614
[2024-06-08 09:39:17.804] [info] #11: Feasible / Total: 1609049 / 1793614
[2024-06-08 09:39:21.842] [info] #11: Feasible / Total: 1609049 / 1793614
[2024-06-08 09:39:21.842] [info] Graph is not D-reducible.
[2024-06-08 09:39:22.325] [info] Started C-reducibility check
[2024-06-08 09:41:57.936] [info] Trying 127346744 possible contractions
[2024-06-08 09:41:57.936] [info] [0/127346744] Starting contraction of size 1
[2024-06-08 09:48:25.873] [info] [52/127346744] Starting contraction of size 2
[2024-06-08 11:58:57.811] [info] [1290/127346744] Starting contraction of size 3
[2024-06-08 16:04:45.056] [info] All colors passed! Contracted: 23, 31, 63
[2024-06-08 16:04:45.056] [info] Graph is C-reducible!
