[2023-11-16 22:28:31.422] [info] Kempe type: Toroidal
[2023-11-16 22:28:31.488] [info] Vertex size: 34, Edge size: 58, Ring size: 14
[2023-11-16 22:28:52.322] [info] Started D-reducibility check
[2023-11-16 22:28:52.370] [info] #1: Feasible / Total: 24660 / 199291
[2023-11-16 22:36:16.021] [info] #2: Feasible / Total: 36331 / 199291
[2023-11-16 22:37:33.239] [info] #3: Feasible / Total: 43515 / 199291
[2023-11-16 22:38:53.432] [info] #4: Feasible / Total: 50951 / 199291
[2023-11-16 22:40:19.082] [info] #5: Feasible / Total: 61104 / 199291
[2023-11-16 22:43:32.586] [info] #6: Feasible / Total: 75167 / 199291
[2023-11-16 22:46:14.073] [info] #7: Feasible / Total: 96742 / 199291
[2023-11-16 22:49:01.303] [info] #8: Feasible / Total: 126576 / 199291
[2023-11-16 22:49:36.410] [info] #9: Feasible / Total: 137001 / 199291
[2023-11-16 22:49:38.538] [info] #10: Feasible / Total: 137041 / 199291
[2023-11-16 22:49:40.490] [info] #10: Feasible / Total: 137041 / 199291
[2023-11-16 22:49:40.498] [info] Graph is not D-reducible.
[2023-11-16 22:49:40.568] [info] Started C-reducibility check
[2023-11-16 22:55:44.151] [info] Trying 22309263 possible contractions
[2023-11-16 22:55:44.162] [info] [0/22309263] Starting contraction of size 1
[2023-11-16 22:55:51.944] [info] All colors passed! Contracted: 32
[2023-11-16 22:55:51.954] [info] Graph is C-reducible!
