[2023-11-17 00:34:26.536] [info] Kempe type: Toroidal
[2023-11-17 00:34:26.771] [info] Vertex size: 32, Edge size: 55, Ring size: 14
[2023-11-17 00:34:38.946] [info] Started D-reducibility check
[2023-11-17 00:34:39.006] [info] #1: Feasible / Total: 21657 / 199291
[2023-11-17 01:19:08.938] [info] #2: Feasible / Total: 31997 / 199291
[2023-11-17 01:27:36.704] [info] #3: Feasible / Total: 34999 / 199291
[2023-11-17 01:32:15.416] [info] #4: Feasible / Total: 36928 / 199291
[2023-11-17 01:35:15.879] [info] #5: Feasible / Total: 38337 / 199291
[2023-11-17 01:37:42.984] [info] #6: Feasible / Total: 39484 / 199291
[2023-11-17 01:40:03.072] [info] #7: Feasible / Total: 40404 / 199291
[2023-11-17 01:42:17.605] [info] #8: Feasible / Total: 41101 / 199291
[2023-11-17 01:44:14.403] [info] #9: Feasible / Total: 41557 / 199291
[2023-11-17 01:46:20.951] [info] #10: Feasible / Total: 41958 / 199291
[2023-11-17 01:48:39.009] [info] #11: Feasible / Total: 42281 / 199291
[2023-11-17 01:50:34.098] [info] #12: Feasible / Total: 42579 / 199291
[2023-11-17 01:52:36.624] [info] #13: Feasible / Total: 42902 / 199291
[2023-11-17 01:54:19.931] [info] #14: Feasible / Total: 43192 / 199291
[2023-11-17 01:55:54.308] [info] #15: Feasible / Total: 43474 / 199291
[2023-11-17 01:57:28.486] [info] #16: Feasible / Total: 43737 / 199291
[2023-11-17 01:58:59.501] [info] #17: Feasible / Total: 44040 / 199291
[2023-11-17 02:00:30.769] [info] #18: Feasible / Total: 44320 / 199291
[2023-11-17 02:02:09.643] [info] #19: Feasible / Total: 44684 / 199291
[2023-11-17 02:03:56.290] [info] #20: Feasible / Total: 45099 / 199291
[2023-11-17 02:05:52.695] [info] #21: Feasible / Total: 45575 / 199291
[2023-11-17 02:07:52.446] [info] #22: Feasible / Total: 46170 / 199291
[2023-11-17 02:10:34.742] [info] #23: Feasible / Total: 46854 / 199291
[2023-11-17 02:13:17.038] [info] #24: Feasible / Total: 47653 / 199291
[2023-11-17 02:15:49.768] [info] #25: Feasible / Total: 48552 / 199291
[2023-11-17 02:18:33.934] [info] #26: Feasible / Total: 49621 / 199291
[2023-11-17 02:21:35.856] [info] #27: Feasible / Total: 50744 / 199291
[2023-11-17 02:25:41.030] [info] #28: Feasible / Total: 52338 / 199291
[2023-11-17 02:30:34.654] [info] #29: Feasible / Total: 54650 / 199291
[2023-11-17 02:36:54.897] [info] #30: Feasible / Total: 57331 / 199291
[2023-11-17 02:43:28.383] [info] #31: Feasible / Total: 60650 / 199291
[2023-11-17 02:52:00.645] [info] #32: Feasible / Total: 65003 / 199291
[2023-11-17 03:01:31.399] [info] #33: Feasible / Total: 70417 / 199291
[2023-11-17 03:13:47.488] [info] #34: Feasible / Total: 77632 / 199291
[2023-11-17 03:30:13.172] [info] #35: Feasible / Total: 87471 / 199291
[2023-11-17 03:44:19.611] [info] #36: Feasible / Total: 98013 / 199291
[2023-11-17 03:54:14.015] [info] #37: Feasible / Total: 105843 / 199291
[2023-11-17 03:59:38.946] [info] #38: Feasible / Total: 109447 / 199291
[2023-11-17 04:02:24.044] [info] #39: Feasible / Total: 110873 / 199291
[2023-11-17 04:03:52.614] [info] #40: Feasible / Total: 111554 / 199291
[2023-11-17 04:04:46.564] [info] #41: Feasible / Total: 112046 / 199291
[2023-11-17 04:05:43.786] [info] #42: Feasible / Total: 112643 / 199291
[2023-11-17 04:07:04.632] [info] #43: Feasible / Total: 113380 / 199291
[2023-11-17 04:08:12.850] [info] #44: Feasible / Total: 113790 / 199291
[2023-11-17 04:09:08.463] [info] #45: Feasible / Total: 113884 / 199291
[2023-11-17 04:09:39.234] [info] #46: Feasible / Total: 113945 / 199291
[2023-11-17 04:10:08.899] [info] #47: Feasible / Total: 113967 / 199291
[2023-11-17 04:10:33.226] [info] #48: Feasible / Total: 113968 / 199291
[2023-11-17 04:10:58.300] [info] #48: Feasible / Total: 113968 / 199291
[2023-11-17 04:10:58.300] [info] Graph is not D-reducible.
[2023-11-17 04:10:58.861] [info] Started C-reducibility check
[2023-11-17 04:26:45.707] [info] Trying 10866781 possible contractions
[2023-11-17 04:26:45.718] [info] [0/10866781] Starting contraction of size 1
[2023-11-17 04:30:43.854] [info] [41/10866781] Starting contraction of size 2
[2023-11-17 05:30:03.438] [info] [793/10866781] Starting contraction of size 3
[2023-11-17 13:34:57.066] [info] [8969/10866781] Starting contraction of size 4
[2023-11-17 23:04:05.073] [info] All colors passed! Contracted: 17, 32, 44, 46
[2023-11-17 23:04:05.102] [info] Graph is C-reducible!
