[2024-03-10 11:08:24.223] [info] Kempe type: Toroidal
[2024-03-10 11:08:24.223] [info] Vertex size: 40, Edge size: 68, Ring size: 16
[2024-03-10 11:08:39.180] [info] Started D-reducibility check
[2024-03-10 11:08:39.180] [info] #1: Feasible / Total: 171814 / 1793614
[2024-03-10 13:10:56.634] [info] #2: Feasible / Total: 239056 / 1793614
[2024-03-10 14:02:01.593] [info] #3: Feasible / Total: 280447 / 1793614
[2024-03-10 14:43:48.899] [info] #4: Feasible / Total: 322388 / 1793614
[2024-03-10 15:33:33.384] [info] #5: Feasible / Total: 373694 / 1793614
[2024-03-10 16:35:16.927] [info] #6: Feasible / Total: 447731 / 1793614
[2024-03-10 18:10:08.742] [info] #7: Feasible / Total: 561863 / 1793614
[2024-03-10 20:22:25.920] [info] #8: Feasible / Total: 750691 / 1793614
[2024-03-10 23:04:22.831] [info] #9: Feasible / Total: 1070944 / 1793614
[2024-03-11 01:10:49.920] [info] #10: Feasible / Total: 1524094 / 1793614
[2024-03-11 01:30:29.364] [info] #11: Feasible / Total: 1648266 / 1793614
[2024-03-11 01:30:42.684] [info] #12: Feasible / Total: 1648784 / 1793614
[2024-03-11 01:30:46.439] [info] #12: Feasible / Total: 1648784 / 1793614
[2024-03-11 01:30:46.439] [info] Graph is not D-reducible.
[2024-03-11 01:30:46.975] [info] Started C-reducibility check
[2024-03-11 01:33:42.430] [info] Trying 127047846 possible contractions
[2024-03-11 01:33:42.430] [info] [0/127047846] Starting contraction of size 1
[2024-03-11 01:34:05.039] [info] All colors passed! Contracted: 29
[2024-03-11 01:34:05.039] [info] Graph is C-reducible!
