[2024-06-07 13:56:58.970] [info] Kempe type: Toroidal
[2024-06-07 13:56:58.970] [info] Vertex size: 39, Edge size: 66, Ring size: 15
[2024-06-07 13:57:01.508] [info] Started D-reducibility check
[2024-06-07 13:57:01.509] [info] #1: Feasible / Total: 68713 / 597871
[2024-06-07 14:04:33.741] [info] #2: Feasible / Total: 103910 / 597871
[2024-06-07 14:08:32.735] [info] #3: Feasible / Total: 125349 / 597871
[2024-06-07 14:12:08.055] [info] #4: Feasible / Total: 142858 / 597871
[2024-06-07 14:16:38.354] [info] #5: Feasible / Total: 167418 / 597871
[2024-06-07 14:22:32.658] [info] #6: Feasible / Total: 203411 / 597871
[2024-06-07 14:29:14.692] [info] #7: Feasible / Total: 249444 / 597871
[2024-06-07 14:36:16.481] [info] #8: Feasible / Total: 304202 / 597871
[2024-06-07 14:42:14.211] [info] #9: Feasible / Total: 361832 / 597871
[2024-06-07 14:44:54.231] [info] #10: Feasible / Total: 392955 / 597871
[2024-06-07 14:45:24.128] [info] #11: Feasible / Total: 401080 / 597871
[2024-06-07 14:45:29.327] [info] #12: Feasible / Total: 401892 / 597871
[2024-06-07 14:45:32.374] [info] #13: Feasible / Total: 401975 / 597871
[2024-06-07 14:45:35.011] [info] #14: Feasible / Total: 401981 / 597871
[2024-06-07 14:45:37.824] [info] #14: Feasible / Total: 401981 / 597871
[2024-06-07 14:45:37.824] [info] Graph is not D-reducible.
[2024-06-07 14:45:37.897] [info] Started C-reducibility check
[2024-06-07 14:47:42.670] [info] Trying 102026180 possible contractions
[2024-06-07 14:47:42.670] [info] [0/102026180] Starting contraction of size 1
[2024-06-07 14:47:48.585] [info] All colors passed! Contracted: 51
[2024-06-07 14:47:48.586] [info] Graph is C-reducible!
