[2024-06-06 21:56:37.507] [info] Kempe type: Toroidal
[2024-06-06 21:56:37.507] [info] Vertex size: 37, Edge size: 63, Ring size: 15
[2024-06-06 21:56:40.121] [info] Started D-reducibility check
[2024-06-06 21:56:40.121] [info] #1: Feasible / Total: 59864 / 597871
[2024-06-06 22:05:53.496] [info] #2: Feasible / Total: 106903 / 597871
[2024-06-06 22:11:22.308] [info] #3: Feasible / Total: 132039 / 597871
[2024-06-06 22:16:18.118] [info] #4: Feasible / Total: 153716 / 597871
[2024-06-06 22:20:21.554] [info] #5: Feasible / Total: 174236 / 597871
[2024-06-06 22:23:47.138] [info] #6: Feasible / Total: 194961 / 597871
[2024-06-06 22:26:59.638] [info] #7: Feasible / Total: 215661 / 597871
[2024-06-06 22:30:13.927] [info] #8: Feasible / Total: 236695 / 597871
[2024-06-06 22:34:12.310] [info] #9: Feasible / Total: 260512 / 597871
[2024-06-06 22:38:56.495] [info] #10: Feasible / Total: 291984 / 597871
[2024-06-06 22:43:32.667] [info] #11: Feasible / Total: 323846 / 597871
[2024-06-06 22:46:59.281] [info] #12: Feasible / Total: 351144 / 597871
[2024-06-06 22:49:58.453] [info] #13: Feasible / Total: 382003 / 597871
[2024-06-06 22:51:03.661] [info] #14: Feasible / Total: 402434 / 597871
[2024-06-06 22:51:11.241] [info] #15: Feasible / Total: 404255 / 597871
[2024-06-06 22:51:13.896] [info] #16: Feasible / Total: 404290 / 597871
[2024-06-06 22:51:16.384] [info] #16: Feasible / Total: 404290 / 597871
[2024-06-06 22:51:16.384] [info] Graph is not D-reducible.
[2024-06-06 22:51:16.465] [info] Started C-reducibility check
[2024-06-06 22:52:47.267] [info] Trying 55489797 possible contractions
[2024-06-06 22:52:47.267] [info] [0/55489797] Starting contraction of size 1
[2024-06-06 22:54:28.118] [info] [48/55489797] Starting contraction of size 2
[2024-06-06 23:25:43.338] [info] [1095/55489797] Starting contraction of size 3
[2024-06-07 03:56:43.116] [info] All colors passed! Contracted: 16, 20, 50
[2024-06-07 03:56:43.116] [info] Graph is C-reducible!
