[2023-11-16 15:21:25.620] [info] Kempe type: Toroidal
[2023-11-16 15:21:25.620] [info] Vertex size: 31, Edge size: 53, Ring size: 13
[2023-11-16 15:21:27.913] [info] Started D-reducibility check
[2023-11-16 15:21:27.913] [info] #1: Feasible / Total: 9843 / 66430
[2023-11-16 15:23:18.954] [info] #2: Feasible / Total: 13634 / 66430
[2023-11-16 15:24:03.686] [info] #3: Feasible / Total: 16005 / 66430
[2023-11-16 15:24:53.970] [info] #4: Feasible / Total: 19368 / 66430
[2023-11-16 15:25:58.157] [info] #5: Feasible / Total: 24059 / 66430
[2023-11-16 15:27:14.968] [info] #6: Feasible / Total: 31392 / 66430
[2023-11-16 15:28:01.222] [info] #7: Feasible / Total: 39514 / 66430
[2023-11-16 15:28:08.657] [info] #8: Feasible / Total: 41969 / 66430
[2023-11-16 15:28:09.999] [info] #9: Feasible / Total: 41981 / 66430
[2023-11-16 15:28:11.289] [info] #9: Feasible / Total: 41981 / 66430
[2023-11-16 15:28:11.289] [info] Graph is not D-reducible.
[2023-11-16 15:28:11.346] [info] Started C-reducibility check
[2023-11-16 15:31:40.304] [info] Trying 8127501 possible contractions
[2023-11-16 15:31:40.304] [info] [0/8127501] Starting contraction of size 1
[2023-11-16 15:32:29.800] [info] [40/8127501] Starting contraction of size 2
[2023-11-16 15:43:54.898] [info] [753/8127501] Starting contraction of size 3
[2023-11-16 16:00:11.443] [info] All colors passed! Contracted: 14, 21, 38
[2023-11-16 16:00:11.443] [info] Graph is C-reducible!
