[2023-11-29 11:31:25.143] [info] Kempe type: Toroidal
[2023-11-29 11:31:25.150] [info] Vertex size: 36, Edge size: 61, Ring size: 14
[2023-11-29 11:31:30.973] [info] Started D-reducibility check
[2023-11-29 11:31:30.973] [info] #1: Feasible / Total: 25672 / 199291
[2023-11-29 11:38:29.607] [info] #2: Feasible / Total: 38391 / 199291
[2023-11-29 11:42:42.712] [info] #3: Feasible / Total: 50015 / 199291
[2023-11-29 11:46:56.544] [info] #4: Feasible / Total: 62176 / 199291
[2023-11-29 11:50:34.248] [info] #5: Feasible / Total: 72942 / 199291
[2023-11-29 11:54:22.641] [info] #6: Feasible / Total: 85862 / 199291
[2023-11-29 11:59:18.331] [info] #7: Feasible / Total: 107100 / 199291
[2023-11-29 12:03:09.351] [info] #8: Feasible / Total: 137963 / 199291
[2023-11-29 12:03:32.942] [info] #9: Feasible / Total: 147921 / 199291
[2023-11-29 12:03:35.139] [info] #10: Feasible / Total: 147925 / 199291
[2023-11-29 12:03:37.310] [info] #10: Feasible / Total: 147925 / 199291
[2023-11-29 12:03:37.310] [info] Graph is not D-reducible.
[2023-11-29 12:03:37.410] [info] Started C-reducibility check
[2023-11-29 12:41:49.305] [info] Trying 43702532 possible contractions
[2023-11-29 12:41:49.314] [info] [0/43702532] Starting contraction of size 1
[2023-11-29 12:41:54.153] [info] All colors passed! Contracted: 52
[2023-11-29 12:41:54.154] [info] Graph is C-reducible!
