[2023-11-22 11:38:02.808] [info] Kempe type: Toroidal
[2023-11-22 11:38:02.819] [info] Vertex size: 34, Edge size: 58, Ring size: 14
[2023-11-22 11:38:11.376] [info] Started D-reducibility check
[2023-11-22 11:38:11.376] [info] #1: Feasible / Total: 25265 / 199291
[2023-11-22 11:49:20.702] [info] #2: Feasible / Total: 38298 / 199291
[2023-11-22 11:55:28.358] [info] #3: Feasible / Total: 48237 / 199291
[2023-11-22 12:01:37.394] [info] #4: Feasible / Total: 58918 / 199291
[2023-11-22 12:08:39.205] [info] #5: Feasible / Total: 72601 / 199291
[2023-11-22 12:10:34.168] [info] #6: Feasible / Total: 91686 / 199291
[2023-11-22 12:17:47.120] [info] #7: Feasible / Total: 111907 / 199291
[2023-11-22 12:25:29.364] [info] #8: Feasible / Total: 134620 / 199291
[2023-11-22 12:29:43.645] [info] #9: Feasible / Total: 146298 / 199291
[2023-11-22 12:30:26.556] [info] #10: Feasible / Total: 146919 / 199291
[2023-11-22 12:30:35.531] [info] #11: Feasible / Total: 146932 / 199291
[2023-11-22 12:30:41.850] [info] #11: Feasible / Total: 146932 / 199291
[2023-11-22 12:30:41.850] [info] Graph is not D-reducible.
[2023-11-22 12:30:42.130] [info] Started C-reducibility check
[2023-11-22 12:58:39.912] [info] Trying 22318613 possible contractions
[2023-11-22 12:58:39.938] [info] [0/22318613] Starting contraction of size 1
[2023-11-22 13:07:41.684] [info] [44/22318613] Starting contraction of size 2
[2023-11-22 15:27:11.255] [info] [916/22318613] Starting contraction of size 3
[2023-11-22 19:43:17.577] [info] All colors passed! Contracted: 21, 44, 52
[2023-11-22 19:43:17.614] [info] Graph is C-reducible!
