[2023-11-19 22:11:34.407] [info] Kempe type: Toroidal
[2023-11-19 22:11:34.494] [info] Vertex size: 37, Edge size: 63, Ring size: 15
[2023-11-19 22:12:13.696] [info] Started D-reducibility check
[2023-11-19 22:12:13.696] [info] #1: Feasible / Total: 63391 / 597871
[2023-11-19 23:56:11.923] [info] #2: Feasible / Total: 88029 / 597871
[2023-11-20 00:59:34.606] [info] #3: Feasible / Total: 108496 / 597871
[2023-11-20 01:57:51.147] [info] #4: Feasible / Total: 132070 / 597871
[2023-11-20 03:10:30.200] [info] #5: Feasible / Total: 168039 / 597871
[2023-11-20 04:53:27.122] [info] #6: Feasible / Total: 228171 / 597871
[2023-11-20 07:10:37.910] [info] #7: Feasible / Total: 331414 / 597871
[2023-11-20 08:54:53.756] [info] #8: Feasible / Total: 466642 / 597871
[2023-11-20 09:17:29.540] [info] #9: Feasible / Total: 516342 / 597871
[2023-11-20 09:18:11.193] [info] #10: Feasible / Total: 516673 / 597871
[2023-11-20 09:18:25.123] [info] #10: Feasible / Total: 516673 / 597871
[2023-11-20 09:18:25.123] [info] Graph is not D-reducible.
[2023-11-20 09:18:26.061] [info] Started C-reducibility check
[2023-11-20 11:36:55.499] [info] Trying 55510445 possible contractions
[2023-11-20 11:36:55.510] [info] [0/55510445] Starting contraction of size 1
[2023-11-20 11:38:37.762] [info] All colors passed! Contracted: 56
[2023-11-20 11:38:37.762] [info] Graph is C-reducible!
