[2023-12-05 15:27:54.042] [info] Kempe type: Toroidal
[2023-12-05 15:27:54.042] [info] Vertex size: 35, Edge size: 60, Ring size: 15
[2023-12-05 15:28:26.253] [info] Started D-reducibility check
[2023-12-05 15:28:26.254] [info] #1: Feasible / Total: 55685 / 597871
[2023-12-05 18:03:09.293] [info] #2: Feasible / Total: 84333 / 597871
[2023-12-05 19:24:46.864] [info] #3: Feasible / Total: 100393 / 597871
[2023-12-05 20:24:52.876] [info] #4: Feasible / Total: 112269 / 597871
[2023-12-05 21:19:39.951] [info] #5: Feasible / Total: 123539 / 597871
[2023-12-05 22:06:04.239] [info] #6: Feasible / Total: 135434 / 597871
[2023-12-05 22:58:54.614] [info] #7: Feasible / Total: 148611 / 597871
[2023-12-05 23:54:46.598] [info] #8: Feasible / Total: 164127 / 597871
[2023-12-06 00:59:30.434] [info] #9: Feasible / Total: 184672 / 597871
[2023-12-06 02:18:04.129] [info] #10: Feasible / Total: 212001 / 597871
[2023-12-06 03:54:43.290] [info] #11: Feasible / Total: 251775 / 597871
[2023-12-06 05:31:25.060] [info] #12: Feasible / Total: 302910 / 597871
[2023-12-06 06:51:19.623] [info] #13: Feasible / Total: 351166 / 597871
[2023-12-06 07:20:43.436] [info] #14: Feasible / Total: 377906 / 597871
[2023-12-06 07:24:03.898] [info] #15: Feasible / Total: 380197 / 597871
[2023-12-06 07:25:21.170] [info] #16: Feasible / Total: 380202 / 597871
[2023-12-06 07:26:36.454] [info] #16: Feasible / Total: 380202 / 597871
[2023-12-06 07:26:36.454] [info] Graph is not D-reducible.
[2023-12-06 07:26:37.934] [info] Started C-reducibility check
[2023-12-06 08:24:19.542] [info] Trying 103230 possible contractions
[2023-12-06 08:24:19.542] [info] [0/103230] Starting contraction of size 1
[2023-12-06 08:40:17.267] [info] [45/103230] Starting contraction of size 2
[2023-12-06 13:13:08.215] [info] [960/103230] Starting contraction of size 3
[2023-12-07 16:25:36.719] [info] All colors passed! Contracted: 43, 45, 52
[2023-12-07 16:25:36.719] [info] Graph is C-reducible!
