[2024-06-20 18:44:38.688] [info] Kempe type: Toroidal
[2024-06-20 18:44:38.688] [info] Vertex size: 31, Edge size: 53, Ring size: 13
[2024-06-20 18:44:38.989] [info] Started D-reducibility check
[2024-06-20 18:44:38.989] [info] #1: Feasible / Total: 10158 / 66430
[2024-06-20 18:45:03.779] [info] #2: Feasible / Total: 13810 / 66430
[2024-06-20 18:45:12.907] [info] #3: Feasible / Total: 15831 / 66430
[2024-06-20 18:45:19.736] [info] #4: Feasible / Total: 17626 / 66430
[2024-06-20 18:45:26.133] [info] #5: Feasible / Total: 19719 / 66430
[2024-06-20 18:45:35.664] [info] #6: Feasible / Total: 22604 / 66430
[2024-06-20 18:45:46.751] [info] #7: Feasible / Total: 26078 / 66430
[2024-06-20 18:45:58.228] [info] #8: Feasible / Total: 30804 / 66430
[2024-06-20 18:46:08.004] [info] #9: Feasible / Total: 35928 / 66430
[2024-06-20 18:46:18.564] [info] #10: Feasible / Total: 41832 / 66430
[2024-06-20 18:46:23.900] [info] #11: Feasible / Total: 46852 / 66430
[2024-06-20 18:46:29.697] [info] #12: Feasible / Total: 51036 / 66430
[2024-06-20 18:46:31.500] [info] #13: Feasible / Total: 53539 / 66430
[2024-06-20 18:46:31.692] [info] #14: Feasible / Total: 53572 / 66430
[2024-06-20 18:46:31.793] [info] #14: Feasible / Total: 53572 / 66430
[2024-06-20 18:46:31.793] [info] Graph is not D-reducible.
[2024-06-20 18:46:31.801] [info] Started C-reducibility check
[2024-06-20 18:46:47.235] [info] Trying 8159122 possible contractions
[2024-06-20 18:46:47.236] [info] [0/8159122] Starting contraction of size 1
[2024-06-20 18:46:47.973] [info] All colors passed! Contracted: 24
[2024-06-20 18:46:47.973] [info] Graph is C-reducible!
