[2024-06-05 17:48:15.771] [info] Kempe type: Toroidal
[2024-06-05 17:48:15.771] [info] Vertex size: 36, Edge size: 61, Ring size: 14
[2024-06-05 17:48:16.408] [info] Started D-reducibility check
[2024-06-05 17:48:16.408] [info] #1: Feasible / Total: 27147 / 199291
[2024-06-05 17:49:58.842] [info] #2: Feasible / Total: 38026 / 199291
[2024-06-05 17:50:42.769] [info] #3: Feasible / Total: 46908 / 199291
[2024-06-05 17:51:19.564] [info] #4: Feasible / Total: 55822 / 199291
[2024-06-05 17:51:57.805] [info] #5: Feasible / Total: 66612 / 199291
[2024-06-05 17:52:47.615] [info] #6: Feasible / Total: 79408 / 199291
[2024-06-05 17:53:44.262] [info] #7: Feasible / Total: 94914 / 199291
[2024-06-05 17:54:45.566] [info] #8: Feasible / Total: 115384 / 199291
[2024-06-05 17:55:20.401] [info] #9: Feasible / Total: 132601 / 199291
[2024-06-05 17:55:29.436] [info] #10: Feasible / Total: 136510 / 199291
[2024-06-05 17:55:31.084] [info] #11: Feasible / Total: 136780 / 199291
[2024-06-05 17:55:31.676] [info] #11: Feasible / Total: 136780 / 199291
[2024-06-05 17:55:31.676] [info] Graph is not D-reducible.
[2024-06-05 17:55:31.697] [info] Started C-reducibility check
[2024-06-05 17:56:40.467] [info] Trying 43837321 possible contractions
[2024-06-05 17:56:40.467] [info] [0/43837321] Starting contraction of size 1
[2024-06-05 17:56:41.531] [info] All colors passed! Contracted: 14
[2024-06-05 17:56:41.531] [info] Graph is C-reducible!
