[2024-06-21 14:41:00.488] [info] Kempe type: Toroidal
[2024-06-21 14:41:00.488] [info] Vertex size: 31, Edge size: 53, Ring size: 13
[2024-06-21 14:41:00.947] [info] Started D-reducibility check
[2024-06-21 14:41:00.947] [info] #1: Feasible / Total: 9825 / 66430
[2024-06-21 14:41:21.335] [info] #2: Feasible / Total: 12840 / 66430
[2024-06-21 14:41:33.555] [info] #3: Feasible / Total: 15674 / 66430
[2024-06-21 14:41:41.568] [info] #4: Feasible / Total: 18098 / 66430
[2024-06-21 14:41:47.035] [info] #5: Feasible / Total: 20168 / 66430
[2024-06-21 14:41:52.521] [info] #6: Feasible / Total: 22131 / 66430
[2024-06-21 14:42:03.692] [info] #7: Feasible / Total: 24765 / 66430
[2024-06-21 14:42:15.857] [info] #8: Feasible / Total: 28612 / 66430
[2024-06-21 14:42:31.323] [info] #9: Feasible / Total: 34054 / 66430
[2024-06-21 14:42:47.117] [info] #10: Feasible / Total: 42550 / 66430
[2024-06-21 14:42:54.592] [info] #11: Feasible / Total: 50826 / 66430
[2024-06-21 14:42:57.635] [info] #12: Feasible / Total: 53344 / 66430
[2024-06-21 14:42:58.640] [info] #13: Feasible / Total: 53736 / 66430
[2024-06-21 14:42:58.920] [info] #14: Feasible / Total: 53746 / 66430
[2024-06-21 14:42:59.112] [info] #14: Feasible / Total: 53746 / 66430
[2024-06-21 14:42:59.122] [info] Graph is not D-reducible.
[2024-06-21 14:42:59.130] [info] Started C-reducibility check
[2024-06-21 14:43:21.044] [info] Trying 8093931 possible contractions
[2024-06-21 14:43:21.044] [info] [0/8093931] Starting contraction of size 1
[2024-06-21 14:43:24.094] [info] All colors passed! Contracted: 31
[2024-06-21 14:43:24.094] [info] Graph is C-reducible!
