[2024-04-17 21:44:02.331] [info] Kempe type: Toroidal
[2024-04-17 21:44:02.331] [info] Vertex size: 34, Edge size: 58, Ring size: 14
[2024-04-17 21:44:03.175] [info] Started D-reducibility check
[2024-04-17 21:44:03.175] [info] #1: Feasible / Total: 22652 / 199291
[2024-04-17 21:45:00.753] [info] #2: Feasible / Total: 31112 / 199291
[2024-04-17 21:45:36.392] [info] #3: Feasible / Total: 38436 / 199291
[2024-04-17 21:46:11.865] [info] #4: Feasible / Total: 44803 / 199291
[2024-04-17 21:46:36.282] [info] #5: Feasible / Total: 49787 / 199291
[2024-04-17 21:47:00.880] [info] #6: Feasible / Total: 54845 / 199291
[2024-04-17 21:47:26.545] [info] #7: Feasible / Total: 60640 / 199291
[2024-04-17 21:47:57.666] [info] #8: Feasible / Total: 68595 / 199291
[2024-04-17 21:48:37.144] [info] #9: Feasible / Total: 80421 / 199291
[2024-04-17 21:49:22.692] [info] #10: Feasible / Total: 97639 / 199291
[2024-04-17 21:50:10.270] [info] #11: Feasible / Total: 118308 / 199291
[2024-04-17 21:50:50.774] [info] #12: Feasible / Total: 141338 / 199291
[2024-04-17 21:51:07.511] [info] #13: Feasible / Total: 156897 / 199291
[2024-04-17 21:51:08.451] [info] #14: Feasible / Total: 157639 / 199291
[2024-04-17 21:51:08.843] [info] #14: Feasible / Total: 157639 / 199291
[2024-04-17 21:51:08.843] [info] Graph is not D-reducible.
[2024-04-17 21:51:08.864] [info] Started C-reducibility check
[2024-04-17 21:51:42.409] [info] Trying 22383127 possible contractions
[2024-04-17 21:51:42.409] [info] [0/22383127] Starting contraction of size 1
[2024-04-17 21:51:43.789] [info] All colors passed! Contracted: 22
[2024-04-17 21:51:43.789] [info] Graph is C-reducible!
