[2024-03-13 13:12:50.421] [info] Kempe type: Toroidal
[2024-03-13 13:12:50.421] [info] Vertex size: 36, Edge size: 61, Ring size: 14
[2024-03-13 13:12:51.658] [info] Started D-reducibility check
[2024-03-13 13:12:51.658] [info] #1: Feasible / Total: 27704 / 199291
[2024-03-13 13:14:57.091] [info] #2: Feasible / Total: 39255 / 199291
[2024-03-13 13:15:51.907] [info] #3: Feasible / Total: 49133 / 199291
[2024-03-13 13:17:00.064] [info] #4: Feasible / Total: 60656 / 199291
[2024-03-13 13:18:27.018] [info] #5: Feasible / Total: 76861 / 199291
[2024-03-13 13:20:10.532] [info] #6: Feasible / Total: 102006 / 199291
[2024-03-13 13:21:45.261] [info] #7: Feasible / Total: 136863 / 199291
[2024-03-13 13:22:19.734] [info] #8: Feasible / Total: 155722 / 199291
[2024-03-13 13:22:22.647] [info] #9: Feasible / Total: 156509 / 199291
[2024-03-13 13:22:23.120] [info] #9: Feasible / Total: 156509 / 199291
[2024-03-13 13:22:23.120] [info] Graph is not D-reducible.
[2024-03-13 13:22:23.144] [info] Started C-reducibility check
[2024-03-13 13:23:43.399] [info] Trying 43703562 possible contractions
[2024-03-13 13:23:43.399] [info] [0/43703562] Starting contraction of size 1
[2024-03-13 13:24:26.423] [info] [47/43703562] Starting contraction of size 2
[2024-03-13 13:32:01.548] [info] All colors passed! Contracted: 19, 55
[2024-03-13 13:32:01.548] [info] Graph is C-reducible!
