[2023-11-17 00:34:26.631] [info] Kempe type: Toroidal
[2023-11-17 00:34:28.447] [info] Vertex size: 28, Edge size: 48, Ring size: 12
[2023-11-17 00:34:36.658] [info] Started D-reducibility check
[2023-11-17 00:34:36.701] [info] #1: Feasible / Total: 3897 / 22144
[2023-11-17 00:35:15.450] [info] #2: Feasible / Total: 4998 / 22144
[2023-11-17 00:35:20.341] [info] #3: Feasible / Total: 5481 / 22144
[2023-11-17 00:35:23.439] [info] #4: Feasible / Total: 5813 / 22144
[2023-11-17 00:35:45.618] [info] #5: Feasible / Total: 6199 / 22144
[2023-11-17 00:36:02.992] [info] #6: Feasible / Total: 6534 / 22144
[2023-11-17 00:36:15.968] [info] #7: Feasible / Total: 6986 / 22144
[2023-11-17 00:36:35.408] [info] #8: Feasible / Total: 7632 / 22144
[2023-11-17 00:37:05.401] [info] #9: Feasible / Total: 8878 / 22144
[2023-11-17 00:37:46.422] [info] #10: Feasible / Total: 11221 / 22144
[2023-11-17 00:38:40.030] [info] #11: Feasible / Total: 14759 / 22144
[2023-11-17 00:39:13.586] [info] #12: Feasible / Total: 18334 / 22144
[2023-11-17 00:39:18.792] [info] #13: Feasible / Total: 18869 / 22144
[2023-11-17 00:39:19.036] [info] #14: Feasible / Total: 18874 / 22144
[2023-11-17 00:39:19.618] [info] #14: Feasible / Total: 18874 / 22144
[2023-11-17 00:39:19.770] [info] Graph is not D-reducible.
[2023-11-17 00:39:19.852] [info] Started C-reducibility check
[2023-11-17 00:43:30.606] [info] Trying 2640682 possible contractions
[2023-11-17 00:43:30.694] [info] [0/2640682] Starting contraction of size 1
[2023-11-17 00:43:54.855] [info] All colors passed! Contracted: 36
[2023-11-17 00:43:54.882] [info] Graph is C-reducible!
