[2023-12-05 15:28:37.989] [info] Kempe type: Toroidal
[2023-12-05 15:28:37.989] [info] Vertex size: 34, Edge size: 58, Ring size: 14
[2023-12-05 15:28:54.285] [info] Started D-reducibility check
[2023-12-05 15:28:54.285] [info] #1: Feasible / Total: 23379 / 199291
[2023-12-05 15:55:37.392] [info] #2: Feasible / Total: 37374 / 199291
[2023-12-05 16:07:48.640] [info] #3: Feasible / Total: 44386 / 199291
[2023-12-05 16:16:39.710] [info] #4: Feasible / Total: 49112 / 199291
[2023-12-05 16:22:35.941] [info] #5: Feasible / Total: 52433 / 199291
[2023-12-05 16:28:01.657] [info] #6: Feasible / Total: 55851 / 199291
[2023-12-05 16:33:46.256] [info] #7: Feasible / Total: 59556 / 199291
[2023-12-05 16:39:53.025] [info] #8: Feasible / Total: 63773 / 199291
[2023-12-05 16:44:20.114] [info] #9: Feasible / Total: 67873 / 199291
[2023-12-05 16:48:58.606] [info] #10: Feasible / Total: 71719 / 199291
[2023-12-05 16:53:15.087] [info] #11: Feasible / Total: 75226 / 199291
[2023-12-05 16:57:32.072] [info] #12: Feasible / Total: 78803 / 199291
[2023-12-05 17:01:26.604] [info] #13: Feasible / Total: 82355 / 199291
[2023-12-05 17:04:50.934] [info] #14: Feasible / Total: 84689 / 199291
[2023-12-05 17:08:33.335] [info] #15: Feasible / Total: 86913 / 199291
[2023-12-05 17:11:32.311] [info] #16: Feasible / Total: 89063 / 199291
[2023-12-05 17:14:21.623] [info] #17: Feasible / Total: 90454 / 199291
[2023-12-05 17:17:12.764] [info] #18: Feasible / Total: 91791 / 199291
[2023-12-05 17:20:11.903] [info] #19: Feasible / Total: 93365 / 199291
[2023-12-05 17:23:43.762] [info] #20: Feasible / Total: 94942 / 199291
[2023-12-05 17:27:32.891] [info] #21: Feasible / Total: 97264 / 199291
[2023-12-05 17:31:15.599] [info] #22: Feasible / Total: 99202 / 199291
[2023-12-05 17:35:13.220] [info] #23: Feasible / Total: 101316 / 199291
[2023-12-05 17:39:30.573] [info] #24: Feasible / Total: 104869 / 199291
[2023-12-05 17:42:59.964] [info] #25: Feasible / Total: 108014 / 199291
[2023-12-05 17:45:35.801] [info] #26: Feasible / Total: 109945 / 199291
[2023-12-05 17:48:08.866] [info] #27: Feasible / Total: 111995 / 199291
[2023-12-05 17:49:35.722] [info] #28: Feasible / Total: 112805 / 199291
[2023-12-05 17:50:41.090] [info] #29: Feasible / Total: 113448 / 199291
[2023-12-05 17:52:24.055] [info] #30: Feasible / Total: 115407 / 199291
[2023-12-05 17:53:36.374] [info] #31: Feasible / Total: 116538 / 199291
[2023-12-05 17:54:24.480] [info] #32: Feasible / Total: 117000 / 199291
[2023-12-05 17:55:09.843] [info] #33: Feasible / Total: 117459 / 199291
[2023-12-05 17:56:03.786] [info] #34: Feasible / Total: 118002 / 199291
[2023-12-05 17:56:51.331] [info] #35: Feasible / Total: 118368 / 199291
[2023-12-05 17:57:20.880] [info] #36: Feasible / Total: 118488 / 199291
[2023-12-05 17:57:45.643] [info] #37: Feasible / Total: 118577 / 199291
[2023-12-05 17:58:08.937] [info] #38: Feasible / Total: 118599 / 199291
[2023-12-05 17:58:30.895] [info] #39: Feasible / Total: 118609 / 199291
[2023-12-05 17:58:55.418] [info] #40: Feasible / Total: 118657 / 199291
[2023-12-05 17:59:20.227] [info] #41: Feasible / Total: 118689 / 199291
[2023-12-05 17:59:43.689] [info] #42: Feasible / Total: 118714 / 199291
[2023-12-05 18:00:06.192] [info] #43: Feasible / Total: 118745 / 199291
[2023-12-05 18:00:28.326] [info] #44: Feasible / Total: 118774 / 199291
[2023-12-05 18:00:50.221] [info] #45: Feasible / Total: 118776 / 199291
[2023-12-05 18:01:12.071] [info] #45: Feasible / Total: 118776 / 199291
[2023-12-05 18:01:12.072] [info] Graph is not D-reducible.
[2023-12-05 18:01:12.463] [info] Started C-reducibility check
[2023-12-05 18:41:31.290] [info] Trying 92856 possible contractions
[2023-12-05 18:41:31.290] [info] [0/92856] Starting contraction of size 1
[2023-12-05 18:49:02.473] [info] [44/92856] Starting contraction of size 2
[2023-12-05 21:07:13.403] [info] [916/92856] Starting contraction of size 3
[2023-12-06 18:17:58.137] [info] [11237/92856] Starting contraction of size 4
[2023-12-08 16:46:03.376] [info] All colors passed! Contracted: 15, 27, 29, 46
[2023-12-08 16:46:03.376] [info] Graph is C-reducible!
