[2024-10-19 14:57:19.945] [info] Kempe type: Toroidal
[2024-10-19 14:57:19.945] [info] Vertex size: 33, Edge size: 56, Ring size: 13
[2024-10-19 14:57:23.218] [info] Started D-reducibility check
[2024-10-19 14:57:23.218] [info] #1: Feasible / Total: 10709 / 66430
[2024-10-19 15:01:04.350] [info] #2: Feasible / Total: 14156 / 66430
[2024-10-19 15:03:10.233] [info] #3: Feasible / Total: 17546 / 66430
[2024-10-19 15:05:27.603] [info] #4: Feasible / Total: 21663 / 66430
[2024-10-19 15:07:49.082] [info] #5: Feasible / Total: 28162 / 66430
[2024-10-19 15:09:53.666] [info] #6: Feasible / Total: 37559 / 66430
[2024-10-19 15:10:53.218] [info] #7: Feasible / Total: 44280 / 66430
[2024-10-19 15:11:06.240] [info] #8: Feasible / Total: 45433 / 66430
[2024-10-19 15:11:09.623] [info] #9: Feasible / Total: 45481 / 66430
[2024-10-19 15:11:12.434] [info] #10: Feasible / Total: 45486 / 66430
[2024-10-19 15:11:14.929] [info] #10: Feasible / Total: 45486 / 66430
[2024-10-19 15:11:14.930] [info] Graph is not D-reducible.
[2024-10-19 15:11:15.034] [info] Started C-reducibility check
[2024-10-19 15:11:55.064] [info] Trying 2029268 possible contractions
[2024-10-19 15:11:55.064] [info] [0/2029268] Starting contraction of size 1
[2024-10-19 15:13:42.795] [info] [43/2029268] Starting contraction of size 2
[2024-10-19 15:21:50.934] [info] All colors passed! Contracted: 41, 46
[2024-10-19 15:21:50.934] [info] Graph is C-reducible!
