[2024-10-19 13:09:44.810] [info] Kempe type: Toroidal
[2024-10-19 13:09:44.810] [info] Vertex size: 36, Edge size: 61, Ring size: 14
[2024-10-19 13:09:55.198] [info] Started D-reducibility check
[2024-10-19 13:09:55.198] [info] #1: Feasible / Total: 29727 / 199291
[2024-10-19 13:25:57.471] [info] #2: Feasible / Total: 41242 / 199291
[2024-10-19 13:32:23.545] [info] #3: Feasible / Total: 51140 / 199291
[2024-10-19 13:38:05.044] [info] #4: Feasible / Total: 60911 / 199291
[2024-10-19 13:44:55.012] [info] #5: Feasible / Total: 72784 / 199291
[2024-10-19 13:52:38.584] [info] #6: Feasible / Total: 91374 / 199291
[2024-10-19 14:01:39.840] [info] #7: Feasible / Total: 116550 / 199291
[2024-10-19 14:08:35.054] [info] #8: Feasible / Total: 147743 / 199291
[2024-10-19 14:10:43.145] [info] #9: Feasible / Total: 167469 / 199291
[2024-10-19 14:10:47.978] [info] #10: Feasible / Total: 168007 / 199291
[2024-10-19 14:10:50.047] [info] #10: Feasible / Total: 168007 / 199291
[2024-10-19 14:10:50.048] [info] Graph is not D-reducible.
[2024-10-19 14:10:50.243] [info] Started C-reducibility check
[2024-10-19 14:11:37.674] [info] Trying 3905802 possible contractions
[2024-10-19 14:11:37.674] [info] [0/3905802] Starting contraction of size 1
[2024-10-19 14:12:06.925] [info] All colors passed! Contracted: 20
[2024-10-19 14:12:06.925] [info] Graph is C-reducible!
