[2023-11-17 00:32:43.917] [info] Kempe type: Toroidal
[2023-11-17 00:32:43.922] [info] Vertex size: 32, Edge size: 55, Ring size: 14
[2023-11-17 00:33:17.325] [info] Started D-reducibility check
[2023-11-17 00:33:17.628] [info] #1: Feasible / Total: 21089 / 199291
[2023-11-17 01:27:03.377] [info] #2: Feasible / Total: 33969 / 199291
[2023-11-17 01:46:50.855] [info] #3: Feasible / Total: 40712 / 199291
[2023-11-17 02:00:14.443] [info] #4: Feasible / Total: 45119 / 199291
[2023-11-17 02:08:58.207] [info] #5: Feasible / Total: 48789 / 199291
[2023-11-17 02:17:34.339] [info] #6: Feasible / Total: 52315 / 199291
[2023-11-17 02:27:34.616] [info] #7: Feasible / Total: 56564 / 199291
[2023-11-17 02:38:05.120] [info] #8: Feasible / Total: 61745 / 199291
[2023-11-17 02:49:42.814] [info] #9: Feasible / Total: 67951 / 199291
[2023-11-17 03:01:44.223] [info] #10: Feasible / Total: 76567 / 199291
[2023-11-17 03:18:16.189] [info] #11: Feasible / Total: 87758 / 199291
[2023-11-17 03:34:34.886] [info] #12: Feasible / Total: 100994 / 199291
[2023-11-17 03:47:24.086] [info] #13: Feasible / Total: 114918 / 199291
[2023-11-17 03:53:28.245] [info] #14: Feasible / Total: 123791 / 199291
[2023-11-17 03:54:15.765] [info] #15: Feasible / Total: 124496 / 199291
[2023-11-17 03:54:36.821] [info] #15: Feasible / Total: 124496 / 199291
[2023-11-17 03:54:36.821] [info] Graph is not D-reducible.
[2023-11-17 03:54:37.317] [info] Started C-reducibility check
[2023-11-17 04:10:28.967] [info] Trying 10825319 possible contractions
[2023-11-17 04:10:28.998] [info] [0/10825319] Starting contraction of size 1
[2023-11-17 04:14:15.515] [info] [41/10825319] Starting contraction of size 2
[2023-11-17 05:24:59.860] [info] [793/10825319] Starting contraction of size 3
[2023-11-17 07:08:23.265] [info] All colors passed! Contracted: 16, 47, 50
[2023-11-17 07:08:23.302] [info] Graph is C-reducible!
