[2023-12-05 15:25:52.873] [info] Kempe type: Toroidal
[2023-12-05 15:25:52.873] [info] Vertex size: 36, Edge size: 61, Ring size: 14
[2023-12-05 15:26:07.480] [info] Started D-reducibility check
[2023-12-05 15:26:07.481] [info] #1: Feasible / Total: 30179 / 199291
[2023-12-05 16:05:49.546] [info] #2: Feasible / Total: 45776 / 199291
[2023-12-05 16:26:49.795] [info] #3: Feasible / Total: 57386 / 199291
[2023-12-05 16:45:36.003] [info] #4: Feasible / Total: 68342 / 199291
[2023-12-05 17:06:45.444] [info] #5: Feasible / Total: 82553 / 199291
[2023-12-05 17:32:25.345] [info] #6: Feasible / Total: 107373 / 199291
[2023-12-05 17:39:22.649] [info] #7: Feasible / Total: 122895 / 199291
[2023-12-05 17:39:58.489] [info] #8: Feasible / Total: 123344 / 199291
[2023-12-05 17:40:24.129] [info] #9: Feasible / Total: 123349 / 199291
[2023-12-05 17:40:49.491] [info] #9: Feasible / Total: 123349 / 199291
[2023-12-05 17:40:49.492] [info] Graph is not D-reducible.
[2023-12-05 17:40:49.971] [info] Started C-reducibility check
[2023-12-05 20:27:37.039] [info] Trying 124344 possible contractions
[2023-12-05 20:27:37.091] [info] [0/124344] Starting contraction of size 1
[2023-12-05 20:46:40.390] [info] [47/124344] Starting contraction of size 2
[2023-12-06 02:10:00.127] [info] [1048/124344] Starting contraction of size 3
[2023-12-07 08:34:15.252] [info] All colors passed! Contracted: 22, 24, 30
[2023-12-07 08:34:15.252] [info] Graph is C-reducible!
