[2024-03-13 13:12:50.417] [info] Kempe type: Toroidal
[2024-03-13 13:12:50.417] [info] Vertex size: 34, Edge size: 58, Ring size: 14
[2024-03-13 13:12:51.502] [info] Started D-reducibility check
[2024-03-13 13:12:51.502] [info] #1: Feasible / Total: 23410 / 199291
[2024-03-13 13:14:04.555] [info] #2: Feasible / Total: 27956 / 199291
[2024-03-13 13:14:24.486] [info] #3: Feasible / Total: 31092 / 199291
[2024-03-13 13:14:39.268] [info] #4: Feasible / Total: 33013 / 199291
[2024-03-13 13:14:47.793] [info] #5: Feasible / Total: 33761 / 199291
[2024-03-13 13:14:53.967] [info] #6: Feasible / Total: 34147 / 199291
[2024-03-13 13:14:59.934] [info] #7: Feasible / Total: 34495 / 199291
[2024-03-13 13:15:05.491] [info] #8: Feasible / Total: 34891 / 199291
[2024-03-13 13:15:09.115] [info] #9: Feasible / Total: 35226 / 199291
[2024-03-13 13:15:12.999] [info] #10: Feasible / Total: 35516 / 199291
[2024-03-13 13:15:16.963] [info] #11: Feasible / Total: 35810 / 199291
[2024-03-13 13:15:20.841] [info] #12: Feasible / Total: 36157 / 199291
[2024-03-13 13:15:25.538] [info] #13: Feasible / Total: 36745 / 199291
[2024-03-13 13:15:31.783] [info] #14: Feasible / Total: 37372 / 199291
[2024-03-13 13:15:38.177] [info] #15: Feasible / Total: 38052 / 199291
[2024-03-13 13:15:44.986] [info] #16: Feasible / Total: 38901 / 199291
[2024-03-13 13:15:52.070] [info] #17: Feasible / Total: 39858 / 199291
[2024-03-13 13:15:59.512] [info] #18: Feasible / Total: 40884 / 199291
[2024-03-13 13:16:09.229] [info] #19: Feasible / Total: 42104 / 199291
[2024-03-13 13:16:19.378] [info] #20: Feasible / Total: 43656 / 199291
[2024-03-13 13:16:30.191] [info] #21: Feasible / Total: 45577 / 199291
[2024-03-13 13:16:41.606] [info] #22: Feasible / Total: 47738 / 199291
[2024-03-13 13:16:54.380] [info] #23: Feasible / Total: 49862 / 199291
[2024-03-13 13:17:10.060] [info] #24: Feasible / Total: 52263 / 199291
[2024-03-13 13:17:24.869] [info] #25: Feasible / Total: 55060 / 199291
[2024-03-13 13:17:44.807] [info] #26: Feasible / Total: 58490 / 199291
[2024-03-13 13:18:05.595] [info] #27: Feasible / Total: 62400 / 199291
[2024-03-13 13:18:29.554] [info] #28: Feasible / Total: 66926 / 199291
[2024-03-13 13:18:55.205] [info] #29: Feasible / Total: 72794 / 199291
[2024-03-13 13:19:23.840] [info] #30: Feasible / Total: 79901 / 199291
[2024-03-13 13:19:46.039] [info] #31: Feasible / Total: 86472 / 199291
[2024-03-13 13:19:51.996] [info] #32: Feasible / Total: 88723 / 199291
[2024-03-13 13:19:54.136] [info] #33: Feasible / Total: 89053 / 199291
[2024-03-13 13:19:55.706] [info] #34: Feasible / Total: 89161 / 199291
[2024-03-13 13:19:57.272] [info] #35: Feasible / Total: 89230 / 199291
[2024-03-13 13:19:58.577] [info] #36: Feasible / Total: 89272 / 199291
[2024-03-13 13:19:59.828] [info] #37: Feasible / Total: 89288 / 199291
[2024-03-13 13:20:01.070] [info] #38: Feasible / Total: 89297 / 199291
[2024-03-13 13:20:02.304] [info] #38: Feasible / Total: 89297 / 199291
[2024-03-13 13:20:02.304] [info] Graph is not D-reducible.
[2024-03-13 13:20:02.332] [info] Started C-reducibility check
[2024-03-13 13:20:39.764] [info] Trying 22299813 possible contractions
[2024-03-13 13:20:39.764] [info] [0/22299813] Starting contraction of size 1
[2024-03-13 13:20:59.487] [info] [44/22299813] Starting contraction of size 2
[2024-03-13 13:26:09.033] [info] [916/22299813] Starting contraction of size 3
[2024-03-13 14:16:58.209] [info] [11237/22299813] Starting contraction of size 4
[2024-03-13 15:23:08.812] [info] All colors passed! Contracted: 17, 28, 44, 48
[2024-03-13 15:23:08.813] [info] Graph is C-reducible!
