[2024-04-21 10:36:06.792] [info] Kempe type: Toroidal
[2024-04-21 10:36:06.792] [info] Vertex size: 37, Edge size: 63, Ring size: 15
[2024-04-21 10:36:09.599] [info] Started D-reducibility check
[2024-04-21 10:36:09.599] [info] #1: Feasible / Total: 57818 / 597871
[2024-04-21 10:42:30.646] [info] #2: Feasible / Total: 79378 / 597871
[2024-04-21 10:46:49.112] [info] #3: Feasible / Total: 95713 / 597871
[2024-04-21 10:50:07.591] [info] #4: Feasible / Total: 108958 / 597871
[2024-04-21 10:53:28.251] [info] #5: Feasible / Total: 124286 / 597871
[2024-04-21 10:56:54.299] [info] #6: Feasible / Total: 144072 / 597871
[2024-04-21 11:00:56.892] [info] #7: Feasible / Total: 170347 / 597871
[2024-04-21 11:05:50.149] [info] #8: Feasible / Total: 205232 / 597871
[2024-04-21 11:12:05.412] [info] #9: Feasible / Total: 253797 / 597871
[2024-04-21 11:19:14.342] [info] #10: Feasible / Total: 325666 / 597871
[2024-04-21 11:24:27.511] [info] #11: Feasible / Total: 400244 / 597871
[2024-04-21 11:25:45.965] [info] #12: Feasible / Total: 423877 / 597871
[2024-04-21 11:25:50.999] [info] #13: Feasible / Total: 424595 / 597871
[2024-04-21 11:25:53.303] [info] #13: Feasible / Total: 424595 / 597871
[2024-04-21 11:25:53.303] [info] Graph is not D-reducible.
[2024-04-21 11:25:53.380] [info] Started C-reducibility check
[2024-04-21 11:27:21.550] [info] Trying 55658483 possible contractions
[2024-04-21 11:27:21.550] [info] [0/55658483] Starting contraction of size 1
[2024-04-21 11:29:00.312] [info] All colors passed! Contracted: 30
[2024-04-21 11:29:00.312] [info] Graph is C-reducible!
