[2024-02-17 12:42:18.452] [info] Kempe type: Toroidal
[2024-02-17 12:42:18.452] [info] Vertex size: 31, Edge size: 53, Ring size: 13
[2024-02-17 12:42:18.702] [info] Started D-reducibility check
[2024-02-17 12:42:18.702] [info] #1: Feasible / Total: 9675 / 66430
[2024-02-17 12:42:33.943] [info] #2: Feasible / Total: 15391 / 66430
[2024-02-17 12:42:44.401] [info] #3: Feasible / Total: 21168 / 66430
[2024-02-17 12:42:55.295] [info] #4: Feasible / Total: 27680 / 66430
[2024-02-17 12:43:07.557] [info] #5: Feasible / Total: 35782 / 66430
[2024-02-17 12:43:17.760] [info] #6: Feasible / Total: 48103 / 66430
[2024-02-17 12:43:20.471] [info] #7: Feasible / Total: 53188 / 66430
[2024-02-17 12:43:20.636] [info] #8: Feasible / Total: 53253 / 66430
[2024-02-17 12:43:20.721] [info] #8: Feasible / Total: 53253 / 66430
[2024-02-17 12:43:20.721] [info] Graph is not D-reducible.
[2024-02-17 12:43:20.728] [info] Started C-reducibility check
[2024-02-17 12:43:31.654] [info] Trying 8095744 possible contractions
[2024-02-17 12:43:31.654] [info] [0/8095744] Starting contraction of size 1
[2024-02-17 12:43:39.653] [info] [40/8095744] Starting contraction of size 2
[2024-02-17 12:45:42.515] [info] [753/8095744] Starting contraction of size 3
[2024-02-17 12:46:31.095] [info] All colors passed! Contracted: 29, 38, 47
[2024-02-17 12:46:31.095] [info] Graph is C-reducible!
