[2023-11-16 13:18:54.459] [info] Kempe type: Toroidal
[2023-11-16 13:18:54.459] [info] Vertex size: 30, Edge size: 51, Ring size: 12
[2023-11-16 13:18:55.404] [info] Started D-reducibility check
[2023-11-16 13:18:55.404] [info] #1: Feasible / Total: 4328 / 22144
[2023-11-16 13:19:13.267] [info] #2: Feasible / Total: 6436 / 22144
[2023-11-16 13:19:16.962] [info] #3: Feasible / Total: 7682 / 22144
[2023-11-16 13:19:19.170] [info] #4: Feasible / Total: 8638 / 22144
[2023-11-16 13:19:22.061] [info] #5: Feasible / Total: 9888 / 22144
[2023-11-16 13:19:24.738] [info] #6: Feasible / Total: 11319 / 22144
[2023-11-16 13:19:26.399] [info] #7: Feasible / Total: 12698 / 22144
[2023-11-16 13:19:26.839] [info] #8: Feasible / Total: 12976 / 22144
[2023-11-16 13:19:27.034] [info] #9: Feasible / Total: 12980 / 22144
[2023-11-16 13:19:27.219] [info] #9: Feasible / Total: 12980 / 22144
[2023-11-16 13:19:27.219] [info] Graph is not D-reducible.
[2023-11-16 13:19:27.222] [info] Started C-reducibility check
[2023-11-16 13:21:46.671] [info] Trying 6046081 possible contractions
[2023-11-16 13:21:46.672] [info] [0/6046081] Starting contraction of size 1
[2023-11-16 13:22:05.654] [info] [39/6046081] Starting contraction of size 2
[2023-11-16 13:26:26.426] [info] [714/6046081] Starting contraction of size 3
[2023-11-16 13:36:59.124] [info] All colors passed! Contracted: 25, 48, 49
[2023-11-16 13:36:59.124] [info] Graph is C-reducible!
