[2024-02-26 16:58:15.292] [info] Kempe type: Toroidal
[2024-02-26 16:58:15.292] [info] Vertex size: 34, Edge size: 57, Ring size: 12
[2024-02-26 16:58:16.313] [info] Started D-reducibility check
[2024-02-26 16:58:16.313] [info] #1: Feasible / Total: 5996 / 22144
[2024-02-26 16:58:27.009] [info] #2: Feasible / Total: 9220 / 22144
[2024-02-26 16:58:30.332] [info] #3: Feasible / Total: 11041 / 22144
[2024-02-26 16:58:31.762] [info] #4: Feasible / Total: 11856 / 22144
[2024-02-26 16:58:32.520] [info] #5: Feasible / Total: 12138 / 22144
[2024-02-26 16:58:32.767] [info] #6: Feasible / Total: 12201 / 22144
[2024-02-26 16:58:32.958] [info] #7: Feasible / Total: 12213 / 22144
[2024-02-26 16:58:33.144] [info] #8: Feasible / Total: 12214 / 22144
[2024-02-26 16:58:33.303] [info] #8: Feasible / Total: 12214 / 22144
[2024-02-26 16:58:33.310] [info] Graph is not D-reducible.
[2024-02-26 16:58:33.313] [info] Started C-reducibility check
[2024-02-26 16:59:57.195] [info] Trying 26371440 possible contractions
[2024-02-26 16:59:57.195] [info] [0/26371440] Starting contraction of size 1
[2024-02-26 17:00:08.421] [info] [45/26371440] Starting contraction of size 2
[2024-02-26 17:02:57.600] [info] [957/26371440] Starting contraction of size 3
[2024-02-26 17:32:20.898] [info] [11994/26371440] Starting contraction of size 4
[2024-02-26 20:00:59.574] [info] [101223/26371440] Starting contraction of size 5
[2024-02-27 04:51:34.894] [info] [612567/26371440] Starting contraction of size 6
[2024-02-28 12:10:29.873] [info] [2766942/26371440] Starting contraction of size 7
[2024-02-29 15:00:03.579] [info] All colors passed! Contracted: 12, 14, 19, 25, 44, 50, 51
[2024-02-29 15:00:03.579] [info] Graph is C-reducible!
