[2024-06-19 12:44:32.861] [info] Kempe type: Toroidal
[2024-06-19 12:44:32.861] [info] Vertex size: 34, Edge size: 58, Ring size: 14
[2024-06-19 12:44:33.763] [info] Started D-reducibility check
[2024-06-19 12:44:33.763] [info] #1: Feasible / Total: 25939 / 199291
[2024-06-19 12:48:52.453] [info] #2: Feasible / Total: 37186 / 199291
[2024-06-19 12:50:14.981] [info] #3: Feasible / Total: 46180 / 199291
[2024-06-19 12:51:53.446] [info] #4: Feasible / Total: 58819 / 199291
[2024-06-19 12:54:07.051] [info] #5: Feasible / Total: 78176 / 199291
[2024-06-19 12:56:08.143] [info] #6: Feasible / Total: 100892 / 199291
[2024-06-19 12:57:57.318] [info] #7: Feasible / Total: 123092 / 199291
[2024-06-19 12:59:39.696] [info] #8: Feasible / Total: 153593 / 199291
[2024-06-19 13:00:02.648] [info] #9: Feasible / Total: 165953 / 199291
[2024-06-19 13:00:03.302] [info] #10: Feasible / Total: 166011 / 199291
[2024-06-19 13:00:03.639] [info] #10: Feasible / Total: 166011 / 199291
[2024-06-19 13:00:03.639] [info] Graph is not D-reducible.
[2024-06-19 13:00:03.661] [info] Started C-reducibility check
[2024-06-19 13:00:57.495] [info] Trying 22458628 possible contractions
[2024-06-19 13:00:57.495] [info] [0/22458628] Starting contraction of size 1
[2024-06-19 13:00:58.116] [info] All colors passed! Contracted: 18
[2024-06-19 13:00:58.117] [info] Graph is C-reducible!
