[2023-11-28 23:33:17.585] [info] Kempe type: Toroidal
[2023-11-28 23:33:17.598] [info] Vertex size: 39, Edge size: 66, Ring size: 15
[2023-11-28 23:33:30.893] [info] Started D-reducibility check
[2023-11-28 23:33:30.926] [info] #1: Feasible / Total: 66194 / 597871
[2023-11-29 00:14:26.894] [info] #2: Feasible / Total: 98349 / 597871
[2023-11-29 00:33:15.930] [info] #3: Feasible / Total: 120976 / 597871
[2023-11-29 00:51:06.361] [info] #4: Feasible / Total: 143446 / 597871
[2023-11-29 01:09:04.618] [info] #5: Feasible / Total: 167368 / 597871
[2023-11-29 01:30:24.861] [info] #6: Feasible / Total: 192463 / 597871
[2023-11-29 02:04:08.563] [info] #7: Feasible / Total: 227616 / 597871
[2023-11-29 02:53:13.401] [info] #8: Feasible / Total: 301110 / 597871
[2023-11-29 03:40:47.263] [info] #9: Feasible / Total: 452312 / 597871
[2023-11-29 03:55:02.615] [info] #10: Feasible / Total: 545692 / 597871
[2023-11-29 03:55:26.090] [info] #11: Feasible / Total: 547003 / 597871
[2023-11-29 03:55:29.035] [info] #11: Feasible / Total: 547003 / 597871
[2023-11-29 03:55:29.035] [info] Graph is not D-reducible.
[2023-11-29 03:55:29.369] [info] Started C-reducibility check
[2023-11-29 07:22:03.942] [info] Trying 102268964 possible contractions
[2023-11-29 07:22:03.962] [info] [0/102268964] Starting contraction of size 1
[2023-11-29 07:23:17.003] [info] All colors passed! Contracted: 50
[2023-11-29 07:23:17.003] [info] Graph is C-reducible!
