[2024-03-04 17:36:01.344] [info] Kempe type: Toroidal
[2024-03-04 17:36:01.344] [info] Vertex size: 38, Edge size: 64, Ring size: 14
[2024-03-04 17:36:02.835] [info] Started D-reducibility check
[2024-03-04 17:36:02.835] [info] #1: Feasible / Total: 36069 / 199291
[2024-03-04 17:38:42.356] [info] #2: Feasible / Total: 57733 / 199291
[2024-03-04 17:39:49.818] [info] #3: Feasible / Total: 75277 / 199291
[2024-03-04 17:40:54.372] [info] #4: Feasible / Total: 92250 / 199291
[2024-03-04 17:41:41.224] [info] #5: Feasible / Total: 110116 / 199291
[2024-03-04 17:41:58.014] [info] #6: Feasible / Total: 121513 / 199291
[2024-03-04 17:41:59.249] [info] #7: Feasible / Total: 121861 / 199291
[2024-03-04 17:42:00.020] [info] #7: Feasible / Total: 121861 / 199291
[2024-03-04 17:42:00.020] [info] Graph is not D-reducible.
[2024-03-04 17:42:00.045] [info] Started C-reducibility check
[2024-03-04 17:43:41.357] [info] Trying 81889262 possible contractions
[2024-03-04 17:43:41.357] [info] [0/81889262] Starting contraction of size 1
[2024-03-04 17:44:39.246] [info] [50/81889262] Starting contraction of size 2
[2024-03-04 18:03:02.737] [info] [1189/81889262] Starting contraction of size 3
[2024-03-04 21:30:32.179] [info] [16882/81889262] Starting contraction of size 4
[2024-03-04 22:51:35.634] [info] All colors passed! Contracted: 22, 35, 42, 44
[2024-03-04 22:51:35.634] [info] Graph is C-reducible!
