[2024-03-21 23:27:49.163] [info] Kempe type: Toroidal
[2024-03-21 23:27:49.163] [info] Vertex size: 34, Edge size: 58, Ring size: 14
[2024-03-21 23:27:50.606] [info] Started D-reducibility check
[2024-03-21 23:27:50.615] [info] #1: Feasible / Total: 26422 / 199291
[2024-03-21 23:31:38.600] [info] #2: Feasible / Total: 36330 / 199291
[2024-03-21 23:32:47.189] [info] #3: Feasible / Total: 43539 / 199291
[2024-03-21 23:33:45.999] [info] #4: Feasible / Total: 50794 / 199291
[2024-03-21 23:34:42.346] [info] #5: Feasible / Total: 59521 / 199291
[2024-03-21 23:36:03.615] [info] #6: Feasible / Total: 69900 / 199291
[2024-03-21 23:37:58.802] [info] #7: Feasible / Total: 85737 / 199291
[2024-03-21 23:40:28.700] [info] #8: Feasible / Total: 110123 / 199291
[2024-03-21 23:42:37.297] [info] #9: Feasible / Total: 139600 / 199291
[2024-03-21 23:43:38.559] [info] #10: Feasible / Total: 166260 / 199291
[2024-03-21 23:43:42.736] [info] #11: Feasible / Total: 169240 / 199291
[2024-03-21 23:43:43.276] [info] #11: Feasible / Total: 169240 / 199291
[2024-03-21 23:43:43.286] [info] Graph is not D-reducible.
[2024-03-21 23:43:43.334] [info] Started C-reducibility check
[2024-03-21 23:44:40.805] [info] Trying 22301024 possible contractions
[2024-03-21 23:44:40.806] [info] [0/22301024] Starting contraction of size 1
[2024-03-21 23:44:46.559] [info] All colors passed! Contracted: 47
[2024-03-21 23:44:46.560] [info] Graph is C-reducible!
