[2025-02-22 10:33:33.471] [info] Kempe type: Toroidal
[2025-02-22 10:33:33.471] [info] Vertex size: 25, Edge size: 43, Ring size: 11
[2025-02-22 10:33:33.492] [info] Started D-reducibility check
[2025-02-22 10:33:33.492] [info] #1: Feasible / Total: 1442 / 7381
[2025-02-22 10:33:33.848] [info] #2: Feasible / Total: 2161 / 7381
[2025-02-22 10:33:33.988] [info] #3: Feasible / Total: 2564 / 7381
[2025-02-22 10:33:34.117] [info] #4: Feasible / Total: 3081 / 7381
[2025-02-22 10:33:34.310] [info] #5: Feasible / Total: 4001 / 7381
[2025-02-22 10:33:34.456] [info] #6: Feasible / Total: 5298 / 7381
[2025-02-22 10:33:34.531] [info] #7: Feasible / Total: 5909 / 7381
[2025-02-22 10:33:34.551] [info] #8: Feasible / Total: 5989 / 7381
[2025-02-22 10:33:34.555] [info] #9: Feasible / Total: 5990 / 7381
[2025-02-22 10:33:34.559] [info] #9: Feasible / Total: 5990 / 7381
[2025-02-22 10:33:34.559] [info] Graph is not D-reducible.
[2025-02-22 10:33:34.560] [info] Started C-reducibility check
[2025-02-22 10:33:34.668] [info] Trying 80752 possible contractions
[2025-02-22 10:33:34.668] [info] [0/80752] Starting contraction of size 1
[2025-02-22 10:33:35.202] [info] [32/80752] Starting contraction of size 2
[2025-02-22 10:33:41.552] [info] [475/80752] Starting contraction of size 3
[2025-02-22 10:33:57.950] [info] All colors passed! Contracted: 14, 26, 40
[2025-02-22 10:33:57.950] [info] Graph is C-reducible!
