[2023-11-16 13:19:33.148] [info] Kempe type: Toroidal
[2023-11-16 13:19:33.148] [info] Vertex size: 27, Edge size: 46, Ring size: 11
[2023-11-16 13:19:33.571] [info] Started D-reducibility check
[2023-11-16 13:19:33.571] [info] #1: Feasible / Total: 1831 / 7381
[2023-11-16 13:19:37.583] [info] #2: Feasible / Total: 2253 / 7381
[2023-11-16 13:19:38.770] [info] #3: Feasible / Total: 2512 / 7381
[2023-11-16 13:19:39.517] [info] #4: Feasible / Total: 2675 / 7381
[2023-11-16 13:19:40.039] [info] #5: Feasible / Total: 2816 / 7381
[2023-11-16 13:19:40.482] [info] #6: Feasible / Total: 2921 / 7381
[2023-11-16 13:19:41.096] [info] #7: Feasible / Total: 3057 / 7381
[2023-11-16 13:19:42.110] [info] #8: Feasible / Total: 3438 / 7381
[2023-11-16 13:19:42.899] [info] #9: Feasible / Total: 3865 / 7381
[2023-11-16 13:19:43.253] [info] #10: Feasible / Total: 4069 / 7381
[2023-11-16 13:19:43.427] [info] #11: Feasible / Total: 4089 / 7381
[2023-11-16 13:19:43.555] [info] #11: Feasible / Total: 4089 / 7381
[2023-11-16 13:19:43.555] [info] Graph is not D-reducible.
[2023-11-16 13:19:43.556] [info] Started C-reducibility check
[2023-11-16 13:20:14.489] [info] Trying 1895123 possible contractions
[2023-11-16 13:20:14.490] [info] [0/1895123] Starting contraction of size 1
[2023-11-16 13:20:15.027] [info] All colors passed! Contracted: 23
[2023-11-16 13:20:15.027] [info] Graph is C-reducible!
