[2024-08-08 15:28:57.828] [info] Kempe type: Toroidal
[2024-08-08 15:28:57.828] [info] Vertex size: 34, Edge size: 58, Ring size: 14
[2024-08-08 15:28:59.871] [info] Started D-reducibility check
[2024-08-08 15:28:59.874] [info] #1: Feasible / Total: 24402 / 199291
[2024-08-08 15:32:04.255] [info] #2: Feasible / Total: 35783 / 199291
[2024-08-08 15:33:39.091] [info] #3: Feasible / Total: 45124 / 199291
[2024-08-08 15:34:46.058] [info] #4: Feasible / Total: 54636 / 199291
[2024-08-08 15:35:51.165] [info] #5: Feasible / Total: 66919 / 199291
[2024-08-08 15:37:03.575] [info] #6: Feasible / Total: 83920 / 199291
[2024-08-08 15:38:13.804] [info] #7: Feasible / Total: 105971 / 199291
[2024-08-08 15:39:07.805] [info] #8: Feasible / Total: 125323 / 199291
[2024-08-08 15:39:25.726] [info] #9: Feasible / Total: 133297 / 199291
[2024-08-08 15:39:28.130] [info] #10: Feasible / Total: 134710 / 199291
[2024-08-08 15:39:29.121] [info] #11: Feasible / Total: 134738 / 199291
[2024-08-08 15:39:29.808] [info] #11: Feasible / Total: 134738 / 199291
[2024-08-08 15:39:29.809] [info] Graph is not D-reducible.
[2024-08-08 15:39:29.831] [info] Started C-reducibility check
[2024-08-08 15:40:09.291] [info] Trying 22230689 possible contractions
[2024-08-08 15:40:09.292] [info] [0/22230689] Starting contraction of size 1
[2024-08-08 15:40:10.103] [info] All colors passed! Contracted: 21
[2024-08-08 15:40:10.103] [info] Graph is C-reducible!
