[2024-07-10 12:31:41.096] [info] Kempe type: Toroidal
[2024-07-10 12:31:41.096] [info] Vertex size: 36, Edge size: 61, Ring size: 14
[2024-07-10 12:31:42.507] [info] Started D-reducibility check
[2024-07-10 12:31:42.507] [info] #1: Feasible / Total: 28837 / 199291
[2024-07-10 12:34:28.344] [info] #2: Feasible / Total: 52674 / 199291
[2024-07-10 12:36:50.812] [info] #3: Feasible / Total: 86047 / 199291
[2024-07-10 12:38:34.704] [info] #4: Feasible / Total: 129678 / 199291
[2024-07-10 12:39:05.691] [info] #5: Feasible / Total: 143583 / 199291
[2024-07-10 12:39:13.181] [info] #6: Feasible / Total: 145473 / 199291
[2024-07-10 12:39:22.629] [info] #7: Feasible / Total: 148518 / 199291
[2024-07-10 12:39:37.301] [info] #8: Feasible / Total: 154742 / 199291
[2024-07-10 12:39:58.702] [info] #9: Feasible / Total: 169063 / 199291
[2024-07-10 12:39:59.924] [info] #10: Feasible / Total: 170317 / 199291
[2024-07-10 12:40:00.226] [info] #10: Feasible / Total: 170317 / 199291
[2024-07-10 12:40:00.226] [info] Graph is not D-reducible.
[2024-07-10 12:40:00.255] [info] Started C-reducibility check
[2024-07-10 12:41:17.870] [info] Trying 43723124 possible contractions
[2024-07-10 12:41:17.870] [info] [0/43723124] Starting contraction of size 1
[2024-07-10 12:41:20.281] [info] All colors passed! Contracted: 50
[2024-07-10 12:41:20.281] [info] Graph is C-reducible!
