[2024-06-04 15:26:18.725] [info] Kempe type: Toroidal
[2024-06-04 15:26:18.725] [info] Vertex size: 31, Edge size: 53, Ring size: 13
[2024-06-04 15:26:18.961] [info] Started D-reducibility check
[2024-06-04 15:26:18.961] [info] #1: Feasible / Total: 9653 / 66430
[2024-06-04 15:26:31.338] [info] #2: Feasible / Total: 13516 / 66430
[2024-06-04 15:26:36.039] [info] #3: Feasible / Total: 15523 / 66430
[2024-06-04 15:26:39.998] [info] #4: Feasible / Total: 17560 / 66430
[2024-06-04 15:26:43.773] [info] #5: Feasible / Total: 19536 / 66430
[2024-06-04 15:26:46.926] [info] #6: Feasible / Total: 21518 / 66430
[2024-06-04 15:26:49.501] [info] #7: Feasible / Total: 23201 / 66430
[2024-06-04 15:26:51.845] [info] #8: Feasible / Total: 24603 / 66430
[2024-06-04 15:26:53.817] [info] #9: Feasible / Total: 25859 / 66430
[2024-06-04 15:26:55.433] [info] #10: Feasible / Total: 26895 / 66430
[2024-06-04 15:26:56.591] [info] #11: Feasible / Total: 27795 / 66430
[2024-06-04 15:26:57.163] [info] #12: Feasible / Total: 28234 / 66430
[2024-06-04 15:26:57.572] [info] #13: Feasible / Total: 28412 / 66430
[2024-06-04 15:26:57.873] [info] #14: Feasible / Total: 28467 / 66430
[2024-06-04 15:26:58.143] [info] #15: Feasible / Total: 28493 / 66430
[2024-06-04 15:26:58.394] [info] #16: Feasible / Total: 28497 / 66430
[2024-06-04 15:26:58.642] [info] #17: Feasible / Total: 28499 / 66430
[2024-06-04 15:26:58.888] [info] #17: Feasible / Total: 28499 / 66430
[2024-06-04 15:26:58.888] [info] Graph is not D-reducible.
[2024-06-04 15:26:58.894] [info] Started C-reducibility check
[2024-06-04 15:27:09.160] [info] Trying 8128267 possible contractions
[2024-06-04 15:27:09.160] [info] [0/8128267] Starting contraction of size 1
[2024-06-04 15:27:16.123] [info] [40/8128267] Starting contraction of size 2
[2024-06-04 15:28:59.266] [info] [753/8128267] Starting contraction of size 3
[2024-06-04 15:44:19.172] [info] [8254/8128267] Starting contraction of size 4
[2024-06-04 16:26:10.012] [info] All colors passed! Contracted: 20, 39, 43, 47
[2024-06-04 16:26:10.012] [info] Graph is C-reducible!
