[2024-04-16 18:56:22.915] [info] Kempe type: Toroidal
[2024-04-16 18:56:22.915] [info] Vertex size: 37, Edge size: 63, Ring size: 15
[2024-04-16 18:56:24.805] [info] Started D-reducibility check
[2024-04-16 18:56:24.805] [info] #1: Feasible / Total: 58061 / 597871
[2024-04-16 19:05:01.813] [info] #2: Feasible / Total: 91562 / 597871
[2024-04-16 19:10:32.791] [info] #3: Feasible / Total: 114649 / 597871
[2024-04-16 19:15:30.991] [info] #4: Feasible / Total: 138641 / 597871
[2024-04-16 19:19:54.755] [info] #5: Feasible / Total: 163967 / 597871
[2024-04-16 19:24:10.438] [info] #6: Feasible / Total: 189797 / 597871
[2024-04-16 19:28:31.299] [info] #7: Feasible / Total: 220122 / 597871
[2024-04-16 19:32:36.232] [info] #8: Feasible / Total: 255286 / 597871
[2024-04-16 19:36:12.181] [info] #9: Feasible / Total: 292172 / 597871
[2024-04-16 19:38:52.491] [info] #10: Feasible / Total: 320696 / 597871
[2024-04-16 19:40:36.370] [info] #11: Feasible / Total: 343750 / 597871
[2024-04-16 19:41:30.436] [info] #12: Feasible / Total: 354657 / 597871
[2024-04-16 19:41:45.673] [info] #13: Feasible / Total: 356694 / 597871
[2024-04-16 19:41:50.898] [info] #14: Feasible / Total: 356990 / 597871
[2024-04-16 19:41:54.100] [info] #15: Feasible / Total: 356993 / 597871
[2024-04-16 19:41:57.234] [info] #15: Feasible / Total: 356993 / 597871
[2024-04-16 19:41:57.234] [info] Graph is not D-reducible.
[2024-04-16 19:41:57.309] [info] Started C-reducibility check
[2024-04-16 19:43:28.959] [info] Trying 55647549 possible contractions
[2024-04-16 19:43:28.959] [info] [0/55647549] Starting contraction of size 1
[2024-04-16 19:43:43.656] [info] All colors passed! Contracted: 15
[2024-04-16 19:43:43.656] [info] Graph is C-reducible!
