[2023-11-16 13:18:54.412] [info] Kempe type: Toroidal
[2023-11-16 13:18:54.412] [info] Vertex size: 31, Edge size: 53, Ring size: 13
[2023-11-16 13:18:55.644] [info] Started D-reducibility check
[2023-11-16 13:18:55.645] [info] #1: Feasible / Total: 9090 / 66430
[2023-11-16 13:20:42.200] [info] #2: Feasible / Total: 15059 / 66430
[2023-11-16 13:21:16.599] [info] #3: Feasible / Total: 17482 / 66430
[2023-11-16 13:21:36.034] [info] #4: Feasible / Total: 19189 / 66430
[2023-11-16 13:21:46.178] [info] #5: Feasible / Total: 20103 / 66430
[2023-11-16 13:21:54.508] [info] #6: Feasible / Total: 20676 / 66430
[2023-11-16 13:22:01.586] [info] #7: Feasible / Total: 21260 / 66430
[2023-11-16 13:22:07.424] [info] #8: Feasible / Total: 21716 / 66430
[2023-11-16 13:22:12.524] [info] #9: Feasible / Total: 22234 / 66430
[2023-11-16 13:22:17.987] [info] #10: Feasible / Total: 22746 / 66430
[2023-11-16 13:22:21.330] [info] #11: Feasible / Total: 23112 / 66430
[2023-11-16 13:22:24.129] [info] #12: Feasible / Total: 23411 / 66430
[2023-11-16 13:22:26.895] [info] #13: Feasible / Total: 23591 / 66430
[2023-11-16 13:22:29.594] [info] #14: Feasible / Total: 23701 / 66430
[2023-11-16 13:22:32.221] [info] #15: Feasible / Total: 23817 / 66430
[2023-11-16 13:22:36.534] [info] #16: Feasible / Total: 24046 / 66430
[2023-11-16 13:22:43.517] [info] #17: Feasible / Total: 24545 / 66430
[2023-11-16 13:22:51.546] [info] #18: Feasible / Total: 25273 / 66430
[2023-11-16 13:22:59.596] [info] #19: Feasible / Total: 26111 / 66430
[2023-11-16 13:23:09.670] [info] #20: Feasible / Total: 27588 / 66430
[2023-11-16 13:23:18.180] [info] #21: Feasible / Total: 29266 / 66430
[2023-11-16 13:23:24.285] [info] #22: Feasible / Total: 30468 / 66430
[2023-11-16 13:23:27.954] [info] #23: Feasible / Total: 31404 / 66430
[2023-11-16 13:23:29.853] [info] #24: Feasible / Total: 31744 / 66430
[2023-11-16 13:23:31.115] [info] #25: Feasible / Total: 31746 / 66430
[2023-11-16 13:23:32.364] [info] #25: Feasible / Total: 31746 / 66430
[2023-11-16 13:23:32.364] [info] Graph is not D-reducible.
[2023-11-16 13:23:32.410] [info] Started C-reducibility check
[2023-11-16 13:25:48.928] [info] Trying 8161320 possible contractions
[2023-11-16 13:25:48.928] [info] [0/8161320] Starting contraction of size 1
[2023-11-16 13:26:25.294] [info] [40/8161320] Starting contraction of size 2
[2023-11-16 13:35:24.993] [info] [753/8161320] Starting contraction of size 3
[2023-11-16 14:06:06.953] [info] All colors passed! Contracted: 26, 50, 51
[2023-11-16 14:06:06.953] [info] Graph is C-reducible!
