[2023-11-16 15:21:25.409] [info] Kempe type: Toroidal
[2023-11-16 15:21:25.409] [info] Vertex size: 32, Edge size: 55, Ring size: 14
[2023-11-16 15:21:29.038] [info] Started D-reducibility check
[2023-11-16 15:21:29.038] [info] #1: Feasible / Total: 22533 / 199291
[2023-11-16 15:38:28.004] [info] #2: Feasible / Total: 34571 / 199291
[2023-11-16 15:42:23.278] [info] #3: Feasible / Total: 39696 / 199291
[2023-11-16 15:45:14.198] [info] #4: Feasible / Total: 43809 / 199291
[2023-11-16 15:47:26.707] [info] #5: Feasible / Total: 47444 / 199291
[2023-11-16 15:49:28.082] [info] #6: Feasible / Total: 51053 / 199291
[2023-11-16 15:52:01.424] [info] #7: Feasible / Total: 55135 / 199291
[2023-11-16 15:55:05.351] [info] #8: Feasible / Total: 60351 / 199291
[2023-11-16 15:58:49.028] [info] #9: Feasible / Total: 67063 / 199291
[2023-11-16 16:04:41.598] [info] #10: Feasible / Total: 76539 / 199291
[2023-11-16 16:12:40.198] [info] #11: Feasible / Total: 93963 / 199291
[2023-11-16 16:21:18.628] [info] #12: Feasible / Total: 123021 / 199291
[2023-11-16 16:25:32.378] [info] #13: Feasible / Total: 147670 / 199291
[2023-11-16 16:26:10.987] [info] #14: Feasible / Total: 151924 / 199291
[2023-11-16 16:26:17.730] [info] #15: Feasible / Total: 152239 / 199291
[2023-11-16 16:26:20.782] [info] #16: Feasible / Total: 152257 / 199291
[2023-11-16 16:26:23.668] [info] #16: Feasible / Total: 152257 / 199291
[2023-11-16 16:26:23.674] [info] Graph is not D-reducible.
[2023-11-16 16:26:23.806] [info] Started C-reducibility check
[2023-11-16 16:30:44.284] [info] Trying 10826070 possible contractions
[2023-11-16 16:30:44.290] [info] [0/10826070] Starting contraction of size 1
[2023-11-16 16:31:10.118] [info] All colors passed! Contracted: 45
[2023-11-16 16:31:10.134] [info] Graph is C-reducible!
