[2024-04-15 20:34:26.445] [info] Kempe type: Toroidal
[2024-04-15 20:34:26.445] [info] Vertex size: 31, Edge size: 53, Ring size: 13
[2024-04-15 20:34:26.626] [info] Started D-reducibility check
[2024-04-15 20:34:26.627] [info] #1: Feasible / Total: 8692 / 66430
[2024-04-15 20:34:37.226] [info] #2: Feasible / Total: 12208 / 66430
[2024-04-15 20:34:43.804] [info] #3: Feasible / Total: 14930 / 66430
[2024-04-15 20:34:50.458] [info] #4: Feasible / Total: 17828 / 66430
[2024-04-15 20:34:55.464] [info] #5: Feasible / Total: 20274 / 66430
[2024-04-15 20:34:58.930] [info] #6: Feasible / Total: 22174 / 66430
[2024-04-15 20:35:01.964] [info] #7: Feasible / Total: 23496 / 66430
[2024-04-15 20:35:04.853] [info] #8: Feasible / Total: 24740 / 66430
[2024-04-15 20:35:08.873] [info] #9: Feasible / Total: 26350 / 66430
[2024-04-15 20:35:14.381] [info] #10: Feasible / Total: 29284 / 66430
[2024-04-15 20:35:20.541] [info] #11: Feasible / Total: 33760 / 66430
[2024-04-15 20:35:27.004] [info] #12: Feasible / Total: 39033 / 66430
[2024-04-15 20:35:32.233] [info] #13: Feasible / Total: 44662 / 66430
[2024-04-15 20:35:33.945] [info] #14: Feasible / Total: 49129 / 66430
[2024-04-15 20:35:34.116] [info] #15: Feasible / Total: 49270 / 66430
[2024-04-15 20:35:34.243] [info] #15: Feasible / Total: 49270 / 66430
[2024-04-15 20:35:34.243] [info] Graph is not D-reducible.
[2024-04-15 20:35:34.251] [info] Started C-reducibility check
[2024-04-15 20:35:46.290] [info] Trying 8126596 possible contractions
[2024-04-15 20:35:46.290] [info] [0/8126596] Starting contraction of size 1
[2024-04-15 20:35:46.677] [info] All colors passed! Contracted: 30
[2024-04-15 20:35:46.677] [info] Graph is C-reducible!
