[2024-06-13 17:18:33.507] [info] Kempe type: Toroidal
[2024-06-13 17:18:33.507] [info] Vertex size: 32, Edge size: 55, Ring size: 14
[2024-06-13 17:18:34.975] [info] Started D-reducibility check
[2024-06-13 17:18:34.975] [info] #1: Feasible / Total: 20677 / 199291
[2024-06-13 17:21:23.304] [info] #2: Feasible / Total: 31169 / 199291
[2024-06-13 17:22:44.444] [info] #3: Feasible / Total: 36896 / 199291
[2024-06-13 17:23:16.566] [info] #4: Feasible / Total: 40029 / 199291
[2024-06-13 17:23:30.196] [info] #5: Feasible / Total: 42104 / 199291
[2024-06-13 17:23:43.605] [info] #6: Feasible / Total: 44015 / 199291
[2024-06-13 17:24:03.589] [info] #7: Feasible / Total: 45797 / 199291
[2024-06-13 17:24:21.893] [info] #8: Feasible / Total: 47700 / 199291
[2024-06-13 17:24:37.896] [info] #9: Feasible / Total: 49878 / 199291
[2024-06-13 17:25:00.026] [info] #10: Feasible / Total: 52321 / 199291
[2024-06-13 17:25:19.260] [info] #11: Feasible / Total: 54759 / 199291
[2024-06-13 17:25:33.489] [info] #12: Feasible / Total: 57387 / 199291
[2024-06-13 17:25:47.302] [info] #13: Feasible / Total: 60395 / 199291
[2024-06-13 17:26:03.669] [info] #14: Feasible / Total: 63699 / 199291
[2024-06-13 17:26:25.741] [info] #15: Feasible / Total: 67398 / 199291
[2024-06-13 17:26:51.899] [info] #16: Feasible / Total: 72682 / 199291
[2024-06-13 17:27:29.827] [info] #17: Feasible / Total: 79745 / 199291
[2024-06-13 17:28:14.770] [info] #18: Feasible / Total: 87247 / 199291
[2024-06-13 17:28:39.565] [info] #19: Feasible / Total: 93090 / 199291
[2024-06-13 17:28:50.594] [info] #20: Feasible / Total: 95287 / 199291
[2024-06-13 17:28:54.937] [info] #21: Feasible / Total: 96129 / 199291
[2024-06-13 17:28:57.690] [info] #22: Feasible / Total: 96458 / 199291
[2024-06-13 17:28:59.905] [info] #23: Feasible / Total: 96841 / 199291
[2024-06-13 17:29:03.471] [info] #24: Feasible / Total: 97187 / 199291
[2024-06-13 17:29:07.578] [info] #25: Feasible / Total: 97605 / 199291
[2024-06-13 17:29:14.124] [info] #26: Feasible / Total: 98546 / 199291
[2024-06-13 17:29:20.870] [info] #27: Feasible / Total: 99829 / 199291
[2024-06-13 17:29:27.170] [info] #28: Feasible / Total: 101433 / 199291
[2024-06-13 17:29:34.464] [info] #29: Feasible / Total: 102834 / 199291
[2024-06-13 17:29:37.399] [info] #30: Feasible / Total: 103161 / 199291
[2024-06-13 17:29:38.897] [info] #31: Feasible / Total: 103218 / 199291
[2024-06-13 17:29:40.080] [info] #32: Feasible / Total: 103230 / 199291
[2024-06-13 17:29:41.139] [info] #33: Feasible / Total: 103232 / 199291
[2024-06-13 17:29:42.211] [info] #33: Feasible / Total: 103232 / 199291
[2024-06-13 17:29:42.211] [info] Graph is not D-reducible.
[2024-06-13 17:29:42.234] [info] Started C-reducibility check
[2024-06-13 17:30:01.034] [info] Trying 10870205 possible contractions
[2024-06-13 17:30:01.034] [info] [0/10870205] Starting contraction of size 1
[2024-06-13 17:30:39.401] [info] [41/10870205] Starting contraction of size 2
[2024-06-13 17:40:09.274] [info] [793/10870205] Starting contraction of size 3
[2024-06-13 18:02:18.681] [info] All colors passed! Contracted: 18, 23, 51
[2024-06-13 18:02:18.681] [info] Graph is C-reducible!
