[2024-10-19 11:31:28.211] [info] Kempe type: Toroidal
[2024-10-19 11:31:28.211] [info] Vertex size: 33, Edge size: 56, Ring size: 13
[2024-10-19 11:31:30.027] [info] Started D-reducibility check
[2024-10-19 11:31:30.027] [info] #1: Feasible / Total: 11153 / 66430
[2024-10-19 11:33:41.421] [info] #2: Feasible / Total: 14816 / 66430
[2024-10-19 11:34:29.415] [info] #3: Feasible / Total: 17713 / 66430
[2024-10-19 11:35:25.168] [info] #4: Feasible / Total: 21445 / 66430
[2024-10-19 11:36:48.535] [info] #5: Feasible / Total: 28471 / 66430
[2024-10-19 11:38:33.795] [info] #6: Feasible / Total: 39194 / 66430
[2024-10-19 11:39:32.854] [info] #7: Feasible / Total: 48614 / 66430
[2024-10-19 11:39:50.739] [info] #8: Feasible / Total: 51758 / 66430
[2024-10-19 11:39:52.654] [info] #9: Feasible / Total: 51888 / 66430
[2024-10-19 11:39:53.302] [info] #9: Feasible / Total: 51888 / 66430
[2024-10-19 11:39:53.302] [info] Graph is not D-reducible.
[2024-10-19 11:39:53.375] [info] Started C-reducibility check
[2024-10-19 11:40:16.059] [info] Trying 2022425 possible contractions
[2024-10-19 11:40:16.059] [info] [0/2022425] Starting contraction of size 1
[2024-10-19 11:41:30.294] [info] [43/2022425] Starting contraction of size 2
[2024-10-19 12:01:41.257] [info] [873/2022425] Starting contraction of size 3
[2024-10-19 15:27:04.161] [info] [10404/2022425] Starting contraction of size 4
[2024-10-19 19:25:32.570] [info] All colors passed! Contracted: 25, 31, 33, 53
[2024-10-19 19:25:32.576] [info] Graph is C-reducible!
