[2023-11-21 15:24:12.689] [info] Kempe type: Toroidal
[2023-11-21 15:24:12.689] [info] Vertex size: 34, Edge size: 58, Ring size: 14
[2023-11-21 15:24:14.339] [info] Started D-reducibility check
[2023-11-21 15:24:14.342] [info] #1: Feasible / Total: 25901 / 199291
[2023-11-21 15:59:10.249] [info] #2: Feasible / Total: 35754 / 199291
[2023-11-21 16:10:09.094] [info] #3: Feasible / Total: 42269 / 199291
[2023-11-21 16:22:23.036] [info] #4: Feasible / Total: 49178 / 199291
[2023-11-21 16:35:42.158] [info] #5: Feasible / Total: 60083 / 199291
[2023-11-21 16:55:57.347] [info] #6: Feasible / Total: 80139 / 199291
[2023-11-21 17:16:10.743] [info] #7: Feasible / Total: 112460 / 199291
[2023-11-21 17:32:17.176] [info] #8: Feasible / Total: 141148 / 199291
[2023-11-21 17:35:36.050] [info] #9: Feasible / Total: 148009 / 199291
[2023-11-21 17:36:05.732] [info] #10: Feasible / Total: 148486 / 199291
[2023-11-21 17:36:19.492] [info] #11: Feasible / Total: 148490 / 199291
[2023-11-21 17:36:32.518] [info] #11: Feasible / Total: 148490 / 199291
[2023-11-21 17:36:32.531] [info] Graph is not D-reducible.
[2023-11-21 17:36:33.045] [info] Started C-reducibility check
[2023-11-21 18:21:48.837] [info] Trying 22309565 possible contractions
[2023-11-21 18:21:48.890] [info] [0/22309565] Starting contraction of size 1
[2023-11-21 18:22:33.634] [info] All colors passed! Contracted: 45
[2023-11-21 18:22:33.639] [info] Graph is C-reducible!
