[2023-11-16 13:46:30.420] [info] Kempe type: Toroidal
[2023-11-16 13:46:30.420] [info] Vertex size: 35, Edge size: 59, Ring size: 13
[2023-11-16 13:46:40.188] [info] Started D-reducibility check
[2023-11-16 13:46:40.188] [info] #1: Feasible / Total: 13267 / 66430
[2023-11-16 13:49:33.963] [info] #2: Feasible / Total: 22955 / 66430
[2023-11-16 13:50:20.196] [info] #3: Feasible / Total: 28633 / 66430
[2023-11-16 13:50:41.848] [info] #4: Feasible / Total: 31275 / 66430
[2023-11-16 13:51:06.350] [info] #5: Feasible / Total: 33565 / 66430
[2023-11-16 13:51:31.381] [info] #6: Feasible / Total: 36920 / 66430
[2023-11-16 13:51:47.733] [info] #7: Feasible / Total: 39531 / 66430
[2023-11-16 13:51:53.274] [info] #8: Feasible / Total: 40119 / 66430
[2023-11-16 13:52:04.765] [info] #9: Feasible / Total: 41377 / 66430
[2023-11-16 13:52:27.888] [info] #10: Feasible / Total: 45727 / 66430
[2023-11-16 13:52:41.739] [info] #11: Feasible / Total: 47986 / 66430
[2023-11-16 13:52:44.931] [info] #12: Feasible / Total: 48254 / 66430
[2023-11-16 13:52:45.681] [info] #13: Feasible / Total: 48258 / 66430
[2023-11-16 13:52:46.426] [info] #13: Feasible / Total: 48258 / 66430
[2023-11-16 13:52:46.426] [info] Graph is not D-reducible.
[2023-11-16 13:52:46.476] [info] Started C-reducibility check
[2023-11-16 14:19:38.829] [info] Trying 34182025 possible contractions
[2023-11-16 14:19:38.829] [info] [0/34182025] Starting contraction of size 1
[2023-11-16 14:20:10.916] [info] All colors passed! Contracted: 43
[2023-11-16 14:20:10.916] [info] Graph is C-reducible!
