[2023-12-05 15:26:00.442] [info] Kempe type: Toroidal
[2023-12-05 15:26:00.442] [info] Vertex size: 34, Edge size: 58, Ring size: 14
[2023-12-05 15:26:14.655] [info] Started D-reducibility check
[2023-12-05 15:26:14.656] [info] #1: Feasible / Total: 24558 / 199291
[2023-12-05 15:52:09.997] [info] #2: Feasible / Total: 37704 / 199291
[2023-12-05 16:03:20.151] [info] #3: Feasible / Total: 44856 / 199291
[2023-12-05 16:12:09.542] [info] #4: Feasible / Total: 50764 / 199291
[2023-12-05 16:21:56.819] [info] #5: Feasible / Total: 57050 / 199291
[2023-12-05 16:33:55.517] [info] #6: Feasible / Total: 65325 / 199291
[2023-12-05 16:49:17.770] [info] #7: Feasible / Total: 77827 / 199291
[2023-12-05 17:06:28.543] [info] #8: Feasible / Total: 96252 / 199291
[2023-12-05 17:21:17.243] [info] #9: Feasible / Total: 115205 / 199291
[2023-12-05 17:28:01.591] [info] #10: Feasible / Total: 126272 / 199291
[2023-12-05 17:28:51.952] [info] #11: Feasible / Total: 127512 / 199291
[2023-12-05 17:29:11.979] [info] #12: Feasible / Total: 127518 / 199291
[2023-12-05 17:29:32.821] [info] #12: Feasible / Total: 127518 / 199291
[2023-12-05 17:29:32.821] [info] Graph is not D-reducible.
[2023-12-05 17:29:33.294] [info] Started C-reducibility check
[2023-12-05 18:08:07.987] [info] Trying 92891 possible contractions
[2023-12-05 18:08:07.987] [info] [0/92891] Starting contraction of size 1
[2023-12-05 18:25:41.096] [info] [44/92891] Starting contraction of size 2
[2023-12-05 23:06:13.425] [info] [916/92891] Starting contraction of size 3
[2023-12-07 10:48:54.981] [info] [11238/92891] Starting contraction of size 4
[2023-12-09 12:21:21.877] [info] All colors passed! Contracted: 35, 36, 37, 46
[2023-12-09 12:21:21.877] [info] Graph is C-reducible!
