[2023-11-17 00:34:22.190] [info] Kempe type: Toroidal
[2023-11-17 00:34:22.230] [info] Vertex size: 32, Edge size: 55, Ring size: 14
[2023-11-17 00:34:28.204] [info] Started D-reducibility check
[2023-11-17 00:34:28.218] [info] #1: Feasible / Total: 22653 / 199291
[2023-11-17 01:23:50.810] [info] #2: Feasible / Total: 33705 / 199291
[2023-11-17 01:39:53.809] [info] #3: Feasible / Total: 41271 / 199291
[2023-11-17 01:50:51.672] [info] #4: Feasible / Total: 48886 / 199291
[2023-11-17 02:06:48.218] [info] #5: Feasible / Total: 58946 / 199291
[2023-11-17 02:30:09.308] [info] #6: Feasible / Total: 74229 / 199291
[2023-11-17 02:59:50.955] [info] #7: Feasible / Total: 97885 / 199291
[2023-11-17 03:24:27.891] [info] #8: Feasible / Total: 125577 / 199291
[2023-11-17 03:31:47.253] [info] #9: Feasible / Total: 136398 / 199291
[2023-11-17 03:32:26.855] [info] #10: Feasible / Total: 136778 / 199291
[2023-11-17 03:32:47.660] [info] #11: Feasible / Total: 136784 / 199291
[2023-11-17 03:33:08.993] [info] #11: Feasible / Total: 136784 / 199291
[2023-11-17 03:33:08.993] [info] Graph is not D-reducible.
[2023-11-17 03:33:09.699] [info] Started C-reducibility check
[2023-11-17 03:49:06.367] [info] Trying 10868081 possible contractions
[2023-11-17 03:49:06.386] [info] [0/10868081] Starting contraction of size 1
[2023-11-17 03:49:22.670] [info] All colors passed! Contracted: 47
[2023-11-17 03:49:22.674] [info] Graph is C-reducible!
