[2024-10-19 13:09:49.361] [info] Kempe type: Toroidal
[2024-10-19 13:09:49.361] [info] Vertex size: 36, Edge size: 61, Ring size: 14
[2024-10-19 13:10:00.267] [info] Started D-reducibility check
[2024-10-19 13:10:00.267] [info] #1: Feasible / Total: 27572 / 199291
[2024-10-19 13:23:26.860] [info] #2: Feasible / Total: 41674 / 199291
[2024-10-19 13:29:18.776] [info] #3: Feasible / Total: 51960 / 199291
[2024-10-19 13:35:03.095] [info] #4: Feasible / Total: 61006 / 199291
[2024-10-19 13:41:29.886] [info] #5: Feasible / Total: 72798 / 199291
[2024-10-19 13:48:14.542] [info] #6: Feasible / Total: 89307 / 199291
[2024-10-19 13:52:48.061] [info] #7: Feasible / Total: 104820 / 199291
[2024-10-19 13:55:11.143] [info] #8: Feasible / Total: 113328 / 199291
[2024-10-19 13:56:25.858] [info] #9: Feasible / Total: 116701 / 199291
[2024-10-19 13:56:46.629] [info] #10: Feasible / Total: 117495 / 199291
[2024-10-19 13:57:09.083] [info] #11: Feasible / Total: 118896 / 199291
[2024-10-19 13:57:16.399] [info] #12: Feasible / Total: 118995 / 199291
[2024-10-19 13:57:22.680] [info] #12: Feasible / Total: 118995 / 199291
[2024-10-19 13:57:22.704] [info] Graph is not D-reducible.
[2024-10-19 13:57:22.900] [info] Started C-reducibility check
[2024-10-19 13:58:15.997] [info] Trying 3905499 possible contractions
[2024-10-19 13:58:15.997] [info] [0/3905499] Starting contraction of size 1
[2024-10-19 13:58:30.095] [info] All colors passed! Contracted: 30
[2024-10-19 13:58:30.096] [info] Graph is C-reducible!
