[2023-11-17 00:34:26.655] [info] Kempe type: Toroidal
[2023-11-17 00:34:28.415] [info] Vertex size: 37, Edge size: 63, Ring size: 15
[2023-11-17 00:35:21.627] [info] Started D-reducibility check
[2023-11-17 00:35:21.634] [info] #1: Feasible / Total: 63270 / 597871
[2023-11-17 04:12:27.597] [info] #2: Feasible / Total: 96927 / 597871
[2023-11-17 05:54:28.602] [info] #3: Feasible / Total: 122185 / 597871
[2023-11-17 07:50:34.325] [info] #4: Feasible / Total: 154855 / 597871
[2023-11-17 10:26:56.245] [info] #5: Feasible / Total: 212881 / 597871
[2023-11-17 12:58:22.336] [info] #6: Feasible / Total: 303171 / 597871
[2023-11-17 15:23:25.309] [info] #7: Feasible / Total: 401681 / 597871
[2023-11-17 16:07:29.403] [info] #8: Feasible / Total: 463135 / 597871
[2023-11-17 16:09:32.134] [info] #9: Feasible / Total: 466776 / 597871
[2023-11-17 16:10:09.856] [info] #10: Feasible / Total: 466777 / 597871
[2023-11-17 16:10:46.250] [info] #10: Feasible / Total: 466777 / 597871
[2023-11-17 16:10:46.250] [info] Graph is not D-reducible.
[2023-11-17 16:10:47.904] [info] Started C-reducibility check
[2023-11-17 17:35:45.380] [info] Trying 55509769 possible contractions
[2023-11-17 17:35:45.394] [info] [0/55509769] Starting contraction of size 1
[2023-11-17 17:37:18.896] [info] All colors passed! Contracted: 50
[2023-11-17 17:37:18.931] [info] Graph is C-reducible!
