[2024-04-20 23:40:43.890] [info] Kempe type: Toroidal
[2024-04-20 23:40:43.890] [info] Vertex size: 37, Edge size: 63, Ring size: 15
[2024-04-20 23:40:46.933] [info] Started D-reducibility check
[2024-04-20 23:40:46.933] [info] #1: Feasible / Total: 56489 / 597871
[2024-04-20 23:46:12.554] [info] #2: Feasible / Total: 79227 / 597871
[2024-04-20 23:48:36.762] [info] #3: Feasible / Total: 92620 / 597871
[2024-04-20 23:50:11.797] [info] #4: Feasible / Total: 101066 / 597871
[2024-04-20 23:51:33.210] [info] #5: Feasible / Total: 107363 / 597871
[2024-04-20 23:52:49.038] [info] #6: Feasible / Total: 113276 / 597871
[2024-04-20 23:54:03.979] [info] #7: Feasible / Total: 119527 / 597871
[2024-04-20 23:55:24.077] [info] #8: Feasible / Total: 126758 / 597871
[2024-04-20 23:56:52.766] [info] #9: Feasible / Total: 135257 / 597871
[2024-04-20 23:58:26.874] [info] #10: Feasible / Total: 145347 / 597871
[2024-04-21 00:00:02.598] [info] #11: Feasible / Total: 155923 / 597871
[2024-04-21 00:01:39.930] [info] #12: Feasible / Total: 166362 / 597871
[2024-04-21 00:03:21.075] [info] #13: Feasible / Total: 177250 / 597871
[2024-04-21 00:05:22.661] [info] #14: Feasible / Total: 189987 / 597871
[2024-04-21 00:07:19.726] [info] #15: Feasible / Total: 203759 / 597871
[2024-04-21 00:08:50.282] [info] #16: Feasible / Total: 216867 / 597871
[2024-04-21 00:10:03.996] [info] #17: Feasible / Total: 226677 / 597871
[2024-04-21 00:11:02.060] [info] #18: Feasible / Total: 233086 / 597871
[2024-04-21 00:11:42.261] [info] #19: Feasible / Total: 237831 / 597871
[2024-04-21 00:12:14.720] [info] #20: Feasible / Total: 242021 / 597871
[2024-04-21 00:12:31.849] [info] #21: Feasible / Total: 244318 / 597871
[2024-04-21 00:12:40.560] [info] #22: Feasible / Total: 245051 / 597871
[2024-04-21 00:12:45.957] [info] #23: Feasible / Total: 245168 / 597871
[2024-04-21 00:12:50.731] [info] #24: Feasible / Total: 245188 / 597871
[2024-04-21 00:12:55.562] [info] #25: Feasible / Total: 245206 / 597871
[2024-04-21 00:13:00.415] [info] #26: Feasible / Total: 245218 / 597871
[2024-04-21 00:13:05.135] [info] #27: Feasible / Total: 245220 / 597871
[2024-04-21 00:13:09.876] [info] #27: Feasible / Total: 245220 / 597871
[2024-04-21 00:13:09.876] [info] Graph is not D-reducible.
[2024-04-21 00:13:09.957] [info] Started C-reducibility check
[2024-04-21 00:14:43.511] [info] Trying 55495421 possible contractions
[2024-04-21 00:14:43.511] [info] [0/55495421] Starting contraction of size 1
[2024-04-21 00:16:01.561] [info] All colors passed! Contracted: 25
[2024-04-21 00:16:01.561] [info] Graph is C-reducible!
