[2023-11-28 23:33:13.576] [info] Kempe type: Toroidal
[2023-11-28 23:33:13.583] [info] Vertex size: 37, Edge size: 63, Ring size: 15
[2023-11-28 23:33:23.307] [info] Started D-reducibility check
[2023-11-28 23:33:23.334] [info] #1: Feasible / Total: 63749 / 597871
[2023-11-29 00:00:42.358] [info] #2: Feasible / Total: 79689 / 597871
[2023-11-29 00:10:12.910] [info] #3: Feasible / Total: 86455 / 597871
[2023-11-29 00:15:13.594] [info] #4: Feasible / Total: 90549 / 597871
[2023-11-29 00:18:52.660] [info] #5: Feasible / Total: 93477 / 597871
[2023-11-29 00:21:41.214] [info] #6: Feasible / Total: 95754 / 597871
[2023-11-29 00:24:23.612] [info] #7: Feasible / Total: 97693 / 597871
[2023-11-29 00:26:40.690] [info] #8: Feasible / Total: 99475 / 597871
[2023-11-29 00:28:27.350] [info] #9: Feasible / Total: 101113 / 597871
[2023-11-29 00:30:16.656] [info] #10: Feasible / Total: 102797 / 597871
[2023-11-29 00:32:15.758] [info] #11: Feasible / Total: 104615 / 597871
[2023-11-29 00:34:27.472] [info] #12: Feasible / Total: 106807 / 597871
[2023-11-29 00:37:11.108] [info] #13: Feasible / Total: 109091 / 597871
[2023-11-29 00:39:29.165] [info] #14: Feasible / Total: 111581 / 597871
[2023-11-29 00:42:24.772] [info] #15: Feasible / Total: 114425 / 597871
[2023-11-29 00:45:26.444] [info] #16: Feasible / Total: 117745 / 597871
[2023-11-29 00:49:15.952] [info] #17: Feasible / Total: 121687 / 597871
[2023-11-29 00:53:47.924] [info] #18: Feasible / Total: 126305 / 597871
[2023-11-29 00:59:11.835] [info] #19: Feasible / Total: 132426 / 597871
[2023-11-29 01:06:18.756] [info] #20: Feasible / Total: 140488 / 597871
[2023-11-29 01:15:54.832] [info] #21: Feasible / Total: 152077 / 597871
[2023-11-29 01:29:37.109] [info] #22: Feasible / Total: 169193 / 597871
[2023-11-29 01:46:36.151] [info] #23: Feasible / Total: 193780 / 597871
[2023-11-29 02:11:13.067] [info] #24: Feasible / Total: 233408 / 597871
[2023-11-29 02:43:11.811] [info] #25: Feasible / Total: 294431 / 597871
[2023-11-29 03:15:25.373] [info] #26: Feasible / Total: 373959 / 597871
[2023-11-29 03:35:44.690] [info] #27: Feasible / Total: 451556 / 597871
[2023-11-29 03:52:20.481] [info] #28: Feasible / Total: 489642 / 597871
[2023-11-29 03:57:54.402] [info] #29: Feasible / Total: 509925 / 597871
[2023-11-29 03:58:00.309] [info] #30: Feasible / Total: 510013 / 597871
[2023-11-29 03:58:03.567] [info] #30: Feasible / Total: 510013 / 597871
[2023-11-29 03:58:03.567] [info] Graph is not D-reducible.
[2023-11-29 03:58:03.824] [info] Started C-reducibility check
[2023-11-29 04:51:41.156] [info] Trying 55346450 possible contractions
[2023-11-29 04:51:41.162] [info] [0/55346450] Starting contraction of size 1
[2023-11-29 04:52:43.593] [info] All colors passed! Contracted: 51
[2023-11-29 04:52:43.594] [info] Graph is C-reducible!
