[2023-11-17 14:12:08.734] [info] Kempe type: Toroidal
[2023-11-17 14:12:08.735] [info] Vertex size: 33, Edge size: 56, Ring size: 13
[2023-11-17 14:12:12.629] [info] Started D-reducibility check
[2023-11-17 14:12:12.629] [info] #1: Feasible / Total: 11896 / 66430
[2023-11-17 14:14:38.588] [info] #2: Feasible / Total: 16245 / 66430
[2023-11-17 14:15:32.885] [info] #3: Feasible / Total: 19635 / 66430
[2023-11-17 14:16:11.127] [info] #4: Feasible / Total: 22194 / 66430
[2023-11-17 14:16:37.733] [info] #5: Feasible / Total: 24079 / 66430
[2023-11-17 14:17:01.674] [info] #6: Feasible / Total: 25891 / 66430
[2023-11-17 14:17:31.442] [info] #7: Feasible / Total: 28484 / 66430
[2023-11-17 14:18:14.138] [info] #8: Feasible / Total: 33481 / 66430
[2023-11-17 14:18:56.010] [info] #9: Feasible / Total: 39848 / 66430
[2023-11-17 14:18:59.537] [info] #10: Feasible / Total: 41251 / 66430
[2023-11-17 14:19:00.890] [info] #11: Feasible / Total: 41252 / 66430
[2023-11-17 14:19:02.394] [info] #11: Feasible / Total: 41252 / 66430
[2023-11-17 14:19:02.394] [info] Graph is not D-reducible.
[2023-11-17 14:19:02.459] [info] Started C-reducibility check
[2023-11-17 14:31:05.639] [info] Trying 17176042 possible contractions
[2023-11-17 14:31:05.666] [info] [0/17176042] Starting contraction of size 1
[2023-11-17 14:32:30.652] [info] All colors passed! Contracted: 23
[2023-11-17 14:32:30.652] [info] Graph is C-reducible!
