[2024-10-19 11:31:23.748] [info] Kempe type: Toroidal
[2024-10-19 11:31:23.748] [info] Vertex size: 31, Edge size: 53, Ring size: 13
[2024-10-19 11:31:24.021] [info] Started D-reducibility check
[2024-10-19 11:31:24.021] [info] #1: Feasible / Total: 10064 / 66430
[2024-10-19 11:34:25.547] [info] #2: Feasible / Total: 16943 / 66430
[2024-10-19 11:36:10.198] [info] #3: Feasible / Total: 23302 / 66430
[2024-10-19 11:37:52.104] [info] #4: Feasible / Total: 30668 / 66430
[2024-10-19 11:39:40.581] [info] #5: Feasible / Total: 41238 / 66430
[2024-10-19 11:40:22.438] [info] #6: Feasible / Total: 50128 / 66430
[2024-10-19 11:40:26.572] [info] #7: Feasible / Total: 51158 / 66430
[2024-10-19 11:40:27.352] [info] #8: Feasible / Total: 51165 / 66430
[2024-10-19 11:40:28.092] [info] #8: Feasible / Total: 51165 / 66430
[2024-10-19 11:40:28.092] [info] Graph is not D-reducible.
[2024-10-19 11:40:28.148] [info] Started C-reducibility check
[2024-10-19 11:40:42.061] [info] Trying 1200216 possible contractions
[2024-10-19 11:40:42.061] [info] [0/1200216] Starting contraction of size 1
[2024-10-19 11:41:39.021] [info] [40/1200216] Starting contraction of size 2
[2024-10-19 11:54:48.635] [info] [753/1200216] Starting contraction of size 3
[2024-10-19 12:03:26.141] [info] All colors passed! Contracted: 17, 21, 46
[2024-10-19 12:03:26.168] [info] Graph is C-reducible!
