[2024-07-09 21:19:37.924] [info] Kempe type: Toroidal
[2024-07-09 21:19:37.924] [info] Vertex size: 39, Edge size: 66, Ring size: 15
[2024-07-09 21:19:42.957] [info] Started D-reducibility check
[2024-07-09 21:19:42.957] [info] #1: Feasible / Total: 59912 / 597871
[2024-07-09 21:27:24.235] [info] #2: Feasible / Total: 94598 / 597871
[2024-07-09 21:33:31.693] [info] #3: Feasible / Total: 124398 / 597871
[2024-07-09 21:38:57.927] [info] #4: Feasible / Total: 149648 / 597871
[2024-07-09 21:43:53.871] [info] #5: Feasible / Total: 170713 / 597871
[2024-07-09 21:48:46.441] [info] #6: Feasible / Total: 192388 / 597871
[2024-07-09 21:53:18.465] [info] #7: Feasible / Total: 216417 / 597871
[2024-07-09 21:57:50.469] [info] #8: Feasible / Total: 241451 / 597871
[2024-07-09 22:02:44.394] [info] #9: Feasible / Total: 268826 / 597871
[2024-07-09 22:07:29.268] [info] #10: Feasible / Total: 296136 / 597871
[2024-07-09 22:11:40.180] [info] #11: Feasible / Total: 319586 / 597871
[2024-07-09 22:14:22.124] [info] #12: Feasible / Total: 337355 / 597871
[2024-07-09 22:15:17.575] [info] #13: Feasible / Total: 345004 / 597871
[2024-07-09 22:15:44.603] [info] #14: Feasible / Total: 347608 / 597871
[2024-07-09 22:16:24.167] [info] #15: Feasible / Total: 351817 / 597871
[2024-07-09 22:17:32.816] [info] #16: Feasible / Total: 361835 / 597871
[2024-07-09 22:18:27.285] [info] #17: Feasible / Total: 371376 / 597871
[2024-07-09 22:18:49.252] [info] #18: Feasible / Total: 374841 / 597871
[2024-07-09 22:18:56.200] [info] #19: Feasible / Total: 375819 / 597871
[2024-07-09 22:19:00.108] [info] #20: Feasible / Total: 376094 / 597871
[2024-07-09 22:19:04.001] [info] #21: Feasible / Total: 376223 / 597871
[2024-07-09 22:19:07.326] [info] #22: Feasible / Total: 376224 / 597871
[2024-07-09 22:19:10.548] [info] #22: Feasible / Total: 376224 / 597871
[2024-07-09 22:19:10.548] [info] Graph is not D-reducible.
[2024-07-09 22:19:10.633] [info] Started C-reducibility check
[2024-07-09 22:21:37.126] [info] Trying 102006980 possible contractions
[2024-07-09 22:21:37.127] [info] [0/102006980] Starting contraction of size 1
[2024-07-09 22:21:51.869] [info] All colors passed! Contracted: 53
[2024-07-09 22:21:51.869] [info] Graph is C-reducible!
