[2023-11-16 22:28:31.337] [info] Kempe type: Toroidal
[2023-11-16 22:28:31.402] [info] Vertex size: 33, Edge size: 56, Ring size: 13
[2023-11-16 22:28:44.122] [info] Started D-reducibility check
[2023-11-16 22:28:44.125] [info] #1: Feasible / Total: 11495 / 66430
[2023-11-16 22:33:42.470] [info] #2: Feasible / Total: 17812 / 66430
[2023-11-16 22:36:21.311] [info] #3: Feasible / Total: 22569 / 66430
[2023-11-16 22:38:24.770] [info] #4: Feasible / Total: 27004 / 66430
[2023-11-16 22:40:41.316] [info] #5: Feasible / Total: 32205 / 66430
[2023-11-16 22:42:07.270] [info] #6: Feasible / Total: 37035 / 66430
[2023-11-16 22:42:26.147] [info] #7: Feasible / Total: 38030 / 66430
[2023-11-16 22:42:30.594] [info] #8: Feasible / Total: 38059 / 66430
[2023-11-16 22:42:34.165] [info] #8: Feasible / Total: 38059 / 66430
[2023-11-16 22:42:34.166] [info] Graph is not D-reducible.
[2023-11-16 22:42:34.342] [info] Started C-reducibility check
[2023-11-16 23:07:29.577] [info] Trying 17053652 possible contractions
[2023-11-16 23:07:29.602] [info] [0/17053652] Starting contraction of size 1
[2023-11-16 23:12:37.198] [info] [43/17053652] Starting contraction of size 2
[2023-11-17 00:30:34.341] [info] [873/17053652] Starting contraction of size 3
[2023-11-17 15:58:10.278] [info] [10405/17053652] Starting contraction of size 4
[2023-11-18 08:29:24.632] [info] All colors passed! Contracted: 17, 45, 47, 51
[2023-11-18 08:29:24.662] [info] Graph is C-reducible!
