[2024-04-19 23:08:04.473] [info] Kempe type: Toroidal
[2024-04-19 23:08:04.473] [info] Vertex size: 34, Edge size: 58, Ring size: 14
[2024-04-19 23:08:05.153] [info] Started D-reducibility check
[2024-04-19 23:08:05.153] [info] #1: Feasible / Total: 25152 / 199291
[2024-04-19 23:09:08.819] [info] #2: Feasible / Total: 35780 / 199291
[2024-04-19 23:09:44.833] [info] #3: Feasible / Total: 41636 / 199291
[2024-04-19 23:10:04.187] [info] #4: Feasible / Total: 45892 / 199291
[2024-04-19 23:10:19.034] [info] #5: Feasible / Total: 49658 / 199291
[2024-04-19 23:10:33.268] [info] #6: Feasible / Total: 52715 / 199291
[2024-04-19 23:10:47.476] [info] #7: Feasible / Total: 55283 / 199291
[2024-04-19 23:11:01.774] [info] #8: Feasible / Total: 57863 / 199291
[2024-04-19 23:11:18.269] [info] #9: Feasible / Total: 61363 / 199291
[2024-04-19 23:11:43.643] [info] #10: Feasible / Total: 66240 / 199291
[2024-04-19 23:12:12.591] [info] #11: Feasible / Total: 73693 / 199291
[2024-04-19 23:12:48.322] [info] #12: Feasible / Total: 85541 / 199291
[2024-04-19 23:13:25.822] [info] #13: Feasible / Total: 101466 / 199291
[2024-04-19 23:13:50.604] [info] #14: Feasible / Total: 115105 / 199291
[2024-04-19 23:13:55.751] [info] #15: Feasible / Total: 117712 / 199291
[2024-04-19 23:13:56.772] [info] #16: Feasible / Total: 117781 / 199291
[2024-04-19 23:13:57.577] [info] #16: Feasible / Total: 117781 / 199291
[2024-04-19 23:13:57.577] [info] Graph is not D-reducible.
[2024-04-19 23:13:57.597] [info] Started C-reducibility check
[2024-04-19 23:14:30.833] [info] Trying 22304214 possible contractions
[2024-04-19 23:14:30.833] [info] [0/22304214] Starting contraction of size 1
[2024-04-19 23:14:31.264] [info] All colors passed! Contracted: 25
[2024-04-19 23:14:31.264] [info] Graph is C-reducible!
