[2023-11-28 23:33:13.003] [info] Kempe type: Toroidal
[2023-11-28 23:33:13.004] [info] Vertex size: 34, Edge size: 58, Ring size: 14
[2023-11-28 23:33:15.812] [info] Started D-reducibility check
[2023-11-28 23:33:15.812] [info] #1: Feasible / Total: 24137 / 199291
[2023-11-28 23:38:19.231] [info] #2: Feasible / Total: 30810 / 199291
[2023-11-28 23:40:08.843] [info] #3: Feasible / Total: 33177 / 199291
[2023-11-28 23:40:56.783] [info] #4: Feasible / Total: 34554 / 199291
[2023-11-28 23:41:29.368] [info] #5: Feasible / Total: 35539 / 199291
[2023-11-28 23:42:03.388] [info] #6: Feasible / Total: 36433 / 199291
[2023-11-28 23:42:30.028] [info] #7: Feasible / Total: 37118 / 199291
[2023-11-28 23:42:54.189] [info] #8: Feasible / Total: 37645 / 199291
[2023-11-28 23:43:08.636] [info] #9: Feasible / Total: 38097 / 199291
[2023-11-28 23:43:22.287] [info] #10: Feasible / Total: 38448 / 199291
[2023-11-28 23:43:40.837] [info] #11: Feasible / Total: 38754 / 199291
[2023-11-28 23:43:55.789] [info] #12: Feasible / Total: 38995 / 199291
[2023-11-28 23:44:08.502] [info] #13: Feasible / Total: 39191 / 199291
[2023-11-28 23:44:20.121] [info] #14: Feasible / Total: 39319 / 199291
[2023-11-28 23:44:29.748] [info] #15: Feasible / Total: 39434 / 199291
[2023-11-28 23:44:39.428] [info] #16: Feasible / Total: 39563 / 199291
[2023-11-28 23:44:50.850] [info] #17: Feasible / Total: 39690 / 199291
[2023-11-28 23:45:02.036] [info] #18: Feasible / Total: 39823 / 199291
[2023-11-28 23:45:11.080] [info] #19: Feasible / Total: 39951 / 199291
[2023-11-28 23:45:19.277] [info] #20: Feasible / Total: 40041 / 199291
[2023-11-28 23:45:31.508] [info] #21: Feasible / Total: 40164 / 199291
[2023-11-28 23:45:47.168] [info] #22: Feasible / Total: 40334 / 199291
[2023-11-28 23:45:57.541] [info] #23: Feasible / Total: 40460 / 199291
[2023-11-28 23:46:06.515] [info] #24: Feasible / Total: 40544 / 199291
[2023-11-28 23:46:14.482] [info] #25: Feasible / Total: 40619 / 199291
[2023-11-28 23:46:25.600] [info] #26: Feasible / Total: 40685 / 199291
[2023-11-28 23:46:40.791] [info] #27: Feasible / Total: 40795 / 199291
[2023-11-28 23:46:55.532] [info] #28: Feasible / Total: 40968 / 199291
[2023-11-28 23:47:09.414] [info] #29: Feasible / Total: 41214 / 199291
[2023-11-28 23:47:28.623] [info] #30: Feasible / Total: 41543 / 199291
[2023-11-28 23:47:49.359] [info] #31: Feasible / Total: 42008 / 199291
[2023-11-28 23:48:11.822] [info] #32: Feasible / Total: 42545 / 199291
[2023-11-28 23:48:36.791] [info] #33: Feasible / Total: 43218 / 199291
[2023-11-28 23:49:03.412] [info] #34: Feasible / Total: 43946 / 199291
[2023-11-28 23:49:42.476] [info] #35: Feasible / Total: 44867 / 199291
[2023-11-28 23:50:19.355] [info] #36: Feasible / Total: 46070 / 199291
[2023-11-28 23:51:01.675] [info] #37: Feasible / Total: 47577 / 199291
[2023-11-28 23:51:43.060] [info] #38: Feasible / Total: 49394 / 199291
[2023-11-28 23:52:43.377] [info] #39: Feasible / Total: 51778 / 199291
[2023-11-28 23:53:56.597] [info] #40: Feasible / Total: 54640 / 199291
[2023-11-28 23:55:05.373] [info] #41: Feasible / Total: 57953 / 199291
[2023-11-28 23:56:33.132] [info] #42: Feasible / Total: 62081 / 199291
[2023-11-28 23:58:25.354] [info] #43: Feasible / Total: 67476 / 199291
[2023-11-29 00:00:30.952] [info] #44: Feasible / Total: 73967 / 199291
[2023-11-29 00:03:07.669] [info] #45: Feasible / Total: 82441 / 199291
[2023-11-29 00:06:12.626] [info] #46: Feasible / Total: 93149 / 199291
[2023-11-29 00:10:11.607] [info] #47: Feasible / Total: 108398 / 199291
[2023-11-29 00:15:06.079] [info] #48: Feasible / Total: 133561 / 199291
[2023-11-29 00:17:15.232] [info] #49: Feasible / Total: 152318 / 199291
[2023-11-29 00:17:29.212] [info] #50: Feasible / Total: 153957 / 199291
[2023-11-29 00:17:31.713] [info] #50: Feasible / Total: 153957 / 199291
[2023-11-29 00:17:31.713] [info] Graph is not D-reducible.
[2023-11-29 00:17:31.870] [info] Started C-reducibility check
[2023-11-29 00:28:35.635] [info] Trying 22305480 possible contractions
[2023-11-29 00:28:35.635] [info] [0/22305480] Starting contraction of size 1
[2023-11-29 00:29:45.043] [info] [44/22305480] Starting contraction of size 2
[2023-11-29 00:50:57.092] [info] [916/22305480] Starting contraction of size 3
[2023-11-29 00:58:37.414] [info] All colors passed! Contracted: 24, 49, 52
[2023-11-29 00:58:37.414] [info] Graph is C-reducible!
