[2023-11-16 15:21:25.449] [info] Kempe type: Toroidal
[2023-11-16 15:21:25.449] [info] Vertex size: 35, Edge size: 60, Ring size: 15
[2023-11-16 15:21:48.222] [info] Started D-reducibility check
[2023-11-16 15:21:48.222] [info] #1: Feasible / Total: 56673 / 597871
[2023-11-16 16:24:55.898] [info] #2: Feasible / Total: 84949 / 597871
[2023-11-16 16:54:05.850] [info] #3: Feasible / Total: 101504 / 597871
[2023-11-16 17:14:40.050] [info] #4: Feasible / Total: 117270 / 597871
[2023-11-16 17:38:16.322] [info] #5: Feasible / Total: 138190 / 597871
[2023-11-16 18:23:51.705] [info] #6: Feasible / Total: 173933 / 597871
[2023-11-16 19:34:49.152] [info] #7: Feasible / Total: 250385 / 597871
[2023-11-16 20:44:07.630] [info] #8: Feasible / Total: 414244 / 597871
[2023-11-16 21:07:20.465] [info] #9: Feasible / Total: 576167 / 597871
[2023-11-16 21:07:54.673] [info] #10: Feasible / Total: 586891 / 597871
[2023-11-16 21:07:55.087] [info] #10: Feasible / Total: 586891 / 597871
[2023-11-16 21:07:55.094] [info] Graph is not D-reducible.
[2023-11-16 21:07:55.340] [info] Started C-reducibility check
[2023-11-16 21:19:47.219] [info] Trying 28854126 possible contractions
[2023-11-16 21:19:47.219] [info] [0/28854126] Starting contraction of size 1
[2023-11-16 21:19:50.839] [info] All colors passed! Contracted: 38
[2023-11-16 21:19:50.839] [info] Graph is C-reducible!
