[2024-04-20 23:40:43.888] [info] Kempe type: Toroidal
[2024-04-20 23:40:43.888] [info] Vertex size: 35, Edge size: 60, Ring size: 15
[2024-04-20 23:40:45.421] [info] Started D-reducibility check
[2024-04-20 23:40:45.421] [info] #1: Feasible / Total: 52279 / 597871
[2024-04-20 23:46:57.830] [info] #2: Feasible / Total: 74991 / 597871
[2024-04-20 23:49:14.048] [info] #3: Feasible / Total: 84193 / 597871
[2024-04-20 23:50:33.218] [info] #4: Feasible / Total: 89112 / 597871
[2024-04-20 23:51:34.565] [info] #5: Feasible / Total: 92489 / 597871
[2024-04-20 23:52:18.805] [info] #6: Feasible / Total: 95085 / 597871
[2024-04-20 23:52:59.266] [info] #7: Feasible / Total: 97282 / 597871
[2024-04-20 23:53:33.872] [info] #8: Feasible / Total: 99124 / 597871
[2024-04-20 23:54:03.533] [info] #9: Feasible / Total: 100707 / 597871
[2024-04-20 23:54:27.431] [info] #10: Feasible / Total: 101924 / 597871
[2024-04-20 23:54:47.973] [info] #11: Feasible / Total: 103016 / 597871
[2024-04-20 23:55:07.267] [info] #12: Feasible / Total: 103982 / 597871
[2024-04-20 23:55:28.273] [info] #13: Feasible / Total: 104746 / 597871
[2024-04-20 23:55:47.164] [info] #14: Feasible / Total: 105467 / 597871
[2024-04-20 23:56:01.327] [info] #15: Feasible / Total: 106074 / 597871
[2024-04-20 23:56:13.146] [info] #16: Feasible / Total: 106466 / 597871
[2024-04-20 23:56:24.392] [info] #17: Feasible / Total: 106856 / 597871
[2024-04-20 23:56:36.977] [info] #18: Feasible / Total: 107313 / 597871
[2024-04-20 23:56:51.094] [info] #19: Feasible / Total: 107915 / 597871
[2024-04-20 23:57:05.001] [info] #20: Feasible / Total: 108736 / 597871
[2024-04-20 23:57:20.195] [info] #21: Feasible / Total: 109465 / 597871
[2024-04-20 23:57:35.049] [info] #22: Feasible / Total: 110191 / 597871
[2024-04-20 23:57:53.494] [info] #23: Feasible / Total: 110949 / 597871
[2024-04-20 23:58:12.551] [info] #24: Feasible / Total: 111738 / 597871
[2024-04-20 23:58:29.158] [info] #25: Feasible / Total: 112417 / 597871
[2024-04-20 23:58:47.192] [info] #26: Feasible / Total: 113060 / 597871
[2024-04-20 23:59:01.532] [info] #27: Feasible / Total: 113573 / 597871
[2024-04-20 23:59:15.678] [info] #28: Feasible / Total: 114176 / 597871
[2024-04-20 23:59:33.374] [info] #29: Feasible / Total: 114859 / 597871
[2024-04-20 23:59:51.356] [info] #30: Feasible / Total: 115603 / 597871
[2024-04-21 00:00:10.250] [info] #31: Feasible / Total: 116388 / 597871
[2024-04-21 00:00:25.795] [info] #32: Feasible / Total: 117124 / 597871
[2024-04-21 00:00:40.843] [info] #33: Feasible / Total: 117862 / 597871
[2024-04-21 00:00:59.382] [info] #34: Feasible / Total: 118825 / 597871
[2024-04-21 00:01:19.723] [info] #35: Feasible / Total: 119825 / 597871
[2024-04-21 00:01:37.632] [info] #36: Feasible / Total: 120758 / 597871
[2024-04-21 00:02:00.445] [info] #37: Feasible / Total: 121811 / 597871
[2024-04-21 00:02:22.155] [info] #38: Feasible / Total: 122933 / 597871
[2024-04-21 00:02:42.202] [info] #39: Feasible / Total: 124051 / 597871
[2024-04-21 00:02:57.511] [info] #40: Feasible / Total: 125073 / 597871
[2024-04-21 00:03:14.846] [info] #41: Feasible / Total: 126228 / 597871
[2024-04-21 00:03:34.224] [info] #42: Feasible / Total: 127374 / 597871
[2024-04-21 00:03:54.570] [info] #43: Feasible / Total: 128546 / 597871
[2024-04-21 00:04:14.174] [info] #44: Feasible / Total: 129766 / 597871
[2024-04-21 00:04:37.023] [info] #45: Feasible / Total: 131074 / 597871
[2024-04-21 00:04:57.746] [info] #46: Feasible / Total: 132063 / 597871
[2024-04-21 00:05:15.248] [info] #47: Feasible / Total: 132874 / 597871
[2024-04-21 00:05:32.425] [info] #48: Feasible / Total: 133616 / 597871
[2024-04-21 00:05:46.902] [info] #49: Feasible / Total: 134269 / 597871
[2024-04-21 00:05:58.515] [info] #50: Feasible / Total: 134835 / 597871
[2024-04-21 00:06:10.479] [info] #51: Feasible / Total: 135481 / 597871
[2024-04-21 00:06:24.425] [info] #52: Feasible / Total: 136152 / 597871
[2024-04-21 00:06:36.929] [info] #53: Feasible / Total: 136890 / 597871
[2024-04-21 00:06:50.033] [info] #54: Feasible / Total: 137594 / 597871
[2024-04-21 00:07:01.997] [info] #55: Feasible / Total: 138256 / 597871
[2024-04-21 00:07:15.490] [info] #56: Feasible / Total: 139143 / 597871
[2024-04-21 00:07:28.215] [info] #57: Feasible / Total: 139936 / 597871
[2024-04-21 00:07:40.390] [info] #58: Feasible / Total: 140702 / 597871
[2024-04-21 00:07:52.706] [info] #59: Feasible / Total: 141414 / 597871
[2024-04-21 00:08:07.853] [info] #60: Feasible / Total: 142088 / 597871
[2024-04-21 00:08:26.972] [info] #61: Feasible / Total: 143174 / 597871
[2024-04-21 00:08:48.459] [info] #62: Feasible / Total: 144956 / 597871
[2024-04-21 00:09:14.896] [info] #63: Feasible / Total: 147164 / 597871
[2024-04-21 00:09:42.362] [info] #64: Feasible / Total: 149697 / 597871
[2024-04-21 00:10:14.450] [info] #65: Feasible / Total: 152477 / 597871
[2024-04-21 00:10:53.864] [info] #66: Feasible / Total: 156049 / 597871
[2024-04-21 00:11:38.783] [info] #67: Feasible / Total: 160254 / 597871
[2024-04-21 00:12:38.029] [info] #68: Feasible / Total: 164942 / 597871
[2024-04-21 00:13:44.518] [info] #69: Feasible / Total: 170794 / 597871
[2024-04-21 00:14:56.893] [info] #70: Feasible / Total: 177774 / 597871
[2024-04-21 00:16:17.969] [info] #71: Feasible / Total: 186411 / 597871
[2024-04-21 00:17:47.584] [info] #72: Feasible / Total: 195638 / 597871
[2024-04-21 00:19:22.429] [info] #73: Feasible / Total: 206253 / 597871
[2024-04-21 00:21:24.004] [info] #74: Feasible / Total: 218952 / 597871
[2024-04-21 00:23:29.370] [info] #75: Feasible / Total: 233759 / 597871
[2024-04-21 00:25:33.543] [info] #76: Feasible / Total: 250115 / 597871
[2024-04-21 00:27:29.274] [info] #77: Feasible / Total: 267345 / 597871
[2024-04-21 00:28:37.946] [info] #78: Feasible / Total: 279111 / 597871
[2024-04-21 00:29:20.128] [info] #79: Feasible / Total: 285140 / 597871
[2024-04-21 00:29:45.223] [info] #80: Feasible / Total: 288462 / 597871
[2024-04-21 00:30:08.024] [info] #81: Feasible / Total: 291029 / 597871
[2024-04-21 00:30:27.505] [info] #82: Feasible / Total: 292939 / 597871
[2024-04-21 00:30:49.221] [info] #83: Feasible / Total: 294976 / 597871
[2024-04-21 00:31:16.754] [info] #84: Feasible / Total: 297292 / 597871
[2024-04-21 00:31:27.853] [info] #85: Feasible / Total: 298318 / 597871
[2024-04-21 00:31:32.673] [info] #86: Feasible / Total: 298411 / 597871
[2024-04-21 00:31:36.691] [info] #87: Feasible / Total: 298414 / 597871
[2024-04-21 00:31:40.648] [info] #87: Feasible / Total: 298414 / 597871
[2024-04-21 00:31:40.648] [info] Graph is not D-reducible.
[2024-04-21 00:31:40.729] [info] Started C-reducibility check
[2024-04-21 00:32:26.553] [info] Trying 28939678 possible contractions
[2024-04-21 00:32:26.553] [info] [0/28939678] Starting contraction of size 1
[2024-04-21 00:32:27.488] [info] All colors passed! Contracted: 28
[2024-04-21 00:32:27.488] [info] Graph is C-reducible!
