[2024-08-08 12:22:45.075] [info] Kempe type: Toroidal
[2024-08-08 12:22:45.075] [info] Vertex size: 31, Edge size: 53, Ring size: 13
[2024-08-08 12:22:45.673] [info] Started D-reducibility check
[2024-08-08 12:22:45.674] [info] #1: Feasible / Total: 9769 / 66430
[2024-08-08 12:23:05.376] [info] #2: Feasible / Total: 13013 / 66430
[2024-08-08 12:23:14.401] [info] #3: Feasible / Total: 14908 / 66430
[2024-08-08 12:23:22.163] [info] #4: Feasible / Total: 17183 / 66430
[2024-08-08 12:23:28.446] [info] #5: Feasible / Total: 19923 / 66430
[2024-08-08 12:23:37.265] [info] #6: Feasible / Total: 22986 / 66430
[2024-08-08 12:23:44.360] [info] #7: Feasible / Total: 26568 / 66430
[2024-08-08 12:23:48.543] [info] #8: Feasible / Total: 29826 / 66430
[2024-08-08 12:23:50.444] [info] #9: Feasible / Total: 31184 / 66430
[2024-08-08 12:23:51.228] [info] #10: Feasible / Total: 31422 / 66430
[2024-08-08 12:23:51.887] [info] #11: Feasible / Total: 31573 / 66430
[2024-08-08 12:23:52.466] [info] #12: Feasible / Total: 31717 / 66430
[2024-08-08 12:23:52.969] [info] #13: Feasible / Total: 31836 / 66430
[2024-08-08 12:23:53.429] [info] #14: Feasible / Total: 31906 / 66430
[2024-08-08 12:23:53.766] [info] #15: Feasible / Total: 31949 / 66430
[2024-08-08 12:23:54.114] [info] #16: Feasible / Total: 32000 / 66430
[2024-08-08 12:23:54.421] [info] #17: Feasible / Total: 32055 / 66430
[2024-08-08 12:23:54.705] [info] #18: Feasible / Total: 32079 / 66430
[2024-08-08 12:23:54.999] [info] #19: Feasible / Total: 32081 / 66430
[2024-08-08 12:23:55.313] [info] #19: Feasible / Total: 32081 / 66430
[2024-08-08 12:23:55.313] [info] Graph is not D-reducible.
[2024-08-08 12:23:55.321] [info] Started C-reducibility check
[2024-08-08 12:24:08.651] [info] Trying 8129263 possible contractions
[2024-08-08 12:24:08.651] [info] [0/8129263] Starting contraction of size 1
[2024-08-08 12:24:08.796] [info] All colors passed! Contracted: 24
[2024-08-08 12:24:08.796] [info] Graph is C-reducible!
