[2024-04-17 14:54:46.031] [info] Kempe type: Toroidal
[2024-04-17 14:54:46.032] [info] Vertex size: 40, Edge size: 68, Ring size: 16
[2024-04-17 14:54:52.298] [info] Started D-reducibility check
[2024-04-17 14:54:52.298] [info] #1: Feasible / Total: 145904 / 1793614
[2024-04-17 15:39:23.143] [info] #2: Feasible / Total: 192312 / 1793614
[2024-04-17 15:59:16.791] [info] #3: Feasible / Total: 219523 / 1793614
[2024-04-17 16:18:19.490] [info] #4: Feasible / Total: 242880 / 1793614
[2024-04-17 16:32:12.896] [info] #5: Feasible / Total: 260765 / 1793614
[2024-04-17 16:42:43.801] [info] #6: Feasible / Total: 277120 / 1793614
[2024-04-17 16:53:13.217] [info] #7: Feasible / Total: 292132 / 1793614
[2024-04-17 17:02:38.236] [info] #8: Feasible / Total: 306112 / 1793614
[2024-04-17 17:11:19.688] [info] #9: Feasible / Total: 319829 / 1793614
[2024-04-17 17:19:54.636] [info] #10: Feasible / Total: 333946 / 1793614
[2024-04-17 17:27:38.331] [info] #11: Feasible / Total: 347929 / 1793614
[2024-04-17 17:35:18.942] [info] #12: Feasible / Total: 361364 / 1793614
[2024-04-17 17:43:05.652] [info] #13: Feasible / Total: 372712 / 1793614
[2024-04-17 17:49:50.676] [info] #14: Feasible / Total: 382620 / 1793614
[2024-04-17 17:56:22.596] [info] #15: Feasible / Total: 391994 / 1793614
[2024-04-17 18:03:17.217] [info] #16: Feasible / Total: 401758 / 1793614
[2024-04-17 18:10:21.668] [info] #17: Feasible / Total: 411860 / 1793614
[2024-04-17 18:16:18.924] [info] #18: Feasible / Total: 420645 / 1793614
[2024-04-17 18:21:53.204] [info] #19: Feasible / Total: 428187 / 1793614
[2024-04-17 18:27:21.662] [info] #20: Feasible / Total: 434964 / 1793614
[2024-04-17 18:32:49.897] [info] #21: Feasible / Total: 441309 / 1793614
[2024-04-17 18:38:15.874] [info] #22: Feasible / Total: 447274 / 1793614
[2024-04-17 18:42:56.126] [info] #23: Feasible / Total: 453580 / 1793614
[2024-04-17 18:47:55.815] [info] #24: Feasible / Total: 460189 / 1793614
[2024-04-17 18:53:41.161] [info] #25: Feasible / Total: 467257 / 1793614
[2024-04-17 18:59:36.508] [info] #26: Feasible / Total: 475762 / 1793614
[2024-04-17 19:06:33.454] [info] #27: Feasible / Total: 485053 / 1793614
[2024-04-17 19:14:45.537] [info] #28: Feasible / Total: 495400 / 1793614
[2024-04-17 19:25:12.059] [info] #29: Feasible / Total: 509296 / 1793614
[2024-04-17 19:39:01.560] [info] #30: Feasible / Total: 528256 / 1793614
[2024-04-17 19:55:13.596] [info] #31: Feasible / Total: 553459 / 1793614
[2024-04-17 20:15:23.903] [info] #32: Feasible / Total: 585414 / 1793614
[2024-04-17 20:37:45.735] [info] #33: Feasible / Total: 625141 / 1793614
[2024-04-17 21:03:46.741] [info] #34: Feasible / Total: 680454 / 1793614
[2024-04-17 21:31:50.396] [info] #35: Feasible / Total: 741389 / 1793614
[2024-04-17 21:46:21.558] [info] #36: Feasible / Total: 785183 / 1793614
[2024-04-17 21:49:54.154] [info] #37: Feasible / Total: 797380 / 1793614
[2024-04-17 21:52:06.750] [info] #38: Feasible / Total: 799482 / 1793614
[2024-04-17 21:53:45.854] [info] #39: Feasible / Total: 801017 / 1793614
[2024-04-17 21:55:17.763] [info] #40: Feasible / Total: 802438 / 1793614
[2024-04-17 21:56:37.224] [info] #41: Feasible / Total: 803662 / 1793614
[2024-04-17 21:58:01.767] [info] #42: Feasible / Total: 805156 / 1793614
[2024-04-17 21:59:15.529] [info] #43: Feasible / Total: 806265 / 1793614
[2024-04-17 22:00:33.815] [info] #44: Feasible / Total: 807187 / 1793614
[2024-04-17 22:01:50.825] [info] #45: Feasible / Total: 808070 / 1793614
[2024-04-17 22:02:49.495] [info] #46: Feasible / Total: 808893 / 1793614
[2024-04-17 22:03:52.101] [info] #47: Feasible / Total: 809665 / 1793614
[2024-04-17 22:04:57.648] [info] #48: Feasible / Total: 810664 / 1793614
[2024-04-17 22:06:03.370] [info] #49: Feasible / Total: 811626 / 1793614
[2024-04-17 22:07:36.691] [info] #50: Feasible / Total: 812633 / 1793614
[2024-04-17 22:09:04.914] [info] #51: Feasible / Total: 813572 / 1793614
[2024-04-17 22:10:34.893] [info] #52: Feasible / Total: 814575 / 1793614
[2024-04-17 22:11:55.506] [info] #53: Feasible / Total: 815499 / 1793614
[2024-04-17 22:13:11.799] [info] #54: Feasible / Total: 816360 / 1793614
[2024-04-17 22:14:14.728] [info] #55: Feasible / Total: 817098 / 1793614
[2024-04-17 22:15:11.063] [info] #56: Feasible / Total: 817969 / 1793614
[2024-04-17 22:16:28.541] [info] #57: Feasible / Total: 818646 / 1793614
[2024-04-17 22:17:37.479] [info] #58: Feasible / Total: 819457 / 1793614
[2024-04-17 22:19:14.946] [info] #59: Feasible / Total: 820416 / 1793614
[2024-04-17 22:20:58.658] [info] #60: Feasible / Total: 821609 / 1793614
[2024-04-17 22:22:28.468] [info] #61: Feasible / Total: 823003 / 1793614
[2024-04-17 22:25:01.023] [info] #62: Feasible / Total: 824541 / 1793614
[2024-04-17 22:27:27.015] [info] #63: Feasible / Total: 826094 / 1793614
[2024-04-17 22:29:49.363] [info] #64: Feasible / Total: 827904 / 1793614
[2024-04-17 22:31:56.392] [info] #65: Feasible / Total: 829867 / 1793614
[2024-04-17 22:33:41.245] [info] #66: Feasible / Total: 831626 / 1793614
[2024-04-17 22:35:24.010] [info] #67: Feasible / Total: 833445 / 1793614
[2024-04-17 22:36:57.745] [info] #68: Feasible / Total: 835144 / 1793614
[2024-04-17 22:39:15.038] [info] #69: Feasible / Total: 837053 / 1793614
[2024-04-17 22:41:30.713] [info] #70: Feasible / Total: 839408 / 1793614
[2024-04-17 22:43:38.908] [info] #71: Feasible / Total: 842007 / 1793614
[2024-04-17 22:46:39.572] [info] #72: Feasible / Total: 844712 / 1793614
[2024-04-17 22:50:32.590] [info] #73: Feasible / Total: 847977 / 1793614
[2024-04-17 22:54:58.871] [info] #74: Feasible / Total: 853100 / 1793614
[2024-04-17 23:02:26.066] [info] #75: Feasible / Total: 861499 / 1793614
[2024-04-17 23:12:33.463] [info] #76: Feasible / Total: 873377 / 1793614
[2024-04-17 23:24:28.937] [info] #77: Feasible / Total: 887934 / 1793614
[2024-04-17 23:39:23.267] [info] #78: Feasible / Total: 906862 / 1793614
[2024-04-18 00:01:09.147] [info] #79: Feasible / Total: 938465 / 1793614
[2024-04-18 00:30:26.567] [info] #80: Feasible / Total: 987251 / 1793614
[2024-04-18 01:06:13.542] [info] #81: Feasible / Total: 1053207 / 1793614
[2024-04-18 01:48:33.033] [info] #82: Feasible / Total: 1146524 / 1793614
[2024-04-18 02:25:06.036] [info] #83: Feasible / Total: 1267427 / 1793614
[2024-04-18 02:35:34.459] [info] #84: Feasible / Total: 1318117 / 1793614
[2024-04-18 02:36:37.680] [info] #85: Feasible / Total: 1321229 / 1793614
[2024-04-18 02:36:51.797] [info] #86: Feasible / Total: 1321249 / 1793614
[2024-04-18 02:37:05.173] [info] #86: Feasible / Total: 1321249 / 1793614
[2024-04-18 02:37:05.173] [info] Graph is not D-reducible.
[2024-04-18 02:37:05.782] [info] Started C-reducibility check
[2024-04-18 02:39:57.683] [info] Trying 127022056 possible contractions
[2024-04-18 02:39:57.683] [info] [0/127022056] Starting contraction of size 1
[2024-04-18 02:43:56.602] [info] [52/127022056] Starting contraction of size 2
[2024-04-18 04:05:45.681] [info] [1290/127022056] Starting contraction of size 3
[2024-04-18 13:59:18.992] [info] All colors passed! Contracted: 43, 45, 67
[2024-04-18 13:59:18.993] [info] Graph is C-reducible!
