[2023-11-19 22:11:34.272] [info] Kempe type: Toroidal
[2023-11-19 22:11:34.278] [info] Vertex size: 29, Edge size: 50, Ring size: 13
[2023-11-19 22:11:36.284] [info] Started D-reducibility check
[2023-11-19 22:11:36.284] [info] #1: Feasible / Total: 8310 / 66430
[2023-11-19 22:13:16.075] [info] #2: Feasible / Total: 11498 / 66430
[2023-11-19 22:13:47.662] [info] #3: Feasible / Total: 12545 / 66430
[2023-11-19 22:14:02.818] [info] #4: Feasible / Total: 13136 / 66430
[2023-11-19 22:14:11.651] [info] #5: Feasible / Total: 13517 / 66430
[2023-11-19 22:14:19.361] [info] #6: Feasible / Total: 13827 / 66430
[2023-11-19 22:14:26.921] [info] #7: Feasible / Total: 14101 / 66430
[2023-11-19 22:14:34.229] [info] #8: Feasible / Total: 14285 / 66430
[2023-11-19 22:14:40.621] [info] #9: Feasible / Total: 14461 / 66430
[2023-11-19 22:14:45.294] [info] #10: Feasible / Total: 14632 / 66430
[2023-11-19 22:14:50.584] [info] #11: Feasible / Total: 14762 / 66430
[2023-11-19 22:14:56.375] [info] #12: Feasible / Total: 14909 / 66430
[2023-11-19 22:15:00.821] [info] #13: Feasible / Total: 14997 / 66430
[2023-11-19 22:15:04.764] [info] #14: Feasible / Total: 15054 / 66430
[2023-11-19 22:15:07.927] [info] #15: Feasible / Total: 15108 / 66430
[2023-11-19 22:15:11.530] [info] #16: Feasible / Total: 15159 / 66430
[2023-11-19 22:15:15.721] [info] #17: Feasible / Total: 15264 / 66430
[2023-11-19 22:15:20.201] [info] #18: Feasible / Total: 15375 / 66430
[2023-11-19 22:15:23.550] [info] #19: Feasible / Total: 15537 / 66430
[2023-11-19 22:15:29.010] [info] #20: Feasible / Total: 15741 / 66430
[2023-11-19 22:15:35.524] [info] #21: Feasible / Total: 15957 / 66430
[2023-11-19 22:15:43.775] [info] #22: Feasible / Total: 16367 / 66430
[2023-11-19 22:15:54.924] [info] #23: Feasible / Total: 17047 / 66430
[2023-11-19 22:16:11.176] [info] #24: Feasible / Total: 18086 / 66430
[2023-11-19 22:16:32.578] [info] #25: Feasible / Total: 19598 / 66430
[2023-11-19 22:16:58.850] [info] #26: Feasible / Total: 21471 / 66430
[2023-11-19 22:17:35.359] [info] #27: Feasible / Total: 24172 / 66430
[2023-11-19 22:18:13.881] [info] #28: Feasible / Total: 27185 / 66430
[2023-11-19 22:18:52.891] [info] #29: Feasible / Total: 30476 / 66430
[2023-11-19 22:19:41.677] [info] #30: Feasible / Total: 35328 / 66430
[2023-11-19 22:20:25.098] [info] #31: Feasible / Total: 41949 / 66430
[2023-11-19 22:20:39.327] [info] #32: Feasible / Total: 45338 / 66430
[2023-11-19 22:20:41.246] [info] #33: Feasible / Total: 45571 / 66430
[2023-11-19 22:20:42.244] [info] #34: Feasible / Total: 45574 / 66430
[2023-11-19 22:20:43.022] [info] #34: Feasible / Total: 45574 / 66430
[2023-11-19 22:20:43.042] [info] Graph is not D-reducible.
[2023-11-19 22:20:43.065] [info] Started C-reducibility check
[2023-11-19 22:21:31.392] [info] Trying 3640226 possible contractions
[2023-11-19 22:21:31.418] [info] [0/3640226] Starting contraction of size 1
[2023-11-19 22:21:52.879] [info] [37/3640226] Starting contraction of size 2
[2023-11-19 22:27:11.670] [info] [642/3640226] Starting contraction of size 3
[2023-11-19 23:02:53.181] [info] [6426/3640226] Starting contraction of size 4
[2023-11-20 00:00:09.398] [info] All colors passed! Contracted: 17, 32, 39, 43
[2023-11-20 00:00:09.398] [info] Graph is C-reducible!
