[2023-11-20 13:25:47.599] [info] Kempe type: Toroidal
[2023-11-20 13:25:47.606] [info] Vertex size: 34, Edge size: 58, Ring size: 14
[2023-11-20 13:26:03.544] [info] Started D-reducibility check
[2023-11-20 13:26:03.566] [info] #1: Feasible / Total: 23360 / 199291
[2023-11-20 13:41:16.566] [info] #2: Feasible / Total: 31889 / 199291
[2023-11-20 13:47:57.584] [info] #3: Feasible / Total: 37655 / 199291
[2023-11-20 13:53:02.553] [info] #4: Feasible / Total: 42038 / 199291
[2023-11-20 13:57:33.752] [info] #5: Feasible / Total: 46074 / 199291
[2023-11-20 14:01:20.335] [info] #6: Feasible / Total: 49872 / 199291
[2023-11-20 14:04:41.931] [info] #7: Feasible / Total: 52830 / 199291
[2023-11-20 14:08:09.334] [info] #8: Feasible / Total: 54661 / 199291
[2023-11-20 14:11:11.282] [info] #9: Feasible / Total: 56243 / 199291
[2023-11-20 14:14:29.818] [info] #10: Feasible / Total: 58169 / 199291
[2023-11-20 14:18:14.000] [info] #11: Feasible / Total: 60893 / 199291
[2023-11-20 14:23:04.832] [info] #12: Feasible / Total: 64790 / 199291
[2023-11-20 14:31:14.915] [info] #13: Feasible / Total: 71043 / 199291
[2023-11-20 14:43:26.270] [info] #14: Feasible / Total: 82717 / 199291
[2023-11-20 14:59:54.911] [info] #15: Feasible / Total: 106048 / 199291
[2023-11-20 15:12:28.409] [info] #16: Feasible / Total: 137971 / 199291
[2023-11-20 15:15:10.967] [info] #17: Feasible / Total: 149259 / 199291
[2023-11-20 15:15:39.369] [info] #18: Feasible / Total: 150087 / 199291
[2023-11-20 15:15:46.889] [info] #19: Feasible / Total: 150112 / 199291
[2023-11-20 15:15:52.890] [info] #19: Feasible / Total: 150112 / 199291
[2023-11-20 15:15:52.890] [info] Graph is not D-reducible.
[2023-11-20 15:15:53.274] [info] Started C-reducibility check
[2023-11-20 15:41:20.479] [info] Trying 22303139 possible contractions
[2023-11-20 15:41:20.479] [info] [0/22303139] Starting contraction of size 1
[2023-11-20 15:42:49.022] [info] [44/22303139] Starting contraction of size 2
[2023-11-20 16:08:16.301] [info] [916/22303139] Starting contraction of size 3
[2023-11-20 16:33:13.849] [info] All colors passed! Contracted: 17, 46, 54
[2023-11-20 16:33:13.867] [info] Graph is C-reducible!
