[2023-11-16 13:18:54.329] [info] Kempe type: Toroidal
[2023-11-16 13:18:54.329] [info] Vertex size: 29, Edge size: 50, Ring size: 13
[2023-11-16 13:18:55.321] [info] Started D-reducibility check
[2023-11-16 13:18:55.321] [info] #1: Feasible / Total: 8399 / 66430
[2023-11-16 13:20:41.470] [info] #2: Feasible / Total: 14542 / 66430
[2023-11-16 13:21:41.461] [info] #3: Feasible / Total: 17818 / 66430
[2023-11-16 13:22:23.675] [info] #4: Feasible / Total: 20789 / 66430
[2023-11-16 13:23:03.715] [info] #5: Feasible / Total: 23973 / 66430
[2023-11-16 13:23:43.577] [info] #6: Feasible / Total: 27938 / 66430
[2023-11-16 13:24:25.470] [info] #7: Feasible / Total: 32651 / 66430
[2023-11-16 13:24:59.778] [info] #8: Feasible / Total: 37475 / 66430
[2023-11-16 13:25:23.128] [info] #9: Feasible / Total: 41670 / 66430
[2023-11-16 13:25:34.453] [info] #10: Feasible / Total: 43756 / 66430
[2023-11-16 13:25:40.170] [info] #11: Feasible / Total: 44605 / 66430
[2023-11-16 13:25:43.539] [info] #12: Feasible / Total: 44940 / 66430
[2023-11-16 13:25:44.546] [info] #13: Feasible / Total: 44972 / 66430
[2023-11-16 13:25:45.483] [info] #13: Feasible / Total: 44972 / 66430
[2023-11-16 13:25:45.483] [info] Graph is not D-reducible.
[2023-11-16 13:25:45.531] [info] Started C-reducibility check
[2023-11-16 13:26:29.472] [info] Trying 3641443 possible contractions
[2023-11-16 13:26:29.482] [info] [0/3641443] Starting contraction of size 1
[2023-11-16 13:26:53.053] [info] [37/3641443] Starting contraction of size 2
[2023-11-16 13:31:51.893] [info] [642/3641443] Starting contraction of size 3
[2023-11-16 14:12:53.019] [info] [6426/3641443] Starting contraction of size 4
[2023-11-16 14:13:18.709] [info] All colors passed! Contracted: 16, 20, 22, 40
[2023-11-16 14:13:18.726] [info] Graph is C-reducible!
