[2023-11-20 13:25:47.510] [info] Kempe type: Toroidal
[2023-11-20 13:25:47.530] [info] Vertex size: 31, Edge size: 53, Ring size: 13
[2023-11-20 13:25:55.635] [info] Started D-reducibility check
[2023-11-20 13:25:55.635] [info] #1: Feasible / Total: 9119 / 66430
[2023-11-20 13:27:51.595] [info] #2: Feasible / Total: 12161 / 66430
[2023-11-20 13:28:43.562] [info] #3: Feasible / Total: 14433 / 66430
[2023-11-20 13:29:11.709] [info] #4: Feasible / Total: 15404 / 66430
[2023-11-20 13:29:30.224] [info] #5: Feasible / Total: 15899 / 66430
[2023-11-20 13:29:44.103] [info] #6: Feasible / Total: 16240 / 66430
[2023-11-20 13:29:57.022] [info] #7: Feasible / Total: 16547 / 66430
[2023-11-20 13:30:09.313] [info] #8: Feasible / Total: 16929 / 66430
[2023-11-20 13:30:24.842] [info] #9: Feasible / Total: 17373 / 66430
[2023-11-20 13:30:43.012] [info] #10: Feasible / Total: 17938 / 66430
[2023-11-20 13:31:02.306] [info] #11: Feasible / Total: 18665 / 66430
[2023-11-20 13:31:34.942] [info] #12: Feasible / Total: 19853 / 66430
[2023-11-20 13:32:22.857] [info] #13: Feasible / Total: 21795 / 66430
[2023-11-20 13:33:21.285] [info] #14: Feasible / Total: 24476 / 66430
[2023-11-20 13:34:29.989] [info] #15: Feasible / Total: 28256 / 66430
[2023-11-20 13:35:35.776] [info] #16: Feasible / Total: 33001 / 66430
[2023-11-20 13:36:13.351] [info] #17: Feasible / Total: 36867 / 66430
[2023-11-20 13:36:26.839] [info] #18: Feasible / Total: 38096 / 66430
[2023-11-20 13:36:36.642] [info] #19: Feasible / Total: 38580 / 66430
[2023-11-20 13:36:44.038] [info] #20: Feasible / Total: 38843 / 66430
[2023-11-20 13:36:49.566] [info] #21: Feasible / Total: 38993 / 66430
[2023-11-20 13:36:54.765] [info] #22: Feasible / Total: 39089 / 66430
[2023-11-20 13:36:58.923] [info] #23: Feasible / Total: 39164 / 66430
[2023-11-20 13:37:03.083] [info] #24: Feasible / Total: 39224 / 66430
[2023-11-20 13:37:08.383] [info] #25: Feasible / Total: 39323 / 66430
[2023-11-20 13:37:15.078] [info] #26: Feasible / Total: 39553 / 66430
[2023-11-20 13:37:22.089] [info] #27: Feasible / Total: 39843 / 66430
[2023-11-20 13:37:29.587] [info] #28: Feasible / Total: 40040 / 66430
[2023-11-20 13:37:33.376] [info] #29: Feasible / Total: 40080 / 66430
[2023-11-20 13:37:39.821] [info] #30: Feasible / Total: 40308 / 66430
[2023-11-20 13:37:48.423] [info] #31: Feasible / Total: 40898 / 66430
[2023-11-20 13:37:55.064] [info] #32: Feasible / Total: 41464 / 66430
[2023-11-20 13:38:03.730] [info] #33: Feasible / Total: 41861 / 66430
[2023-11-20 13:38:14.091] [info] #34: Feasible / Total: 42243 / 66430
[2023-11-20 13:38:20.202] [info] #35: Feasible / Total: 42518 / 66430
[2023-11-20 13:38:22.319] [info] #36: Feasible / Total: 42529 / 66430
[2023-11-20 13:38:23.853] [info] #36: Feasible / Total: 42529 / 66430
[2023-11-20 13:38:23.853] [info] Graph is not D-reducible.
[2023-11-20 13:38:23.916] [info] Started C-reducibility check
[2023-11-20 13:42:24.632] [info] Trying 8093411 possible contractions
[2023-11-20 13:42:24.638] [info] [0/8093411] Starting contraction of size 1
[2023-11-20 13:43:14.523] [info] [40/8093411] Starting contraction of size 2
[2023-11-20 13:54:51.568] [info] [753/8093411] Starting contraction of size 3
[2023-11-20 15:25:26.088] [info] [8253/8093411] Starting contraction of size 4
[2023-11-20 21:13:07.666] [info] All colors passed! Contracted: 19, 21, 39, 44
[2023-11-20 21:13:07.671] [info] Graph is C-reducible!
