[2023-12-05 15:28:29.362] [info] Kempe type: Toroidal
[2023-12-05 15:28:29.362] [info] Vertex size: 39, Edge size: 66, Ring size: 15
[2023-12-05 15:29:14.651] [info] Started D-reducibility check
[2023-12-05 15:29:14.651] [info] #1: Feasible / Total: 67655 / 597871
[2023-12-05 21:04:34.245] [info] #2: Feasible / Total: 141229 / 597871
[2023-12-06 01:47:41.463] [info] #3: Feasible / Total: 219967 / 597871
[2023-12-06 06:31:30.748] [info] #4: Feasible / Total: 348137 / 597871
[2023-12-06 08:42:50.692] [info] #5: Feasible / Total: 471507 / 597871
[2023-12-06 09:00:42.692] [info] #6: Feasible / Total: 493751 / 597871
[2023-12-06 09:05:23.062] [info] #7: Feasible / Total: 497199 / 597871
[2023-12-06 09:07:00.177] [info] #8: Feasible / Total: 498156 / 597871
[2023-12-06 09:07:47.450] [info] #9: Feasible / Total: 498246 / 597871
[2023-12-06 09:08:18.704] [info] #10: Feasible / Total: 498250 / 597871
[2023-12-06 09:08:49.106] [info] #10: Feasible / Total: 498250 / 597871
[2023-12-06 09:08:49.106] [info] Graph is not D-reducible.
[2023-12-06 09:08:50.488] [info] Started C-reducibility check
[2023-12-06 21:39:51.754] [info] Trying 179150 possible contractions
[2023-12-06 21:39:51.754] [info] [0/179150] Starting contraction of size 1
[2023-12-06 21:57:21.105] [info] [51/179150] Starting contraction of size 2
[2023-12-07 04:02:44.094] [info] [1239/179150] Starting contraction of size 3
[2023-12-07 19:48:55.225] [info] All colors passed! Contracted: 23, 42, 54
[2023-12-07 19:48:55.225] [info] Graph is C-reducible!
