[2024-10-19 14:57:30.562] [info] Kempe type: Toroidal
[2024-10-19 14:57:30.563] [info] Vertex size: 39, Edge size: 66, Ring size: 15
[2024-10-19 14:58:21.084] [info] Started D-reducibility check
[2024-10-19 14:58:21.084] [info] #1: Feasible / Total: 70855 / 597871
[2024-10-19 16:35:54.614] [info] #2: Feasible / Total: 107582 / 597871
[2024-10-19 17:17:21.776] [info] #3: Feasible / Total: 139975 / 597871
[2024-10-19 18:01:19.661] [info] #4: Feasible / Total: 173974 / 597871
[2024-10-19 18:40:09.979] [info] #5: Feasible / Total: 207872 / 597871
[2024-10-19 19:20:22.486] [info] #6: Feasible / Total: 256663 / 597871
[2024-10-19 19:52:39.583] [info] #7: Feasible / Total: 329717 / 597871
[2024-10-19 20:10:20.935] [info] #8: Feasible / Total: 410219 / 597871
[2024-10-19 20:13:38.282] [info] #9: Feasible / Total: 443622 / 597871
[2024-10-19 20:15:21.164] [info] #10: Feasible / Total: 458896 / 597871
[2024-10-19 20:16:16.092] [info] #11: Feasible / Total: 473424 / 597871
[2024-10-19 20:16:21.816] [info] #12: Feasible / Total: 474483 / 597871
[2024-10-19 20:16:23.770] [info] #13: Feasible / Total: 474487 / 597871
[2024-10-19 20:16:26.198] [info] #13: Feasible / Total: 474487 / 597871
[2024-10-19 20:16:26.198] [info] Graph is not D-reducible.
[2024-10-19 20:16:26.273] [info] Started C-reducibility check
[2024-10-19 20:16:40.539] [info] Trying 7086944 possible contractions
[2024-10-19 20:16:40.539] [info] [0/7086944] Starting contraction of size 1
[2024-10-19 20:19:38.007] [info] [51/7086944] Starting contraction of size 2
[2024-10-19 21:04:03.511] [info] [1239/7086944] Starting contraction of size 3
[2024-10-19 21:26:25.061] [info] All colors passed! Contracted: 32, 59, 65
[2024-10-19 21:26:25.062] [info] Graph is C-reducible!
