[2023-11-16 13:19:33.161] [info] Kempe type: Toroidal
[2023-11-16 13:19:33.161] [info] Vertex size: 33, Edge size: 56, Ring size: 13
[2023-11-16 13:19:36.875] [info] Started D-reducibility check
[2023-11-16 13:19:36.876] [info] #1: Feasible / Total: 11201 / 66430
[2023-11-16 13:22:04.448] [info] #2: Feasible / Total: 17212 / 66430
[2023-11-16 13:23:17.603] [info] #3: Feasible / Total: 24157 / 66430
[2023-11-16 13:24:14.327] [info] #4: Feasible / Total: 32167 / 66430
[2023-11-16 13:24:51.256] [info] #5: Feasible / Total: 40516 / 66430
[2023-11-16 13:24:56.729] [info] #6: Feasible / Total: 42332 / 66430
[2023-11-16 13:24:58.145] [info] #7: Feasible / Total: 42382 / 66430
[2023-11-16 13:24:59.118] [info] #8: Feasible / Total: 42388 / 66430
[2023-11-16 13:25:00.154] [info] #8: Feasible / Total: 42388 / 66430
[2023-11-16 13:25:00.154] [info] Graph is not D-reducible.
[2023-11-16 13:25:00.203] [info] Started C-reducibility check
[2023-11-16 13:32:36.369] [info] Trying 17109202 possible contractions
[2023-11-16 13:32:36.394] [info] [0/17109202] Starting contraction of size 1
[2023-11-16 13:33:26.711] [info] [43/17109202] Starting contraction of size 2
[2023-11-16 13:45:35.136] [info] [873/17109202] Starting contraction of size 3
[2023-11-16 13:51:52.656] [info] All colors passed! Contracted: 24, 30, 45
[2023-11-16 13:51:52.656] [info] Graph is C-reducible!
