[2024-04-17 12:19:02.575] [info] Kempe type: Toroidal
[2024-04-17 12:19:02.575] [info] Vertex size: 31, Edge size: 53, Ring size: 13
[2024-04-17 12:19:02.715] [info] Started D-reducibility check
[2024-04-17 12:19:02.715] [info] #1: Feasible / Total: 8635 / 66430
[2024-04-17 12:19:10.677] [info] #2: Feasible / Total: 11324 / 66430
[2024-04-17 12:19:14.871] [info] #3: Feasible / Total: 13431 / 66430
[2024-04-17 12:19:17.699] [info] #4: Feasible / Total: 14815 / 66430
[2024-04-17 12:19:19.625] [info] #5: Feasible / Total: 15521 / 66430
[2024-04-17 12:19:20.849] [info] #6: Feasible / Total: 15878 / 66430
[2024-04-17 12:19:21.760] [info] #7: Feasible / Total: 16217 / 66430
[2024-04-17 12:19:22.726] [info] #8: Feasible / Total: 16513 / 66430
[2024-04-17 12:19:23.683] [info] #9: Feasible / Total: 16798 / 66430
[2024-04-17 12:19:24.511] [info] #10: Feasible / Total: 17050 / 66430
[2024-04-17 12:19:25.312] [info] #11: Feasible / Total: 17287 / 66430
[2024-04-17 12:19:26.150] [info] #12: Feasible / Total: 17525 / 66430
[2024-04-17 12:19:26.737] [info] #13: Feasible / Total: 17697 / 66430
[2024-04-17 12:19:27.285] [info] #14: Feasible / Total: 17889 / 66430
[2024-04-17 12:19:28.073] [info] #15: Feasible / Total: 18110 / 66430
[2024-04-17 12:19:28.784] [info] #16: Feasible / Total: 18398 / 66430
[2024-04-17 12:19:29.528] [info] #17: Feasible / Total: 18650 / 66430
[2024-04-17 12:19:30.108] [info] #18: Feasible / Total: 18774 / 66430
[2024-04-17 12:19:30.646] [info] #19: Feasible / Total: 18866 / 66430
[2024-04-17 12:19:31.202] [info] #20: Feasible / Total: 18943 / 66430
[2024-04-17 12:19:31.591] [info] #21: Feasible / Total: 18987 / 66430
[2024-04-17 12:19:32.030] [info] #22: Feasible / Total: 19111 / 66430
[2024-04-17 12:19:32.529] [info] #23: Feasible / Total: 19190 / 66430
[2024-04-17 12:19:32.972] [info] #24: Feasible / Total: 19272 / 66430
[2024-04-17 12:19:33.467] [info] #25: Feasible / Total: 19410 / 66430
[2024-04-17 12:19:34.009] [info] #26: Feasible / Total: 19549 / 66430
[2024-04-17 12:19:34.525] [info] #27: Feasible / Total: 19689 / 66430
[2024-04-17 12:19:35.262] [info] #28: Feasible / Total: 19887 / 66430
[2024-04-17 12:19:36.167] [info] #29: Feasible / Total: 20152 / 66430
[2024-04-17 12:19:37.138] [info] #30: Feasible / Total: 20524 / 66430
[2024-04-17 12:19:38.325] [info] #31: Feasible / Total: 21104 / 66430
[2024-04-17 12:19:39.528] [info] #32: Feasible / Total: 21782 / 66430
[2024-04-17 12:19:40.822] [info] #33: Feasible / Total: 22578 / 66430
[2024-04-17 12:19:41.925] [info] #34: Feasible / Total: 23230 / 66430
[2024-04-17 12:19:42.996] [info] #35: Feasible / Total: 23825 / 66430
[2024-04-17 12:19:44.405] [info] #36: Feasible / Total: 24609 / 66430
[2024-04-17 12:19:46.044] [info] #37: Feasible / Total: 25498 / 66430
[2024-04-17 12:19:47.690] [info] #38: Feasible / Total: 26552 / 66430
[2024-04-17 12:19:49.806] [info] #39: Feasible / Total: 27861 / 66430
[2024-04-17 12:19:52.183] [info] #40: Feasible / Total: 29568 / 66430
[2024-04-17 12:19:54.214] [info] #41: Feasible / Total: 31173 / 66430
[2024-04-17 12:19:55.461] [info] #42: Feasible / Total: 32317 / 66430
[2024-04-17 12:19:56.119] [info] #43: Feasible / Total: 32837 / 66430
[2024-04-17 12:19:56.460] [info] #44: Feasible / Total: 32959 / 66430
[2024-04-17 12:19:56.706] [info] #45: Feasible / Total: 32982 / 66430
[2024-04-17 12:19:56.935] [info] #46: Feasible / Total: 32988 / 66430
[2024-04-17 12:19:57.167] [info] #47: Feasible / Total: 32991 / 66430
[2024-04-17 12:19:57.396] [info] #47: Feasible / Total: 32991 / 66430
[2024-04-17 12:19:57.396] [info] Graph is not D-reducible.
[2024-04-17 12:19:57.402] [info] Started C-reducibility check
[2024-04-17 12:20:08.344] [info] Trying 8092701 possible contractions
[2024-04-17 12:20:08.344] [info] [0/8092701] Starting contraction of size 1
[2024-04-17 12:20:12.282] [info] [40/8092701] Starting contraction of size 2
[2024-04-17 12:21:12.943] [info] [753/8092701] Starting contraction of size 3
[2024-04-17 12:30:28.020] [info] [8253/8092701] Starting contraction of size 4
[2024-04-17 13:25:49.652] [info] [60270/8092701] Starting contraction of size 5
[2024-04-17 17:18:24.162] [info] [312382/8092701] Starting contraction of size 6
[2024-04-18 05:26:28.755] [info] [1197416/8092701] Starting contraction of size 7
[2024-04-18 16:34:18.994] [info] All colors passed! Contracted: 16, 26, 31, 38, 41, 43, 44
[2024-04-18 16:34:18.994] [info] Graph is C-reducible!
