[2024-04-18 16:07:16.099] [info] Kempe type: Toroidal
[2024-04-18 16:07:16.099] [info] Vertex size: 37, Edge size: 63, Ring size: 15
[2024-04-18 16:07:18.421] [info] Started D-reducibility check
[2024-04-18 16:07:18.421] [info] #1: Feasible / Total: 58182 / 597871
[2024-04-18 16:13:57.364] [info] #2: Feasible / Total: 82477 / 597871
[2024-04-18 16:17:52.298] [info] #3: Feasible / Total: 100477 / 597871
[2024-04-18 16:21:44.105] [info] #4: Feasible / Total: 118244 / 597871
[2024-04-18 16:25:23.863] [info] #5: Feasible / Total: 135404 / 597871
[2024-04-18 16:29:20.593] [info] #6: Feasible / Total: 154445 / 597871
[2024-04-18 16:34:15.430] [info] #7: Feasible / Total: 180963 / 597871
[2024-04-18 16:40:14.175] [info] #8: Feasible / Total: 219238 / 597871
[2024-04-18 16:47:23.689] [info] #9: Feasible / Total: 279344 / 597871
[2024-04-18 16:55:04.876] [info] #10: Feasible / Total: 363124 / 597871
[2024-04-18 16:59:48.886] [info] #11: Feasible / Total: 445873 / 597871
[2024-04-18 17:00:35.959] [info] #12: Feasible / Total: 473215 / 597871
[2024-04-18 17:00:37.747] [info] #13: Feasible / Total: 473311 / 597871
[2024-04-18 17:00:39.331] [info] #13: Feasible / Total: 473311 / 597871
[2024-04-18 17:00:39.331] [info] Graph is not D-reducible.
[2024-04-18 17:00:39.405] [info] Started C-reducibility check
[2024-04-18 17:02:10.943] [info] Trying 55809690 possible contractions
[2024-04-18 17:02:10.943] [info] [0/55809690] Starting contraction of size 1
[2024-04-18 17:02:14.926] [info] All colors passed! Contracted: 37
[2024-04-18 17:02:14.926] [info] Graph is C-reducible!
