[2024-06-16 18:39:11.495] [info] Kempe type: Toroidal
[2024-06-16 18:39:11.495] [info] Vertex size: 31, Edge size: 53, Ring size: 13
[2024-06-16 18:39:12.583] [info] Started D-reducibility check
[2024-06-16 18:39:12.586] [info] #1: Feasible / Total: 9837 / 66430
[2024-06-16 18:39:34.477] [info] #2: Feasible / Total: 14411 / 66430
[2024-06-16 18:39:42.847] [info] #3: Feasible / Total: 17463 / 66430
[2024-06-16 18:39:50.691] [info] #4: Feasible / Total: 20687 / 66430
[2024-06-16 18:40:03.820] [info] #5: Feasible / Total: 25383 / 66430
[2024-06-16 18:40:20.644] [info] #6: Feasible / Total: 32948 / 66430
[2024-06-16 18:40:36.039] [info] #7: Feasible / Total: 42507 / 66430
[2024-06-16 18:40:41.669] [info] #8: Feasible / Total: 49068 / 66430
[2024-06-16 18:40:43.049] [info] #9: Feasible / Total: 50844 / 66430
[2024-06-16 18:40:43.331] [info] #10: Feasible / Total: 50972 / 66430
[2024-06-16 18:40:43.471] [info] #10: Feasible / Total: 50972 / 66430
[2024-06-16 18:40:43.471] [info] Graph is not D-reducible.
[2024-06-16 18:40:43.479] [info] Started C-reducibility check
[2024-06-16 18:40:58.836] [info] Trying 8094929 possible contractions
[2024-06-16 18:40:58.836] [info] [0/8094929] Starting contraction of size 1
[2024-06-16 18:40:59.243] [info] All colors passed! Contracted: 17
[2024-06-16 18:40:59.243] [info] Graph is C-reducible!
