[2023-11-16 18:02:40.964] [info] Kempe type: Toroidal
[2023-11-16 18:02:40.964] [info] Vertex size: 30, Edge size: 51, Ring size: 12
[2023-11-16 18:02:43.120] [info] Started D-reducibility check
[2023-11-16 18:02:43.120] [info] #1: Feasible / Total: 4289 / 22144
[2023-11-16 18:03:25.596] [info] #2: Feasible / Total: 6245 / 22144
[2023-11-16 18:03:39.077] [info] #3: Feasible / Total: 8185 / 22144
[2023-11-16 18:03:53.491] [info] #4: Feasible / Total: 10366 / 22144
[2023-11-16 18:04:02.391] [info] #5: Feasible / Total: 12963 / 22144
[2023-11-16 18:04:04.547] [info] #6: Feasible / Total: 13752 / 22144
[2023-11-16 18:04:05.032] [info] #7: Feasible / Total: 13771 / 22144
[2023-11-16 18:04:05.465] [info] #8: Feasible / Total: 13772 / 22144
[2023-11-16 18:04:05.906] [info] #8: Feasible / Total: 13772 / 22144
[2023-11-16 18:04:05.906] [info] Graph is not D-reducible.
[2023-11-16 18:04:05.909] [info] Started C-reducibility check
[2023-11-16 18:07:07.100] [info] Trying 6020531 possible contractions
[2023-11-16 18:07:07.101] [info] [0/6020531] Starting contraction of size 1
[2023-11-16 18:07:48.079] [info] [39/6020531] Starting contraction of size 2
[2023-11-16 18:17:11.759] [info] [714/6020531] Starting contraction of size 3
[2023-11-16 19:23:45.602] [info] [7577/6020531] Starting contraction of size 4
[2023-11-16 20:13:26.327] [info] All colors passed! Contracted: 13, 15, 19, 45
[2023-11-16 20:13:26.346] [info] Graph is C-reducible!
