[2023-11-19 22:11:34.290] [info] Kempe type: Toroidal
[2023-11-19 22:11:34.295] [info] Vertex size: 40, Edge size: 68, Ring size: 16
[2023-11-19 22:14:27.871] [info] Started D-reducibility check
[2023-11-19 22:14:27.882] [info] #1: Feasible / Total: 162684 / 1793614
[2023-11-20 15:59:12.250] [info] #2: Feasible / Total: 268400 / 1793614
[2023-11-21 04:46:26.772] [info] #3: Feasible / Total: 356816 / 1793614
[2023-11-21 16:20:20.791] [info] #4: Feasible / Total: 450867 / 1793614
[2023-11-22 09:37:15.916] [info] #5: Feasible / Total: 563801 / 1793614
[2023-11-23 00:18:20.668] [info] #6: Feasible / Total: 722113 / 1793614
[2023-11-23 14:42:58.428] [info] #7: Feasible / Total: 960072 / 1793614
[2023-11-23 23:55:48.421] [info] #8: Feasible / Total: 1279669 / 1793614
[2023-11-24 02:07:03.112] [info] #9: Feasible / Total: 1451959 / 1793614
[2023-11-24 02:09:25.154] [info] #10: Feasible / Total: 1456174 / 1793614
[2023-11-24 02:10:13.580] [info] #10: Feasible / Total: 1456174 / 1793614
[2023-11-24 02:10:13.580] [info] Graph is not D-reducible.
[2023-11-24 02:10:16.201] [info] Started C-reducibility check
[2023-11-24 09:11:44.281] [info] Trying 127350566 possible contractions
[2023-11-24 09:11:44.286] [info] [0/127350566] Starting contraction of size 1
[2023-11-24 09:13:57.510] [info] All colors passed! Contracted: 44
[2023-11-24 09:13:57.511] [info] Graph is C-reducible!
