[2023-11-16 13:46:30.445] [info] Kempe type: Toroidal
[2023-11-16 13:46:30.445] [info] Vertex size: 29, Edge size: 50, Ring size: 13
[2023-11-16 13:46:32.648] [info] Started D-reducibility check
[2023-11-16 13:46:32.649] [info] #1: Feasible / Total: 8952 / 66430
[2023-11-16 13:48:05.434] [info] #2: Feasible / Total: 10990 / 66430
[2023-11-16 13:48:26.471] [info] #3: Feasible / Total: 11939 / 66430
[2023-11-16 13:48:41.692] [info] #4: Feasible / Total: 12688 / 66430
[2023-11-16 13:48:55.925] [info] #5: Feasible / Total: 13406 / 66430
[2023-11-16 13:49:06.050] [info] #6: Feasible / Total: 14027 / 66430
[2023-11-16 13:49:18.007] [info] #7: Feasible / Total: 14568 / 66430
[2023-11-16 13:49:29.533] [info] #8: Feasible / Total: 15128 / 66430
[2023-11-16 13:49:40.552] [info] #9: Feasible / Total: 15686 / 66430
[2023-11-16 13:49:52.714] [info] #10: Feasible / Total: 16254 / 66430
[2023-11-16 13:50:03.166] [info] #11: Feasible / Total: 16795 / 66430
[2023-11-16 13:50:09.647] [info] #12: Feasible / Total: 17154 / 66430
[2023-11-16 13:50:17.279] [info] #13: Feasible / Total: 17538 / 66430
[2023-11-16 13:50:25.400] [info] #14: Feasible / Total: 17920 / 66430
[2023-11-16 13:50:31.959] [info] #15: Feasible / Total: 18301 / 66430
[2023-11-16 13:50:39.672] [info] #16: Feasible / Total: 18692 / 66430
[2023-11-16 13:50:45.310] [info] #17: Feasible / Total: 19123 / 66430
[2023-11-16 13:50:52.803] [info] #18: Feasible / Total: 19600 / 66430
[2023-11-16 13:51:00.520] [info] #19: Feasible / Total: 20216 / 66430
[2023-11-16 13:51:08.045] [info] #20: Feasible / Total: 20786 / 66430
[2023-11-16 13:51:17.291] [info] #21: Feasible / Total: 21382 / 66430
[2023-11-16 13:51:24.713] [info] #22: Feasible / Total: 21930 / 66430
[2023-11-16 13:51:29.357] [info] #23: Feasible / Total: 22212 / 66430
[2023-11-16 13:51:33.110] [info] #24: Feasible / Total: 22395 / 66430
[2023-11-16 13:51:36.156] [info] #25: Feasible / Total: 22561 / 66430
[2023-11-16 13:51:40.463] [info] #26: Feasible / Total: 22740 / 66430
[2023-11-16 13:51:46.379] [info] #27: Feasible / Total: 22986 / 66430
[2023-11-16 13:51:50.173] [info] #28: Feasible / Total: 23153 / 66430
[2023-11-16 13:51:53.210] [info] #29: Feasible / Total: 23350 / 66430
[2023-11-16 13:51:58.055] [info] #30: Feasible / Total: 23660 / 66430
[2023-11-16 13:52:04.015] [info] #31: Feasible / Total: 24119 / 66430
[2023-11-16 13:52:14.047] [info] #32: Feasible / Total: 24856 / 66430
[2023-11-16 13:52:23.188] [info] #33: Feasible / Total: 25677 / 66430
[2023-11-16 13:52:32.657] [info] #34: Feasible / Total: 26687 / 66430
[2023-11-16 13:52:43.179] [info] #35: Feasible / Total: 27795 / 66430
[2023-11-16 13:52:54.991] [info] #36: Feasible / Total: 29088 / 66430
[2023-11-16 13:53:04.348] [info] #37: Feasible / Total: 30239 / 66430
[2023-11-16 13:53:14.809] [info] #38: Feasible / Total: 31509 / 66430
[2023-11-16 13:53:30.105] [info] #39: Feasible / Total: 33782 / 66430
[2023-11-16 13:54:04.335] [info] #40: Feasible / Total: 39758 / 66430
[2023-11-16 13:54:32.506] [info] #41: Feasible / Total: 46034 / 66430
[2023-11-16 13:54:58.314] [info] #42: Feasible / Total: 53223 / 66430
[2023-11-16 13:55:04.015] [info] #43: Feasible / Total: 57057 / 66430
[2023-11-16 13:55:04.377] [info] #44: Feasible / Total: 57070 / 66430
[2023-11-16 13:55:04.741] [info] #44: Feasible / Total: 57070 / 66430
[2023-11-16 13:55:04.741] [info] Graph is not D-reducible.
[2023-11-16 13:55:04.778] [info] Started C-reducibility check
[2023-11-16 13:55:51.304] [info] Trying 3655916 possible contractions
[2023-11-16 13:55:51.304] [info] [0/3655916] Starting contraction of size 1
[2023-11-16 13:55:51.975] [info] All colors passed! Contracted: 23
[2023-11-16 13:55:51.975] [info] Graph is C-reducible!
