[2024-06-14 12:22:48.628] [info] Kempe type: Toroidal
[2024-06-14 12:22:48.628] [info] Vertex size: 43, Edge size: 73, Ring size: 17
[2024-06-14 12:23:37.500] [info] Started D-reducibility check
[2024-06-14 12:23:37.500] [info] #1: Feasible / Total: 384440 / 5380840
[2024-06-14 19:55:32.765] [info] #2: Feasible / Total: 505947 / 5380840
[2024-06-14 22:14:21.702] [info] #3: Feasible / Total: 571927 / 5380840
[2024-06-14 23:54:50.910] [info] #4: Feasible / Total: 607807 / 5380840
[2024-06-15 01:07:53.796] [info] #5: Feasible / Total: 630807 / 5380840
[2024-06-15 02:05:01.889] [info] #6: Feasible / Total: 649628 / 5380840
[2024-06-15 03:03:07.756] [info] #7: Feasible / Total: 668613 / 5380840
[2024-06-15 04:00:02.630] [info] #8: Feasible / Total: 689232 / 5380840
[2024-06-15 04:54:44.041] [info] #9: Feasible / Total: 710679 / 5380840
[2024-06-15 05:43:55.979] [info] #10: Feasible / Total: 730166 / 5380840
[2024-06-15 06:26:26.300] [info] #11: Feasible / Total: 746184 / 5380840
[2024-06-15 07:03:45.547] [info] #12: Feasible / Total: 759258 / 5380840
[2024-06-15 07:34:11.883] [info] #13: Feasible / Total: 770548 / 5380840
[2024-06-15 08:02:01.863] [info] #14: Feasible / Total: 780657 / 5380840
[2024-06-15 08:28:20.812] [info] #15: Feasible / Total: 789989 / 5380840
[2024-06-15 08:52:07.624] [info] #16: Feasible / Total: 797987 / 5380840
[2024-06-15 09:16:29.305] [info] #17: Feasible / Total: 805673 / 5380840
[2024-06-15 09:40:09.490] [info] #18: Feasible / Total: 813115 / 5380840
[2024-06-15 10:02:13.768] [info] #19: Feasible / Total: 820346 / 5380840
[2024-06-15 10:24:07.075] [info] #20: Feasible / Total: 828043 / 5380840
[2024-06-15 10:47:33.525] [info] #21: Feasible / Total: 835927 / 5380840
[2024-06-15 11:08:36.080] [info] #22: Feasible / Total: 843408 / 5380840
[2024-06-15 11:28:58.596] [info] #23: Feasible / Total: 850014 / 5380840
[2024-06-15 11:47:11.632] [info] #24: Feasible / Total: 855750 / 5380840
[2024-06-15 12:06:41.645] [info] #25: Feasible / Total: 861486 / 5380840
[2024-06-15 12:26:30.138] [info] #26: Feasible / Total: 867330 / 5380840
[2024-06-15 12:46:27.920] [info] #27: Feasible / Total: 872909 / 5380840
[2024-06-15 13:05:18.402] [info] #28: Feasible / Total: 878880 / 5380840
[2024-06-15 13:25:23.763] [info] #29: Feasible / Total: 884824 / 5380840
[2024-06-15 13:44:08.556] [info] #30: Feasible / Total: 890503 / 5380840
[2024-06-15 14:02:21.593] [info] #31: Feasible / Total: 896290 / 5380840
[2024-06-15 14:20:58.425] [info] #32: Feasible / Total: 902017 / 5380840
[2024-06-15 14:36:56.497] [info] #33: Feasible / Total: 907989 / 5380840
[2024-06-15 14:56:06.413] [info] #34: Feasible / Total: 914629 / 5380840
[2024-06-15 15:17:21.900] [info] #35: Feasible / Total: 921689 / 5380840
[2024-06-15 15:42:47.992] [info] #36: Feasible / Total: 929166 / 5380840
[2024-06-15 16:05:37.515] [info] #37: Feasible / Total: 936458 / 5380840
[2024-06-15 16:26:28.540] [info] #38: Feasible / Total: 943994 / 5380840
[2024-06-15 16:49:03.315] [info] #39: Feasible / Total: 952277 / 5380840
[2024-06-15 17:13:13.832] [info] #40: Feasible / Total: 961141 / 5380840
[2024-06-15 17:41:27.738] [info] #41: Feasible / Total: 971067 / 5380840
[2024-06-15 18:12:42.968] [info] #42: Feasible / Total: 982006 / 5380840
[2024-06-15 18:47:00.834] [info] #43: Feasible / Total: 993227 / 5380840
[2024-06-15 19:19:23.890] [info] #44: Feasible / Total: 1004779 / 5380840
[2024-06-15 19:54:04.371] [info] #45: Feasible / Total: 1016373 / 5380840
[2024-06-15 20:30:50.965] [info] #46: Feasible / Total: 1028596 / 5380840
[2024-06-15 21:08:57.191] [info] #47: Feasible / Total: 1041311 / 5380840
[2024-06-15 21:48:18.302] [info] #48: Feasible / Total: 1054723 / 5380840
[2024-06-15 22:33:25.754] [info] #49: Feasible / Total: 1069783 / 5380840
[2024-06-15 23:17:30.629] [info] #50: Feasible / Total: 1085901 / 5380840
[2024-06-16 00:02:25.958] [info] #51: Feasible / Total: 1103140 / 5380840
[2024-06-16 00:48:33.219] [info] #52: Feasible / Total: 1121204 / 5380840
[2024-06-16 01:37:53.070] [info] #53: Feasible / Total: 1140596 / 5380840
[2024-06-16 02:32:39.755] [info] #54: Feasible / Total: 1161892 / 5380840
[2024-06-16 03:33:05.781] [info] #55: Feasible / Total: 1186083 / 5380840
[2024-06-16 04:32:57.563] [info] #56: Feasible / Total: 1212460 / 5380840
[2024-06-16 05:37:22.326] [info] #57: Feasible / Total: 1241914 / 5380840
[2024-06-16 06:47:35.151] [info] #58: Feasible / Total: 1274059 / 5380840
[2024-06-16 08:03:32.749] [info] #59: Feasible / Total: 1309705 / 5380840
[2024-06-16 09:27:38.040] [info] #60: Feasible / Total: 1349077 / 5380840
[2024-06-16 11:02:27.245] [info] #61: Feasible / Total: 1392700 / 5380840
[2024-06-16 12:50:59.186] [info] #62: Feasible / Total: 1444603 / 5380840
[2024-06-16 14:44:11.118] [info] #63: Feasible / Total: 1503989 / 5380840
[2024-06-16 16:59:15.310] [info] #64: Feasible / Total: 1571118 / 5380840
[2024-06-16 19:28:32.092] [info] #65: Feasible / Total: 1646660 / 5380840
[2024-06-16 22:20:04.204] [info] #66: Feasible / Total: 1729756 / 5380840
[2024-06-17 01:26:48.584] [info] #67: Feasible / Total: 1818036 / 5380840
[2024-06-17 04:48:41.767] [info] #68: Feasible / Total: 1915472 / 5380840
[2024-06-17 08:21:29.687] [info] #69: Feasible / Total: 2027716 / 5380840
[2024-06-17 12:10:23.977] [info] #70: Feasible / Total: 2151279 / 5380840
[2024-06-17 16:23:13.969] [info] #71: Feasible / Total: 2290530 / 5380840
[2024-06-17 20:26:17.606] [info] #72: Feasible / Total: 2449484 / 5380840
[2024-06-18 00:06:07.773] [info] #73: Feasible / Total: 2597539 / 5380840
[2024-06-18 02:56:51.080] [info] #74: Feasible / Total: 2714196 / 5380840
[2024-06-18 04:50:17.177] [info] #75: Feasible / Total: 2782525 / 5380840
[2024-06-18 06:54:36.332] [info] #76: Feasible / Total: 2855218 / 5380840
[2024-06-18 09:21:22.967] [info] #77: Feasible / Total: 2952591 / 5380840
[2024-06-18 10:03:16.580] [info] #78: Feasible / Total: 2979710 / 5380840
[2024-06-18 10:08:47.201] [info] #79: Feasible / Total: 2981483 / 5380840
[2024-06-18 10:11:11.981] [info] #80: Feasible / Total: 2981498 / 5380840
[2024-06-18 10:13:39.005] [info] #80: Feasible / Total: 2981498 / 5380840
[2024-06-18 10:13:39.005] [info] Graph is not D-reducible.
[2024-06-18 10:13:41.732] [info] Started C-reducibility check
[2024-06-18 10:22:26.052] [info] Trying 271254904 possible contractions
[2024-06-18 10:22:26.053] [info] [0/271254904] Starting contraction of size 1
[2024-06-18 10:29:24.865] [info] All colors passed! Contracted: 18
[2024-06-18 10:29:24.865] [info] Graph is C-reducible!
