[2024-10-19 14:57:10.449] [info] Kempe type: Toroidal
[2024-10-19 14:57:10.451] [info] Vertex size: 34, Edge size: 58, Ring size: 14
[2024-10-19 14:57:21.324] [info] Started D-reducibility check
[2024-10-19 14:57:21.324] [info] #1: Feasible / Total: 26213 / 199291
[2024-10-19 15:22:45.723] [info] #2: Feasible / Total: 37876 / 199291
[2024-10-19 15:32:41.025] [info] #3: Feasible / Total: 47469 / 199291
[2024-10-19 15:44:48.923] [info] #4: Feasible / Total: 60883 / 199291
[2024-10-19 16:01:30.030] [info] #5: Feasible / Total: 85433 / 199291
[2024-10-19 16:19:21.264] [info] #6: Feasible / Total: 127063 / 199291
[2024-10-19 16:29:11.397] [info] #7: Feasible / Total: 173369 / 199291
[2024-10-19 16:30:10.130] [info] #8: Feasible / Total: 182526 / 199291
[2024-10-19 16:30:12.171] [info] #9: Feasible / Total: 182571 / 199291
[2024-10-19 16:30:13.159] [info] #9: Feasible / Total: 182571 / 199291
[2024-10-19 16:30:13.188] [info] Graph is not D-reducible.
[2024-10-19 16:30:13.310] [info] Started C-reducibility check
[2024-10-19 16:30:41.320] [info] Trying 2436515 possible contractions
[2024-10-19 16:30:41.352] [info] [0/2436515] Starting contraction of size 1
[2024-10-19 16:35:17.881] [info] [44/2436515] Starting contraction of size 2
[2024-10-19 17:49:30.262] [info] [916/2436515] Starting contraction of size 3
[2024-10-19 21:26:43.345] [info] All colors passed! Contracted: 46, 48, 57
[2024-10-19 21:26:43.345] [info] Graph is C-reducible!
