[2023-12-05 15:25:06.053] [info] Kempe type: Toroidal
[2023-12-05 15:25:06.053] [info] Vertex size: 35, Edge size: 60, Ring size: 15
[2023-12-05 15:25:10.804] [info] Started D-reducibility check
[2023-12-05 15:25:10.815] [info] #1: Feasible / Total: 58251 / 597871
[2023-12-05 17:45:33.512] [info] #2: Feasible / Total: 72717 / 597871
[2023-12-05 18:29:23.345] [info] #3: Feasible / Total: 78566 / 597871
[2023-12-05 18:51:59.037] [info] #4: Feasible / Total: 82129 / 597871
[2023-12-05 19:09:17.346] [info] #5: Feasible / Total: 84794 / 597871
[2023-12-05 19:25:52.841] [info] #6: Feasible / Total: 87145 / 597871
[2023-12-05 19:38:42.291] [info] #7: Feasible / Total: 89151 / 597871
[2023-12-05 19:51:20.751] [info] #8: Feasible / Total: 91056 / 597871
[2023-12-05 20:03:01.094] [info] #9: Feasible / Total: 92831 / 597871
[2023-12-05 20:13:59.045] [info] #10: Feasible / Total: 94539 / 597871
[2023-12-05 20:23:58.573] [info] #11: Feasible / Total: 96226 / 597871
[2023-12-05 20:35:12.527] [info] #12: Feasible / Total: 98135 / 597871
[2023-12-05 20:48:18.223] [info] #13: Feasible / Total: 100260 / 597871
[2023-12-05 21:02:15.304] [info] #14: Feasible / Total: 102488 / 597871
[2023-12-05 21:15:20.090] [info] #15: Feasible / Total: 104782 / 597871
[2023-12-05 21:28:07.726] [info] #16: Feasible / Total: 107176 / 597871
[2023-12-05 21:43:04.102] [info] #17: Feasible / Total: 109996 / 597871
[2023-12-05 21:57:20.710] [info] #18: Feasible / Total: 112891 / 597871
[2023-12-05 22:13:18.048] [info] #19: Feasible / Total: 115838 / 597871
[2023-12-05 22:30:54.608] [info] #20: Feasible / Total: 119180 / 597871
[2023-12-05 22:51:19.959] [info] #21: Feasible / Total: 123210 / 597871
[2023-12-05 23:13:24.327] [info] #22: Feasible / Total: 127811 / 597871
[2023-12-05 23:36:22.087] [info] #23: Feasible / Total: 133608 / 597871
[2023-12-06 00:02:38.706] [info] #24: Feasible / Total: 140919 / 597871
[2023-12-06 00:33:58.736] [info] #25: Feasible / Total: 150878 / 597871
[2023-12-06 01:19:58.388] [info] #26: Feasible / Total: 165547 / 597871
[2023-12-06 02:22:02.545] [info] #27: Feasible / Total: 185973 / 597871
[2023-12-06 03:40:01.750] [info] #28: Feasible / Total: 212553 / 597871
[2023-12-06 05:17:06.470] [info] #29: Feasible / Total: 248721 / 597871
[2023-12-06 07:13:11.393] [info] #30: Feasible / Total: 298921 / 597871
[2023-12-06 09:30:51.479] [info] #31: Feasible / Total: 376763 / 597871
[2023-12-06 11:12:29.835] [info] #32: Feasible / Total: 461503 / 597871
[2023-12-06 11:30:21.806] [info] #33: Feasible / Total: 480460 / 597871
[2023-12-06 11:31:13.133] [info] #34: Feasible / Total: 480553 / 597871
[2023-12-06 11:31:52.137] [info] #34: Feasible / Total: 480553 / 597871
[2023-12-06 11:31:52.137] [info] Graph is not D-reducible.
[2023-12-06 11:31:53.646] [info] Started C-reducibility check
[2023-12-06 12:26:23.419] [info] Trying 103265 possible contractions
[2023-12-06 12:26:23.419] [info] [0/103265] Starting contraction of size 1
[2023-12-06 12:44:10.916] [info] [45/103265] Starting contraction of size 2
[2023-12-06 17:54:14.105] [info] [960/103265] Starting contraction of size 3
[2023-12-07 23:18:03.568] [info] All colors passed! Contracted: 27, 29, 59
[2023-12-07 23:18:03.568] [info] Graph is C-reducible!
