[2023-11-16 13:18:54.278] [info] Kempe type: Toroidal
[2023-11-16 13:18:54.278] [info] Vertex size: 30, Edge size: 51, Ring size: 12
[2023-11-16 13:18:54.679] [info] Started D-reducibility check
[2023-11-16 13:18:54.679] [info] #1: Feasible / Total: 4749 / 22144
[2023-11-16 13:19:03.415] [info] #2: Feasible / Total: 7115 / 22144
[2023-11-16 13:19:06.127] [info] #3: Feasible / Total: 8726 / 22144
[2023-11-16 13:19:06.804] [info] #4: Feasible / Total: 9612 / 22144
[2023-11-16 13:19:07.428] [info] #5: Feasible / Total: 10142 / 22144
[2023-11-16 13:19:08.134] [info] #6: Feasible / Total: 10699 / 22144
[2023-11-16 13:19:09.192] [info] #7: Feasible / Total: 11834 / 22144
[2023-11-16 13:19:10.005] [info] #8: Feasible / Total: 13310 / 22144
[2023-11-16 13:19:10.169] [info] #9: Feasible / Total: 13651 / 22144
[2023-11-16 13:19:10.219] [info] #10: Feasible / Total: 13656 / 22144
[2023-11-16 13:19:10.263] [info] #10: Feasible / Total: 13656 / 22144
[2023-11-16 13:19:10.263] [info] Graph is not D-reducible.
[2023-11-16 13:19:10.267] [info] Started C-reducibility check
[2023-11-16 13:19:35.887] [info] Trying 6045424 possible contractions
[2023-11-16 13:19:35.887] [info] [0/6045424] Starting contraction of size 1
[2023-11-16 13:19:39.215] [info] [39/6045424] Starting contraction of size 2
[2023-11-16 13:21:34.057] [info] [714/6045424] Starting contraction of size 3
[2023-11-16 13:51:05.092] [info] [7578/6045424] Starting contraction of size 4
[2023-11-16 14:51:50.607] [info] All colors passed! Contracted: 27, 29, 36, 43
[2023-11-16 14:51:50.607] [info] Graph is C-reducible!
