[2024-03-25 22:53:08.327] [info] Kempe type: Toroidal
[2024-03-25 22:53:08.327] [info] Vertex size: 34, Edge size: 58, Ring size: 14
[2024-03-25 22:53:09.133] [info] Started D-reducibility check
[2024-03-25 22:53:09.133] [info] #1: Feasible / Total: 23472 / 199291
[2024-03-25 22:54:55.582] [info] #2: Feasible / Total: 31381 / 199291
[2024-03-25 22:55:36.509] [info] #3: Feasible / Total: 36732 / 199291
[2024-03-25 22:56:11.058] [info] #4: Feasible / Total: 41857 / 199291
[2024-03-25 22:56:49.236] [info] #5: Feasible / Total: 47868 / 199291
[2024-03-25 22:57:32.948] [info] #6: Feasible / Total: 57088 / 199291
[2024-03-25 22:58:44.963] [info] #7: Feasible / Total: 72334 / 199291
[2024-03-25 23:00:30.271] [info] #8: Feasible / Total: 98772 / 199291
[2024-03-25 23:02:31.983] [info] #9: Feasible / Total: 144362 / 199291
[2024-03-25 23:03:19.278] [info] #10: Feasible / Total: 187651 / 199291
[2024-03-25 23:03:21.021] [info] #11: Feasible / Total: 191227 / 199291
[2024-03-25 23:03:21.102] [info] #11: Feasible / Total: 191227 / 199291
[2024-03-25 23:03:21.102] [info] Graph is not D-reducible.
[2024-03-25 23:03:21.126] [info] Started C-reducibility check
[2024-03-25 23:03:57.041] [info] Trying 22383697 possible contractions
[2024-03-25 23:03:57.041] [info] [0/22383697] Starting contraction of size 1
[2024-03-25 23:03:57.483] [info] All colors passed! Contracted: 16
[2024-03-25 23:03:57.483] [info] Graph is C-reducible!
