[2023-11-28 23:33:14.911] [info] Kempe type: Toroidal
[2023-11-28 23:33:14.912] [info] Vertex size: 31, Edge size: 53, Ring size: 13
[2023-11-28 23:33:15.664] [info] Started D-reducibility check
[2023-11-28 23:33:15.664] [info] #1: Feasible / Total: 10070 / 66430
[2023-11-28 23:34:14.455] [info] #2: Feasible / Total: 13487 / 66430
[2023-11-28 23:34:37.944] [info] #3: Feasible / Total: 15943 / 66430
[2023-11-28 23:34:59.029] [info] #4: Feasible / Total: 18019 / 66430
[2023-11-28 23:35:23.957] [info] #5: Feasible / Total: 20271 / 66430
[2023-11-28 23:35:55.693] [info] #6: Feasible / Total: 23892 / 66430
[2023-11-28 23:36:36.394] [info] #7: Feasible / Total: 29808 / 66430
[2023-11-28 23:37:14.408] [info] #8: Feasible / Total: 38114 / 66430
[2023-11-28 23:37:48.456] [info] #9: Feasible / Total: 48453 / 66430
[2023-11-28 23:38:04.671] [info] #10: Feasible / Total: 55061 / 66430
[2023-11-28 23:38:05.433] [info] #11: Feasible / Total: 55486 / 66430
[2023-11-28 23:38:05.748] [info] #11: Feasible / Total: 55486 / 66430
[2023-11-28 23:38:05.748] [info] Graph is not D-reducible.
[2023-11-28 23:38:05.781] [info] Started C-reducibility check
[2023-11-28 23:39:56.034] [info] Trying 8125545 possible contractions
[2023-11-28 23:39:56.034] [info] [0/8125545] Starting contraction of size 1
[2023-11-28 23:39:56.972] [info] All colors passed! Contracted: 30
[2023-11-28 23:39:56.972] [info] Graph is C-reducible!
