[2023-11-20 13:25:54.595] [info] Kempe type: Toroidal
[2023-11-20 13:25:56.103] [info] Vertex size: 35, Edge size: 60, Ring size: 15
[2023-11-20 13:26:22.319] [info] Started D-reducibility check
[2023-11-20 13:26:22.338] [info] #1: Feasible / Total: 53908 / 597871
[2023-11-20 14:35:17.962] [info] #2: Feasible / Total: 89506 / 597871
[2023-11-20 15:09:22.746] [info] #3: Feasible / Total: 111867 / 597871
[2023-11-20 15:40:34.256] [info] #4: Feasible / Total: 136139 / 597871
[2023-11-20 16:08:01.865] [info] #5: Feasible / Total: 163676 / 597871
[2023-11-20 16:42:27.947] [info] #6: Feasible / Total: 197427 / 597871
[2023-11-20 17:22:42.039] [info] #7: Feasible / Total: 243189 / 597871
[2023-11-20 18:07:58.238] [info] #8: Feasible / Total: 310317 / 597871
[2023-11-20 18:40:29.939] [info] #9: Feasible / Total: 399537 / 597871
[2023-11-20 18:46:09.358] [info] #10: Feasible / Total: 443110 / 597871
[2023-11-20 18:46:23.342] [info] #11: Feasible / Total: 443659 / 597871
[2023-11-20 18:46:35.248] [info] #11: Feasible / Total: 443659 / 597871
[2023-11-20 18:46:35.250] [info] Graph is not D-reducible.
[2023-11-20 18:46:35.668] [info] Started C-reducibility check
[2023-11-20 19:07:18.054] [info] Trying 28943606 possible contractions
[2023-11-20 19:07:18.055] [info] [0/28943606] Starting contraction of size 1
[2023-11-20 19:07:27.154] [info] All colors passed! Contracted: 26
[2023-11-20 19:07:27.155] [info] Graph is C-reducible!
