[2023-11-16 13:18:54.507] [info] Kempe type: Toroidal
[2023-11-16 13:18:54.507] [info] Vertex size: 30, Edge size: 51, Ring size: 12
[2023-11-16 13:18:55.426] [info] Started D-reducibility check
[2023-11-16 13:18:55.426] [info] #1: Feasible / Total: 4779 / 22144
[2023-11-16 13:19:09.617] [info] #2: Feasible / Total: 6400 / 22144
[2023-11-16 13:19:13.305] [info] #3: Feasible / Total: 7255 / 22144
[2023-11-16 13:19:15.620] [info] #4: Feasible / Total: 7813 / 22144
[2023-11-16 13:19:17.062] [info] #5: Feasible / Total: 8194 / 22144
[2023-11-16 13:19:18.323] [info] #6: Feasible / Total: 8626 / 22144
[2023-11-16 13:19:19.654] [info] #7: Feasible / Total: 9241 / 22144
[2023-11-16 13:19:22.052] [info] #8: Feasible / Total: 10097 / 22144
[2023-11-16 13:19:24.118] [info] #9: Feasible / Total: 11193 / 22144
[2023-11-16 13:19:24.995] [info] #10: Feasible / Total: 11708 / 22144
[2023-11-16 13:19:25.252] [info] #11: Feasible / Total: 11733 / 22144
[2023-11-16 13:19:25.473] [info] #11: Feasible / Total: 11733 / 22144
[2023-11-16 13:19:25.473] [info] Graph is not D-reducible.
[2023-11-16 13:19:25.491] [info] Started C-reducibility check
[2023-11-16 13:21:45.205] [info] Trying 6044645 possible contractions
[2023-11-16 13:21:45.205] [info] [0/6044645] Starting contraction of size 1
[2023-11-16 13:22:02.387] [info] [39/6044645] Starting contraction of size 2
[2023-11-16 13:25:48.675] [info] [714/6044645] Starting contraction of size 3
[2023-11-16 13:50:40.341] [info] [7578/6044645] Starting contraction of size 4
[2023-11-16 16:48:10.601] [info] [53388/6044645] Starting contraction of size 5
[2023-11-16 17:43:05.671] [info] All colors passed! Contracted: 13, 17, 19, 28, 30
[2023-11-16 17:43:05.686] [info] Graph is C-reducible!
