[2024-10-19 13:09:34.901] [info] Kempe type: Toroidal
[2024-10-19 13:09:34.901] [info] Vertex size: 37, Edge size: 63, Ring size: 15
[2024-10-19 13:10:18.032] [info] Started D-reducibility check
[2024-10-19 13:10:18.033] [info] #1: Feasible / Total: 61559 / 597871
[2024-10-19 14:33:02.958] [info] #2: Feasible / Total: 115330 / 597871
[2024-10-19 15:54:12.778] [info] #3: Feasible / Total: 166777 / 597871
[2024-10-19 17:10:35.301] [info] #4: Feasible / Total: 227155 / 597871
[2024-10-19 18:16:19.228] [info] #5: Feasible / Total: 308039 / 597871
[2024-10-19 18:55:32.658] [info] #6: Feasible / Total: 417310 / 597871
[2024-10-19 19:10:37.748] [info] #7: Feasible / Total: 503196 / 597871
[2024-10-19 19:11:59.147] [info] #8: Feasible / Total: 516428 / 597871
[2024-10-19 19:12:03.422] [info] #8: Feasible / Total: 516428 / 597871
[2024-10-19 19:12:03.422] [info] Graph is not D-reducible.
[2024-10-19 19:12:03.793] [info] Started C-reducibility check
[2024-10-19 19:12:42.264] [info] Trying 4609771 possible contractions
[2024-10-19 19:12:42.264] [info] [0/4609771] Starting contraction of size 1
[2024-10-19 19:23:03.069] [info] [48/4609771] Starting contraction of size 2
[2024-10-19 20:54:39.721] [info] [1095/4609771] Starting contraction of size 3
[2024-10-19 21:13:37.226] [info] All colors passed! Contracted: 40, 41, 56
[2024-10-19 21:13:37.227] [info] Graph is C-reducible!
