[2023-11-16 13:18:54.336] [info] Kempe type: Toroidal
[2023-11-16 13:18:54.336] [info] Vertex size: 29, Edge size: 50, Ring size: 13
[2023-11-16 13:18:55.098] [info] Started D-reducibility check
[2023-11-16 13:18:55.098] [info] #1: Feasible / Total: 8850 / 66430
[2023-11-16 13:20:06.675] [info] #2: Feasible / Total: 11748 / 66430
[2023-11-16 13:20:49.385] [info] #3: Feasible / Total: 13239 / 66430
[2023-11-16 13:21:12.859] [info] #4: Feasible / Total: 14468 / 66430
[2023-11-16 13:21:31.569] [info] #5: Feasible / Total: 15605 / 66430
[2023-11-16 13:21:47.322] [info] #6: Feasible / Total: 16627 / 66430
[2023-11-16 13:21:59.857] [info] #7: Feasible / Total: 17554 / 66430
[2023-11-16 13:22:12.809] [info] #8: Feasible / Total: 18575 / 66430
[2023-11-16 13:22:24.249] [info] #9: Feasible / Total: 19731 / 66430
[2023-11-16 13:22:36.965] [info] #10: Feasible / Total: 21023 / 66430
[2023-11-16 13:22:53.916] [info] #11: Feasible / Total: 22642 / 66430
[2023-11-16 13:23:15.070] [info] #12: Feasible / Total: 25057 / 66430
[2023-11-16 13:23:40.046] [info] #13: Feasible / Total: 28436 / 66430
[2023-11-16 13:24:09.480] [info] #14: Feasible / Total: 32948 / 66430
[2023-11-16 13:24:40.676] [info] #15: Feasible / Total: 37851 / 66430
[2023-11-16 13:24:58.301] [info] #16: Feasible / Total: 39939 / 66430
[2023-11-16 13:25:00.516] [info] #17: Feasible / Total: 40162 / 66430
[2023-11-16 13:25:01.636] [info] #18: Feasible / Total: 40195 / 66430
[2023-11-16 13:25:02.688] [info] #19: Feasible / Total: 40205 / 66430
[2023-11-16 13:25:03.606] [info] #19: Feasible / Total: 40205 / 66430
[2023-11-16 13:25:03.606] [info] Graph is not D-reducible.
[2023-11-16 13:25:03.646] [info] Started C-reducibility check
[2023-11-16 13:25:48.992] [info] Trying 3657071 possible contractions
[2023-11-16 13:25:48.992] [info] [0/3657071] Starting contraction of size 1
[2023-11-16 13:26:12.113] [info] [37/3657071] Starting contraction of size 2
[2023-11-16 13:27:35.015] [info] All colors passed! Contracted: 33, 46
[2023-11-16 13:27:35.038] [info] Graph is C-reducible!
