[2024-06-13 17:18:33.544] [info] Kempe type: Toroidal
[2024-06-13 17:18:33.544] [info] Vertex size: 42, Edge size: 71, Ring size: 16
[2024-06-13 17:18:47.747] [info] Started D-reducibility check
[2024-06-13 17:18:47.747] [info] #1: Feasible / Total: 165514 / 1793614
[2024-06-13 19:34:29.424] [info] #2: Feasible / Total: 244640 / 1793614
[2024-06-13 20:38:29.588] [info] #3: Feasible / Total: 307888 / 1793614
[2024-06-13 21:42:46.218] [info] #4: Feasible / Total: 369043 / 1793614
[2024-06-13 22:44:47.076] [info] #5: Feasible / Total: 437740 / 1793614
[2024-06-13 23:52:05.929] [info] #6: Feasible / Total: 511660 / 1793614
[2024-06-14 01:15:09.234] [info] #7: Feasible / Total: 605267 / 1793614
[2024-06-14 03:18:57.930] [info] #8: Feasible / Total: 747122 / 1793614
[2024-06-14 05:53:49.748] [info] #9: Feasible / Total: 973630 / 1793614
[2024-06-14 08:28:25.614] [info] #10: Feasible / Total: 1288820 / 1793614
[2024-06-14 09:26:09.402] [info] #11: Feasible / Total: 1509641 / 1793614
[2024-06-14 09:27:43.269] [info] #12: Feasible / Total: 1514591 / 1793614
[2024-06-14 09:27:52.394] [info] #12: Feasible / Total: 1514591 / 1793614
[2024-06-14 09:27:52.394] [info] Graph is not D-reducible.
[2024-06-14 09:27:52.938] [info] Started C-reducibility check
[2024-06-14 09:34:09.164] [info] Trying 222165629 possible contractions
[2024-06-14 09:34:09.164] [info] [0/222165629] Starting contraction of size 1
[2024-06-14 09:34:15.945] [info] All colors passed! Contracted: 42
[2024-06-14 09:34:15.946] [info] Graph is C-reducible!
