[2023-11-17 14:12:09.055] [info] Kempe type: Toroidal
[2023-11-17 14:12:09.166] [info] Vertex size: 32, Edge size: 55, Ring size: 14
[2023-11-17 14:12:13.658] [info] Started D-reducibility check
[2023-11-17 14:12:13.658] [info] #1: Feasible / Total: 20415 / 199291
[2023-11-17 14:24:09.679] [info] #2: Feasible / Total: 32261 / 199291
[2023-11-17 14:27:19.565] [info] #3: Feasible / Total: 36017 / 199291
[2023-11-17 14:29:26.848] [info] #4: Feasible / Total: 39170 / 199291
[2023-11-17 14:31:17.850] [info] #5: Feasible / Total: 42127 / 199291
[2023-11-17 14:33:04.533] [info] #6: Feasible / Total: 45760 / 199291
[2023-11-17 14:35:37.852] [info] #7: Feasible / Total: 50509 / 199291
[2023-11-17 14:38:49.512] [info] #8: Feasible / Total: 57587 / 199291
[2023-11-17 14:42:42.392] [info] #9: Feasible / Total: 68633 / 199291
[2023-11-17 14:48:08.842] [info] #10: Feasible / Total: 85733 / 199291
[2023-11-17 14:55:22.825] [info] #11: Feasible / Total: 111966 / 199291
[2023-11-17 14:59:15.479] [info] #12: Feasible / Total: 135993 / 199291
[2023-11-17 14:59:55.918] [info] #13: Feasible / Total: 139637 / 199291
[2023-11-17 14:59:59.990] [info] #14: Feasible / Total: 139649 / 199291
[2023-11-17 15:00:03.172] [info] #14: Feasible / Total: 139649 / 199291
[2023-11-17 15:00:03.173] [info] Graph is not D-reducible.
[2023-11-17 15:00:03.287] [info] Started C-reducibility check
[2023-11-17 15:05:17.686] [info] Trying 10866662 possible contractions
[2023-11-17 15:05:17.730] [info] [0/10866662] Starting contraction of size 1
[2023-11-17 15:05:51.299] [info] All colors passed! Contracted: 46
[2023-11-17 15:05:51.299] [info] Graph is C-reducible!
