[2023-12-05 15:28:44.957] [info] Kempe type: Toroidal
[2023-12-05 15:28:44.957] [info] Vertex size: 37, Edge size: 63, Ring size: 15
[2023-12-05 15:29:32.579] [info] Started D-reducibility check
[2023-12-05 15:29:32.579] [info] #1: Feasible / Total: 60664 / 597871
[2023-12-05 18:00:23.926] [info] #2: Feasible / Total: 93680 / 597871
[2023-12-05 19:28:33.765] [info] #3: Feasible / Total: 116679 / 597871
[2023-12-05 20:42:37.537] [info] #4: Feasible / Total: 135734 / 597871
[2023-12-05 21:57:24.202] [info] #5: Feasible / Total: 156645 / 597871
[2023-12-05 23:26:23.732] [info] #6: Feasible / Total: 181400 / 597871
[2023-12-06 01:03:05.396] [info] #7: Feasible / Total: 212728 / 597871
[2023-12-06 03:01:49.978] [info] #8: Feasible / Total: 255652 / 597871
[2023-12-06 04:55:12.843] [info] #9: Feasible / Total: 302433 / 597871
[2023-12-06 06:32:52.410] [info] #10: Feasible / Total: 354391 / 597871
[2023-12-06 07:27:15.512] [info] #11: Feasible / Total: 387378 / 597871
[2023-12-06 07:43:20.140] [info] #12: Feasible / Total: 397062 / 597871
[2023-12-06 07:48:06.685] [info] #13: Feasible / Total: 398834 / 597871
[2023-12-06 07:51:04.241] [info] #14: Feasible / Total: 399464 / 597871
[2023-12-06 07:52:27.063] [info] #15: Feasible / Total: 399590 / 597871
[2023-12-06 07:53:39.328] [info] #16: Feasible / Total: 399591 / 597871
[2023-12-06 07:54:50.823] [info] #16: Feasible / Total: 399591 / 597871
[2023-12-06 07:54:50.823] [info] Graph is not D-reducible.
[2023-12-06 07:54:52.333] [info] Started C-reducibility check
[2023-12-06 11:54:21.445] [info] Trying 137253 possible contractions
[2023-12-06 11:54:21.445] [info] [0/137253] Starting contraction of size 1
[2023-12-06 12:19:42.924] [info] [48/137253] Starting contraction of size 2
[2023-12-06 19:17:18.993] [info] [1095/137253] Starting contraction of size 3
[2023-12-06 22:27:36.781] [info] All colors passed! Contracted: 19, 28, 56
[2023-12-06 22:27:36.781] [info] Graph is C-reducible!
