[2024-06-14 15:51:53.931] [info] Kempe type: Toroidal
[2024-06-14 15:51:53.931] [info] Vertex size: 41, Edge size: 69, Ring size: 15
[2024-06-14 15:52:05.736] [info] Started D-reducibility check
[2024-06-14 15:52:05.736] [info] #1: Feasible / Total: 72699 / 597871
[2024-06-14 16:01:26.434] [info] #2: Feasible / Total: 101427 / 597871
[2024-06-14 16:04:56.792] [info] #3: Feasible / Total: 115008 / 597871
[2024-06-14 16:07:08.680] [info] #4: Feasible / Total: 121797 / 597871
[2024-06-14 16:08:51.346] [info] #5: Feasible / Total: 127700 / 597871
[2024-06-14 16:10:54.547] [info] #6: Feasible / Total: 134009 / 597871
[2024-06-14 16:12:42.441] [info] #7: Feasible / Total: 140066 / 597871
[2024-06-14 16:14:43.329] [info] #8: Feasible / Total: 147069 / 597871
[2024-06-14 16:17:13.472] [info] #9: Feasible / Total: 156072 / 597871
[2024-06-14 16:20:23.374] [info] #10: Feasible / Total: 167922 / 597871
[2024-06-14 16:24:27.699] [info] #11: Feasible / Total: 184927 / 597871
[2024-06-14 16:29:21.890] [info] #12: Feasible / Total: 207203 / 597871
[2024-06-14 16:34:00.881] [info] #13: Feasible / Total: 229940 / 597871
[2024-06-14 16:38:36.772] [info] #14: Feasible / Total: 252402 / 597871
[2024-06-14 16:42:42.817] [info] #15: Feasible / Total: 274520 / 597871
[2024-06-14 16:45:55.202] [info] #16: Feasible / Total: 294960 / 597871
[2024-06-14 16:48:46.684] [info] #17: Feasible / Total: 312560 / 597871
[2024-06-14 16:51:23.226] [info] #18: Feasible / Total: 329153 / 597871
[2024-06-14 16:52:56.237] [info] #19: Feasible / Total: 337205 / 597871
[2024-06-14 16:54:07.887] [info] #20: Feasible / Total: 343922 / 597871
[2024-06-14 16:54:56.869] [info] #21: Feasible / Total: 349685 / 597871
[2024-06-14 16:55:23.087] [info] #22: Feasible / Total: 352888 / 597871
[2024-06-14 16:55:49.659] [info] #23: Feasible / Total: 354844 / 597871
[2024-06-14 16:56:01.442] [info] #24: Feasible / Total: 355869 / 597871
[2024-06-14 16:56:06.414] [info] #25: Feasible / Total: 356015 / 597871
[2024-06-14 16:56:10.439] [info] #25: Feasible / Total: 356015 / 597871
[2024-06-14 16:56:10.439] [info] Graph is not D-reducible.
[2024-06-14 16:56:10.519] [info] Started C-reducibility check
[2024-06-14 17:01:47.541] [info] Trying 180593115 possible contractions
[2024-06-14 17:01:47.541] [info] [0/180593115] Starting contraction of size 1
[2024-06-14 17:03:18.570] [info] All colors passed! Contracted: 24
[2024-06-14 17:03:18.571] [info] Graph is C-reducible!
