[2023-11-18 20:24:56.828] [info] Kempe type: Toroidal
[2023-11-18 20:24:56.834] [info] Vertex size: 28, Edge size: 48, Ring size: 12
[2023-11-18 20:24:57.207] [info] Started D-reducibility check
[2023-11-18 20:24:57.208] [info] #1: Feasible / Total: 3607 / 22144
[2023-11-18 20:25:22.449] [info] #2: Feasible / Total: 4816 / 22144
[2023-11-18 20:25:30.485] [info] #3: Feasible / Total: 5589 / 22144
[2023-11-18 20:25:34.903] [info] #4: Feasible / Total: 5953 / 22144
[2023-11-18 20:25:38.108] [info] #5: Feasible / Total: 6245 / 22144
[2023-11-18 20:25:41.189] [info] #6: Feasible / Total: 6593 / 22144
[2023-11-18 20:25:45.670] [info] #7: Feasible / Total: 7212 / 22144
[2023-11-18 20:25:53.393] [info] #8: Feasible / Total: 8284 / 22144
[2023-11-18 20:26:07.822] [info] #9: Feasible / Total: 10925 / 22144
[2023-11-18 20:26:25.305] [info] #10: Feasible / Total: 15630 / 22144
[2023-11-18 20:26:30.411] [info] #11: Feasible / Total: 18812 / 22144
[2023-11-18 20:26:30.630] [info] #12: Feasible / Total: 19124 / 22144
[2023-11-18 20:26:30.773] [info] #12: Feasible / Total: 19124 / 22144
[2023-11-18 20:26:30.774] [info] Graph is not D-reducible.
[2023-11-18 20:26:30.777] [info] Started C-reducibility check
[2023-11-18 20:27:45.014] [info] Trying 8149676 possible contractions
[2023-11-18 20:27:45.015] [info] [0/8149676] Starting contraction of size 1
[2023-11-18 20:27:45.268] [info] All colors passed! Contracted: 38
[2023-11-18 20:27:45.269] [info] Graph is C-reducible!
