[2023-11-21 14:10:01.381] [info] Kempe type: Toroidal
[2023-11-21 14:10:01.398] [info] Vertex size: 40, Edge size: 68, Ring size: 16
[2023-11-21 14:10:46.929] [info] Started D-reducibility check
[2023-11-21 14:10:46.970] [info] #1: Feasible / Total: 170560 / 1793614
[2023-11-22 01:09:21.586] [info] #2: Feasible / Total: 296193 / 1793614
[2023-11-22 04:54:41.367] [info] #3: Feasible / Total: 379955 / 1793614
[2023-11-22 07:21:08.165] [info] #4: Feasible / Total: 452807 / 1793614
[2023-11-22 09:07:08.334] [info] #5: Feasible / Total: 514419 / 1793614
[2023-11-22 10:18:21.315] [info] #6: Feasible / Total: 560074 / 1793614
[2023-11-22 11:04:57.293] [info] #7: Feasible / Total: 590938 / 1793614
[2023-11-22 12:11:08.121] [info] #8: Feasible / Total: 616891 / 1793614
[2023-11-22 13:17:34.750] [info] #9: Feasible / Total: 641503 / 1793614
[2023-11-22 14:01:44.626] [info] #10: Feasible / Total: 663266 / 1793614
[2023-11-22 14:39:11.119] [info] #11: Feasible / Total: 679417 / 1793614
[2023-11-22 15:10:07.489] [info] #12: Feasible / Total: 692247 / 1793614
[2023-11-22 15:50:02.812] [info] #13: Feasible / Total: 705576 / 1793614
[2023-11-22 16:48:15.189] [info] #14: Feasible / Total: 726411 / 1793614
[2023-11-22 17:37:57.722] [info] #15: Feasible / Total: 751708 / 1793614
[2023-11-22 18:29:53.446] [info] #16: Feasible / Total: 779756 / 1793614
[2023-11-22 19:50:48.915] [info] #17: Feasible / Total: 828786 / 1793614
[2023-11-22 21:00:05.750] [info] #18: Feasible / Total: 896929 / 1793614
[2023-11-22 21:28:26.405] [info] #19: Feasible / Total: 921392 / 1793614
[2023-11-22 21:37:41.714] [info] #20: Feasible / Total: 926993 / 1793614
[2023-11-22 21:45:08.863] [info] #21: Feasible / Total: 930036 / 1793614
[2023-11-22 21:50:54.071] [info] #22: Feasible / Total: 932830 / 1793614
[2023-11-22 22:00:16.123] [info] #23: Feasible / Total: 938104 / 1793614
[2023-11-22 22:15:11.490] [info] #24: Feasible / Total: 946506 / 1793614
[2023-11-22 22:43:36.459] [info] #25: Feasible / Total: 962810 / 1793614
[2023-11-22 23:49:00.261] [info] #26: Feasible / Total: 1006402 / 1793614
[2023-11-23 01:59:41.611] [info] #27: Feasible / Total: 1129100 / 1793614
[2023-11-23 03:29:42.871] [info] #28: Feasible / Total: 1252815 / 1793614
[2023-11-23 04:21:39.889] [info] #29: Feasible / Total: 1307319 / 1793614
[2023-11-23 04:27:27.691] [info] #30: Feasible / Total: 1313603 / 1793614
[2023-11-23 04:30:14.698] [info] #31: Feasible / Total: 1314820 / 1793614
[2023-11-23 04:32:25.844] [info] #32: Feasible / Total: 1315726 / 1793614
[2023-11-23 04:33:24.758] [info] #33: Feasible / Total: 1315794 / 1793614
[2023-11-23 04:34:15.657] [info] #33: Feasible / Total: 1315794 / 1793614
[2023-11-23 04:34:15.657] [info] Graph is not D-reducible.
[2023-11-23 04:34:17.111] [info] Started C-reducibility check
[2023-11-23 12:02:01.115] [info] Trying 127639233 possible contractions
[2023-11-23 12:02:01.118] [info] [0/127639233] Starting contraction of size 1
[2023-11-23 12:22:17.784] [info] [52/127639233] Starting contraction of size 2
[2023-11-23 13:03:41.718] [info] All colors passed! Contracted: 25, 42
[2023-11-23 13:03:41.735] [info] Graph is C-reducible!
