[2023-11-20 13:25:47.487] [info] Kempe type: Toroidal
[2023-11-20 13:25:47.490] [info] Vertex size: 33, Edge size: 56, Ring size: 13
[2023-11-20 13:25:54.566] [info] Started D-reducibility check
[2023-11-20 13:25:54.570] [info] #1: Feasible / Total: 10805 / 66430
[2023-11-20 13:28:16.431] [info] #2: Feasible / Total: 14743 / 66430
[2023-11-20 13:29:41.556] [info] #3: Feasible / Total: 17888 / 66430
[2023-11-20 13:30:59.926] [info] #4: Feasible / Total: 21314 / 66430
[2023-11-20 13:32:36.159] [info] #5: Feasible / Total: 26363 / 66430
[2023-11-20 13:34:35.877] [info] #6: Feasible / Total: 34755 / 66430
[2023-11-20 13:36:23.508] [info] #7: Feasible / Total: 43476 / 66430
[2023-11-20 13:37:48.857] [info] #8: Feasible / Total: 55783 / 66430
[2023-11-20 13:38:02.779] [info] #9: Feasible / Total: 60678 / 66430
[2023-11-20 13:38:03.200] [info] #10: Feasible / Total: 60718 / 66430
[2023-11-20 13:38:03.548] [info] #10: Feasible / Total: 60718 / 66430
[2023-11-20 13:38:03.548] [info] Graph is not D-reducible.
[2023-11-20 13:38:03.620] [info] Started C-reducibility check
[2023-11-20 13:56:12.970] [info] Trying 17105643 possible contractions
[2023-11-20 13:56:13.006] [info] [0/17105643] Starting contraction of size 1
[2023-11-20 13:56:19.005] [info] All colors passed! Contracted: 44
[2023-11-20 13:56:19.005] [info] Graph is C-reducible!
