[2024-10-19 12:34:42.366] [info] Kempe type: Toroidal
[2024-10-19 12:34:42.366] [info] Vertex size: 33, Edge size: 56, Ring size: 13
[2024-10-19 12:34:44.595] [info] Started D-reducibility check
[2024-10-19 12:34:44.595] [info] #1: Feasible / Total: 9982 / 66430
[2024-10-19 12:36:10.194] [info] #2: Feasible / Total: 14014 / 66430
[2024-10-19 12:36:59.544] [info] #3: Feasible / Total: 18062 / 66430
[2024-10-19 12:38:00.988] [info] #4: Feasible / Total: 23339 / 66430
[2024-10-19 12:38:56.527] [info] #5: Feasible / Total: 28147 / 66430
[2024-10-19 12:39:40.610] [info] #6: Feasible / Total: 32400 / 66430
[2024-10-19 12:40:18.699] [info] #7: Feasible / Total: 36019 / 66430
[2024-10-19 12:40:48.537] [info] #8: Feasible / Total: 38493 / 66430
[2024-10-19 12:41:01.448] [info] #9: Feasible / Total: 40144 / 66430
[2024-10-19 12:41:08.779] [info] #10: Feasible / Total: 41006 / 66430
[2024-10-19 12:41:17.931] [info] #11: Feasible / Total: 41826 / 66430
[2024-10-19 12:41:23.644] [info] #12: Feasible / Total: 42234 / 66430
[2024-10-19 12:41:26.559] [info] #13: Feasible / Total: 42523 / 66430
[2024-10-19 12:41:29.677] [info] #14: Feasible / Total: 42734 / 66430
[2024-10-19 12:41:32.678] [info] #15: Feasible / Total: 42971 / 66430
[2024-10-19 12:41:34.487] [info] #16: Feasible / Total: 43041 / 66430
[2024-10-19 12:41:35.688] [info] #17: Feasible / Total: 43051 / 66430
[2024-10-19 12:41:36.809] [info] #17: Feasible / Total: 43051 / 66430
[2024-10-19 12:41:36.816] [info] Graph is not D-reducible.
[2024-10-19 12:41:36.864] [info] Started C-reducibility check
[2024-10-19 12:41:58.596] [info] Trying 2025788 possible contractions
[2024-10-19 12:41:58.604] [info] [0/2025788] Starting contraction of size 1
[2024-10-19 12:42:01.237] [info] All colors passed! Contracted: 20
[2024-10-19 12:42:01.260] [info] Graph is C-reducible!
