[2024-10-19 14:57:11.885] [info] Kempe type: Toroidal
[2024-10-19 14:57:11.885] [info] Vertex size: 30, Edge size: 51, Ring size: 12
[2024-10-19 14:57:12.774] [info] Started D-reducibility check
[2024-10-19 14:57:12.774] [info] #1: Feasible / Total: 3982 / 22144
[2024-10-19 14:57:46.982] [info] #2: Feasible / Total: 5053 / 22144
[2024-10-19 14:57:58.219] [info] #3: Feasible / Total: 5616 / 22144
[2024-10-19 14:58:10.595] [info] #4: Feasible / Total: 5939 / 22144
[2024-10-19 14:58:19.850] [info] #5: Feasible / Total: 6239 / 22144
[2024-10-19 14:58:25.603] [info] #6: Feasible / Total: 6580 / 22144
[2024-10-19 14:58:31.497] [info] #7: Feasible / Total: 6980 / 22144
[2024-10-19 14:58:41.260] [info] #8: Feasible / Total: 7617 / 22144
[2024-10-19 14:58:50.933] [info] #9: Feasible / Total: 8405 / 22144
[2024-10-19 14:59:02.170] [info] #10: Feasible / Total: 9511 / 22144
[2024-10-19 14:59:18.292] [info] #11: Feasible / Total: 11279 / 22144
[2024-10-19 14:59:36.262] [info] #12: Feasible / Total: 13567 / 22144
[2024-10-19 14:59:45.511] [info] #13: Feasible / Total: 15416 / 22144
[2024-10-19 14:59:47.471] [info] #14: Feasible / Total: 15716 / 22144
[2024-10-19 14:59:48.114] [info] #15: Feasible / Total: 15720 / 22144
[2024-10-19 14:59:48.673] [info] #15: Feasible / Total: 15720 / 22144
[2024-10-19 14:59:48.673] [info] Graph is not D-reducible.
[2024-10-19 14:59:48.676] [info] Started C-reducibility check
[2024-10-19 15:00:10.151] [info] Trying 975279 possible contractions
[2024-10-19 15:00:10.151] [info] [0/975279] Starting contraction of size 1
[2024-10-19 15:00:13.888] [info] All colors passed! Contracted: 32
[2024-10-19 15:00:13.888] [info] Graph is C-reducible!
