[2023-11-17 00:32:43.953] [info] Kempe type: Toroidal
[2023-11-17 00:32:43.970] [info] Vertex size: 30, Edge size: 51, Ring size: 12
[2023-11-17 00:32:48.141] [info] Started D-reducibility check
[2023-11-17 00:32:48.410] [info] #1: Feasible / Total: 3942 / 22144
[2023-11-17 00:33:17.666] [info] #2: Feasible / Total: 5186 / 22144
[2023-11-17 00:33:32.323] [info] #3: Feasible / Total: 6116 / 22144
[2023-11-17 00:33:44.408] [info] #4: Feasible / Total: 6798 / 22144
[2023-11-17 00:33:57.001] [info] #5: Feasible / Total: 7106 / 22144
[2023-11-17 00:33:57.784] [info] #6: Feasible / Total: 7322 / 22144
[2023-11-17 00:34:07.227] [info] #7: Feasible / Total: 7658 / 22144
[2023-11-17 00:34:14.994] [info] #8: Feasible / Total: 8193 / 22144
[2023-11-17 00:34:24.178] [info] #9: Feasible / Total: 8940 / 22144
[2023-11-17 00:34:36.488] [info] #10: Feasible / Total: 10094 / 22144
[2023-11-17 00:34:47.634] [info] #11: Feasible / Total: 10740 / 22144
[2023-11-17 00:34:53.771] [info] #12: Feasible / Total: 10842 / 22144
[2023-11-17 00:34:53.962] [info] #13: Feasible / Total: 10906 / 22144
[2023-11-17 00:34:54.225] [info] #14: Feasible / Total: 10976 / 22144
[2023-11-17 00:34:54.470] [info] #15: Feasible / Total: 11015 / 22144
[2023-11-17 00:34:54.664] [info] #16: Feasible / Total: 11033 / 22144
[2023-11-17 00:34:54.926] [info] #17: Feasible / Total: 11046 / 22144
[2023-11-17 00:34:55.124] [info] #18: Feasible / Total: 11047 / 22144
[2023-11-17 00:34:55.310] [info] #18: Feasible / Total: 11047 / 22144
[2023-11-17 00:34:55.314] [info] Graph is not D-reducible.
[2023-11-17 00:34:55.338] [info] Started C-reducibility check
[2023-11-17 00:38:04.210] [info] Trying 6045737 possible contractions
[2023-11-17 00:38:04.230] [info] [0/6045737] Starting contraction of size 1
[2023-11-17 00:38:25.818] [info] [39/6045737] Starting contraction of size 2
[2023-11-17 00:46:01.851] [info] [714/6045737] Starting contraction of size 3
[2023-11-17 03:25:07.643] [info] [7578/6045737] Starting contraction of size 4
[2023-11-17 13:18:38.113] [info] [53389/6045737] Starting contraction of size 5
[2023-11-17 23:38:32.987] [info] All colors passed! Contracted: 15, 23, 37, 42, 48
[2023-11-17 23:38:32.994] [info] Graph is C-reducible!
