[2024-07-31 12:33:31.795] [info] Kempe type: Toroidal
[2024-07-31 12:33:31.795] [info] Vertex size: 31, Edge size: 53, Ring size: 13
[2024-07-31 12:33:32.099] [info] Started D-reducibility check
[2024-07-31 12:33:32.099] [info] #1: Feasible / Total: 9298 / 66430
[2024-07-31 12:33:51.546] [info] #2: Feasible / Total: 13911 / 66430
[2024-07-31 12:34:00.080] [info] #3: Feasible / Total: 16748 / 66430
[2024-07-31 12:34:09.941] [info] #4: Feasible / Total: 20308 / 66430
[2024-07-31 12:34:22.741] [info] #5: Feasible / Total: 25239 / 66430
[2024-07-31 12:34:36.346] [info] #6: Feasible / Total: 33383 / 66430
[2024-07-31 12:34:47.561] [info] #7: Feasible / Total: 44068 / 66430
[2024-07-31 12:34:53.210] [info] #8: Feasible / Total: 50775 / 66430
[2024-07-31 12:34:53.773] [info] #9: Feasible / Total: 52003 / 66430
[2024-07-31 12:34:53.887] [info] #10: Feasible / Total: 52005 / 66430
[2024-07-31 12:34:53.998] [info] #10: Feasible / Total: 52005 / 66430
[2024-07-31 12:34:53.998] [info] Graph is not D-reducible.
[2024-07-31 12:34:54.005] [info] Started C-reducibility check
[2024-07-31 12:35:09.588] [info] Trying 8158324 possible contractions
[2024-07-31 12:35:09.588] [info] [0/8158324] Starting contraction of size 1
[2024-07-31 12:35:12.332] [info] All colors passed! Contracted: 34
[2024-07-31 12:35:12.332] [info] Graph is C-reducible!
