[2023-12-05 15:25:47.158] [info] Kempe type: Toroidal
[2023-12-05 15:25:47.179] [info] Vertex size: 39, Edge size: 66, Ring size: 15
[2023-12-05 15:26:57.362] [info] Started D-reducibility check
[2023-12-05 15:26:57.362] [info] #1: Feasible / Total: 78604 / 597871
[2023-12-05 19:09:11.293] [info] #2: Feasible / Total: 116019 / 597871
[2023-12-05 21:11:31.592] [info] #3: Feasible / Total: 143954 / 597871
[2023-12-05 22:23:51.068] [info] #4: Feasible / Total: 161682 / 597871
[2023-12-05 23:22:16.422] [info] #5: Feasible / Total: 176805 / 597871
[2023-12-06 00:12:40.414] [info] #6: Feasible / Total: 191073 / 597871
[2023-12-06 00:58:29.639] [info] #7: Feasible / Total: 204680 / 597871
[2023-12-06 01:52:42.086] [info] #8: Feasible / Total: 221477 / 597871
[2023-12-06 02:56:06.389] [info] #9: Feasible / Total: 243550 / 597871
[2023-12-06 04:02:47.195] [info] #10: Feasible / Total: 272898 / 597871
[2023-12-06 04:36:59.062] [info] #11: Feasible / Total: 293698 / 597871
[2023-12-06 04:43:24.698] [info] #12: Feasible / Total: 297113 / 597871
[2023-12-06 04:45:59.034] [info] #13: Feasible / Total: 297515 / 597871
[2023-12-06 04:48:07.785] [info] #14: Feasible / Total: 297533 / 597871
[2023-12-06 04:50:15.175] [info] #14: Feasible / Total: 297533 / 597871
[2023-12-06 04:50:15.231] [info] Graph is not D-reducible.
[2023-12-06 04:50:16.855] [info] Started C-reducibility check
[2023-12-06 18:53:26.886] [info] Trying 179150 possible contractions
[2023-12-06 18:53:26.887] [info] [0/179150] Starting contraction of size 1
[2023-12-06 19:58:58.578] [info] [51/179150] Starting contraction of size 2
[2023-12-07 12:46:58.441] [info] [1239/179150] Starting contraction of size 3
[2023-12-11 00:58:29.854] [info] All colors passed! Contracted: 26, 28, 62
[2023-12-11 00:58:29.854] [info] Graph is C-reducible!
