[2023-11-16 13:18:54.352] [info] Kempe type: Toroidal
[2023-11-16 13:18:54.352] [info] Vertex size: 26, Edge size: 45, Ring size: 12
[2023-11-16 13:18:54.506] [info] Started D-reducibility check
[2023-11-16 13:18:54.506] [info] #1: Feasible / Total: 3313 / 22144
[2023-11-16 13:18:57.425] [info] #2: Feasible / Total: 5394 / 22144
[2023-11-16 13:18:58.474] [info] #3: Feasible / Total: 6271 / 22144
[2023-11-16 13:18:59.252] [info] #4: Feasible / Total: 7078 / 22144
[2023-11-16 13:19:00.143] [info] #5: Feasible / Total: 7999 / 22144
[2023-11-16 13:19:00.895] [info] #6: Feasible / Total: 9054 / 22144
[2023-11-16 13:19:01.746] [info] #7: Feasible / Total: 10409 / 22144
[2023-11-16 13:19:02.564] [info] #8: Feasible / Total: 11898 / 22144
[2023-11-16 13:19:03.400] [info] #9: Feasible / Total: 13504 / 22144
[2023-11-16 13:19:04.148] [info] #10: Feasible / Total: 14771 / 22144
[2023-11-16 13:19:04.315] [info] #11: Feasible / Total: 15040 / 22144
[2023-11-16 13:19:04.358] [info] #12: Feasible / Total: 15048 / 22144
[2023-11-16 13:19:04.395] [info] #12: Feasible / Total: 15048 / 22144
[2023-11-16 13:19:04.395] [info] Graph is not D-reducible.
[2023-11-16 13:19:04.398] [info] Started C-reducibility check
[2023-11-16 13:19:05.841] [info] Trying 1078449 possible contractions
[2023-11-16 13:19:05.841] [info] [0/1078449] Starting contraction of size 1
[2023-11-16 13:19:06.982] [info] [33/1078449] Starting contraction of size 2
[2023-11-16 13:19:25.602] [info] [507/1078449] Starting contraction of size 3
[2023-11-16 13:26:30.068] [info] All colors passed! Contracted: 35, 43, 44
[2023-11-16 13:26:30.068] [info] Graph is C-reducible!
