[2024-02-20 23:10:19.557] [info] Kempe type: Toroidal
[2024-02-20 23:10:19.557] [info] Vertex size: 29, Edge size: 50, Ring size: 13
[2024-02-20 23:10:19.764] [info] Started D-reducibility check
[2024-02-20 23:10:19.765] [info] #1: Feasible / Total: 8215 / 66430
[2024-02-20 23:10:31.025] [info] #2: Feasible / Total: 11602 / 66430
[2024-02-20 23:10:34.528] [info] #3: Feasible / Total: 12590 / 66430
[2024-02-20 23:10:36.340] [info] #4: Feasible / Total: 13151 / 66430
[2024-02-20 23:10:37.743] [info] #5: Feasible / Total: 13491 / 66430
[2024-02-20 23:10:38.672] [info] #6: Feasible / Total: 13706 / 66430
[2024-02-20 23:10:39.385] [info] #7: Feasible / Total: 13825 / 66430
[2024-02-20 23:10:40.036] [info] #8: Feasible / Total: 13931 / 66430
[2024-02-20 23:10:40.627] [info] #9: Feasible / Total: 14005 / 66430
[2024-02-20 23:10:41.164] [info] #10: Feasible / Total: 14092 / 66430
[2024-02-20 23:10:41.776] [info] #11: Feasible / Total: 14197 / 66430
[2024-02-20 23:10:42.544] [info] #12: Feasible / Total: 14324 / 66430
[2024-02-20 23:10:43.223] [info] #13: Feasible / Total: 14418 / 66430
[2024-02-20 23:10:43.948] [info] #14: Feasible / Total: 14545 / 66430
[2024-02-20 23:10:44.714] [info] #15: Feasible / Total: 14737 / 66430
[2024-02-20 23:10:45.325] [info] #16: Feasible / Total: 14864 / 66430
[2024-02-20 23:10:46.124] [info] #17: Feasible / Total: 14991 / 66430
[2024-02-20 23:10:46.954] [info] #18: Feasible / Total: 15201 / 66430
[2024-02-20 23:10:47.870] [info] #19: Feasible / Total: 15389 / 66430
[2024-02-20 23:10:48.721] [info] #20: Feasible / Total: 15543 / 66430
[2024-02-20 23:10:49.424] [info] #21: Feasible / Total: 15664 / 66430
[2024-02-20 23:10:49.986] [info] #22: Feasible / Total: 15769 / 66430
[2024-02-20 23:10:50.726] [info] #23: Feasible / Total: 15890 / 66430
[2024-02-20 23:10:51.471] [info] #24: Feasible / Total: 16067 / 66430
[2024-02-20 23:10:52.351] [info] #25: Feasible / Total: 16310 / 66430
[2024-02-20 23:10:53.239] [info] #26: Feasible / Total: 16575 / 66430
[2024-02-20 23:10:54.116] [info] #27: Feasible / Total: 16820 / 66430
[2024-02-20 23:10:54.998] [info] #28: Feasible / Total: 17132 / 66430
[2024-02-20 23:10:56.288] [info] #29: Feasible / Total: 17534 / 66430
[2024-02-20 23:10:57.553] [info] #30: Feasible / Total: 18004 / 66430
[2024-02-20 23:10:58.706] [info] #31: Feasible / Total: 18447 / 66430
[2024-02-20 23:11:00.018] [info] #32: Feasible / Total: 19024 / 66430
[2024-02-20 23:11:01.390] [info] #33: Feasible / Total: 19647 / 66430
[2024-02-20 23:11:02.811] [info] #34: Feasible / Total: 20239 / 66430
[2024-02-20 23:11:04.613] [info] #35: Feasible / Total: 21000 / 66430
[2024-02-20 23:11:07.335] [info] #36: Feasible / Total: 22193 / 66430
[2024-02-20 23:11:11.149] [info] #37: Feasible / Total: 24469 / 66430
[2024-02-20 23:11:16.803] [info] #38: Feasible / Total: 28268 / 66430
[2024-02-20 23:11:21.730] [info] #39: Feasible / Total: 33168 / 66430
[2024-02-20 23:11:26.597] [info] #40: Feasible / Total: 38111 / 66430
[2024-02-20 23:11:29.519] [info] #41: Feasible / Total: 42070 / 66430
[2024-02-20 23:11:30.110] [info] #42: Feasible / Total: 43158 / 66430
[2024-02-20 23:11:30.300] [info] #43: Feasible / Total: 43189 / 66430
[2024-02-20 23:11:30.468] [info] #44: Feasible / Total: 43197 / 66430
[2024-02-20 23:11:30.632] [info] #44: Feasible / Total: 43197 / 66430
[2024-02-20 23:11:30.632] [info] Graph is not D-reducible.
[2024-02-20 23:11:30.640] [info] Started C-reducibility check
[2024-02-20 23:11:35.215] [info] Trying 3640637 possible contractions
[2024-02-20 23:11:35.216] [info] [0/3640637] Starting contraction of size 1
[2024-02-20 23:11:41.312] [info] [37/3640637] Starting contraction of size 2
[2024-02-20 23:11:52.241] [info] All colors passed! Contracted: 24, 47
[2024-02-20 23:11:52.241] [info] Graph is C-reducible!
