[2023-11-19 22:11:34.296] [info] Kempe type: Toroidal
[2023-11-19 22:11:34.418] [info] Vertex size: 31, Edge size: 53, Ring size: 13
[2023-11-19 22:11:37.510] [info] Started D-reducibility check
[2023-11-19 22:11:37.510] [info] #1: Feasible / Total: 9625 / 66430
[2023-11-19 22:13:25.224] [info] #2: Feasible / Total: 13046 / 66430
[2023-11-19 22:13:55.382] [info] #3: Feasible / Total: 14455 / 66430
[2023-11-19 22:14:08.847] [info] #4: Feasible / Total: 15049 / 66430
[2023-11-19 22:14:19.710] [info] #5: Feasible / Total: 15579 / 66430
[2023-11-19 22:14:34.393] [info] #6: Feasible / Total: 16210 / 66430
[2023-11-19 22:14:46.770] [info] #7: Feasible / Total: 16936 / 66430
[2023-11-19 22:15:02.592] [info] #8: Feasible / Total: 17851 / 66430
[2023-11-19 22:15:22.281] [info] #9: Feasible / Total: 19179 / 66430
[2023-11-19 22:15:51.602] [info] #10: Feasible / Total: 20855 / 66430
[2023-11-19 22:16:23.550] [info] #11: Feasible / Total: 23262 / 66430
[2023-11-19 22:16:58.181] [info] #12: Feasible / Total: 26450 / 66430
[2023-11-19 22:17:28.895] [info] #13: Feasible / Total: 29739 / 66430
[2023-11-19 22:17:42.225] [info] #14: Feasible / Total: 31219 / 66430
[2023-11-19 22:17:46.957] [info] #15: Feasible / Total: 31590 / 66430
[2023-11-19 22:17:49.532] [info] #16: Feasible / Total: 31678 / 66430
[2023-11-19 22:17:51.408] [info] #17: Feasible / Total: 31695 / 66430
[2023-11-19 22:17:53.229] [info] #18: Feasible / Total: 31696 / 66430
[2023-11-19 22:17:55.046] [info] #18: Feasible / Total: 31696 / 66430
[2023-11-19 22:17:55.066] [info] Graph is not D-reducible.
[2023-11-19 22:17:55.098] [info] Started C-reducibility check
[2023-11-19 22:23:24.995] [info] Trying 8160058 possible contractions
[2023-11-19 22:23:25.002] [info] [0/8160058] Starting contraction of size 1
[2023-11-19 22:24:38.805] [info] [40/8160058] Starting contraction of size 2
[2023-11-19 22:41:51.051] [info] [753/8160058] Starting contraction of size 3
[2023-11-19 23:48:32.383] [info] All colors passed! Contracted: 22, 26, 51
[2023-11-19 23:48:32.390] [info] Graph is C-reducible!
