[2023-11-16 22:28:31.428] [info] Kempe type: Toroidal
[2023-11-16 22:28:31.450] [info] Vertex size: 37, Edge size: 63, Ring size: 15
[2023-11-16 22:29:30.211] [info] Started D-reducibility check
[2023-11-16 22:29:30.218] [info] #1: Feasible / Total: 64746 / 597871
[2023-11-17 01:34:32.550] [info] #2: Feasible / Total: 95585 / 597871
[2023-11-17 03:27:38.801] [info] #3: Feasible / Total: 118355 / 597871
[2023-11-17 05:11:10.142] [info] #4: Feasible / Total: 142464 / 597871
[2023-11-17 06:36:26.173] [info] #5: Feasible / Total: 170414 / 597871
[2023-11-17 07:59:04.587] [info] #6: Feasible / Total: 203390 / 597871
[2023-11-17 09:16:52.994] [info] #7: Feasible / Total: 243467 / 597871
[2023-11-17 10:30:53.565] [info] #8: Feasible / Total: 288533 / 597871
[2023-11-17 11:05:37.802] [info] #9: Feasible / Total: 321605 / 597871
[2023-11-17 11:11:57.750] [info] #10: Feasible / Total: 329215 / 597871
[2023-11-17 11:13:51.503] [info] #11: Feasible / Total: 329844 / 597871
[2023-11-17 11:15:18.531] [info] #12: Feasible / Total: 329876 / 597871
[2023-11-17 11:16:33.864] [info] #13: Feasible / Total: 329880 / 597871
[2023-11-17 11:17:49.183] [info] #13: Feasible / Total: 329880 / 597871
[2023-11-17 11:17:49.183] [info] Graph is not D-reducible.
[2023-11-17 11:17:50.487] [info] Started C-reducibility check
[2023-11-17 13:06:59.503] [info] Trying 55531464 possible contractions
[2023-11-17 13:06:59.515] [info] [0/55531464] Starting contraction of size 1
[2023-11-17 13:13:14.974] [info] [48/55531464] Starting contraction of size 2
[2023-11-17 14:03:49.558] [info] All colors passed! Contracted: 34, 51
[2023-11-17 14:03:49.563] [info] Graph is C-reducible!
