[2023-11-17 00:33:08.361] [info] Kempe type: Toroidal
[2023-11-17 00:33:08.362] [info] Vertex size: 31, Edge size: 53, Ring size: 13
[2023-11-17 00:33:18.659] [info] Started D-reducibility check
[2023-11-17 00:33:18.666] [info] #1: Feasible / Total: 9705 / 66430
[2023-11-17 00:37:45.224] [info] #2: Feasible / Total: 11599 / 66430
[2023-11-17 00:39:34.502] [info] #3: Feasible / Total: 12632 / 66430
[2023-11-17 00:40:40.779] [info] #4: Feasible / Total: 13090 / 66430
[2023-11-17 00:41:22.758] [info] #5: Feasible / Total: 13362 / 66430
[2023-11-17 00:41:58.682] [info] #6: Feasible / Total: 13546 / 66430
[2023-11-17 00:42:32.871] [info] #7: Feasible / Total: 13697 / 66430
[2023-11-17 00:43:05.080] [info] #8: Feasible / Total: 13814 / 66430
[2023-11-17 00:43:34.472] [info] #9: Feasible / Total: 13941 / 66430
[2023-11-17 00:44:02.495] [info] #10: Feasible / Total: 14007 / 66430
[2023-11-17 00:44:25.927] [info] #11: Feasible / Total: 14089 / 66430
[2023-11-17 00:44:49.738] [info] #12: Feasible / Total: 14160 / 66430
[2023-11-17 00:45:07.181] [info] #13: Feasible / Total: 14222 / 66430
[2023-11-17 00:45:33.315] [info] #14: Feasible / Total: 14269 / 66430
[2023-11-17 00:45:51.642] [info] #15: Feasible / Total: 14306 / 66430
[2023-11-17 00:46:11.131] [info] #16: Feasible / Total: 14333 / 66430
[2023-11-17 00:46:30.098] [info] #17: Feasible / Total: 14361 / 66430
[2023-11-17 00:46:48.810] [info] #18: Feasible / Total: 14391 / 66430
[2023-11-17 00:47:06.778] [info] #19: Feasible / Total: 14421 / 66430
[2023-11-17 00:47:24.255] [info] #20: Feasible / Total: 14450 / 66430
[2023-11-17 00:47:43.421] [info] #21: Feasible / Total: 14511 / 66430
[2023-11-17 00:48:04.279] [info] #22: Feasible / Total: 14595 / 66430
[2023-11-17 00:48:30.701] [info] #23: Feasible / Total: 14707 / 66430
[2023-11-17 00:49:01.662] [info] #24: Feasible / Total: 14824 / 66430
[2023-11-17 00:49:37.766] [info] #25: Feasible / Total: 15017 / 66430
[2023-11-17 00:50:25.588] [info] #26: Feasible / Total: 15399 / 66430
[2023-11-17 00:51:30.058] [info] #27: Feasible / Total: 15932 / 66430
[2023-11-17 00:52:31.114] [info] #28: Feasible / Total: 16586 / 66430
[2023-11-17 00:53:51.515] [info] #29: Feasible / Total: 17494 / 66430
[2023-11-17 00:55:23.682] [info] #30: Feasible / Total: 18629 / 66430
[2023-11-17 00:57:19.726] [info] #31: Feasible / Total: 20197 / 66430
[2023-11-17 00:59:16.726] [info] #32: Feasible / Total: 22438 / 66430
[2023-11-17 01:02:08.830] [info] #33: Feasible / Total: 25346 / 66430
[2023-11-17 01:05:25.053] [info] #34: Feasible / Total: 29778 / 66430
[2023-11-17 01:09:08.664] [info] #35: Feasible / Total: 35291 / 66430
[2023-11-17 01:11:10.483] [info] #36: Feasible / Total: 39086 / 66430
[2023-11-17 01:11:58.805] [info] #37: Feasible / Total: 40055 / 66430
[2023-11-17 01:12:23.381] [info] #38: Feasible / Total: 40381 / 66430
[2023-11-17 01:12:38.604] [info] #39: Feasible / Total: 40556 / 66430
[2023-11-17 01:12:53.235] [info] #40: Feasible / Total: 40729 / 66430
[2023-11-17 01:13:03.354] [info] #41: Feasible / Total: 40794 / 66430
[2023-11-17 01:13:10.259] [info] #42: Feasible / Total: 40809 / 66430
[2023-11-17 01:13:16.470] [info] #43: Feasible / Total: 40815 / 66430
[2023-11-17 01:13:22.742] [info] #44: Feasible / Total: 40816 / 66430
[2023-11-17 01:13:31.942] [info] #44: Feasible / Total: 40816 / 66430
[2023-11-17 01:13:31.946] [info] Graph is not D-reducible.
[2023-11-17 01:13:32.183] [info] Started C-reducibility check
[2023-11-17 01:27:00.251] [info] Trying 8126417 possible contractions
[2023-11-17 01:27:00.262] [info] [0/8126417] Starting contraction of size 1
[2023-11-17 01:29:25.513] [info] [40/8126417] Starting contraction of size 2
[2023-11-17 02:04:15.109] [info] [753/8126417] Starting contraction of size 3
[2023-11-17 06:25:21.084] [info] [8254/8126417] Starting contraction of size 4
[2023-11-17 21:06:19.336] [info] All colors passed! Contracted: 17, 32, 34, 48
[2023-11-17 21:06:19.358] [info] Graph is C-reducible!
