[2023-11-17 14:12:08.759] [info] Kempe type: Toroidal
[2023-11-17 14:12:08.768] [info] Vertex size: 32, Edge size: 55, Ring size: 14
[2023-11-17 14:12:14.810] [info] Started D-reducibility check
[2023-11-17 14:12:14.810] [info] #1: Feasible / Total: 21199 / 199291
[2023-11-17 14:29:28.908] [info] #2: Feasible / Total: 29047 / 199291
[2023-11-17 14:34:38.611] [info] #3: Feasible / Total: 32014 / 199291
[2023-11-17 14:37:36.865] [info] #4: Feasible / Total: 33448 / 199291
[2023-11-17 14:40:03.691] [info] #5: Feasible / Total: 34514 / 199291
[2023-11-17 14:42:04.066] [info] #6: Feasible / Total: 35509 / 199291
[2023-11-17 14:43:57.903] [info] #7: Feasible / Total: 36457 / 199291
[2023-11-17 14:46:09.792] [info] #8: Feasible / Total: 37312 / 199291
[2023-11-17 14:47:53.225] [info] #9: Feasible / Total: 38081 / 199291
[2023-11-17 14:49:35.165] [info] #10: Feasible / Total: 38813 / 199291
[2023-11-17 14:51:11.618] [info] #11: Feasible / Total: 39686 / 199291
[2023-11-17 14:53:23.708] [info] #12: Feasible / Total: 40648 / 199291
[2023-11-17 14:55:47.254] [info] #13: Feasible / Total: 41836 / 199291
[2023-11-17 14:58:29.024] [info] #14: Feasible / Total: 43553 / 199291
[2023-11-17 15:01:32.970] [info] #15: Feasible / Total: 45587 / 199291
[2023-11-17 15:05:12.390] [info] #16: Feasible / Total: 48004 / 199291
[2023-11-17 15:09:22.698] [info] #17: Feasible / Total: 51293 / 199291
[2023-11-17 15:14:02.519] [info] #18: Feasible / Total: 55304 / 199291
[2023-11-17 15:19:35.202] [info] #19: Feasible / Total: 60526 / 199291
[2023-11-17 15:27:36.842] [info] #20: Feasible / Total: 68267 / 199291
[2023-11-17 15:36:49.671] [info] #21: Feasible / Total: 79236 / 199291
[2023-11-17 15:40:15.769] [info] #22: Feasible / Total: 90343 / 199291
[2023-11-17 15:43:27.351] [info] #23: Feasible / Total: 103216 / 199291
[2023-11-17 15:45:40.038] [info] #24: Feasible / Total: 118461 / 199291
[2023-11-17 15:47:45.878] [info] #25: Feasible / Total: 131349 / 199291
[2023-11-17 15:48:39.132] [info] #26: Feasible / Total: 139505 / 199291
[2023-11-17 15:48:43.707] [info] #27: Feasible / Total: 140180 / 199291
[2023-11-17 15:48:44.912] [info] #27: Feasible / Total: 140180 / 199291
[2023-11-17 15:48:44.913] [info] Graph is not D-reducible.
[2023-11-17 15:48:44.960] [info] Started C-reducibility check
[2023-11-17 15:50:18.787] [info] Trying 10869096 possible contractions
[2023-11-17 15:50:18.798] [info] [0/10869096] Starting contraction of size 1
[2023-11-17 15:50:19.610] [info] All colors passed! Contracted: 23
[2023-11-17 15:50:19.611] [info] Graph is C-reducible!
