[2023-11-16 15:21:25.429] [info] Kempe type: Toroidal
[2023-11-16 15:21:25.429] [info] Vertex size: 38, Edge size: 65, Ring size: 16
[2023-11-16 15:22:31.427] [info] Started D-reducibility check
[2023-11-16 15:22:31.427] [info] #1: Feasible / Total: 144364 / 1793614
[2023-11-17 11:28:23.172] [info] #2: Feasible / Total: 185193 / 1793614
[2023-11-17 15:34:40.603] [info] #3: Feasible / Total: 198939 / 1793614
[2023-11-17 18:54:35.890] [info] #4: Feasible / Total: 208467 / 1793614
[2023-11-17 20:53:10.164] [info] #5: Feasible / Total: 216149 / 1793614
[2023-11-17 22:07:58.644] [info] #6: Feasible / Total: 222830 / 1793614
[2023-11-17 23:43:49.881] [info] #7: Feasible / Total: 229043 / 1793614
[2023-11-18 01:03:20.825] [info] #8: Feasible / Total: 234995 / 1793614
[2023-11-18 02:26:19.101] [info] #9: Feasible / Total: 241038 / 1793614
[2023-11-18 03:39:10.120] [info] #10: Feasible / Total: 247767 / 1793614
[2023-11-18 05:07:30.542] [info] #11: Feasible / Total: 254933 / 1793614
[2023-11-18 06:25:54.087] [info] #12: Feasible / Total: 262185 / 1793614
[2023-11-18 07:59:43.814] [info] #13: Feasible / Total: 270375 / 1793614
[2023-11-18 09:43:35.929] [info] #14: Feasible / Total: 279956 / 1793614
[2023-11-18 11:44:45.969] [info] #15: Feasible / Total: 292164 / 1793614
[2023-11-18 13:51:22.466] [info] #16: Feasible / Total: 307317 / 1793614
[2023-11-18 16:45:08.399] [info] #17: Feasible / Total: 326508 / 1793614
[2023-11-18 19:56:48.147] [info] #18: Feasible / Total: 350876 / 1793614
[2023-11-19 00:43:51.723] [info] #19: Feasible / Total: 384884 / 1793614
[2023-11-19 05:55:44.263] [info] #20: Feasible / Total: 430837 / 1793614
[2023-11-19 12:40:32.882] [info] #21: Feasible / Total: 494284 / 1793614
[2023-11-19 22:13:04.796] [info] #22: Feasible / Total: 582844 / 1793614
[2023-11-20 11:34:25.489] [info] #23: Feasible / Total: 714138 / 1793614
[2023-11-21 05:38:08.153] [info] #24: Feasible / Total: 937385 / 1793614
[2023-11-22 00:43:22.654] [info] #25: Feasible / Total: 1260932 / 1793614
[2023-11-22 07:15:03.479] [info] #26: Feasible / Total: 1448035 / 1793614
[2023-11-22 07:23:40.432] [info] #27: Feasible / Total: 1454705 / 1793614
[2023-11-22 07:25:35.598] [info] #27: Feasible / Total: 1454705 / 1793614
[2023-11-22 07:25:35.606] [info] Graph is not D-reducible.
[2023-11-22 07:25:44.446] [info] Started C-reducibility check
[2023-11-22 11:19:07.567] [info] Trying 70212369 possible contractions
[2023-11-22 11:19:07.568] [info] [0/70212369] Starting contraction of size 1
[2023-11-22 11:20:29.278] [info] All colors passed! Contracted: 30
[2023-11-22 11:20:29.298] [info] Graph is C-reducible!
