[2023-11-17 00:34:17.161] [info] Kempe type: Toroidal
[2023-11-17 00:34:17.515] [info] Vertex size: 29, Edge size: 50, Ring size: 13
[2023-11-17 00:34:26.123] [info] Started D-reducibility check
[2023-11-17 00:34:26.195] [info] #1: Feasible / Total: 8585 / 66430
[2023-11-17 00:40:04.508] [info] #2: Feasible / Total: 12420 / 66430
[2023-11-17 00:43:10.438] [info] #3: Feasible / Total: 14381 / 66430
[2023-11-17 00:44:45.733] [info] #4: Feasible / Total: 15599 / 66430
[2023-11-17 00:45:54.141] [info] #5: Feasible / Total: 16762 / 66430
[2023-11-17 00:47:40.708] [info] #6: Feasible / Total: 18103 / 66430
[2023-11-17 00:49:35.752] [info] #7: Feasible / Total: 19748 / 66430
[2023-11-17 00:51:59.457] [info] #8: Feasible / Total: 22163 / 66430
[2023-11-17 00:54:47.952] [info] #9: Feasible / Total: 25194 / 66430
[2023-11-17 00:58:41.839] [info] #10: Feasible / Total: 29368 / 66430
[2023-11-17 01:03:37.752] [info] #11: Feasible / Total: 35906 / 66430
[2023-11-17 01:08:42.826] [info] #12: Feasible / Total: 45248 / 66430
[2023-11-17 01:12:05.250] [info] #13: Feasible / Total: 53811 / 66430
[2023-11-17 01:12:19.430] [info] #14: Feasible / Total: 57573 / 66430
[2023-11-17 01:12:19.814] [info] #15: Feasible / Total: 57654 / 66430
[2023-11-17 01:12:19.995] [info] #15: Feasible / Total: 57654 / 66430
[2023-11-17 01:12:19.995] [info] Graph is not D-reducible.
[2023-11-17 01:12:20.012] [info] Started C-reducibility check
[2023-11-17 01:15:51.946] [info] Trying 3640444 possible contractions
[2023-11-17 01:15:51.954] [info] [0/3640444] Starting contraction of size 1
[2023-11-17 01:17:33.094] [info] [37/3640444] Starting contraction of size 2
[2023-11-17 01:24:06.414] [info] All colors passed! Contracted: 16, 46
[2023-11-17 01:24:06.418] [info] Graph is C-reducible!
