[2024-06-10 18:49:29.709] [info] Kempe type: Toroidal
[2024-06-10 18:49:29.709] [info] Vertex size: 33, Edge size: 56, Ring size: 13
[2024-06-10 18:49:29.959] [info] Started D-reducibility check
[2024-06-10 18:49:29.959] [info] #1: Feasible / Total: 10390 / 66430
[2024-06-10 18:49:40.251] [info] #2: Feasible / Total: 13405 / 66430
[2024-06-10 18:49:44.792] [info] #3: Feasible / Total: 15229 / 66430
[2024-06-10 18:49:48.994] [info] #4: Feasible / Total: 16937 / 66430
[2024-06-10 18:49:52.096] [info] #5: Feasible / Total: 18420 / 66430
[2024-06-10 18:49:55.408] [info] #6: Feasible / Total: 20243 / 66430
[2024-06-10 18:49:59.714] [info] #7: Feasible / Total: 22436 / 66430
[2024-06-10 18:50:05.104] [info] #8: Feasible / Total: 24997 / 66430
[2024-06-10 18:50:12.132] [info] #9: Feasible / Total: 28324 / 66430
[2024-06-10 18:50:19.606] [info] #10: Feasible / Total: 32761 / 66430
[2024-06-10 18:50:26.648] [info] #11: Feasible / Total: 38887 / 66430
[2024-06-10 18:50:34.404] [info] #12: Feasible / Total: 47373 / 66430
[2024-06-10 18:50:38.699] [info] #13: Feasible / Total: 53953 / 66430
[2024-06-10 18:50:40.293] [info] #14: Feasible / Total: 57843 / 66430
[2024-06-10 18:50:40.407] [info] #15: Feasible / Total: 57877 / 66430
[2024-06-10 18:50:40.473] [info] #15: Feasible / Total: 57877 / 66430
[2024-06-10 18:50:40.473] [info] Graph is not D-reducible.
[2024-06-10 18:50:40.481] [info] Started C-reducibility check
[2024-06-10 18:51:06.483] [info] Trying 17049867 possible contractions
[2024-06-10 18:51:06.483] [info] [0/17049867] Starting contraction of size 1
[2024-06-10 18:51:09.862] [info] All colors passed! Contracted: 28
[2024-06-10 18:51:09.862] [info] Graph is C-reducible!
