[2023-11-21 15:24:02.748] [info] Kempe type: Toroidal
[2023-11-21 15:24:02.754] [info] Vertex size: 38, Edge size: 65, Ring size: 16
[2023-11-21 15:25:44.686] [info] Started D-reducibility check
[2023-11-21 15:25:44.746] [info] #1: Feasible / Total: 125207 / 1793614
[2023-11-22 14:27:07.260] [info] #2: Feasible / Total: 211609 / 1793614
[2023-11-22 18:34:20.336] [info] #3: Feasible / Total: 236947 / 1793614
[2023-11-22 20:45:48.966] [info] #4: Feasible / Total: 250178 / 1793614
[2023-11-22 22:13:22.942] [info] #5: Feasible / Total: 259291 / 1793614
[2023-11-22 23:15:23.419] [info] #6: Feasible / Total: 266909 / 1793614
[2023-11-23 00:12:07.748] [info] #7: Feasible / Total: 274344 / 1793614
[2023-11-23 01:09:45.540] [info] #8: Feasible / Total: 282233 / 1793614
[2023-11-23 02:14:56.308] [info] #9: Feasible / Total: 290845 / 1793614
[2023-11-23 03:30:28.282] [info] #10: Feasible / Total: 300335 / 1793614
[2023-11-23 04:43:22.068] [info] #11: Feasible / Total: 311400 / 1793614
[2023-11-23 05:51:36.503] [info] #12: Feasible / Total: 325452 / 1793614
[2023-11-23 07:28:40.630] [info] #13: Feasible / Total: 343667 / 1793614
[2023-11-23 09:24:47.177] [info] #14: Feasible / Total: 367461 / 1793614
[2023-11-23 11:49:30.501] [info] #15: Feasible / Total: 397439 / 1793614
[2023-11-23 14:49:39.606] [info] #16: Feasible / Total: 438392 / 1793614
[2023-11-23 18:17:28.655] [info] #17: Feasible / Total: 494807 / 1793614
[2023-11-23 22:05:38.702] [info] #18: Feasible / Total: 570946 / 1793614
[2023-11-24 02:13:27.051] [info] #19: Feasible / Total: 671762 / 1793614
[2023-11-24 06:45:04.762] [info] #20: Feasible / Total: 804548 / 1793614
[2023-11-24 11:07:55.522] [info] #21: Feasible / Total: 965855 / 1793614
[2023-11-24 13:34:42.259] [info] #22: Feasible / Total: 1103356 / 1793614
[2023-11-24 13:56:44.394] [info] #23: Feasible / Total: 1130132 / 1793614
[2023-11-24 13:58:33.575] [info] #24: Feasible / Total: 1130352 / 1793614
[2023-11-24 13:59:59.473] [info] #24: Feasible / Total: 1130352 / 1793614
[2023-11-24 13:59:59.473] [info] Graph is not D-reducible.
[2023-11-24 14:00:01.396] [info] Started C-reducibility check
[2023-11-24 16:07:00.052] [info] Trying 70375005 possible contractions
[2023-11-24 16:07:00.053] [info] [0/70375005] Starting contraction of size 1
[2023-11-24 16:22:46.257] [info] [49/70375005] Starting contraction of size 2
[2023-11-24 21:33:24.226] [info] [1143/70375005] Starting contraction of size 3
[2023-11-24 22:33:24.643] [info] All colors passed! Contracted: 16, 43, 54
[2023-11-24 22:33:24.655] [info] Graph is C-reducible!
