[2024-06-21 22:10:58.528] [info] Kempe type: Toroidal
[2024-06-21 22:10:58.528] [info] Vertex size: 34, Edge size: 58, Ring size: 14
[2024-06-21 22:11:00.719] [info] Started D-reducibility check
[2024-06-21 22:11:00.719] [info] #1: Feasible / Total: 24089 / 199291
[2024-06-21 22:14:19.354] [info] #2: Feasible / Total: 37498 / 199291
[2024-06-21 22:15:34.918] [info] #3: Feasible / Total: 48715 / 199291
[2024-06-21 22:16:58.815] [info] #4: Feasible / Total: 59777 / 199291
[2024-06-21 22:18:12.132] [info] #5: Feasible / Total: 71923 / 199291
[2024-06-21 22:19:40.756] [info] #6: Feasible / Total: 86022 / 199291
[2024-06-21 22:21:30.170] [info] #7: Feasible / Total: 107691 / 199291
[2024-06-21 22:22:38.407] [info] #8: Feasible / Total: 134582 / 199291
[2024-06-21 22:23:01.176] [info] #9: Feasible / Total: 143798 / 199291
[2024-06-21 22:23:05.080] [info] #10: Feasible / Total: 145021 / 199291
[2024-06-21 22:23:08.237] [info] #11: Feasible / Total: 145537 / 199291
[2024-06-21 22:23:09.230] [info] #12: Feasible / Total: 145581 / 199291
[2024-06-21 22:23:09.846] [info] #12: Feasible / Total: 145581 / 199291
[2024-06-21 22:23:09.846] [info] Graph is not D-reducible.
[2024-06-21 22:23:09.874] [info] Started C-reducibility check
[2024-06-21 22:24:05.897] [info] Trying 22308865 possible contractions
[2024-06-21 22:24:05.897] [info] [0/22308865] Starting contraction of size 1
[2024-06-21 22:24:25.596] [info] All colors passed! Contracted: 26
[2024-06-21 22:24:25.596] [info] Graph is C-reducible!
