[2024-03-01 14:12:46.488] [info] Kempe type: Toroidal
[2024-03-01 14:12:46.488] [info] Vertex size: 44, Edge size: 74, Ring size: 16
[2024-03-01 14:15:43.870] [info] Started D-reducibility check
[2024-03-01 14:15:43.871] [info] #1: Feasible / Total: 209362 / 1793614
[2024-03-02 02:15:40.729] [info] #2: Feasible / Total: 385415 / 1793614
[2024-03-02 08:03:47.514] [info] #3: Feasible / Total: 561491 / 1793614
[2024-03-02 11:31:37.026] [info] #4: Feasible / Total: 684768 / 1793614
[2024-03-02 13:32:49.172] [info] #5: Feasible / Total: 763174 / 1793614
[2024-03-02 15:23:24.079] [info] #6: Feasible / Total: 843498 / 1793614
[2024-03-02 17:35:29.269] [info] #7: Feasible / Total: 946844 / 1793614
[2024-03-02 19:25:56.616] [info] #8: Feasible / Total: 1069909 / 1793614
[2024-03-02 20:32:44.394] [info] #9: Feasible / Total: 1167395 / 1793614
[2024-03-02 21:02:58.891] [info] #10: Feasible / Total: 1220704 / 1793614
[2024-03-02 21:10:05.453] [info] #11: Feasible / Total: 1228422 / 1793614
[2024-03-02 21:11:22.991] [info] #12: Feasible / Total: 1229750 / 1793614
[2024-03-02 21:11:54.688] [info] #13: Feasible / Total: 1229762 / 1793614
[2024-03-02 21:12:23.886] [info] #13: Feasible / Total: 1229762 / 1793614
[2024-03-02 21:12:23.886] [info] Graph is not D-reducible.
[2024-03-02 21:12:24.908] [info] Started C-reducibility check
[2024-03-02 21:12:36.647] [info] Trying 2700656 possible contractions
[2024-03-02 21:12:36.647] [info] [0/2700656] Starting contraction of size 1
[2024-03-02 21:49:03.930] [info] [58/2700656] Starting contraction of size 2
[2024-03-03 05:30:58.406] [info] [1611/2700656] Starting contraction of size 3
[2024-03-04 07:13:38.213] [info] All colors passed! Contracted: 49, 51, 69
[2024-03-04 07:13:38.213] [info] Graph is C-reducible!
