[2024-10-19 11:31:24.633] [info] Kempe type: Toroidal
[2024-10-19 11:31:24.633] [info] Vertex size: 31, Edge size: 53, Ring size: 13
[2024-10-19 11:31:25.367] [info] Started D-reducibility check
[2024-10-19 11:31:25.367] [info] #1: Feasible / Total: 10461 / 66430
[2024-10-19 11:33:48.767] [info] #2: Feasible / Total: 14446 / 66430
[2024-10-19 11:34:54.699] [info] #3: Feasible / Total: 18150 / 66430
[2024-10-19 11:36:09.617] [info] #4: Feasible / Total: 22826 / 66430
[2024-10-19 11:37:39.006] [info] #5: Feasible / Total: 29790 / 66430
[2024-10-19 11:39:10.579] [info] #6: Feasible / Total: 38586 / 66430
[2024-10-19 11:39:50.852] [info] #7: Feasible / Total: 43864 / 66430
[2024-10-19 11:39:59.455] [info] #8: Feasible / Total: 44738 / 66430
[2024-10-19 11:40:01.101] [info] #9: Feasible / Total: 44750 / 66430
[2024-10-19 11:40:02.305] [info] #9: Feasible / Total: 44750 / 66430
[2024-10-19 11:40:02.305] [info] Graph is not D-reducible.
[2024-10-19 11:40:02.361] [info] Started C-reducibility check
[2024-10-19 11:40:16.016] [info] Trying 1197654 possible contractions
[2024-10-19 11:40:16.016] [info] [0/1197654] Starting contraction of size 1
[2024-10-19 11:41:07.981] [info] [40/1197654] Starting contraction of size 2
[2024-10-19 11:52:07.231] [info] [753/1197654] Starting contraction of size 3
[2024-10-19 12:19:34.102] [info] All colors passed! Contracted: 32, 36, 52
[2024-10-19 12:19:34.112] [info] Graph is C-reducible!
