[2024-10-19 12:34:42.153] [info] Kempe type: Toroidal
[2024-10-19 12:34:42.153] [info] Vertex size: 36, Edge size: 61, Ring size: 14
[2024-10-19 12:34:49.600] [info] Started D-reducibility check
[2024-10-19 12:34:49.600] [info] #1: Feasible / Total: 26098 / 199291
[2024-10-19 12:43:53.315] [info] #2: Feasible / Total: 37830 / 199291
[2024-10-19 12:48:20.905] [info] #3: Feasible / Total: 47986 / 199291
[2024-10-19 12:53:35.330] [info] #4: Feasible / Total: 59964 / 199291
[2024-10-19 12:58:31.544] [info] #5: Feasible / Total: 73152 / 199291
[2024-10-19 13:03:17.279] [info] #6: Feasible / Total: 89258 / 199291
[2024-10-19 13:08:20.666] [info] #7: Feasible / Total: 110929 / 199291
[2024-10-19 13:15:43.448] [info] #8: Feasible / Total: 129353 / 199291
[2024-10-19 13:22:52.822] [info] #9: Feasible / Total: 152824 / 199291
[2024-10-19 13:26:17.459] [info] #10: Feasible / Total: 173607 / 199291
[2024-10-19 13:26:32.177] [info] #11: Feasible / Total: 175159 / 199291
[2024-10-19 13:26:34.203] [info] #12: Feasible / Total: 175163 / 199291
[2024-10-19 13:26:36.321] [info] #12: Feasible / Total: 175163 / 199291
[2024-10-19 13:26:36.321] [info] Graph is not D-reducible.
[2024-10-19 13:26:36.551] [info] Started C-reducibility check
[2024-10-19 13:27:32.873] [info] Trying 3910854 possible contractions
[2024-10-19 13:27:32.873] [info] [0/3910854] Starting contraction of size 1
[2024-10-19 13:27:36.548] [info] All colors passed! Contracted: 22
[2024-10-19 13:27:36.549] [info] Graph is C-reducible!
