[2023-11-16 15:21:25.392] [info] Kempe type: Toroidal
[2023-11-16 15:21:25.392] [info] Vertex size: 34, Edge size: 58, Ring size: 14
[2023-11-16 15:21:40.753] [info] Started D-reducibility check
[2023-11-16 15:21:40.753] [info] #1: Feasible / Total: 25291 / 199291
[2023-11-16 15:35:12.416] [info] #2: Feasible / Total: 41225 / 199291
[2023-11-16 15:42:49.659] [info] #3: Feasible / Total: 54268 / 199291
[2023-11-16 15:48:41.499] [info] #4: Feasible / Total: 65272 / 199291
[2023-11-16 15:54:26.792] [info] #5: Feasible / Total: 75909 / 199291
[2023-11-16 16:01:00.887] [info] #6: Feasible / Total: 89901 / 199291
[2023-11-16 16:08:21.482] [info] #7: Feasible / Total: 110977 / 199291
[2023-11-16 16:12:47.830] [info] #8: Feasible / Total: 131966 / 199291
[2023-11-16 16:13:48.997] [info] #9: Feasible / Total: 135267 / 199291
[2023-11-16 16:15:50.001] [info] #10: Feasible / Total: 141506 / 199291
[2023-11-16 16:16:37.714] [info] #11: Feasible / Total: 147467 / 199291
[2023-11-16 16:16:41.677] [info] #12: Feasible / Total: 147497 / 199291
[2023-11-16 16:16:45.033] [info] #12: Feasible / Total: 147497 / 199291
[2023-11-16 16:16:45.058] [info] Graph is not D-reducible.
[2023-11-16 16:16:45.178] [info] Started C-reducibility check
[2023-11-16 16:32:57.975] [info] Trying 22313063 possible contractions
[2023-11-16 16:32:57.990] [info] [0/22313063] Starting contraction of size 1
[2023-11-16 16:36:42.780] [info] [44/22313063] Starting contraction of size 2
[2023-11-16 17:28:49.541] [info] [916/22313063] Starting contraction of size 3
[2023-11-16 18:00:57.105] [info] All colors passed! Contracted: 20, 44, 56
[2023-11-16 18:00:57.130] [info] Graph is C-reducible!
