[2023-12-05 15:24:56.936] [info] Kempe type: Toroidal
[2023-12-05 15:24:56.936] [info] Vertex size: 40, Edge size: 68, Ring size: 16
[2023-12-05 15:25:09.985] [info] Started D-reducibility check
[2023-12-05 15:25:09.985] [info] #1: Feasible / Total: 171762 / 1793614
[2023-12-07 03:16:35.584] [info] #2: Feasible / Total: 314404 / 1793614
[2023-12-07 16:32:01.068] [info] #3: Feasible / Total: 411842 / 1793614
[2023-12-07 23:35:23.837] [info] #4: Feasible / Total: 493893 / 1793614
[2023-12-08 03:53:31.085] [info] #5: Feasible / Total: 555239 / 1793614
[2023-12-08 06:34:23.279] [info] #6: Feasible / Total: 595251 / 1793614
[2023-12-08 08:43:47.118] [info] #7: Feasible / Total: 626092 / 1793614
[2023-12-08 11:11:44.097] [info] #8: Feasible / Total: 658106 / 1793614
[2023-12-08 14:01:57.194] [info] #9: Feasible / Total: 693883 / 1793614
[2023-12-08 17:39:02.550] [info] #10: Feasible / Total: 736713 / 1793614
[2023-12-08 21:53:45.306] [info] #11: Feasible / Total: 798515 / 1793614
[2023-12-09 02:59:43.480] [info] #12: Feasible / Total: 883591 / 1793614
[2023-12-09 07:40:32.071] [info] #13: Feasible / Total: 984738 / 1793614
[2023-12-09 13:45:17.036] [info] #14: Feasible / Total: 1135392 / 1793614
[2023-12-09 21:03:39.394] [info] #15: Feasible / Total: 1388742 / 1793614
[2023-12-09 23:08:55.055] [info] #16: Feasible / Total: 1545706 / 1793614
[2023-12-10 00:37:33.391] [info] #17: Feasible / Total: 1578853 / 1793614
[2023-12-10 02:45:54.274] [info] #18: Feasible / Total: 1618780 / 1793614
[2023-12-10 02:56:29.377] [info] #19: Feasible / Total: 1621746 / 1793614
[2023-12-10 02:57:04.478] [info] #20: Feasible / Total: 1621753 / 1793614
[2023-12-10 02:57:37.241] [info] #20: Feasible / Total: 1621753 / 1793614
[2023-12-10 02:57:37.241] [info] Graph is not D-reducible.
[2023-12-10 02:57:40.070] [info] Started C-reducibility check
[2023-12-10 10:36:51.966] [info] Trying 196034 possible contractions
[2023-12-10 10:36:51.966] [info] [0/196034] Starting contraction of size 1
[2023-12-10 10:38:15.479] [info] All colors passed! Contracted: 29
[2023-12-10 10:38:15.479] [info] Graph is C-reducible!
