[2024-10-19 14:57:09.073] [info] Kempe type: Toroidal
[2024-10-19 14:57:09.073] [info] Vertex size: 37, Edge size: 63, Ring size: 15
[2024-10-19 14:57:48.654] [info] Started D-reducibility check
[2024-10-19 14:57:48.654] [info] #1: Feasible / Total: 62321 / 597871
[2024-10-19 16:17:47.924] [info] #2: Feasible / Total: 92422 / 597871
[2024-10-19 16:49:16.575] [info] #3: Feasible / Total: 117643 / 597871
[2024-10-19 17:15:56.295] [info] #4: Feasible / Total: 143172 / 597871
[2024-10-19 17:40:38.510] [info] #5: Feasible / Total: 168106 / 597871
[2024-10-19 18:09:56.532] [info] #6: Feasible / Total: 200067 / 597871
[2024-10-19 18:45:49.048] [info] #7: Feasible / Total: 251118 / 597871
[2024-10-19 19:16:30.367] [info] #8: Feasible / Total: 324967 / 597871
[2024-10-19 19:34:23.763] [info] #9: Feasible / Total: 383382 / 597871
[2024-10-19 19:55:55.559] [info] #10: Feasible / Total: 470636 / 597871
[2024-10-19 20:02:07.205] [info] #11: Feasible / Total: 557375 / 597871
[2024-10-19 20:02:10.552] [info] #12: Feasible / Total: 558487 / 597871
[2024-10-19 20:02:11.642] [info] #12: Feasible / Total: 558487 / 597871
[2024-10-19 20:02:11.656] [info] Graph is not D-reducible.
[2024-10-19 20:02:11.820] [info] Started C-reducibility check
[2024-10-19 20:02:30.577] [info] Trying 4609420 possible contractions
[2024-10-19 20:02:30.584] [info] [0/4609420] Starting contraction of size 1
[2024-10-19 20:02:36.935] [info] All colors passed! Contracted: 54
[2024-10-19 20:02:36.935] [info] Graph is C-reducible!
