[2023-11-16 14:26:43.840] [info] Kempe type: Toroidal
[2023-11-16 14:26:43.840] [info] Vertex size: 32, Edge size: 55, Ring size: 14
[2023-11-16 14:26:54.215] [info] Started D-reducibility check
[2023-11-16 14:26:54.215] [info] #1: Feasible / Total: 22470 / 199291
[2023-11-16 14:42:24.590] [info] #2: Feasible / Total: 36703 / 199291
[2023-11-16 14:47:36.494] [info] #3: Feasible / Total: 44833 / 199291
[2023-11-16 14:51:57.163] [info] #4: Feasible / Total: 54178 / 199291
[2023-11-16 14:56:43.330] [info] #5: Feasible / Total: 67329 / 199291
[2023-11-16 15:02:51.619] [info] #6: Feasible / Total: 87710 / 199291
[2023-11-16 15:10:43.807] [info] #7: Feasible / Total: 120550 / 199291
[2023-11-16 15:17:46.094] [info] #8: Feasible / Total: 163970 / 199291
[2023-11-16 15:19:10.142] [info] #9: Feasible / Total: 179425 / 199291
[2023-11-16 15:19:12.780] [info] #10: Feasible / Total: 179751 / 199291
[2023-11-16 15:19:13.730] [info] #10: Feasible / Total: 179751 / 199291
[2023-11-16 15:19:13.742] [info] Graph is not D-reducible.
[2023-11-16 15:19:13.846] [info] Started C-reducibility check
[2023-11-16 15:23:45.546] [info] Trying 10828499 possible contractions
[2023-11-16 15:23:45.546] [info] [0/10828499] Starting contraction of size 1
[2023-11-16 15:24:53.949] [info] All colors passed! Contracted: 35
[2023-11-16 15:24:53.949] [info] Graph is C-reducible!
