[2023-12-05 15:26:50.925] [info] Kempe type: Toroidal
[2023-12-05 15:26:50.925] [info] Vertex size: 38, Edge size: 65, Ring size: 16
[2023-12-05 15:28:20.684] [info] Started D-reducibility check
[2023-12-05 15:28:20.685] [info] #1: Feasible / Total: 141659 / 1793614
[2023-12-06 19:56:07.225] [info] #2: Feasible / Total: 203554 / 1793614
[2023-12-07 03:10:40.523] [info] #3: Feasible / Total: 242536 / 1793614
[2023-12-07 07:28:57.707] [info] #4: Feasible / Total: 268682 / 1793614
[2023-12-07 10:46:51.000] [info] #5: Feasible / Total: 290791 / 1793614
[2023-12-07 13:35:54.216] [info] #6: Feasible / Total: 312599 / 1793614
[2023-12-07 16:27:50.287] [info] #7: Feasible / Total: 336191 / 1793614
[2023-12-07 19:30:58.012] [info] #8: Feasible / Total: 363159 / 1793614
[2023-12-07 22:56:17.170] [info] #9: Feasible / Total: 393610 / 1793614
[2023-12-08 02:27:10.444] [info] #10: Feasible / Total: 427091 / 1793614
[2023-12-08 06:37:25.246] [info] #11: Feasible / Total: 467055 / 1793614
[2023-12-08 10:57:46.290] [info] #12: Feasible / Total: 516525 / 1793614
[2023-12-08 15:20:00.195] [info] #13: Feasible / Total: 576434 / 1793614
[2023-12-08 20:18:36.416] [info] #14: Feasible / Total: 652520 / 1793614
[2023-12-09 02:13:39.461] [info] #15: Feasible / Total: 744545 / 1793614
[2023-12-09 09:16:10.529] [info] #16: Feasible / Total: 880883 / 1793614
[2023-12-09 16:48:35.890] [info] #17: Feasible / Total: 1068882 / 1793614
[2023-12-09 22:00:11.107] [info] #18: Feasible / Total: 1282844 / 1793614
[2023-12-09 22:38:57.662] [info] #19: Feasible / Total: 1342104 / 1793614
[2023-12-09 22:40:49.246] [info] #20: Feasible / Total: 1342264 / 1793614
[2023-12-09 22:42:15.024] [info] #20: Feasible / Total: 1342264 / 1793614
[2023-12-09 22:42:15.024] [info] Graph is not D-reducible.
[2023-12-09 22:42:18.279] [info] Started C-reducibility check
[2023-12-10 00:56:12.998] [info] Trying 151083 possible contractions
[2023-12-10 00:56:12.998] [info] [0/151083] Starting contraction of size 1
[2023-12-10 00:56:55.579] [info] All colors passed! Contracted: 29
[2023-12-10 00:56:55.579] [info] Graph is C-reducible!
