[2024-10-19 13:09:42.690] [info] Kempe type: Toroidal
[2024-10-19 13:09:42.690] [info] Vertex size: 39, Edge size: 66, Ring size: 15
[2024-10-19 13:10:35.601] [info] Started D-reducibility check
[2024-10-19 13:10:35.601] [info] #1: Feasible / Total: 71389 / 597871
[2024-10-19 14:13:05.310] [info] #2: Feasible / Total: 100042 / 597871
[2024-10-19 14:35:29.922] [info] #3: Feasible / Total: 119935 / 597871
[2024-10-19 15:06:05.734] [info] #4: Feasible / Total: 143720 / 597871
[2024-10-19 16:17:04.703] [info] #5: Feasible / Total: 178207 / 597871
[2024-10-19 17:13:55.103] [info] #6: Feasible / Total: 235009 / 597871
[2024-10-19 18:12:27.844] [info] #7: Feasible / Total: 327639 / 597871
[2024-10-19 18:51:54.452] [info] #8: Feasible / Total: 437309 / 597871
[2024-10-19 19:01:32.897] [info] #9: Feasible / Total: 497065 / 597871
[2024-10-19 19:01:51.923] [info] #10: Feasible / Total: 497863 / 597871
[2024-10-19 19:01:57.408] [info] #10: Feasible / Total: 497863 / 597871
[2024-10-19 19:01:57.436] [info] Graph is not D-reducible.
[2024-10-19 19:01:57.726] [info] Started C-reducibility check
[2024-10-19 19:02:44.460] [info] Trying 7086950 possible contractions
[2024-10-19 19:02:44.461] [info] [0/7086950] Starting contraction of size 1
[2024-10-19 19:03:29.974] [info] All colors passed! Contracted: 44
[2024-10-19 19:03:29.988] [info] Graph is C-reducible!
