[2023-11-17 14:12:08.731] [info] Kempe type: Toroidal
[2023-11-17 14:12:08.732] [info] Vertex size: 32, Edge size: 55, Ring size: 14
[2023-11-17 14:12:14.378] [info] Started D-reducibility check
[2023-11-17 14:12:14.378] [info] #1: Feasible / Total: 19036 / 199291
[2023-11-17 14:22:59.605] [info] #2: Feasible / Total: 31043 / 199291
[2023-11-17 14:25:14.212] [info] #3: Feasible / Total: 35175 / 199291
[2023-11-17 14:27:21.102] [info] #4: Feasible / Total: 38167 / 199291
[2023-11-17 14:28:21.307] [info] #5: Feasible / Total: 39946 / 199291
[2023-11-17 14:29:13.667] [info] #6: Feasible / Total: 40828 / 199291
[2023-11-17 14:29:23.150] [info] #7: Feasible / Total: 41347 / 199291
[2023-11-17 14:29:40.702] [info] #8: Feasible / Total: 41813 / 199291
[2023-11-17 14:30:01.512] [info] #9: Feasible / Total: 42193 / 199291
[2023-11-17 14:30:17.230] [info] #10: Feasible / Total: 42417 / 199291
[2023-11-17 14:30:33.046] [info] #11: Feasible / Total: 42582 / 199291
[2023-11-17 14:30:48.258] [info] #12: Feasible / Total: 42771 / 199291
[2023-11-17 14:31:01.253] [info] #13: Feasible / Total: 43001 / 199291
[2023-11-17 14:31:16.073] [info] #14: Feasible / Total: 43194 / 199291
[2023-11-17 14:31:29.685] [info] #15: Feasible / Total: 43354 / 199291
[2023-11-17 14:31:44.586] [info] #16: Feasible / Total: 43504 / 199291
[2023-11-17 14:32:02.305] [info] #17: Feasible / Total: 43686 / 199291
[2023-11-17 14:32:18.587] [info] #18: Feasible / Total: 43928 / 199291
[2023-11-17 14:32:35.270] [info] #19: Feasible / Total: 44214 / 199291
[2023-11-17 14:32:50.741] [info] #20: Feasible / Total: 44556 / 199291
[2023-11-17 14:33:04.162] [info] #21: Feasible / Total: 44832 / 199291
[2023-11-17 14:33:21.161] [info] #22: Feasible / Total: 45084 / 199291
[2023-11-17 14:33:33.795] [info] #23: Feasible / Total: 45294 / 199291
[2023-11-17 14:33:46.287] [info] #24: Feasible / Total: 45469 / 199291
[2023-11-17 14:33:59.635] [info] #25: Feasible / Total: 45698 / 199291
[2023-11-17 14:34:14.197] [info] #26: Feasible / Total: 45965 / 199291
[2023-11-17 14:34:29.110] [info] #27: Feasible / Total: 46241 / 199291
[2023-11-17 14:34:47.419] [info] #28: Feasible / Total: 46501 / 199291
[2023-11-17 14:35:05.830] [info] #29: Feasible / Total: 46827 / 199291
[2023-11-17 14:35:25.974] [info] #30: Feasible / Total: 47374 / 199291
[2023-11-17 14:35:53.304] [info] #31: Feasible / Total: 48184 / 199291
[2023-11-17 14:36:34.332] [info] #32: Feasible / Total: 49364 / 199291
[2023-11-17 14:37:09.523] [info] #33: Feasible / Total: 50568 / 199291
[2023-11-17 14:37:40.802] [info] #34: Feasible / Total: 51647 / 199291
[2023-11-17 14:38:11.236] [info] #35: Feasible / Total: 52737 / 199291
[2023-11-17 14:38:44.991] [info] #36: Feasible / Total: 54123 / 199291
[2023-11-17 14:39:18.861] [info] #37: Feasible / Total: 55719 / 199291
[2023-11-17 14:40:01.559] [info] #38: Feasible / Total: 57802 / 199291
[2023-11-17 14:40:46.689] [info] #39: Feasible / Total: 60361 / 199291
[2023-11-17 14:41:45.325] [info] #40: Feasible / Total: 62569 / 199291
[2023-11-17 14:42:30.903] [info] #41: Feasible / Total: 64251 / 199291
[2023-11-17 14:42:58.058] [info] #42: Feasible / Total: 65473 / 199291
[2023-11-17 14:43:21.259] [info] #43: Feasible / Total: 66545 / 199291
[2023-11-17 14:43:44.030] [info] #44: Feasible / Total: 67575 / 199291
[2023-11-17 14:44:04.635] [info] #45: Feasible / Total: 68577 / 199291
[2023-11-17 14:44:27.481] [info] #46: Feasible / Total: 69639 / 199291
[2023-11-17 14:44:58.746] [info] #47: Feasible / Total: 70678 / 199291
[2023-11-17 14:45:20.090] [info] #48: Feasible / Total: 71651 / 199291
[2023-11-17 14:45:38.986] [info] #49: Feasible / Total: 72325 / 199291
[2023-11-17 14:45:54.562] [info] #50: Feasible / Total: 72768 / 199291
[2023-11-17 14:46:09.307] [info] #51: Feasible / Total: 73091 / 199291
[2023-11-17 14:46:21.360] [info] #52: Feasible / Total: 73316 / 199291
[2023-11-17 14:46:31.850] [info] #53: Feasible / Total: 73452 / 199291
[2023-11-17 14:46:40.892] [info] #54: Feasible / Total: 73512 / 199291
[2023-11-17 14:46:50.693] [info] #55: Feasible / Total: 73589 / 199291
[2023-11-17 14:46:59.642] [info] #56: Feasible / Total: 73675 / 199291
[2023-11-17 14:47:08.843] [info] #57: Feasible / Total: 73731 / 199291
[2023-11-17 14:47:17.742] [info] #58: Feasible / Total: 73746 / 199291
[2023-11-17 14:47:25.942] [info] #59: Feasible / Total: 73749 / 199291
[2023-11-17 14:47:36.597] [info] #60: Feasible / Total: 73752 / 199291
[2023-11-17 14:47:43.478] [info] #60: Feasible / Total: 73752 / 199291
[2023-11-17 14:47:43.478] [info] Graph is not D-reducible.
[2023-11-17 14:47:43.611] [info] Started C-reducibility check
[2023-11-17 14:51:44.686] [info] Trying 10867072 possible contractions
[2023-11-17 14:51:47.081] [info] [0/10867072] Starting contraction of size 1
[2023-11-17 14:53:17.260] [info] [41/10867072] Starting contraction of size 2
[2023-11-17 15:11:49.702] [info] [793/10867072] Starting contraction of size 3
[2023-11-17 15:46:48.281] [info] All colors passed! Contracted: 35, 39, 51
[2023-11-17 15:46:48.298] [info] Graph is C-reducible!
