[2024-07-13 15:02:29.779] [info] Kempe type: Toroidal
[2024-07-13 15:02:29.779] [info] Vertex size: 37, Edge size: 63, Ring size: 15
[2024-07-13 15:02:32.473] [info] Started D-reducibility check
[2024-07-13 15:02:32.473] [info] #1: Feasible / Total: 64745 / 597871
[2024-07-13 15:11:06.808] [info] #2: Feasible / Total: 89827 / 597871
[2024-07-13 15:13:51.160] [info] #3: Feasible / Total: 100813 / 597871
[2024-07-13 15:15:51.221] [info] #4: Feasible / Total: 107918 / 597871
[2024-07-13 15:17:41.347] [info] #5: Feasible / Total: 114539 / 597871
[2024-07-13 15:19:28.450] [info] #6: Feasible / Total: 120918 / 597871
[2024-07-13 15:21:18.024] [info] #7: Feasible / Total: 127810 / 597871
[2024-07-13 15:23:23.783] [info] #8: Feasible / Total: 135890 / 597871
[2024-07-13 15:26:38.408] [info] #9: Feasible / Total: 146566 / 597871
[2024-07-13 15:31:23.804] [info] #10: Feasible / Total: 162268 / 597871
[2024-07-13 15:36:50.381] [info] #11: Feasible / Total: 184584 / 597871
[2024-07-13 15:42:29.100] [info] #12: Feasible / Total: 214008 / 597871
[2024-07-13 15:47:59.491] [info] #13: Feasible / Total: 249927 / 597871
[2024-07-13 15:52:12.224] [info] #14: Feasible / Total: 279042 / 597871
[2024-07-13 15:56:03.990] [info] #15: Feasible / Total: 306172 / 597871
[2024-07-13 15:58:26.624] [info] #16: Feasible / Total: 325866 / 597871
[2024-07-13 15:59:12.634] [info] #17: Feasible / Total: 334572 / 597871
[2024-07-13 15:59:26.113] [info] #18: Feasible / Total: 337240 / 597871
[2024-07-13 15:59:32.985] [info] #19: Feasible / Total: 337990 / 597871
[2024-07-13 15:59:37.341] [info] #20: Feasible / Total: 338043 / 597871
[2024-07-13 15:59:41.679] [info] #20: Feasible / Total: 338043 / 597871
[2024-07-13 15:59:41.679] [info] Graph is not D-reducible.
[2024-07-13 15:59:41.756] [info] Started C-reducibility check
[2024-07-13 16:01:30.862] [info] Trying 55493584 possible contractions
[2024-07-13 16:01:30.862] [info] [0/55493584] Starting contraction of size 1
[2024-07-13 16:01:49.800] [info] All colors passed! Contracted: 51
[2024-07-13 16:01:49.800] [info] Graph is C-reducible!
