[2023-12-05 15:26:56.951] [info] Kempe type: Toroidal
[2023-12-05 15:26:56.951] [info] Vertex size: 35, Edge size: 60, Ring size: 15
[2023-12-05 15:27:25.465] [info] Started D-reducibility check
[2023-12-05 15:27:25.465] [info] #1: Feasible / Total: 54439 / 597871
[2023-12-05 18:38:06.956] [info] #2: Feasible / Total: 84177 / 597871
[2023-12-05 20:04:46.531] [info] #3: Feasible / Total: 99731 / 597871
[2023-12-05 21:03:39.248] [info] #4: Feasible / Total: 111457 / 597871
[2023-12-05 21:52:34.919] [info] #5: Feasible / Total: 123117 / 597871
[2023-12-05 22:44:14.360] [info] #6: Feasible / Total: 135630 / 597871
[2023-12-05 23:34:28.779] [info] #7: Feasible / Total: 148980 / 597871
[2023-12-06 00:30:42.705] [info] #8: Feasible / Total: 165730 / 597871
[2023-12-06 01:33:18.650] [info] #9: Feasible / Total: 185354 / 597871
[2023-12-06 02:31:20.139] [info] #10: Feasible / Total: 205549 / 597871
[2023-12-06 03:30:30.702] [info] #11: Feasible / Total: 228046 / 597871
[2023-12-06 04:37:32.352] [info] #12: Feasible / Total: 254744 / 597871
[2023-12-06 05:47:06.721] [info] #13: Feasible / Total: 286385 / 597871
[2023-12-06 06:41:19.420] [info] #14: Feasible / Total: 321477 / 597871
[2023-12-06 07:09:20.026] [info] #15: Feasible / Total: 344492 / 597871
[2023-12-06 07:14:44.497] [info] #16: Feasible / Total: 348893 / 597871
[2023-12-06 07:16:36.560] [info] #17: Feasible / Total: 348989 / 597871
[2023-12-06 07:18:12.423] [info] #17: Feasible / Total: 348989 / 597871
[2023-12-06 07:18:12.423] [info] Graph is not D-reducible.
[2023-12-06 07:18:13.882] [info] Started C-reducibility check
[2023-12-06 08:26:21.360] [info] Trying 103264 possible contractions
[2023-12-06 08:26:21.360] [info] [0/103264] Starting contraction of size 1
[2023-12-06 08:34:59.886] [info] All colors passed! Contracted: 36
[2023-12-06 08:34:59.886] [info] Graph is C-reducible!
