[2024-10-19 13:09:40.434] [info] Kempe type: Toroidal
[2024-10-19 13:09:40.434] [info] Vertex size: 40, Edge size: 68, Ring size: 16
[2024-10-19 13:11:38.254] [info] Started D-reducibility check
[2024-10-19 13:11:38.254] [info] #1: Feasible / Total: 161187 / 1793614
[2024-10-19 21:30:14.391] [info] #2: Feasible / Total: 281165 / 1793614
[2024-10-19 23:01:25.249] [info] #3: Feasible / Total: 386780 / 1793614
[2024-10-20 00:35:05.087] [info] #4: Feasible / Total: 505616 / 1793614
[2024-10-20 02:19:14.694] [info] #5: Feasible / Total: 666447 / 1793614
[2024-10-20 04:36:41.496] [info] #6: Feasible / Total: 919960 / 1793614
[2024-10-20 06:27:32.882] [info] #7: Feasible / Total: 1304522 / 1793614
[2024-10-20 06:51:28.850] [info] #8: Feasible / Total: 1492114 / 1793614
[2024-10-20 06:52:48.288] [info] #9: Feasible / Total: 1501686 / 1793614
[2024-10-20 06:52:59.167] [info] #10: Feasible / Total: 1501943 / 1793614
[2024-10-20 06:53:06.471] [info] #11: Feasible / Total: 1501945 / 1793614
[2024-10-20 06:53:13.722] [info] #11: Feasible / Total: 1501945 / 1793614
[2024-10-20 06:53:13.722] [info] Graph is not D-reducible.
[2024-10-20 06:53:14.156] [info] Started C-reducibility check
[2024-10-20 06:53:26.283] [info] Trying 8242360 possible contractions
[2024-10-20 06:53:26.284] [info] [0/8242360] Starting contraction of size 1
[2024-10-20 06:53:54.057] [info] All colors passed! Contracted: 32
[2024-10-20 06:53:54.057] [info] Graph is C-reducible!
