[2024-10-19 14:57:08.736] [info] Kempe type: Toroidal
[2024-10-19 14:57:08.744] [info] Vertex size: 37, Edge size: 63, Ring size: 15
[2024-10-19 14:57:35.437] [info] Started D-reducibility check
[2024-10-19 14:57:35.437] [info] #1: Feasible / Total: 58693 / 597871
[2024-10-19 16:44:11.284] [info] #2: Feasible / Total: 101236 / 597871
[2024-10-19 17:18:54.481] [info] #3: Feasible / Total: 130694 / 597871
[2024-10-19 17:50:34.246] [info] #4: Feasible / Total: 161631 / 597871
[2024-10-19 18:21:42.642] [info] #5: Feasible / Total: 195074 / 597871
[2024-10-19 18:57:51.829] [info] #6: Feasible / Total: 239131 / 597871
[2024-10-19 19:35:06.813] [info] #7: Feasible / Total: 311739 / 597871
[2024-10-19 20:03:28.796] [info] #8: Feasible / Total: 439163 / 597871
[2024-10-19 20:09:01.061] [info] #9: Feasible / Total: 521965 / 597871
[2024-10-19 20:09:18.167] [info] #10: Feasible / Total: 524250 / 597871
[2024-10-19 20:09:19.641] [info] #11: Feasible / Total: 524255 / 597871
[2024-10-19 20:09:20.900] [info] #11: Feasible / Total: 524255 / 597871
[2024-10-19 20:09:20.901] [info] Graph is not D-reducible.
[2024-10-19 20:09:20.989] [info] Started C-reducibility check
[2024-10-19 20:09:33.594] [info] Trying 4609384 possible contractions
[2024-10-19 20:09:33.594] [info] [0/4609384] Starting contraction of size 1
[2024-10-19 20:09:37.489] [info] All colors passed! Contracted: 53
[2024-10-19 20:09:37.489] [info] Graph is C-reducible!
