[2024-10-19 12:34:41.661] [info] Kempe type: Toroidal
[2024-10-19 12:34:41.661] [info] Vertex size: 37, Edge size: 63, Ring size: 15
[2024-10-19 12:34:55.555] [info] Started D-reducibility check
[2024-10-19 12:34:55.555] [info] #1: Feasible / Total: 65635 / 597871
[2024-10-19 13:22:35.998] [info] #2: Feasible / Total: 91667 / 597871
[2024-10-19 13:42:55.671] [info] #3: Feasible / Total: 103087 / 597871
[2024-10-19 13:56:47.377] [info] #4: Feasible / Total: 110849 / 597871
[2024-10-19 14:09:24.294] [info] #5: Feasible / Total: 118425 / 597871
[2024-10-19 14:21:11.987] [info] #6: Feasible / Total: 127874 / 597871
[2024-10-19 14:34:38.170] [info] #7: Feasible / Total: 140871 / 597871
[2024-10-19 14:54:08.938] [info] #8: Feasible / Total: 160303 / 597871
[2024-10-19 15:46:41.258] [info] #9: Feasible / Total: 189890 / 597871
[2024-10-19 16:56:02.592] [info] #10: Feasible / Total: 236188 / 597871
[2024-10-19 17:53:27.280] [info] #11: Feasible / Total: 292351 / 597871
[2024-10-19 18:14:37.256] [info] #12: Feasible / Total: 329041 / 597871
[2024-10-19 18:22:50.622] [info] #13: Feasible / Total: 346550 / 597871
[2024-10-19 18:28:17.340] [info] #14: Feasible / Total: 357959 / 597871
[2024-10-19 18:33:44.740] [info] #15: Feasible / Total: 362347 / 597871
[2024-10-19 18:41:10.316] [info] #16: Feasible / Total: 370592 / 597871
[2024-10-19 18:51:53.662] [info] #17: Feasible / Total: 387236 / 597871
[2024-10-19 19:00:48.226] [info] #18: Feasible / Total: 409278 / 597871
[2024-10-19 19:02:58.010] [info] #19: Feasible / Total: 415094 / 597871
[2024-10-19 19:03:21.645] [info] #20: Feasible / Total: 415690 / 597871
[2024-10-19 19:03:35.184] [info] #21: Feasible / Total: 415781 / 597871
[2024-10-19 19:03:47.015] [info] #21: Feasible / Total: 415781 / 597871
[2024-10-19 19:03:47.015] [info] Graph is not D-reducible.
[2024-10-19 19:03:47.246] [info] Started C-reducibility check
[2024-10-19 19:04:27.687] [info] Trying 4609355 possible contractions
[2024-10-19 19:04:27.687] [info] [0/4609355] Starting contraction of size 1
[2024-10-19 19:06:14.844] [info] All colors passed! Contracted: 40
[2024-10-19 19:06:14.844] [info] Graph is C-reducible!
