[2023-11-16 15:21:25.352] [info] Kempe type: Toroidal
[2023-11-16 15:21:25.352] [info] Vertex size: 26, Edge size: 45, Ring size: 12
[2023-11-16 15:21:26.153] [info] Started D-reducibility check
[2023-11-16 15:21:26.153] [info] #1: Feasible / Total: 3339 / 22144
[2023-11-16 15:22:01.621] [info] #2: Feasible / Total: 4602 / 22144
[2023-11-16 15:22:08.603] [info] #3: Feasible / Total: 5162 / 22144
[2023-11-16 15:22:15.062] [info] #4: Feasible / Total: 5485 / 22144
[2023-11-16 15:22:19.033] [info] #5: Feasible / Total: 5747 / 22144
[2023-11-16 15:22:23.091] [info] #6: Feasible / Total: 6079 / 22144
[2023-11-16 15:22:27.092] [info] #7: Feasible / Total: 6492 / 22144
[2023-11-16 15:22:31.013] [info] #8: Feasible / Total: 6999 / 22144
[2023-11-16 15:22:35.047] [info] #9: Feasible / Total: 7700 / 22144
[2023-11-16 15:22:40.351] [info] #10: Feasible / Total: 8704 / 22144
[2023-11-16 15:22:46.700] [info] #11: Feasible / Total: 9898 / 22144
[2023-11-16 15:22:55.995] [info] #12: Feasible / Total: 11713 / 22144
[2023-11-16 15:23:06.295] [info] #13: Feasible / Total: 14118 / 22144
[2023-11-16 15:23:12.985] [info] #14: Feasible / Total: 16788 / 22144
[2023-11-16 15:23:15.256] [info] #15: Feasible / Total: 17720 / 22144
[2023-11-16 15:23:15.514] [info] #16: Feasible / Total: 17730 / 22144
[2023-11-16 15:23:15.706] [info] #16: Feasible / Total: 17730 / 22144
[2023-11-16 15:23:15.706] [info] Graph is not D-reducible.
[2023-11-16 15:23:15.738] [info] Started C-reducibility check
[2023-11-16 15:23:27.993] [info] Trying 1082841 possible contractions
[2023-11-16 15:23:27.993] [info] [0/1082841] Starting contraction of size 1
[2023-11-16 15:23:34.231] [info] [33/1082841] Starting contraction of size 2
[2023-11-16 15:24:52.387] [info] [507/1082841] Starting contraction of size 3
[2023-11-16 15:33:38.033] [info] All colors passed! Contracted: 33, 37, 44
[2023-11-16 15:33:38.033] [info] Graph is C-reducible!
