[2023-11-18 20:24:56.934] [info] Kempe type: Toroidal
[2023-11-18 20:24:57.005] [info] Vertex size: 31, Edge size: 53, Ring size: 13
[2023-11-18 20:25:00.398] [info] Started D-reducibility check
[2023-11-18 20:25:00.399] [info] #1: Feasible / Total: 10076 / 66430
[2023-11-18 20:26:49.787] [info] #2: Feasible / Total: 12272 / 66430
[2023-11-18 20:27:23.007] [info] #3: Feasible / Total: 13487 / 66430
[2023-11-18 20:27:47.831] [info] #4: Feasible / Total: 14383 / 66430
[2023-11-18 20:28:10.249] [info] #5: Feasible / Total: 15215 / 66430
[2023-11-18 20:28:35.747] [info] #6: Feasible / Total: 16268 / 66430
[2023-11-18 20:29:12.344] [info] #7: Feasible / Total: 17925 / 66430
[2023-11-18 20:29:57.850] [info] #8: Feasible / Total: 20389 / 66430
[2023-11-18 20:31:06.506] [info] #9: Feasible / Total: 24853 / 66430
[2023-11-18 20:32:54.575] [info] #10: Feasible / Total: 32864 / 66430
[2023-11-18 20:34:26.022] [info] #11: Feasible / Total: 42549 / 66430
[2023-11-18 20:35:13.305] [info] #12: Feasible / Total: 48743 / 66430
[2023-11-18 20:35:30.837] [info] #13: Feasible / Total: 50112 / 66430
[2023-11-18 20:35:32.496] [info] #14: Feasible / Total: 50125 / 66430
[2023-11-18 20:35:33.589] [info] #14: Feasible / Total: 50125 / 66430
[2023-11-18 20:35:33.589] [info] Graph is not D-reducible.
[2023-11-18 20:35:33.663] [info] Started C-reducibility check
[2023-11-18 20:47:29.086] [info] Trying 40748072 possible contractions
[2023-11-18 20:47:29.091] [info] [0/40748072] Starting contraction of size 1
[2023-11-18 20:48:16.459] [info] All colors passed! Contracted: 40
[2023-11-18 20:48:16.482] [info] Graph is C-reducible!
