[2023-11-16 14:26:44.112] [info] Kempe type: Toroidal
[2023-11-16 14:26:44.112] [info] Vertex size: 31, Edge size: 53, Ring size: 13
[2023-11-16 14:26:47.209] [info] Started D-reducibility check
[2023-11-16 14:26:47.209] [info] #1: Feasible / Total: 9124 / 66430
[2023-11-16 14:28:28.973] [info] #2: Feasible / Total: 13341 / 66430
[2023-11-16 14:29:15.631] [info] #3: Feasible / Total: 16329 / 66430
[2023-11-16 14:29:54.524] [info] #4: Feasible / Total: 18821 / 66430
[2023-11-16 14:30:24.097] [info] #5: Feasible / Total: 20688 / 66430
[2023-11-16 14:31:00.600] [info] #6: Feasible / Total: 22779 / 66430
[2023-11-16 14:31:43.489] [info] #7: Feasible / Total: 25499 / 66430
[2023-11-16 14:32:36.644] [info] #8: Feasible / Total: 29101 / 66430
[2023-11-16 14:33:24.577] [info] #9: Feasible / Total: 33607 / 66430
[2023-11-16 14:33:57.621] [info] #10: Feasible / Total: 36860 / 66430
[2023-11-16 14:34:36.169] [info] #11: Feasible / Total: 40950 / 66430
[2023-11-16 14:35:22.158] [info] #12: Feasible / Total: 48504 / 66430
[2023-11-16 14:35:40.782] [info] #13: Feasible / Total: 52737 / 66430
[2023-11-16 14:35:42.763] [info] #14: Feasible / Total: 53028 / 66430
[2023-11-16 14:35:43.518] [info] #15: Feasible / Total: 53051 / 66430
[2023-11-16 14:35:44.221] [info] #15: Feasible / Total: 53051 / 66430
[2023-11-16 14:35:44.221] [info] Graph is not D-reducible.
[2023-11-16 14:35:44.277] [info] Started C-reducibility check
[2023-11-16 14:38:52.808] [info] Trying 8094498 possible contractions
[2023-11-16 14:38:52.808] [info] [0/8094498] Starting contraction of size 1
[2023-11-16 14:39:32.249] [info] [40/8094498] Starting contraction of size 2
[2023-11-16 14:49:36.016] [info] [753/8094498] Starting contraction of size 3
[2023-11-16 15:18:59.031] [info] All colors passed! Contracted: 23, 25, 49
[2023-11-16 15:18:59.032] [info] Graph is C-reducible!
