[2023-11-16 13:46:30.472] [info] Kempe type: Toroidal
[2023-11-16 13:46:30.472] [info] Vertex size: 30, Edge size: 51, Ring size: 12
[2023-11-16 13:46:32.891] [info] Started D-reducibility check
[2023-11-16 13:46:32.891] [info] #1: Feasible / Total: 4476 / 22144
[2023-11-16 13:46:55.142] [info] #2: Feasible / Total: 5524 / 22144
[2023-11-16 13:47:04.016] [info] #3: Feasible / Total: 6610 / 22144
[2023-11-16 13:47:12.847] [info] #4: Feasible / Total: 8033 / 22144
[2023-11-16 13:47:19.782] [info] #5: Feasible / Total: 10216 / 22144
[2023-11-16 13:47:24.724] [info] #6: Feasible / Total: 12489 / 22144
[2023-11-16 13:47:26.566] [info] #7: Feasible / Total: 13340 / 22144
[2023-11-16 13:47:26.968] [info] #8: Feasible / Total: 13354 / 22144
[2023-11-16 13:47:27.278] [info] #8: Feasible / Total: 13354 / 22144
[2023-11-16 13:47:27.278] [info] Graph is not D-reducible.
[2023-11-16 13:47:27.305] [info] Started C-reducibility check
[2023-11-16 13:49:08.539] [info] Trying 6045259 possible contractions
[2023-11-16 13:49:08.539] [info] [0/6045259] Starting contraction of size 1
[2023-11-16 13:49:39.024] [info] [39/6045259] Starting contraction of size 2
[2023-11-16 13:56:34.129] [info] [714/6045259] Starting contraction of size 3
[2023-11-16 14:29:01.453] [info] All colors passed! Contracted: 18, 33, 36
[2023-11-16 14:29:01.453] [info] Graph is C-reducible!
