[2024-06-09 13:06:54.772] [info] Kempe type: Toroidal
[2024-06-09 13:06:54.772] [info] Vertex size: 31, Edge size: 53, Ring size: 13
[2024-06-09 13:06:55.028] [info] Started D-reducibility check
[2024-06-09 13:06:55.028] [info] #1: Feasible / Total: 9795 / 66430
[2024-06-09 13:07:10.544] [info] #2: Feasible / Total: 14578 / 66430
[2024-06-09 13:07:17.043] [info] #3: Feasible / Total: 17966 / 66430
[2024-06-09 13:07:23.715] [info] #4: Feasible / Total: 21396 / 66430
[2024-06-09 13:07:32.220] [info] #5: Feasible / Total: 26505 / 66430
[2024-06-09 13:07:40.175] [info] #6: Feasible / Total: 32111 / 66430
[2024-06-09 13:07:45.815] [info] #7: Feasible / Total: 36477 / 66430
[2024-06-09 13:07:49.756] [info] #8: Feasible / Total: 39634 / 66430
[2024-06-09 13:07:52.046] [info] #9: Feasible / Total: 41353 / 66430
[2024-06-09 13:07:52.923] [info] #10: Feasible / Total: 42080 / 66430
[2024-06-09 13:07:53.209] [info] #11: Feasible / Total: 42153 / 66430
[2024-06-09 13:07:53.385] [info] #12: Feasible / Total: 42154 / 66430
[2024-06-09 13:07:53.558] [info] #12: Feasible / Total: 42154 / 66430
[2024-06-09 13:07:53.558] [info] Graph is not D-reducible.
[2024-06-09 13:07:53.566] [info] Started C-reducibility check
[2024-06-09 13:08:04.914] [info] Trying 8094708 possible contractions
[2024-06-09 13:08:04.915] [info] [0/8094708] Starting contraction of size 1
[2024-06-09 13:08:08.836] [info] All colors passed! Contracted: 19
[2024-06-09 13:08:08.836] [info] Graph is C-reducible!
