[2024-03-05 23:34:55.674] [info] Kempe type: Toroidal
[2024-03-05 23:34:55.675] [info] Vertex size: 36, Edge size: 61, Ring size: 14
[2024-03-05 23:34:57.013] [info] Started D-reducibility check
[2024-03-05 23:34:57.013] [info] #1: Feasible / Total: 27296 / 199291
[2024-03-05 23:36:00.359] [info] #2: Feasible / Total: 35288 / 199291
[2024-03-05 23:36:31.102] [info] #3: Feasible / Total: 40056 / 199291
[2024-03-05 23:36:57.278] [info] #4: Feasible / Total: 44918 / 199291
[2024-03-05 23:37:25.811] [info] #5: Feasible / Total: 49514 / 199291
[2024-03-05 23:37:50.807] [info] #6: Feasible / Total: 54453 / 199291
[2024-03-05 23:38:23.880] [info] #7: Feasible / Total: 61294 / 199291
[2024-03-05 23:39:09.923] [info] #8: Feasible / Total: 71426 / 199291
[2024-03-05 23:40:09.014] [info] #9: Feasible / Total: 85243 / 199291
[2024-03-05 23:41:02.294] [info] #10: Feasible / Total: 103793 / 199291
[2024-03-05 23:41:43.025] [info] #11: Feasible / Total: 122325 / 199291
[2024-03-05 23:42:09.451] [info] #12: Feasible / Total: 134630 / 199291
[2024-03-05 23:42:16.822] [info] #13: Feasible / Total: 138750 / 199291
[2024-03-05 23:42:18.036] [info] #14: Feasible / Total: 138887 / 199291
[2024-03-05 23:42:18.634] [info] #14: Feasible / Total: 138887 / 199291
[2024-03-05 23:42:18.634] [info] Graph is not D-reducible.
[2024-03-05 23:42:18.664] [info] Started C-reducibility check
[2024-03-05 23:43:30.693] [info] Trying 43437171 possible contractions
[2024-03-05 23:43:30.693] [info] [0/43437171] Starting contraction of size 1
[2024-03-05 23:44:22.271] [info] [47/43437171] Starting contraction of size 2
[2024-03-05 23:54:20.363] [info] All colors passed! Contracted: 16, 50
[2024-03-05 23:54:20.363] [info] Graph is C-reducible!
