[2024-04-03 16:26:44.909] [info] Kempe type: Toroidal
[2024-04-03 16:26:44.909] [info] Vertex size: 40, Edge size: 68, Ring size: 16
[2024-04-03 16:26:56.440] [info] Started D-reducibility check
[2024-04-03 16:26:56.440] [info] #1: Feasible / Total: 173716 / 1793614
[2024-04-03 18:49:27.775] [info] #2: Feasible / Total: 273384 / 1793614
[2024-04-03 20:02:24.243] [info] #3: Feasible / Total: 367728 / 1793614
[2024-04-03 21:32:07.870] [info] #4: Feasible / Total: 510146 / 1793614
[2024-04-03 23:30:13.523] [info] #5: Feasible / Total: 733802 / 1793614
[2024-04-04 01:39:04.168] [info] #6: Feasible / Total: 1046555 / 1793614
[2024-04-04 03:16:36.719] [info] #7: Feasible / Total: 1344966 / 1793614
[2024-04-04 03:38:41.426] [info] #8: Feasible / Total: 1419187 / 1793614
[2024-04-04 03:39:26.987] [info] #9: Feasible / Total: 1420353 / 1793614
[2024-04-04 03:39:36.709] [info] #10: Feasible / Total: 1420356 / 1793614
[2024-04-04 03:39:46.240] [info] #10: Feasible / Total: 1420356 / 1793614
[2024-04-04 03:39:46.240] [info] Graph is not D-reducible.
[2024-04-04 03:39:46.736] [info] Started C-reducibility check
[2024-04-04 03:42:30.984] [info] Trying 127661977 possible contractions
[2024-04-04 03:42:30.984] [info] [0/127661977] Starting contraction of size 1
[2024-04-04 03:42:48.601] [info] All colors passed! Contracted: 24
[2024-04-04 03:42:48.601] [info] Graph is C-reducible!
