[2023-12-05 15:25:41.682] [info] Kempe type: Toroidal
[2023-12-05 15:25:41.682] [info] Vertex size: 37, Edge size: 63, Ring size: 15
[2023-12-05 15:26:09.687] [info] Started D-reducibility check
[2023-12-05 15:26:09.687] [info] #1: Feasible / Total: 64378 / 597871
[2023-12-05 18:26:22.595] [info] #2: Feasible / Total: 100157 / 597871
[2023-12-05 20:21:01.870] [info] #3: Feasible / Total: 128946 / 597871
[2023-12-05 21:50:35.334] [info] #4: Feasible / Total: 156696 / 597871
[2023-12-05 23:14:52.948] [info] #5: Feasible / Total: 187261 / 597871
[2023-12-06 00:54:22.455] [info] #6: Feasible / Total: 223152 / 597871
[2023-12-06 02:51:37.007] [info] #7: Feasible / Total: 272218 / 597871
[2023-12-06 05:15:58.177] [info] #8: Feasible / Total: 355083 / 597871
[2023-12-06 06:20:16.596] [info] #9: Feasible / Total: 432480 / 597871
[2023-12-06 06:24:16.082] [info] #10: Feasible / Total: 437247 / 597871
[2023-12-06 06:25:14.182] [info] #11: Feasible / Total: 437263 / 597871
[2023-12-06 06:26:10.426] [info] #11: Feasible / Total: 437263 / 597871
[2023-12-06 06:26:10.426] [info] Graph is not D-reducible.
[2023-12-06 06:26:11.880] [info] Started C-reducibility check
[2023-12-06 09:56:26.006] [info] Trying 137253 possible contractions
[2023-12-06 09:56:26.006] [info] [0/137253] Starting contraction of size 1
[2023-12-06 10:31:25.612] [info] [48/137253] Starting contraction of size 2
[2023-12-06 19:50:42.090] [info] [1095/137253] Starting contraction of size 3
[2023-12-09 12:42:36.087] [info] [14869/137253] Starting contraction of size 4
[2023-12-10 19:41:20.621] [info] All colors passed! Contracted: 23, 35, 48, 59
[2023-12-10 19:41:20.621] [info] Graph is C-reducible!
