[2023-11-16 13:19:33.332] [info] Kempe type: Toroidal
[2023-11-16 13:19:33.332] [info] Vertex size: 34, Edge size: 58, Ring size: 14
[2023-11-16 13:19:49.314] [info] Started D-reducibility check
[2023-11-16 13:19:49.314] [info] #1: Feasible / Total: 27254 / 199291
[2023-11-16 13:29:23.553] [info] #2: Feasible / Total: 44622 / 199291
[2023-11-16 13:33:16.748] [info] #3: Feasible / Total: 55607 / 199291
[2023-11-16 13:35:11.296] [info] #4: Feasible / Total: 62621 / 199291
[2023-11-16 13:36:14.679] [info] #5: Feasible / Total: 66879 / 199291
[2023-11-16 13:36:59.197] [info] #6: Feasible / Total: 69966 / 199291
[2023-11-16 13:37:40.268] [info] #7: Feasible / Total: 72784 / 199291
[2023-11-16 13:38:26.593] [info] #8: Feasible / Total: 76077 / 199291
[2023-11-16 13:39:21.972] [info] #9: Feasible / Total: 79679 / 199291
[2023-11-16 13:40:44.166] [info] #10: Feasible / Total: 84811 / 199291
[2023-11-16 13:42:53.318] [info] #11: Feasible / Total: 94373 / 199291
[2023-11-16 13:45:37.068] [info] #12: Feasible / Total: 108260 / 199291
[2023-11-16 13:52:12.700] [info] #13: Feasible / Total: 138095 / 199291
[2023-11-16 13:57:27.393] [info] #14: Feasible / Total: 173143 / 199291
[2023-11-16 13:59:17.735] [info] #15: Feasible / Total: 198722 / 199291
[2023-11-16 13:59:18.217] [info] #16: Feasible / Total: 199291 / 199291
[2023-11-16 13:59:18.218] [info] Graph is D-reducible!
