[2023-11-21 15:24:28.764] [info] Kempe type: Toroidal
[2023-11-21 15:24:28.766] [info] Vertex size: 35, Edge size: 60, Ring size: 15
[2023-11-21 15:24:44.896] [info] Started D-reducibility check
[2023-11-21 15:24:44.902] [info] #1: Feasible / Total: 53147 / 597871
[2023-11-21 17:03:46.186] [info] #2: Feasible / Total: 79006 / 597871
[2023-11-21 17:41:46.194] [info] #3: Feasible / Total: 87180 / 597871
[2023-11-21 18:08:15.433] [info] #4: Feasible / Total: 92914 / 597871
[2023-11-21 18:20:19.695] [info] #5: Feasible / Total: 97350 / 597871
[2023-11-21 18:26:42.867] [info] #6: Feasible / Total: 100507 / 597871
[2023-11-21 18:31:35.768] [info] #7: Feasible / Total: 102867 / 597871
[2023-11-21 18:35:53.801] [info] #8: Feasible / Total: 104807 / 597871
[2023-11-21 18:40:03.280] [info] #9: Feasible / Total: 106676 / 597871
[2023-11-21 18:43:46.455] [info] #10: Feasible / Total: 108575 / 597871
[2023-11-21 18:47:55.207] [info] #11: Feasible / Total: 110520 / 597871
[2023-11-21 18:52:25.107] [info] #12: Feasible / Total: 112580 / 597871
[2023-11-21 18:57:08.510] [info] #13: Feasible / Total: 114906 / 597871
[2023-11-21 19:02:03.116] [info] #14: Feasible / Total: 117516 / 597871
[2023-11-21 19:06:51.786] [info] #15: Feasible / Total: 120402 / 597871
[2023-11-21 19:12:12.906] [info] #16: Feasible / Total: 123426 / 597871
[2023-11-21 19:18:22.861] [info] #17: Feasible / Total: 126966 / 597871
[2023-11-21 19:26:12.785] [info] #18: Feasible / Total: 131266 / 597871
[2023-11-21 19:34:06.886] [info] #19: Feasible / Total: 137376 / 597871
[2023-11-21 19:47:01.843] [info] #20: Feasible / Total: 145635 / 597871
[2023-11-21 20:03:31.320] [info] #21: Feasible / Total: 156906 / 597871
[2023-11-21 20:24:21.163] [info] #22: Feasible / Total: 173099 / 597871
[2023-11-21 20:48:38.494] [info] #23: Feasible / Total: 196943 / 597871
[2023-11-21 21:16:00.057] [info] #24: Feasible / Total: 232400 / 597871
[2023-11-21 21:47:36.238] [info] #25: Feasible / Total: 281996 / 597871
[2023-11-21 22:17:41.747] [info] #26: Feasible / Total: 340271 / 597871
[2023-11-21 22:36:12.274] [info] #27: Feasible / Total: 382683 / 597871
[2023-11-21 22:41:22.522] [info] #28: Feasible / Total: 398113 / 597871
[2023-11-21 22:41:46.473] [info] #29: Feasible / Total: 398906 / 597871
[2023-11-21 22:42:01.057] [info] #29: Feasible / Total: 398906 / 597871
[2023-11-21 22:42:01.057] [info] Graph is not D-reducible.
[2023-11-21 22:42:01.419] [info] Started C-reducibility check
[2023-11-21 23:02:15.753] [info] Trying 28942400 possible contractions
[2023-11-21 23:02:15.762] [info] [0/28942400] Starting contraction of size 1
[2023-11-21 23:02:23.808] [info] All colors passed! Contracted: 50
[2023-11-21 23:02:23.808] [info] Graph is C-reducible!
