[2024-02-21 17:15:49.463] [info] Kempe type: Toroidal
[2024-02-21 17:15:49.463] [info] Vertex size: 33, Edge size: 56, Ring size: 13
[2024-02-21 17:15:49.896] [info] Started D-reducibility check
[2024-02-21 17:15:49.896] [info] #1: Feasible / Total: 11848 / 66430
[2024-02-21 17:16:06.044] [info] #2: Feasible / Total: 17185 / 66430
[2024-02-21 17:16:13.309] [info] #3: Feasible / Total: 20493 / 66430
[2024-02-21 17:16:17.727] [info] #4: Feasible / Total: 22874 / 66430
[2024-02-21 17:16:21.079] [info] #5: Feasible / Total: 24697 / 66430
[2024-02-21 17:16:23.910] [info] #6: Feasible / Total: 26480 / 66430
[2024-02-21 17:16:27.405] [info] #7: Feasible / Total: 29186 / 66430
[2024-02-21 17:16:31.684] [info] #8: Feasible / Total: 33064 / 66430
[2024-02-21 17:16:36.231] [info] #9: Feasible / Total: 38086 / 66430
[2024-02-21 17:16:37.345] [info] #10: Feasible / Total: 39714 / 66430
[2024-02-21 17:16:37.542] [info] #11: Feasible / Total: 39732 / 66430
[2024-02-21 17:16:37.727] [info] #11: Feasible / Total: 39732 / 66430
[2024-02-21 17:16:37.727] [info] Graph is not D-reducible.
[2024-02-21 17:16:37.735] [info] Started C-reducibility check
[2024-02-21 17:17:02.086] [info] Trying 17117286 possible contractions
[2024-02-21 17:17:02.086] [info] [0/17117286] Starting contraction of size 1
[2024-02-21 17:17:16.648] [info] [43/17117286] Starting contraction of size 2
[2024-02-21 17:21:09.020] [info] [873/17117286] Starting contraction of size 3
[2024-02-21 17:57:59.072] [info] [10406/17117286] Starting contraction of size 4
[2024-02-21 18:00:09.632] [info] All colors passed! Contracted: 17, 45, 47, 50
[2024-02-21 18:00:09.632] [info] Graph is C-reducible!
