[2023-11-28 12:53:30.092] [info] Kempe type: Toroidal
[2023-11-28 12:53:30.099] [info] Vertex size: 31, Edge size: 53, Ring size: 13
[2023-11-28 12:53:31.154] [info] Started D-reducibility check
[2023-11-28 12:53:31.154] [info] #1: Feasible / Total: 9599 / 66430
[2023-11-28 12:54:22.164] [info] #2: Feasible / Total: 12204 / 66430
[2023-11-28 12:54:39.581] [info] #3: Feasible / Total: 13495 / 66430
[2023-11-28 12:54:51.842] [info] #4: Feasible / Total: 14710 / 66430
[2023-11-28 12:55:01.882] [info] #5: Feasible / Total: 16003 / 66430
[2023-11-28 12:55:11.559] [info] #6: Feasible / Total: 17425 / 66430
[2023-11-28 12:55:22.110] [info] #7: Feasible / Total: 18873 / 66430
[2023-11-28 12:55:33.508] [info] #8: Feasible / Total: 20565 / 66430
[2023-11-28 12:55:47.449] [info] #9: Feasible / Total: 22599 / 66430
[2023-11-28 12:56:06.180] [info] #10: Feasible / Total: 24795 / 66430
[2023-11-28 12:56:25.813] [info] #11: Feasible / Total: 27347 / 66430
[2023-11-28 12:57:02.582] [info] #12: Feasible / Total: 31931 / 66430
[2023-11-28 12:57:45.601] [info] #13: Feasible / Total: 40442 / 66430
[2023-11-28 12:58:09.112] [info] #14: Feasible / Total: 49615 / 66430
[2023-11-28 12:58:12.855] [info] #15: Feasible / Total: 51067 / 66430
[2023-11-28 12:58:13.323] [info] #16: Feasible / Total: 51075 / 66430
[2023-11-28 12:58:13.754] [info] #16: Feasible / Total: 51075 / 66430
[2023-11-28 12:58:13.754] [info] Graph is not D-reducible.
[2023-11-28 12:58:13.799] [info] Started C-reducibility check
[2023-11-28 13:00:04.217] [info] Trying 8094603 possible contractions
[2023-11-28 13:00:04.217] [info] [0/8094603] Starting contraction of size 1
[2023-11-28 13:00:27.161] [info] [40/8094603] Starting contraction of size 2
[2023-11-28 13:05:18.002] [info] All colors passed! Contracted: 32, 46
[2023-11-28 13:05:18.002] [info] Graph is C-reducible!
