[2023-11-16 13:46:30.488] [info] Kempe type: Toroidal
[2023-11-16 13:46:30.488] [info] Vertex size: 32, Edge size: 55, Ring size: 14
[2023-11-16 13:46:37.705] [info] Started D-reducibility check
[2023-11-16 13:46:37.706] [info] #1: Feasible / Total: 22523 / 199291
[2023-11-16 13:55:09.054] [info] #2: Feasible / Total: 28388 / 199291
[2023-11-16 13:57:15.650] [info] #3: Feasible / Total: 30723 / 199291
[2023-11-16 13:58:10.671] [info] #4: Feasible / Total: 32276 / 199291
[2023-11-16 13:58:57.158] [info] #5: Feasible / Total: 33432 / 199291
[2023-11-16 13:59:43.291] [info] #6: Feasible / Total: 34418 / 199291
[2023-11-16 14:00:15.642] [info] #7: Feasible / Total: 35325 / 199291
[2023-11-16 14:00:45.530] [info] #8: Feasible / Total: 36172 / 199291
[2023-11-16 14:01:15.589] [info] #9: Feasible / Total: 37022 / 199291
[2023-11-16 14:01:51.280] [info] #10: Feasible / Total: 37897 / 199291
[2023-11-16 14:02:19.564] [info] #11: Feasible / Total: 38849 / 199291
[2023-11-16 14:03:04.712] [info] #12: Feasible / Total: 39915 / 199291
[2023-11-16 14:03:51.954] [info] #13: Feasible / Total: 41031 / 199291
[2023-11-16 14:04:36.608] [info] #14: Feasible / Total: 42326 / 199291
[2023-11-16 14:05:27.547] [info] #15: Feasible / Total: 43898 / 199291
[2023-11-16 14:06:32.234] [info] #16: Feasible / Total: 46315 / 199291
[2023-11-16 14:07:59.526] [info] #17: Feasible / Total: 49575 / 199291
[2023-11-16 14:09:23.616] [info] #18: Feasible / Total: 53780 / 199291
[2023-11-16 14:11:19.422] [info] #19: Feasible / Total: 59330 / 199291
[2023-11-16 14:13:58.172] [info] #20: Feasible / Total: 66740 / 199291
[2023-11-16 14:17:06.040] [info] #21: Feasible / Total: 77171 / 199291
[2023-11-16 14:20:52.244] [info] #22: Feasible / Total: 92650 / 199291
[2023-11-16 14:25:25.720] [info] #23: Feasible / Total: 113345 / 199291
[2023-11-16 14:32:45.260] [info] #24: Feasible / Total: 135247 / 199291
[2023-11-16 14:37:59.615] [info] #25: Feasible / Total: 151171 / 199291
[2023-11-16 14:39:07.582] [info] #26: Feasible / Total: 155981 / 199291
[2023-11-16 14:39:14.031] [info] #27: Feasible / Total: 156228 / 199291
[2023-11-16 14:39:16.767] [info] #27: Feasible / Total: 156228 / 199291
[2023-11-16 14:39:16.767] [info] Graph is not D-reducible.
[2023-11-16 14:39:16.899] [info] Started C-reducibility check
[2023-11-16 14:43:48.593] [info] Trying 10870054 possible contractions
[2023-11-16 14:43:48.622] [info] [0/10870054] Starting contraction of size 1
[2023-11-16 14:45:55.355] [info] [41/10870054] Starting contraction of size 2
[2023-11-16 15:14:55.501] [info] [793/10870054] Starting contraction of size 3
[2023-11-16 19:54:22.023] [info] [8969/10870054] Starting contraction of size 4
[2023-11-16 20:44:36.594] [info] All colors passed! Contracted: 26, 28, 35, 39
[2023-11-16 20:44:36.602] [info] Graph is C-reducible!
