[2024-10-19 13:09:38.337] [info] Kempe type: Toroidal
[2024-10-19 13:09:38.338] [info] Vertex size: 34, Edge size: 58, Ring size: 14
[2024-10-19 13:09:49.300] [info] Started D-reducibility check
[2024-10-19 13:09:49.300] [info] #1: Feasible / Total: 26488 / 199291
[2024-10-19 13:28:46.003] [info] #2: Feasible / Total: 40795 / 199291
[2024-10-19 13:36:25.305] [info] #3: Feasible / Total: 52636 / 199291
[2024-10-19 13:44:13.689] [info] #4: Feasible / Total: 68145 / 199291
[2024-10-19 13:54:13.935] [info] #5: Feasible / Total: 93076 / 199291
[2024-10-19 14:05:24.721] [info] #6: Feasible / Total: 135498 / 199291
[2024-10-19 14:09:23.831] [info] #7: Feasible / Total: 167733 / 199291
[2024-10-19 14:09:53.444] [info] #8: Feasible / Total: 170752 / 199291
[2024-10-19 14:09:55.533] [info] #9: Feasible / Total: 170781 / 199291
[2024-10-19 14:09:56.986] [info] #9: Feasible / Total: 170781 / 199291
[2024-10-19 14:09:57.004] [info] Graph is not D-reducible.
[2024-10-19 14:09:57.128] [info] Started C-reducibility check
[2024-10-19 14:10:19.736] [info] Trying 2436521 possible contractions
[2024-10-19 14:10:19.736] [info] [0/2436521] Starting contraction of size 1
[2024-10-19 14:13:44.640] [info] [44/2436521] Starting contraction of size 2
[2024-10-19 15:23:16.136] [info] [916/2436521] Starting contraction of size 3
[2024-10-19 15:35:45.072] [info] All colors passed! Contracted: 28, 30, 53
[2024-10-19 15:35:45.072] [info] Graph is C-reducible!
