[2024-06-12 11:26:32.259] [info] Kempe type: Toroidal
[2024-06-12 11:26:32.259] [info] Vertex size: 37, Edge size: 63, Ring size: 15
[2024-06-12 11:26:35.355] [info] Started D-reducibility check
[2024-06-12 11:26:35.355] [info] #1: Feasible / Total: 65914 / 597871
[2024-06-12 11:37:49.421] [info] #2: Feasible / Total: 96433 / 597871
[2024-06-12 11:44:02.162] [info] #3: Feasible / Total: 119757 / 597871
[2024-06-12 11:51:08.766] [info] #4: Feasible / Total: 149439 / 597871
[2024-06-12 12:00:09.208] [info] #5: Feasible / Total: 195275 / 597871
[2024-06-12 12:11:45.639] [info] #6: Feasible / Total: 278297 / 597871
[2024-06-12 12:23:59.156] [info] #7: Feasible / Total: 410285 / 597871
[2024-06-12 12:28:09.481] [info] #8: Feasible / Total: 493797 / 597871
[2024-06-12 12:28:15.908] [info] #9: Feasible / Total: 497380 / 597871
[2024-06-12 12:28:17.260] [info] #10: Feasible / Total: 497382 / 597871
[2024-06-12 12:28:18.617] [info] #10: Feasible / Total: 497382 / 597871
[2024-06-12 12:28:18.617] [info] Graph is not D-reducible.
[2024-06-12 12:28:18.702] [info] Started C-reducibility check
[2024-06-12 12:29:55.099] [info] Trying 55817759 possible contractions
[2024-06-12 12:29:55.099] [info] [0/55817759] Starting contraction of size 1
[2024-06-12 12:31:30.798] [info] All colors passed! Contracted: 42
[2024-06-12 12:31:30.798] [info] Graph is C-reducible!
