[2024-02-29 13:01:21.057] [info] Kempe type: Toroidal
[2024-02-29 13:01:21.057] [info] Vertex size: 37, Edge size: 63, Ring size: 15
[2024-02-29 13:01:22.957] [info] Started D-reducibility check
[2024-02-29 13:01:22.957] [info] #1: Feasible / Total: 65068 / 597871
[2024-02-29 13:12:19.261] [info] #2: Feasible / Total: 104171 / 597871
[2024-02-29 13:18:16.583] [info] #3: Feasible / Total: 129458 / 597871
[2024-02-29 13:24:20.833] [info] #4: Feasible / Total: 156841 / 597871
[2024-02-29 13:31:59.033] [info] #5: Feasible / Total: 198629 / 597871
[2024-02-29 13:43:07.632] [info] #6: Feasible / Total: 276007 / 597871
[2024-02-29 13:55:16.724] [info] #7: Feasible / Total: 406768 / 597871
[2024-02-29 13:59:54.782] [info] #8: Feasible / Total: 495138 / 597871
[2024-02-29 14:00:19.848] [info] #9: Feasible / Total: 503895 / 597871
[2024-02-29 14:00:21.512] [info] #10: Feasible / Total: 504033 / 597871
[2024-02-29 14:00:22.759] [info] #10: Feasible / Total: 504033 / 597871
[2024-02-29 14:00:22.759] [info] Graph is not D-reducible.
[2024-02-29 14:00:22.828] [info] Started C-reducibility check
[2024-02-29 14:01:52.022] [info] Trying 55669942 possible contractions
[2024-02-29 14:01:52.022] [info] [0/55669942] Starting contraction of size 1
[2024-02-29 14:03:06.765] [info] [48/55669942] Starting contraction of size 2
[2024-02-29 14:25:51.319] [info] [1095/55669942] Starting contraction of size 3
[2024-02-29 14:57:20.434] [info] All colors passed! Contracted: 32, 34, 62
[2024-02-29 14:57:20.434] [info] Graph is C-reducible!
