[2024-10-19 14:57:14.497] [info] Kempe type: Toroidal
[2024-10-19 14:57:14.498] [info] Vertex size: 31, Edge size: 53, Ring size: 13
[2024-10-19 14:57:16.869] [info] Started D-reducibility check
[2024-10-19 14:57:16.869] [info] #1: Feasible / Total: 10158 / 66430
[2024-10-19 15:00:16.722] [info] #2: Feasible / Total: 12884 / 66430
[2024-10-19 15:01:11.301] [info] #3: Feasible / Total: 14377 / 66430
[2024-10-19 15:01:52.574] [info] #4: Feasible / Total: 15565 / 66430
[2024-10-19 15:02:32.869] [info] #5: Feasible / Total: 16813 / 66430
[2024-10-19 15:03:25.168] [info] #6: Feasible / Total: 18884 / 66430
[2024-10-19 15:04:35.151] [info] #7: Feasible / Total: 22040 / 66430
[2024-10-19 15:06:16.892] [info] #8: Feasible / Total: 27182 / 66430
[2024-10-19 15:08:30.548] [info] #9: Feasible / Total: 35816 / 66430
[2024-10-19 15:10:32.686] [info] #10: Feasible / Total: 47044 / 66430
[2024-10-19 15:11:01.884] [info] #11: Feasible / Total: 50906 / 66430
[2024-10-19 15:11:03.684] [info] #12: Feasible / Total: 50936 / 66430
[2024-10-19 15:11:05.005] [info] #12: Feasible / Total: 50936 / 66430
[2024-10-19 15:11:05.005] [info] Graph is not D-reducible.
[2024-10-19 15:11:05.095] [info] Started C-reducibility check
[2024-10-19 15:11:26.187] [info] Trying 1200192 possible contractions
[2024-10-19 15:11:26.187] [info] [0/1200192] Starting contraction of size 1
[2024-10-19 15:13:00.596] [info] [40/1200192] Starting contraction of size 2
[2024-10-19 15:36:53.027] [info] [753/1200192] Starting contraction of size 3
[2024-10-19 17:11:47.623] [info] All colors passed! Contracted: 16, 44, 51
[2024-10-19 17:11:47.623] [info] Graph is C-reducible!
