[2024-02-22 18:37:12.727] [info] Kempe type: Toroidal
[2024-02-22 18:37:12.727] [info] Vertex size: 25, Edge size: 43, Ring size: 11
[2024-02-22 18:37:12.746] [info] Started D-reducibility check
[2024-02-22 18:37:12.746] [info] #1: Feasible / Total: 1449 / 7381
[2024-02-22 18:37:13.006] [info] #2: Feasible / Total: 1790 / 7381
[2024-02-22 18:37:13.102] [info] #3: Feasible / Total: 2030 / 7381
[2024-02-22 18:37:13.155] [info] #4: Feasible / Total: 2144 / 7381
[2024-02-22 18:37:13.206] [info] #5: Feasible / Total: 2217 / 7381
[2024-02-22 18:37:13.264] [info] #6: Feasible / Total: 2319 / 7381
[2024-02-22 18:37:13.352] [info] #7: Feasible / Total: 2487 / 7381
[2024-02-22 18:37:13.427] [info] #8: Feasible / Total: 2637 / 7381
[2024-02-22 18:37:13.532] [info] #9: Feasible / Total: 2916 / 7381
[2024-02-22 18:37:13.738] [info] #10: Feasible / Total: 3577 / 7381
[2024-02-22 18:37:13.998] [info] #11: Feasible / Total: 5011 / 7381
[2024-02-22 18:37:14.100] [info] #12: Feasible / Total: 6199 / 7381
[2024-02-22 18:37:14.113] [info] #13: Feasible / Total: 6332 / 7381
[2024-02-22 18:37:14.117] [info] #14: Feasible / Total: 6335 / 7381
[2024-02-22 18:37:14.120] [info] #14: Feasible / Total: 6335 / 7381
[2024-02-22 18:37:14.120] [info] Graph is not D-reducible.
[2024-02-22 18:37:14.121] [info] Started C-reducibility check
[2024-02-22 18:37:14.928] [info] Trying 749246 possible contractions
[2024-02-22 18:37:14.928] [info] [0/749246] Starting contraction of size 1
[2024-02-22 18:37:15.333] [info] [32/749246] Starting contraction of size 2
[2024-02-22 18:37:20.155] [info] [475/749246] Starting contraction of size 3
[2024-02-22 18:37:28.592] [info] All colors passed! Contracted: 23, 36, 38
[2024-02-22 18:37:28.592] [info] Graph is C-reducible!
