[2024-06-19 12:44:32.864] [info] Kempe type: Toroidal
[2024-06-19 12:44:32.864] [info] Vertex size: 37, Edge size: 63, Ring size: 15
[2024-06-19 12:44:37.294] [info] Started D-reducibility check
[2024-06-19 12:44:37.306] [info] #1: Feasible / Total: 65198 / 597871
[2024-06-19 12:57:59.002] [info] #2: Feasible / Total: 93169 / 597871
[2024-06-19 13:04:08.229] [info] #3: Feasible / Total: 109987 / 597871
[2024-06-19 13:09:32.897] [info] #4: Feasible / Total: 123259 / 597871
[2024-06-19 13:14:53.692] [info] #5: Feasible / Total: 137578 / 597871
[2024-06-19 13:21:43.928] [info] #6: Feasible / Total: 157607 / 597871
[2024-06-19 13:32:14.905] [info] #7: Feasible / Total: 190537 / 597871
[2024-06-19 13:48:51.558] [info] #8: Feasible / Total: 251413 / 597871
[2024-06-19 14:12:58.363] [info] #9: Feasible / Total: 389540 / 597871
[2024-06-19 14:25:40.199] [info] #10: Feasible / Total: 556947 / 597871
[2024-06-19 14:26:04.728] [info] #11: Feasible / Total: 571519 / 597871
[2024-06-19 14:26:05.122] [info] #11: Feasible / Total: 571519 / 597871
[2024-06-19 14:26:05.122] [info] Graph is not D-reducible.
[2024-06-19 14:26:05.215] [info] Started C-reducibility check
[2024-06-19 14:28:31.429] [info] Trying 55661815 possible contractions
[2024-06-19 14:28:31.429] [info] [0/55661815] Starting contraction of size 1
[2024-06-19 14:28:37.054] [info] All colors passed! Contracted: 20
[2024-06-19 14:28:37.054] [info] Graph is C-reducible!
