[2024-10-19 11:31:55.922] [info] Kempe type: Toroidal
[2024-10-19 11:31:55.922] [info] Vertex size: 39, Edge size: 66, Ring size: 15
[2024-10-19 11:32:46.163] [info] Started D-reducibility check
[2024-10-19 11:32:46.163] [info] #1: Feasible / Total: 70842 / 597871
[2024-10-19 12:29:27.641] [info] #2: Feasible / Total: 117719 / 597871
[2024-10-19 12:59:43.523] [info] #3: Feasible / Total: 155880 / 597871
[2024-10-19 13:31:31.268] [info] #4: Feasible / Total: 186903 / 597871
[2024-10-19 14:12:06.976] [info] #5: Feasible / Total: 220332 / 597871
[2024-10-19 14:59:55.471] [info] #6: Feasible / Total: 272411 / 597871
[2024-10-19 16:40:51.448] [info] #7: Feasible / Total: 355624 / 597871
[2024-10-19 17:42:40.615] [info] #8: Feasible / Total: 463051 / 597871
[2024-10-19 17:53:25.400] [info] #9: Feasible / Total: 507236 / 597871
[2024-10-19 17:53:50.613] [info] #10: Feasible / Total: 507906 / 597871
[2024-10-19 17:54:00.611] [info] #11: Feasible / Total: 507907 / 597871
[2024-10-19 17:54:10.223] [info] #11: Feasible / Total: 507907 / 597871
[2024-10-19 17:54:10.223] [info] Graph is not D-reducible.
[2024-10-19 17:54:10.779] [info] Started C-reducibility check
[2024-10-19 17:55:32.744] [info] Trying 7086539 possible contractions
[2024-10-19 17:55:32.744] [info] [0/7086539] Starting contraction of size 1
[2024-10-19 17:56:26.831] [info] All colors passed! Contracted: 36
[2024-10-19 17:56:26.831] [info] Graph is C-reducible!
