[2023-12-05 15:24:59.146] [info] Kempe type: Toroidal
[2023-12-05 15:24:59.146] [info] Vertex size: 39, Edge size: 66, Ring size: 15
[2023-12-05 15:25:14.315] [info] Started D-reducibility check
[2023-12-05 15:25:14.315] [info] #1: Feasible / Total: 79965 / 597871
[2023-12-05 20:30:50.352] [info] #2: Feasible / Total: 149910 / 597871
[2023-12-05 22:39:36.044] [info] #3: Feasible / Total: 198847 / 597871
[2023-12-05 23:46:40.327] [info] #4: Feasible / Total: 226916 / 597871
[2023-12-06 00:40:23.344] [info] #5: Feasible / Total: 247289 / 597871
[2023-12-06 01:45:09.768] [info] #6: Feasible / Total: 272513 / 597871
[2023-12-06 02:59:27.684] [info] #7: Feasible / Total: 308356 / 597871
[2023-12-06 04:17:49.850] [info] #8: Feasible / Total: 356657 / 597871
[2023-12-06 05:03:11.640] [info] #9: Feasible / Total: 387507 / 597871
[2023-12-06 05:32:14.324] [info] #10: Feasible / Total: 400220 / 597871
[2023-12-06 05:53:23.899] [info] #11: Feasible / Total: 412713 / 597871
[2023-12-06 06:13:54.322] [info] #12: Feasible / Total: 431278 / 597871
[2023-12-06 06:17:06.170] [info] #13: Feasible / Total: 432949 / 597871
[2023-12-06 06:18:05.459] [info] #14: Feasible / Total: 432962 / 597871
[2023-12-06 06:19:02.753] [info] #14: Feasible / Total: 432962 / 597871
[2023-12-06 06:19:02.753] [info] Graph is not D-reducible.
[2023-12-06 06:19:04.219] [info] Started C-reducibility check
[2023-12-06 20:06:41.132] [info] Trying 179189 possible contractions
[2023-12-06 20:06:41.132] [info] [0/179189] Starting contraction of size 1
[2023-12-06 21:14:08.845] [info] [51/179189] Starting contraction of size 2
[2023-12-07 14:58:11.088] [info] [1239/179189] Starting contraction of size 3
[2023-12-11 01:02:50.732] [info] All colors passed! Contracted: 26, 28, 39
[2023-12-11 01:02:50.732] [info] Graph is C-reducible!
