[2024-10-19 13:09:36.398] [info] Kempe type: Toroidal
[2024-10-19 13:09:36.398] [info] Vertex size: 37, Edge size: 63, Ring size: 15
[2024-10-19 13:10:22.365] [info] Started D-reducibility check
[2024-10-19 13:10:22.365] [info] #1: Feasible / Total: 62683 / 597871
[2024-10-19 14:29:37.643] [info] #2: Feasible / Total: 110850 / 597871
[2024-10-19 15:23:39.876] [info] #3: Feasible / Total: 150144 / 597871
[2024-10-19 16:55:26.500] [info] #4: Feasible / Total: 203796 / 597871
[2024-10-19 18:15:42.549] [info] #5: Feasible / Total: 275003 / 597871
[2024-10-19 19:05:52.446] [info] #6: Feasible / Total: 358346 / 597871
[2024-10-19 19:25:43.898] [info] #7: Feasible / Total: 431953 / 597871
[2024-10-19 19:30:26.541] [info] #8: Feasible / Total: 454137 / 597871
[2024-10-19 19:31:25.559] [info] #9: Feasible / Total: 456306 / 597871
[2024-10-19 19:31:34.366] [info] #10: Feasible / Total: 456343 / 597871
[2024-10-19 19:31:40.057] [info] #10: Feasible / Total: 456343 / 597871
[2024-10-19 19:31:40.058] [info] Graph is not D-reducible.
[2024-10-19 19:31:40.421] [info] Started C-reducibility check
[2024-10-19 19:32:13.138] [info] Trying 4609324 possible contractions
[2024-10-19 19:32:13.138] [info] [0/4609324] Starting contraction of size 1
[2024-10-19 19:35:04.087] [info] All colors passed! Contracted: 55
[2024-10-19 19:35:04.088] [info] Graph is C-reducible!
