[2023-11-16 18:02:41.057] [info] Kempe type: Toroidal
[2023-11-16 18:02:41.057] [info] Vertex size: 36, Edge size: 61, Ring size: 14
[2023-11-16 18:03:03.310] [info] Started D-reducibility check
[2023-11-16 18:03:03.310] [info] #1: Feasible / Total: 31160 / 199291
[2023-11-16 18:23:34.479] [info] #2: Feasible / Total: 47463 / 199291
[2023-11-16 18:29:09.189] [info] #3: Feasible / Total: 59425 / 199291
[2023-11-16 18:31:47.589] [info] #4: Feasible / Total: 66253 / 199291
[2023-11-16 18:33:24.700] [info] #5: Feasible / Total: 69953 / 199291
[2023-11-16 18:35:37.225] [info] #6: Feasible / Total: 73929 / 199291
[2023-11-16 18:39:08.159] [info] #7: Feasible / Total: 80594 / 199291
[2023-11-16 18:45:10.094] [info] #8: Feasible / Total: 93302 / 199291
[2023-11-16 18:53:24.863] [info] #9: Feasible / Total: 114423 / 199291
[2023-11-16 19:00:45.891] [info] #10: Feasible / Total: 152692 / 199291
[2023-11-16 19:02:11.476] [info] #11: Feasible / Total: 164824 / 199291
[2023-11-16 19:02:15.097] [info] #12: Feasible / Total: 164923 / 199291
[2023-11-16 19:02:16.714] [info] #13: Feasible / Total: 164929 / 199291
[2023-11-16 19:02:18.201] [info] #13: Feasible / Total: 164929 / 199291
[2023-11-16 19:02:18.218] [info] Graph is not D-reducible.
[2023-11-16 19:02:18.275] [info] Started C-reducibility check
[2023-11-16 20:34:31.150] [info] Trying 43837685 possible contractions
[2023-11-16 20:34:31.154] [info] [0/43837685] Starting contraction of size 1
[2023-11-16 20:35:37.542] [info] All colors passed! Contracted: 45
[2023-11-16 20:35:37.547] [info] Graph is C-reducible!
