[2024-07-07 18:46:53.811] [info] Kempe type: Toroidal
[2024-07-07 18:46:53.811] [info] Vertex size: 37, Edge size: 63, Ring size: 15
[2024-07-07 18:46:57.638] [info] Started D-reducibility check
[2024-07-07 18:46:57.638] [info] #1: Feasible / Total: 54254 / 597871
[2024-07-07 18:52:54.570] [info] #2: Feasible / Total: 75968 / 597871
[2024-07-07 18:55:22.499] [info] #3: Feasible / Total: 88918 / 597871
[2024-07-07 18:56:49.654] [info] #4: Feasible / Total: 95972 / 597871
[2024-07-07 18:57:57.548] [info] #5: Feasible / Total: 100906 / 597871
[2024-07-07 18:58:55.980] [info] #6: Feasible / Total: 105453 / 597871
[2024-07-07 18:59:47.157] [info] #7: Feasible / Total: 109024 / 597871
[2024-07-07 19:00:37.341] [info] #8: Feasible / Total: 112491 / 597871
[2024-07-07 19:01:29.864] [info] #9: Feasible / Total: 116171 / 597871
[2024-07-07 19:02:27.002] [info] #10: Feasible / Total: 120133 / 597871
[2024-07-07 19:03:27.395] [info] #11: Feasible / Total: 124370 / 597871
[2024-07-07 19:04:37.655] [info] #12: Feasible / Total: 129266 / 597871
[2024-07-07 19:05:53.999] [info] #13: Feasible / Total: 135107 / 597871
[2024-07-07 19:07:40.898] [info] #14: Feasible / Total: 143176 / 597871
[2024-07-07 19:10:02.816] [info] #15: Feasible / Total: 154576 / 597871
[2024-07-07 19:12:56.938] [info] #16: Feasible / Total: 170047 / 597871
[2024-07-07 19:16:02.647] [info] #17: Feasible / Total: 190962 / 597871
[2024-07-07 19:19:42.395] [info] #18: Feasible / Total: 218147 / 597871
[2024-07-07 19:23:09.662] [info] #19: Feasible / Total: 248874 / 597871
[2024-07-07 19:25:27.978] [info] #20: Feasible / Total: 275841 / 597871
[2024-07-07 19:26:14.937] [info] #21: Feasible / Total: 288519 / 597871
[2024-07-07 19:26:24.950] [info] #22: Feasible / Total: 291125 / 597871
[2024-07-07 19:26:29.718] [info] #23: Feasible / Total: 291192 / 597871
[2024-07-07 19:26:34.283] [info] #23: Feasible / Total: 291192 / 597871
[2024-07-07 19:26:34.283] [info] Graph is not D-reducible.
[2024-07-07 19:26:34.366] [info] Started C-reducibility check
[2024-07-07 19:28:12.455] [info] Trying 55642923 possible contractions
[2024-07-07 19:28:12.455] [info] [0/55642923] Starting contraction of size 1
[2024-07-07 19:28:14.366] [info] All colors passed! Contracted: 15
[2024-07-07 19:28:14.366] [info] Graph is C-reducible!
