[2023-11-17 14:12:08.872] [info] Kempe type: Toroidal
[2023-11-17 14:12:09.002] [info] Vertex size: 31, Edge size: 53, Ring size: 13
[2023-11-17 14:12:11.459] [info] Started D-reducibility check
[2023-11-17 14:12:11.459] [info] #1: Feasible / Total: 10248 / 66430
[2023-11-17 14:14:51.382] [info] #2: Feasible / Total: 15814 / 66430
[2023-11-17 14:16:15.610] [info] #3: Feasible / Total: 20143 / 66430
[2023-11-17 14:17:33.859] [info] #4: Feasible / Total: 26018 / 66430
[2023-11-17 14:18:34.752] [info] #5: Feasible / Total: 32804 / 66430
[2023-11-17 14:19:15.169] [info] #6: Feasible / Total: 38645 / 66430
[2023-11-17 14:19:29.980] [info] #7: Feasible / Total: 40553 / 66430
[2023-11-17 14:19:34.773] [info] #8: Feasible / Total: 40821 / 66430
[2023-11-17 14:19:37.045] [info] #9: Feasible / Total: 40927 / 66430
[2023-11-17 14:19:38.550] [info] #10: Feasible / Total: 40961 / 66430
[2023-11-17 14:19:39.822] [info] #11: Feasible / Total: 40989 / 66430
[2023-11-17 14:19:41.359] [info] #12: Feasible / Total: 41027 / 66430
[2023-11-17 14:19:42.775] [info] #13: Feasible / Total: 41065 / 66430
[2023-11-17 14:19:43.959] [info] #14: Feasible / Total: 41066 / 66430
[2023-11-17 14:19:45.095] [info] #14: Feasible / Total: 41066 / 66430
[2023-11-17 14:19:45.126] [info] Graph is not D-reducible.
[2023-11-17 14:19:45.171] [info] Started C-reducibility check
[2023-11-17 14:26:35.297] [info] Trying 8128484 possible contractions
[2023-11-17 14:26:35.334] [info] [0/8128484] Starting contraction of size 1
[2023-11-17 14:27:39.710] [info] All colors passed! Contracted: 41
[2023-11-17 14:27:43.585] [info] Graph is C-reducible!
