[2024-03-20 22:55:31.852] [info] Kempe type: Toroidal
[2024-03-20 22:55:31.852] [info] Vertex size: 34, Edge size: 58, Ring size: 14
[2024-03-20 22:55:35.424] [info] Started D-reducibility check
[2024-03-20 22:55:35.424] [info] #1: Feasible / Total: 25650 / 199291
[2024-03-20 22:58:57.533] [info] #2: Feasible / Total: 35306 / 199291
[2024-03-20 22:59:59.875] [info] #3: Feasible / Total: 41610 / 199291
[2024-03-20 23:00:50.790] [info] #4: Feasible / Total: 48121 / 199291
[2024-03-20 23:01:57.542] [info] #5: Feasible / Total: 56137 / 199291
[2024-03-20 23:03:12.756] [info] #6: Feasible / Total: 67060 / 199291
[2024-03-20 23:04:33.631] [info] #7: Feasible / Total: 80778 / 199291
[2024-03-20 23:06:02.601] [info] #8: Feasible / Total: 99129 / 199291
[2024-03-20 23:07:38.194] [info] #9: Feasible / Total: 118754 / 199291
[2024-03-20 23:09:36.509] [info] #10: Feasible / Total: 147760 / 199291
[2024-03-20 23:09:54.109] [info] #11: Feasible / Total: 167501 / 199291
[2024-03-20 23:09:54.607] [info] #12: Feasible / Total: 167671 / 199291
[2024-03-20 23:09:54.956] [info] #12: Feasible / Total: 167671 / 199291
[2024-03-20 23:09:54.956] [info] Graph is not D-reducible.
[2024-03-20 23:09:54.995] [info] Started C-reducibility check
[2024-03-20 23:10:38.147] [info] Trying 22306122 possible contractions
[2024-03-20 23:10:38.148] [info] [0/22306122] Starting contraction of size 1
[2024-03-20 23:10:43.515] [info] All colors passed! Contracted: 23
[2024-03-20 23:10:43.515] [info] Graph is C-reducible!
