[2023-11-16 13:46:30.620] [info] Kempe type: Toroidal
[2023-11-16 13:46:30.620] [info] Vertex size: 29, Edge size: 50, Ring size: 13
[2023-11-16 13:46:32.594] [info] Started D-reducibility check
[2023-11-16 13:46:32.594] [info] #1: Feasible / Total: 8053 / 66430
[2023-11-16 13:48:35.056] [info] #2: Feasible / Total: 13772 / 66430
[2023-11-16 13:49:22.097] [info] #3: Feasible / Total: 16543 / 66430
[2023-11-16 13:49:56.081] [info] #4: Feasible / Total: 19210 / 66430
[2023-11-16 13:50:28.502] [info] #5: Feasible / Total: 21610 / 66430
[2023-11-16 13:50:58.742] [info] #6: Feasible / Total: 24038 / 66430
[2023-11-16 13:51:35.399] [info] #7: Feasible / Total: 27378 / 66430
[2023-11-16 13:52:18.530] [info] #8: Feasible / Total: 31476 / 66430
[2023-11-16 13:52:57.935] [info] #9: Feasible / Total: 36243 / 66430
[2023-11-16 13:53:24.342] [info] #10: Feasible / Total: 39797 / 66430
[2023-11-16 13:53:33.751] [info] #11: Feasible / Total: 41849 / 66430
[2023-11-16 13:53:37.691] [info] #12: Feasible / Total: 42574 / 66430
[2023-11-16 13:53:39.160] [info] #13: Feasible / Total: 42678 / 66430
[2023-11-16 13:53:40.181] [info] #14: Feasible / Total: 42688 / 66430
[2023-11-16 13:53:41.167] [info] #14: Feasible / Total: 42688 / 66430
[2023-11-16 13:53:41.167] [info] Graph is not D-reducible.
[2023-11-16 13:53:41.216] [info] Started C-reducibility check
[2023-11-16 13:54:31.310] [info] Trying 3625078 possible contractions
[2023-11-16 13:54:31.330] [info] [0/3625078] Starting contraction of size 1
[2023-11-16 13:54:31.933] [info] All colors passed! Contracted: 24
[2023-11-16 13:54:31.933] [info] Graph is C-reducible!
