[2023-11-16 13:18:54.325] [info] Kempe type: Toroidal
[2023-11-16 13:18:54.325] [info] Vertex size: 30, Edge size: 52, Ring size: 14
[2023-11-16 13:18:55.936] [info] Started D-reducibility check
[2023-11-16 13:18:55.936] [info] #1: Feasible / Total: 18745 / 199291
[2023-11-16 13:32:21.054] [info] #2: Feasible / Total: 32848 / 199291
[2023-11-16 13:34:14.500] [info] #3: Feasible / Total: 36205 / 199291
[2023-11-16 13:34:51.311] [info] #4: Feasible / Total: 37840 / 199291
[2023-11-16 13:35:13.630] [info] #5: Feasible / Total: 38914 / 199291
[2023-11-16 13:35:30.705] [info] #6: Feasible / Total: 39575 / 199291
[2023-11-16 13:35:50.242] [info] #7: Feasible / Total: 40224 / 199291
[2023-11-16 13:36:12.502] [info] #8: Feasible / Total: 40857 / 199291
[2023-11-16 13:36:34.136] [info] #9: Feasible / Total: 41403 / 199291
[2023-11-16 13:36:56.154] [info] #10: Feasible / Total: 42096 / 199291
[2023-11-16 13:37:11.247] [info] #11: Feasible / Total: 42917 / 199291
[2023-11-16 13:37:31.247] [info] #12: Feasible / Total: 43723 / 199291
[2023-11-16 13:37:54.095] [info] #13: Feasible / Total: 44358 / 199291
[2023-11-16 13:38:13.580] [info] #14: Feasible / Total: 45072 / 199291
[2023-11-16 13:38:45.436] [info] #15: Feasible / Total: 46041 / 199291
[2023-11-16 13:39:35.072] [info] #16: Feasible / Total: 47436 / 199291
[2023-11-16 13:40:21.396] [info] #17: Feasible / Total: 49153 / 199291
[2023-11-16 13:41:21.545] [info] #18: Feasible / Total: 51768 / 199291
[2023-11-16 13:42:43.601] [info] #19: Feasible / Total: 55906 / 199291
[2023-11-16 13:44:51.502] [info] #20: Feasible / Total: 61879 / 199291
[2023-11-16 13:47:46.386] [info] #21: Feasible / Total: 69752 / 199291
[2023-11-16 13:52:43.821] [info] #22: Feasible / Total: 81002 / 199291
[2023-11-16 13:58:12.362] [info] #23: Feasible / Total: 97874 / 199291
[2023-11-16 14:02:55.741] [info] #24: Feasible / Total: 117946 / 199291
[2023-11-16 14:07:19.117] [info] #25: Feasible / Total: 140259 / 199291
[2023-11-16 14:08:40.564] [info] #26: Feasible / Total: 149676 / 199291
[2023-11-16 14:08:51.718] [info] #27: Feasible / Total: 150651 / 199291
[2023-11-16 14:08:54.038] [info] #28: Feasible / Total: 150658 / 199291
[2023-11-16 14:08:56.139] [info] #28: Feasible / Total: 150658 / 199291
[2023-11-16 14:08:56.139] [info] Graph is not D-reducible.
[2023-11-16 14:08:56.266] [info] Started C-reducibility check
[2023-11-16 14:09:47.915] [info] Trying 4988389 possible contractions
[2023-11-16 14:09:47.915] [info] [0/4988389] Starting contraction of size 1
[2023-11-16 14:10:00.865] [info] All colors passed! Contracted: 51
[2023-11-16 14:10:00.865] [info] Graph is C-reducible!
