[2023-11-17 14:12:08.569] [info] Kempe type: Toroidal
[2023-11-17 14:12:08.662] [info] Vertex size: 34, Edge size: 58, Ring size: 14
[2023-11-17 14:12:26.921] [info] Started D-reducibility check
[2023-11-17 14:12:26.954] [info] #1: Feasible / Total: 26394 / 199291
[2023-11-17 14:27:52.064] [info] #2: Feasible / Total: 36919 / 199291
[2023-11-17 14:32:15.131] [info] #3: Feasible / Total: 45022 / 199291
[2023-11-17 14:36:37.301] [info] #4: Feasible / Total: 54451 / 199291
[2023-11-17 14:42:16.584] [info] #5: Feasible / Total: 67796 / 199291
[2023-11-17 14:48:10.921] [info] #6: Feasible / Total: 85656 / 199291
[2023-11-17 14:55:34.416] [info] #7: Feasible / Total: 115691 / 199291
[2023-11-17 15:01:48.603] [info] #8: Feasible / Total: 162930 / 199291
[2023-11-17 15:02:49.713] [info] #9: Feasible / Total: 179573 / 199291
[2023-11-17 15:02:50.784] [info] #10: Feasible / Total: 179599 / 199291
[2023-11-17 15:02:51.581] [info] #10: Feasible / Total: 179599 / 199291
[2023-11-17 15:02:51.606] [info] Graph is not D-reducible.
[2023-11-17 15:02:51.703] [info] Started C-reducibility check
[2023-11-17 15:14:22.910] [info] Trying 22389883 possible contractions
[2023-11-17 15:14:22.934] [info] [0/22389883] Starting contraction of size 1
[2023-11-17 15:14:25.285] [info] All colors passed! Contracted: 23
[2023-11-17 15:14:25.302] [info] Graph is C-reducible!
