[2023-11-20 13:25:47.486] [info] Kempe type: Toroidal
[2023-11-20 13:25:47.488] [info] Vertex size: 33, Edge size: 56, Ring size: 13
[2023-11-20 13:25:54.750] [info] Started D-reducibility check
[2023-11-20 13:25:54.881] [info] #1: Feasible / Total: 11667 / 66430
[2023-11-20 13:28:23.605] [info] #2: Feasible / Total: 15772 / 66430
[2023-11-20 13:29:17.834] [info] #3: Feasible / Total: 18311 / 66430
[2023-11-20 13:29:55.475] [info] #4: Feasible / Total: 19724 / 66430
[2023-11-20 13:30:24.394] [info] #5: Feasible / Total: 20693 / 66430
[2023-11-20 13:30:46.153] [info] #6: Feasible / Total: 21426 / 66430
[2023-11-20 13:31:08.660] [info] #7: Feasible / Total: 22317 / 66430
[2023-11-20 13:31:33.498] [info] #8: Feasible / Total: 23405 / 66430
[2023-11-20 13:31:57.859] [info] #9: Feasible / Total: 24925 / 66430
[2023-11-20 13:32:26.624] [info] #10: Feasible / Total: 26788 / 66430
[2023-11-20 13:32:48.823] [info] #11: Feasible / Total: 27925 / 66430
[2023-11-20 13:33:22.946] [info] #12: Feasible / Total: 29593 / 66430
[2023-11-20 13:34:14.631] [info] #13: Feasible / Total: 32756 / 66430
[2023-11-20 13:34:55.776] [info] #14: Feasible / Total: 36540 / 66430
[2023-11-20 13:35:04.196] [info] #15: Feasible / Total: 37766 / 66430
[2023-11-20 13:35:06.675] [info] #16: Feasible / Total: 37780 / 66430
[2023-11-20 13:35:09.020] [info] #16: Feasible / Total: 37780 / 66430
[2023-11-20 13:35:09.020] [info] Graph is not D-reducible.
[2023-11-20 13:35:09.096] [info] Started C-reducibility check
[2023-11-20 13:52:34.348] [info] Trying 17113110 possible contractions
[2023-11-20 13:52:34.374] [info] [0/17113110] Starting contraction of size 1
[2023-11-20 13:55:06.461] [info] [43/17113110] Starting contraction of size 2
[2023-11-20 14:36:03.760] [info] [873/17113110] Starting contraction of size 3
[2023-11-20 14:59:05.174] [info] All colors passed! Contracted: 16, 37, 39
[2023-11-20 14:59:05.218] [info] Graph is C-reducible!
