[2023-12-05 15:25:29.506] [info] Kempe type: Toroidal
[2023-12-05 15:25:29.506] [info] Vertex size: 36, Edge size: 61, Ring size: 14
[2023-12-05 15:25:35.069] [info] Started D-reducibility check
[2023-12-05 15:25:35.083] [info] #1: Feasible / Total: 27904 / 199291
[2023-12-05 16:04:38.713] [info] #2: Feasible / Total: 44374 / 199291
[2023-12-05 16:38:09.106] [info] #3: Feasible / Total: 63362 / 199291
[2023-12-05 17:07:49.245] [info] #4: Feasible / Total: 87168 / 199291
[2023-12-05 17:28:25.848] [info] #5: Feasible / Total: 114277 / 199291
[2023-12-05 17:33:26.141] [info] #6: Feasible / Total: 125440 / 199291
[2023-12-05 17:34:07.091] [info] #7: Feasible / Total: 125927 / 199291
[2023-12-05 17:34:34.126] [info] #8: Feasible / Total: 125950 / 199291
[2023-12-05 17:35:00.127] [info] #8: Feasible / Total: 125950 / 199291
[2023-12-05 17:35:00.127] [info] Graph is not D-reducible.
[2023-12-05 17:35:00.702] [info] Started C-reducibility check
[2023-12-05 20:01:39.704] [info] Trying 124344 possible contractions
[2023-12-05 20:01:39.705] [info] [0/124344] Starting contraction of size 1
[2023-12-05 20:13:56.318] [info] [47/124344] Starting contraction of size 2
[2023-12-05 23:59:34.106] [info] [1048/124344] Starting contraction of size 3
[2023-12-07 08:00:54.226] [info] [13866/124344] Starting contraction of size 4
[2023-12-10 11:51:50.065] [info] All colors passed! Contracted: 14, 26, 51, 60
[2023-12-10 11:51:50.065] [info] Graph is C-reducible!
