[2023-11-16 22:28:31.335] [info] Kempe type: Toroidal
[2023-11-16 22:28:31.362] [info] Vertex size: 33, Edge size: 56, Ring size: 13
[2023-11-16 22:28:43.334] [info] Started D-reducibility check
[2023-11-16 22:28:43.335] [info] #1: Feasible / Total: 11495 / 66430
[2023-11-16 22:33:58.786] [info] #2: Feasible / Total: 17809 / 66430
[2023-11-16 22:36:28.649] [info] #3: Feasible / Total: 22689 / 66430
[2023-11-16 22:38:20.866] [info] #4: Feasible / Total: 27028 / 66430
[2023-11-16 22:40:29.690] [info] #5: Feasible / Total: 31770 / 66430
[2023-11-16 22:41:59.381] [info] #6: Feasible / Total: 36601 / 66430
[2023-11-16 22:42:23.658] [info] #7: Feasible / Total: 37976 / 66430
[2023-11-16 22:42:28.634] [info] #8: Feasible / Total: 38059 / 66430
[2023-11-16 22:42:32.356] [info] #8: Feasible / Total: 38059 / 66430
[2023-11-16 22:42:32.356] [info] Graph is not D-reducible.
[2023-11-16 22:42:32.476] [info] Started C-reducibility check
[2023-11-16 23:07:22.182] [info] Trying 17053791 possible contractions
[2023-11-16 23:07:22.226] [info] [0/17053791] Starting contraction of size 1
[2023-11-16 23:11:06.918] [info] [43/17053791] Starting contraction of size 2
[2023-11-17 00:08:41.414] [info] [873/17053791] Starting contraction of size 3
[2023-11-17 11:36:10.348] [info] [10405/17053791] Starting contraction of size 4
[2023-11-18 13:46:02.132] [info] All colors passed! Contracted: 16, 20, 48, 51
[2023-11-18 13:46:02.154] [info] Graph is C-reducible!
