[2024-10-19 12:34:41.937] [info] Kempe type: Toroidal
[2024-10-19 12:34:41.937] [info] Vertex size: 31, Edge size: 53, Ring size: 13
[2024-10-19 12:34:43.556] [info] Started D-reducibility check
[2024-10-19 12:34:43.556] [info] #1: Feasible / Total: 9461 / 66430
[2024-10-19 12:36:15.954] [info] #2: Feasible / Total: 12447 / 66430
[2024-10-19 12:36:51.566] [info] #3: Feasible / Total: 14758 / 66430
[2024-10-19 12:37:21.016] [info] #4: Feasible / Total: 16938 / 66430
[2024-10-19 12:37:55.111] [info] #5: Feasible / Total: 19546 / 66430
[2024-10-19 12:38:43.810] [info] #6: Feasible / Total: 23175 / 66430
[2024-10-19 12:39:46.293] [info] #7: Feasible / Total: 29187 / 66430
[2024-10-19 12:40:53.805] [info] #8: Feasible / Total: 38589 / 66430
[2024-10-19 12:41:53.394] [info] #9: Feasible / Total: 51053 / 66430
[2024-10-19 12:42:02.167] [info] #10: Feasible / Total: 54776 / 66430
[2024-10-19 12:42:02.808] [info] #11: Feasible / Total: 54782 / 66430
[2024-10-19 12:42:03.321] [info] #11: Feasible / Total: 54782 / 66430
[2024-10-19 12:42:03.321] [info] Graph is not D-reducible.
[2024-10-19 12:42:03.368] [info] Started C-reducibility check
[2024-10-19 12:42:14.645] [info] Trying 1202592 possible contractions
[2024-10-19 12:42:14.645] [info] [0/1202592] Starting contraction of size 1
[2024-10-19 12:42:18.354] [info] All colors passed! Contracted: 45
[2024-10-19 12:42:18.360] [info] Graph is C-reducible!
