[2023-11-20 13:25:47.665] [info] Kempe type: Toroidal
[2023-11-20 13:25:47.670] [info] Vertex size: 31, Edge size: 53, Ring size: 13
[2023-11-20 13:25:56.337] [info] Started D-reducibility check
[2023-11-20 13:25:56.354] [info] #1: Feasible / Total: 9601 / 66430
[2023-11-20 13:28:33.262] [info] #2: Feasible / Total: 13677 / 66430
[2023-11-20 13:29:57.486] [info] #3: Feasible / Total: 17014 / 66430
[2023-11-20 13:31:00.386] [info] #4: Feasible / Total: 20427 / 66430
[2023-11-20 13:32:19.293] [info] #5: Feasible / Total: 24706 / 66430
[2023-11-20 13:34:05.830] [info] #6: Feasible / Total: 31475 / 66430
[2023-11-20 13:36:02.173] [info] #7: Feasible / Total: 43055 / 66430
[2023-11-20 13:37:20.798] [info] #8: Feasible / Total: 53735 / 66430
[2023-11-20 13:37:36.584] [info] #9: Feasible / Total: 57936 / 66430
[2023-11-20 13:37:38.152] [info] #10: Feasible / Total: 58786 / 66430
[2023-11-20 13:37:38.566] [info] #10: Feasible / Total: 58786 / 66430
[2023-11-20 13:37:38.567] [info] Graph is not D-reducible.
[2023-11-20 13:37:38.631] [info] Started C-reducibility check
[2023-11-20 13:41:37.418] [info] Trying 8128843 possible contractions
[2023-11-20 13:41:41.270] [info] [0/8128843] Starting contraction of size 1
[2023-11-20 13:41:42.314] [info] All colors passed! Contracted: 34
[2023-11-20 13:41:42.314] [info] Graph is C-reducible!
