[2023-11-21 15:24:43.701] [info] Kempe type: Toroidal
[2023-11-21 15:24:43.710] [info] Vertex size: 37, Edge size: 63, Ring size: 15
[2023-11-21 15:25:13.593] [info] Started D-reducibility check
[2023-11-21 15:25:13.614] [info] #1: Feasible / Total: 60565 / 597871
[2023-11-21 16:10:49.343] [info] #2: Feasible / Total: 74916 / 597871
[2023-11-21 16:23:10.021] [info] #3: Feasible / Total: 81971 / 597871
[2023-11-21 16:30:13.155] [info] #4: Feasible / Total: 84916 / 597871
[2023-11-21 16:33:01.302] [info] #5: Feasible / Total: 86714 / 597871
[2023-11-21 16:36:20.420] [info] #6: Feasible / Total: 88064 / 597871
[2023-11-21 16:38:38.277] [info] #7: Feasible / Total: 89089 / 597871
[2023-11-21 16:40:39.595] [info] #8: Feasible / Total: 89836 / 597871
[2023-11-21 16:42:49.869] [info] #9: Feasible / Total: 90523 / 597871
[2023-11-21 16:45:06.112] [info] #10: Feasible / Total: 91277 / 597871
[2023-11-21 16:47:05.436] [info] #11: Feasible / Total: 91952 / 597871
[2023-11-21 16:48:56.352] [info] #12: Feasible / Total: 92612 / 597871
[2023-11-21 16:51:01.460] [info] #13: Feasible / Total: 93307 / 597871
[2023-11-21 16:53:21.343] [info] #14: Feasible / Total: 94140 / 597871
[2023-11-21 16:56:15.207] [info] #15: Feasible / Total: 95194 / 597871
[2023-11-21 16:59:24.573] [info] #16: Feasible / Total: 96386 / 597871
[2023-11-21 17:03:04.570] [info] #17: Feasible / Total: 97903 / 597871
[2023-11-21 17:07:13.613] [info] #18: Feasible / Total: 99878 / 597871
[2023-11-21 17:12:43.476] [info] #19: Feasible / Total: 102243 / 597871
[2023-11-21 17:18:13.418] [info] #20: Feasible / Total: 104946 / 597871
[2023-11-21 17:23:51.726] [info] #21: Feasible / Total: 107920 / 597871
[2023-11-21 17:30:19.684] [info] #22: Feasible / Total: 111477 / 597871
[2023-11-21 17:38:33.104] [info] #23: Feasible / Total: 115865 / 597871
[2023-11-21 17:49:10.015] [info] #24: Feasible / Total: 121022 / 597871
[2023-11-21 18:00:03.172] [info] #25: Feasible / Total: 126888 / 597871
[2023-11-21 18:08:25.638] [info] #26: Feasible / Total: 133098 / 597871
[2023-11-21 18:16:55.592] [info] #27: Feasible / Total: 138917 / 597871
[2023-11-21 18:24:36.013] [info] #28: Feasible / Total: 143767 / 597871
[2023-11-21 18:32:28.446] [info] #29: Feasible / Total: 147843 / 597871
[2023-11-21 18:41:06.975] [info] #30: Feasible / Total: 152344 / 597871
[2023-11-21 18:50:25.032] [info] #31: Feasible / Total: 157451 / 597871
[2023-11-21 18:59:45.366] [info] #32: Feasible / Total: 163509 / 597871
[2023-11-21 19:11:22.258] [info] #33: Feasible / Total: 172508 / 597871
[2023-11-21 19:27:26.459] [info] #34: Feasible / Total: 185133 / 597871
[2023-11-21 19:47:01.843] [info] #35: Feasible / Total: 201340 / 597871
[2023-11-21 20:09:53.470] [info] #36: Feasible / Total: 223138 / 597871
[2023-11-21 20:38:48.462] [info] #37: Feasible / Total: 254126 / 597871
[2023-11-21 21:10:38.050] [info] #38: Feasible / Total: 296586 / 597871
[2023-11-21 21:33:51.867] [info] #39: Feasible / Total: 328322 / 597871
[2023-11-21 21:42:37.956] [info] #40: Feasible / Total: 339915 / 597871
[2023-11-21 21:43:45.558] [info] #41: Feasible / Total: 341199 / 597871
[2023-11-21 21:44:06.689] [info] #42: Feasible / Total: 341216 / 597871
[2023-11-21 21:44:27.646] [info] #42: Feasible / Total: 341216 / 597871
[2023-11-21 21:44:27.647] [info] Graph is not D-reducible.
[2023-11-21 21:44:28.094] [info] Started C-reducibility check
[2023-11-22 00:43:45.265] [info] Trying 55498721 possible contractions
[2023-11-22 00:43:45.274] [info] [0/55498721] Starting contraction of size 1
[2023-11-22 00:44:14.579] [info] All colors passed! Contracted: 21
[2023-11-22 00:44:14.580] [info] Graph is C-reducible!
