[2024-10-19 14:57:17.038] [info] Kempe type: Toroidal
[2024-10-19 14:57:17.038] [info] Vertex size: 37, Edge size: 63, Ring size: 15
[2024-10-19 14:57:51.689] [info] Started D-reducibility check
[2024-10-19 14:57:51.689] [info] #1: Feasible / Total: 58500 / 597871
[2024-10-19 16:24:02.754] [info] #2: Feasible / Total: 89175 / 597871
[2024-10-19 16:49:29.516] [info] #3: Feasible / Total: 106800 / 597871
[2024-10-19 17:05:46.481] [info] #4: Feasible / Total: 117312 / 597871
[2024-10-19 17:19:44.656] [info] #5: Feasible / Total: 126647 / 597871
[2024-10-19 17:30:40.628] [info] #6: Feasible / Total: 135233 / 597871
[2024-10-19 17:41:31.404] [info] #7: Feasible / Total: 143814 / 597871
[2024-10-19 17:54:44.361] [info] #8: Feasible / Total: 154491 / 597871
[2024-10-19 18:11:03.482] [info] #9: Feasible / Total: 168212 / 597871
[2024-10-19 18:30:39.014] [info] #10: Feasible / Total: 187595 / 597871
[2024-10-19 18:51:13.759] [info] #11: Feasible / Total: 215914 / 597871
[2024-10-19 19:11:03.197] [info] #12: Feasible / Total: 252155 / 597871
[2024-10-19 19:26:03.751] [info] #13: Feasible / Total: 289735 / 597871
[2024-10-19 19:38:35.335] [info] #14: Feasible / Total: 324563 / 597871
[2024-10-19 19:48:02.571] [info] #15: Feasible / Total: 359327 / 597871
[2024-10-19 19:51:27.901] [info] #16: Feasible / Total: 386805 / 597871
[2024-10-19 19:51:49.542] [info] #17: Feasible / Total: 389384 / 597871
[2024-10-19 19:51:57.624] [info] #18: Feasible / Total: 389390 / 597871
[2024-10-19 19:52:04.021] [info] #18: Feasible / Total: 389390 / 597871
[2024-10-19 19:52:04.028] [info] Graph is not D-reducible.
[2024-10-19 19:52:04.225] [info] Started C-reducibility check
[2024-10-19 19:52:25.622] [info] Trying 4615247 possible contractions
[2024-10-19 19:52:25.623] [info] [0/4615247] Starting contraction of size 1
[2024-10-19 19:56:14.356] [info] [48/4615247] Starting contraction of size 2
[2024-10-19 20:03:32.511] [info] All colors passed! Contracted: 47, 52
[2024-10-19 20:03:32.511] [info] Graph is C-reducible!
