[2023-12-05 15:25:56.174] [info] Kempe type: Toroidal
[2023-12-05 15:25:56.174] [info] Vertex size: 39, Edge size: 66, Ring size: 15
[2023-12-05 15:26:29.140] [info] Started D-reducibility check
[2023-12-05 15:26:29.143] [info] #1: Feasible / Total: 74135 / 597871
[2023-12-05 18:39:38.105] [info] #2: Feasible / Total: 99863 / 597871
[2023-12-05 21:09:49.451] [info] #3: Feasible / Total: 131243 / 597871
[2023-12-05 23:39:50.139] [info] #4: Feasible / Total: 174588 / 597871
[2023-12-06 01:54:23.479] [info] #5: Feasible / Total: 224366 / 597871
[2023-12-06 03:56:19.996] [info] #6: Feasible / Total: 286864 / 597871
[2023-12-06 04:56:51.333] [info] #7: Feasible / Total: 343579 / 597871
[2023-12-06 05:05:49.072] [info] #8: Feasible / Total: 351307 / 597871
[2023-12-06 05:09:37.278] [info] #9: Feasible / Total: 352897 / 597871
[2023-12-06 05:12:06.926] [info] #10: Feasible / Total: 353571 / 597871
[2023-12-06 05:14:02.206] [info] #11: Feasible / Total: 353717 / 597871
[2023-12-06 05:15:49.368] [info] #12: Feasible / Total: 353741 / 597871
[2023-12-06 05:17:34.741] [info] #12: Feasible / Total: 353741 / 597871
[2023-12-06 05:17:34.741] [info] Graph is not D-reducible.
[2023-12-06 05:17:36.482] [info] Started C-reducibility check
[2023-12-06 19:53:57.133] [info] Trying 179150 possible contractions
[2023-12-06 19:53:57.133] [info] [0/179150] Starting contraction of size 1
[2023-12-06 20:07:02.229] [info] All colors passed! Contracted: 20
[2023-12-06 20:07:02.230] [info] Graph is C-reducible!
