[2023-12-05 15:26:55.269] [info] Kempe type: Toroidal
[2023-12-05 15:26:55.269] [info] Vertex size: 40, Edge size: 68, Ring size: 16
[2023-12-05 15:30:56.310] [info] Started D-reducibility check
[2023-12-05 15:30:56.310] [info] #1: Feasible / Total: 171076 / 1793614
[2023-12-07 05:38:03.200] [info] #2: Feasible / Total: 323001 / 1793614
[2023-12-07 22:54:18.857] [info] #3: Feasible / Total: 461577 / 1793614
[2023-12-08 11:57:25.997] [info] #4: Feasible / Total: 621314 / 1793614
[2023-12-09 00:57:15.291] [info] #5: Feasible / Total: 835915 / 1793614
[2023-12-09 14:42:40.007] [info] #6: Feasible / Total: 1175861 / 1793614
[2023-12-09 19:57:01.975] [info] #7: Feasible / Total: 1477596 / 1793614
[2023-12-09 20:27:20.211] [info] #8: Feasible / Total: 1499260 / 1793614
[2023-12-09 20:46:14.170] [info] #9: Feasible / Total: 1503542 / 1793614
[2023-12-09 21:02:02.848] [info] #10: Feasible / Total: 1508667 / 1793614
[2023-12-09 21:05:28.301] [info] #11: Feasible / Total: 1509390 / 1793614
[2023-12-09 21:06:16.308] [info] #12: Feasible / Total: 1509398 / 1793614
[2023-12-09 21:07:03.419] [info] #12: Feasible / Total: 1509398 / 1793614
[2023-12-09 21:07:03.420] [info] Graph is not D-reducible.
[2023-12-09 21:07:06.436] [info] Started C-reducibility check
[2023-12-10 05:17:54.165] [info] Trying 195993 possible contractions
[2023-12-10 05:17:54.166] [info] [0/195993] Starting contraction of size 1
[2023-12-10 06:03:58.487] [info] [52/195993] Starting contraction of size 2
[2023-12-10 06:04:34.405] [info] All colors passed! Contracted: 20, 34
[2023-12-10 06:04:34.405] [info] Graph is C-reducible!
