[2023-11-20 13:25:47.511] [info] Kempe type: Toroidal
[2023-11-20 13:25:47.511] [info] Vertex size: 34, Edge size: 58, Ring size: 14
[2023-11-20 13:26:00.034] [info] Started D-reducibility check
[2023-11-20 13:26:00.038] [info] #1: Feasible / Total: 25155 / 199291
[2023-11-20 13:43:47.648] [info] #2: Feasible / Total: 34373 / 199291
[2023-11-20 13:49:29.136] [info] #3: Feasible / Total: 39444 / 199291
[2023-11-20 13:55:02.699] [info] #4: Feasible / Total: 44834 / 199291
[2023-11-20 14:01:34.044] [info] #5: Feasible / Total: 52529 / 199291
[2023-11-20 14:09:23.601] [info] #6: Feasible / Total: 63756 / 199291
[2023-11-20 14:17:33.185] [info] #7: Feasible / Total: 76995 / 199291
[2023-11-20 14:20:29.266] [info] #8: Feasible / Total: 83400 / 199291
[2023-11-20 14:21:12.946] [info] #9: Feasible / Total: 84379 / 199291
[2023-11-20 14:21:31.679] [info] #10: Feasible / Total: 84446 / 199291
[2023-11-20 14:21:47.407] [info] #11: Feasible / Total: 84483 / 199291
[2023-11-20 14:22:04.336] [info] #12: Feasible / Total: 84504 / 199291
[2023-11-20 14:22:20.465] [info] #13: Feasible / Total: 84505 / 199291
[2023-11-20 14:22:36.879] [info] #13: Feasible / Total: 84505 / 199291
[2023-11-20 14:22:36.879] [info] Graph is not D-reducible.
[2023-11-20 14:22:37.224] [info] Started C-reducibility check
[2023-11-20 14:53:38.720] [info] Trying 22305767 possible contractions
[2023-11-20 14:53:38.746] [info] [0/22305767] Starting contraction of size 1
[2023-11-20 14:56:45.854] [info] All colors passed! Contracted: 51
[2023-11-20 14:56:45.859] [info] Graph is C-reducible!
