[2024-04-17 11:32:48.287] [info] Kempe type: Toroidal
[2024-04-17 11:32:48.287] [info] Vertex size: 34, Edge size: 58, Ring size: 14
[2024-04-17 11:32:48.767] [info] Started D-reducibility check
[2024-04-17 11:32:48.767] [info] #1: Feasible / Total: 25693 / 199291
[2024-04-17 11:34:03.639] [info] #2: Feasible / Total: 33503 / 199291
[2024-04-17 11:34:34.714] [info] #3: Feasible / Total: 39025 / 199291
[2024-04-17 11:35:01.412] [info] #4: Feasible / Total: 44435 / 199291
[2024-04-17 11:35:32.288] [info] #5: Feasible / Total: 50924 / 199291
[2024-04-17 11:36:06.131] [info] #6: Feasible / Total: 59366 / 199291
[2024-04-17 11:36:43.005] [info] #7: Feasible / Total: 69663 / 199291
[2024-04-17 11:37:33.380] [info] #8: Feasible / Total: 83627 / 199291
[2024-04-17 11:38:40.446] [info] #9: Feasible / Total: 105514 / 199291
[2024-04-17 11:39:40.659] [info] #10: Feasible / Total: 130618 / 199291
[2024-04-17 11:39:56.788] [info] #11: Feasible / Total: 142465 / 199291
[2024-04-17 11:39:57.942] [info] #12: Feasible / Total: 142879 / 199291
[2024-04-17 11:39:58.470] [info] #12: Feasible / Total: 142879 / 199291
[2024-04-17 11:39:58.470] [info] Graph is not D-reducible.
[2024-04-17 11:39:58.491] [info] Started C-reducibility check
[2024-04-17 11:40:31.711] [info] Trying 22303949 possible contractions
[2024-04-17 11:40:31.711] [info] [0/22303949] Starting contraction of size 1
[2024-04-17 11:40:32.007] [info] All colors passed! Contracted: 29
[2024-04-17 11:40:32.007] [info] Graph is C-reducible!
