[2023-12-05 15:26:47.449] [info] Kempe type: Toroidal
[2023-12-05 15:26:47.449] [info] Vertex size: 37, Edge size: 63, Ring size: 15
[2023-12-05 15:27:38.307] [info] Started D-reducibility check
[2023-12-05 15:27:38.307] [info] #1: Feasible / Total: 65262 / 597871
[2023-12-05 18:24:19.347] [info] #2: Feasible / Total: 93234 / 597871
[2023-12-05 19:40:01.150] [info] #3: Feasible / Total: 108736 / 597871
[2023-12-05 20:41:49.142] [info] #4: Feasible / Total: 122398 / 597871
[2023-12-05 21:39:18.808] [info] #5: Feasible / Total: 135866 / 597871
[2023-12-05 22:45:46.625] [info] #6: Feasible / Total: 151914 / 597871
[2023-12-06 00:02:22.249] [info] #7: Feasible / Total: 172753 / 597871
[2023-12-06 01:31:19.764] [info] #8: Feasible / Total: 198473 / 597871
[2023-12-06 03:09:58.294] [info] #9: Feasible / Total: 230235 / 597871
[2023-12-06 05:30:11.363] [info] #10: Feasible / Total: 282503 / 597871
[2023-12-06 08:24:53.234] [info] #11: Feasible / Total: 371542 / 597871
[2023-12-06 10:12:57.151] [info] #12: Feasible / Total: 475677 / 597871
[2023-12-06 10:25:02.256] [info] #13: Feasible / Total: 503109 / 597871
[2023-12-06 10:25:43.174] [info] #14: Feasible / Total: 503119 / 597871
[2023-12-06 10:26:19.389] [info] #14: Feasible / Total: 503119 / 597871
[2023-12-06 10:26:19.389] [info] Graph is not D-reducible.
[2023-12-06 10:26:21.134] [info] Started C-reducibility check
[2023-12-06 14:19:20.885] [info] Trying 137217 possible contractions
[2023-12-06 14:19:20.885] [info] [0/137217] Starting contraction of size 1
[2023-12-06 14:22:14.834] [info] All colors passed! Contracted: 25
[2023-12-06 14:22:14.834] [info] Graph is C-reducible!
