[2023-11-19 12:28:27.415] [info] Kempe type: Toroidal
[2023-11-19 12:28:27.454] [info] Vertex size: 28, Edge size: 48, Ring size: 12
[2023-11-19 12:28:28.536] [info] Started D-reducibility check
[2023-11-19 12:28:28.536] [info] #1: Feasible / Total: 3861 / 22144
[2023-11-19 12:28:51.304] [info] #2: Feasible / Total: 4551 / 22144
[2023-11-19 12:28:57.338] [info] #3: Feasible / Total: 4841 / 22144
[2023-11-19 12:29:00.496] [info] #4: Feasible / Total: 5014 / 22144
[2023-11-19 12:29:02.929] [info] #5: Feasible / Total: 5150 / 22144
[2023-11-19 12:29:04.998] [info] #6: Feasible / Total: 5275 / 22144
[2023-11-19 12:29:07.018] [info] #7: Feasible / Total: 5378 / 22144
[2023-11-19 12:29:08.559] [info] #8: Feasible / Total: 5481 / 22144
[2023-11-19 12:29:10.094] [info] #9: Feasible / Total: 5547 / 22144
[2023-11-19 12:29:11.492] [info] #10: Feasible / Total: 5627 / 22144
[2023-11-19 12:29:12.772] [info] #11: Feasible / Total: 5675 / 22144
[2023-11-19 12:29:13.852] [info] #12: Feasible / Total: 5692 / 22144
[2023-11-19 12:29:15.293] [info] #13: Feasible / Total: 5724 / 22144
[2023-11-19 12:29:16.513] [info] #14: Feasible / Total: 5759 / 22144
[2023-11-19 12:29:17.633] [info] #15: Feasible / Total: 5779 / 22144
[2023-11-19 12:29:18.685] [info] #16: Feasible / Total: 5793 / 22144
[2023-11-19 12:29:19.764] [info] #17: Feasible / Total: 5815 / 22144
[2023-11-19 12:29:20.768] [info] #18: Feasible / Total: 5828 / 22144
[2023-11-19 12:29:21.889] [info] #19: Feasible / Total: 5863 / 22144
[2023-11-19 12:29:23.686] [info] #20: Feasible / Total: 5992 / 22144
[2023-11-19 12:29:25.847] [info] #21: Feasible / Total: 6178 / 22144
[2023-11-19 12:29:28.066] [info] #22: Feasible / Total: 6379 / 22144
[2023-11-19 12:29:30.638] [info] #23: Feasible / Total: 6606 / 22144
[2023-11-19 12:29:33.182] [info] #24: Feasible / Total: 6941 / 22144
[2023-11-19 12:29:38.549] [info] #25: Feasible / Total: 7618 / 22144
[2023-11-19 12:29:49.767] [info] #26: Feasible / Total: 9200 / 22144
[2023-11-19 12:30:12.518] [info] #27: Feasible / Total: 13849 / 22144
[2023-11-19 12:30:28.476] [info] #28: Feasible / Total: 20750 / 22144
[2023-11-19 12:30:29.637] [info] #29: Feasible / Total: 22143 / 22144
[2023-11-19 12:30:29.638] [info] #30: Feasible / Total: 22144 / 22144
[2023-11-19 12:30:29.638] [info] Graph is D-reducible!
