[2024-10-19 11:31:32.710] [info] Kempe type: Toroidal
[2024-10-19 11:31:32.728] [info] Vertex size: 34, Edge size: 58, Ring size: 14
[2024-10-19 11:31:39.901] [info] Started D-reducibility check
[2024-10-19 11:31:39.901] [info] #1: Feasible / Total: 25146 / 199291
[2024-10-19 11:43:02.265] [info] #2: Feasible / Total: 35846 / 199291
[2024-10-19 11:48:57.294] [info] #3: Feasible / Total: 44599 / 199291
[2024-10-19 11:54:33.595] [info] #4: Feasible / Total: 54601 / 199291
[2024-10-19 12:00:27.197] [info] #5: Feasible / Total: 70276 / 199291
[2024-10-19 12:08:23.182] [info] #6: Feasible / Total: 92695 / 199291
[2024-10-19 12:16:02.235] [info] #7: Feasible / Total: 117790 / 199291
[2024-10-19 12:19:44.796] [info] #8: Feasible / Total: 140537 / 199291
[2024-10-19 12:20:25.603] [info] #9: Feasible / Total: 148119 / 199291
[2024-10-19 12:20:29.873] [info] #10: Feasible / Total: 148365 / 199291
[2024-10-19 12:20:31.291] [info] #10: Feasible / Total: 148365 / 199291
[2024-10-19 12:20:31.291] [info] Graph is not D-reducible.
[2024-10-19 12:20:31.346] [info] Started C-reducibility check
[2024-10-19 12:20:45.262] [info] Trying 2428474 possible contractions
[2024-10-19 12:20:45.262] [info] [0/2428474] Starting contraction of size 1
[2024-10-19 12:20:47.558] [info] All colors passed! Contracted: 17
[2024-10-19 12:20:47.558] [info] Graph is C-reducible!
