[2024-10-19 14:57:12.697] [info] Kempe type: Toroidal
[2024-10-19 14:57:12.697] [info] Vertex size: 31, Edge size: 53, Ring size: 13
[2024-10-19 14:57:15.502] [info] Started D-reducibility check
[2024-10-19 14:57:15.502] [info] #1: Feasible / Total: 10424 / 66430
[2024-10-19 15:00:42.447] [info] #2: Feasible / Total: 13429 / 66430
[2024-10-19 15:01:55.747] [info] #3: Feasible / Total: 15457 / 66430
[2024-10-19 15:03:05.345] [info] #4: Feasible / Total: 17646 / 66430
[2024-10-19 15:04:33.167] [info] #5: Feasible / Total: 20819 / 66430
[2024-10-19 15:06:37.122] [info] #6: Feasible / Total: 26155 / 66430
[2024-10-19 15:09:31.650] [info] #7: Feasible / Total: 36041 / 66430
[2024-10-19 15:11:52.886] [info] #8: Feasible / Total: 46868 / 66430
[2024-10-19 15:12:56.870] [info] #9: Feasible / Total: 54946 / 66430
[2024-10-19 15:13:02.325] [info] #10: Feasible / Total: 55702 / 66430
[2024-10-19 15:13:03.251] [info] #10: Feasible / Total: 55702 / 66430
[2024-10-19 15:13:03.251] [info] Graph is not D-reducible.
[2024-10-19 15:13:03.339] [info] Started C-reducibility check
[2024-10-19 15:13:24.760] [info] Trying 1197639 possible contractions
[2024-10-19 15:13:24.760] [info] [0/1197639] Starting contraction of size 1
[2024-10-19 15:15:03.510] [info] All colors passed! Contracted: 17
[2024-10-19 15:15:03.510] [info] Graph is C-reducible!
