[2023-11-16 13:46:30.533] [info] Kempe type: Toroidal
[2023-11-16 13:46:30.533] [info] Vertex size: 29, Edge size: 50, Ring size: 13
[2023-11-16 13:46:32.195] [info] Started D-reducibility check
[2023-11-16 13:46:32.196] [info] #1: Feasible / Total: 8681 / 66430
[2023-11-16 13:47:56.375] [info] #2: Feasible / Total: 10566 / 66430
[2023-11-16 13:48:19.191] [info] #3: Feasible / Total: 11412 / 66430
[2023-11-16 13:48:32.526] [info] #4: Feasible / Total: 11919 / 66430
[2023-11-16 13:48:42.075] [info] #5: Feasible / Total: 12239 / 66430
[2023-11-16 13:48:48.903] [info] #6: Feasible / Total: 12414 / 66430
[2023-11-16 13:48:54.217] [info] #7: Feasible / Total: 12590 / 66430
[2023-11-16 13:48:59.100] [info] #8: Feasible / Total: 12728 / 66430
[2023-11-16 13:49:03.365] [info] #9: Feasible / Total: 12849 / 66430
[2023-11-16 13:49:07.391] [info] #10: Feasible / Total: 12937 / 66430
[2023-11-16 13:49:11.814] [info] #11: Feasible / Total: 13016 / 66430
[2023-11-16 13:49:15.844] [info] #12: Feasible / Total: 13074 / 66430
[2023-11-16 13:49:19.148] [info] #13: Feasible / Total: 13123 / 66430
[2023-11-16 13:49:22.465] [info] #14: Feasible / Total: 13187 / 66430
[2023-11-16 13:49:26.438] [info] #15: Feasible / Total: 13241 / 66430
[2023-11-16 13:49:30.044] [info] #16: Feasible / Total: 13279 / 66430
[2023-11-16 13:49:33.957] [info] #17: Feasible / Total: 13325 / 66430
[2023-11-16 13:49:38.554] [info] #18: Feasible / Total: 13392 / 66430
[2023-11-16 13:49:44.069] [info] #19: Feasible / Total: 13481 / 66430
[2023-11-16 13:49:49.929] [info] #20: Feasible / Total: 13656 / 66430
[2023-11-16 13:49:55.871] [info] #21: Feasible / Total: 13905 / 66430
[2023-11-16 13:50:02.359] [info] #22: Feasible / Total: 14282 / 66430
[2023-11-16 13:50:09.972] [info] #23: Feasible / Total: 14843 / 66430
[2023-11-16 13:50:20.499] [info] #24: Feasible / Total: 15661 / 66430
[2023-11-16 13:50:35.972] [info] #25: Feasible / Total: 16653 / 66430
[2023-11-16 13:50:52.958] [info] #26: Feasible / Total: 17915 / 66430
[2023-11-16 13:51:14.382] [info] #27: Feasible / Total: 19538 / 66430
[2023-11-16 13:51:43.238] [info] #28: Feasible / Total: 21868 / 66430
[2023-11-16 13:52:29.467] [info] #29: Feasible / Total: 25520 / 66430
[2023-11-16 13:53:29.616] [info] #30: Feasible / Total: 31579 / 66430
[2023-11-16 13:54:30.864] [info] #31: Feasible / Total: 40868 / 66430
[2023-11-16 13:55:32.688] [info] #32: Feasible / Total: 52590 / 66430
[2023-11-16 13:55:54.800] [info] #33: Feasible / Total: 60055 / 66430
[2023-11-16 13:55:56.513] [info] #34: Feasible / Total: 60462 / 66430
[2023-11-16 13:55:56.736] [info] #34: Feasible / Total: 60462 / 66430
[2023-11-16 13:55:56.750] [info] Graph is not D-reducible.
[2023-11-16 13:55:56.786] [info] Started C-reducibility check
[2023-11-16 13:56:42.718] [info] Trying 3640849 possible contractions
[2023-11-16 13:56:42.718] [info] [0/3640849] Starting contraction of size 1
[2023-11-16 13:56:57.367] [info] All colors passed! Contracted: 22
[2023-11-16 13:56:57.367] [info] Graph is C-reducible!
