[2024-04-19 21:54:04.840] [info] Kempe type: Toroidal
[2024-04-19 21:54:04.840] [info] Vertex size: 31, Edge size: 53, Ring size: 13
[2024-04-19 21:54:05.008] [info] Started D-reducibility check
[2024-04-19 21:54:05.008] [info] #1: Feasible / Total: 8997 / 66430
[2024-04-19 21:54:14.036] [info] #2: Feasible / Total: 11798 / 66430
[2024-04-19 21:54:18.462] [info] #3: Feasible / Total: 14014 / 66430
[2024-04-19 21:54:21.660] [info] #4: Feasible / Total: 15426 / 66430
[2024-04-19 21:54:24.665] [info] #5: Feasible / Total: 16653 / 66430
[2024-04-19 21:54:27.084] [info] #6: Feasible / Total: 17745 / 66430
[2024-04-19 21:54:29.636] [info] #7: Feasible / Total: 19065 / 66430
[2024-04-19 21:54:32.511] [info] #8: Feasible / Total: 20709 / 66430
[2024-04-19 21:54:35.424] [info] #9: Feasible / Total: 22828 / 66430
[2024-04-19 21:54:39.079] [info] #10: Feasible / Total: 25693 / 66430
[2024-04-19 21:54:42.823] [info] #11: Feasible / Total: 29566 / 66430
[2024-04-19 21:54:44.874] [info] #12: Feasible / Total: 31964 / 66430
[2024-04-19 21:54:45.356] [info] #13: Feasible / Total: 32206 / 66430
[2024-04-19 21:54:45.601] [info] #14: Feasible / Total: 32208 / 66430
[2024-04-19 21:54:45.837] [info] #14: Feasible / Total: 32208 / 66430
[2024-04-19 21:54:45.837] [info] Graph is not D-reducible.
[2024-04-19 21:54:45.846] [info] Started C-reducibility check
[2024-04-19 21:54:57.321] [info] Trying 8127752 possible contractions
[2024-04-19 21:54:57.321] [info] [0/8127752] Starting contraction of size 1
[2024-04-19 21:54:57.434] [info] All colors passed! Contracted: 33
[2024-04-19 21:54:57.434] [info] Graph is C-reducible!
