[2023-11-28 12:53:23.400] [info] Kempe type: Toroidal
[2023-11-28 12:53:23.410] [info] Vertex size: 31, Edge size: 53, Ring size: 13
[2023-11-28 12:53:24.227] [info] Started D-reducibility check
[2023-11-28 12:53:24.227] [info] #1: Feasible / Total: 10001 / 66430
[2023-11-28 12:54:37.654] [info] #2: Feasible / Total: 13823 / 66430
[2023-11-28 12:55:01.813] [info] #3: Feasible / Total: 15549 / 66430
[2023-11-28 12:55:18.658] [info] #4: Feasible / Total: 17082 / 66430
[2023-11-28 12:55:37.392] [info] #5: Feasible / Total: 18944 / 66430
[2023-11-28 12:56:03.682] [info] #6: Feasible / Total: 21697 / 66430
[2023-11-28 12:56:35.595] [info] #7: Feasible / Total: 25646 / 66430
[2023-11-28 12:57:12.909] [info] #8: Feasible / Total: 31355 / 66430
[2023-11-28 12:57:57.912] [info] #9: Feasible / Total: 39297 / 66430
[2023-11-28 12:58:19.075] [info] #10: Feasible / Total: 46108 / 66430
[2023-11-28 12:58:23.905] [info] #11: Feasible / Total: 47350 / 66430
[2023-11-28 12:58:25.485] [info] #12: Feasible / Total: 47518 / 66430
[2023-11-28 12:58:26.741] [info] #13: Feasible / Total: 47668 / 66430
[2023-11-28 12:58:27.290] [info] #14: Feasible / Total: 47694 / 66430
[2023-11-28 12:58:27.828] [info] #15: Feasible / Total: 47696 / 66430
[2023-11-28 12:58:28.302] [info] #15: Feasible / Total: 47696 / 66430
[2023-11-28 12:58:28.303] [info] Graph is not D-reducible.
[2023-11-28 12:58:28.310] [info] Started C-reducibility check
[2023-11-28 13:00:28.846] [info] Trying 8127812 possible contractions
[2023-11-28 13:00:28.858] [info] [0/8127812] Starting contraction of size 1
[2023-11-28 13:01:02.466] [info] [40/8127812] Starting contraction of size 2
[2023-11-28 13:05:24.560] [info] All colors passed! Contracted: 17, 47
[2023-11-28 13:05:24.560] [info] Graph is C-reducible!
