[2023-11-22 11:38:02.632] [info] Kempe type: Toroidal
[2023-11-22 11:38:02.632] [info] Vertex size: 34, Edge size: 58, Ring size: 14
[2023-11-22 11:38:08.058] [info] Started D-reducibility check
[2023-11-22 11:38:08.058] [info] #1: Feasible / Total: 23192 / 199291
[2023-11-22 11:48:02.607] [info] #2: Feasible / Total: 33482 / 199291
[2023-11-22 11:52:55.203] [info] #3: Feasible / Total: 41052 / 199291
[2023-11-22 11:56:56.801] [info] #4: Feasible / Total: 47508 / 199291
[2023-11-22 12:01:05.528] [info] #5: Feasible / Total: 54040 / 199291
[2023-11-22 12:04:16.227] [info] #6: Feasible / Total: 60512 / 199291
[2023-11-22 12:07:05.679] [info] #7: Feasible / Total: 67217 / 199291
[2023-11-22 12:09:48.711] [info] #8: Feasible / Total: 74425 / 199291
[2023-11-22 12:12:26.002] [info] #9: Feasible / Total: 80573 / 199291
[2023-11-22 12:14:38.485] [info] #10: Feasible / Total: 87686 / 199291
[2023-11-22 12:16:00.904] [info] #11: Feasible / Total: 93653 / 199291
[2023-11-22 12:16:38.145] [info] #12: Feasible / Total: 95345 / 199291
[2023-11-22 12:16:51.076] [info] #13: Feasible / Total: 95714 / 199291
[2023-11-22 12:16:59.325] [info] #14: Feasible / Total: 95778 / 199291
[2023-11-22 12:17:06.085] [info] #15: Feasible / Total: 95801 / 199291
[2023-11-22 12:17:12.798] [info] #16: Feasible / Total: 95822 / 199291
[2023-11-22 12:17:19.640] [info] #17: Feasible / Total: 95835 / 199291
[2023-11-22 12:17:26.866] [info] #18: Feasible / Total: 95843 / 199291
[2023-11-22 12:17:33.347] [info] #19: Feasible / Total: 95844 / 199291
[2023-11-22 12:17:40.622] [info] #19: Feasible / Total: 95844 / 199291
[2023-11-22 12:17:41.609] [info] Graph is not D-reducible.
[2023-11-22 12:17:41.802] [info] Started C-reducibility check
[2023-11-22 12:42:39.237] [info] Trying 22387101 possible contractions
[2023-11-22 12:42:39.254] [info] [0/22387101] Starting contraction of size 1
[2023-11-22 12:49:05.370] [info] [44/22387101] Starting contraction of size 2
[2023-11-22 14:30:56.373] [info] [916/22387101] Starting contraction of size 3
[2023-11-23 03:59:18.287] [info] [11238/22387101] Starting contraction of size 4
[2023-11-25 07:32:09.945] [info] [92891/22387101] Starting contraction of size 5
[2023-12-02 16:53:11.620] [info] [550935/22387101] Starting contraction of size 6
[2023-12-05 02:50:42.213] [info] All colors passed! Contracted: 15, 19, 31, 42, 47, 54
[2023-12-05 02:50:42.213] [info] Graph is C-reducible!
