[2023-11-16 13:46:30.763] [info] Kempe type: Toroidal
[2023-11-16 13:46:30.763] [info] Vertex size: 32, Edge size: 55, Ring size: 14
[2023-11-16 13:46:36.105] [info] Started D-reducibility check
[2023-11-16 13:46:36.105] [info] #1: Feasible / Total: 21572 / 199291
[2023-11-16 14:01:51.954] [info] #2: Feasible / Total: 39587 / 199291
[2023-11-16 14:05:36.555] [info] #3: Feasible / Total: 47218 / 199291
[2023-11-16 14:08:09.078] [info] #4: Feasible / Total: 54699 / 199291
[2023-11-16 14:10:49.664] [info] #5: Feasible / Total: 62764 / 199291
[2023-11-16 14:14:55.588] [info] #6: Feasible / Total: 74546 / 199291
[2023-11-16 14:20:31.904] [info] #7: Feasible / Total: 92974 / 199291
[2023-11-16 14:26:04.296] [info] #8: Feasible / Total: 118317 / 199291
[2023-11-16 14:30:31.209] [info] #9: Feasible / Total: 136277 / 199291
[2023-11-16 14:31:04.386] [info] #10: Feasible / Total: 138555 / 199291
[2023-11-16 14:31:09.821] [info] #11: Feasible / Total: 138565 / 199291
[2023-11-16 14:31:14.017] [info] #11: Feasible / Total: 138565 / 199291
[2023-11-16 14:31:14.017] [info] Graph is not D-reducible.
[2023-11-16 14:31:14.206] [info] Started C-reducibility check
[2023-11-16 14:37:03.871] [info] Trying 10825261 possible contractions
[2023-11-16 14:37:03.871] [info] [0/10825261] Starting contraction of size 1
[2023-11-16 14:37:54.511] [info] All colors passed! Contracted: 32
[2023-11-16 14:37:54.518] [info] Graph is C-reducible!
