[2023-11-17 00:34:26.564] [info] Kempe type: Toroidal
[2023-11-17 00:34:26.769] [info] Vertex size: 31, Edge size: 53, Ring size: 13
[2023-11-17 00:34:36.625] [info] Started D-reducibility check
[2023-11-17 00:34:36.654] [info] #1: Feasible / Total: 10574 / 66430
[2023-11-17 00:39:45.996] [info] #2: Feasible / Total: 14579 / 66430
[2023-11-17 00:44:49.302] [info] #3: Feasible / Total: 17612 / 66430
[2023-11-17 00:49:42.389] [info] #4: Feasible / Total: 21596 / 66430
[2023-11-17 00:54:32.954] [info] #5: Feasible / Total: 27808 / 66430
[2023-11-17 00:58:49.492] [info] #6: Feasible / Total: 36347 / 66430
[2023-11-17 01:01:34.917] [info] #7: Feasible / Total: 42073 / 66430
[2023-11-17 01:02:09.310] [info] #8: Feasible / Total: 43995 / 66430
[2023-11-17 01:02:34.292] [info] #9: Feasible / Total: 44730 / 66430
[2023-11-17 01:02:40.189] [info] #10: Feasible / Total: 44736 / 66430
[2023-11-17 01:02:46.335] [info] #10: Feasible / Total: 44736 / 66430
[2023-11-17 01:02:46.335] [info] Graph is not D-reducible.
[2023-11-17 01:02:46.591] [info] Started C-reducibility check
[2023-11-17 01:17:12.690] [info] Trying 8128419 possible contractions
[2023-11-17 01:17:12.698] [info] [0/8128419] Starting contraction of size 1
[2023-11-17 01:18:54.213] [info] All colors passed! Contracted: 22
[2023-11-17 01:18:54.390] [info] Graph is C-reducible!
