[2023-11-19 12:28:27.504] [info] Kempe type: Toroidal
[2023-11-19 12:28:27.506] [info] Vertex size: 28, Edge size: 48, Ring size: 12
[2023-11-19 12:28:27.933] [info] Started D-reducibility check
[2023-11-19 12:28:27.933] [info] #1: Feasible / Total: 3503 / 22144
[2023-11-19 12:29:00.975] [info] #2: Feasible / Total: 5420 / 22144
[2023-11-19 12:29:10.931] [info] #3: Feasible / Total: 6323 / 22144
[2023-11-19 12:29:22.356] [info] #4: Feasible / Total: 7467 / 22144
[2023-11-19 12:29:34.116] [info] #5: Feasible / Total: 8719 / 22144
[2023-11-19 12:29:43.688] [info] #6: Feasible / Total: 10086 / 22144
[2023-11-19 12:29:54.327] [info] #7: Feasible / Total: 11789 / 22144
[2023-11-19 12:30:03.665] [info] #8: Feasible / Total: 13880 / 22144
[2023-11-19 12:30:08.253] [info] #9: Feasible / Total: 16139 / 22144
[2023-11-19 12:30:09.090] [info] #10: Feasible / Total: 16461 / 22144
[2023-11-19 12:30:09.408] [info] #11: Feasible / Total: 16462 / 22144
[2023-11-19 12:30:09.689] [info] #11: Feasible / Total: 16462 / 22144
[2023-11-19 12:30:09.689] [info] Graph is not D-reducible.
[2023-11-19 12:30:09.692] [info] Started C-reducibility check
[2023-11-19 12:31:19.613] [info] Trying 8148099 possible contractions
[2023-11-19 12:31:19.613] [info] [0/8148099] Starting contraction of size 1
[2023-11-19 12:31:20.094] [info] All colors passed! Contracted: 15
[2023-11-19 12:31:20.094] [info] Graph is C-reducible!
