[2024-06-05 14:39:45.313] [info] Kempe type: Toroidal
[2024-06-05 14:39:45.314] [info] Vertex size: 34, Edge size: 58, Ring size: 14
[2024-06-05 14:39:45.969] [info] Started D-reducibility check
[2024-06-05 14:39:45.969] [info] #1: Feasible / Total: 23996 / 199291
[2024-06-05 14:41:02.021] [info] #2: Feasible / Total: 34071 / 199291
[2024-06-05 14:41:32.515] [info] #3: Feasible / Total: 41542 / 199291
[2024-06-05 14:42:03.256] [info] #4: Feasible / Total: 48117 / 199291
[2024-06-05 14:42:29.147] [info] #5: Feasible / Total: 53661 / 199291
[2024-06-05 14:42:58.171] [info] #6: Feasible / Total: 60102 / 199291
[2024-06-05 14:43:36.824] [info] #7: Feasible / Total: 69039 / 199291
[2024-06-05 14:44:25.330] [info] #8: Feasible / Total: 81291 / 199291
[2024-06-05 14:45:22.641] [info] #9: Feasible / Total: 98247 / 199291
[2024-06-05 14:46:02.176] [info] #10: Feasible / Total: 111576 / 199291
[2024-06-05 14:46:29.799] [info] #11: Feasible / Total: 119727 / 199291
[2024-06-05 14:47:02.869] [info] #12: Feasible / Total: 131522 / 199291
[2024-06-05 14:47:42.669] [info] #13: Feasible / Total: 153072 / 199291
[2024-06-05 14:48:03.491] [info] #14: Feasible / Total: 171858 / 199291
[2024-06-05 14:48:06.012] [info] #15: Feasible / Total: 173573 / 199291
[2024-06-05 14:48:06.286] [info] #16: Feasible / Total: 173618 / 199291
[2024-06-05 14:48:06.520] [info] #17: Feasible / Total: 173627 / 199291
[2024-06-05 14:48:06.741] [info] #17: Feasible / Total: 173627 / 199291
[2024-06-05 14:48:06.741] [info] Graph is not D-reducible.
[2024-06-05 14:48:06.762] [info] Started C-reducibility check
[2024-06-05 14:48:39.974] [info] Trying 22306561 possible contractions
[2024-06-05 14:48:39.974] [info] [0/22306561] Starting contraction of size 1
[2024-06-05 14:49:02.680] [info] All colors passed! Contracted: 26
[2024-06-05 14:49:02.681] [info] Graph is C-reducible!
