[2023-11-16 18:02:41.108] [info] Kempe type: Toroidal
[2023-11-16 18:02:41.108] [info] Vertex size: 33, Edge size: 56, Ring size: 13
[2023-11-16 18:02:47.372] [info] Started D-reducibility check
[2023-11-16 18:02:47.372] [info] #1: Feasible / Total: 11002 / 66430
[2023-11-16 18:05:31.095] [info] #2: Feasible / Total: 16328 / 66430
[2023-11-16 18:07:22.809] [info] #3: Feasible / Total: 21814 / 66430
[2023-11-16 18:08:52.751] [info] #4: Feasible / Total: 27015 / 66430
[2023-11-16 18:09:47.321] [info] #5: Feasible / Total: 31812 / 66430
[2023-11-16 18:10:25.333] [info] #6: Feasible / Total: 36876 / 66430
[2023-11-16 18:10:39.125] [info] #7: Feasible / Total: 39216 / 66430
[2023-11-16 18:10:42.113] [info] #8: Feasible / Total: 39430 / 66430
[2023-11-16 18:10:44.091] [info] #8: Feasible / Total: 39430 / 66430
[2023-11-16 18:10:44.092] [info] Graph is not D-reducible.
[2023-11-16 18:10:44.160] [info] Started C-reducibility check
[2023-11-16 18:26:20.832] [info] Trying 17114435 possible contractions
[2023-11-16 18:26:20.850] [info] [0/17114435] Starting contraction of size 1
[2023-11-16 18:28:54.925] [info] [43/17114435] Starting contraction of size 2
[2023-11-16 19:09:53.264] [info] [873/17114435] Starting contraction of size 3
[2023-11-17 04:44:40.311] [info] [10406/17114435] Starting contraction of size 4
[2023-11-19 01:59:17.411] [info] [83274/17114435] Starting contraction of size 5
[2023-11-19 11:18:37.759] [info] All colors passed! Contracted: 20, 30, 32, 47, 53
[2023-11-19 11:18:37.766] [info] Graph is C-reducible!
