[2024-04-17 21:44:02.331] [info] Kempe type: Toroidal
[2024-04-17 21:44:02.331] [info] Vertex size: 37, Edge size: 63, Ring size: 15
[2024-04-17 21:44:05.419] [info] Started D-reducibility check
[2024-04-17 21:44:05.419] [info] #1: Feasible / Total: 64891 / 597871
[2024-04-17 21:54:41.532] [info] #2: Feasible / Total: 106122 / 597871
[2024-04-17 22:01:17.876] [info] #3: Feasible / Total: 139256 / 597871
[2024-04-17 22:07:59.868] [info] #4: Feasible / Total: 175076 / 597871
[2024-04-17 22:16:57.252] [info] #5: Feasible / Total: 227796 / 597871
[2024-04-17 22:28:30.588] [info] #6: Feasible / Total: 320177 / 597871
[2024-04-17 22:35:25.842] [info] #7: Feasible / Total: 421573 / 597871
[2024-04-17 22:36:02.418] [info] #8: Feasible / Total: 445507 / 597871
[2024-04-17 22:36:05.728] [info] #9: Feasible / Total: 446147 / 597871
[2024-04-17 22:36:07.605] [info] #10: Feasible / Total: 446174 / 597871
[2024-04-17 22:36:09.432] [info] #10: Feasible / Total: 446174 / 597871
[2024-04-17 22:36:09.432] [info] Graph is not D-reducible.
[2024-04-17 22:36:09.505] [info] Started C-reducibility check
[2024-04-17 22:37:39.579] [info] Trying 55501890 possible contractions
[2024-04-17 22:37:39.579] [info] [0/55501890] Starting contraction of size 1
[2024-04-17 22:37:46.415] [info] All colors passed! Contracted: 17
[2024-04-17 22:37:46.415] [info] Graph is C-reducible!
