[2023-11-16 13:46:30.508] [info] Kempe type: Toroidal
[2023-11-16 13:46:30.508] [info] Vertex size: 32, Edge size: 55, Ring size: 14
[2023-11-16 13:46:38.369] [info] Started D-reducibility check
[2023-11-16 13:46:38.370] [info] #1: Feasible / Total: 21819 / 199291
[2023-11-16 13:57:09.450] [info] #2: Feasible / Total: 36909 / 199291
[2023-11-16 14:00:04.676] [info] #3: Feasible / Total: 43231 / 199291
[2023-11-16 14:01:31.440] [info] #4: Feasible / Total: 46997 / 199291
[2023-11-16 14:02:29.442] [info] #5: Feasible / Total: 49402 / 199291
[2023-11-16 14:03:15.836] [info] #6: Feasible / Total: 51287 / 199291
[2023-11-16 14:03:48.675] [info] #7: Feasible / Total: 52571 / 199291
[2023-11-16 14:04:16.591] [info] #8: Feasible / Total: 53710 / 199291
[2023-11-16 14:04:41.961] [info] #9: Feasible / Total: 54865 / 199291
[2023-11-16 14:05:07.901] [info] #10: Feasible / Total: 55908 / 199291
[2023-11-16 14:05:29.669] [info] #11: Feasible / Total: 56795 / 199291
[2023-11-16 14:06:04.015] [info] #12: Feasible / Total: 57684 / 199291
[2023-11-16 14:06:31.119] [info] #13: Feasible / Total: 58566 / 199291
[2023-11-16 14:06:59.148] [info] #14: Feasible / Total: 59377 / 199291
[2023-11-16 14:07:19.891] [info] #15: Feasible / Total: 60071 / 199291
[2023-11-16 14:07:45.932] [info] #16: Feasible / Total: 60829 / 199291
[2023-11-16 14:08:08.779] [info] #17: Feasible / Total: 61546 / 199291
[2023-11-16 14:08:37.714] [info] #18: Feasible / Total: 62338 / 199291
[2023-11-16 14:09:11.151] [info] #19: Feasible / Total: 63214 / 199291
[2023-11-16 14:09:48.067] [info] #20: Feasible / Total: 64208 / 199291
[2023-11-16 14:10:18.623] [info] #21: Feasible / Total: 65418 / 199291
[2023-11-16 14:10:48.745] [info] #22: Feasible / Total: 67097 / 199291
[2023-11-16 14:11:24.420] [info] #23: Feasible / Total: 68813 / 199291
[2023-11-16 14:12:08.882] [info] #24: Feasible / Total: 70535 / 199291
[2023-11-16 14:13:11.106] [info] #25: Feasible / Total: 72355 / 199291
[2023-11-16 14:14:02.297] [info] #26: Feasible / Total: 74785 / 199291
[2023-11-16 14:15:30.577] [info] #27: Feasible / Total: 78689 / 199291
[2023-11-16 14:17:33.774] [info] #28: Feasible / Total: 84695 / 199291
[2023-11-16 14:20:13.900] [info] #29: Feasible / Total: 92435 / 199291
[2023-11-16 14:23:16.346] [info] #30: Feasible / Total: 103203 / 199291
[2023-11-16 14:26:20.693] [info] #31: Feasible / Total: 116430 / 199291
[2023-11-16 14:29:09.434] [info] #32: Feasible / Total: 127216 / 199291
[2023-11-16 14:32:48.853] [info] #33: Feasible / Total: 136730 / 199291
[2023-11-16 14:36:43.683] [info] #34: Feasible / Total: 151485 / 199291
[2023-11-16 14:37:57.390] [info] #35: Feasible / Total: 160172 / 199291
[2023-11-16 14:38:15.313] [info] #36: Feasible / Total: 161472 / 199291
[2023-11-16 14:38:19.073] [info] #37: Feasible / Total: 161531 / 199291
[2023-11-16 14:38:20.997] [info] #37: Feasible / Total: 161531 / 199291
[2023-11-16 14:38:20.997] [info] Graph is not D-reducible.
[2023-11-16 14:38:21.166] [info] Started C-reducibility check
[2023-11-16 14:42:38.519] [info] Trying 10826119 possible contractions
[2023-11-16 14:42:38.519] [info] [0/10826119] Starting contraction of size 1
[2023-11-16 14:42:51.054] [info] All colors passed! Contracted: 19
[2023-11-16 14:42:51.054] [info] Graph is C-reducible!
