[2024-08-03 12:58:10.551] [info] Kempe type: Toroidal
[2024-08-03 12:58:10.551] [info] Vertex size: 31, Edge size: 53, Ring size: 13
[2024-08-03 12:58:11.466] [info] Started D-reducibility check
[2024-08-03 12:58:11.466] [info] #1: Feasible / Total: 10235 / 66430
[2024-08-03 12:58:31.989] [info] #2: Feasible / Total: 13087 / 66430
[2024-08-03 12:58:38.967] [info] #3: Feasible / Total: 15313 / 66430
[2024-08-03 12:58:45.584] [info] #4: Feasible / Total: 17782 / 66430
[2024-08-03 12:58:53.193] [info] #5: Feasible / Total: 21560 / 66430
[2024-08-03 12:59:08.329] [info] #6: Feasible / Total: 28483 / 66430
[2024-08-03 12:59:32.509] [info] #7: Feasible / Total: 42472 / 66430
[2024-08-03 12:59:46.899] [info] #8: Feasible / Total: 59510 / 66430
[2024-08-03 12:59:48.911] [info] #9: Feasible / Total: 63189 / 66430
[2024-08-03 12:59:48.936] [info] #10: Feasible / Total: 63190 / 66430
[2024-08-03 12:59:48.958] [info] #10: Feasible / Total: 63190 / 66430
[2024-08-03 12:59:48.958] [info] Graph is not D-reducible.
[2024-08-03 12:59:48.966] [info] Started C-reducibility check
[2024-08-03 13:00:06.981] [info] Trying 8096440 possible contractions
[2024-08-03 13:00:06.986] [info] [0/8096440] Starting contraction of size 1
[2024-08-03 13:00:08.667] [info] All colors passed! Contracted: 26
[2024-08-03 13:00:08.667] [info] Graph is C-reducible!
