[2023-11-29 11:31:22.840] [info] Kempe type: Toroidal
[2023-11-29 11:31:22.846] [info] Vertex size: 31, Edge size: 53, Ring size: 13
[2023-11-29 11:31:23.921] [info] Started D-reducibility check
[2023-11-29 11:31:23.921] [info] #1: Feasible / Total: 9696 / 66430
[2023-11-29 11:32:15.194] [info] #2: Feasible / Total: 12556 / 66430
[2023-11-29 11:32:32.493] [info] #3: Feasible / Total: 13968 / 66430
[2023-11-29 11:32:55.017] [info] #4: Feasible / Total: 15969 / 66430
[2023-11-29 11:33:19.751] [info] #5: Feasible / Total: 18758 / 66430
[2023-11-29 11:33:52.961] [info] #6: Feasible / Total: 23045 / 66430
[2023-11-29 11:34:28.758] [info] #7: Feasible / Total: 29023 / 66430
[2023-11-29 11:35:03.172] [info] #8: Feasible / Total: 36308 / 66430
[2023-11-29 11:35:15.992] [info] #9: Feasible / Total: 41124 / 66430
[2023-11-29 11:35:17.676] [info] #10: Feasible / Total: 41486 / 66430
[2023-11-29 11:35:18.613] [info] #10: Feasible / Total: 41486 / 66430
[2023-11-29 11:35:18.613] [info] Graph is not D-reducible.
[2023-11-29 11:35:18.649] [info] Started C-reducibility check
[2023-11-29 11:37:17.128] [info] Trying 8129142 possible contractions
[2023-11-29 11:37:17.138] [info] [0/8129142] Starting contraction of size 1
[2023-11-29 11:37:45.719] [info] [40/8129142] Starting contraction of size 2
[2023-11-29 11:38:07.869] [info] All colors passed! Contracted: 14, 32
[2023-11-29 11:38:07.869] [info] Graph is C-reducible!
