[2024-07-26 17:57:32.732] [info] Kempe type: Toroidal
[2024-07-26 17:57:32.732] [info] Vertex size: 33, Edge size: 56, Ring size: 13
[2024-07-26 17:57:33.662] [info] Started D-reducibility check
[2024-07-26 17:57:33.662] [info] #1: Feasible / Total: 10918 / 66430
[2024-07-26 17:57:56.178] [info] #2: Feasible / Total: 15883 / 66430
[2024-07-26 17:58:13.232] [info] #3: Feasible / Total: 20183 / 66430
[2024-07-26 17:58:27.353] [info] #4: Feasible / Total: 25681 / 66430
[2024-07-26 17:58:36.662] [info] #5: Feasible / Total: 30782 / 66430
[2024-07-26 17:58:41.798] [info] #6: Feasible / Total: 33743 / 66430
[2024-07-26 17:58:43.413] [info] #7: Feasible / Total: 34852 / 66430
[2024-07-26 17:58:44.011] [info] #8: Feasible / Total: 35214 / 66430
[2024-07-26 17:58:44.308] [info] #9: Feasible / Total: 35250 / 66430
[2024-07-26 17:58:44.568] [info] #10: Feasible / Total: 35265 / 66430
[2024-07-26 17:58:44.824] [info] #11: Feasible / Total: 35274 / 66430
[2024-07-26 17:58:45.077] [info] #12: Feasible / Total: 35277 / 66430
[2024-07-26 17:58:45.328] [info] #12: Feasible / Total: 35277 / 66430
[2024-07-26 17:58:45.328] [info] Graph is not D-reducible.
[2024-07-26 17:58:45.336] [info] Started C-reducibility check
[2024-07-26 17:59:22.690] [info] Trying 17116667 possible contractions
[2024-07-26 17:59:22.690] [info] [0/17116667] Starting contraction of size 1
[2024-07-26 17:59:23.082] [info] All colors passed! Contracted: 45
[2024-07-26 17:59:23.082] [info] Graph is C-reducible!
