[2024-06-20 19:13:02.948] [info] Kempe type: Toroidal
[2024-06-20 19:13:02.948] [info] Vertex size: 37, Edge size: 63, Ring size: 15
[2024-06-20 19:13:09.391] [info] Started D-reducibility check
[2024-06-20 19:13:09.392] [info] #1: Feasible / Total: 67282 / 597871
[2024-06-20 19:24:27.375] [info] #2: Feasible / Total: 91852 / 597871
[2024-06-20 19:30:16.151] [info] #3: Feasible / Total: 109611 / 597871
[2024-06-20 19:37:00.442] [info] #4: Feasible / Total: 132211 / 597871
[2024-06-20 19:48:35.251] [info] #5: Feasible / Total: 174988 / 597871
[2024-06-20 20:11:05.418] [info] #6: Feasible / Total: 269252 / 597871
[2024-06-20 20:38:39.267] [info] #7: Feasible / Total: 434811 / 597871
[2024-06-20 20:46:37.389] [info] #8: Feasible / Total: 553631 / 597871
[2024-06-20 20:46:59.546] [info] #9: Feasible / Total: 562634 / 597871
[2024-06-20 20:47:00.554] [info] #10: Feasible / Total: 562636 / 597871
[2024-06-20 20:47:01.148] [info] #10: Feasible / Total: 562636 / 597871
[2024-06-20 20:47:01.148] [info] Graph is not D-reducible.
[2024-06-20 20:47:01.321] [info] Started C-reducibility check
[2024-06-20 20:49:16.453] [info] Trying 55343961 possible contractions
[2024-06-20 20:49:16.453] [info] [0/55343961] Starting contraction of size 1
[2024-06-20 20:51:03.611] [info] All colors passed! Contracted: 18
[2024-06-20 20:51:03.611] [info] Graph is C-reducible!
