[2024-06-06 15:36:19.636] [info] Kempe type: Toroidal
[2024-06-06 15:36:19.636] [info] Vertex size: 34, Edge size: 58, Ring size: 14
[2024-06-06 15:36:20.351] [info] Started D-reducibility check
[2024-06-06 15:36:20.351] [info] #1: Feasible / Total: 23934 / 199291
[2024-06-06 15:38:34.427] [info] #2: Feasible / Total: 39352 / 199291
[2024-06-06 15:39:13.834] [info] #3: Feasible / Total: 46396 / 199291
[2024-06-06 15:39:44.640] [info] #4: Feasible / Total: 52635 / 199291
[2024-06-06 15:40:19.403] [info] #5: Feasible / Total: 60294 / 199291
[2024-06-06 15:41:06.141] [info] #6: Feasible / Total: 72198 / 199291
[2024-06-06 15:42:20.125] [info] #7: Feasible / Total: 93557 / 199291
[2024-06-06 15:43:49.150] [info] #8: Feasible / Total: 131562 / 199291
[2024-06-06 15:44:30.254] [info] #9: Feasible / Total: 168054 / 199291
[2024-06-06 15:44:32.139] [info] #10: Feasible / Total: 170899 / 199291
[2024-06-06 15:44:32.403] [info] #10: Feasible / Total: 170899 / 199291
[2024-06-06 15:44:32.403] [info] Graph is not D-reducible.
[2024-06-06 15:44:32.424] [info] Started C-reducibility check
[2024-06-06 15:45:05.020] [info] Trying 22386136 possible contractions
[2024-06-06 15:45:05.020] [info] [0/22386136] Starting contraction of size 1
[2024-06-06 15:45:06.040] [info] All colors passed! Contracted: 18
[2024-06-06 15:45:06.040] [info] Graph is C-reducible!
