[2023-11-16 15:21:25.388] [info] Kempe type: Toroidal
[2023-11-16 15:21:25.388] [info] Vertex size: 34, Edge size: 58, Ring size: 14
[2023-11-16 15:21:40.642] [info] Started D-reducibility check
[2023-11-16 15:21:40.643] [info] #1: Feasible / Total: 25203 / 199291
[2023-11-16 15:35:13.679] [info] #2: Feasible / Total: 40272 / 199291
[2023-11-16 15:42:05.203] [info] #3: Feasible / Total: 50745 / 199291
[2023-11-16 15:47:43.816] [info] #4: Feasible / Total: 61060 / 199291
[2023-11-16 15:54:00.841] [info] #5: Feasible / Total: 74327 / 199291
[2023-11-16 16:00:41.100] [info] #6: Feasible / Total: 89982 / 199291
[2023-11-16 16:08:09.671] [info] #7: Feasible / Total: 111572 / 199291
[2023-11-16 16:13:41.700] [info] #8: Feasible / Total: 139182 / 199291
[2023-11-16 16:14:16.203] [info] #9: Feasible / Total: 143949 / 199291
[2023-11-16 16:14:20.559] [info] #10: Feasible / Total: 143971 / 199291
[2023-11-16 16:14:24.431] [info] #10: Feasible / Total: 143971 / 199291
[2023-11-16 16:14:24.458] [info] Graph is not D-reducible.
[2023-11-16 16:14:24.584] [info] Started C-reducibility check
[2023-11-16 16:30:50.364] [info] Trying 22311478 possible contractions
[2023-11-16 16:30:50.398] [info] [0/22311478] Starting contraction of size 1
[2023-11-16 16:34:16.062] [info] [44/22311478] Starting contraction of size 2
[2023-11-16 16:35:53.921] [info] All colors passed! Contracted: 40, 45
[2023-11-16 16:35:53.926] [info] Graph is C-reducible!
