[2024-07-08 22:28:38.127] [info] Kempe type: Toroidal
[2024-07-08 22:28:38.127] [info] Vertex size: 34, Edge size: 58, Ring size: 14
[2024-07-08 22:28:38.907] [info] Started D-reducibility check
[2024-07-08 22:28:38.907] [info] #1: Feasible / Total: 23701 / 199291
[2024-07-08 22:29:51.841] [info] #2: Feasible / Total: 30606 / 199291
[2024-07-08 22:30:21.823] [info] #3: Feasible / Total: 36355 / 199291
[2024-07-08 22:30:44.307] [info] #4: Feasible / Total: 39514 / 199291
[2024-07-08 22:30:59.589] [info] #5: Feasible / Total: 42191 / 199291
[2024-07-08 22:31:15.138] [info] #6: Feasible / Total: 45008 / 199291
[2024-07-08 22:31:32.205] [info] #7: Feasible / Total: 48250 / 199291
[2024-07-08 22:31:52.703] [info] #8: Feasible / Total: 52270 / 199291
[2024-07-08 22:32:14.619] [info] #9: Feasible / Total: 57034 / 199291
[2024-07-08 22:32:39.917] [info] #10: Feasible / Total: 62964 / 199291
[2024-07-08 22:33:06.657] [info] #11: Feasible / Total: 69769 / 199291
[2024-07-08 22:33:35.678] [info] #12: Feasible / Total: 77077 / 199291
[2024-07-08 22:34:08.811] [info] #13: Feasible / Total: 85944 / 199291
[2024-07-08 22:34:34.654] [info] #14: Feasible / Total: 94402 / 199291
[2024-07-08 22:34:51.759] [info] #15: Feasible / Total: 99726 / 199291
[2024-07-08 22:35:08.609] [info] #16: Feasible / Total: 104611 / 199291
[2024-07-08 22:35:30.120] [info] #17: Feasible / Total: 110417 / 199291
[2024-07-08 22:35:49.137] [info] #18: Feasible / Total: 115011 / 199291
[2024-07-08 22:36:00.333] [info] #19: Feasible / Total: 118889 / 199291
[2024-07-08 22:36:10.149] [info] #20: Feasible / Total: 121174 / 199291
[2024-07-08 22:36:31.865] [info] #21: Feasible / Total: 126725 / 199291
[2024-07-08 22:37:03.030] [info] #22: Feasible / Total: 137785 / 199291
[2024-07-08 22:37:28.972] [info] #23: Feasible / Total: 152455 / 199291
[2024-07-08 22:37:31.768] [info] #24: Feasible / Total: 154064 / 199291
[2024-07-08 22:37:32.250] [info] #25: Feasible / Total: 154065 / 199291
[2024-07-08 22:37:32.723] [info] #25: Feasible / Total: 154065 / 199291
[2024-07-08 22:37:32.723] [info] Graph is not D-reducible.
[2024-07-08 22:37:32.749] [info] Started C-reducibility check
[2024-07-08 22:38:08.482] [info] Trying 22299813 possible contractions
[2024-07-08 22:38:08.482] [info] [0/22299813] Starting contraction of size 1
[2024-07-08 22:38:32.251] [info] All colors passed! Contracted: 33
[2024-07-08 22:38:32.251] [info] Graph is C-reducible!
