[2024-03-16 18:33:03.477] [info] Kempe type: Toroidal
[2024-03-16 18:33:03.477] [info] Vertex size: 34, Edge size: 58, Ring size: 14
[2024-03-16 18:33:05.670] [info] Started D-reducibility check
[2024-03-16 18:33:05.670] [info] #1: Feasible / Total: 24260 / 199291
[2024-03-16 18:34:55.889] [info] #2: Feasible / Total: 31348 / 199291
[2024-03-16 18:35:30.764] [info] #3: Feasible / Total: 35583 / 199291
[2024-03-16 18:36:00.934] [info] #4: Feasible / Total: 39226 / 199291
[2024-03-16 18:36:31.744] [info] #5: Feasible / Total: 43303 / 199291
[2024-03-16 18:37:08.416] [info] #6: Feasible / Total: 48442 / 199291
[2024-03-16 18:37:57.467] [info] #7: Feasible / Total: 56276 / 199291
[2024-03-16 18:39:18.561] [info] #8: Feasible / Total: 69162 / 199291
[2024-03-16 18:41:38.542] [info] #9: Feasible / Total: 93999 / 199291
[2024-03-16 18:44:12.299] [info] #10: Feasible / Total: 142848 / 199291
[2024-03-16 18:45:00.951] [info] #11: Feasible / Total: 179934 / 199291
[2024-03-16 18:45:03.583] [info] #12: Feasible / Total: 184292 / 199291
[2024-03-16 18:45:03.800] [info] #12: Feasible / Total: 184292 / 199291
[2024-03-16 18:45:03.800] [info] Graph is not D-reducible.
[2024-03-16 18:45:03.823] [info] Started C-reducibility check
[2024-03-16 18:45:45.298] [info] Trying 22301684 possible contractions
[2024-03-16 18:45:45.298] [info] [0/22301684] Starting contraction of size 1
[2024-03-16 18:45:47.617] [info] All colors passed! Contracted: 33
[2024-03-16 18:45:47.618] [info] Graph is C-reducible!
