[2023-11-29 11:31:23.888] [info] Kempe type: Toroidal
[2023-11-29 11:31:23.894] [info] Vertex size: 34, Edge size: 58, Ring size: 14
[2023-11-29 11:31:28.446] [info] Started D-reducibility check
[2023-11-29 11:31:28.459] [info] #1: Feasible / Total: 25215 / 199291
[2023-11-29 11:36:46.709] [info] #2: Feasible / Total: 33661 / 199291
[2023-11-29 11:39:06.527] [info] #3: Feasible / Total: 40555 / 199291
[2023-11-29 11:41:19.216] [info] #4: Feasible / Total: 47054 / 199291
[2023-11-29 11:44:12.867] [info] #5: Feasible / Total: 54872 / 199291
[2023-11-29 11:47:12.884] [info] #6: Feasible / Total: 64459 / 199291
[2023-11-29 11:50:42.614] [info] #7: Feasible / Total: 76265 / 199291
[2023-11-29 11:55:09.548] [info] #8: Feasible / Total: 93379 / 199291
[2023-11-29 11:59:56.337] [info] #9: Feasible / Total: 119928 / 199291
[2023-11-29 12:02:13.032] [info] #10: Feasible / Total: 138540 / 199291
[2023-11-29 12:02:26.218] [info] #11: Feasible / Total: 140767 / 199291
[2023-11-29 12:02:29.070] [info] #12: Feasible / Total: 140811 / 199291
[2023-11-29 12:02:31.506] [info] #12: Feasible / Total: 140811 / 199291
[2023-11-29 12:02:31.506] [info] Graph is not D-reducible.
[2023-11-29 12:02:31.614] [info] Started C-reducibility check
[2023-11-29 12:13:16.743] [info] Trying 22307913 possible contractions
[2023-11-29 12:13:16.750] [info] [0/22307913] Starting contraction of size 1
[2023-11-29 12:15:47.169] [info] [44/22307913] Starting contraction of size 2
[2023-11-29 12:49:57.370] [info] [916/22307913] Starting contraction of size 3
[2023-11-29 18:44:37.092] [info] [11237/22307913] Starting contraction of size 4
[2023-11-29 22:40:56.870] [info] All colors passed! Contracted: 21, 24, 38, 54
[2023-11-29 22:40:56.871] [info] Graph is C-reducible!
