[2024-10-19 14:57:19.085] [info] Kempe type: Toroidal
[2024-10-19 14:57:19.086] [info] Vertex size: 33, Edge size: 56, Ring size: 13
[2024-10-19 14:57:23.709] [info] Started D-reducibility check
[2024-10-19 14:57:23.709] [info] #1: Feasible / Total: 11143 / 66430
[2024-10-19 15:01:10.263] [info] #2: Feasible / Total: 15623 / 66430
[2024-10-19 15:03:03.272] [info] #3: Feasible / Total: 19642 / 66430
[2024-10-19 15:05:42.376] [info] #4: Feasible / Total: 26231 / 66430
[2024-10-19 15:08:59.837] [info] #5: Feasible / Total: 36680 / 66430
[2024-10-19 15:10:58.218] [info] #6: Feasible / Total: 46385 / 66430
[2024-10-19 15:11:25.093] [info] #7: Feasible / Total: 49844 / 66430
[2024-10-19 15:11:27.685] [info] #8: Feasible / Total: 49921 / 66430
[2024-10-19 15:11:29.371] [info] #8: Feasible / Total: 49921 / 66430
[2024-10-19 15:11:29.372] [info] Graph is not D-reducible.
[2024-10-19 15:11:29.468] [info] Started C-reducibility check
[2024-10-19 15:12:13.710] [info] Trying 2022426 possible contractions
[2024-10-19 15:12:13.710] [info] [0/2022426] Starting contraction of size 1
[2024-10-19 15:14:29.296] [info] [43/2022426] Starting contraction of size 2
[2024-10-19 15:49:23.843] [info] [873/2022426] Starting contraction of size 3
[2024-10-19 17:45:44.176] [info] All colors passed! Contracted: 19, 29, 52
[2024-10-19 17:45:44.188] [info] Graph is C-reducible!
