[2024-04-18 12:24:20.330] [info] Kempe type: Toroidal
[2024-04-18 12:24:20.330] [info] Vertex size: 37, Edge size: 63, Ring size: 15
[2024-04-18 12:24:22.820] [info] Started D-reducibility check
[2024-04-18 12:24:22.820] [info] #1: Feasible / Total: 64101 / 597871
[2024-04-18 12:31:15.664] [info] #2: Feasible / Total: 86068 / 597871
[2024-04-18 12:34:46.658] [info] #3: Feasible / Total: 102857 / 597871
[2024-04-18 12:37:41.004] [info] #4: Feasible / Total: 118457 / 597871
[2024-04-18 12:40:52.139] [info] #5: Feasible / Total: 135037 / 597871
[2024-04-18 12:45:20.921] [info] #6: Feasible / Total: 159371 / 597871
[2024-04-18 12:51:49.767] [info] #7: Feasible / Total: 198646 / 597871
[2024-04-18 13:01:12.357] [info] #8: Feasible / Total: 268837 / 597871
[2024-04-18 13:11:58.507] [info] #9: Feasible / Total: 380196 / 597871
[2024-04-18 13:20:27.018] [info] #10: Feasible / Total: 519986 / 597871
[2024-04-18 13:21:30.076] [info] #11: Feasible / Total: 558465 / 597871
[2024-04-18 13:21:30.574] [info] #12: Feasible / Total: 558487 / 597871
[2024-04-18 13:21:31.051] [info] #12: Feasible / Total: 558487 / 597871
[2024-04-18 13:21:31.051] [info] Graph is not D-reducible.
[2024-04-18 13:21:31.124] [info] Started C-reducibility check
[2024-04-18 13:22:59.217] [info] Trying 55495356 possible contractions
[2024-04-18 13:22:59.217] [info] [0/55495356] Starting contraction of size 1
[2024-04-18 13:23:02.547] [info] All colors passed! Contracted: 17
[2024-04-18 13:23:02.547] [info] Graph is C-reducible!
