[2024-10-19 14:57:49.157] [info] Kempe type: Toroidal
[2024-10-19 14:57:49.157] [info] Vertex size: 36, Edge size: 61, Ring size: 14
[2024-10-19 14:58:07.744] [info] Started D-reducibility check
[2024-10-19 14:58:07.744] [info] #1: Feasible / Total: 28256 / 199291
[2024-10-19 15:20:59.903] [info] #2: Feasible / Total: 44488 / 199291
[2024-10-19 15:27:17.484] [info] #3: Feasible / Total: 55209 / 199291
[2024-10-19 15:33:04.221] [info] #4: Feasible / Total: 63588 / 199291
[2024-10-19 15:40:02.475] [info] #5: Feasible / Total: 72277 / 199291
[2024-10-19 15:50:39.409] [info] #6: Feasible / Total: 84843 / 199291
[2024-10-19 16:05:47.287] [info] #7: Feasible / Total: 105485 / 199291
[2024-10-19 16:21:46.974] [info] #8: Feasible / Total: 138104 / 199291
[2024-10-19 16:27:51.106] [info] #9: Feasible / Total: 165952 / 199291
[2024-10-19 16:28:34.529] [info] #10: Feasible / Total: 173255 / 199291
[2024-10-19 16:28:37.914] [info] #11: Feasible / Total: 173587 / 199291
[2024-10-19 16:28:39.816] [info] #11: Feasible / Total: 173587 / 199291
[2024-10-19 16:28:39.817] [info] Graph is not D-reducible.
[2024-10-19 16:28:39.980] [info] Started C-reducibility check
[2024-10-19 16:29:30.193] [info] Trying 3905498 possible contractions
[2024-10-19 16:29:30.193] [info] [0/3905498] Starting contraction of size 1
[2024-10-19 16:29:34.903] [info] All colors passed! Contracted: 47
[2024-10-19 16:29:34.903] [info] Graph is C-reducible!
