[2023-11-16 22:28:31.356] [info] Kempe type: Toroidal
[2023-11-16 22:28:31.450] [info] Vertex size: 35, Edge size: 60, Ring size: 15
[2023-11-16 22:28:46.349] [info] Started D-reducibility check
[2023-11-16 22:28:46.382] [info] #1: Feasible / Total: 57350 / 597871
[2023-11-17 00:11:08.469] [info] #2: Feasible / Total: 76055 / 597871
[2023-11-17 01:44:04.708] [info] #3: Feasible / Total: 90182 / 597871
[2023-11-17 03:06:32.766] [info] #4: Feasible / Total: 104285 / 597871
[2023-11-17 04:29:26.742] [info] #5: Feasible / Total: 120746 / 597871
[2023-11-17 05:52:16.835] [info] #6: Feasible / Total: 142678 / 597871
[2023-11-17 07:25:45.644] [info] #7: Feasible / Total: 174173 / 597871
[2023-11-17 09:12:27.229] [info] #8: Feasible / Total: 219274 / 597871
[2023-11-17 11:07:56.927] [info] #9: Feasible / Total: 283766 / 597871
[2023-11-17 12:05:35.684] [info] #10: Feasible / Total: 345481 / 597871
[2023-11-17 12:17:07.682] [info] #11: Feasible / Total: 358857 / 597871
[2023-11-17 12:18:30.711] [info] #12: Feasible / Total: 358991 / 597871
[2023-11-17 12:19:38.743] [info] #13: Feasible / Total: 358992 / 597871
[2023-11-17 12:20:48.390] [info] #13: Feasible / Total: 358992 / 597871
[2023-11-17 12:20:48.402] [info] Graph is not D-reducible.
[2023-11-17 12:20:49.845] [info] Started C-reducibility check
[2023-11-17 12:50:38.261] [info] Trying 28943410 possible contractions
[2023-11-17 12:50:38.286] [info] [0/28943410] Starting contraction of size 1
[2023-11-17 12:52:22.266] [info] [45/28943410] Starting contraction of size 2
[2023-11-17 12:58:56.560] [info] All colors passed! Contracted: 29, 56
[2023-11-17 12:58:56.566] [info] Graph is C-reducible!
