[2023-12-05 15:25:19.666] [info] Kempe type: Toroidal
[2023-12-05 15:25:19.666] [info] Vertex size: 34, Edge size: 58, Ring size: 14
[2023-12-05 15:25:22.904] [info] Started D-reducibility check
[2023-12-05 15:25:22.904] [info] #1: Feasible / Total: 23540 / 199291
[2023-12-05 16:09:58.411] [info] #2: Feasible / Total: 42640 / 199291
[2023-12-05 16:26:51.288] [info] #3: Feasible / Total: 54868 / 199291
[2023-12-05 16:38:59.373] [info] #4: Feasible / Total: 64655 / 199291
[2023-12-05 16:49:30.518] [info] #5: Feasible / Total: 72294 / 199291
[2023-12-05 16:59:42.532] [info] #6: Feasible / Total: 80690 / 199291
[2023-12-05 17:13:04.207] [info] #7: Feasible / Total: 92063 / 199291
[2023-12-05 17:26:43.039] [info] #8: Feasible / Total: 109297 / 199291
[2023-12-05 17:34:00.692] [info] #9: Feasible / Total: 121899 / 199291
[2023-12-05 17:35:35.616] [info] #10: Feasible / Total: 125081 / 199291
[2023-12-05 17:36:01.554] [info] #11: Feasible / Total: 125325 / 199291
[2023-12-05 17:36:23.424] [info] #12: Feasible / Total: 125348 / 199291
[2023-12-05 17:36:44.555] [info] #12: Feasible / Total: 125348 / 199291
[2023-12-05 17:36:44.555] [info] Graph is not D-reducible.
[2023-12-05 17:36:45.057] [info] Started C-reducibility check
[2023-12-05 18:16:00.955] [info] Trying 92891 possible contractions
[2023-12-05 18:16:00.956] [info] [0/92891] Starting contraction of size 1
[2023-12-05 18:25:22.288] [info] [44/92891] Starting contraction of size 2
[2023-12-05 20:50:59.476] [info] [916/92891] Starting contraction of size 3
[2023-12-06 02:45:54.104] [info] All colors passed! Contracted: 29, 31, 57
[2023-12-06 02:45:54.104] [info] Graph is C-reducible!
