[2023-11-16 14:26:43.952] [info] Kempe type: Toroidal
[2023-11-16 14:26:43.952] [info] Vertex size: 34, Edge size: 58, Ring size: 14
[2023-11-16 14:26:52.045] [info] Started D-reducibility check
[2023-11-16 14:26:52.045] [info] #1: Feasible / Total: 25094 / 199291
[2023-11-16 14:44:00.553] [info] #2: Feasible / Total: 39832 / 199291
[2023-11-16 14:49:04.471] [info] #3: Feasible / Total: 50791 / 199291
[2023-11-16 14:54:27.886] [info] #4: Feasible / Total: 61760 / 199291
[2023-11-16 15:00:25.719] [info] #5: Feasible / Total: 78150 / 199291
[2023-11-16 15:08:12.423] [info] #6: Feasible / Total: 108363 / 199291
[2023-11-16 15:13:44.638] [info] #7: Feasible / Total: 146254 / 199291
[2023-11-16 15:14:43.301] [info] #8: Feasible / Total: 155080 / 199291
[2023-11-16 15:14:48.583] [info] #9: Feasible / Total: 155406 / 199291
[2023-11-16 15:14:50.659] [info] #10: Feasible / Total: 155410 / 199291
[2023-11-16 15:14:52.770] [info] #10: Feasible / Total: 155410 / 199291
[2023-11-16 15:14:52.770] [info] Graph is not D-reducible.
[2023-11-16 15:14:52.878] [info] Started C-reducibility check
[2023-11-16 15:30:09.226] [info] Trying 22385644 possible contractions
[2023-11-16 15:30:09.226] [info] [0/22385644] Starting contraction of size 1
[2023-11-16 15:30:32.497] [info] All colors passed! Contracted: 17
[2023-11-16 15:30:32.497] [info] Graph is C-reducible!
