[2023-12-05 15:25:37.250] [info] Kempe type: Toroidal
[2023-12-05 15:25:37.259] [info] Vertex size: 37, Edge size: 63, Ring size: 15
[2023-12-05 15:26:09.864] [info] Started D-reducibility check
[2023-12-05 15:26:09.865] [info] #1: Feasible / Total: 61695 / 597871
[2023-12-05 18:20:21.598] [info] #2: Feasible / Total: 97586 / 597871
[2023-12-05 20:13:25.580] [info] #3: Feasible / Total: 125087 / 597871
[2023-12-05 21:52:19.879] [info] #4: Feasible / Total: 156964 / 597871
[2023-12-05 23:46:01.532] [info] #5: Feasible / Total: 196141 / 597871
[2023-12-06 01:54:49.043] [info] #6: Feasible / Total: 239848 / 597871
[2023-12-06 03:59:04.978] [info] #7: Feasible / Total: 288023 / 597871
[2023-12-06 05:21:43.531] [info] #8: Feasible / Total: 328665 / 597871
[2023-12-06 05:52:24.979] [info] #9: Feasible / Total: 347466 / 597871
[2023-12-06 06:04:49.425] [info] #10: Feasible / Total: 353216 / 597871
[2023-12-06 06:12:40.928] [info] #11: Feasible / Total: 355796 / 597871
[2023-12-06 06:15:15.790] [info] #12: Feasible / Total: 356365 / 597871
[2023-12-06 06:16:47.498] [info] #13: Feasible / Total: 356514 / 597871
[2023-12-06 06:18:14.539] [info] #14: Feasible / Total: 356602 / 597871
[2023-12-06 06:20:28.453] [info] #15: Feasible / Total: 356827 / 597871
[2023-12-06 06:23:29.089] [info] #16: Feasible / Total: 357428 / 597871
[2023-12-06 06:25:55.366] [info] #17: Feasible / Total: 357971 / 597871
[2023-12-06 06:27:28.407] [info] #18: Feasible / Total: 358105 / 597871
[2023-12-06 06:28:49.016] [info] #19: Feasible / Total: 358113 / 597871
[2023-12-06 06:30:07.292] [info] #19: Feasible / Total: 358113 / 597871
[2023-12-06 06:30:07.292] [info] Graph is not D-reducible.
[2023-12-06 06:30:08.591] [info] Started C-reducibility check
[2023-12-06 10:01:52.983] [info] Trying 137217 possible contractions
[2023-12-06 10:01:53.027] [info] [0/137217] Starting contraction of size 1
[2023-12-06 10:46:44.252] [info] [48/137217] Starting contraction of size 2
[2023-12-06 22:45:39.262] [info] [1095/137217] Starting contraction of size 3
[2023-12-10 00:27:54.312] [info] [14868/137217] Starting contraction of size 4
[2023-12-13 08:04:03.221] [info] All colors passed! Contracted: 41, 43, 50, 57
[2023-12-13 08:04:03.221] [info] Graph is C-reducible!
