[2024-10-19 14:57:29.269] [info] Kempe type: Toroidal
[2024-10-19 14:57:29.269] [info] Vertex size: 34, Edge size: 58, Ring size: 14
[2024-10-19 14:57:45.552] [info] Started D-reducibility check
[2024-10-19 14:57:45.552] [info] #1: Feasible / Total: 25811 / 199291
[2024-10-19 15:21:38.506] [info] #2: Feasible / Total: 37811 / 199291
[2024-10-19 15:28:52.681] [info] #3: Feasible / Total: 45752 / 199291
[2024-10-19 15:35:53.812] [info] #4: Feasible / Total: 53540 / 199291
[2024-10-19 15:44:41.158] [info] #5: Feasible / Total: 62163 / 199291
[2024-10-19 15:53:37.477] [info] #6: Feasible / Total: 72638 / 199291
[2024-10-19 16:02:44.395] [info] #7: Feasible / Total: 84633 / 199291
[2024-10-19 16:10:16.903] [info] #8: Feasible / Total: 98459 / 199291
[2024-10-19 16:16:45.060] [info] #9: Feasible / Total: 114079 / 199291
[2024-10-19 16:21:22.359] [info] #10: Feasible / Total: 131379 / 199291
[2024-10-19 16:22:04.707] [info] #11: Feasible / Total: 133851 / 199291
[2024-10-19 16:22:11.942] [info] #12: Feasible / Total: 133867 / 199291
[2024-10-19 16:22:18.701] [info] #12: Feasible / Total: 133867 / 199291
[2024-10-19 16:22:18.701] [info] Graph is not D-reducible.
[2024-10-19 16:22:18.919] [info] Started C-reducibility check
[2024-10-19 16:22:56.528] [info] Trying 2432479 possible contractions
[2024-10-19 16:22:56.528] [info] [0/2432479] Starting contraction of size 1
[2024-10-19 16:23:16.932] [info] All colors passed! Contracted: 51
[2024-10-19 16:23:16.932] [info] Graph is C-reducible!
