[2024-06-18 22:54:33.571] [info] Kempe type: Toroidal
[2024-06-18 22:54:33.572] [info] Vertex size: 31, Edge size: 53, Ring size: 13
[2024-06-18 22:54:34.112] [info] Started D-reducibility check
[2024-06-18 22:54:34.112] [info] #1: Feasible / Total: 9092 / 66430
[2024-06-18 22:54:57.294] [info] #2: Feasible / Total: 12258 / 66430
[2024-06-18 22:55:07.366] [info] #3: Feasible / Total: 14260 / 66430
[2024-06-18 22:55:14.697] [info] #4: Feasible / Total: 15836 / 66430
[2024-06-18 22:55:21.648] [info] #5: Feasible / Total: 17235 / 66430
[2024-06-18 22:55:29.289] [info] #6: Feasible / Total: 19540 / 66430
[2024-06-18 22:55:43.079] [info] #7: Feasible / Total: 23730 / 66430
[2024-06-18 22:56:04.194] [info] #8: Feasible / Total: 31315 / 66430
[2024-06-18 22:56:27.127] [info] #9: Feasible / Total: 42414 / 66430
[2024-06-18 22:56:32.910] [info] #10: Feasible / Total: 48240 / 66430
[2024-06-18 22:56:33.185] [info] #11: Feasible / Total: 48470 / 66430
[2024-06-18 22:56:33.332] [info] #11: Feasible / Total: 48470 / 66430
[2024-06-18 22:56:33.332] [info] Graph is not D-reducible.
[2024-06-18 22:56:33.348] [info] Started C-reducibility check
[2024-06-18 22:56:54.503] [info] Trying 8126236 possible contractions
[2024-06-18 22:56:54.503] [info] [0/8126236] Starting contraction of size 1
[2024-06-18 22:56:54.787] [info] All colors passed! Contracted: 28
[2024-06-18 22:56:54.787] [info] Graph is C-reducible!
