[2023-11-16 14:26:44.077] [info] Kempe type: Toroidal
[2023-11-16 14:26:44.077] [info] Vertex size: 31, Edge size: 53, Ring size: 13
[2023-11-16 14:26:47.573] [info] Started D-reducibility check
[2023-11-16 14:26:47.573] [info] #1: Feasible / Total: 9248 / 66430
[2023-11-16 14:28:29.884] [info] #2: Feasible / Total: 12909 / 66430
[2023-11-16 14:29:24.156] [info] #3: Feasible / Total: 15509 / 66430
[2023-11-16 14:30:12.500] [info] #4: Feasible / Total: 18156 / 66430
[2023-11-16 14:31:09.066] [info] #5: Feasible / Total: 21200 / 66430
[2023-11-16 14:32:11.198] [info] #6: Feasible / Total: 25559 / 66430
[2023-11-16 14:33:09.580] [info] #7: Feasible / Total: 30970 / 66430
[2023-11-16 14:33:46.900] [info] #8: Feasible / Total: 34998 / 66430
[2023-11-16 14:34:10.582] [info] #9: Feasible / Total: 37216 / 66430
[2023-11-16 14:34:44.205] [info] #10: Feasible / Total: 40377 / 66430
[2023-11-16 14:35:35.305] [info] #11: Feasible / Total: 47199 / 66430
[2023-11-16 14:35:58.284] [info] #12: Feasible / Total: 52725 / 66430
[2023-11-16 14:36:00.259] [info] #13: Feasible / Total: 53199 / 66430
[2023-11-16 14:36:00.951] [info] #14: Feasible / Total: 53217 / 66430
[2023-11-16 14:36:01.600] [info] #14: Feasible / Total: 53217 / 66430
[2023-11-16 14:36:01.600] [info] Graph is not D-reducible.
[2023-11-16 14:36:01.652] [info] Started C-reducibility check
[2023-11-16 14:39:05.025] [info] Trying 8094656 possible contractions
[2023-11-16 14:39:05.025] [info] [0/8094656] Starting contraction of size 1
[2023-11-16 14:39:48.783] [info] [40/8094656] Starting contraction of size 2
[2023-11-16 14:49:55.910] [info] [753/8094656] Starting contraction of size 3
[2023-11-16 15:29:04.469] [info] All colors passed! Contracted: 19, 21, 44
[2023-11-16 15:29:04.469] [info] Graph is C-reducible!
