[2024-03-21 14:59:27.363] [info] Kempe type: Toroidal
[2024-03-21 14:59:27.363] [info] Vertex size: 34, Edge size: 58, Ring size: 14
[2024-03-21 14:59:29.450] [info] Started D-reducibility check
[2024-03-21 14:59:29.450] [info] #1: Feasible / Total: 23304 / 199291
[2024-03-21 15:02:33.341] [info] #2: Feasible / Total: 34521 / 199291
[2024-03-21 15:03:57.523] [info] #3: Feasible / Total: 41998 / 199291
[2024-03-21 15:04:54.290] [info] #4: Feasible / Total: 48842 / 199291
[2024-03-21 15:05:41.026] [info] #5: Feasible / Total: 57348 / 199291
[2024-03-21 15:07:20.651] [info] #6: Feasible / Total: 71686 / 199291
[2024-03-21 15:10:12.104] [info] #7: Feasible / Total: 98734 / 199291
[2024-03-21 15:13:08.218] [info] #8: Feasible / Total: 140107 / 199291
[2024-03-21 15:14:01.711] [info] #9: Feasible / Total: 165305 / 199291
[2024-03-21 15:14:03.285] [info] #10: Feasible / Total: 166011 / 199291
[2024-03-21 15:14:03.756] [info] #10: Feasible / Total: 166011 / 199291
[2024-03-21 15:14:03.756] [info] Graph is not D-reducible.
[2024-03-21 15:14:03.781] [info] Started C-reducibility check
[2024-03-21 15:15:09.146] [info] Trying 22382236 possible contractions
[2024-03-21 15:15:09.147] [info] [0/22382236] Starting contraction of size 1
[2024-03-21 15:15:13.826] [info] All colors passed! Contracted: 28
[2024-03-21 15:15:13.834] [info] Graph is C-reducible!
