[2024-06-22 20:59:30.776] [info] Kempe type: Toroidal
[2024-06-22 20:59:30.776] [info] Vertex size: 34, Edge size: 58, Ring size: 14
[2024-06-22 20:59:32.514] [info] Started D-reducibility check
[2024-06-22 20:59:32.514] [info] #1: Feasible / Total: 25716 / 199291
[2024-06-22 21:02:19.955] [info] #2: Feasible / Total: 34149 / 199291
[2024-06-22 21:03:01.145] [info] #3: Feasible / Total: 39959 / 199291
[2024-06-22 21:03:31.282] [info] #4: Feasible / Total: 44243 / 199291
[2024-06-22 21:03:59.534] [info] #5: Feasible / Total: 47546 / 199291
[2024-06-22 21:04:29.419] [info] #6: Feasible / Total: 50742 / 199291
[2024-06-22 21:04:58.863] [info] #7: Feasible / Total: 53793 / 199291
[2024-06-22 21:05:33.806] [info] #8: Feasible / Total: 57955 / 199291
[2024-06-22 21:06:07.112] [info] #9: Feasible / Total: 63825 / 199291
[2024-06-22 21:06:40.691] [info] #10: Feasible / Total: 70954 / 199291
[2024-06-22 21:07:18.274] [info] #11: Feasible / Total: 77533 / 199291
[2024-06-22 21:07:57.162] [info] #12: Feasible / Total: 84651 / 199291
[2024-06-22 21:09:01.829] [info] #13: Feasible / Total: 97883 / 199291
[2024-06-22 21:10:27.479] [info] #14: Feasible / Total: 117803 / 199291
[2024-06-22 21:12:02.278] [info] #15: Feasible / Total: 145258 / 199291
[2024-06-22 21:13:09.378] [info] #16: Feasible / Total: 179843 / 199291
[2024-06-22 21:13:25.045] [info] #17: Feasible / Total: 198432 / 199291
[2024-06-22 21:13:25.145] [info] #18: Feasible / Total: 199291 / 199291
[2024-06-22 21:13:25.145] [info] Graph is D-reducible!
