[2023-11-16 14:26:43.980] [info] Kempe type: Toroidal
[2023-11-16 14:26:43.980] [info] Vertex size: 31, Edge size: 53, Ring size: 13
[2023-11-16 14:26:46.385] [info] Started D-reducibility check
[2023-11-16 14:26:46.385] [info] #1: Feasible / Total: 9359 / 66430
[2023-11-16 14:27:53.132] [info] #2: Feasible / Total: 12087 / 66430
[2023-11-16 14:28:16.173] [info] #3: Feasible / Total: 13715 / 66430
[2023-11-16 14:28:38.961] [info] #4: Feasible / Total: 14802 / 66430
[2023-11-16 14:28:53.692] [info] #5: Feasible / Total: 15558 / 66430
[2023-11-16 14:29:07.118] [info] #6: Feasible / Total: 16295 / 66430
[2023-11-16 14:29:21.365] [info] #7: Feasible / Total: 17128 / 66430
[2023-11-16 14:29:39.430] [info] #8: Feasible / Total: 18345 / 66430
[2023-11-16 14:30:01.556] [info] #9: Feasible / Total: 19918 / 66430
[2023-11-16 14:30:24.937] [info] #10: Feasible / Total: 21559 / 66430
[2023-11-16 14:30:49.093] [info] #11: Feasible / Total: 23168 / 66430
[2023-11-16 14:31:11.452] [info] #12: Feasible / Total: 24716 / 66430
[2023-11-16 14:31:31.604] [info] #13: Feasible / Total: 26075 / 66430
[2023-11-16 14:31:49.477] [info] #14: Feasible / Total: 27560 / 66430
[2023-11-16 14:32:11.392] [info] #15: Feasible / Total: 29367 / 66430
[2023-11-16 14:32:34.691] [info] #16: Feasible / Total: 31937 / 66430
[2023-11-16 14:32:49.256] [info] #17: Feasible / Total: 33891 / 66430
[2023-11-16 14:32:56.122] [info] #18: Feasible / Total: 34440 / 66430
[2023-11-16 14:33:01.023] [info] #19: Feasible / Total: 34836 / 66430
[2023-11-16 14:33:02.572] [info] #20: Feasible / Total: 34961 / 66430
[2023-11-16 14:33:04.116] [info] #21: Feasible / Total: 34968 / 66430
[2023-11-16 14:33:05.535] [info] #22: Feasible / Total: 34970 / 66430
[2023-11-16 14:33:07.161] [info] #23: Feasible / Total: 34971 / 66430
[2023-11-16 14:33:08.867] [info] #24: Feasible / Total: 34974 / 66430
[2023-11-16 14:33:10.526] [info] #24: Feasible / Total: 34974 / 66430
[2023-11-16 14:33:10.526] [info] Graph is not D-reducible.
[2023-11-16 14:33:10.607] [info] Started C-reducibility check
[2023-11-16 14:36:16.904] [info] Trying 8094299 possible contractions
[2023-11-16 14:36:16.904] [info] [0/8094299] Starting contraction of size 1
[2023-11-16 14:36:26.477] [info] All colors passed! Contracted: 42
[2023-11-16 14:36:26.477] [info] Graph is C-reducible!
