[2024-03-09 16:04:10.624] [info] Kempe type: Toroidal
[2024-03-09 16:04:10.624] [info] Vertex size: 43, Edge size: 72, Ring size: 15
[2024-03-09 16:04:31.001] [info] Started D-reducibility check
[2024-03-09 16:04:31.001] [info] #1: Feasible / Total: 89230 / 597871
[2024-03-09 16:37:56.991] [info] #2: Feasible / Total: 143983 / 597871
[2024-03-09 17:04:32.254] [info] #3: Feasible / Total: 207559 / 597871
[2024-03-09 17:27:16.813] [info] #4: Feasible / Total: 284312 / 597871
[2024-03-09 17:39:43.171] [info] #5: Feasible / Total: 350839 / 597871
[2024-03-09 17:42:36.106] [info] #6: Feasible / Total: 369626 / 597871
[2024-03-09 17:43:28.863] [info] #7: Feasible / Total: 372485 / 597871
[2024-03-09 17:43:43.114] [info] #8: Feasible / Total: 372808 / 597871
[2024-03-09 17:43:54.210] [info] #9: Feasible / Total: 373070 / 597871
[2024-03-09 17:44:09.447] [info] #10: Feasible / Total: 373441 / 597871
[2024-03-09 17:44:22.699] [info] #11: Feasible / Total: 373768 / 597871
[2024-03-09 17:44:30.875] [info] #12: Feasible / Total: 373820 / 597871
[2024-03-09 17:44:37.966] [info] #13: Feasible / Total: 373821 / 597871
[2024-03-09 17:44:44.770] [info] #13: Feasible / Total: 373821 / 597871
[2024-03-09 17:44:44.782] [info] Graph is not D-reducible.
[2024-03-09 17:44:44.935] [info] Started C-reducibility check
[2024-03-09 18:00:55.779] [info] Trying 311509455 possible contractions
[2024-03-09 18:00:55.779] [info] [0/311509455] Starting contraction of size 1
[2024-03-09 18:16:15.217] [info] [57/311509455] Starting contraction of size 2
[2024-03-09 23:23:48.529] [info] [1554/311509455] Starting contraction of size 3
[2024-03-11 15:05:22.228] [info] [25627/311509455] Starting contraction of size 4
[2024-03-17 08:03:45.874] [info] All colors passed! Contracted: 39, 42, 44, 63
[2024-03-17 08:03:45.875] [info] Graph is C-reducible!
