[2024-06-18 15:33:36.205] [info] Kempe type: Toroidal
[2024-06-18 15:33:36.206] [info] Vertex size: 37, Edge size: 63, Ring size: 15
[2024-06-18 15:33:40.165] [info] Started D-reducibility check
[2024-06-18 15:33:40.165] [info] #1: Feasible / Total: 62689 / 597871
[2024-06-18 15:47:07.717] [info] #2: Feasible / Total: 92743 / 597871
[2024-06-18 15:54:26.215] [info] #3: Feasible / Total: 114345 / 597871
[2024-06-18 16:01:38.896] [info] #4: Feasible / Total: 134599 / 597871
[2024-06-18 16:09:09.624] [info] #5: Feasible / Total: 154341 / 597871
[2024-06-18 16:16:54.293] [info] #6: Feasible / Total: 176267 / 597871
[2024-06-18 16:25:15.368] [info] #7: Feasible / Total: 206219 / 597871
[2024-06-18 16:36:02.635] [info] #8: Feasible / Total: 250427 / 597871
[2024-06-18 16:49:58.015] [info] #9: Feasible / Total: 318245 / 597871
[2024-06-18 16:58:45.286] [info] #10: Feasible / Total: 402522 / 597871
[2024-06-18 17:00:22.303] [info] #11: Feasible / Total: 442753 / 597871
[2024-06-18 17:00:25.736] [info] #12: Feasible / Total: 443659 / 597871
[2024-06-18 17:00:28.244] [info] #12: Feasible / Total: 443659 / 597871
[2024-06-18 17:00:28.244] [info] Graph is not D-reducible.
[2024-06-18 17:00:28.331] [info] Started C-reducibility check
[2024-06-18 17:03:01.950] [info] Trying 55655620 possible contractions
[2024-06-18 17:03:01.951] [info] [0/55655620] Starting contraction of size 1
[2024-06-18 17:03:06.031] [info] All colors passed! Contracted: 31
[2024-06-18 17:03:06.031] [info] Graph is C-reducible!
