[2023-11-17 00:34:27.579] [info] Kempe type: Toroidal
[2023-11-17 00:34:27.579] [info] Vertex size: 31, Edge size: 53, Ring size: 13
[2023-11-17 00:34:38.192] [info] Started D-reducibility check
[2023-11-17 00:34:38.287] [info] #1: Feasible / Total: 9275 / 66430
[2023-11-17 00:41:43.416] [info] #2: Feasible / Total: 12956 / 66430
[2023-11-17 00:44:44.988] [info] #3: Feasible / Total: 14798 / 66430
[2023-11-17 00:48:11.942] [info] #4: Feasible / Total: 16807 / 66430
[2023-11-17 00:51:02.987] [info] #5: Feasible / Total: 18810 / 66430
[2023-11-17 00:53:17.146] [info] #6: Feasible / Total: 21054 / 66430
[2023-11-17 00:55:46.718] [info] #7: Feasible / Total: 23928 / 66430
[2023-11-17 00:58:10.495] [info] #8: Feasible / Total: 27234 / 66430
[2023-11-17 01:01:04.282] [info] #9: Feasible / Total: 30705 / 66430
[2023-11-17 01:03:16.829] [info] #10: Feasible / Total: 33478 / 66430
[2023-11-17 01:05:36.697] [info] #11: Feasible / Total: 36867 / 66430
[2023-11-17 01:08:12.668] [info] #12: Feasible / Total: 43227 / 66430
[2023-11-17 01:10:23.273] [info] #13: Feasible / Total: 50064 / 66430
[2023-11-17 01:11:00.468] [info] #14: Feasible / Total: 52667 / 66430
[2023-11-17 01:11:04.003] [info] #15: Feasible / Total: 52678 / 66430
[2023-11-17 01:11:06.922] [info] #15: Feasible / Total: 52678 / 66430
[2023-11-17 01:11:06.930] [info] Graph is not D-reducible.
[2023-11-17 01:11:07.211] [info] Started C-reducibility check
[2023-11-17 01:25:29.511] [info] Trying 8160767 possible contractions
[2023-11-17 01:25:29.518] [info] [0/8160767] Starting contraction of size 1
[2023-11-17 01:25:32.817] [info] All colors passed! Contracted: 19
[2023-11-17 01:25:32.817] [info] Graph is C-reducible!
