[2024-10-19 13:09:55.057] [info] Kempe type: Toroidal
[2024-10-19 13:09:55.057] [info] Vertex size: 34, Edge size: 58, Ring size: 14
[2024-10-19 13:10:09.501] [info] Started D-reducibility check
[2024-10-19 13:10:09.501] [info] #1: Feasible / Total: 22369 / 199291
[2024-10-19 13:24:11.039] [info] #2: Feasible / Total: 31151 / 199291
[2024-10-19 13:28:30.846] [info] #3: Feasible / Total: 37325 / 199291
[2024-10-19 13:32:08.750] [info] #4: Feasible / Total: 42325 / 199291
[2024-10-19 13:35:51.034] [info] #5: Feasible / Total: 46774 / 199291
[2024-10-19 13:38:56.141] [info] #6: Feasible / Total: 50846 / 199291
[2024-10-19 13:41:48.277] [info] #7: Feasible / Total: 55312 / 199291
[2024-10-19 13:45:01.520] [info] #8: Feasible / Total: 60509 / 199291
[2024-10-19 13:49:12.791] [info] #9: Feasible / Total: 68032 / 199291
[2024-10-19 13:54:16.771] [info] #10: Feasible / Total: 79366 / 199291
[2024-10-19 14:00:21.642] [info] #11: Feasible / Total: 95349 / 199291
[2024-10-19 14:06:32.771] [info] #12: Feasible / Total: 114703 / 199291
[2024-10-19 14:10:16.427] [info] #13: Feasible / Total: 137183 / 199291
[2024-10-19 14:10:51.701] [info] #14: Feasible / Total: 145003 / 199291
[2024-10-19 14:10:55.487] [info] #15: Feasible / Total: 145057 / 199291
[2024-10-19 14:10:58.110] [info] #15: Feasible / Total: 145057 / 199291
[2024-10-19 14:10:58.110] [info] Graph is not D-reducible.
[2024-10-19 14:10:58.200] [info] Started C-reducibility check
[2024-10-19 14:11:19.439] [info] Trying 2436234 possible contractions
[2024-10-19 14:11:19.464] [info] [0/2436234] Starting contraction of size 1
[2024-10-19 14:14:10.237] [info] [44/2436234] Starting contraction of size 2
[2024-10-19 15:10:33.925] [info] [916/2436234] Starting contraction of size 3
[2024-10-19 19:57:40.496] [info] All colors passed! Contracted: 24, 35, 48
[2024-10-19 19:57:40.497] [info] Graph is C-reducible!
