[2024-07-13 22:47:10.804] [info] Kempe type: Toroidal
[2024-07-13 22:47:10.804] [info] Vertex size: 37, Edge size: 63, Ring size: 15
[2024-07-13 22:47:15.372] [info] Started D-reducibility check
[2024-07-13 22:47:15.372] [info] #1: Feasible / Total: 63097 / 597871
[2024-07-13 22:57:20.200] [info] #2: Feasible / Total: 86979 / 597871
[2024-07-13 23:01:53.209] [info] #3: Feasible / Total: 102027 / 597871
[2024-07-13 23:04:51.130] [info] #4: Feasible / Total: 112673 / 597871
[2024-07-13 23:07:47.756] [info] #5: Feasible / Total: 123106 / 597871
[2024-07-13 23:11:02.902] [info] #6: Feasible / Total: 134738 / 597871
[2024-07-13 23:15:16.519] [info] #7: Feasible / Total: 149727 / 597871
[2024-07-13 23:20:57.468] [info] #8: Feasible / Total: 170991 / 597871
[2024-07-13 23:28:14.480] [info] #9: Feasible / Total: 203514 / 597871
[2024-07-13 23:37:46.177] [info] #10: Feasible / Total: 254253 / 597871
[2024-07-13 23:48:15.052] [info] #11: Feasible / Total: 328124 / 597871
[2024-07-13 23:55:24.556] [info] #12: Feasible / Total: 401236 / 597871
[2024-07-13 23:58:20.690] [info] #13: Feasible / Total: 437092 / 597871
[2024-07-13 23:58:49.208] [info] #14: Feasible / Total: 443880 / 597871
[2024-07-13 23:58:52.386] [info] #15: Feasible / Total: 443885 / 597871
[2024-07-13 23:58:55.211] [info] #15: Feasible / Total: 443885 / 597871
[2024-07-13 23:58:55.211] [info] Graph is not D-reducible.
[2024-07-13 23:58:55.290] [info] Started C-reducibility check
[2024-07-14 00:00:44.156] [info] Trying 55331201 possible contractions
[2024-07-14 00:00:44.156] [info] [0/55331201] Starting contraction of size 1
[2024-07-14 00:00:46.036] [info] All colors passed! Contracted: 29
[2024-07-14 00:00:46.036] [info] Graph is C-reducible!
