[2023-11-17 00:34:26.535] [info] Kempe type: Toroidal
[2023-11-17 00:34:28.351] [info] Vertex size: 33, Edge size: 56, Ring size: 13
[2023-11-17 00:34:37.923] [info] Started D-reducibility check
[2023-11-17 00:34:39.078] [info] #1: Feasible / Total: 10847 / 66430
[2023-11-17 00:43:06.566] [info] #2: Feasible / Total: 18774 / 66430
[2023-11-17 00:48:49.241] [info] #3: Feasible / Total: 25266 / 66430
[2023-11-17 00:54:11.466] [info] #4: Feasible / Total: 32287 / 66430
[2023-11-17 00:57:15.810] [info] #5: Feasible / Total: 39896 / 66430
[2023-11-17 00:57:43.791] [info] #6: Feasible / Total: 41043 / 66430
[2023-11-17 00:57:53.186] [info] #7: Feasible / Total: 41052 / 66430
[2023-11-17 00:58:01.495] [info] #7: Feasible / Total: 41052 / 66430
[2023-11-17 00:58:01.495] [info] Graph is not D-reducible.
[2023-11-17 00:58:01.729] [info] Started C-reducibility check
[2023-11-17 01:42:31.066] [info] Trying 17115630 possible contractions
[2023-11-17 01:42:31.074] [info] [0/17115630] Starting contraction of size 1
[2023-11-17 01:46:39.671] [info] [43/17115630] Starting contraction of size 2
[2023-11-17 02:50:23.163] [info] [873/17115630] Starting contraction of size 3
[2023-11-17 10:20:37.775] [info] [10406/17115630] Starting contraction of size 4
[2023-11-18 00:22:12.018] [info] All colors passed! Contracted: 16, 29, 33, 48
[2023-11-18 00:22:12.026] [info] Graph is C-reducible!
