[2023-11-16 13:18:54.436] [info] Kempe type: Toroidal
[2023-11-16 13:18:54.436] [info] Vertex size: 30, Edge size: 51, Ring size: 12
[2023-11-16 13:18:55.210] [info] Started D-reducibility check
[2023-11-16 13:18:55.210] [info] #1: Feasible / Total: 4736 / 22144
[2023-11-16 13:19:09.523] [info] #2: Feasible / Total: 6329 / 22144
[2023-11-16 13:19:12.961] [info] #3: Feasible / Total: 7241 / 22144
[2023-11-16 13:19:15.219] [info] #4: Feasible / Total: 7722 / 22144
[2023-11-16 13:19:16.678] [info] #5: Feasible / Total: 8023 / 22144
[2023-11-16 13:19:17.586] [info] #6: Feasible / Total: 8250 / 22144
[2023-11-16 13:19:18.617] [info] #7: Feasible / Total: 8501 / 22144
[2023-11-16 13:19:19.961] [info] #8: Feasible / Total: 8998 / 22144
[2023-11-16 13:19:21.831] [info] #9: Feasible / Total: 9807 / 22144
[2023-11-16 13:19:23.693] [info] #10: Feasible / Total: 10881 / 22144
[2023-11-16 13:19:24.574] [info] #11: Feasible / Total: 11430 / 22144
[2023-11-16 13:19:24.868] [info] #12: Feasible / Total: 11495 / 22144
[2023-11-16 13:19:25.080] [info] #13: Feasible / Total: 11497 / 22144
[2023-11-16 13:19:25.318] [info] #13: Feasible / Total: 11497 / 22144
[2023-11-16 13:19:25.318] [info] Graph is not D-reducible.
[2023-11-16 13:19:25.321] [info] Started C-reducibility check
[2023-11-16 13:21:40.996] [info] Trying 6046691 possible contractions
[2023-11-16 13:21:40.996] [info] [0/6046691] Starting contraction of size 1
[2023-11-16 13:22:01.600] [info] [39/6046691] Starting contraction of size 2
[2023-11-16 13:26:49.845] [info] [714/6046691] Starting contraction of size 3
[2023-11-16 13:58:11.384] [info] [7578/6046691] Starting contraction of size 4
[2023-11-16 15:53:10.924] [info] All colors passed! Contracted: 12, 16, 30, 32
[2023-11-16 15:53:10.924] [info] Graph is C-reducible!
