[2024-10-19 13:09:42.361] [info] Kempe type: Toroidal
[2024-10-19 13:09:42.361] [info] Vertex size: 30, Edge size: 51, Ring size: 12
[2024-10-19 13:09:42.828] [info] Started D-reducibility check
[2024-10-19 13:09:42.829] [info] #1: Feasible / Total: 4213 / 22144
[2024-10-19 13:10:01.094] [info] #2: Feasible / Total: 5956 / 22144
[2024-10-19 13:10:06.421] [info] #3: Feasible / Total: 7158 / 22144
[2024-10-19 13:10:12.184] [info] #4: Feasible / Total: 8945 / 22144
[2024-10-19 13:10:19.349] [info] #5: Feasible / Total: 11982 / 22144
[2024-10-19 13:10:25.591] [info] #6: Feasible / Total: 14715 / 22144
[2024-10-19 13:10:27.241] [info] #7: Feasible / Total: 15334 / 22144
[2024-10-19 13:10:27.776] [info] #8: Feasible / Total: 15448 / 22144
[2024-10-19 13:10:28.082] [info] #9: Feasible / Total: 15454 / 22144
[2024-10-19 13:10:28.334] [info] #9: Feasible / Total: 15454 / 22144
[2024-10-19 13:10:28.334] [info] Graph is not D-reducible.
[2024-10-19 13:10:28.350] [info] Started C-reducibility check
[2024-10-19 13:10:39.004] [info] Trying 977323 possible contractions
[2024-10-19 13:10:39.004] [info] [0/977323] Starting contraction of size 1
[2024-10-19 13:10:50.138] [info] [39/977323] Starting contraction of size 2
[2024-10-19 13:10:53.935] [info] All colors passed! Contracted: 13, 46
[2024-10-19 13:10:53.935] [info] Graph is C-reducible!
