[2023-11-17 14:12:08.758] [info] Kempe type: Toroidal
[2023-11-17 14:12:08.786] [info] Vertex size: 30, Edge size: 51, Ring size: 12
[2023-11-17 14:12:10.326] [info] Started D-reducibility check
[2023-11-17 14:12:10.326] [info] #1: Feasible / Total: 4298 / 22144
[2023-11-17 14:12:41.463] [info] #2: Feasible / Total: 5789 / 22144
[2023-11-17 14:12:54.646] [info] #3: Feasible / Total: 7251 / 22144
[2023-11-17 14:13:02.890] [info] #4: Feasible / Total: 8513 / 22144
[2023-11-17 14:13:12.280] [info] #5: Feasible / Total: 10198 / 22144
[2023-11-17 14:13:17.217] [info] #6: Feasible / Total: 11817 / 22144
[2023-11-17 14:13:18.391] [info] #7: Feasible / Total: 12038 / 22144
[2023-11-17 14:13:19.046] [info] #8: Feasible / Total: 12049 / 22144
[2023-11-17 14:13:19.538] [info] #9: Feasible / Total: 12051 / 22144
[2023-11-17 14:13:20.022] [info] #10: Feasible / Total: 12052 / 22144
[2023-11-17 14:13:20.510] [info] #10: Feasible / Total: 12052 / 22144
[2023-11-17 14:13:20.514] [info] Graph is not D-reducible.
[2023-11-17 14:13:20.528] [info] Started C-reducibility check
[2023-11-17 14:17:57.858] [info] Trying 6044701 possible contractions
[2023-11-17 14:17:57.914] [info] [0/6044701] Starting contraction of size 1
[2023-11-17 14:18:40.773] [info] [39/6044701] Starting contraction of size 2
[2023-11-17 14:29:11.329] [info] [714/6044701] Starting contraction of size 3
[2023-11-17 14:51:12.116] [info] All colors passed! Contracted: 13, 17, 34
[2023-11-17 14:51:12.142] [info] Graph is C-reducible!
