[2024-04-17 11:32:48.288] [info] Kempe type: Toroidal
[2024-04-17 11:32:48.288] [info] Vertex size: 40, Edge size: 68, Ring size: 16
[2024-04-17 11:33:00.238] [info] Started D-reducibility check
[2024-04-17 11:33:00.238] [info] #1: Feasible / Total: 152863 / 1793614
[2024-04-17 12:40:16.127] [info] #2: Feasible / Total: 193563 / 1793614
[2024-04-17 13:03:56.147] [info] #3: Feasible / Total: 219791 / 1793614
[2024-04-17 13:22:31.361] [info] #4: Feasible / Total: 242408 / 1793614
[2024-04-17 13:38:00.124] [info] #5: Feasible / Total: 259806 / 1793614
[2024-04-17 13:51:25.551] [info] #6: Feasible / Total: 275384 / 1793614
[2024-04-17 14:03:37.694] [info] #7: Feasible / Total: 290281 / 1793614
[2024-04-17 14:16:38.917] [info] #8: Feasible / Total: 306021 / 1793614
[2024-04-17 14:31:34.386] [info] #9: Feasible / Total: 323314 / 1793614
[2024-04-17 14:46:32.261] [info] #10: Feasible / Total: 342283 / 1793614
[2024-04-17 15:02:02.235] [info] #11: Feasible / Total: 363960 / 1793614
[2024-04-17 15:20:21.155] [info] #12: Feasible / Total: 389406 / 1793614
[2024-04-17 15:41:57.405] [info] #13: Feasible / Total: 420602 / 1793614
[2024-04-17 16:06:55.585] [info] #14: Feasible / Total: 459549 / 1793614
[2024-04-17 16:34:58.235] [info] #15: Feasible / Total: 508680 / 1793614
[2024-04-17 17:10:00.423] [info] #16: Feasible / Total: 570967 / 1793614
[2024-04-17 17:53:17.014] [info] #17: Feasible / Total: 652460 / 1793614
[2024-04-17 18:46:25.613] [info] #18: Feasible / Total: 761511 / 1793614
[2024-04-17 19:40:41.353] [info] #19: Feasible / Total: 902918 / 1793614
[2024-04-17 20:30:15.289] [info] #20: Feasible / Total: 1047266 / 1793614
[2024-04-17 20:51:46.539] [info] #21: Feasible / Total: 1121528 / 1793614
[2024-04-17 20:53:55.436] [info] #22: Feasible / Total: 1127828 / 1793614
[2024-04-17 20:54:14.747] [info] #23: Feasible / Total: 1127839 / 1793614
[2024-04-17 20:54:33.623] [info] #23: Feasible / Total: 1127839 / 1793614
[2024-04-17 20:54:33.623] [info] Graph is not D-reducible.
[2024-04-17 20:54:34.070] [info] Started C-reducibility check
[2024-04-17 20:57:12.718] [info] Trying 127302326 possible contractions
[2024-04-17 20:57:12.718] [info] [0/127302326] Starting contraction of size 1
[2024-04-17 20:57:32.058] [info] All colors passed! Contracted: 38
[2024-04-17 20:57:32.058] [info] Graph is C-reducible!
