[2023-11-28 12:53:24.941] [info] Kempe type: Toroidal
[2023-11-28 12:53:24.950] [info] Vertex size: 33, Edge size: 56, Ring size: 13
[2023-11-28 12:53:25.746] [info] Started D-reducibility check
[2023-11-28 12:53:25.746] [info] #1: Feasible / Total: 10697 / 66430
[2023-11-28 12:54:11.681] [info] #2: Feasible / Total: 12229 / 66430
[2023-11-28 12:54:24.956] [info] #3: Feasible / Total: 12893 / 66430
[2023-11-28 12:54:33.517] [info] #4: Feasible / Total: 13388 / 66430
[2023-11-28 12:54:41.036] [info] #5: Feasible / Total: 13838 / 66430
[2023-11-28 12:54:47.858] [info] #6: Feasible / Total: 14298 / 66430
[2023-11-28 12:54:55.169] [info] #7: Feasible / Total: 14807 / 66430
[2023-11-28 12:55:02.725] [info] #8: Feasible / Total: 15569 / 66430
[2023-11-28 12:55:14.489] [info] #9: Feasible / Total: 16717 / 66430
[2023-11-28 12:55:30.174] [info] #10: Feasible / Total: 18554 / 66430
[2023-11-28 12:55:56.399] [info] #11: Feasible / Total: 21579 / 66430
[2023-11-28 12:56:34.025] [info] #12: Feasible / Total: 26431 / 66430
[2023-11-28 12:57:04.102] [info] #13: Feasible / Total: 31578 / 66430
[2023-11-28 12:57:24.208] [info] #14: Feasible / Total: 35185 / 66430
[2023-11-28 12:57:40.978] [info] #15: Feasible / Total: 38088 / 66430
[2023-11-28 12:57:54.372] [info] #16: Feasible / Total: 40234 / 66430
[2023-11-28 12:58:04.039] [info] #17: Feasible / Total: 41660 / 66430
[2023-11-28 12:58:09.093] [info] #18: Feasible / Total: 42351 / 66430
[2023-11-28 12:58:11.300] [info] #19: Feasible / Total: 42484 / 66430
[2023-11-28 12:58:12.278] [info] #20: Feasible / Total: 42497 / 66430
[2023-11-28 12:58:12.942] [info] #20: Feasible / Total: 42497 / 66430
[2023-11-28 12:58:12.978] [info] Graph is not D-reducible.
[2023-11-28 12:58:13.002] [info] Started C-reducibility check
[2023-11-28 13:04:50.605] [info] Trying 17047758 possible contractions
[2023-11-28 13:04:50.614] [info] [0/17047758] Starting contraction of size 1
[2023-11-28 13:05:19.594] [info] [43/17047758] Starting contraction of size 2
[2023-11-28 13:10:39.646] [info] All colors passed! Contracted: 29, 50
[2023-11-28 13:10:39.647] [info] Graph is C-reducible!
