[2024-10-19 14:57:13.578] [info] Kempe type: Toroidal
[2024-10-19 14:57:13.578] [info] Vertex size: 33, Edge size: 56, Ring size: 13
[2024-10-19 14:57:16.209] [info] Started D-reducibility check
[2024-10-19 14:57:16.209] [info] #1: Feasible / Total: 11086 / 66430
[2024-10-19 15:01:13.583] [info] #2: Feasible / Total: 16753 / 66430
[2024-10-19 15:03:54.902] [info] #3: Feasible / Total: 23651 / 66430
[2024-10-19 15:07:48.165] [info] #4: Feasible / Total: 34781 / 66430
[2024-10-19 15:11:03.444] [info] #5: Feasible / Total: 49857 / 66430
[2024-10-19 15:11:54.081] [info] #6: Feasible / Total: 57820 / 66430
[2024-10-19 15:12:00.015] [info] #7: Feasible / Total: 58815 / 66430
[2024-10-19 15:12:00.878] [info] #8: Feasible / Total: 58822 / 66430
[2024-10-19 15:12:01.644] [info] #8: Feasible / Total: 58822 / 66430
[2024-10-19 15:12:01.644] [info] Graph is not D-reducible.
[2024-10-19 15:12:01.696] [info] Started C-reducibility check
[2024-10-19 15:12:45.687] [info] Trying 2025995 possible contractions
[2024-10-19 15:12:45.687] [info] [0/2025995] Starting contraction of size 1
[2024-10-19 15:14:17.283] [info] [43/2025995] Starting contraction of size 2
[2024-10-19 15:37:59.896] [info] [873/2025995] Starting contraction of size 3
[2024-10-19 15:52:47.369] [info] All colors passed! Contracted: 30, 40, 50
[2024-10-19 15:52:47.369] [info] Graph is C-reducible!
