[2024-06-12 11:26:32.268] [info] Kempe type: Toroidal
[2024-06-12 11:26:32.268] [info] Vertex size: 37, Edge size: 63, Ring size: 15
[2024-06-12 11:26:34.223] [info] Started D-reducibility check
[2024-06-12 11:26:34.224] [info] #1: Feasible / Total: 58829 / 597871
[2024-06-12 11:33:55.718] [info] #2: Feasible / Total: 87170 / 597871
[2024-06-12 11:37:36.407] [info] #3: Feasible / Total: 104998 / 597871
[2024-06-12 11:40:48.703] [info] #4: Feasible / Total: 118568 / 597871
[2024-06-12 11:42:42.667] [info] #5: Feasible / Total: 128532 / 597871
[2024-06-12 11:44:18.721] [info] #6: Feasible / Total: 136718 / 597871
[2024-06-12 11:45:50.362] [info] #7: Feasible / Total: 144183 / 597871
[2024-06-12 11:47:28.668] [info] #8: Feasible / Total: 152052 / 597871
[2024-06-12 11:49:24.709] [info] #9: Feasible / Total: 160544 / 597871
[2024-06-12 11:51:32.584] [info] #10: Feasible / Total: 170076 / 597871
[2024-06-12 11:53:56.740] [info] #11: Feasible / Total: 181125 / 597871
[2024-06-12 11:56:35.913] [info] #12: Feasible / Total: 193695 / 597871
[2024-06-12 11:59:58.415] [info] #13: Feasible / Total: 210686 / 597871
[2024-06-12 12:04:49.573] [info] #14: Feasible / Total: 235467 / 597871
[2024-06-12 12:10:01.118] [info] #15: Feasible / Total: 268425 / 597871
[2024-06-12 12:14:03.863] [info] #16: Feasible / Total: 299776 / 597871
[2024-06-12 12:16:40.053] [info] #17: Feasible / Total: 318448 / 597871
[2024-06-12 12:18:44.731] [info] #18: Feasible / Total: 330817 / 597871
[2024-06-12 12:21:06.488] [info] #19: Feasible / Total: 344506 / 597871
[2024-06-12 12:24:58.036] [info] #20: Feasible / Total: 371346 / 597871
[2024-06-12 12:30:08.502] [info] #21: Feasible / Total: 430102 / 597871
[2024-06-12 12:31:22.726] [info] #22: Feasible / Total: 455168 / 597871
[2024-06-12 12:31:26.401] [info] #23: Feasible / Total: 455404 / 597871
[2024-06-12 12:31:28.496] [info] #23: Feasible / Total: 455404 / 597871
[2024-06-12 12:31:28.496] [info] Graph is not D-reducible.
[2024-06-12 12:31:28.670] [info] Started C-reducibility check
[2024-06-12 12:33:41.879] [info] Trying 55499031 possible contractions
[2024-06-12 12:33:41.879] [info] [0/55499031] Starting contraction of size 1
[2024-06-12 12:33:43.400] [info] All colors passed! Contracted: 34
[2024-06-12 12:33:43.400] [info] Graph is C-reducible!
