[2023-11-19 22:11:34.215] [info] Kempe type: Toroidal
[2023-11-19 22:11:34.222] [info] Vertex size: 31, Edge size: 53, Ring size: 13
[2023-11-19 22:11:35.587] [info] Started D-reducibility check
[2023-11-19 22:11:35.587] [info] #1: Feasible / Total: 9867 / 66430
[2023-11-19 22:13:13.586] [info] #2: Feasible / Total: 12642 / 66430
[2023-11-19 22:13:48.444] [info] #3: Feasible / Total: 14502 / 66430
[2023-11-19 22:14:11.820] [info] #4: Feasible / Total: 15950 / 66430
[2023-11-19 22:14:40.249] [info] #5: Feasible / Total: 17803 / 66430
[2023-11-19 22:15:08.176] [info] #6: Feasible / Total: 20039 / 66430
[2023-11-19 22:15:28.223] [info] #7: Feasible / Total: 21729 / 66430
[2023-11-19 22:15:37.265] [info] #8: Feasible / Total: 22451 / 66430
[2023-11-19 22:15:45.612] [info] #9: Feasible / Total: 22882 / 66430
[2023-11-19 22:15:54.179] [info] #10: Feasible / Total: 23368 / 66430
[2023-11-19 22:16:05.943] [info] #11: Feasible / Total: 24028 / 66430
[2023-11-19 22:16:21.133] [info] #12: Feasible / Total: 25087 / 66430
[2023-11-19 22:16:39.606] [info] #13: Feasible / Total: 26672 / 66430
[2023-11-19 22:16:59.862] [info] #14: Feasible / Total: 28870 / 66430
[2023-11-19 22:17:16.779] [info] #15: Feasible / Total: 31036 / 66430
[2023-11-19 22:17:23.778] [info] #16: Feasible / Total: 32007 / 66430
[2023-11-19 22:17:26.575] [info] #17: Feasible / Total: 32206 / 66430
[2023-11-19 22:17:28.396] [info] #18: Feasible / Total: 32208 / 66430
[2023-11-19 22:17:30.168] [info] #18: Feasible / Total: 32208 / 66430
[2023-11-19 22:17:30.169] [info] Graph is not D-reducible.
[2023-11-19 22:17:30.224] [info] Started C-reducibility check
[2023-11-19 22:20:42.487] [info] Trying 8126092 possible contractions
[2023-11-19 22:20:42.494] [info] [0/8126092] Starting contraction of size 1
[2023-11-19 22:20:45.425] [info] All colors passed! Contracted: 38
[2023-11-19 22:20:45.430] [info] Graph is C-reducible!
