[2024-04-03 15:02:14.108] [info] Kempe type: Toroidal
[2024-04-03 15:02:14.108] [info] Vertex size: 39, Edge size: 66, Ring size: 15
[2024-04-03 15:02:18.331] [info] Started D-reducibility check
[2024-04-03 15:02:18.331] [info] #1: Feasible / Total: 74876 / 597871
[2024-04-03 15:13:13.235] [info] #2: Feasible / Total: 98067 / 597871
[2024-04-03 15:19:01.151] [info] #3: Feasible / Total: 119148 / 597871
[2024-04-03 15:26:06.062] [info] #4: Feasible / Total: 150502 / 597871
[2024-04-03 15:35:22.546] [info] #5: Feasible / Total: 203177 / 597871
[2024-04-03 15:48:12.021] [info] #6: Feasible / Total: 286630 / 597871
[2024-04-03 16:01:13.786] [info] #7: Feasible / Total: 408205 / 597871
[2024-04-03 16:05:10.046] [info] #8: Feasible / Total: 485224 / 597871
[2024-04-03 16:05:16.813] [info] #9: Feasible / Total: 487635 / 597871
[2024-04-03 16:05:18.337] [info] #9: Feasible / Total: 487635 / 597871
[2024-04-03 16:05:18.338] [info] Graph is not D-reducible.
[2024-04-03 16:05:18.422] [info] Started C-reducibility check
[2024-04-03 16:07:31.704] [info] Trying 102280062 possible contractions
[2024-04-03 16:07:31.704] [info] [0/102280062] Starting contraction of size 1
[2024-04-03 16:09:07.036] [info] [51/102280062] Starting contraction of size 2
[2024-04-03 16:40:32.533] [info] [1239/102280062] Starting contraction of size 3
[2024-04-03 17:07:04.405] [info] All colors passed! Contracted: 25, 29, 51
[2024-04-03 17:07:04.405] [info] Graph is C-reducible!
