[2023-12-05 15:28:53.134] [info] Kempe type: Toroidal
[2023-12-05 15:28:53.134] [info] Vertex size: 35, Edge size: 60, Ring size: 15
[2023-12-05 15:29:22.496] [info] Started D-reducibility check
[2023-12-05 15:29:22.496] [info] #1: Feasible / Total: 52445 / 597871
[2023-12-05 18:49:56.900] [info] #2: Feasible / Total: 96226 / 597871
[2023-12-05 21:00:45.599] [info] #3: Feasible / Total: 120379 / 597871
[2023-12-05 22:48:29.380] [info] #4: Feasible / Total: 143977 / 597871
[2023-12-06 00:38:31.455] [info] #5: Feasible / Total: 170853 / 597871
[2023-12-06 02:29:59.373] [info] #6: Feasible / Total: 203739 / 597871
[2023-12-06 04:43:57.346] [info] #7: Feasible / Total: 250931 / 597871
[2023-12-06 07:20:25.228] [info] #8: Feasible / Total: 321815 / 597871
[2023-12-06 09:08:01.758] [info] #9: Feasible / Total: 407129 / 597871
[2023-12-06 09:26:49.006] [info] #10: Feasible / Total: 443603 / 597871
[2023-12-06 09:27:47.246] [info] #11: Feasible / Total: 443659 / 597871
[2023-12-06 09:28:41.794] [info] #11: Feasible / Total: 443659 / 597871
[2023-12-06 09:28:41.794] [info] Graph is not D-reducible.
[2023-12-06 09:28:43.475] [info] Started C-reducibility check
[2023-12-06 10:33:02.165] [info] Trying 103264 possible contractions
[2023-12-06 10:33:02.165] [info] [0/103264] Starting contraction of size 1
[2023-12-06 10:33:41.482] [info] All colors passed! Contracted: 17
[2023-12-06 10:33:41.482] [info] Graph is C-reducible!
