[2024-10-19 13:09:44.473] [info] Kempe type: Toroidal
[2024-10-19 13:09:44.473] [info] Vertex size: 38, Edge size: 64, Ring size: 14
[2024-10-19 13:10:07.938] [info] Started D-reducibility check
[2024-10-19 13:10:07.938] [info] #1: Feasible / Total: 29820 / 199291
[2024-10-19 13:25:02.142] [info] #2: Feasible / Total: 46099 / 199291
[2024-10-19 13:32:07.738] [info] #3: Feasible / Total: 56796 / 199291
[2024-10-19 13:39:34.358] [info] #4: Feasible / Total: 68934 / 199291
[2024-10-19 13:46:31.463] [info] #5: Feasible / Total: 85793 / 199291
[2024-10-19 13:52:36.231] [info] #6: Feasible / Total: 101918 / 199291
[2024-10-19 13:57:38.939] [info] #7: Feasible / Total: 116016 / 199291
[2024-10-19 14:03:36.398] [info] #8: Feasible / Total: 140437 / 199291
[2024-10-19 14:04:53.367] [info] #9: Feasible / Total: 147343 / 199291
[2024-10-19 14:04:59.275] [info] #10: Feasible / Total: 147367 / 199291
[2024-10-19 14:05:02.875] [info] #10: Feasible / Total: 147367 / 199291
[2024-10-19 14:05:02.875] [info] Graph is not D-reducible.
[2024-10-19 14:05:03.039] [info] Started C-reducibility check
[2024-10-19 14:06:08.197] [info] Trying 6074264 possible contractions
[2024-10-19 14:06:08.197] [info] [0/6074264] Starting contraction of size 1
[2024-10-19 14:06:16.675] [info] All colors passed! Contracted: 30
[2024-10-19 14:06:16.675] [info] Graph is C-reducible!
