[2024-06-12 12:31:00.694] [info] Kempe type: Toroidal
[2024-06-12 12:31:00.694] [info] Vertex size: 32, Edge size: 55, Ring size: 14
[2024-06-12 12:31:02.958] [info] Started D-reducibility check
[2024-06-12 12:31:02.958] [info] #1: Feasible / Total: 21592 / 199291
[2024-06-12 12:32:45.243] [info] #2: Feasible / Total: 30780 / 199291
[2024-06-12 12:33:14.941] [info] #3: Feasible / Total: 34142 / 199291
[2024-06-12 12:33:34.334] [info] #4: Feasible / Total: 36626 / 199291
[2024-06-12 12:33:53.092] [info] #5: Feasible / Total: 38892 / 199291
[2024-06-12 12:34:06.280] [info] #6: Feasible / Total: 40907 / 199291
[2024-06-12 12:34:22.896] [info] #7: Feasible / Total: 42977 / 199291
[2024-06-12 12:34:41.384] [info] #8: Feasible / Total: 45460 / 199291
[2024-06-12 12:35:01.483] [info] #9: Feasible / Total: 48515 / 199291
[2024-06-12 12:35:27.206] [info] #10: Feasible / Total: 52926 / 199291
[2024-06-12 12:36:09.760] [info] #11: Feasible / Total: 59656 / 199291
[2024-06-12 12:37:06.337] [info] #12: Feasible / Total: 70832 / 199291
[2024-06-12 12:38:37.929] [info] #13: Feasible / Total: 90714 / 199291
[2024-06-12 12:40:29.918] [info] #14: Feasible / Total: 119836 / 199291
[2024-06-12 12:41:38.901] [info] #15: Feasible / Total: 146681 / 199291
[2024-06-12 12:41:46.896] [info] #16: Feasible / Total: 150706 / 199291
[2024-06-12 12:41:47.447] [info] #16: Feasible / Total: 150706 / 199291
[2024-06-12 12:41:47.447] [info] Graph is not D-reducible.
[2024-06-12 12:41:47.470] [info] Started C-reducibility check
[2024-06-12 12:42:08.004] [info] Trying 10825124 possible contractions
[2024-06-12 12:42:08.004] [info] [0/10825124] Starting contraction of size 1
[2024-06-12 12:42:13.720] [info] All colors passed! Contracted: 46
[2024-06-12 12:42:13.720] [info] Graph is C-reducible!
