[2023-11-16 13:46:30.528] [info] Kempe type: Toroidal
[2023-11-16 13:46:30.528] [info] Vertex size: 28, Edge size: 48, Ring size: 12
[2023-11-16 13:46:30.887] [info] Started D-reducibility check
[2023-11-16 13:46:30.887] [info] #1: Feasible / Total: 3982 / 22144
[2023-11-16 13:47:07.421] [info] #2: Feasible / Total: 5839 / 22144
[2023-11-16 13:47:17.390] [info] #3: Feasible / Total: 7350 / 22144
[2023-11-16 13:47:27.776] [info] #4: Feasible / Total: 9173 / 22144
[2023-11-16 13:47:39.493] [info] #5: Feasible / Total: 11960 / 22144
[2023-11-16 13:47:48.558] [info] #6: Feasible / Total: 15282 / 22144
[2023-11-16 13:47:51.214] [info] #7: Feasible / Total: 17025 / 22144
[2023-11-16 13:47:51.531] [info] #8: Feasible / Total: 17062 / 22144
[2023-11-16 13:47:51.726] [info] #8: Feasible / Total: 17062 / 22144
[2023-11-16 13:47:51.726] [info] Graph is not D-reducible.
[2023-11-16 13:47:51.729] [info] Started C-reducibility check
[2023-11-16 13:48:28.722] [info] Trying 2640151 possible contractions
[2023-11-16 13:48:28.722] [info] [0/2640151] Starting contraction of size 1
[2023-11-16 13:48:35.666] [info] [36/2640151] Starting contraction of size 2
[2023-11-16 13:50:09.190] [info] [606/2640151] Starting contraction of size 3
[2023-11-16 13:51:16.333] [info] All colors passed! Contracted: 17, 46, 47
[2023-11-16 13:51:16.366] [info] Graph is C-reducible!
