[2023-12-05 15:26:38.708] [info] Kempe type: Toroidal
[2023-12-05 15:26:38.708] [info] Vertex size: 38, Edge size: 64, Ring size: 14
[2023-12-05 15:27:09.752] [info] Started D-reducibility check
[2023-12-05 15:27:09.753] [info] #1: Feasible / Total: 32312 / 199291
[2023-12-05 16:24:12.265] [info] #2: Feasible / Total: 52295 / 199291
[2023-12-05 17:01:09.088] [info] #3: Feasible / Total: 75091 / 199291
[2023-12-05 17:49:16.673] [info] #4: Feasible / Total: 114275 / 199291
[2023-12-05 18:06:29.659] [info] #5: Feasible / Total: 142975 / 199291
[2023-12-05 18:07:52.867] [info] #6: Feasible / Total: 144658 / 199291
[2023-12-05 18:08:13.532] [info] #7: Feasible / Total: 144685 / 199291
[2023-12-05 18:08:31.759] [info] #8: Feasible / Total: 144687 / 199291
[2023-12-05 18:08:49.855] [info] #8: Feasible / Total: 144687 / 199291
[2023-12-05 18:08:49.856] [info] Graph is not D-reducible.
[2023-12-05 18:08:50.345] [info] Started C-reducibility check
[2023-12-06 03:58:12.978] [info] Trying 163321 possible contractions
[2023-12-06 03:58:12.978] [info] [0/163321] Starting contraction of size 1
[2023-12-06 04:29:24.626] [info] [50/163321] Starting contraction of size 2
[2023-12-06 13:47:46.361] [info] [1189/163321] Starting contraction of size 3
[2023-12-09 00:47:12.155] [info] [16881/163321] Starting contraction of size 4
[2023-12-11 03:30:25.967] [info] All colors passed! Contracted: 24, 43, 56, 59
[2023-12-11 03:30:25.967] [info] Graph is C-reducible!
