[2023-11-16 13:46:30.429] [info] Kempe type: Toroidal
[2023-11-16 13:46:30.429] [info] Vertex size: 28, Edge size: 48, Ring size: 12
[2023-11-16 13:46:31.126] [info] Started D-reducibility check
[2023-11-16 13:46:31.162] [info] #1: Feasible / Total: 3894 / 22144
[2023-11-16 13:47:00.645] [info] #2: Feasible / Total: 5746 / 22144
[2023-11-16 13:47:12.448] [info] #3: Feasible / Total: 7000 / 22144
[2023-11-16 13:47:23.138] [info] #4: Feasible / Total: 8607 / 22144
[2023-11-16 13:47:35.782] [info] #5: Feasible / Total: 10697 / 22144
[2023-11-16 13:47:46.144] [info] #6: Feasible / Total: 13266 / 22144
[2023-11-16 13:47:51.392] [info] #7: Feasible / Total: 14842 / 22144
[2023-11-16 13:47:53.024] [info] #8: Feasible / Total: 15231 / 22144
[2023-11-16 13:47:53.503] [info] #9: Feasible / Total: 15272 / 22144
[2023-11-16 13:47:53.792] [info] #10: Feasible / Total: 15274 / 22144
[2023-11-16 13:47:54.078] [info] #10: Feasible / Total: 15274 / 22144
[2023-11-16 13:47:54.078] [info] Graph is not D-reducible.
[2023-11-16 13:47:54.081] [info] Started C-reducibility check
[2023-11-16 13:48:35.101] [info] Trying 2640402 possible contractions
[2023-11-16 13:48:35.102] [info] [0/2640402] Starting contraction of size 1
[2023-11-16 13:48:37.552] [info] All colors passed! Contracted: 19
[2023-11-16 13:48:37.553] [info] Graph is C-reducible!
