[2024-08-07 21:57:39.611] [info] Kempe type: Toroidal
[2024-08-07 21:57:39.611] [info] Vertex size: 31, Edge size: 53, Ring size: 13
[2024-08-07 21:57:40.892] [info] Started D-reducibility check
[2024-08-07 21:57:40.892] [info] #1: Feasible / Total: 10371 / 66430
[2024-08-07 21:58:11.755] [info] #2: Feasible / Total: 14643 / 66430
[2024-08-07 21:58:26.813] [info] #3: Feasible / Total: 18482 / 66430
[2024-08-07 21:58:40.322] [info] #4: Feasible / Total: 23175 / 66430
[2024-08-07 21:58:57.853] [info] #5: Feasible / Total: 29708 / 66430
[2024-08-07 21:59:11.130] [info] #6: Feasible / Total: 36615 / 66430
[2024-08-07 21:59:20.758] [info] #7: Feasible / Total: 41590 / 66430
[2024-08-07 21:59:23.894] [info] #8: Feasible / Total: 42714 / 66430
[2024-08-07 21:59:24.455] [info] #9: Feasible / Total: 42771 / 66430
[2024-08-07 21:59:24.816] [info] #9: Feasible / Total: 42771 / 66430
[2024-08-07 21:59:24.822] [info] Graph is not D-reducible.
[2024-08-07 21:59:24.830] [info] Started C-reducibility check
[2024-08-07 21:59:47.627] [info] Trying 8125587 possible contractions
[2024-08-07 21:59:47.638] [info] [0/8125587] Starting contraction of size 1
[2024-08-07 22:00:02.797] [info] [40/8125587] Starting contraction of size 2
[2024-08-07 22:03:17.160] [info] [753/8125587] Starting contraction of size 3
[2024-08-07 22:07:10.181] [info] All colors passed! Contracted: 16, 44, 49
[2024-08-07 22:07:10.181] [info] Graph is C-reducible!
