[2023-11-16 14:26:43.996] [info] Kempe type: Toroidal
[2023-11-16 14:26:43.996] [info] Vertex size: 33, Edge size: 56, Ring size: 13
[2023-11-16 14:26:48.513] [info] Started D-reducibility check
[2023-11-16 14:26:48.513] [info] #1: Feasible / Total: 10912 / 66430
[2023-11-16 14:28:55.703] [info] #2: Feasible / Total: 15988 / 66430
[2023-11-16 14:29:33.031] [info] #3: Feasible / Total: 19404 / 66430
[2023-11-16 14:29:56.115] [info] #4: Feasible / Total: 21427 / 66430
[2023-11-16 14:30:21.599] [info] #5: Feasible / Total: 23467 / 66430
[2023-11-16 14:31:02.436] [info] #6: Feasible / Total: 26949 / 66430
[2023-11-16 14:31:32.191] [info] #7: Feasible / Total: 30537 / 66430
[2023-11-16 14:31:49.196] [info] #8: Feasible / Total: 33395 / 66430
[2023-11-16 14:31:55.088] [info] #9: Feasible / Total: 34307 / 66430
[2023-11-16 14:31:57.027] [info] #10: Feasible / Total: 34378 / 66430
[2023-11-16 14:31:58.543] [info] #11: Feasible / Total: 34386 / 66430
[2023-11-16 14:31:59.954] [info] #12: Feasible / Total: 34388 / 66430
[2023-11-16 14:32:01.329] [info] #12: Feasible / Total: 34388 / 66430
[2023-11-16 14:32:01.329] [info] Graph is not D-reducible.
[2023-11-16 14:32:01.390] [info] Started C-reducibility check
[2023-11-16 14:41:41.126] [info] Trying 17058757 possible contractions
[2023-11-16 14:41:41.126] [info] [0/17058757] Starting contraction of size 1
[2023-11-16 14:41:42.990] [info] All colors passed! Contracted: 36
[2023-11-16 14:41:42.990] [info] Graph is C-reducible!
