[2024-03-03 20:03:34.110] [info] Kempe type: Toroidal
[2024-03-03 20:03:34.110] [info] Vertex size: 33, Edge size: 56, Ring size: 13
[2024-03-03 20:03:34.596] [info] Started D-reducibility check
[2024-03-03 20:03:34.596] [info] #1: Feasible / Total: 12176 / 66430
[2024-03-03 20:04:01.482] [info] #2: Feasible / Total: 23480 / 66430
[2024-03-03 20:04:13.282] [info] #3: Feasible / Total: 30468 / 66430
[2024-03-03 20:04:22.841] [info] #4: Feasible / Total: 38292 / 66430
[2024-03-03 20:04:30.277] [info] #5: Feasible / Total: 48103 / 66430
[2024-03-03 20:04:31.706] [info] #6: Feasible / Total: 49614 / 66430
[2024-03-03 20:04:31.893] [info] #7: Feasible / Total: 49630 / 66430
[2024-03-03 20:04:32.022] [info] #7: Feasible / Total: 49630 / 66430
[2024-03-03 20:04:32.022] [info] Graph is not D-reducible.
[2024-03-03 20:04:32.029] [info] Started C-reducibility check
[2024-03-03 20:04:59.236] [info] Trying 17119701 possible contractions
[2024-03-03 20:04:59.236] [info] [0/17119701] Starting contraction of size 1
[2024-03-03 20:05:15.326] [info] [43/17119701] Starting contraction of size 2
[2024-03-03 20:09:39.086] [info] [873/17119701] Starting contraction of size 3
[2024-03-03 20:52:14.194] [info] [10406/17119701] Starting contraction of size 4
[2024-03-03 21:21:11.337] [info] All colors passed! Contracted: 14, 36, 39, 41
[2024-03-03 21:21:11.337] [info] Graph is C-reducible!
