[2023-12-05 15:27:05.849] [info] Kempe type: Toroidal
[2023-12-05 15:27:05.849] [info] Vertex size: 41, Edge size: 69, Ring size: 15
[2023-12-05 15:28:02.992] [info] Started D-reducibility check
[2023-12-05 15:28:02.993] [info] #1: Feasible / Total: 84995 / 597871
[2023-12-05 19:29:57.142] [info] #2: Feasible / Total: 130918 / 597871
[2023-12-05 21:42:03.507] [info] #3: Feasible / Total: 175373 / 597871
[2023-12-05 23:37:48.889] [info] #4: Feasible / Total: 214172 / 597871
[2023-12-06 01:16:28.880] [info] #5: Feasible / Total: 248159 / 597871
[2023-12-06 03:04:46.785] [info] #6: Feasible / Total: 293800 / 597871
[2023-12-06 04:13:12.302] [info] #7: Feasible / Total: 338541 / 597871
[2023-12-06 04:21:12.906] [info] #8: Feasible / Total: 346611 / 597871
[2023-12-06 04:22:43.282] [info] #9: Feasible / Total: 346678 / 597871
[2023-12-06 04:24:07.241] [info] #10: Feasible / Total: 346679 / 597871
[2023-12-06 04:25:31.296] [info] #10: Feasible / Total: 346679 / 597871
[2023-12-06 04:25:31.296] [info] Graph is not D-reducible.
[2023-12-06 04:25:32.689] [info] Started C-reducibility check
[2023-12-07 18:41:19.839] [info] Trying 230115 possible contractions
[2023-12-07 18:41:19.839] [info] [0/230115] Starting contraction of size 1
[2023-12-07 19:04:35.801] [info] [54/230115] Starting contraction of size 2
[2023-12-08 02:47:10.266] [info] [1392/230115] Starting contraction of size 3
[2023-12-10 22:15:37.888] [info] [21600/230115] Starting contraction of size 4
[2023-12-14 20:36:12.271] [info] All colors passed! Contracted: 39, 46, 48, 60
[2023-12-14 20:36:12.271] [info] Graph is C-reducible!
