[2023-11-20 13:25:47.665] [info] Kempe type: Toroidal
[2023-11-20 13:25:47.682] [info] Vertex size: 34, Edge size: 58, Ring size: 14
[2023-11-20 13:26:00.947] [info] Started D-reducibility check
[2023-11-20 13:26:00.950] [info] #1: Feasible / Total: 22995 / 199291
[2023-11-20 13:44:56.822] [info] #2: Feasible / Total: 33933 / 199291
[2023-11-20 13:52:43.815] [info] #3: Feasible / Total: 40487 / 199291
[2023-11-20 13:57:25.474] [info] #4: Feasible / Total: 44726 / 199291
[2023-11-20 14:01:39.727] [info] #5: Feasible / Total: 48564 / 199291
[2023-11-20 14:05:57.667] [info] #6: Feasible / Total: 52627 / 199291
[2023-11-20 14:10:55.573] [info] #7: Feasible / Total: 57647 / 199291
[2023-11-20 14:18:13.345] [info] #8: Feasible / Total: 63929 / 199291
[2023-11-20 14:27:18.125] [info] #9: Feasible / Total: 72594 / 199291
[2023-11-20 14:37:27.710] [info] #10: Feasible / Total: 85019 / 199291
[2023-11-20 14:51:41.462] [info] #11: Feasible / Total: 103812 / 199291
[2023-11-20 15:03:31.393] [info] #12: Feasible / Total: 125879 / 199291
[2023-11-20 15:08:30.084] [info] #13: Feasible / Total: 135907 / 199291
[2023-11-20 15:09:21.950] [info] #14: Feasible / Total: 137396 / 199291
[2023-11-20 15:09:29.497] [info] #15: Feasible / Total: 137522 / 199291
[2023-11-20 15:09:33.506] [info] #16: Feasible / Total: 137531 / 199291
[2023-11-20 15:09:36.869] [info] #16: Feasible / Total: 137531 / 199291
[2023-11-20 15:09:36.890] [info] Graph is not D-reducible.
[2023-11-20 15:09:37.212] [info] Started C-reducibility check
[2023-11-20 15:39:47.951] [info] Trying 22225808 possible contractions
[2023-11-20 15:39:47.954] [info] [0/22225808] Starting contraction of size 1
[2023-11-20 15:42:21.142] [info] [44/22225808] Starting contraction of size 2
[2023-11-20 16:29:24.042] [info] [916/22225808] Starting contraction of size 3
[2023-11-21 00:19:05.917] [info] [11236/22225808] Starting contraction of size 4
[2023-11-21 17:27:02.106] [info] All colors passed! Contracted: 16, 18, 25, 52
[2023-11-21 17:27:02.166] [info] Graph is C-reducible!
