[2024-10-19 12:34:45.978] [info] Kempe type: Toroidal
[2024-10-19 12:34:45.978] [info] Vertex size: 37, Edge size: 63, Ring size: 15
[2024-10-19 12:35:16.279] [info] Started D-reducibility check
[2024-10-19 12:35:16.279] [info] #1: Feasible / Total: 68977 / 597871
[2024-10-19 13:35:05.994] [info] #2: Feasible / Total: 96604 / 597871
[2024-10-19 14:10:13.220] [info] #3: Feasible / Total: 115449 / 597871
[2024-10-19 14:32:04.855] [info] #4: Feasible / Total: 137104 / 597871
[2024-10-19 15:08:43.799] [info] #5: Feasible / Total: 169376 / 597871
[2024-10-19 16:37:10.418] [info] #6: Feasible / Total: 225840 / 597871
[2024-10-19 17:52:34.337] [info] #7: Feasible / Total: 333769 / 597871
[2024-10-19 18:49:55.293] [info] #8: Feasible / Total: 495917 / 597871
[2024-10-19 18:57:50.038] [info] #9: Feasible / Total: 552192 / 597871
[2024-10-19 18:57:53.840] [info] #10: Feasible / Total: 552223 / 597871
[2024-10-19 18:57:56.002] [info] #10: Feasible / Total: 552223 / 597871
[2024-10-19 18:57:56.003] [info] Graph is not D-reducible.
[2024-10-19 18:57:56.409] [info] Started C-reducibility check
[2024-10-19 18:58:29.180] [info] Trying 4609410 possible contractions
[2024-10-19 18:58:29.180] [info] [0/4609410] Starting contraction of size 1
[2024-10-19 19:02:07.912] [info] All colors passed! Contracted: 29
[2024-10-19 19:02:07.912] [info] Graph is C-reducible!
