[2024-10-19 13:09:40.510] [info] Kempe type: Toroidal
[2024-10-19 13:09:40.510] [info] Vertex size: 34, Edge size: 58, Ring size: 14
[2024-10-19 13:09:47.860] [info] Started D-reducibility check
[2024-10-19 13:09:47.860] [info] #1: Feasible / Total: 25338 / 199291
[2024-10-19 13:24:59.321] [info] #2: Feasible / Total: 36886 / 199291
[2024-10-19 13:30:45.056] [info] #3: Feasible / Total: 44463 / 199291
[2024-10-19 13:36:38.023] [info] #4: Feasible / Total: 53829 / 199291
[2024-10-19 13:42:06.306] [info] #5: Feasible / Total: 65684 / 199291
[2024-10-19 13:46:27.414] [info] #6: Feasible / Total: 77921 / 199291
[2024-10-19 13:51:10.810] [info] #7: Feasible / Total: 90817 / 199291
[2024-10-19 13:56:25.404] [info] #8: Feasible / Total: 107981 / 199291
[2024-10-19 13:59:24.425] [info] #9: Feasible / Total: 120111 / 199291
[2024-10-19 13:59:45.498] [info] #10: Feasible / Total: 121460 / 199291
[2024-10-19 13:59:51.126] [info] #11: Feasible / Total: 121472 / 199291
[2024-10-19 13:59:56.349] [info] #11: Feasible / Total: 121472 / 199291
[2024-10-19 13:59:56.356] [info] Graph is not D-reducible.
[2024-10-19 13:59:56.476] [info] Started C-reducibility check
[2024-10-19 14:00:23.007] [info] Trying 2432218 possible contractions
[2024-10-19 14:00:23.048] [info] [0/2432218] Starting contraction of size 1
[2024-10-19 14:00:35.918] [info] All colors passed! Contracted: 31
[2024-10-19 14:00:35.918] [info] Graph is C-reducible!
