[2024-02-20 17:47:09.369] [info] Kempe type: Toroidal
[2024-02-20 17:47:09.369] [info] Vertex size: 36, Edge size: 61, Ring size: 14
[2024-02-20 17:47:10.426] [info] Started D-reducibility check
[2024-02-20 17:47:10.426] [info] #1: Feasible / Total: 28629 / 199291
[2024-02-20 17:48:49.587] [info] #2: Feasible / Total: 44600 / 199291
[2024-02-20 17:49:57.404] [info] #3: Feasible / Total: 61999 / 199291
[2024-02-20 17:51:32.682] [info] #4: Feasible / Total: 88639 / 199291
[2024-02-20 17:53:24.686] [info] #5: Feasible / Total: 131249 / 199291
[2024-02-20 17:53:59.918] [info] #6: Feasible / Total: 161965 / 199291
[2024-02-20 17:54:01.225] [info] #7: Feasible / Total: 163098 / 199291
[2024-02-20 17:54:01.567] [info] #8: Feasible / Total: 163099 / 199291
[2024-02-20 17:54:01.907] [info] #8: Feasible / Total: 163099 / 199291
[2024-02-20 17:54:01.907] [info] Graph is not D-reducible.
[2024-02-20 17:54:01.933] [info] Started C-reducibility check
[2024-02-20 17:55:11.104] [info] Trying 43838139 possible contractions
[2024-02-20 17:55:11.104] [info] [0/43838139] Starting contraction of size 1
[2024-02-20 17:55:52.276] [info] [47/43838139] Starting contraction of size 2
[2024-02-20 18:07:57.608] [info] [1048/43838139] Starting contraction of size 3
[2024-02-20 18:29:04.878] [info] All colors passed! Contracted: 14, 45, 54
[2024-02-20 18:29:04.879] [info] Graph is C-reducible!
