[2024-10-19 14:57:15.902] [info] Kempe type: Toroidal
[2024-10-19 14:57:15.902] [info] Vertex size: 28, Edge size: 48, Ring size: 12
[2024-10-19 14:57:16.370] [info] Started D-reducibility check
[2024-10-19 14:57:16.370] [info] #1: Feasible / Total: 3910 / 22144
[2024-10-19 14:57:53.790] [info] #2: Feasible / Total: 4992 / 22144
[2024-10-19 14:58:11.604] [info] #3: Feasible / Total: 5840 / 22144
[2024-10-19 14:58:27.963] [info] #4: Feasible / Total: 6883 / 22144
[2024-10-19 14:58:45.899] [info] #5: Feasible / Total: 8374 / 22144
[2024-10-19 14:59:15.616] [info] #6: Feasible / Total: 11429 / 22144
[2024-10-19 14:59:42.155] [info] #7: Feasible / Total: 16154 / 22144
[2024-10-19 14:59:47.974] [info] #8: Feasible / Total: 18138 / 22144
[2024-10-19 14:59:48.513] [info] #9: Feasible / Total: 18162 / 22144
[2024-10-19 14:59:48.792] [info] #9: Feasible / Total: 18162 / 22144
[2024-10-19 14:59:48.792] [info] Graph is not D-reducible.
[2024-10-19 14:59:48.795] [info] Started C-reducibility check
[2024-10-19 14:59:59.221] [info] Trying 542468 possible contractions
[2024-10-19 14:59:59.221] [info] [0/542468] Starting contraction of size 1
[2024-10-19 15:00:17.814] [info] [36/542468] Starting contraction of size 2
[2024-10-19 15:04:55.290] [info] [606/542468] Starting contraction of size 3
[2024-10-19 15:06:23.729] [info] All colors passed! Contracted: 28, 30, 47
[2024-10-19 15:06:23.729] [info] Graph is C-reducible!
