[2023-11-20 13:25:48.404] [info] Kempe type: Toroidal
[2023-11-20 13:25:48.509] [info] Vertex size: 31, Edge size: 53, Ring size: 13
[2023-11-20 13:25:59.603] [info] Started D-reducibility check
[2023-11-20 13:25:59.606] [info] #1: Feasible / Total: 10109 / 66430
[2023-11-20 13:28:47.026] [info] #2: Feasible / Total: 13612 / 66430
[2023-11-20 13:30:11.296] [info] #3: Feasible / Total: 17054 / 66430
[2023-11-20 13:31:56.288] [info] #4: Feasible / Total: 21686 / 66430
[2023-11-20 13:34:07.858] [info] #5: Feasible / Total: 28394 / 66430
[2023-11-20 13:36:49.690] [info] #6: Feasible / Total: 40424 / 66430
[2023-11-20 13:38:05.801] [info] #7: Feasible / Total: 53459 / 66430
[2023-11-20 13:38:15.083] [info] #8: Feasible / Total: 55296 / 66430
[2023-11-20 13:38:16.044] [info] #9: Feasible / Total: 55305 / 66430
[2023-11-20 13:38:16.684] [info] #9: Feasible / Total: 55305 / 66430
[2023-11-20 13:38:16.684] [info] Graph is not D-reducible.
[2023-11-20 13:38:16.749] [info] Started C-reducibility check
[2023-11-20 13:42:17.681] [info] Trying 8096333 possible contractions
[2023-11-20 13:42:17.693] [info] [0/8096333] Starting contraction of size 1
[2023-11-20 13:43:11.878] [info] [40/8096333] Starting contraction of size 2
[2023-11-20 13:54:34.532] [info] [753/8096333] Starting contraction of size 3
[2023-11-20 13:56:08.083] [info] All colors passed! Contracted: 16, 44, 50
[2023-11-20 13:56:08.110] [info] Graph is C-reducible!
