[2024-06-13 17:18:33.548] [info] Kempe type: Toroidal
[2024-06-13 17:18:33.548] [info] Vertex size: 36, Edge size: 61, Ring size: 14
[2024-06-13 17:18:35.988] [info] Started D-reducibility check
[2024-06-13 17:18:35.988] [info] #1: Feasible / Total: 25864 / 199291
[2024-06-13 17:21:51.808] [info] #2: Feasible / Total: 36387 / 199291
[2024-06-13 17:23:12.938] [info] #3: Feasible / Total: 44584 / 199291
[2024-06-13 17:24:09.406] [info] #4: Feasible / Total: 53004 / 199291
[2024-06-13 17:24:54.599] [info] #5: Feasible / Total: 61592 / 199291
[2024-06-13 17:25:39.016] [info] #6: Feasible / Total: 69838 / 199291
[2024-06-13 17:26:48.408] [info] #7: Feasible / Total: 80428 / 199291
[2024-06-13 17:28:21.050] [info] #8: Feasible / Total: 97253 / 199291
[2024-06-13 17:29:56.258] [info] #9: Feasible / Total: 127262 / 199291
[2024-06-13 17:30:25.436] [info] #10: Feasible / Total: 147213 / 199291
[2024-06-13 17:30:26.579] [info] #11: Feasible / Total: 147925 / 199291
[2024-06-13 17:30:27.119] [info] #11: Feasible / Total: 147925 / 199291
[2024-06-13 17:30:27.119] [info] Graph is not D-reducible.
[2024-06-13 17:30:27.141] [info] Started C-reducibility check
[2024-06-13 17:32:10.649] [info] Trying 43706556 possible contractions
[2024-06-13 17:32:10.649] [info] [0/43706556] Starting contraction of size 1
[2024-06-13 17:32:11.361] [info] All colors passed! Contracted: 27
[2024-06-13 17:32:11.361] [info] Graph is C-reducible!
