[2023-11-16 15:21:25.404] [info] Kempe type: Toroidal
[2023-11-16 15:21:25.404] [info] Vertex size: 34, Edge size: 58, Ring size: 14
[2023-11-16 15:21:37.481] [info] Started D-reducibility check
[2023-11-16 15:21:37.481] [info] #1: Feasible / Total: 24399 / 199291
[2023-11-16 15:39:42.469] [info] #2: Feasible / Total: 40677 / 199291
[2023-11-16 15:49:03.070] [info] #3: Feasible / Total: 56492 / 199291
[2023-11-16 15:59:04.536] [info] #4: Feasible / Total: 76531 / 199291
[2023-11-16 16:10:33.730] [info] #5: Feasible / Total: 102531 / 199291
[2023-11-16 16:20:06.063] [info] #6: Feasible / Total: 142763 / 199291
[2023-11-16 16:22:57.386] [info] #7: Feasible / Total: 165894 / 199291
[2023-11-16 16:23:14.939] [info] #8: Feasible / Total: 168227 / 199291
[2023-11-16 16:23:17.869] [info] #9: Feasible / Total: 168264 / 199291
[2023-11-16 16:23:19.787] [info] #9: Feasible / Total: 168264 / 199291
[2023-11-16 16:23:19.806] [info] Graph is not D-reducible.
[2023-11-16 16:23:19.933] [info] Started C-reducibility check
[2023-11-16 16:39:07.080] [info] Trying 22310741 possible contractions
[2023-11-16 16:39:07.080] [info] [0/22310741] Starting contraction of size 1
[2023-11-16 16:42:38.346] [info] [44/22310741] Starting contraction of size 2
[2023-11-16 17:34:38.146] [info] [916/22310741] Starting contraction of size 3
[2023-11-16 21:06:56.788] [info] All colors passed! Contracted: 21, 36, 56
[2023-11-16 21:06:56.794] [info] Graph is C-reducible!
