[2023-11-16 13:46:30.504] [info] Kempe type: Toroidal
[2023-11-16 13:46:30.504] [info] Vertex size: 30, Edge size: 51, Ring size: 12
[2023-11-16 13:46:31.671] [info] Started D-reducibility check
[2023-11-16 13:46:31.671] [info] #1: Feasible / Total: 4779 / 22144
[2023-11-16 13:47:03.128] [info] #2: Feasible / Total: 6426 / 22144
[2023-11-16 13:47:10.989] [info] #3: Feasible / Total: 7652 / 22144
[2023-11-16 13:47:15.698] [info] #4: Feasible / Total: 8488 / 22144
[2023-11-16 13:47:18.530] [info] #5: Feasible / Total: 8841 / 22144
[2023-11-16 13:47:21.224] [info] #6: Feasible / Total: 9213 / 22144
[2023-11-16 13:47:24.467] [info] #7: Feasible / Total: 9862 / 22144
[2023-11-16 13:47:29.146] [info] #8: Feasible / Total: 10407 / 22144
[2023-11-16 13:47:34.617] [info] #9: Feasible / Total: 11277 / 22144
[2023-11-16 13:47:43.701] [info] #10: Feasible / Total: 14585 / 22144
[2023-11-16 13:47:48.212] [info] #11: Feasible / Total: 17651 / 22144
[2023-11-16 13:47:48.438] [info] #12: Feasible / Total: 17776 / 22144
[2023-11-16 13:47:48.593] [info] #12: Feasible / Total: 17776 / 22144
[2023-11-16 13:47:48.593] [info] Graph is not D-reducible.
[2023-11-16 13:47:48.596] [info] Started C-reducibility check
[2023-11-16 13:49:51.466] [info] Trying 6046945 possible contractions
[2023-11-16 13:49:51.466] [info] [0/6046945] Starting contraction of size 1
[2023-11-16 13:49:53.351] [info] All colors passed! Contracted: 25
[2023-11-16 13:49:53.385] [info] Graph is C-reducible!
