[2024-02-26 16:58:15.424] [info] Kempe type: Toroidal
[2024-02-26 16:58:15.424] [info] Vertex size: 37, Edge size: 62, Ring size: 13
[2024-02-26 16:58:20.560] [info] Started D-reducibility check
[2024-02-26 16:58:20.560] [info] #1: Feasible / Total: 13985 / 66430
[2024-02-26 16:59:11.228] [info] #2: Feasible / Total: 22363 / 66430
[2024-02-26 16:59:31.924] [info] #3: Feasible / Total: 28535 / 66430
[2024-02-26 16:59:41.327] [info] #4: Feasible / Total: 31316 / 66430
[2024-02-26 16:59:49.399] [info] #5: Feasible / Total: 33622 / 66430
[2024-02-26 16:59:59.637] [info] #6: Feasible / Total: 37707 / 66430
[2024-02-26 17:00:13.832] [info] #7: Feasible / Total: 44554 / 66430
[2024-02-26 17:00:19.955] [info] #8: Feasible / Total: 48481 / 66430
[2024-02-26 17:00:24.559] [info] #9: Feasible / Total: 52098 / 66430
[2024-02-26 17:00:26.711] [info] #10: Feasible / Total: 53894 / 66430
[2024-02-26 17:00:26.961] [info] #11: Feasible / Total: 53914 / 66430
[2024-02-26 17:00:27.144] [info] #11: Feasible / Total: 53914 / 66430
[2024-02-26 17:00:27.144] [info] Graph is not D-reducible.
[2024-02-26 17:00:27.152] [info] Started C-reducibility check
[2024-02-26 17:04:12.950] [info] Trying 64984151 possible contractions
[2024-02-26 17:04:12.950] [info] [0/64984151] Starting contraction of size 1
[2024-02-26 17:04:16.115] [info] All colors passed! Contracted: 13
[2024-02-26 17:04:16.126] [info] Graph is C-reducible!
