[2023-12-05 15:25:37.285] [info] Kempe type: Toroidal
[2023-12-05 15:25:37.285] [info] Vertex size: 37, Edge size: 63, Ring size: 15
[2023-12-05 15:26:25.846] [info] Started D-reducibility check
[2023-12-05 15:26:25.846] [info] #1: Feasible / Total: 62400 / 597871
[2023-12-05 19:35:50.300] [info] #2: Feasible / Total: 102277 / 597871
[2023-12-05 21:29:48.815] [info] #3: Feasible / Total: 130755 / 597871
[2023-12-05 23:16:05.460] [info] #4: Feasible / Total: 161197 / 597871
[2023-12-06 01:05:04.667] [info] #5: Feasible / Total: 196730 / 597871
[2023-12-06 02:55:52.600] [info] #6: Feasible / Total: 233413 / 597871
[2023-12-06 04:39:42.768] [info] #7: Feasible / Total: 272857 / 597871
[2023-12-06 06:11:13.121] [info] #8: Feasible / Total: 320341 / 597871
[2023-12-06 06:38:11.550] [info] #9: Feasible / Total: 348892 / 597871
[2023-12-06 06:41:03.162] [info] #10: Feasible / Total: 352060 / 597871
[2023-12-06 06:42:38.479] [info] #11: Feasible / Total: 352063 / 597871
[2023-12-06 06:44:13.486] [info] #11: Feasible / Total: 352063 / 597871
[2023-12-06 06:44:13.486] [info] Graph is not D-reducible.
[2023-12-06 06:44:14.947] [info] Started C-reducibility check
[2023-12-06 10:41:56.171] [info] Trying 137218 possible contractions
[2023-12-06 10:41:56.171] [info] [0/137218] Starting contraction of size 1
[2023-12-06 11:47:10.927] [info] [48/137218] Starting contraction of size 2
[2023-12-07 03:31:30.074] [info] [1095/137218] Starting contraction of size 3
[2023-12-09 08:17:42.216] [info] All colors passed! Contracted: 32, 47, 50
[2023-12-09 08:17:42.216] [info] Graph is C-reducible!
