[2024-07-10 14:47:27.523] [info] Kempe type: Toroidal
[2024-07-10 14:47:27.523] [info] Vertex size: 43, Edge size: 73, Ring size: 17
[2024-07-10 14:48:28.497] [info] Started D-reducibility check
[2024-07-10 14:48:28.497] [info] #1: Feasible / Total: 430911 / 5380840
[2024-07-11 02:24:47.875] [info] #2: Feasible / Total: 699051 / 5380840
[2024-07-11 09:22:56.377] [info] #3: Feasible / Total: 886270 / 5380840
[2024-07-11 16:51:48.114] [info] #4: Feasible / Total: 1067888 / 5380840
[2024-07-12 02:00:43.014] [info] #5: Feasible / Total: 1316228 / 5380840
[2024-07-12 14:33:29.639] [info] #6: Feasible / Total: 1726278 / 5380840
[2024-07-13 08:41:24.211] [info] #7: Feasible / Total: 2442485 / 5380840
[2024-07-14 08:33:16.308] [info] #8: Feasible / Total: 3731529 / 5380840
[2024-07-14 18:55:22.730] [info] #9: Feasible / Total: 4930455 / 5380840
[2024-07-14 19:23:31.834] [info] #10: Feasible / Total: 5028166 / 5380840
[2024-07-14 19:23:47.590] [info] #10: Feasible / Total: 5028166 / 5380840
[2024-07-14 19:23:47.590] [info] Graph is not D-reducible.
[2024-07-14 19:23:49.344] [info] Started C-reducibility check
[2024-07-14 19:31:31.557] [info] Trying 270716308 possible contractions
[2024-07-14 19:31:31.557] [info] [0/270716308] Starting contraction of size 1
[2024-07-14 19:37:39.580] [info] All colors passed! Contracted: 20
[2024-07-14 19:37:39.580] [info] Graph is C-reducible!
