[2023-11-19 22:11:34.213] [info] Kempe type: Toroidal
[2023-11-19 22:11:34.218] [info] Vertex size: 34, Edge size: 58, Ring size: 14
[2023-11-19 22:11:44.359] [info] Started D-reducibility check
[2023-11-19 22:11:44.360] [info] #1: Feasible / Total: 25623 / 199291
[2023-11-19 22:30:32.347] [info] #2: Feasible / Total: 37105 / 199291
[2023-11-19 22:38:17.496] [info] #3: Feasible / Total: 44155 / 199291
[2023-11-19 22:43:59.568] [info] #4: Feasible / Total: 49654 / 199291
[2023-11-19 22:50:52.815] [info] #5: Feasible / Total: 55605 / 199291
[2023-11-19 23:00:12.363] [info] #6: Feasible / Total: 64043 / 199291
[2023-11-19 23:11:11.763] [info] #7: Feasible / Total: 75097 / 199291
[2023-11-19 23:26:29.334] [info] #8: Feasible / Total: 94072 / 199291
[2023-11-19 23:43:24.620] [info] #9: Feasible / Total: 125743 / 199291
[2023-11-19 23:53:39.684] [info] #10: Feasible / Total: 160120 / 199291
[2023-11-19 23:55:00.013] [info] #11: Feasible / Total: 171945 / 199291
[2023-11-19 23:55:03.799] [info] #12: Feasible / Total: 171961 / 199291
[2023-11-19 23:55:07.312] [info] #12: Feasible / Total: 171961 / 199291
[2023-11-19 23:55:07.312] [info] Graph is not D-reducible.
[2023-11-19 23:55:07.637] [info] Started C-reducibility check
[2023-11-20 00:24:01.921] [info] Trying 22390591 possible contractions
[2023-11-20 00:24:01.942] [info] [0/22390591] Starting contraction of size 1
[2023-11-20 00:24:20.228] [info] All colors passed! Contracted: 26
[2023-11-20 00:24:20.229] [info] Graph is C-reducible!
