[2023-11-17 00:34:17.074] [info] Kempe type: Toroidal
[2023-11-17 00:34:17.106] [info] Vertex size: 32, Edge size: 55, Ring size: 14
[2023-11-17 00:34:37.178] [info] Started D-reducibility check
[2023-11-17 00:34:37.414] [info] #1: Feasible / Total: 22458 / 199291
[2023-11-17 01:17:22.162] [info] #2: Feasible / Total: 29078 / 199291
[2023-11-17 01:28:21.696] [info] #3: Feasible / Total: 31661 / 199291
[2023-11-17 01:33:00.138] [info] #4: Feasible / Total: 32931 / 199291
[2023-11-17 01:36:33.090] [info] #5: Feasible / Total: 33621 / 199291
[2023-11-17 01:39:12.286] [info] #6: Feasible / Total: 34145 / 199291
[2023-11-17 01:42:05.663] [info] #7: Feasible / Total: 34600 / 199291
[2023-11-17 01:44:51.532] [info] #8: Feasible / Total: 35107 / 199291
[2023-11-17 01:47:11.005] [info] #9: Feasible / Total: 35575 / 199291
[2023-11-17 01:49:10.675] [info] #10: Feasible / Total: 36004 / 199291
[2023-11-17 01:50:51.482] [info] #11: Feasible / Total: 36388 / 199291
[2023-11-17 01:52:21.029] [info] #12: Feasible / Total: 36729 / 199291
[2023-11-17 01:54:06.407] [info] #13: Feasible / Total: 37098 / 199291
[2023-11-17 01:55:50.795] [info] #14: Feasible / Total: 37529 / 199291
[2023-11-17 01:57:51.171] [info] #15: Feasible / Total: 38072 / 199291
[2023-11-17 01:59:46.816] [info] #16: Feasible / Total: 38605 / 199291
[2023-11-17 02:02:00.958] [info] #17: Feasible / Total: 39148 / 199291
[2023-11-17 02:04:48.168] [info] #18: Feasible / Total: 39737 / 199291
[2023-11-17 02:07:59.607] [info] #19: Feasible / Total: 40517 / 199291
[2023-11-17 02:11:34.980] [info] #20: Feasible / Total: 41416 / 199291
[2023-11-17 02:15:01.442] [info] #21: Feasible / Total: 42483 / 199291
[2023-11-17 02:18:54.422] [info] #22: Feasible / Total: 43836 / 199291
[2023-11-17 02:22:19.691] [info] #23: Feasible / Total: 45537 / 199291
[2023-11-17 02:26:32.298] [info] #24: Feasible / Total: 47474 / 199291
[2023-11-17 02:31:25.252] [info] #25: Feasible / Total: 49897 / 199291
[2023-11-17 02:38:25.296] [info] #26: Feasible / Total: 53565 / 199291
[2023-11-17 02:46:27.529] [info] #27: Feasible / Total: 58122 / 199291
[2023-11-17 02:56:14.486] [info] #28: Feasible / Total: 63776 / 199291
[2023-11-17 03:07:45.134] [info] #29: Feasible / Total: 71860 / 199291
[2023-11-17 03:19:10.769] [info] #30: Feasible / Total: 81377 / 199291
[2023-11-17 03:27:53.890] [info] #31: Feasible / Total: 88417 / 199291
[2023-11-17 03:34:37.277] [info] #32: Feasible / Total: 92783 / 199291
[2023-11-17 03:41:21.112] [info] #33: Feasible / Total: 97156 / 199291
[2023-11-17 03:50:15.474] [info] #34: Feasible / Total: 102580 / 199291
[2023-11-17 04:04:15.501] [info] #35: Feasible / Total: 112682 / 199291
[2023-11-17 04:18:23.445] [info] #36: Feasible / Total: 128707 / 199291
[2023-11-17 04:28:03.121] [info] #37: Feasible / Total: 141172 / 199291
[2023-11-17 04:31:36.113] [info] #38: Feasible / Total: 144835 / 199291
[2023-11-17 04:32:07.427] [info] #39: Feasible / Total: 145159 / 199291
[2023-11-17 04:32:22.955] [info] #40: Feasible / Total: 145165 / 199291
[2023-11-17 04:32:37.698] [info] #40: Feasible / Total: 145165 / 199291
[2023-11-17 04:32:37.698] [info] Graph is not D-reducible.
[2023-11-17 04:32:38.231] [info] Started C-reducibility check
[2023-11-17 04:46:18.550] [info] Trying 10910764 possible contractions
[2023-11-17 04:46:18.554] [info] [0/10910764] Starting contraction of size 1
[2023-11-17 04:49:58.142] [info] All colors passed! Contracted: 22
[2023-11-17 04:49:58.210] [info] Graph is C-reducible!
