[2023-12-05 15:25:41.225] [info] Kempe type: Toroidal
[2023-12-05 15:25:41.225] [info] Vertex size: 37, Edge size: 63, Ring size: 15
[2023-12-05 15:26:05.357] [info] Started D-reducibility check
[2023-12-05 15:26:05.357] [info] #1: Feasible / Total: 62988 / 597871
[2023-12-05 18:24:39.424] [info] #2: Feasible / Total: 90588 / 597871
[2023-12-05 19:49:30.411] [info] #3: Feasible / Total: 107171 / 597871
[2023-12-05 21:00:20.861] [info] #4: Feasible / Total: 123632 / 597871
[2023-12-05 22:12:23.437] [info] #5: Feasible / Total: 143365 / 597871
[2023-12-05 23:43:34.109] [info] #6: Feasible / Total: 172374 / 597871
[2023-12-06 01:56:18.485] [info] #7: Feasible / Total: 219996 / 597871
[2023-12-06 04:52:30.390] [info] #8: Feasible / Total: 301484 / 597871
[2023-12-06 06:45:50.084] [info] #9: Feasible / Total: 394502 / 597871
[2023-12-06 06:56:10.575] [info] #10: Feasible / Total: 407397 / 597871
[2023-12-06 06:57:20.382] [info] #11: Feasible / Total: 407416 / 597871
[2023-12-06 06:58:29.794] [info] #11: Feasible / Total: 407416 / 597871
[2023-12-06 06:58:29.794] [info] Graph is not D-reducible.
[2023-12-06 06:58:31.255] [info] Started C-reducibility check
[2023-12-06 10:26:45.929] [info] Trying 137253 possible contractions
[2023-12-06 10:26:45.929] [info] [0/137253] Starting contraction of size 1
[2023-12-06 10:59:39.871] [info] [48/137253] Starting contraction of size 2
[2023-12-06 20:14:22.871] [info] [1095/137253] Starting contraction of size 3
[2023-12-07 03:01:55.664] [info] All colors passed! Contracted: 31, 39, 50
[2023-12-07 03:01:55.664] [info] Graph is C-reducible!
