[2025-03-06 15:45:21.825] [info] Kempe type: Toroidal
[2025-03-06 15:45:21.825] [info] Vertex size: 12, Edge size: 21, Ring size: 6
[2025-03-06 15:45:21.825] [info] Started D-reducibility check
[2025-03-06 15:45:21.825] [info] #1: Feasible / Total: 16 / 31
[2025-03-06 15:45:21.825] [info] #2: Feasible / Total: 17 / 31
[2025-03-06 15:45:21.826] [info] #2: Feasible / Total: 17 / 31
[2025-03-06 15:45:21.826] [info] Graph is not D-reducible.
[2025-03-06 15:45:21.826] [info] Started C-reducibility check
[2025-03-06 15:45:21.826] [info] Trying 849 possible contractions
[2025-03-06 15:45:21.826] [info] [0/849] Starting contraction of size 1
[2025-03-06 15:45:21.827] [info] [15/849] Starting contraction of size 2
[2025-03-06 15:45:21.829] [info] [96/849] Starting contraction of size 3
[2025-03-06 15:45:21.833] [info] [295/849] Starting contraction of size 4
[2025-03-06 15:45:21.838] [info] [536/849] Starting contraction of size 5
[2025-03-06 15:45:21.846] [info] [706/849] Starting contraction of size 6
[2025-03-06 15:45:21.847] [info] All colors passed! Contracted: 7, 8, 11, 13, 16, 19
[2025-03-06 15:45:21.847] [info] All colors passed! Contracted: 6, 8, 10, 11, 15, 17
[2025-03-06 15:45:21.848] [info] [800/849] Starting contraction of size 7
[2025-03-06 15:45:21.849] [info] [829/849] Starting contraction of size 8
[2025-03-06 15:45:21.849] [info] [841/849] Starting contraction of size 9
[2025-03-06 15:45:21.849] [info] [847/849] Starting contraction of size 10
[2025-03-06 15:45:21.849] [info] Graph is C-reducible!
