[2024-11-03 12:21:02.420] [info] Kempe type: Toroidal
[2024-11-03 12:21:02.421] [info] Vertex size: 31, Edge size: 53, Ring size: 13
[2024-11-03 12:21:02.566] [info] Started D-reducibility check
[2024-11-03 12:21:02.566] [info] #1: Feasible / Total: 9114 / 66430
[2024-11-03 12:21:13.867] [info] #2: Feasible / Total: 12673 / 66430
[2024-11-03 12:21:17.834] [info] #3: Feasible / Total: 14344 / 66430
[2024-11-03 12:21:19.723] [info] #4: Feasible / Total: 15069 / 66430
[2024-11-03 12:21:20.650] [info] #5: Feasible / Total: 15396 / 66430
[2024-11-03 12:21:21.203] [info] #6: Feasible / Total: 15568 / 66430
[2024-11-03 12:21:21.768] [info] #7: Feasible / Total: 15709 / 66430
[2024-11-03 12:21:22.269] [info] #8: Feasible / Total: 15767 / 66430
[2024-11-03 12:21:22.676] [info] #9: Feasible / Total: 15813 / 66430
[2024-11-03 12:21:23.108] [info] #10: Feasible / Total: 15863 / 66430
[2024-11-03 12:21:23.657] [info] #11: Feasible / Total: 15926 / 66430
[2024-11-03 12:21:24.098] [info] #12: Feasible / Total: 16011 / 66430
[2024-11-03 12:21:24.539] [info] #13: Feasible / Total: 16092 / 66430
[2024-11-03 12:21:25.041] [info] #14: Feasible / Total: 16156 / 66430
[2024-11-03 12:21:25.597] [info] #15: Feasible / Total: 16241 / 66430
[2024-11-03 12:21:26.139] [info] #16: Feasible / Total: 16333 / 66430
[2024-11-03 12:21:26.594] [info] #17: Feasible / Total: 16453 / 66430
[2024-11-03 12:21:27.187] [info] #18: Feasible / Total: 16600 / 66430
[2024-11-03 12:21:28.010] [info] #19: Feasible / Total: 16811 / 66430
[2024-11-03 12:21:28.782] [info] #20: Feasible / Total: 17093 / 66430
[2024-11-03 12:21:29.711] [info] #21: Feasible / Total: 17416 / 66430
[2024-11-03 12:21:30.546] [info] #22: Feasible / Total: 17723 / 66430
[2024-11-03 12:21:31.647] [info] #23: Feasible / Total: 18186 / 66430
[2024-11-03 12:21:33.377] [info] #24: Feasible / Total: 18821 / 66430
[2024-11-03 12:21:35.371] [info] #25: Feasible / Total: 19970 / 66430
[2024-11-03 12:21:37.917] [info] #26: Feasible / Total: 21979 / 66430
[2024-11-03 12:21:41.767] [info] #27: Feasible / Total: 25025 / 66430
[2024-11-03 12:21:49.238] [info] #28: Feasible / Total: 31241 / 66430
[2024-11-03 12:22:03.093] [info] #29: Feasible / Total: 46371 / 66430
[2024-11-03 12:22:11.291] [info] #30: Feasible / Total: 65084 / 66430
[2024-11-03 12:22:11.519] [info] #31: Feasible / Total: 66430 / 66430
[2024-11-03 12:22:11.519] [info] Graph is D-reducible!
